
****** Vitis HLS - High-Level Synthesis from C, C++ and OpenCL v2023.1 (64-bit)
  **** SW Build 3854077 on May  4 2023
  **** IP Build 3864474 on Sun May  7 20:36:21 MDT 2023
  **** SharedData Build 3865790 on Sun May 07 13:33:03 MDT 2023
    ** Copyright 1986-2022 Xilinx, Inc. All Rights Reserved.
    ** Copyright 2022-2023 Advanced Micro Devices, Inc. All Rights Reserved.

source /tools/Xilinx/Vitis_HLS/2023.1/scripts/vitis_hls/hls.tcl -notrace
INFO: [HLS 200-10] Running '/tools/Xilinx/Vitis_HLS/2023.1/bin/unwrapped/lnx64.o/vitis_hls'
INFO: [HLS 200-10] For user 'coder' on host 'coder-hftsoi-hls3' (Linux_x86_64 version 5.15.0-140-generic) on Sun Jul 20 03:51:46 UTC 2025
INFO: [HLS 200-10] On os Ubuntu 20.04.6 LTS
INFO: [HLS 200-10] In directory '/home/coder/sparse-pixels/hls_proj/scaling/16b/reduction/reduction-in400/reduction-in400-out5'
Sourcing Tcl script 'build_prj.tcl'
INFO: [HLS 200-1510] Running: open_project -reset hls_dummy_prj 
INFO: [HLS 200-10] Creating and opening project '/home/coder/sparse-pixels/hls_proj/scaling/16b/reduction/reduction-in400/reduction-in400-out5/hls_dummy_prj'.
INFO: [HLS 200-1510] Running: set_top hls_dummy 
INFO: [HLS 200-1510] Running: add_files firmware/hls_dummy.cpp -cflags -std=c++0x 
INFO: [HLS 200-10] Adding design file 'firmware/hls_dummy.cpp' to the project
INFO: [HLS 200-1510] Running: add_files -tb hls_dummy_test.cpp -cflags -std=c++0x 
INFO: [HLS 200-10] Adding test bench file 'hls_dummy_test.cpp' to the project
INFO: [HLS 200-1510] Running: add_files -tb firmware/weights 
INFO: [HLS 200-10] Adding test bench file 'firmware/weights' to the project
INFO: [HLS 200-1510] Running: add_files -tb tb_data 
INFO: [HLS 200-10] Adding test bench file 'tb_data' to the project
INFO: [HLS 200-1510] Running: open_solution -reset solution1 
INFO: [HLS 200-10] Creating and opening solution '/home/coder/sparse-pixels/hls_proj/scaling/16b/reduction/reduction-in400/reduction-in400-out5/hls_dummy_prj/solution1'.
INFO: [HLS 200-10] Cleaning up the solution database.
INFO: [HLS 200-1505] Using default flow_target 'vivado'
Resolution: For help on HLS 200-1505 see www.xilinx.com/cgi-bin/docs/rdoc?v=2023.1;t=hls+guidance;d=200-1505.html
INFO: [HLS 200-1510] Running: config_array_partition -maximum_size 4096 
INFO: [XFORM 203-101] Allowed max sub elements number after partition is 4096.
ERROR: [HLS 200-642] The 'config_array_partition -maximum_size' command is not supported.
INFO: [HLS 200-1510] Running: config_compile -name_max_length 80 
INFO: [XFORM 203-1161] The maximum of name length is set to 80.
INFO: [HLS 200-1510] Running: set_part xcu250-figd2104-2L-e 
INFO: [HLS 200-1611] Setting target device to 'xcu250-figd2104-2L-e'
INFO: [XFORM 203-1161] The maximum of name length is set to 80.
INFO: [HLS 200-1510] Running: config_schedule -enable_dsp_full_reg=false 
INFO: [HLS 200-1510] Running: create_clock -period 5 -name default 
INFO: [SYN 201-201] Setting up clock 'default' with a period of 5ns.
INFO: [HLS 200-1510] Running: set_clock_uncertainty 27% default 
INFO: [SYN 201-201] Setting up clock 'default' with an uncertainty of 1.35ns.
***** C/RTL SYNTHESIS *****
INFO: [HLS 200-1510] Running: csynth_design 
INFO: [HLS 200-111] Finished File checks and directory preparation: CPU user time: 0.07 seconds. CPU system time: 0.01 seconds. Elapsed time: 0.09 seconds; current allocated memory: 1.449 GB.
INFO: [HLS 200-10] Analyzing design file 'firmware/hls_dummy.cpp' ... 
WARNING: [HLS 207-5531] 'Resource pragma' is deprecated, use 'bind_op/bind_storage pragma' instead (firmware/nnet_utils/nnet_dense_resource.h:33:9)
WARNING: [HLS 207-5531] 'Resource pragma' is deprecated, use 'bind_op/bind_storage pragma' instead (firmware/nnet_utils/nnet_dense_resource.h:107:9)
WARNING: [HLS 207-5531] 'Resource pragma' is deprecated, use 'bind_op/bind_storage pragma' instead (firmware/nnet_utils/nnet_dense_resource.h:189:9)
WARNING: [HLS 214-114] Since the only kind of statements allowed in a canonical dataflow region are variable declarations and function calls, the compiler may not be able to correctly handle the region (firmware/hls_dummy.cpp:349:9)
Resolution: For help on HLS 214-114 see www.xilinx.com/cgi-bin/docs/rdoc?v=2023.1;t=hls+guidance;d=214-114.html
WARNING: [HLS 200-471] Dataflow form checks found 1 issue(s) in file firmware/hls_dummy.cpp
Resolution: For help on HLS 200-471 see www.xilinx.com/cgi-bin/docs/rdoc?v=2023.1;t=hls+guidance;d=200-471.html
WARNING: [HLS 207-5292] unused parameter 'keep' (firmware/nnet_utils/nnet_helpers.h:285:99)
WARNING: [HLS 207-5292] unused parameter 'data' (firmware/nnet_utils/nnet_function_stubs.h:14:36)
WARNING: [HLS 207-5292] unused parameter 'buffer' (firmware/nnet_utils/nnet_function_stubs.h:15:36)
WARNING: [HLS 207-5292] unused parameter 'partition' (firmware/nnet_utils/nnet_function_stubs.h:16:44)
WARNING: [HLS 207-5292] unused parameter 'data' (firmware/nnet_utils/nnet_function_stubs.h:24:24)
WARNING: [HLS 207-5292] unused parameter 'buffer' (firmware/nnet_utils/nnet_function_stubs.h:25:24)
WARNING: [HLS 207-5292] unused parameter 'partition' (firmware/nnet_utils/nnet_function_stubs.h:26:32)
WARNING: [HLS 207-5292] unused parameter 'data' (firmware/nnet_utils/nnet_function_stubs.h:33:30)
WARNING: [HLS 207-5292] unused parameter 'res' (firmware/nnet_utils/nnet_function_stubs.h:33:58)
WARNING: [HLS 207-5292] unused parameter 'weights' (firmware/nnet_utils/nnet_function_stubs.h:34:51)
WARNING: [HLS 207-5292] unused parameter 'biases' (firmware/nnet_utils/nnet_function_stubs.h:35:49)
WARNING: [HLS 207-5292] unused parameter 'data' (firmware/nnet_utils/nnet_function_stubs.h:42:30)
WARNING: [HLS 207-5292] unused parameter 'res' (firmware/nnet_utils/nnet_function_stubs.h:42:58)
WARNING: [HLS 207-5292] unused parameter 'weights' (firmware/nnet_utils/nnet_function_stubs.h:43:51)
WARNING: [HLS 207-5292] unused parameter 'biases' (firmware/nnet_utils/nnet_function_stubs.h:44:49)
WARNING: [HLS 207-5292] unused parameter 'data' (firmware/nnet_utils/nnet_function_stubs.h:51:29)
WARNING: [HLS 207-5292] unused parameter 'res' (firmware/nnet_utils/nnet_function_stubs.h:51:80)
WARNING: [HLS 207-5292] unused parameter 'weights' (firmware/nnet_utils/nnet_function_stubs.h:52:50)
WARNING: [HLS 207-5292] unused parameter 'biases' (firmware/nnet_utils/nnet_function_stubs.h:53:48)
WARNING: [HLS 207-5292] unused parameter 'data' (firmware/nnet_utils/nnet_code_gen.h:16:39)
WARNING: [HLS 207-5292] unused parameter 'res' (firmware/nnet_utils/nnet_code_gen.h:17:38)
WARNING: [HLS 207-5292] unused parameter 'weights' (firmware/nnet_utils/nnet_code_gen.h:18:60)
WARNING: [HLS 207-5292] unused parameter 'biases' (firmware/nnet_utils/nnet_code_gen.h:19:58)
INFO: [HLS 200-111] Finished Source Code Analysis and Preprocessing: CPU user time: 6.4 seconds. CPU system time: 1.18 seconds. Elapsed time: 9.96 seconds; current allocated memory: 1.454 GB.
INFO: [HLS 200-777] Using interface defaults for 'Vivado' flow target.
INFO: [HLS 200-1995] There were 67,032 instructions in the design after the 'Compile/Link' phase of compilation. See the Design Size Report for more details: /home/coder/sparse-pixels/hls_proj/scaling/16b/reduction/reduction-in400/reduction-in400-out5/hls_dummy_prj/solution1/syn/report/csynth_design_size.rpt
INFO: [HLS 200-1995] There were 27,693 instructions in the design after the 'Unroll/Inline' phase of compilation. See the Design Size Report for more details: /home/coder/sparse-pixels/hls_proj/scaling/16b/reduction/reduction-in400/reduction-in400-out5/hls_dummy_prj/solution1/syn/report/csynth_design_size.rpt
INFO: [HLS 200-1995] There were 11,703 instructions in the design after the 'Performance/Pipeline' phase of compilation. See the Design Size Report for more details: /home/coder/sparse-pixels/hls_proj/scaling/16b/reduction/reduction-in400/reduction-in400-out5/hls_dummy_prj/solution1/syn/report/csynth_design_size.rpt
INFO: [HLS 200-1995] There were 9,298 instructions in the design after the 'Optimizations' phase of compilation. See the Design Size Report for more details: /home/coder/sparse-pixels/hls_proj/scaling/16b/reduction/reduction-in400/reduction-in400-out5/hls_dummy_prj/solution1/syn/report/csynth_design_size.rpt
INFO: [HLS 214-131] Inlining function 'value_idx_pair<ap_fixed<16, 6, (ap_q_mode)5, (ap_o_mode)3, 0> > find_active<value_idx_pair<ap_fixed<16, 6, (ap_q_mode)5, (ap_o_mode)3, 0> >, 2, Op_active<value_idx_pair<ap_fixed<16, 6, (ap_q_mode)5, (ap_o_mode)3, 0> >, ap_fixed<16, 6, (ap_q_mode)5, (ap_o_mode)3, 0> >, ap_fixed<16, 6, (ap_q_mode)5, (ap_o_mode)3, 0> >(value_idx_pair<ap_fixed<16, 6, (ap_q_mode)5, (ap_o_mode)3, 0> >*, Op_active<value_idx_pair<ap_fixed<16, 6, (ap_q_mode)5, (ap_o_mode)3, 0> >, ap_fixed<16, 6, (ap_q_mode)5, (ap_o_mode)3, 0> >, ap_fixed<16, 6, (ap_q_mode)5, (ap_o_mode)3, 0>)' into 'value_idx_pair<ap_fixed<16, 6, (ap_q_mode)5, (ap_o_mode)3, 0> > find_active<value_idx_pair<ap_fixed<16, 6, (ap_q_mode)5, (ap_o_mode)3, 0> >, 4, Op_active<value_idx_pair<ap_fixed<16, 6, (ap_q_mode)5, (ap_o_mode)3, 0> >, ap_fixed<16, 6, (ap_q_mode)5, (ap_o_mode)3, 0> >, ap_fixed<16, 6, (ap_q_mode)5, (ap_o_mode)3, 0> >(value_idx_pair<ap_fixed<16, 6, (ap_q_mode)5, (ap_o_mode)3, 0> >*, Op_active<value_idx_pair<ap_fixed<16, 6, (ap_q_mode)5, (ap_o_mode)3, 0> >, ap_fixed<16, 6, (ap_q_mode)5, (ap_o_mode)3, 0> >, ap_fixed<16, 6, (ap_q_mode)5, (ap_o_mode)3, 0>)' (firmware/hls_dummy.cpp:49:15)
INFO: [HLS 214-131] Inlining function 'value_idx_pair<ap_fixed<16, 6, (ap_q_mode)5, (ap_o_mode)3, 0> > find_active<value_idx_pair<ap_fixed<16, 6, (ap_q_mode)5, (ap_o_mode)3, 0> >, 2, Op_active<value_idx_pair<ap_fixed<16, 6, (ap_q_mode)5, (ap_o_mode)3, 0> >, ap_fixed<16, 6, (ap_q_mode)5, (ap_o_mode)3, 0> >, ap_fixed<16, 6, (ap_q_mode)5, (ap_o_mode)3, 0> >(value_idx_pair<ap_fixed<16, 6, (ap_q_mode)5, (ap_o_mode)3, 0> >*, Op_active<value_idx_pair<ap_fixed<16, 6, (ap_q_mode)5, (ap_o_mode)3, 0> >, ap_fixed<16, 6, (ap_q_mode)5, (ap_o_mode)3, 0> >, ap_fixed<16, 6, (ap_q_mode)5, (ap_o_mode)3, 0>)' into 'value_idx_pair<ap_fixed<16, 6, (ap_q_mode)5, (ap_o_mode)3, 0> > find_active<value_idx_pair<ap_fixed<16, 6, (ap_q_mode)5, (ap_o_mode)3, 0> >, 4, Op_active<value_idx_pair<ap_fixed<16, 6, (ap_q_mode)5, (ap_o_mode)3, 0> >, ap_fixed<16, 6, (ap_q_mode)5, (ap_o_mode)3, 0> >, ap_fixed<16, 6, (ap_q_mode)5, (ap_o_mode)3, 0> >(value_idx_pair<ap_fixed<16, 6, (ap_q_mode)5, (ap_o_mode)3, 0> >*, Op_active<value_idx_pair<ap_fixed<16, 6, (ap_q_mode)5, (ap_o_mode)3, 0> >, ap_fixed<16, 6, (ap_q_mode)5, (ap_o_mode)3, 0> >, ap_fixed<16, 6, (ap_q_mode)5, (ap_o_mode)3, 0>)' (firmware/hls_dummy.cpp:49:63)
INFO: [HLS 214-131] Inlining function 'value_idx_pair<ap_fixed<16, 6, (ap_q_mode)5, (ap_o_mode)3, 0> > find_active<value_idx_pair<ap_fixed<16, 6, (ap_q_mode)5, (ap_o_mode)3, 0> >, 4, Op_active<value_idx_pair<ap_fixed<16, 6, (ap_q_mode)5, (ap_o_mode)3, 0> >, ap_fixed<16, 6, (ap_q_mode)5, (ap_o_mode)3, 0> >, ap_fixed<16, 6, (ap_q_mode)5, (ap_o_mode)3, 0> >(value_idx_pair<ap_fixed<16, 6, (ap_q_mode)5, (ap_o_mode)3, 0> >*, Op_active<value_idx_pair<ap_fixed<16, 6, (ap_q_mode)5, (ap_o_mode)3, 0> >, ap_fixed<16, 6, (ap_q_mode)5, (ap_o_mode)3, 0> >, ap_fixed<16, 6, (ap_q_mode)5, (ap_o_mode)3, 0>)' into 'value_idx_pair<ap_fixed<16, 6, (ap_q_mode)5, (ap_o_mode)3, 0> > find_active<value_idx_pair<ap_fixed<16, 6, (ap_q_mode)5, (ap_o_mode)3, 0> >, 8, Op_active<value_idx_pair<ap_fixed<16, 6, (ap_q_mode)5, (ap_o_mode)3, 0> >, ap_fixed<16, 6, (ap_q_mode)5, (ap_o_mode)3, 0> >, ap_fixed<16, 6, (ap_q_mode)5, (ap_o_mode)3, 0> >(value_idx_pair<ap_fixed<16, 6, (ap_q_mode)5, (ap_o_mode)3, 0> >*, Op_active<value_idx_pair<ap_fixed<16, 6, (ap_q_mode)5, (ap_o_mode)3, 0> >, ap_fixed<16, 6, (ap_q_mode)5, (ap_o_mode)3, 0> >, ap_fixed<16, 6, (ap_q_mode)5, (ap_o_mode)3, 0>)' (firmware/hls_dummy.cpp:49:15)
INFO: [HLS 214-131] Inlining function 'value_idx_pair<ap_fixed<16, 6, (ap_q_mode)5, (ap_o_mode)3, 0> > find_active<value_idx_pair<ap_fixed<16, 6, (ap_q_mode)5, (ap_o_mode)3, 0> >, 4, Op_active<value_idx_pair<ap_fixed<16, 6, (ap_q_mode)5, (ap_o_mode)3, 0> >, ap_fixed<16, 6, (ap_q_mode)5, (ap_o_mode)3, 0> >, ap_fixed<16, 6, (ap_q_mode)5, (ap_o_mode)3, 0> >(value_idx_pair<ap_fixed<16, 6, (ap_q_mode)5, (ap_o_mode)3, 0> >*, Op_active<value_idx_pair<ap_fixed<16, 6, (ap_q_mode)5, (ap_o_mode)3, 0> >, ap_fixed<16, 6, (ap_q_mode)5, (ap_o_mode)3, 0> >, ap_fixed<16, 6, (ap_q_mode)5, (ap_o_mode)3, 0>)' into 'value_idx_pair<ap_fixed<16, 6, (ap_q_mode)5, (ap_o_mode)3, 0> > find_active<value_idx_pair<ap_fixed<16, 6, (ap_q_mode)5, (ap_o_mode)3, 0> >, 8, Op_active<value_idx_pair<ap_fixed<16, 6, (ap_q_mode)5, (ap_o_mode)3, 0> >, ap_fixed<16, 6, (ap_q_mode)5, (ap_o_mode)3, 0> >, ap_fixed<16, 6, (ap_q_mode)5, (ap_o_mode)3, 0> >(value_idx_pair<ap_fixed<16, 6, (ap_q_mode)5, (ap_o_mode)3, 0> >*, Op_active<value_idx_pair<ap_fixed<16, 6, (ap_q_mode)5, (ap_o_mode)3, 0> >, ap_fixed<16, 6, (ap_q_mode)5, (ap_o_mode)3, 0> >, ap_fixed<16, 6, (ap_q_mode)5, (ap_o_mode)3, 0>)' (firmware/hls_dummy.cpp:49:63)
INFO: [HLS 214-131] Inlining function 'value_idx_pair<ap_fixed<16, 6, (ap_q_mode)5, (ap_o_mode)3, 0> > find_active<value_idx_pair<ap_fixed<16, 6, (ap_q_mode)5, (ap_o_mode)3, 0> >, 8, Op_active<value_idx_pair<ap_fixed<16, 6, (ap_q_mode)5, (ap_o_mode)3, 0> >, ap_fixed<16, 6, (ap_q_mode)5, (ap_o_mode)3, 0> >, ap_fixed<16, 6, (ap_q_mode)5, (ap_o_mode)3, 0> >(value_idx_pair<ap_fixed<16, 6, (ap_q_mode)5, (ap_o_mode)3, 0> >*, Op_active<value_idx_pair<ap_fixed<16, 6, (ap_q_mode)5, (ap_o_mode)3, 0> >, ap_fixed<16, 6, (ap_q_mode)5, (ap_o_mode)3, 0> >, ap_fixed<16, 6, (ap_q_mode)5, (ap_o_mode)3, 0>)' into 'value_idx_pair<ap_fixed<16, 6, (ap_q_mode)5, (ap_o_mode)3, 0> > find_active<value_idx_pair<ap_fixed<16, 6, (ap_q_mode)5, (ap_o_mode)3, 0> >, 16, Op_active<value_idx_pair<ap_fixed<16, 6, (ap_q_mode)5, (ap_o_mode)3, 0> >, ap_fixed<16, 6, (ap_q_mode)5, (ap_o_mode)3, 0> >, ap_fixed<16, 6, (ap_q_mode)5, (ap_o_mode)3, 0> >(value_idx_pair<ap_fixed<16, 6, (ap_q_mode)5, (ap_o_mode)3, 0> >*, Op_active<value_idx_pair<ap_fixed<16, 6, (ap_q_mode)5, (ap_o_mode)3, 0> >, ap_fixed<16, 6, (ap_q_mode)5, (ap_o_mode)3, 0> >, ap_fixed<16, 6, (ap_q_mode)5, (ap_o_mode)3, 0>)' (firmware/hls_dummy.cpp:49:15)
INFO: [HLS 214-131] Inlining function 'value_idx_pair<ap_fixed<16, 6, (ap_q_mode)5, (ap_o_mode)3, 0> > find_active<value_idx_pair<ap_fixed<16, 6, (ap_q_mode)5, (ap_o_mode)3, 0> >, 8, Op_active<value_idx_pair<ap_fixed<16, 6, (ap_q_mode)5, (ap_o_mode)3, 0> >, ap_fixed<16, 6, (ap_q_mode)5, (ap_o_mode)3, 0> >, ap_fixed<16, 6, (ap_q_mode)5, (ap_o_mode)3, 0> >(value_idx_pair<ap_fixed<16, 6, (ap_q_mode)5, (ap_o_mode)3, 0> >*, Op_active<value_idx_pair<ap_fixed<16, 6, (ap_q_mode)5, (ap_o_mode)3, 0> >, ap_fixed<16, 6, (ap_q_mode)5, (ap_o_mode)3, 0> >, ap_fixed<16, 6, (ap_q_mode)5, (ap_o_mode)3, 0>)' into 'value_idx_pair<ap_fixed<16, 6, (ap_q_mode)5, (ap_o_mode)3, 0> > find_active<value_idx_pair<ap_fixed<16, 6, (ap_q_mode)5, (ap_o_mode)3, 0> >, 16, Op_active<value_idx_pair<ap_fixed<16, 6, (ap_q_mode)5, (ap_o_mode)3, 0> >, ap_fixed<16, 6, (ap_q_mode)5, (ap_o_mode)3, 0> >, ap_fixed<16, 6, (ap_q_mode)5, (ap_o_mode)3, 0> >(value_idx_pair<ap_fixed<16, 6, (ap_q_mode)5, (ap_o_mode)3, 0> >*, Op_active<value_idx_pair<ap_fixed<16, 6, (ap_q_mode)5, (ap_o_mode)3, 0> >, ap_fixed<16, 6, (ap_q_mode)5, (ap_o_mode)3, 0> >, ap_fixed<16, 6, (ap_q_mode)5, (ap_o_mode)3, 0>)' (firmware/hls_dummy.cpp:49:63)
INFO: [HLS 214-131] Inlining function 'value_idx_pair<ap_fixed<16, 6, (ap_q_mode)5, (ap_o_mode)3, 0> > find_active<value_idx_pair<ap_fixed<16, 6, (ap_q_mode)5, (ap_o_mode)3, 0> >, 16, Op_active<value_idx_pair<ap_fixed<16, 6, (ap_q_mode)5, (ap_o_mode)3, 0> >, ap_fixed<16, 6, (ap_q_mode)5, (ap_o_mode)3, 0> >, ap_fixed<16, 6, (ap_q_mode)5, (ap_o_mode)3, 0> >(value_idx_pair<ap_fixed<16, 6, (ap_q_mode)5, (ap_o_mode)3, 0> >*, Op_active<value_idx_pair<ap_fixed<16, 6, (ap_q_mode)5, (ap_o_mode)3, 0> >, ap_fixed<16, 6, (ap_q_mode)5, (ap_o_mode)3, 0> >, ap_fixed<16, 6, (ap_q_mode)5, (ap_o_mode)3, 0>)' into 'value_idx_pair<ap_fixed<16, 6, (ap_q_mode)5, (ap_o_mode)3, 0> > find_active<value_idx_pair<ap_fixed<16, 6, (ap_q_mode)5, (ap_o_mode)3, 0> >, 32, Op_active<value_idx_pair<ap_fixed<16, 6, (ap_q_mode)5, (ap_o_mode)3, 0> >, ap_fixed<16, 6, (ap_q_mode)5, (ap_o_mode)3, 0> >, ap_fixed<16, 6, (ap_q_mode)5, (ap_o_mode)3, 0> >(value_idx_pair<ap_fixed<16, 6, (ap_q_mode)5, (ap_o_mode)3, 0> >*, Op_active<value_idx_pair<ap_fixed<16, 6, (ap_q_mode)5, (ap_o_mode)3, 0> >, ap_fixed<16, 6, (ap_q_mode)5, (ap_o_mode)3, 0> >, ap_fixed<16, 6, (ap_q_mode)5, (ap_o_mode)3, 0>)' (firmware/hls_dummy.cpp:49:15)
INFO: [HLS 214-131] Inlining function 'value_idx_pair<ap_fixed<16, 6, (ap_q_mode)5, (ap_o_mode)3, 0> > find_active<value_idx_pair<ap_fixed<16, 6, (ap_q_mode)5, (ap_o_mode)3, 0> >, 16, Op_active<value_idx_pair<ap_fixed<16, 6, (ap_q_mode)5, (ap_o_mode)3, 0> >, ap_fixed<16, 6, (ap_q_mode)5, (ap_o_mode)3, 0> >, ap_fixed<16, 6, (ap_q_mode)5, (ap_o_mode)3, 0> >(value_idx_pair<ap_fixed<16, 6, (ap_q_mode)5, (ap_o_mode)3, 0> >*, Op_active<value_idx_pair<ap_fixed<16, 6, (ap_q_mode)5, (ap_o_mode)3, 0> >, ap_fixed<16, 6, (ap_q_mode)5, (ap_o_mode)3, 0> >, ap_fixed<16, 6, (ap_q_mode)5, (ap_o_mode)3, 0>)' into 'value_idx_pair<ap_fixed<16, 6, (ap_q_mode)5, (ap_o_mode)3, 0> > find_active<value_idx_pair<ap_fixed<16, 6, (ap_q_mode)5, (ap_o_mode)3, 0> >, 32, Op_active<value_idx_pair<ap_fixed<16, 6, (ap_q_mode)5, (ap_o_mode)3, 0> >, ap_fixed<16, 6, (ap_q_mode)5, (ap_o_mode)3, 0> >, ap_fixed<16, 6, (ap_q_mode)5, (ap_o_mode)3, 0> >(value_idx_pair<ap_fixed<16, 6, (ap_q_mode)5, (ap_o_mode)3, 0> >*, Op_active<value_idx_pair<ap_fixed<16, 6, (ap_q_mode)5, (ap_o_mode)3, 0> >, ap_fixed<16, 6, (ap_q_mode)5, (ap_o_mode)3, 0> >, ap_fixed<16, 6, (ap_q_mode)5, (ap_o_mode)3, 0>)' (firmware/hls_dummy.cpp:49:63)
INFO: [HLS 214-131] Inlining function 'value_idx_pair<ap_fixed<16, 6, (ap_q_mode)5, (ap_o_mode)3, 0> > find_active<value_idx_pair<ap_fixed<16, 6, (ap_q_mode)5, (ap_o_mode)3, 0> >, 32, Op_active<value_idx_pair<ap_fixed<16, 6, (ap_q_mode)5, (ap_o_mode)3, 0> >, ap_fixed<16, 6, (ap_q_mode)5, (ap_o_mode)3, 0> >, ap_fixed<16, 6, (ap_q_mode)5, (ap_o_mode)3, 0> >(value_idx_pair<ap_fixed<16, 6, (ap_q_mode)5, (ap_o_mode)3, 0> >*, Op_active<value_idx_pair<ap_fixed<16, 6, (ap_q_mode)5, (ap_o_mode)3, 0> >, ap_fixed<16, 6, (ap_q_mode)5, (ap_o_mode)3, 0> >, ap_fixed<16, 6, (ap_q_mode)5, (ap_o_mode)3, 0>)' into 'value_idx_pair<ap_fixed<16, 6, (ap_q_mode)5, (ap_o_mode)3, 0> > find_active<value_idx_pair<ap_fixed<16, 6, (ap_q_mode)5, (ap_o_mode)3, 0> >, 64, Op_active<value_idx_pair<ap_fixed<16, 6, (ap_q_mode)5, (ap_o_mode)3, 0> >, ap_fixed<16, 6, (ap_q_mode)5, (ap_o_mode)3, 0> >, ap_fixed<16, 6, (ap_q_mode)5, (ap_o_mode)3, 0> >(value_idx_pair<ap_fixed<16, 6, (ap_q_mode)5, (ap_o_mode)3, 0> >*, Op_active<value_idx_pair<ap_fixed<16, 6, (ap_q_mode)5, (ap_o_mode)3, 0> >, ap_fixed<16, 6, (ap_q_mode)5, (ap_o_mode)3, 0> >, ap_fixed<16, 6, (ap_q_mode)5, (ap_o_mode)3, 0>)' (firmware/hls_dummy.cpp:49:15)
INFO: [HLS 214-131] Inlining function 'value_idx_pair<ap_fixed<16, 6, (ap_q_mode)5, (ap_o_mode)3, 0> > find_active<value_idx_pair<ap_fixed<16, 6, (ap_q_mode)5, (ap_o_mode)3, 0> >, 32, Op_active<value_idx_pair<ap_fixed<16, 6, (ap_q_mode)5, (ap_o_mode)3, 0> >, ap_fixed<16, 6, (ap_q_mode)5, (ap_o_mode)3, 0> >, ap_fixed<16, 6, (ap_q_mode)5, (ap_o_mode)3, 0> >(value_idx_pair<ap_fixed<16, 6, (ap_q_mode)5, (ap_o_mode)3, 0> >*, Op_active<value_idx_pair<ap_fixed<16, 6, (ap_q_mode)5, (ap_o_mode)3, 0> >, ap_fixed<16, 6, (ap_q_mode)5, (ap_o_mode)3, 0> >, ap_fixed<16, 6, (ap_q_mode)5, (ap_o_mode)3, 0>)' into 'value_idx_pair<ap_fixed<16, 6, (ap_q_mode)5, (ap_o_mode)3, 0> > find_active<value_idx_pair<ap_fixed<16, 6, (ap_q_mode)5, (ap_o_mode)3, 0> >, 64, Op_active<value_idx_pair<ap_fixed<16, 6, (ap_q_mode)5, (ap_o_mode)3, 0> >, ap_fixed<16, 6, (ap_q_mode)5, (ap_o_mode)3, 0> >, ap_fixed<16, 6, (ap_q_mode)5, (ap_o_mode)3, 0> >(value_idx_pair<ap_fixed<16, 6, (ap_q_mode)5, (ap_o_mode)3, 0> >*, Op_active<value_idx_pair<ap_fixed<16, 6, (ap_q_mode)5, (ap_o_mode)3, 0> >, ap_fixed<16, 6, (ap_q_mode)5, (ap_o_mode)3, 0> >, ap_fixed<16, 6, (ap_q_mode)5, (ap_o_mode)3, 0>)' (firmware/hls_dummy.cpp:49:63)
INFO: [HLS 214-131] Inlining function 'value_idx_pair<ap_fixed<16, 6, (ap_q_mode)5, (ap_o_mode)3, 0> > find_active<value_idx_pair<ap_fixed<16, 6, (ap_q_mode)5, (ap_o_mode)3, 0> >, 64, Op_active<value_idx_pair<ap_fixed<16, 6, (ap_q_mode)5, (ap_o_mode)3, 0> >, ap_fixed<16, 6, (ap_q_mode)5, (ap_o_mode)3, 0> >, ap_fixed<16, 6, (ap_q_mode)5, (ap_o_mode)3, 0> >(value_idx_pair<ap_fixed<16, 6, (ap_q_mode)5, (ap_o_mode)3, 0> >*, Op_active<value_idx_pair<ap_fixed<16, 6, (ap_q_mode)5, (ap_o_mode)3, 0> >, ap_fixed<16, 6, (ap_q_mode)5, (ap_o_mode)3, 0> >, ap_fixed<16, 6, (ap_q_mode)5, (ap_o_mode)3, 0>)' into 'value_idx_pair<ap_fixed<16, 6, (ap_q_mode)5, (ap_o_mode)3, 0> > find_active<value_idx_pair<ap_fixed<16, 6, (ap_q_mode)5, (ap_o_mode)3, 0> >, 128, Op_active<value_idx_pair<ap_fixed<16, 6, (ap_q_mode)5, (ap_o_mode)3, 0> >, ap_fixed<16, 6, (ap_q_mode)5, (ap_o_mode)3, 0> >, ap_fixed<16, 6, (ap_q_mode)5, (ap_o_mode)3, 0> >(value_idx_pair<ap_fixed<16, 6, (ap_q_mode)5, (ap_o_mode)3, 0> >*, Op_active<value_idx_pair<ap_fixed<16, 6, (ap_q_mode)5, (ap_o_mode)3, 0> >, ap_fixed<16, 6, (ap_q_mode)5, (ap_o_mode)3, 0> >, ap_fixed<16, 6, (ap_q_mode)5, (ap_o_mode)3, 0>)' (firmware/hls_dummy.cpp:49:15)
INFO: [HLS 214-131] Inlining function 'value_idx_pair<ap_fixed<16, 6, (ap_q_mode)5, (ap_o_mode)3, 0> > find_active<value_idx_pair<ap_fixed<16, 6, (ap_q_mode)5, (ap_o_mode)3, 0> >, 64, Op_active<value_idx_pair<ap_fixed<16, 6, (ap_q_mode)5, (ap_o_mode)3, 0> >, ap_fixed<16, 6, (ap_q_mode)5, (ap_o_mode)3, 0> >, ap_fixed<16, 6, (ap_q_mode)5, (ap_o_mode)3, 0> >(value_idx_pair<ap_fixed<16, 6, (ap_q_mode)5, (ap_o_mode)3, 0> >*, Op_active<value_idx_pair<ap_fixed<16, 6, (ap_q_mode)5, (ap_o_mode)3, 0> >, ap_fixed<16, 6, (ap_q_mode)5, (ap_o_mode)3, 0> >, ap_fixed<16, 6, (ap_q_mode)5, (ap_o_mode)3, 0>)' into 'value_idx_pair<ap_fixed<16, 6, (ap_q_mode)5, (ap_o_mode)3, 0> > find_active<value_idx_pair<ap_fixed<16, 6, (ap_q_mode)5, (ap_o_mode)3, 0> >, 128, Op_active<value_idx_pair<ap_fixed<16, 6, (ap_q_mode)5, (ap_o_mode)3, 0> >, ap_fixed<16, 6, (ap_q_mode)5, (ap_o_mode)3, 0> >, ap_fixed<16, 6, (ap_q_mode)5, (ap_o_mode)3, 0> >(value_idx_pair<ap_fixed<16, 6, (ap_q_mode)5, (ap_o_mode)3, 0> >*, Op_active<value_idx_pair<ap_fixed<16, 6, (ap_q_mode)5, (ap_o_mode)3, 0> >, ap_fixed<16, 6, (ap_q_mode)5, (ap_o_mode)3, 0> >, ap_fixed<16, 6, (ap_q_mode)5, (ap_o_mode)3, 0>)' (firmware/hls_dummy.cpp:49:63)
INFO: [HLS 214-131] Inlining function 'value_idx_pair<ap_fixed<16, 6, (ap_q_mode)5, (ap_o_mode)3, 0> > find_active<value_idx_pair<ap_fixed<16, 6, (ap_q_mode)5, (ap_o_mode)3, 0> >, 128, Op_active<value_idx_pair<ap_fixed<16, 6, (ap_q_mode)5, (ap_o_mode)3, 0> >, ap_fixed<16, 6, (ap_q_mode)5, (ap_o_mode)3, 0> >, ap_fixed<16, 6, (ap_q_mode)5, (ap_o_mode)3, 0> >(value_idx_pair<ap_fixed<16, 6, (ap_q_mode)5, (ap_o_mode)3, 0> >*, Op_active<value_idx_pair<ap_fixed<16, 6, (ap_q_mode)5, (ap_o_mode)3, 0> >, ap_fixed<16, 6, (ap_q_mode)5, (ap_o_mode)3, 0> >, ap_fixed<16, 6, (ap_q_mode)5, (ap_o_mode)3, 0>)' into 'value_idx_pair<ap_fixed<16, 6, (ap_q_mode)5, (ap_o_mode)3, 0> > find_active<value_idx_pair<ap_fixed<16, 6, (ap_q_mode)5, (ap_o_mode)3, 0> >, 256, Op_active<value_idx_pair<ap_fixed<16, 6, (ap_q_mode)5, (ap_o_mode)3, 0> >, ap_fixed<16, 6, (ap_q_mode)5, (ap_o_mode)3, 0> >, ap_fixed<16, 6, (ap_q_mode)5, (ap_o_mode)3, 0> >(value_idx_pair<ap_fixed<16, 6, (ap_q_mode)5, (ap_o_mode)3, 0> >*, Op_active<value_idx_pair<ap_fixed<16, 6, (ap_q_mode)5, (ap_o_mode)3, 0> >, ap_fixed<16, 6, (ap_q_mode)5, (ap_o_mode)3, 0> >, ap_fixed<16, 6, (ap_q_mode)5, (ap_o_mode)3, 0>)' (firmware/hls_dummy.cpp:49:15)
INFO: [HLS 214-131] Inlining function 'value_idx_pair<ap_fixed<16, 6, (ap_q_mode)5, (ap_o_mode)3, 0> > find_active<value_idx_pair<ap_fixed<16, 6, (ap_q_mode)5, (ap_o_mode)3, 0> >, 128, Op_active<value_idx_pair<ap_fixed<16, 6, (ap_q_mode)5, (ap_o_mode)3, 0> >, ap_fixed<16, 6, (ap_q_mode)5, (ap_o_mode)3, 0> >, ap_fixed<16, 6, (ap_q_mode)5, (ap_o_mode)3, 0> >(value_idx_pair<ap_fixed<16, 6, (ap_q_mode)5, (ap_o_mode)3, 0> >*, Op_active<value_idx_pair<ap_fixed<16, 6, (ap_q_mode)5, (ap_o_mode)3, 0> >, ap_fixed<16, 6, (ap_q_mode)5, (ap_o_mode)3, 0> >, ap_fixed<16, 6, (ap_q_mode)5, (ap_o_mode)3, 0>)' into 'value_idx_pair<ap_fixed<16, 6, (ap_q_mode)5, (ap_o_mode)3, 0> > find_active<value_idx_pair<ap_fixed<16, 6, (ap_q_mode)5, (ap_o_mode)3, 0> >, 256, Op_active<value_idx_pair<ap_fixed<16, 6, (ap_q_mode)5, (ap_o_mode)3, 0> >, ap_fixed<16, 6, (ap_q_mode)5, (ap_o_mode)3, 0> >, ap_fixed<16, 6, (ap_q_mode)5, (ap_o_mode)3, 0> >(value_idx_pair<ap_fixed<16, 6, (ap_q_mode)5, (ap_o_mode)3, 0> >*, Op_active<value_idx_pair<ap_fixed<16, 6, (ap_q_mode)5, (ap_o_mode)3, 0> >, ap_fixed<16, 6, (ap_q_mode)5, (ap_o_mode)3, 0> >, ap_fixed<16, 6, (ap_q_mode)5, (ap_o_mode)3, 0>)' (firmware/hls_dummy.cpp:49:63)
INFO: [HLS 214-131] Inlining function 'value_idx_pair<ap_fixed<16, 6, (ap_q_mode)5, (ap_o_mode)3, 0> > find_active<value_idx_pair<ap_fixed<16, 6, (ap_q_mode)5, (ap_o_mode)3, 0> >, 128, Op_active<value_idx_pair<ap_fixed<16, 6, (ap_q_mode)5, (ap_o_mode)3, 0> >, ap_fixed<16, 6, (ap_q_mode)5, (ap_o_mode)3, 0> >, ap_fixed<16, 6, (ap_q_mode)5, (ap_o_mode)3, 0> >(value_idx_pair<ap_fixed<16, 6, (ap_q_mode)5, (ap_o_mode)3, 0> >*, Op_active<value_idx_pair<ap_fixed<16, 6, (ap_q_mode)5, (ap_o_mode)3, 0> >, ap_fixed<16, 6, (ap_q_mode)5, (ap_o_mode)3, 0> >, ap_fixed<16, 6, (ap_q_mode)5, (ap_o_mode)3, 0>)' into 'value_idx_pair<ap_fixed<16, 6, (ap_q_mode)5, (ap_o_mode)3, 0> > find_active<value_idx_pair<ap_fixed<16, 6, (ap_q_mode)5, (ap_o_mode)3, 0> >, 144, Op_active<value_idx_pair<ap_fixed<16, 6, (ap_q_mode)5, (ap_o_mode)3, 0> >, ap_fixed<16, 6, (ap_q_mode)5, (ap_o_mode)3, 0> >, ap_fixed<16, 6, (ap_q_mode)5, (ap_o_mode)3, 0> >(value_idx_pair<ap_fixed<16, 6, (ap_q_mode)5, (ap_o_mode)3, 0> >*, Op_active<value_idx_pair<ap_fixed<16, 6, (ap_q_mode)5, (ap_o_mode)3, 0> >, ap_fixed<16, 6, (ap_q_mode)5, (ap_o_mode)3, 0> >, ap_fixed<16, 6, (ap_q_mode)5, (ap_o_mode)3, 0>)' (firmware/hls_dummy.cpp:49:15)
INFO: [HLS 214-131] Inlining function 'value_idx_pair<ap_fixed<16, 6, (ap_q_mode)5, (ap_o_mode)3, 0> > find_active<value_idx_pair<ap_fixed<16, 6, (ap_q_mode)5, (ap_o_mode)3, 0> >, 16, Op_active<value_idx_pair<ap_fixed<16, 6, (ap_q_mode)5, (ap_o_mode)3, 0> >, ap_fixed<16, 6, (ap_q_mode)5, (ap_o_mode)3, 0> >, ap_fixed<16, 6, (ap_q_mode)5, (ap_o_mode)3, 0> >(value_idx_pair<ap_fixed<16, 6, (ap_q_mode)5, (ap_o_mode)3, 0> >*, Op_active<value_idx_pair<ap_fixed<16, 6, (ap_q_mode)5, (ap_o_mode)3, 0> >, ap_fixed<16, 6, (ap_q_mode)5, (ap_o_mode)3, 0> >, ap_fixed<16, 6, (ap_q_mode)5, (ap_o_mode)3, 0>)' into 'value_idx_pair<ap_fixed<16, 6, (ap_q_mode)5, (ap_o_mode)3, 0> > find_active<value_idx_pair<ap_fixed<16, 6, (ap_q_mode)5, (ap_o_mode)3, 0> >, 144, Op_active<value_idx_pair<ap_fixed<16, 6, (ap_q_mode)5, (ap_o_mode)3, 0> >, ap_fixed<16, 6, (ap_q_mode)5, (ap_o_mode)3, 0> >, ap_fixed<16, 6, (ap_q_mode)5, (ap_o_mode)3, 0> >(value_idx_pair<ap_fixed<16, 6, (ap_q_mode)5, (ap_o_mode)3, 0> >*, Op_active<value_idx_pair<ap_fixed<16, 6, (ap_q_mode)5, (ap_o_mode)3, 0> >, ap_fixed<16, 6, (ap_q_mode)5, (ap_o_mode)3, 0> >, ap_fixed<16, 6, (ap_q_mode)5, (ap_o_mode)3, 0>)' (firmware/hls_dummy.cpp:49:63)
INFO: [HLS 214-131] Inlining function 'value_idx_pair<ap_fixed<16, 6, (ap_q_mode)5, (ap_o_mode)3, 0> > find_active<value_idx_pair<ap_fixed<16, 6, (ap_q_mode)5, (ap_o_mode)3, 0> >, 256, Op_active<value_idx_pair<ap_fixed<16, 6, (ap_q_mode)5, (ap_o_mode)3, 0> >, ap_fixed<16, 6, (ap_q_mode)5, (ap_o_mode)3, 0> >, ap_fixed<16, 6, (ap_q_mode)5, (ap_o_mode)3, 0> >(value_idx_pair<ap_fixed<16, 6, (ap_q_mode)5, (ap_o_mode)3, 0> >*, Op_active<value_idx_pair<ap_fixed<16, 6, (ap_q_mode)5, (ap_o_mode)3, 0> >, ap_fixed<16, 6, (ap_q_mode)5, (ap_o_mode)3, 0> >, ap_fixed<16, 6, (ap_q_mode)5, (ap_o_mode)3, 0>)' into 'value_idx_pair<ap_fixed<16, 6, (ap_q_mode)5, (ap_o_mode)3, 0> > find_active<value_idx_pair<ap_fixed<16, 6, (ap_q_mode)5, (ap_o_mode)3, 0> >, 400, Op_active<value_idx_pair<ap_fixed<16, 6, (ap_q_mode)5, (ap_o_mode)3, 0> >, ap_fixed<16, 6, (ap_q_mode)5, (ap_o_mode)3, 0> >, ap_fixed<16, 6, (ap_q_mode)5, (ap_o_mode)3, 0> >(value_idx_pair<ap_fixed<16, 6, (ap_q_mode)5, (ap_o_mode)3, 0> >*, Op_active<value_idx_pair<ap_fixed<16, 6, (ap_q_mode)5, (ap_o_mode)3, 0> >, ap_fixed<16, 6, (ap_q_mode)5, (ap_o_mode)3, 0> >, ap_fixed<16, 6, (ap_q_mode)5, (ap_o_mode)3, 0>)' (firmware/hls_dummy.cpp:49:15)
INFO: [HLS 214-131] Inlining function 'value_idx_pair<ap_fixed<16, 6, (ap_q_mode)5, (ap_o_mode)3, 0> > find_active<value_idx_pair<ap_fixed<16, 6, (ap_q_mode)5, (ap_o_mode)3, 0> >, 144, Op_active<value_idx_pair<ap_fixed<16, 6, (ap_q_mode)5, (ap_o_mode)3, 0> >, ap_fixed<16, 6, (ap_q_mode)5, (ap_o_mode)3, 0> >, ap_fixed<16, 6, (ap_q_mode)5, (ap_o_mode)3, 0> >(value_idx_pair<ap_fixed<16, 6, (ap_q_mode)5, (ap_o_mode)3, 0> >*, Op_active<value_idx_pair<ap_fixed<16, 6, (ap_q_mode)5, (ap_o_mode)3, 0> >, ap_fixed<16, 6, (ap_q_mode)5, (ap_o_mode)3, 0> >, ap_fixed<16, 6, (ap_q_mode)5, (ap_o_mode)3, 0>)' into 'value_idx_pair<ap_fixed<16, 6, (ap_q_mode)5, (ap_o_mode)3, 0> > find_active<value_idx_pair<ap_fixed<16, 6, (ap_q_mode)5, (ap_o_mode)3, 0> >, 400, Op_active<value_idx_pair<ap_fixed<16, 6, (ap_q_mode)5, (ap_o_mode)3, 0> >, ap_fixed<16, 6, (ap_q_mode)5, (ap_o_mode)3, 0> >, ap_fixed<16, 6, (ap_q_mode)5, (ap_o_mode)3, 0> >(value_idx_pair<ap_fixed<16, 6, (ap_q_mode)5, (ap_o_mode)3, 0> >*, Op_active<value_idx_pair<ap_fixed<16, 6, (ap_q_mode)5, (ap_o_mode)3, 0> >, ap_fixed<16, 6, (ap_q_mode)5, (ap_o_mode)3, 0> >, ap_fixed<16, 6, (ap_q_mode)5, (ap_o_mode)3, 0>)' (firmware/hls_dummy.cpp:49:63)
INFO: [HLS 214-131] Inlining function 'value_idx_pair<ap_fixed<16, 6, (ap_q_mode)5, (ap_o_mode)3, 0> > find_active<value_idx_pair<ap_fixed<16, 6, (ap_q_mode)5, (ap_o_mode)3, 0> >, 400, Op_active<value_idx_pair<ap_fixed<16, 6, (ap_q_mode)5, (ap_o_mode)3, 0> >, ap_fixed<16, 6, (ap_q_mode)5, (ap_o_mode)3, 0> >, ap_fixed<16, 6, (ap_q_mode)5, (ap_o_mode)3, 0> >(value_idx_pair<ap_fixed<16, 6, (ap_q_mode)5, (ap_o_mode)3, 0> >*, Op_active<value_idx_pair<ap_fixed<16, 6, (ap_q_mode)5, (ap_o_mode)3, 0> >, ap_fixed<16, 6, (ap_q_mode)5, (ap_o_mode)3, 0> >, ap_fixed<16, 6, (ap_q_mode)5, (ap_o_mode)3, 0>)' into 'void sparse_input_reduce<ap_fixed<16, 6, (ap_q_mode)5, (ap_o_mode)3, 0>, ap_uint<10>, 20, 20, 1, 5>(ap_fixed<16, 6, (ap_q_mode)5, (ap_o_mode)3, 0>*, ap_fixed<16, 6, (ap_q_mode)5, (ap_o_mode)3, 0>, ap_fixed<16, 6, (ap_q_mode)5, (ap_o_mode)3, 0>*, ap_uint<10>*)' (firmware/hls_dummy.cpp:97:32)
INFO: [HLS 214-186] Unrolling loop 'VITIS_LOOP_372_1' (firmware/hls_dummy.cpp:372:23) in function 'hls_dummy' completely with a factor of 5 (firmware/hls_dummy.cpp:343:0)
INFO: [HLS 214-186] Unrolling loop 'DataPrepareLoop' (firmware/hls_dummy.cpp:74:5) in function 'sparse_input_reduce<ap_fixed<16, 6, (ap_q_mode)5, (ap_o_mode)3, 0>, ap_uint<10>, 20, 20, 1, 5>' completely with a factor of 400 (firmware/hls_dummy.cpp:57:0)
INFO: [HLS 214-248] Applying array_partition to 'pair_arr.value': Complete partitioning on dimension 1. (firmware/hls_dummy.cpp:65:28)
INFO: [HLS 214-248] Applying array_partition to 'pair_arr.index': Complete partitioning on dimension 1. (firmware/hls_dummy.cpp:65:28)
INFO: [HLS 214-248] Applying array_partition to 'j_h_arr': Complete partitioning on dimension 1. (firmware/hls_dummy.cpp:66:9)
INFO: [HLS 214-248] Applying array_partition to 'j_w_arr': Complete partitioning on dimension 1. (firmware/hls_dummy.cpp:67:9)
INFO: [HLS 214-248] Applying array_partition to 'sparse_arr_feat_reduce_out': Complete partitioning on dimension 1. (firmware/hls_dummy.cpp:366:13)
INFO: [HLS 214-248] Applying array_partition to 'sparse_arr_hash_reduce_out': Complete partitioning on dimension 1. (firmware/hls_dummy.cpp:367:17)
INFO: [HLS 214-248] Applying array_partition to 'layer2_out': Complete partitioning on dimension 1. (firmware/hls_dummy.cpp:343:0)
WARNING: [HLS 214-292] Unsupported reshape pragma/directive on variable 'x_in'. The port size might be shrunk or fail cosim as the bit-width after reshape (6400) is larger than 4096
INFO: [HLS 214-248] Applying array_reshape to 'x_in': Complete reshaping on dimension 1. (firmware/hls_dummy.cpp:343:0)
INFO: [HLS 200-111] Finished Compiling Optimization and Transform: CPU user time: 36.97 seconds. CPU system time: 1.02 seconds. Elapsed time: 40.46 seconds; current allocated memory: 1.455 GB.
INFO: [HLS 200-111] Finished Checking Pragmas: CPU user time: 0 seconds. CPU system time: 0 seconds. Elapsed time: 0 seconds; current allocated memory: 1.455 GB.
INFO: [HLS 200-10] Starting code transformations ...
INFO: [HLS 200-111] Finished Standard Transforms: CPU user time: 0.68 seconds. CPU system time: 0.03 seconds. Elapsed time: 0.76 seconds; current allocated memory: 1.475 GB.
INFO: [HLS 200-10] Checking synthesizability ...
INFO: [HLS 200-111] Finished Checking Synthesizability: CPU user time: 0.63 seconds. CPU system time: 0 seconds. Elapsed time: 0.71 seconds; current allocated memory: 1.491 GB.
INFO: [XFORM 203-712] Applying dataflow to function 'hls_dummy' (firmware/hls_dummy.cpp:366:1), detected/extracted 2 process function(s): 
	 'sparse_input_reduce<ap_fixed<16, 6, (ap_q_mode)5, (ap_o_mode)3, 0>, ap_uint<10>, 20, 20, 1, 5>4'
	 'Block_entry24_proc'.
INFO: [XFORM 203-401] Performing if-conversion on hyperblock from (firmware/hls_dummy.cpp:14:21) to (firmware/hls_dummy.cpp:22:7) in function 'Op_active<value_idx_pair<ap_fixed<16, 6, (ap_q_mode)5, (ap_o_mode)3, 0> >, ap_fixed<16, 6, (ap_q_mode)5, (ap_o_mode)3, 0> >::operator()'... converting 3 basic blocks.
INFO: [HLS 200-111] Finished Loop, function and other optimizations: CPU user time: 5.82 seconds. CPU system time: 0.07 seconds. Elapsed time: 5.89 seconds; current allocated memory: 1.584 GB.
INFO: [HLS 200-111] Finished Architecture Synthesis: CPU user time: 6.83 seconds. CPU system time: 0.07 seconds. Elapsed time: 6.9 seconds; current allocated memory: 1.697 GB.
INFO: [HLS 200-10] Starting hardware synthesis ...
INFO: [HLS 200-10] Synthesizing 'hls_dummy' ...
WARNING: [SYN 201-103] Legalizing function name 'operator()' to 'operator_s'.
WARNING: [SYN 201-103] Legalizing function name 'sparse_input_reduce<ap_fixed<16, 6, 5, 3, 0>, ap_uint<10>, 20, 20, 1, 5>4' to 'sparse_input_reduce_ap_fixed_16_6_5_3_0_ap_uint_10_20_20_1_5_4'.
INFO: [HLS 200-10] ----------------------------------------------------------------
INFO: [HLS 200-42] -- Implementing module 'operator_s' 
INFO: [HLS 200-10] ----------------------------------------------------------------
INFO: [SCHED 204-11] Starting scheduling ...
INFO: [SCHED 204-61] Pipelining function 'operator()'.
INFO: [HLS 200-1470] Pipelining result : Target II = NA, Final II = 1, Depth = 1, function 'operator()'
INFO: [SCHED 204-11] Finished scheduling.
INFO: [HLS 200-111] Finished Scheduling: CPU user time: 0.75 seconds. CPU system time: 0.13 seconds. Elapsed time: 1.55 seconds; current allocated memory: 1.697 GB.
INFO: [BIND 205-100] Starting micro-architecture generation ...
INFO: [BIND 205-101] Performing variable lifetime analysis.
INFO: [BIND 205-101] Exploring resource sharing.
INFO: [BIND 205-101] Binding ...
INFO: [BIND 205-100] Finished micro-architecture generation.
INFO: [HLS 200-111] Finished Binding: CPU user time: 0.05 seconds. CPU system time: 0.02 seconds. Elapsed time: 0.75 seconds; current allocated memory: 1.697 GB.
INFO: [HLS 200-10] ----------------------------------------------------------------
INFO: [HLS 200-42] -- Implementing module 'sparse_input_reduce_ap_fixed_16_6_5_3_0_ap_uint_10_20_20_1_5_4' 
INFO: [HLS 200-10] ----------------------------------------------------------------
INFO: [SCHED 204-11] Starting scheduling ...
INFO: [SCHED 204-61] Pipelining loop 'MaxPixelsLoop'.
WARNING: [HLS 200-880] The II Violation in module 'sparse_input_reduce_ap_fixed_16_6_5_3_0_ap_uint_10_20_20_1_5_4' (loop 'MaxPixelsLoop'): Unable to enforce a carried dependence constraint (II = 1, distance = 1, offset = 0) between 'store' operation ('pair_arr_value_write_ln115', firmware/hls_dummy.cpp:115) of constant 0 on local variable 'pair_arr.value' and 'load' operation ('pair_arr_value_load', firmware/hls_dummy.cpp:47->firmware/hls_dummy.cpp:49->firmware/hls_dummy.cpp:49->firmware/hls_dummy.cpp:49->firmware/hls_dummy.cpp:49->firmware/hls_dummy.cpp:49->firmware/hls_dummy.cpp:49->firmware/hls_dummy.cpp:49->firmware/hls_dummy.cpp:49->firmware/hls_dummy.cpp:97) on local variable 'pair_arr.value'.
Resolution: For help on HLS 200-880 see www.xilinx.com/cgi-bin/docs/rdoc?v=2023.1;t=hls+guidance;d=200-880.html
WARNING: [HLS 200-880] The II Violation in module 'sparse_input_reduce_ap_fixed_16_6_5_3_0_ap_uint_10_20_20_1_5_4' (loop 'MaxPixelsLoop'): Unable to enforce a carried dependence constraint (II = 2, distance = 1, offset = 0) between 'store' operation ('pair_arr_value_write_ln115', firmware/hls_dummy.cpp:115) of constant 0 on local variable 'pair_arr.value' and 'load' operation ('pair_arr_value_load', firmware/hls_dummy.cpp:47->firmware/hls_dummy.cpp:49->firmware/hls_dummy.cpp:49->firmware/hls_dummy.cpp:49->firmware/hls_dummy.cpp:49->firmware/hls_dummy.cpp:49->firmware/hls_dummy.cpp:49->firmware/hls_dummy.cpp:49->firmware/hls_dummy.cpp:49->firmware/hls_dummy.cpp:97) on local variable 'pair_arr.value'.
Resolution: For help on HLS 200-880 see www.xilinx.com/cgi-bin/docs/rdoc?v=2023.1;t=hls+guidance;d=200-880.html
INFO: [HLS 200-1470] Pipelining result : Target II = NA, Final II = 3, Depth = 4, loop 'MaxPixelsLoop'
INFO: [SCHED 204-11] Finished scheduling.
INFO: [HLS 200-111] Finished Scheduling: CPU user time: 13.17 seconds. CPU system time: 0.07 seconds. Elapsed time: 13.69 seconds; current allocated memory: 1.774 GB.
INFO: [BIND 205-100] Starting micro-architecture generation ...
INFO: [BIND 205-101] Performing variable lifetime analysis.
INFO: [BIND 205-101] Exploring resource sharing.
INFO: [BIND 205-101] Binding ...
INFO: [BIND 205-100] Finished micro-architecture generation.
INFO: [HLS 200-111] Finished Binding: CPU user time: 1.55 seconds. CPU system time: 0.04 seconds. Elapsed time: 1.94 seconds; current allocated memory: 1.774 GB.
INFO: [HLS 200-10] ----------------------------------------------------------------
INFO: [HLS 200-42] -- Implementing module 'Block_entry24_proc' 
INFO: [HLS 200-10] ----------------------------------------------------------------
INFO: [SCHED 204-11] Starting scheduling ...
INFO: [SCHED 204-11] Finished scheduling.
INFO: [HLS 200-111] Finished Scheduling: CPU user time: 0.71 seconds. CPU system time: 0.04 seconds. Elapsed time: 1.35 seconds; current allocated memory: 1.774 GB.
INFO: [BIND 205-100] Starting micro-architecture generation ...
INFO: [BIND 205-101] Performing variable lifetime analysis.
INFO: [BIND 205-101] Exploring resource sharing.
INFO: [BIND 205-101] Binding ...
INFO: [BIND 205-100] Finished micro-architecture generation.
INFO: [HLS 200-111] Finished Binding: CPU user time: 0.03 seconds. CPU system time: 0 seconds. Elapsed time: 1.05 seconds; current allocated memory: 1.774 GB.
INFO: [HLS 200-10] ----------------------------------------------------------------
INFO: [HLS 200-42] -- Implementing module 'hls_dummy' 
INFO: [HLS 200-10] ----------------------------------------------------------------
INFO: [SCHED 204-11] Starting scheduling ...
INFO: [SCHED 204-11] Finished scheduling.
INFO: [HLS 200-111] Finished Scheduling: CPU user time: 0.04 seconds. CPU system time: 0 seconds. Elapsed time: 0.46 seconds; current allocated memory: 1.774 GB.
INFO: [BIND 205-100] Starting micro-architecture generation ...
INFO: [BIND 205-101] Performing variable lifetime analysis.
INFO: [BIND 205-101] Exploring resource sharing.
INFO: [BIND 205-101] Binding ...
INFO: [BIND 205-100] Finished micro-architecture generation.
INFO: [HLS 200-111] Finished Binding: CPU user time: 0.1 seconds. CPU system time: 0 seconds. Elapsed time: 1.02 seconds; current allocated memory: 1.774 GB.
INFO: [HLS 200-10] ----------------------------------------------------------------
INFO: [HLS 200-10] -- Generating RTL for module 'operator_s' 
INFO: [HLS 200-10] ----------------------------------------------------------------
INFO: [RTGEN 206-100] Finished creating RTL model for 'operator_s'.
INFO: [HLS 200-111] Finished Creating RTL model: CPU user time: 0.18 seconds. CPU system time: 0.01 seconds. Elapsed time: 0.43 seconds; current allocated memory: 1.774 GB.
INFO: [HLS 200-10] ----------------------------------------------------------------
INFO: [HLS 200-10] -- Generating RTL for module 'sparse_input_reduce_ap_fixed_16_6_5_3_0_ap_uint_10_20_20_1_5_4' 
INFO: [HLS 200-10] ----------------------------------------------------------------
INFO: [RTGEN 206-104] Estimated max fanout for 'sparse_input_reduce_ap_fixed_16_6_5_3_0_ap_uint_10_20_20_1_5_4' is 6405 from HDL expression: (~((x_in_ap_vld == 1'b0) | (ap_done_reg == 1'b1) | (ap_start == 1'b0)) & (1'b1 == ap_CS_fsm_state1))
INFO: [RTGEN 206-100] Finished creating RTL model for 'sparse_input_reduce_ap_fixed_16_6_5_3_0_ap_uint_10_20_20_1_5_4'.
INFO: [HLS 200-111] Finished Creating RTL model: CPU user time: 1.03 seconds. CPU system time: 0.02 seconds. Elapsed time: 1.57 seconds; current allocated memory: 1.774 GB.
INFO: [HLS 200-10] ----------------------------------------------------------------
INFO: [HLS 200-10] -- Generating RTL for module 'Block_entry24_proc' 
INFO: [HLS 200-10] ----------------------------------------------------------------
INFO: [RTGEN 206-100] Finished creating RTL model for 'Block_entry24_proc'.
INFO: [HLS 200-111] Finished Creating RTL model: CPU user time: 2.1 seconds. CPU system time: 0.19 seconds. Elapsed time: 2.68 seconds; current allocated memory: 1.823 GB.
INFO: [HLS 200-10] ----------------------------------------------------------------
INFO: [HLS 200-10] -- Generating RTL for module 'hls_dummy' 
INFO: [HLS 200-10] ----------------------------------------------------------------
INFO: [RTGEN 206-500] Setting interface mode on port 'hls_dummy/x_in' to 'ap_vld'.
INFO: [RTGEN 206-500] Setting interface mode on port 'hls_dummy/layer2_out_0' to 'ap_vld'.
INFO: [RTGEN 206-500] Setting interface mode on port 'hls_dummy/layer2_out_1' to 'ap_vld'.
INFO: [RTGEN 206-500] Setting interface mode on port 'hls_dummy/layer2_out_2' to 'ap_vld'.
INFO: [RTGEN 206-500] Setting interface mode on port 'hls_dummy/layer2_out_3' to 'ap_vld'.
INFO: [RTGEN 206-500] Setting interface mode on port 'hls_dummy/layer2_out_4' to 'ap_vld'.
INFO: [RTGEN 206-500] Setting interface mode on function 'hls_dummy' to 'ap_ctrl_hs'.
INFO: [RTGEN 206-100] Finished creating RTL model for 'hls_dummy'.
INFO: [RTMG 210-285] Implementing FIFO 'sparse_arr_feat_reduce_out_U(hls_dummy_fifo_w16_d2_S)' using Shift Registers.
INFO: [RTMG 210-285] Implementing FIFO 'sparse_arr_feat_reduce_out_1_U(hls_dummy_fifo_w16_d2_S)' using Shift Registers.
INFO: [RTMG 210-285] Implementing FIFO 'sparse_arr_feat_reduce_out_2_U(hls_dummy_fifo_w16_d2_S)' using Shift Registers.
INFO: [RTMG 210-285] Implementing FIFO 'sparse_arr_feat_reduce_out_3_U(hls_dummy_fifo_w16_d2_S)' using Shift Registers.
INFO: [RTMG 210-285] Implementing FIFO 'sparse_arr_feat_reduce_out_4_U(hls_dummy_fifo_w16_d2_S)' using Shift Registers.
INFO: [HLS 200-111] Finished Creating RTL model: CPU user time: 0.08 seconds. CPU system time: 0.02 seconds. Elapsed time: 2.69 seconds; current allocated memory: 1.823 GB.
INFO: [HLS 200-111] Finished Generating all RTL models: CPU user time: 1.01 seconds. CPU system time: 0.03 seconds. Elapsed time: 1.12 seconds; current allocated memory: 1.826 GB.
INFO: [HLS 200-111] Finished Updating report files: CPU user time: 1.06 seconds. CPU system time: 0.04 seconds. Elapsed time: 1.09 seconds; current allocated memory: 1.835 GB.
INFO: [VHDL 208-304] Generating VHDL RTL for hls_dummy.
INFO: [VLOG 209-307] Generating Verilog RTL for hls_dummy.
INFO: [HLS 200-790] **** Loop Constraint Status: All loop constraints were NOT satisfied.
INFO: [HLS 200-789] **** Estimated Fmax: 307.50 MHz
INFO: [HLS 200-111] Finished Command csynth_design CPU user time: 79.31 seconds. CPU system time: 2.99 seconds. Elapsed time: 98.69 seconds; current allocated memory: 395.398 MB.
***** C/RTL SYNTHESIS COMPLETED IN 0h1m38s *****
***** VIVADO SYNTHESIS *****

****** Vivado v2023.1 (64-bit)
  **** SW Build 3865809 on Sun May  7 15:04:56 MDT 2023
  **** IP Build 3864474 on Sun May  7 20:36:21 MDT 2023
  **** SharedData Build 3865790 on Sun May 07 13:33:03 MDT 2023
    ** Copyright 1986-2022 Xilinx, Inc. All Rights Reserved.
    ** Copyright 2022-2023 Advanced Micro Devices, Inc. All Rights Reserved.

source vivado_synth.tcl
# set tcldir [file dirname [info script]]
# source [file join $tcldir project.tcl]
## variable project_name
## set project_name "hls_dummy"
## variable backend
## set backend "vitis"
## variable part
## set part "xcu250-figd2104-2L-e"
## variable clock_period
## set clock_period 5
## variable clock_uncertainty
## set clock_uncertainty 27%
## variable version
## set version "1.0.0"
## variable maximum_size
## set maximum_size 4096
# add_files ${project_name}_prj/solution1/syn/verilog
add_files: Time (s): cpu = 00:00:08 ; elapsed = 00:00:08 . Memory (MB): peak = 2408.109 ; gain = 114.023 ; free physical = 595712 ; free virtual = 687101
# synth_design -top ${project_name} -part $part
Command: synth_design -top hls_dummy -part xcu250-figd2104-2L-e
Starting synth_design
Attempting to get a license for feature 'Synthesis' and/or device 'xcu250'
INFO: [Common 17-349] Got license for feature 'Synthesis' and/or device 'xcu250'
INFO: [Synth 8-7079] Multithreading enabled for synth_design using a maximum of 4 processes.
INFO: [Synth 8-7078] Launching helper process for spawning children vivado processes
INFO: [Synth 8-7075] Helper process launched with PID 136469
---------------------------------------------------------------------------------
Starting Synthesize : Time (s): cpu = 00:00:04 ; elapsed = 00:00:04 . Memory (MB): peak = 2822.598 ; gain = 390.652 ; free physical = 583044 ; free virtual = 674433
---------------------------------------------------------------------------------
INFO: [Synth 8-6157] synthesizing module 'hls_dummy' [/home/coder/sparse-pixels/hls_proj/scaling/16b/reduction/reduction-in400/reduction-in400-out5/hls_dummy_prj/solution1/syn/verilog/hls_dummy.v:9]
INFO: [Synth 8-6157] synthesizing module 'hls_dummy_sparse_input_reduce_ap_fixed_16_6_5_3_0_ap_uint_10_20_20_1_5_4' [/home/coder/sparse-pixels/hls_proj/scaling/16b/reduction/reduction-in400/reduction-in400-out5/hls_dummy_prj/solution1/syn/verilog/hls_dummy_sparse_input_reduce_ap_fixed_16_6_5_3_0_ap_uint_10_20_20_1_5_4.v:9]
INFO: [Synth 8-6157] synthesizing module 'hls_dummy_operator_s' [/home/coder/sparse-pixels/hls_proj/scaling/16b/reduction/reduction-in400/reduction-in400-out5/hls_dummy_prj/solution1/syn/verilog/hls_dummy_operator_s.v:9]
INFO: [Synth 8-6155] done synthesizing module 'hls_dummy_operator_s' (0#1) [/home/coder/sparse-pixels/hls_proj/scaling/16b/reduction/reduction-in400/reduction-in400-out5/hls_dummy_prj/solution1/syn/verilog/hls_dummy_operator_s.v:9]
INFO: [Synth 8-6155] done synthesizing module 'hls_dummy_sparse_input_reduce_ap_fixed_16_6_5_3_0_ap_uint_10_20_20_1_5_4' (0#1) [/home/coder/sparse-pixels/hls_proj/scaling/16b/reduction/reduction-in400/reduction-in400-out5/hls_dummy_prj/solution1/syn/verilog/hls_dummy_sparse_input_reduce_ap_fixed_16_6_5_3_0_ap_uint_10_20_20_1_5_4.v:9]
INFO: [Synth 8-6157] synthesizing module 'hls_dummy_Block_entry24_proc' [/home/coder/sparse-pixels/hls_proj/scaling/16b/reduction/reduction-in400/reduction-in400-out5/hls_dummy_prj/solution1/syn/verilog/hls_dummy_Block_entry24_proc.v:9]
INFO: [Synth 8-6155] done synthesizing module 'hls_dummy_Block_entry24_proc' (0#1) [/home/coder/sparse-pixels/hls_proj/scaling/16b/reduction/reduction-in400/reduction-in400-out5/hls_dummy_prj/solution1/syn/verilog/hls_dummy_Block_entry24_proc.v:9]
INFO: [Synth 8-6157] synthesizing module 'hls_dummy_fifo_w16_d2_S' [/home/coder/sparse-pixels/hls_proj/scaling/16b/reduction/reduction-in400/reduction-in400-out5/hls_dummy_prj/solution1/syn/verilog/hls_dummy_fifo_w16_d2_S.v:11]
INFO: [Synth 8-6157] synthesizing module 'hls_dummy_fifo_w16_d2_S_ShiftReg' [/home/coder/sparse-pixels/hls_proj/scaling/16b/reduction/reduction-in400/reduction-in400-out5/hls_dummy_prj/solution1/syn/verilog/hls_dummy_fifo_w16_d2_S.v:120]
	Parameter DATA_WIDTH bound to: 16 - type: integer 
	Parameter ADDR_WIDTH bound to: 1 - type: integer 
	Parameter DEPTH bound to: 2 - type: integer 
INFO: [Synth 8-6155] done synthesizing module 'hls_dummy_fifo_w16_d2_S_ShiftReg' (0#1) [/home/coder/sparse-pixels/hls_proj/scaling/16b/reduction/reduction-in400/reduction-in400-out5/hls_dummy_prj/solution1/syn/verilog/hls_dummy_fifo_w16_d2_S.v:120]
INFO: [Synth 8-6155] done synthesizing module 'hls_dummy_fifo_w16_d2_S' (0#1) [/home/coder/sparse-pixels/hls_proj/scaling/16b/reduction/reduction-in400/reduction-in400-out5/hls_dummy_prj/solution1/syn/verilog/hls_dummy_fifo_w16_d2_S.v:11]
INFO: [Synth 8-6155] done synthesizing module 'hls_dummy' (0#1) [/home/coder/sparse-pixels/hls_proj/scaling/16b/reduction/reduction-in400/reduction-in400-out5/hls_dummy_prj/solution1/syn/verilog/hls_dummy.v:9]
WARNING: [Synth 8-7129] Port reset in module hls_dummy_fifo_w16_d2_S_ShiftReg is either unconnected or has no load
---------------------------------------------------------------------------------
Finished Synthesize : Time (s): cpu = 00:00:07 ; elapsed = 00:00:08 . Memory (MB): peak = 2990.691 ; gain = 558.746 ; free physical = 607493 ; free virtual = 698884
---------------------------------------------------------------------------------
---------------------------------------------------------------------------------
Finished Constraint Validation : Time (s): cpu = 00:00:08 ; elapsed = 00:00:09 . Memory (MB): peak = 2990.691 ; gain = 558.746 ; free physical = 608170 ; free virtual = 699561
---------------------------------------------------------------------------------
---------------------------------------------------------------------------------
Start Loading Part and Timing Information
---------------------------------------------------------------------------------
Loading part: xcu250-figd2104-2L-e
INFO: [Synth 8-6742] Reading net delay rules and data
---------------------------------------------------------------------------------
INFO: [Device 21-403] Loading part xcu250-figd2104-2L-e
Finished Loading Part and Timing Information : Time (s): cpu = 00:00:08 ; elapsed = 00:00:09 . Memory (MB): peak = 2998.695 ; gain = 566.750 ; free physical = 608139 ; free virtual = 699530
---------------------------------------------------------------------------------
INFO: [Synth 8-4490] FSM extraction disabled for register 'ap_CS_fsm_reg' through user attribute
INFO: [Synth 8-4490] FSM extraction disabled for register 'ap_CS_fsm_reg' through user attribute
---------------------------------------------------------------------------------
Finished RTL Optimization Phase 2 : Time (s): cpu = 00:00:13 ; elapsed = 00:00:11 . Memory (MB): peak = 3131.039 ; gain = 699.094 ; free physical = 605628 ; free virtual = 697022
---------------------------------------------------------------------------------
No constraint files found.
---------------------------------------------------------------------------------
Start RTL Component Statistics 
---------------------------------------------------------------------------------
Detailed RTL Component Info : 
+---Adders : 
	   2 Input    3 Bit       Adders := 1     
	   2 Input    2 Bit       Adders := 10    
+---XORs : 
	   2 Input      1 Bit         XORs := 10    
+---Registers : 
	               16 Bit    Registers := 526   
	               12 Bit    Registers := 106   
	                5 Bit    Registers := 1     
	                3 Bit    Registers := 2     
	                2 Bit    Registers := 5     
	                1 Bit    Registers := 21    
+---Muxes : 
	   2 Input   16 Bit        Muxes := 601   
	   2 Input   15 Bit        Muxes := 578   
	   2 Input   12 Bit        Muxes := 752   
	   2 Input    9 Bit        Muxes := 12    
	   6 Input    5 Bit        Muxes := 1     
	   2 Input    5 Bit        Muxes := 2     
	   2 Input    2 Bit        Muxes := 6     
	   2 Input    1 Bit        Muxes := 44    
---------------------------------------------------------------------------------
Finished RTL Component Statistics 
---------------------------------------------------------------------------------
---------------------------------------------------------------------------------
Start Part Resource Summary
---------------------------------------------------------------------------------
Part Resources:
DSPs: 12288 (col length:96)
BRAMs: 5376 (col length: RAMB18 384 RAMB36 192)
---------------------------------------------------------------------------------
Finished Part Resource Summary
---------------------------------------------------------------------------------
No constraint files found.
---------------------------------------------------------------------------------
Start Cross Boundary and Area Optimization
---------------------------------------------------------------------------------
WARNING: [Synth 8-7080] Parallel synthesis criteria is not met
---------------------------------------------------------------------------------
Finished Cross Boundary and Area Optimization : Time (s): cpu = 00:01:14 ; elapsed = 00:01:13 . Memory (MB): peak = 4211.562 ; gain = 1779.617 ; free physical = 575840 ; free virtual = 667257
---------------------------------------------------------------------------------
No constraint files found.
---------------------------------------------------------------------------------
Start Timing Optimization
---------------------------------------------------------------------------------
---------------------------------------------------------------------------------
Finished Timing Optimization : Time (s): cpu = 00:01:16 ; elapsed = 00:01:15 . Memory (MB): peak = 4211.562 ; gain = 1779.617 ; free physical = 594303 ; free virtual = 685720
---------------------------------------------------------------------------------
---------------------------------------------------------------------------------
Start Technology Mapping
---------------------------------------------------------------------------------
---------------------------------------------------------------------------------
Finished Technology Mapping : Time (s): cpu = 00:01:21 ; elapsed = 00:01:20 . Memory (MB): peak = 4211.562 ; gain = 1779.617 ; free physical = 612571 ; free virtual = 703989
---------------------------------------------------------------------------------
---------------------------------------------------------------------------------
Start IO Insertion
---------------------------------------------------------------------------------
---------------------------------------------------------------------------------
Start Flattening Before IO Insertion
---------------------------------------------------------------------------------
---------------------------------------------------------------------------------
Finished Flattening Before IO Insertion
---------------------------------------------------------------------------------
---------------------------------------------------------------------------------
Start Final Netlist Cleanup
---------------------------------------------------------------------------------
---------------------------------------------------------------------------------
Finished Final Netlist Cleanup
---------------------------------------------------------------------------------
---------------------------------------------------------------------------------
Finished IO Insertion : Time (s): cpu = 00:01:27 ; elapsed = 00:01:26 . Memory (MB): peak = 4211.562 ; gain = 1779.617 ; free physical = 610614 ; free virtual = 702031
---------------------------------------------------------------------------------
---------------------------------------------------------------------------------
Start Renaming Generated Instances
---------------------------------------------------------------------------------
---------------------------------------------------------------------------------
Finished Renaming Generated Instances : Time (s): cpu = 00:01:28 ; elapsed = 00:01:27 . Memory (MB): peak = 4211.562 ; gain = 1779.617 ; free physical = 609261 ; free virtual = 700678
---------------------------------------------------------------------------------
---------------------------------------------------------------------------------
Start Rebuilding User Hierarchy
---------------------------------------------------------------------------------
---------------------------------------------------------------------------------
Finished Rebuilding User Hierarchy : Time (s): cpu = 00:01:29 ; elapsed = 00:01:28 . Memory (MB): peak = 4211.562 ; gain = 1779.617 ; free physical = 606916 ; free virtual = 698334
---------------------------------------------------------------------------------
---------------------------------------------------------------------------------
Start Renaming Generated Ports
---------------------------------------------------------------------------------
---------------------------------------------------------------------------------
Finished Renaming Generated Ports : Time (s): cpu = 00:01:29 ; elapsed = 00:01:28 . Memory (MB): peak = 4211.562 ; gain = 1779.617 ; free physical = 606672 ; free virtual = 698089
---------------------------------------------------------------------------------
---------------------------------------------------------------------------------
Start Handling Custom Attributes
---------------------------------------------------------------------------------
---------------------------------------------------------------------------------
Finished Handling Custom Attributes : Time (s): cpu = 00:01:35 ; elapsed = 00:01:34 . Memory (MB): peak = 4211.562 ; gain = 1779.617 ; free physical = 612429 ; free virtual = 703847
---------------------------------------------------------------------------------
---------------------------------------------------------------------------------
Start Renaming Generated Nets
---------------------------------------------------------------------------------
---------------------------------------------------------------------------------
Finished Renaming Generated Nets : Time (s): cpu = 00:01:35 ; elapsed = 00:01:34 . Memory (MB): peak = 4211.562 ; gain = 1779.617 ; free physical = 612284 ; free virtual = 703702
---------------------------------------------------------------------------------
---------------------------------------------------------------------------------
Start Writing Synthesis Report
---------------------------------------------------------------------------------

Report BlackBoxes: 
+-+--------------+----------+
| |BlackBox name |Instances |
+-+--------------+----------+
+-+--------------+----------+

Report Cell Usage: 
+------+-------+------+
|      |Cell   |Count |
+------+-------+------+
|1     |BUFG   |     1|
|2     |CARRY8 |   578|
|3     |LUT1   |    54|
|4     |LUT2   |  2431|
|5     |LUT3   |  2152|
|6     |LUT4   |  6826|
|7     |LUT5   |  7146|
|8     |LUT6   |  6701|
|9     |MUXF7  |    56|
|10    |FDRE   |  8856|
|11    |FDSE   |    16|
|12    |IBUF   |  6404|
|13    |OBUF   |    88|
+------+-------+------+

Report Instance Areas: 
+------+--------------------------------------------------------------------+-------------------------------------------------------------------------+------+
|      |Instance                                                            |Module                                                                   |Cells |
+------+--------------------------------------------------------------------+-------------------------------------------------------------------------+------+
|1     |top                                                                 |                                                                         | 41309|
|2     |  Block_entry24_proc_U0                                             |hls_dummy_Block_entry24_proc                                             |    75|
|3     |  sparse_arr_feat_reduce_out_1_U                                    |hls_dummy_fifo_w16_d2_S                                                  |    69|
|4     |    U_hls_dummy_fifo_w16_d2_S_ShiftReg                              |hls_dummy_fifo_w16_d2_S_ShiftReg_34                                      |    61|
|5     |  sparse_arr_feat_reduce_out_2_U                                    |hls_dummy_fifo_w16_d2_S_0                                                |    69|
|6     |    U_hls_dummy_fifo_w16_d2_S_ShiftReg                              |hls_dummy_fifo_w16_d2_S_ShiftReg_33                                      |    61|
|7     |  sparse_arr_feat_reduce_out_3_U                                    |hls_dummy_fifo_w16_d2_S_1                                                |    75|
|8     |    U_hls_dummy_fifo_w16_d2_S_ShiftReg                              |hls_dummy_fifo_w16_d2_S_ShiftReg_32                                      |    61|
|9     |  sparse_arr_feat_reduce_out_4_U                                    |hls_dummy_fifo_w16_d2_S_2                                                |    74|
|10    |    U_hls_dummy_fifo_w16_d2_S_ShiftReg                              |hls_dummy_fifo_w16_d2_S_ShiftReg_31                                      |    61|
|11    |  sparse_arr_feat_reduce_out_U                                      |hls_dummy_fifo_w16_d2_S_3                                                |    70|
|12    |    U_hls_dummy_fifo_w16_d2_S_ShiftReg                              |hls_dummy_fifo_w16_d2_S_ShiftReg                                         |    61|
|13    |  sparse_input_reduce_ap_fixed_16_6_5_3_0_ap_uint_10_20_20_1_5_4_U0 |hls_dummy_sparse_input_reduce_ap_fixed_16_6_5_3_0_ap_uint_10_20_20_1_5_4 | 34379|
|14    |    call_ret191_operator_s_fu_6210                                  |hls_dummy_operator_s                                                     |     2|
|15    |    call_ret192_operator_s_fu_6220                                  |hls_dummy_operator_s_4                                                   |     2|
|16    |    call_ret193_operator_s_fu_6230                                  |hls_dummy_operator_s_5                                                   |     2|
|17    |    call_ret201_operator_s_fu_6294                                  |hls_dummy_operator_s_6                                                   |     2|
|18    |    call_ret202_operator_s_fu_6304                                  |hls_dummy_operator_s_7                                                   |     2|
|19    |    call_ret203_operator_s_fu_6314                                  |hls_dummy_operator_s_8                                                   |     2|
|20    |    call_ret222_operator_s_fu_6434                                  |hls_dummy_operator_s_9                                                   |     2|
|21    |    call_ret223_operator_s_fu_6444                                  |hls_dummy_operator_s_10                                                  |     2|
|22    |    call_ret224_operator_s_fu_6454                                  |hls_dummy_operator_s_11                                                  |     2|
|23    |    call_ret259_operator_s_fu_6686                                  |hls_dummy_operator_s_12                                                  |     2|
|24    |    call_ret260_operator_s_fu_6696                                  |hls_dummy_operator_s_13                                                  |     2|
|25    |    call_ret261_operator_s_fu_6706                                  |hls_dummy_operator_s_14                                                  |     2|
|26    |    call_ret274_operator_s_fu_6798                                  |hls_dummy_operator_s_15                                                  |     2|
|27    |    call_ret275_operator_s_fu_6808                                  |hls_dummy_operator_s_16                                                  |     2|
|28    |    call_ret276_operator_s_fu_6818                                  |hls_dummy_operator_s_17                                                  |     2|
|29    |    call_ret290_operator_s_fu_6910                                  |hls_dummy_operator_s_18                                                  |     2|
|30    |    call_ret291_operator_s_fu_6920                                  |hls_dummy_operator_s_19                                                  |     2|
|31    |    call_ret292_operator_s_fu_6930                                  |hls_dummy_operator_s_20                                                  |     2|
|32    |    call_ret350_operator_s_fu_7330                                  |hls_dummy_operator_s_21                                                  |     2|
|33    |    call_ret351_operator_s_fu_7340                                  |hls_dummy_operator_s_22                                                  |     2|
|34    |    call_ret352_operator_s_fu_7350                                  |hls_dummy_operator_s_23                                                  |     2|
|35    |    call_ret353_operator_s_fu_7358                                  |hls_dummy_operator_s_24                                                  |     2|
|36    |    call_ret354_operator_s_fu_7368                                  |hls_dummy_operator_s_25                                                  |     2|
|37    |    call_ret355_operator_s_fu_7378                                  |hls_dummy_operator_s_26                                                  |     2|
|38    |    call_ret360_operator_s_fu_7414                                  |hls_dummy_operator_s_27                                                  |     2|
|39    |    call_ret361_operator_s_fu_7424                                  |hls_dummy_operator_s_28                                                  |     2|
|40    |    call_ret362_operator_s_fu_7434                                  |hls_dummy_operator_s_29                                                  |     2|
|41    |    grp_operator_s_fu_5454                                          |hls_dummy_operator_s_30                                                  |     2|
+------+--------------------------------------------------------------------+-------------------------------------------------------------------------+------+
---------------------------------------------------------------------------------
Finished Writing Synthesis Report : Time (s): cpu = 00:01:35 ; elapsed = 00:01:34 . Memory (MB): peak = 4211.562 ; gain = 1779.617 ; free physical = 612167 ; free virtual = 703585
---------------------------------------------------------------------------------
Synthesis finished with 0 errors, 0 critical warnings and 2 warnings.
Synthesis Optimization Runtime : Time (s): cpu = 00:01:35 ; elapsed = 00:01:34 . Memory (MB): peak = 4211.562 ; gain = 1779.617 ; free physical = 612121 ; free virtual = 703538
Synthesis Optimization Complete : Time (s): cpu = 00:01:35 ; elapsed = 00:01:34 . Memory (MB): peak = 4211.570 ; gain = 1779.617 ; free physical = 612116 ; free virtual = 703534
INFO: [Project 1-571] Translating synthesized netlist
Netlist sorting complete. Time (s): cpu = 00:00:00.34 ; elapsed = 00:00:00.34 . Memory (MB): peak = 4219.562 ; gain = 0.000 ; free physical = 612697 ; free virtual = 704115
INFO: [Netlist 29-17] Analyzing 7039 Unisim elements for replacement
INFO: [Netlist 29-28] Unisim Transformation completed in 1 CPU seconds
WARNING: [Netlist 29-101] Netlist 'hls_dummy' is not ideal for floorplanning, since the cellview 'hls_dummy_sparse_input_reduce_ap_fixed_16_6_5_3_0_ap_uint_10_20_20_1_5_4' contains a large number of primitives.  Please consider enabling hierarchy in synthesis if you want to do floorplanning.
INFO: [Project 1-570] Preparing netlist for logic optimization
INFO: [Opt 31-138] Pushed 0 inverter(s) to 0 load pin(s).
Netlist sorting complete. Time (s): cpu = 00:00:00.02 ; elapsed = 00:00:00.01 . Memory (MB): peak = 4295.402 ; gain = 0.000 ; free physical = 587943 ; free virtual = 679361
INFO: [Project 1-111] Unisim Transformation Summary:
  A total of 6405 instances were transformed.
  BUFG => BUFGCE: 1 instance 
  IBUF => IBUF (IBUFCTRL, INBUF): 6404 instances

Synth Design complete | Checksum: ad967c24
INFO: [Common 17-83] Releasing license: Synthesis
27 Infos, 3 Warnings, 0 Critical Warnings and 0 Errors encountered.
synth_design completed successfully
synth_design: Time (s): cpu = 00:01:51 ; elapsed = 00:01:47 . Memory (MB): peak = 4295.402 ; gain = 1887.293 ; free physical = 586508 ; free virtual = 677926
INFO: [Common 17-2834] synth_design peak Physical Memory [PSS] (MB): overall = 3865.560; main = 3597.841; forked = 369.718
INFO: [Common 17-2834] synth_design peak Virtual Memory [VSS] (MB): overall = 5178.926; main = 4295.406; forked = 967.359
# opt_design -retarget -propconst -sweep -bram_power_opt -shift_register_opt
Command: opt_design -retarget -propconst -sweep -bram_power_opt -shift_register_opt
Attempting to get a license for feature 'Implementation' and/or device 'xcu250'
INFO: [Common 17-349] Got license for feature 'Implementation' and/or device 'xcu250'
Running DRC as a precondition to command opt_design

Starting DRC Task
INFO: [DRC 23-27] Running DRC with 8 threads
INFO: [Project 1-461] DRC finished with 0 Errors
INFO: [Project 1-462] Please refer to the DRC report (report_drc) for more information.

Time (s): cpu = 00:00:03 ; elapsed = 00:00:01 . Memory (MB): peak = 4359.434 ; gain = 64.031 ; free physical = 581284 ; free virtual = 672702

Starting Cache Timing Information Task
INFO: [Timing 38-35] Done setting XDC timing constraints.
Ending Cache Timing Information Task | Checksum: e64fb2b0

Time (s): cpu = 00:00:06 ; elapsed = 00:00:03 . Memory (MB): peak = 4425.824 ; gain = 66.391 ; free physical = 588709 ; free virtual = 680126

Starting Logic Optimization Task

Phase 1 Retarget
INFO: [Opt 31-1566] Pulled 24 inverters resulting in an inversion of 55 pins
INFO: [Opt 31-138] Pushed 0 inverter(s) to 0 load pin(s).
INFO: [Opt 31-49] Retargeted 0 cell(s).
Phase 1 Retarget | Checksum: 115750a1d

Time (s): cpu = 00:00:03 ; elapsed = 00:00:02 . Memory (MB): peak = 4588.777 ; gain = 0.000 ; free physical = 607945 ; free virtual = 699363
INFO: [Opt 31-389] Phase Retarget created 12 cells and removed 36 cells

Phase 2 Constant propagation
INFO: [Opt 31-138] Pushed 0 inverter(s) to 0 load pin(s).
Phase 2 Constant propagation | Checksum: f83daf7d

Time (s): cpu = 00:00:04 ; elapsed = 00:00:03 . Memory (MB): peak = 4588.777 ; gain = 0.000 ; free physical = 607212 ; free virtual = 698630
INFO: [Opt 31-389] Phase Constant propagation created 21 cells and removed 43 cells

Phase 3 Sweep
Phase 3 Sweep | Checksum: 7d58606c

Time (s): cpu = 00:00:04 ; elapsed = 00:00:03 . Memory (MB): peak = 4588.777 ; gain = 0.000 ; free physical = 607175 ; free virtual = 698593
INFO: [Opt 31-389] Phase Sweep created 1 cells and removed 0 cells

Phase 4 Shift Register Optimization
INFO: [Opt 31-1064] SRL Remap converted 0 SRLs to 0 registers and converted 0 registers of register chains to 0 SRLs
Phase 4 Shift Register Optimization | Checksum: a6199fd6

Time (s): cpu = 00:00:06 ; elapsed = 00:00:05 . Memory (MB): peak = 4588.777 ; gain = 0.000 ; free physical = 612794 ; free virtual = 704212
INFO: [Opt 31-389] Phase Shift Register Optimization created 0 cells and removed 0 cells

Phase 5 Post Processing Netlist
Phase 5 Post Processing Netlist | Checksum: 101070ede

Time (s): cpu = 00:00:06 ; elapsed = 00:00:05 . Memory (MB): peak = 4588.777 ; gain = 0.000 ; free physical = 612522 ; free virtual = 703940
INFO: [Opt 31-389] Phase Post Processing Netlist created 0 cells and removed 0 cells
Opt_design Change Summary
=========================


-------------------------------------------------------------------------------------------------------------------------
|  Phase                        |  #Cells created  |  #Cells Removed  |  #Constrained objects preventing optimizations  |
-------------------------------------------------------------------------------------------------------------------------
|  Retarget                     |              12  |              36  |                                              0  |
|  Constant propagation         |              21  |              43  |                                              0  |
|  Sweep                        |               1  |               0  |                                              0  |
|  Shift Register Optimization  |               0  |               0  |                                              0  |
|  Post Processing Netlist      |               0  |               0  |                                              0  |
-------------------------------------------------------------------------------------------------------------------------


Ending Logic Optimization Task | Checksum: f5c8e12a

Time (s): cpu = 00:00:06 ; elapsed = 00:00:05 . Memory (MB): peak = 4588.777 ; gain = 0.000 ; free physical = 612398 ; free virtual = 703816

Starting Power Optimization Task
INFO: [Pwropt 34-132] Skipping clock gating for clocks with a period < 2.00 ns.
Ending Power Optimization Task | Checksum: f5c8e12a

Time (s): cpu = 00:00:00.05 ; elapsed = 00:00:00.05 . Memory (MB): peak = 4588.777 ; gain = 0.000 ; free physical = 612762 ; free virtual = 704180

Starting Final Cleanup Task
Ending Final Cleanup Task | Checksum: f5c8e12a

Time (s): cpu = 00:00:00 ; elapsed = 00:00:00.01 . Memory (MB): peak = 4588.777 ; gain = 0.000 ; free physical = 612792 ; free virtual = 704210

Starting Netlist Obfuscation Task
Netlist sorting complete. Time (s): cpu = 00:00:00.01 ; elapsed = 00:00:00.01 . Memory (MB): peak = 4588.777 ; gain = 0.000 ; free physical = 612775 ; free virtual = 704193
Ending Netlist Obfuscation Task | Checksum: f5c8e12a

Time (s): cpu = 00:00:00.02 ; elapsed = 00:00:00.02 . Memory (MB): peak = 4588.777 ; gain = 0.000 ; free physical = 612764 ; free virtual = 704182
INFO: [Common 17-83] Releasing license: Implementation
17 Infos, 0 Warnings, 0 Critical Warnings and 0 Errors encountered.
opt_design completed successfully
opt_design: Time (s): cpu = 00:00:17 ; elapsed = 00:00:12 . Memory (MB): peak = 4588.777 ; gain = 293.375 ; free physical = 612763 ; free virtual = 704181
# report_utilization -file vivado_synth.rpt -hierarchical -hierarchical_depth 1
INFO: [Common 17-206] Exiting Vivado at Sun Jul 20 03:55:48 2025...
***** VIVADO SYNTHESIS COMPLETED IN 0h2m27s *****
INFO: [HLS 200-112] Total CPU user time: 229.09 seconds. Total CPU system time: 12.39 seconds. Total elapsed time: 254.02 seconds; peak allocated memory: 1.835 GB.
INFO: [Common 17-206] Exiting vitis_hls at Sun Jul 20 03:55:59 2025...
