Copyright 1986-2022 Xilinx, Inc. All Rights Reserved. Copyright 2022-2023 Advanced Micro Devices, Inc. All Rights Reserved.
---------------------------------------------------------------------------------------------------------------------------------------------
| Tool Version : Vivado v.2023.1 (lin64) Build 3865809 Sun May  7 15:04:56 MDT 2023
| Date         : Wed Jul  9 05:13:40 2025
| Host         : coder-hftsoi-hls running 64-bit Ubuntu 20.04.6 LTS
| Command      : report_utilization -file vivado_synth.rpt -hierarchical -hierarchical_depth 1
| Design       : hls_dummy
| Device       : xcu250-figd2104-2L-e
| Speed File   : -2L
| Design State : Optimized
---------------------------------------------------------------------------------------------------------------------------------------------

Utilization Design Information

Table of Contents
-----------------
1. Utilization by Hierarchy

1. Utilization by Hierarchy
---------------------------

+----------------------------------------------------------------------+----------------------------------------------------------------------------+------------+------------+---------+------+-------+--------+--------+------+------------+
|                               Instance                               |                                   Module                                   | Total LUTs | Logic LUTs | LUTRAMs | SRLs |  FFs  | RAMB36 | RAMB18 | URAM | DSP Blocks |
+----------------------------------------------------------------------+----------------------------------------------------------------------------+------------+------------+---------+------+-------+--------+--------+------+------------+
| hls_dummy                                                            |                                                                      (top) |      40826 |      40826 |       0 |    0 | 13166 |      0 |      0 |    0 |          0 |
|   (hls_dummy)                                                        |                                                                      (top) |          0 |          0 |       0 |    0 |   160 |      0 |      0 |    0 |          0 |
|   Block_entry28_proc_U0                                              |                                               hls_dummy_Block_entry28_proc |          0 |          0 |       0 |    0 |  1000 |      0 |      0 |    0 |          0 |
|   flatten_out_10_U                                                   |                                                    hls_dummy_fifo_w10_d2_S |         30 |         30 |       0 |    0 |    24 |      0 |      0 |    0 |          0 |
|   flatten_out_11_U                                                   |                                                  hls_dummy_fifo_w10_d2_S_0 |         25 |         25 |       0 |    0 |    24 |      0 |      0 |    0 |          0 |
|   flatten_out_12_U                                                   |                                                  hls_dummy_fifo_w10_d2_S_1 |         26 |         26 |       0 |    0 |    24 |      0 |      0 |    0 |          0 |
|   flatten_out_13_U                                                   |                                                  hls_dummy_fifo_w10_d2_S_2 |         25 |         25 |       0 |    0 |    24 |      0 |      0 |    0 |          0 |
|   flatten_out_14_U                                                   |                                                  hls_dummy_fifo_w10_d2_S_3 |         26 |         26 |       0 |    0 |    24 |      0 |      0 |    0 |          0 |
|   flatten_out_15_U                                                   |                                                  hls_dummy_fifo_w10_d2_S_4 |         25 |         25 |       0 |    0 |    24 |      0 |      0 |    0 |          0 |
|   flatten_out_16_U                                                   |                                                  hls_dummy_fifo_w10_d2_S_5 |         27 |         27 |       0 |    0 |    24 |      0 |      0 |    0 |          0 |
|   flatten_out_17_U                                                   |                                                  hls_dummy_fifo_w10_d2_S_6 |         25 |         25 |       0 |    0 |    24 |      0 |      0 |    0 |          0 |
|   flatten_out_18_U                                                   |                                                  hls_dummy_fifo_w10_d2_S_7 |         26 |         26 |       0 |    0 |    24 |      0 |      0 |    0 |          0 |
|   flatten_out_19_U                                                   |                                                  hls_dummy_fifo_w10_d2_S_8 |         25 |         25 |       0 |    0 |    24 |      0 |      0 |    0 |          0 |
|   flatten_out_1_U                                                    |                                                  hls_dummy_fifo_w10_d2_S_9 |         26 |         26 |       0 |    0 |    24 |      0 |      0 |    0 |          0 |
|   flatten_out_20_U                                                   |                                                 hls_dummy_fifo_w10_d2_S_10 |         25 |         25 |       0 |    0 |    24 |      0 |      0 |    0 |          0 |
|   flatten_out_21_U                                                   |                                                 hls_dummy_fifo_w10_d2_S_11 |         26 |         26 |       0 |    0 |    24 |      0 |      0 |    0 |          0 |
|   flatten_out_22_U                                                   |                                                 hls_dummy_fifo_w10_d2_S_12 |         27 |         27 |       0 |    0 |    24 |      0 |      0 |    0 |          0 |
|   flatten_out_23_U                                                   |                                                 hls_dummy_fifo_w10_d2_S_13 |         25 |         25 |       0 |    0 |    24 |      0 |      0 |    0 |          0 |
|   flatten_out_24_U                                                   |                                                 hls_dummy_fifo_w10_d2_S_14 |         25 |         25 |       0 |    0 |    24 |      0 |      0 |    0 |          0 |
|   flatten_out_25_U                                                   |                                                 hls_dummy_fifo_w10_d2_S_15 |         26 |         26 |       0 |    0 |    24 |      0 |      0 |    0 |          0 |
|   flatten_out_26_U                                                   |                                                 hls_dummy_fifo_w10_d2_S_16 |         26 |         26 |       0 |    0 |    24 |      0 |      0 |    0 |          0 |
|   flatten_out_27_U                                                   |                                                 hls_dummy_fifo_w10_d2_S_17 |         25 |         25 |       0 |    0 |    24 |      0 |      0 |    0 |          0 |
|   flatten_out_28_U                                                   |                                                 hls_dummy_fifo_w10_d2_S_18 |         28 |         28 |       0 |    0 |    24 |      0 |      0 |    0 |          0 |
|   flatten_out_29_U                                                   |                                                 hls_dummy_fifo_w10_d2_S_19 |         25 |         25 |       0 |    0 |    24 |      0 |      0 |    0 |          0 |
|   flatten_out_2_U                                                    |                                                 hls_dummy_fifo_w10_d2_S_20 |         25 |         25 |       0 |    0 |    24 |      0 |      0 |    0 |          0 |
|   flatten_out_30_U                                                   |                                                 hls_dummy_fifo_w10_d2_S_21 |         25 |         25 |       0 |    0 |    24 |      0 |      0 |    0 |          0 |
|   flatten_out_31_U                                                   |                                                 hls_dummy_fifo_w10_d2_S_22 |         25 |         25 |       0 |    0 |    24 |      0 |      0 |    0 |          0 |
|   flatten_out_32_U                                                   |                                                 hls_dummy_fifo_w10_d2_S_23 |         25 |         25 |       0 |    0 |    24 |      0 |      0 |    0 |          0 |
|   flatten_out_33_U                                                   |                                                 hls_dummy_fifo_w10_d2_S_24 |         26 |         26 |       0 |    0 |    24 |      0 |      0 |    0 |          0 |
|   flatten_out_34_U                                                   |                                                 hls_dummy_fifo_w10_d2_S_25 |         27 |         27 |       0 |    0 |    24 |      0 |      0 |    0 |          0 |
|   flatten_out_35_U                                                   |                                                 hls_dummy_fifo_w10_d2_S_26 |         25 |         25 |       0 |    0 |    24 |      0 |      0 |    0 |          0 |
|   flatten_out_36_U                                                   |                                                 hls_dummy_fifo_w10_d2_S_27 |         25 |         25 |       0 |    0 |    24 |      0 |      0 |    0 |          0 |
|   flatten_out_37_U                                                   |                                                 hls_dummy_fifo_w10_d2_S_28 |         26 |         26 |       0 |    0 |    24 |      0 |      0 |    0 |          0 |
|   flatten_out_38_U                                                   |                                                 hls_dummy_fifo_w10_d2_S_29 |         25 |         25 |       0 |    0 |    24 |      0 |      0 |    0 |          0 |
|   flatten_out_39_U                                                   |                                                 hls_dummy_fifo_w10_d2_S_30 |         25 |         25 |       0 |    0 |    24 |      0 |      0 |    0 |          0 |
|   flatten_out_3_U                                                    |                                                 hls_dummy_fifo_w10_d2_S_31 |         26 |         26 |       0 |    0 |    24 |      0 |      0 |    0 |          0 |
|   flatten_out_40_U                                                   |                                                 hls_dummy_fifo_w10_d2_S_32 |         27 |         27 |       0 |    0 |    24 |      0 |      0 |    0 |          0 |
|   flatten_out_41_U                                                   |                                                 hls_dummy_fifo_w10_d2_S_33 |         26 |         26 |       0 |    0 |    24 |      0 |      0 |    0 |          0 |
|   flatten_out_42_U                                                   |                                                 hls_dummy_fifo_w10_d2_S_34 |         25 |         25 |       0 |    0 |    24 |      0 |      0 |    0 |          0 |
|   flatten_out_43_U                                                   |                                                 hls_dummy_fifo_w10_d2_S_35 |         26 |         26 |       0 |    0 |    24 |      0 |      0 |    0 |          0 |
|   flatten_out_44_U                                                   |                                                 hls_dummy_fifo_w10_d2_S_36 |         25 |         25 |       0 |    0 |    24 |      0 |      0 |    0 |          0 |
|   flatten_out_45_U                                                   |                                                 hls_dummy_fifo_w10_d2_S_37 |         25 |         25 |       0 |    0 |    24 |      0 |      0 |    0 |          0 |
|   flatten_out_46_U                                                   |                                                 hls_dummy_fifo_w10_d2_S_38 |         28 |         28 |       0 |    0 |    24 |      0 |      0 |    0 |          0 |
|   flatten_out_47_U                                                   |                                                 hls_dummy_fifo_w10_d2_S_39 |         26 |         26 |       0 |    0 |    24 |      0 |      0 |    0 |          0 |
|   flatten_out_48_U                                                   |                                                 hls_dummy_fifo_w10_d2_S_40 |         25 |         25 |       0 |    0 |    24 |      0 |      0 |    0 |          0 |
|   flatten_out_49_U                                                   |                                                 hls_dummy_fifo_w10_d2_S_41 |         25 |         25 |       0 |    0 |    24 |      0 |      0 |    0 |          0 |
|   flatten_out_4_U                                                    |                                                 hls_dummy_fifo_w10_d2_S_42 |         27 |         27 |       0 |    0 |    24 |      0 |      0 |    0 |          0 |
|   flatten_out_50_U                                                   |                                                 hls_dummy_fifo_w10_d2_S_43 |         26 |         26 |       0 |    0 |    24 |      0 |      0 |    0 |          0 |
|   flatten_out_51_U                                                   |                                                 hls_dummy_fifo_w10_d2_S_44 |         25 |         25 |       0 |    0 |    24 |      0 |      0 |    0 |          0 |
|   flatten_out_52_U                                                   |                                                 hls_dummy_fifo_w10_d2_S_45 |         28 |         28 |       0 |    0 |    24 |      0 |      0 |    0 |          0 |
|   flatten_out_53_U                                                   |                                                 hls_dummy_fifo_w10_d2_S_46 |         25 |         25 |       0 |    0 |    24 |      0 |      0 |    0 |          0 |
|   flatten_out_54_U                                                   |                                                 hls_dummy_fifo_w10_d2_S_47 |         26 |         26 |       0 |    0 |    24 |      0 |      0 |    0 |          0 |
|   flatten_out_55_U                                                   |                                                 hls_dummy_fifo_w10_d2_S_48 |         25 |         25 |       0 |    0 |    24 |      0 |      0 |    0 |          0 |
|   flatten_out_56_U                                                   |                                                 hls_dummy_fifo_w10_d2_S_49 |         26 |         26 |       0 |    0 |    24 |      0 |      0 |    0 |          0 |
|   flatten_out_57_U                                                   |                                                 hls_dummy_fifo_w10_d2_S_50 |         25 |         25 |       0 |    0 |    24 |      0 |      0 |    0 |          0 |
|   flatten_out_58_U                                                   |                                                 hls_dummy_fifo_w10_d2_S_51 |         28 |         28 |       0 |    0 |    24 |      0 |      0 |    0 |          0 |
|   flatten_out_59_U                                                   |                                                 hls_dummy_fifo_w10_d2_S_52 |         25 |         25 |       0 |    0 |    24 |      0 |      0 |    0 |          0 |
|   flatten_out_5_U                                                    |                                                 hls_dummy_fifo_w10_d2_S_53 |         25 |         25 |       0 |    0 |    24 |      0 |      0 |    0 |          0 |
|   flatten_out_60_U                                                   |                                                 hls_dummy_fifo_w10_d2_S_54 |         25 |         25 |       0 |    0 |    24 |      0 |      0 |    0 |          0 |
|   flatten_out_61_U                                                   |                                                 hls_dummy_fifo_w10_d2_S_55 |         25 |         25 |       0 |    0 |    24 |      0 |      0 |    0 |          0 |
|   flatten_out_62_U                                                   |                                                 hls_dummy_fifo_w10_d2_S_56 |         25 |         25 |       0 |    0 |    24 |      0 |      0 |    0 |          0 |
|   flatten_out_63_U                                                   |                                                 hls_dummy_fifo_w10_d2_S_57 |         26 |         26 |       0 |    0 |    24 |      0 |      0 |    0 |          0 |
|   flatten_out_64_U                                                   |                                                 hls_dummy_fifo_w10_d2_S_58 |         27 |         27 |       0 |    0 |    24 |      0 |      0 |    0 |          0 |
|   flatten_out_65_U                                                   |                                                 hls_dummy_fifo_w10_d2_S_59 |         25 |         25 |       0 |    0 |    24 |      0 |      0 |    0 |          0 |
|   flatten_out_66_U                                                   |                                                 hls_dummy_fifo_w10_d2_S_60 |         25 |         25 |       0 |    0 |    24 |      0 |      0 |    0 |          0 |
|   flatten_out_67_U                                                   |                                                 hls_dummy_fifo_w10_d2_S_61 |         26 |         26 |       0 |    0 |    24 |      0 |      0 |    0 |          0 |
|   flatten_out_68_U                                                   |                                                 hls_dummy_fifo_w10_d2_S_62 |         25 |         25 |       0 |    0 |    24 |      0 |      0 |    0 |          0 |
|   flatten_out_69_U                                                   |                                                 hls_dummy_fifo_w10_d2_S_63 |         25 |         25 |       0 |    0 |    24 |      0 |      0 |    0 |          0 |
|   flatten_out_6_U                                                    |                                                 hls_dummy_fifo_w10_d2_S_64 |         26 |         26 |       0 |    0 |    24 |      0 |      0 |    0 |          0 |
|   flatten_out_70_U                                                   |                                                 hls_dummy_fifo_w10_d2_S_65 |         28 |         28 |       0 |    0 |    24 |      0 |      0 |    0 |          0 |
|   flatten_out_71_U                                                   |                                                 hls_dummy_fifo_w10_d2_S_66 |         25 |         25 |       0 |    0 |    24 |      0 |      0 |    0 |          0 |
|   flatten_out_72_U                                                   |                                                 hls_dummy_fifo_w10_d2_S_67 |         26 |         26 |       0 |    0 |    24 |      0 |      0 |    0 |          0 |
|   flatten_out_73_U                                                   |                                                 hls_dummy_fifo_w10_d2_S_68 |         25 |         25 |       0 |    0 |    24 |      0 |      0 |    0 |          0 |
|   flatten_out_74_U                                                   |                                                 hls_dummy_fifo_w10_d2_S_69 |         25 |         25 |       0 |    0 |    24 |      0 |      0 |    0 |          0 |
|   flatten_out_75_U                                                   |                                                 hls_dummy_fifo_w10_d2_S_70 |         27 |         27 |       0 |    0 |    24 |      0 |      0 |    0 |          0 |
|   flatten_out_76_U                                                   |                                                 hls_dummy_fifo_w10_d2_S_71 |         26 |         26 |       0 |    0 |    24 |      0 |      0 |    0 |          0 |
|   flatten_out_77_U                                                   |                                                 hls_dummy_fifo_w10_d2_S_72 |         25 |         25 |       0 |    0 |    24 |      0 |      0 |    0 |          0 |
|   flatten_out_78_U                                                   |                                                 hls_dummy_fifo_w10_d2_S_73 |         25 |         25 |       0 |    0 |    24 |      0 |      0 |    0 |          0 |
|   flatten_out_79_U                                                   |                                                 hls_dummy_fifo_w10_d2_S_74 |         25 |         25 |       0 |    0 |    24 |      0 |      0 |    0 |          0 |
|   flatten_out_7_U                                                    |                                                 hls_dummy_fifo_w10_d2_S_75 |         25 |         25 |       0 |    0 |    24 |      0 |      0 |    0 |          0 |
|   flatten_out_80_U                                                   |                                                 hls_dummy_fifo_w10_d2_S_76 |         25 |         25 |       0 |    0 |    24 |      0 |      0 |    0 |          0 |
|   flatten_out_81_U                                                   |                                                 hls_dummy_fifo_w10_d2_S_77 |         28 |         28 |       0 |    0 |    24 |      0 |      0 |    0 |          0 |
|   flatten_out_82_U                                                   |                                                 hls_dummy_fifo_w10_d2_S_78 |         25 |         25 |       0 |    0 |    24 |      0 |      0 |    0 |          0 |
|   flatten_out_83_U                                                   |                                                 hls_dummy_fifo_w10_d2_S_79 |         26 |         26 |       0 |    0 |    24 |      0 |      0 |    0 |          0 |
|   flatten_out_84_U                                                   |                                                 hls_dummy_fifo_w10_d2_S_80 |         25 |         25 |       0 |    0 |    24 |      0 |      0 |    0 |          0 |
|   flatten_out_85_U                                                   |                                                 hls_dummy_fifo_w10_d2_S_81 |         25 |         25 |       0 |    0 |    24 |      0 |      0 |    0 |          0 |
|   flatten_out_86_U                                                   |                                                 hls_dummy_fifo_w10_d2_S_82 |         26 |         26 |       0 |    0 |    24 |      0 |      0 |    0 |          0 |
|   flatten_out_87_U                                                   |                                                 hls_dummy_fifo_w10_d2_S_83 |         27 |         27 |       0 |    0 |    24 |      0 |      0 |    0 |          0 |
|   flatten_out_88_U                                                   |                                                 hls_dummy_fifo_w10_d2_S_84 |         25 |         25 |       0 |    0 |    24 |      0 |      0 |    0 |          0 |
|   flatten_out_89_U                                                   |                                                 hls_dummy_fifo_w10_d2_S_85 |         25 |         25 |       0 |    0 |    24 |      0 |      0 |    0 |          0 |
|   flatten_out_8_U                                                    |                                                 hls_dummy_fifo_w10_d2_S_86 |         26 |         26 |       0 |    0 |    24 |      0 |      0 |    0 |          0 |
|   flatten_out_90_U                                                   |                                                 hls_dummy_fifo_w10_d2_S_87 |         25 |         25 |       0 |    0 |    24 |      0 |      0 |    0 |          0 |
|   flatten_out_91_U                                                   |                                                 hls_dummy_fifo_w10_d2_S_88 |         25 |         25 |       0 |    0 |    24 |      0 |      0 |    0 |          0 |
|   flatten_out_92_U                                                   |                                                 hls_dummy_fifo_w10_d2_S_89 |         25 |         25 |       0 |    0 |    24 |      0 |      0 |    0 |          0 |
|   flatten_out_93_U                                                   |                                                 hls_dummy_fifo_w10_d2_S_90 |         29 |         29 |       0 |    0 |    24 |      0 |      0 |    0 |          0 |
|   flatten_out_94_U                                                   |                                                 hls_dummy_fifo_w10_d2_S_91 |         25 |         25 |       0 |    0 |    24 |      0 |      0 |    0 |          0 |
|   flatten_out_95_U                                                   |                                                 hls_dummy_fifo_w10_d2_S_92 |         26 |         26 |       0 |    0 |    24 |      0 |      0 |    0 |          0 |
|   flatten_out_96_U                                                   |                                                 hls_dummy_fifo_w10_d2_S_93 |         25 |         25 |       0 |    0 |    24 |      0 |      0 |    0 |          0 |
|   flatten_out_97_U                                                   |                                                 hls_dummy_fifo_w10_d2_S_94 |         25 |         25 |       0 |    0 |    24 |      0 |      0 |    0 |          0 |
|   flatten_out_98_U                                                   |                                                 hls_dummy_fifo_w10_d2_S_95 |         25 |         25 |       0 |    0 |    24 |      0 |      0 |    0 |          0 |
|   flatten_out_99_U                                                   |                                                 hls_dummy_fifo_w10_d2_S_96 |         27 |         27 |       0 |    0 |    24 |      0 |      0 |    0 |          0 |
|   flatten_out_9_U                                                    |                                                 hls_dummy_fifo_w10_d2_S_97 |         26 |         26 |       0 |    0 |    24 |      0 |      0 |    0 |          0 |
|   flatten_out_U                                                      |                                                 hls_dummy_fifo_w10_d2_S_98 |         26 |         26 |       0 |    0 |    24 |      0 |      0 |    0 |          0 |
|   sparse_arr_feat_conv1_out_10_U                                     |                                                 hls_dummy_fifo_w10_d2_S_99 |         15 |         15 |       0 |    0 |    24 |      0 |      0 |    0 |          0 |
|   sparse_arr_feat_conv1_out_11_U                                     |                                                hls_dummy_fifo_w10_d2_S_100 |         18 |         18 |       0 |    0 |    24 |      0 |      0 |    0 |          0 |
|   sparse_arr_feat_conv1_out_12_U                                     |                                                hls_dummy_fifo_w10_d2_S_101 |         15 |         15 |       0 |    0 |    24 |      0 |      0 |    0 |          0 |
|   sparse_arr_feat_conv1_out_13_U                                     |                                                hls_dummy_fifo_w10_d2_S_102 |         16 |         16 |       0 |    0 |    24 |      0 |      0 |    0 |          0 |
|   sparse_arr_feat_conv1_out_14_U                                     |                                                hls_dummy_fifo_w10_d2_S_103 |         15 |         15 |       0 |    0 |    24 |      0 |      0 |    0 |          0 |
|   sparse_arr_feat_conv1_out_1_U                                      |                                                hls_dummy_fifo_w10_d2_S_104 |         16 |         16 |       0 |    0 |    24 |      0 |      0 |    0 |          0 |
|   sparse_arr_feat_conv1_out_2_U                                      |                                                hls_dummy_fifo_w10_d2_S_105 |         17 |         17 |       0 |    0 |    24 |      0 |      0 |    0 |          0 |
|   sparse_arr_feat_conv1_out_3_U                                      |                                                hls_dummy_fifo_w10_d2_S_106 |         16 |         16 |       0 |    0 |    24 |      0 |      0 |    0 |          0 |
|   sparse_arr_feat_conv1_out_4_U                                      |                                                hls_dummy_fifo_w10_d2_S_107 |         15 |         15 |       0 |    0 |    24 |      0 |      0 |    0 |          0 |
|   sparse_arr_feat_conv1_out_5_U                                      |                                                hls_dummy_fifo_w10_d2_S_108 |         16 |         16 |       0 |    0 |    24 |      0 |      0 |    0 |          0 |
|   sparse_arr_feat_conv1_out_6_U                                      |                                                hls_dummy_fifo_w10_d2_S_109 |         16 |         16 |       0 |    0 |    24 |      0 |      0 |    0 |          0 |
|   sparse_arr_feat_conv1_out_7_U                                      |                                                hls_dummy_fifo_w10_d2_S_110 |         17 |         17 |       0 |    0 |    24 |      0 |      0 |    0 |          0 |
|   sparse_arr_feat_conv1_out_8_U                                      |                                                hls_dummy_fifo_w10_d2_S_111 |         15 |         15 |       0 |    0 |    24 |      0 |      0 |    0 |          0 |
|   sparse_arr_feat_conv1_out_9_U                                      |                                                hls_dummy_fifo_w10_d2_S_112 |         15 |         15 |       0 |    0 |    24 |      0 |      0 |    0 |          0 |
|   sparse_arr_feat_conv1_out_U                                        |                                                hls_dummy_fifo_w10_d2_S_113 |         16 |         16 |       0 |    0 |    24 |      0 |      0 |    0 |          0 |
|   sparse_arr_feat_reduce_out_10_U                                    |                                                hls_dummy_fifo_w10_d2_S_114 |        927 |        927 |       0 |    0 |    22 |      0 |      0 |    0 |          0 |
|   sparse_arr_feat_reduce_out_11_U                                    |                                                hls_dummy_fifo_w10_d2_S_115 |        961 |        961 |       0 |    0 |    22 |      0 |      0 |    0 |          0 |
|   sparse_arr_feat_reduce_out_12_U                                    |                                                hls_dummy_fifo_w10_d2_S_116 |        919 |        919 |       0 |    0 |    22 |      0 |      0 |    0 |          0 |
|   sparse_arr_feat_reduce_out_13_U                                    |                                                hls_dummy_fifo_w10_d2_S_117 |        908 |        908 |       0 |    0 |    22 |      0 |      0 |    0 |          0 |
|   sparse_arr_feat_reduce_out_14_U                                    |                                                hls_dummy_fifo_w10_d2_S_118 |        937 |        937 |       0 |    0 |    22 |      0 |      0 |    0 |          0 |
|   sparse_arr_feat_reduce_out_1_U                                     |                                                hls_dummy_fifo_w10_d2_S_119 |        910 |        910 |       0 |    0 |    22 |      0 |      0 |    0 |          0 |
|   sparse_arr_feat_reduce_out_2_U                                     |                                                hls_dummy_fifo_w10_d2_S_120 |        982 |        982 |       0 |    0 |    22 |      0 |      0 |    0 |          0 |
|   sparse_arr_feat_reduce_out_3_U                                     |                                                hls_dummy_fifo_w10_d2_S_121 |        922 |        922 |       0 |    0 |    22 |      0 |      0 |    0 |          0 |
|   sparse_arr_feat_reduce_out_4_U                                     |                                                hls_dummy_fifo_w10_d2_S_122 |        971 |        971 |       0 |    0 |    22 |      0 |      0 |    0 |          0 |
|   sparse_arr_feat_reduce_out_5_U                                     |                                                hls_dummy_fifo_w10_d2_S_123 |       1018 |       1018 |       0 |    0 |    22 |      0 |      0 |    0 |          0 |
|   sparse_arr_feat_reduce_out_6_U                                     |                                                hls_dummy_fifo_w10_d2_S_124 |        946 |        946 |       0 |    0 |    22 |      0 |      0 |    0 |          0 |
|   sparse_arr_feat_reduce_out_7_U                                     |                                                hls_dummy_fifo_w10_d2_S_125 |        910 |        910 |       0 |    0 |    22 |      0 |      0 |    0 |          0 |
|   sparse_arr_feat_reduce_out_8_U                                     |                                                hls_dummy_fifo_w10_d2_S_126 |        944 |        944 |       0 |    0 |    22 |      0 |      0 |    0 |          0 |
|   sparse_arr_feat_reduce_out_9_U                                     |                                                hls_dummy_fifo_w10_d2_S_127 |        952 |        952 |       0 |    0 |    22 |      0 |      0 |    0 |          0 |
|   sparse_arr_feat_reduce_out_U                                       |                                                hls_dummy_fifo_w10_d2_S_128 |        949 |        949 |       0 |    0 |    22 |      0 |      0 |    0 |          0 |
|   sparse_arr_hash_reduce_out_10_c22_channel_U                        |                                                     hls_dummy_fifo_w4_d2_S |         37 |         37 |       0 |    0 |    12 |      0 |      0 |    0 |          0 |
|   sparse_arr_hash_reduce_out_10_c_U                                  |                                                 hls_dummy_fifo_w4_d2_S_129 |         11 |         11 |       0 |    0 |    12 |      0 |      0 |    0 |          0 |
|   sparse_arr_hash_reduce_out_11_c23_channel_U                        |                                                 hls_dummy_fifo_w4_d2_S_130 |         32 |         32 |       0 |    0 |    12 |      0 |      0 |    0 |          0 |
|   sparse_arr_hash_reduce_out_11_c_U                                  |                                                 hls_dummy_fifo_w4_d2_S_131 |         10 |         10 |       0 |    0 |    12 |      0 |      0 |    0 |          0 |
|   sparse_arr_hash_reduce_out_12_c24_channel_U                        |                                                 hls_dummy_fifo_w4_d2_S_132 |         43 |         43 |       0 |    0 |    12 |      0 |      0 |    0 |          0 |
|   sparse_arr_hash_reduce_out_12_c_U                                  |                                                 hls_dummy_fifo_w4_d2_S_133 |         10 |         10 |       0 |    0 |    12 |      0 |      0 |    0 |          0 |
|   sparse_arr_hash_reduce_out_13_c25_channel_U                        |                                                 hls_dummy_fifo_w4_d2_S_134 |         51 |         51 |       0 |    0 |    12 |      0 |      0 |    0 |          0 |
|   sparse_arr_hash_reduce_out_13_c_U                                  |                                                 hls_dummy_fifo_w4_d2_S_135 |         11 |         11 |       0 |    0 |    12 |      0 |      0 |    0 |          0 |
|   sparse_arr_hash_reduce_out_14_c26_channel_U                        |                                                 hls_dummy_fifo_w4_d2_S_136 |         46 |         46 |       0 |    0 |    12 |      0 |      0 |    0 |          0 |
|   sparse_arr_hash_reduce_out_14_c_U                                  |                                                 hls_dummy_fifo_w4_d2_S_137 |         11 |         11 |       0 |    0 |    12 |      0 |      0 |    0 |          0 |
|   sparse_arr_hash_reduce_out_15_c27_channel_U                        |                                                 hls_dummy_fifo_w4_d2_S_138 |         44 |         44 |       0 |    0 |    12 |      0 |      0 |    0 |          0 |
|   sparse_arr_hash_reduce_out_15_c_U                                  |                                                 hls_dummy_fifo_w4_d2_S_139 |         11 |         11 |       0 |    0 |    12 |      0 |      0 |    0 |          0 |
|   sparse_arr_hash_reduce_out_16_c28_channel_U                        |                                                 hls_dummy_fifo_w4_d2_S_140 |         86 |         86 |       0 |    0 |    12 |      0 |      0 |    0 |          0 |
|   sparse_arr_hash_reduce_out_16_c_U                                  |                                                 hls_dummy_fifo_w4_d2_S_141 |         11 |         11 |       0 |    0 |    12 |      0 |      0 |    0 |          0 |
|   sparse_arr_hash_reduce_out_17_c29_channel_U                        |                                                 hls_dummy_fifo_w4_d2_S_142 |         88 |         88 |       0 |    0 |    12 |      0 |      0 |    0 |          0 |
|   sparse_arr_hash_reduce_out_17_c_U                                  |                                                 hls_dummy_fifo_w4_d2_S_143 |         10 |         10 |       0 |    0 |    12 |      0 |      0 |    0 |          0 |
|   sparse_arr_hash_reduce_out_18_c30_channel_U                        |                                                 hls_dummy_fifo_w4_d2_S_144 |         34 |         34 |       0 |    0 |    12 |      0 |      0 |    0 |          0 |
|   sparse_arr_hash_reduce_out_18_c_U                                  |                                                 hls_dummy_fifo_w4_d2_S_145 |         11 |         11 |       0 |    0 |    12 |      0 |      0 |    0 |          0 |
|   sparse_arr_hash_reduce_out_19_c31_channel_U                        |                                                 hls_dummy_fifo_w4_d2_S_146 |         21 |         21 |       0 |    0 |    12 |      0 |      0 |    0 |          0 |
|   sparse_arr_hash_reduce_out_19_c_U                                  |                                                 hls_dummy_fifo_w4_d2_S_147 |         10 |         10 |       0 |    0 |    12 |      0 |      0 |    0 |          0 |
|   sparse_arr_hash_reduce_out_1_c13_channel_U                         |                                                 hls_dummy_fifo_w4_d2_S_148 |        109 |        109 |       0 |    0 |    12 |      0 |      0 |    0 |          0 |
|   sparse_arr_hash_reduce_out_1_c_U                                   |                                                 hls_dummy_fifo_w4_d2_S_149 |         10 |         10 |       0 |    0 |    12 |      0 |      0 |    0 |          0 |
|   sparse_arr_hash_reduce_out_20_c32_channel_U                        |                                                 hls_dummy_fifo_w4_d2_S_150 |         80 |         80 |       0 |    0 |    12 |      0 |      0 |    0 |          0 |
|   sparse_arr_hash_reduce_out_20_c_U                                  |                                                 hls_dummy_fifo_w4_d2_S_151 |         10 |         10 |       0 |    0 |    12 |      0 |      0 |    0 |          0 |
|   sparse_arr_hash_reduce_out_21_c33_channel_U                        |                                                 hls_dummy_fifo_w4_d2_S_152 |         98 |         98 |       0 |    0 |    12 |      0 |      0 |    0 |          0 |
|   sparse_arr_hash_reduce_out_21_c_U                                  |                                                 hls_dummy_fifo_w4_d2_S_153 |         11 |         11 |       0 |    0 |    12 |      0 |      0 |    0 |          0 |
|   sparse_arr_hash_reduce_out_22_c34_channel_U                        |                                                 hls_dummy_fifo_w4_d2_S_154 |         79 |         79 |       0 |    0 |    12 |      0 |      0 |    0 |          0 |
|   sparse_arr_hash_reduce_out_22_c_U                                  |                                                 hls_dummy_fifo_w4_d2_S_155 |         11 |         11 |       0 |    0 |    12 |      0 |      0 |    0 |          0 |
|   sparse_arr_hash_reduce_out_23_c35_channel_U                        |                                                 hls_dummy_fifo_w4_d2_S_156 |         85 |         85 |       0 |    0 |    12 |      0 |      0 |    0 |          0 |
|   sparse_arr_hash_reduce_out_23_c_U                                  |                                                 hls_dummy_fifo_w4_d2_S_157 |         10 |         10 |       0 |    0 |    12 |      0 |      0 |    0 |          0 |
|   sparse_arr_hash_reduce_out_24_c36_channel_U                        |                                                 hls_dummy_fifo_w4_d2_S_158 |         72 |         72 |       0 |    0 |    12 |      0 |      0 |    0 |          0 |
|   sparse_arr_hash_reduce_out_24_c_U                                  |                                                 hls_dummy_fifo_w4_d2_S_159 |         11 |         11 |       0 |    0 |    12 |      0 |      0 |    0 |          0 |
|   sparse_arr_hash_reduce_out_25_c37_channel_U                        |                                                 hls_dummy_fifo_w4_d2_S_160 |         77 |         77 |       0 |    0 |    12 |      0 |      0 |    0 |          0 |
|   sparse_arr_hash_reduce_out_25_c_U                                  |                                                 hls_dummy_fifo_w4_d2_S_161 |         11 |         11 |       0 |    0 |    12 |      0 |      0 |    0 |          0 |
|   sparse_arr_hash_reduce_out_26_c38_channel_U                        |                                                 hls_dummy_fifo_w4_d2_S_162 |         83 |         83 |       0 |    0 |    12 |      0 |      0 |    0 |          0 |
|   sparse_arr_hash_reduce_out_26_c_U                                  |                                                 hls_dummy_fifo_w4_d2_S_163 |         10 |         10 |       0 |    0 |    12 |      0 |      0 |    0 |          0 |
|   sparse_arr_hash_reduce_out_27_c39_channel_U                        |                                                 hls_dummy_fifo_w4_d2_S_164 |         80 |         80 |       0 |    0 |    12 |      0 |      0 |    0 |          0 |
|   sparse_arr_hash_reduce_out_27_c_U                                  |                                                 hls_dummy_fifo_w4_d2_S_165 |         12 |         12 |       0 |    0 |    12 |      0 |      0 |    0 |          0 |
|   sparse_arr_hash_reduce_out_28_c40_channel_U                        |                                                 hls_dummy_fifo_w4_d2_S_166 |         28 |         28 |       0 |    0 |    12 |      0 |      0 |    0 |          0 |
|   sparse_arr_hash_reduce_out_28_c_U                                  |                                                 hls_dummy_fifo_w4_d2_S_167 |         11 |         11 |       0 |    0 |    12 |      0 |      0 |    0 |          0 |
|   sparse_arr_hash_reduce_out_29_c41_channel_U                        |                                                 hls_dummy_fifo_w4_d2_S_168 |         22 |         22 |       0 |    0 |    12 |      0 |      0 |    0 |          0 |
|   sparse_arr_hash_reduce_out_29_c_U                                  |                                                 hls_dummy_fifo_w4_d2_S_169 |         11 |         11 |       0 |    0 |    12 |      0 |      0 |    0 |          0 |
|   sparse_arr_hash_reduce_out_2_c14_channel_U                         |                                                 hls_dummy_fifo_w4_d2_S_170 |         29 |         29 |       0 |    0 |    12 |      0 |      0 |    0 |          0 |
|   sparse_arr_hash_reduce_out_2_c_U                                   |                                                 hls_dummy_fifo_w4_d2_S_171 |         11 |         11 |       0 |    0 |    12 |      0 |      0 |    0 |          0 |
|   sparse_arr_hash_reduce_out_3_c15_channel_U                         |                                                 hls_dummy_fifo_w4_d2_S_172 |         28 |         28 |       0 |    0 |    12 |      0 |      0 |    0 |          0 |
|   sparse_arr_hash_reduce_out_3_c_U                                   |                                                 hls_dummy_fifo_w4_d2_S_173 |         11 |         11 |       0 |    0 |    12 |      0 |      0 |    0 |          0 |
|   sparse_arr_hash_reduce_out_4_c16_channel_U                         |                                                 hls_dummy_fifo_w4_d2_S_174 |         50 |         50 |       0 |    0 |    12 |      0 |      0 |    0 |          0 |
|   sparse_arr_hash_reduce_out_4_c_U                                   |                                                 hls_dummy_fifo_w4_d2_S_175 |         11 |         11 |       0 |    0 |    12 |      0 |      0 |    0 |          0 |
|   sparse_arr_hash_reduce_out_5_c17_channel_U                         |                                                 hls_dummy_fifo_w4_d2_S_176 |         68 |         68 |       0 |    0 |    12 |      0 |      0 |    0 |          0 |
|   sparse_arr_hash_reduce_out_5_c_U                                   |                                                 hls_dummy_fifo_w4_d2_S_177 |         13 |         13 |       0 |    0 |    12 |      0 |      0 |    0 |          0 |
|   sparse_arr_hash_reduce_out_6_c18_channel_U                         |                                                 hls_dummy_fifo_w4_d2_S_178 |         50 |         50 |       0 |    0 |    12 |      0 |      0 |    0 |          0 |
|   sparse_arr_hash_reduce_out_6_c_U                                   |                                                 hls_dummy_fifo_w4_d2_S_179 |         10 |         10 |       0 |    0 |    12 |      0 |      0 |    0 |          0 |
|   sparse_arr_hash_reduce_out_7_c19_channel_U                         |                                                 hls_dummy_fifo_w4_d2_S_180 |         57 |         57 |       0 |    0 |    12 |      0 |      0 |    0 |          0 |
|   sparse_arr_hash_reduce_out_7_c_U                                   |                                                 hls_dummy_fifo_w4_d2_S_181 |         11 |         11 |       0 |    0 |    12 |      0 |      0 |    0 |          0 |
|   sparse_arr_hash_reduce_out_8_c20_channel_U                         |                                                 hls_dummy_fifo_w4_d2_S_182 |         49 |         49 |       0 |    0 |    12 |      0 |      0 |    0 |          0 |
|   sparse_arr_hash_reduce_out_8_c_U                                   |                                                 hls_dummy_fifo_w4_d2_S_183 |         11 |         11 |       0 |    0 |    12 |      0 |      0 |    0 |          0 |
|   sparse_arr_hash_reduce_out_9_c21_channel_U                         |                                                 hls_dummy_fifo_w4_d2_S_184 |         40 |         40 |       0 |    0 |    12 |      0 |      0 |    0 |          0 |
|   sparse_arr_hash_reduce_out_9_c_U                                   |                                                 hls_dummy_fifo_w4_d2_S_185 |         11 |         11 |       0 |    0 |    12 |      0 |      0 |    0 |          0 |
|   sparse_arr_hash_reduce_out_c12_channel_U                           |                                                 hls_dummy_fifo_w4_d2_S_186 |         71 |         71 |       0 |    0 |    12 |      0 |      0 |    0 |          0 |
|   sparse_arr_hash_reduce_out_c_U                                     |                                                 hls_dummy_fifo_w4_d2_S_187 |         10 |         10 |       0 |    0 |    12 |      0 |      0 |    0 |          0 |
|   sparse_conv_ap_fixed_ap_fixed_ap_uint_ap_fixed_ap_fixed_15_1_1_U0  | hls_dummy_sparse_conv_ap_fixed_ap_fixed_ap_uint_ap_fixed_ap_fixed_15_1_1_s |      11013 |      11013 |       0 |    0 |  2133 |      0 |      0 |    0 |          0 |
|   sparse_flatten_ap_fixed_10_2_5_3_0_ap_uint_10_10_10_1_15_U0        |       hls_dummy_sparse_flatten_ap_fixed_10_2_5_3_0_ap_uint_10_10_10_1_15_s |       8531 |       8531 |       0 |    0 |  4448 |      0 |      0 |    0 |          0 |
|   sparse_input_reduce_ap_fixed_10_2_5_3_0_ap_uint_10_10_10_1_15_4_U0 |  hls_dummy_sparse_input_reduce_ap_fixed_10_2_5_3_0_ap_uint_10_10_10_1_15_4 |       2690 |       2690 |       0 |    0 |  1615 |      0 |      0 |    0 |          0 |
+----------------------------------------------------------------------+----------------------------------------------------------------------------+------------+------------+---------+------+-------+--------+--------+------+------------+


