Copyright 1986-2022 Xilinx, Inc. All Rights Reserved. Copyright 2022-2023 Advanced Micro Devices, Inc. All Rights Reserved.
---------------------------------------------------------------------------------------------------------------------------------------------
| Tool Version : Vivado v.2023.1 (lin64) Build 3865809 Sun May  7 15:04:56 MDT 2023
| Date         : Mon Sep  8 18:46:40 2025
| Host         : coder-hftsoi-hls3 running 64-bit Ubuntu 20.04.6 LTS
| Command      : report_utilization -file vivado_synth.rpt -hierarchical -hierarchical_depth 1
| Design       : hls_dummy
| Device       : xcu250-figd2104-2L-e
| Speed File   : -2L
| Design State : Optimized
---------------------------------------------------------------------------------------------------------------------------------------------

Utilization Design Information

Table of Contents
-----------------
1. Utilization by Hierarchy

1. Utilization by Hierarchy
---------------------------

+-----------------------------------------------------------------------+------------------------------------------------------------------------------+------------+------------+---------+------+-------+--------+--------+------+------------+
|                                Instance                               |                                    Module                                    | Total LUTs | Logic LUTs | LUTRAMs | SRLs |  FFs  | RAMB36 | RAMB18 | URAM | DSP Blocks |
+-----------------------------------------------------------------------+------------------------------------------------------------------------------+------------+------------+---------+------+-------+--------+--------+------+------------+
| hls_dummy                                                             |                                                                        (top) |      32900 |      32900 |       0 |    0 | 18941 |      0 |      0 |    0 |        625 |
|   (hls_dummy)                                                         |                                                                        (top) |          0 |          0 |       0 |    0 |   125 |      0 |      0 |    0 |          0 |
|   Block_entry2733_proc_U0                                             |                                               hls_dummy_Block_entry2733_proc |          0 |          0 |       0 |    0 |   375 |      0 |      0 |    0 |          0 |
|   sparse_arr_feat_act1_out_10_U                                       |                                                      hls_dummy_fifo_w15_d2_S |         34 |         34 |       0 |    0 |    34 |      0 |      0 |    0 |          0 |
|   sparse_arr_feat_act1_out_11_U                                       |                                                    hls_dummy_fifo_w15_d2_S_0 |         37 |         37 |       0 |    0 |    34 |      0 |      0 |    0 |          0 |
|   sparse_arr_feat_act1_out_12_U                                       |                                                    hls_dummy_fifo_w15_d2_S_1 |         36 |         36 |       0 |    0 |    34 |      0 |      0 |    0 |          0 |
|   sparse_arr_feat_act1_out_13_U                                       |                                                    hls_dummy_fifo_w15_d2_S_2 |         35 |         35 |       0 |    0 |    34 |      0 |      0 |    0 |          0 |
|   sparse_arr_feat_act1_out_14_U                                       |                                                    hls_dummy_fifo_w15_d2_S_3 |         34 |         34 |       0 |    0 |    34 |      0 |      0 |    0 |          0 |
|   sparse_arr_feat_act1_out_15_U                                       |                                                    hls_dummy_fifo_w15_d2_S_4 |         36 |         36 |       0 |    0 |    34 |      0 |      0 |    0 |          0 |
|   sparse_arr_feat_act1_out_16_U                                       |                                                    hls_dummy_fifo_w15_d2_S_5 |         35 |         35 |       0 |    0 |    34 |      0 |      0 |    0 |          0 |
|   sparse_arr_feat_act1_out_17_U                                       |                                                    hls_dummy_fifo_w15_d2_S_6 |         35 |         35 |       0 |    0 |    34 |      0 |      0 |    0 |          0 |
|   sparse_arr_feat_act1_out_18_U                                       |                                                    hls_dummy_fifo_w15_d2_S_7 |         36 |         36 |       0 |    0 |    34 |      0 |      0 |    0 |          0 |
|   sparse_arr_feat_act1_out_19_U                                       |                                                    hls_dummy_fifo_w15_d2_S_8 |         35 |         35 |       0 |    0 |    34 |      0 |      0 |    0 |          0 |
|   sparse_arr_feat_act1_out_1_U                                        |                                                    hls_dummy_fifo_w15_d2_S_9 |         36 |         36 |       0 |    0 |    34 |      0 |      0 |    0 |          0 |
|   sparse_arr_feat_act1_out_20_U                                       |                                                   hls_dummy_fifo_w15_d2_S_10 |         34 |         34 |       0 |    0 |    34 |      0 |      0 |    0 |          0 |
|   sparse_arr_feat_act1_out_21_U                                       |                                                   hls_dummy_fifo_w15_d2_S_11 |         39 |         39 |       0 |    0 |    34 |      0 |      0 |    0 |          0 |
|   sparse_arr_feat_act1_out_22_U                                       |                                                   hls_dummy_fifo_w15_d2_S_12 |         35 |         35 |       0 |    0 |    34 |      0 |      0 |    0 |          0 |
|   sparse_arr_feat_act1_out_23_U                                       |                                                   hls_dummy_fifo_w15_d2_S_13 |         35 |         35 |       0 |    0 |    34 |      0 |      0 |    0 |          0 |
|   sparse_arr_feat_act1_out_24_U                                       |                                                   hls_dummy_fifo_w15_d2_S_14 |         36 |         36 |       0 |    0 |    34 |      0 |      0 |    0 |          0 |
|   sparse_arr_feat_act1_out_2_U                                        |                                                   hls_dummy_fifo_w15_d2_S_15 |         37 |         37 |       0 |    0 |    34 |      0 |      0 |    0 |          0 |
|   sparse_arr_feat_act1_out_3_U                                        |                                                   hls_dummy_fifo_w15_d2_S_16 |         36 |         36 |       0 |    0 |    34 |      0 |      0 |    0 |          0 |
|   sparse_arr_feat_act1_out_4_U                                        |                                                   hls_dummy_fifo_w15_d2_S_17 |         35 |         35 |       0 |    0 |    34 |      0 |      0 |    0 |          0 |
|   sparse_arr_feat_act1_out_5_U                                        |                                                   hls_dummy_fifo_w15_d2_S_18 |         35 |         35 |       0 |    0 |    34 |      0 |      0 |    0 |          0 |
|   sparse_arr_feat_act1_out_6_U                                        |                                                   hls_dummy_fifo_w15_d2_S_19 |         35 |         35 |       0 |    0 |    34 |      0 |      0 |    0 |          0 |
|   sparse_arr_feat_act1_out_7_U                                        |                                                   hls_dummy_fifo_w15_d2_S_20 |         34 |         34 |       0 |    0 |    34 |      0 |      0 |    0 |          0 |
|   sparse_arr_feat_act1_out_8_U                                        |                                                   hls_dummy_fifo_w15_d2_S_21 |         34 |         34 |       0 |    0 |    34 |      0 |      0 |    0 |          0 |
|   sparse_arr_feat_act1_out_9_U                                        |                                                   hls_dummy_fifo_w15_d2_S_22 |         35 |         35 |       0 |    0 |    34 |      0 |      0 |    0 |          0 |
|   sparse_arr_feat_act1_out_U                                          |                                                   hls_dummy_fifo_w15_d2_S_23 |         37 |         37 |       0 |    0 |    34 |      0 |      0 |    0 |          0 |
|   sparse_arr_feat_conv1_out_10_U                                      |                                                      hls_dummy_fifo_w16_d2_S |         54 |         54 |       0 |    0 |    36 |      0 |      0 |    0 |          0 |
|   sparse_arr_feat_conv1_out_11_U                                      |                                                   hls_dummy_fifo_w16_d2_S_24 |         52 |         52 |       0 |    0 |    36 |      0 |      0 |    0 |          0 |
|   sparse_arr_feat_conv1_out_12_U                                      |                                                   hls_dummy_fifo_w16_d2_S_25 |         53 |         53 |       0 |    0 |    36 |      0 |      0 |    0 |          0 |
|   sparse_arr_feat_conv1_out_13_U                                      |                                                   hls_dummy_fifo_w16_d2_S_26 |         53 |         53 |       0 |    0 |    36 |      0 |      0 |    0 |          0 |
|   sparse_arr_feat_conv1_out_14_U                                      |                                                   hls_dummy_fifo_w16_d2_S_27 |         52 |         52 |       0 |    0 |    36 |      0 |      0 |    0 |          0 |
|   sparse_arr_feat_conv1_out_15_U                                      |                                                   hls_dummy_fifo_w16_d2_S_28 |         52 |         52 |       0 |    0 |    36 |      0 |      0 |    0 |          0 |
|   sparse_arr_feat_conv1_out_16_U                                      |                                                   hls_dummy_fifo_w16_d2_S_29 |         54 |         54 |       0 |    0 |    36 |      0 |      0 |    0 |          0 |
|   sparse_arr_feat_conv1_out_17_U                                      |                                                   hls_dummy_fifo_w16_d2_S_30 |         52 |         52 |       0 |    0 |    36 |      0 |      0 |    0 |          0 |
|   sparse_arr_feat_conv1_out_18_U                                      |                                                   hls_dummy_fifo_w16_d2_S_31 |         52 |         52 |       0 |    0 |    36 |      0 |      0 |    0 |          0 |
|   sparse_arr_feat_conv1_out_19_U                                      |                                                   hls_dummy_fifo_w16_d2_S_32 |         52 |         52 |       0 |    0 |    36 |      0 |      0 |    0 |          0 |
|   sparse_arr_feat_conv1_out_1_U                                       |                                                   hls_dummy_fifo_w16_d2_S_33 |         53 |         53 |       0 |    0 |    36 |      0 |      0 |    0 |          0 |
|   sparse_arr_feat_conv1_out_20_U                                      |                                                   hls_dummy_fifo_w16_d2_S_34 |         54 |         54 |       0 |    0 |    36 |      0 |      0 |    0 |          0 |
|   sparse_arr_feat_conv1_out_21_U                                      |                                                   hls_dummy_fifo_w16_d2_S_35 |         54 |         54 |       0 |    0 |    36 |      0 |      0 |    0 |          0 |
|   sparse_arr_feat_conv1_out_22_U                                      |                                                   hls_dummy_fifo_w16_d2_S_36 |         53 |         53 |       0 |    0 |    36 |      0 |      0 |    0 |          0 |
|   sparse_arr_feat_conv1_out_23_U                                      |                                                   hls_dummy_fifo_w16_d2_S_37 |         51 |         51 |       0 |    0 |    36 |      0 |      0 |    0 |          0 |
|   sparse_arr_feat_conv1_out_24_U                                      |                                                   hls_dummy_fifo_w16_d2_S_38 |         52 |         52 |       0 |    0 |    36 |      0 |      0 |    0 |          0 |
|   sparse_arr_feat_conv1_out_2_U                                       |                                                   hls_dummy_fifo_w16_d2_S_39 |         85 |         85 |       0 |    0 |    36 |      0 |      0 |    0 |          0 |
|   sparse_arr_feat_conv1_out_3_U                                       |                                                   hls_dummy_fifo_w16_d2_S_40 |         53 |         53 |       0 |    0 |    36 |      0 |      0 |    0 |          0 |
|   sparse_arr_feat_conv1_out_4_U                                       |                                                   hls_dummy_fifo_w16_d2_S_41 |         52 |         52 |       0 |    0 |    36 |      0 |      0 |    0 |          0 |
|   sparse_arr_feat_conv1_out_5_U                                       |                                                   hls_dummy_fifo_w16_d2_S_42 |         52 |         52 |       0 |    0 |    36 |      0 |      0 |    0 |          0 |
|   sparse_arr_feat_conv1_out_6_U                                       |                                                   hls_dummy_fifo_w16_d2_S_43 |         53 |         53 |       0 |    0 |    36 |      0 |      0 |    0 |          0 |
|   sparse_arr_feat_conv1_out_7_U                                       |                                                   hls_dummy_fifo_w16_d2_S_44 |         52 |         52 |       0 |    0 |    36 |      0 |      0 |    0 |          0 |
|   sparse_arr_feat_conv1_out_8_U                                       |                                                   hls_dummy_fifo_w16_d2_S_45 |         52 |         52 |       0 |    0 |    36 |      0 |      0 |    0 |          0 |
|   sparse_arr_feat_conv1_out_9_U                                       |                                                   hls_dummy_fifo_w16_d2_S_46 |         51 |         51 |       0 |    0 |    36 |      0 |      0 |    0 |          0 |
|   sparse_arr_feat_conv1_out_U                                         |                                                   hls_dummy_fifo_w16_d2_S_47 |         52 |         52 |       0 |    0 |    36 |      0 |      0 |    0 |          0 |
|   sparse_arr_feat_reduce_out_10_U                                     |                                                   hls_dummy_fifo_w16_d2_S_48 |         22 |         22 |       0 |    0 |    34 |      0 |      0 |    0 |          0 |
|   sparse_arr_feat_reduce_out_11_U                                     |                                                   hls_dummy_fifo_w16_d2_S_49 |         22 |         22 |       0 |    0 |    34 |      0 |      0 |    0 |          0 |
|   sparse_arr_feat_reduce_out_12_U                                     |                                                   hls_dummy_fifo_w16_d2_S_50 |         22 |         22 |       0 |    0 |    34 |      0 |      0 |    0 |          0 |
|   sparse_arr_feat_reduce_out_13_U                                     |                                                   hls_dummy_fifo_w16_d2_S_51 |         22 |         22 |       0 |    0 |    34 |      0 |      0 |    0 |          0 |
|   sparse_arr_feat_reduce_out_14_U                                     |                                                   hls_dummy_fifo_w16_d2_S_52 |         22 |         22 |       0 |    0 |    34 |      0 |      0 |    0 |          0 |
|   sparse_arr_feat_reduce_out_15_U                                     |                                                   hls_dummy_fifo_w16_d2_S_53 |         22 |         22 |       0 |    0 |    34 |      0 |      0 |    0 |          0 |
|   sparse_arr_feat_reduce_out_16_U                                     |                                                   hls_dummy_fifo_w16_d2_S_54 |         22 |         22 |       0 |    0 |    34 |      0 |      0 |    0 |          0 |
|   sparse_arr_feat_reduce_out_17_U                                     |                                                   hls_dummy_fifo_w16_d2_S_55 |         22 |         22 |       0 |    0 |    34 |      0 |      0 |    0 |          0 |
|   sparse_arr_feat_reduce_out_18_U                                     |                                                   hls_dummy_fifo_w16_d2_S_56 |         23 |         23 |       0 |    0 |    34 |      0 |      0 |    0 |          0 |
|   sparse_arr_feat_reduce_out_19_U                                     |                                                   hls_dummy_fifo_w16_d2_S_57 |         22 |         22 |       0 |    0 |    34 |      0 |      0 |    0 |          0 |
|   sparse_arr_feat_reduce_out_1_U                                      |                                                   hls_dummy_fifo_w16_d2_S_58 |         22 |         22 |       0 |    0 |    34 |      0 |      0 |    0 |          0 |
|   sparse_arr_feat_reduce_out_20_U                                     |                                                   hls_dummy_fifo_w16_d2_S_59 |         22 |         22 |       0 |    0 |    34 |      0 |      0 |    0 |          0 |
|   sparse_arr_feat_reduce_out_21_U                                     |                                                   hls_dummy_fifo_w16_d2_S_60 |         24 |         24 |       0 |    0 |    34 |      0 |      0 |    0 |          0 |
|   sparse_arr_feat_reduce_out_22_U                                     |                                                   hls_dummy_fifo_w16_d2_S_61 |         22 |         22 |       0 |    0 |    34 |      0 |      0 |    0 |          0 |
|   sparse_arr_feat_reduce_out_23_U                                     |                                                   hls_dummy_fifo_w16_d2_S_62 |         24 |         24 |       0 |    0 |    34 |      0 |      0 |    0 |          0 |
|   sparse_arr_feat_reduce_out_24_U                                     |                                                   hls_dummy_fifo_w16_d2_S_63 |         22 |         22 |       0 |    0 |    34 |      0 |      0 |    0 |          0 |
|   sparse_arr_feat_reduce_out_2_U                                      |                                                   hls_dummy_fifo_w16_d2_S_64 |         22 |         22 |       0 |    0 |    34 |      0 |      0 |    0 |          0 |
|   sparse_arr_feat_reduce_out_3_U                                      |                                                   hls_dummy_fifo_w16_d2_S_65 |         22 |         22 |       0 |    0 |    34 |      0 |      0 |    0 |          0 |
|   sparse_arr_feat_reduce_out_4_U                                      |                                                   hls_dummy_fifo_w16_d2_S_66 |         22 |         22 |       0 |    0 |    34 |      0 |      0 |    0 |          0 |
|   sparse_arr_feat_reduce_out_5_U                                      |                                                   hls_dummy_fifo_w16_d2_S_67 |         23 |         23 |       0 |    0 |    34 |      0 |      0 |    0 |          0 |
|   sparse_arr_feat_reduce_out_6_U                                      |                                                   hls_dummy_fifo_w16_d2_S_68 |         23 |         23 |       0 |    0 |    34 |      0 |      0 |    0 |          0 |
|   sparse_arr_feat_reduce_out_7_U                                      |                                                   hls_dummy_fifo_w16_d2_S_69 |         22 |         22 |       0 |    0 |    34 |      0 |      0 |    0 |          0 |
|   sparse_arr_feat_reduce_out_8_U                                      |                                                   hls_dummy_fifo_w16_d2_S_70 |         22 |         22 |       0 |    0 |    34 |      0 |      0 |    0 |          0 |
|   sparse_arr_feat_reduce_out_9_U                                      |                                                   hls_dummy_fifo_w16_d2_S_71 |         22 |         22 |       0 |    0 |    34 |      0 |      0 |    0 |          0 |
|   sparse_arr_feat_reduce_out_U                                        |                                                   hls_dummy_fifo_w16_d2_S_72 |         22 |         22 |       0 |    0 |    34 |      0 |      0 |    0 |          0 |
|   sparse_arr_hash_reduce_out_10_U                                     |                                                       hls_dummy_fifo_w4_d2_S |         16 |         16 |       0 |    0 |    12 |      0 |      0 |    0 |          0 |
|   sparse_arr_hash_reduce_out_11_U                                     |                                                    hls_dummy_fifo_w4_d2_S_73 |         16 |         16 |       0 |    0 |    12 |      0 |      0 |    0 |          0 |
|   sparse_arr_hash_reduce_out_12_U                                     |                                                    hls_dummy_fifo_w4_d2_S_74 |         15 |         15 |       0 |    0 |    12 |      0 |      0 |    0 |          0 |
|   sparse_arr_hash_reduce_out_13_U                                     |                                                    hls_dummy_fifo_w4_d2_S_75 |         16 |         16 |       0 |    0 |    12 |      0 |      0 |    0 |          0 |
|   sparse_arr_hash_reduce_out_14_U                                     |                                                    hls_dummy_fifo_w4_d2_S_76 |         18 |         18 |       0 |    0 |    12 |      0 |      0 |    0 |          0 |
|   sparse_arr_hash_reduce_out_15_U                                     |                                                    hls_dummy_fifo_w4_d2_S_77 |         16 |         16 |       0 |    0 |    12 |      0 |      0 |    0 |          0 |
|   sparse_arr_hash_reduce_out_16_U                                     |                                                    hls_dummy_fifo_w4_d2_S_78 |         14 |         14 |       0 |    0 |    12 |      0 |      0 |    0 |          0 |
|   sparse_arr_hash_reduce_out_17_U                                     |                                                    hls_dummy_fifo_w4_d2_S_79 |         15 |         15 |       0 |    0 |    12 |      0 |      0 |    0 |          0 |
|   sparse_arr_hash_reduce_out_18_U                                     |                                                    hls_dummy_fifo_w4_d2_S_80 |        102 |        102 |       0 |    0 |    12 |      0 |      0 |    0 |          0 |
|   sparse_arr_hash_reduce_out_19_U                                     |                                                    hls_dummy_fifo_w4_d2_S_81 |         68 |         68 |       0 |    0 |    12 |      0 |      0 |    0 |          0 |
|   sparse_arr_hash_reduce_out_1_U                                      |                                                    hls_dummy_fifo_w4_d2_S_82 |         16 |         16 |       0 |    0 |    12 |      0 |      0 |    0 |          0 |
|   sparse_arr_hash_reduce_out_20_U                                     |                                                    hls_dummy_fifo_w4_d2_S_83 |         84 |         84 |       0 |    0 |    12 |      0 |      0 |    0 |          0 |
|   sparse_arr_hash_reduce_out_21_U                                     |                                                    hls_dummy_fifo_w4_d2_S_84 |         45 |         45 |       0 |    0 |    12 |      0 |      0 |    0 |          0 |
|   sparse_arr_hash_reduce_out_22_U                                     |                                                    hls_dummy_fifo_w4_d2_S_85 |         15 |         15 |       0 |    0 |    12 |      0 |      0 |    0 |          0 |
|   sparse_arr_hash_reduce_out_23_U                                     |                                                    hls_dummy_fifo_w4_d2_S_86 |         14 |         14 |       0 |    0 |    12 |      0 |      0 |    0 |          0 |
|   sparse_arr_hash_reduce_out_24_U                                     |                                                    hls_dummy_fifo_w4_d2_S_87 |         15 |         15 |       0 |    0 |    12 |      0 |      0 |    0 |          0 |
|   sparse_arr_hash_reduce_out_25_U                                     |                                                    hls_dummy_fifo_w4_d2_S_88 |         15 |         15 |       0 |    0 |    12 |      0 |      0 |    0 |          0 |
|   sparse_arr_hash_reduce_out_26_U                                     |                                                    hls_dummy_fifo_w4_d2_S_89 |         12 |         12 |       0 |    0 |    12 |      0 |      0 |    0 |          0 |
|   sparse_arr_hash_reduce_out_27_U                                     |                                                    hls_dummy_fifo_w4_d2_S_90 |         14 |         14 |       0 |    0 |    12 |      0 |      0 |    0 |          0 |
|   sparse_arr_hash_reduce_out_28_U                                     |                                                    hls_dummy_fifo_w4_d2_S_91 |         14 |         14 |       0 |    0 |    12 |      0 |      0 |    0 |          0 |
|   sparse_arr_hash_reduce_out_29_U                                     |                                                    hls_dummy_fifo_w4_d2_S_92 |         18 |         18 |       0 |    0 |    12 |      0 |      0 |    0 |          0 |
|   sparse_arr_hash_reduce_out_2_U                                      |                                                    hls_dummy_fifo_w4_d2_S_93 |         12 |         12 |       0 |    0 |    12 |      0 |      0 |    0 |          0 |
|   sparse_arr_hash_reduce_out_30_U                                     |                                                    hls_dummy_fifo_w4_d2_S_94 |         18 |         18 |       0 |    0 |    12 |      0 |      0 |    0 |          0 |
|   sparse_arr_hash_reduce_out_31_U                                     |                                                    hls_dummy_fifo_w4_d2_S_95 |         17 |         17 |       0 |    0 |    12 |      0 |      0 |    0 |          0 |
|   sparse_arr_hash_reduce_out_32_U                                     |                                                    hls_dummy_fifo_w4_d2_S_96 |         12 |         12 |       0 |    0 |    12 |      0 |      0 |    0 |          0 |
|   sparse_arr_hash_reduce_out_33_U                                     |                                                    hls_dummy_fifo_w4_d2_S_97 |         14 |         14 |       0 |    0 |    12 |      0 |      0 |    0 |          0 |
|   sparse_arr_hash_reduce_out_34_U                                     |                                                    hls_dummy_fifo_w4_d2_S_98 |         14 |         14 |       0 |    0 |    12 |      0 |      0 |    0 |          0 |
|   sparse_arr_hash_reduce_out_35_U                                     |                                                    hls_dummy_fifo_w4_d2_S_99 |         13 |         13 |       0 |    0 |    12 |      0 |      0 |    0 |          0 |
|   sparse_arr_hash_reduce_out_36_U                                     |                                                   hls_dummy_fifo_w4_d2_S_100 |         11 |         11 |       0 |    0 |    12 |      0 |      0 |    0 |          0 |
|   sparse_arr_hash_reduce_out_37_U                                     |                                                   hls_dummy_fifo_w4_d2_S_101 |         15 |         15 |       0 |    0 |    12 |      0 |      0 |    0 |          0 |
|   sparse_arr_hash_reduce_out_38_U                                     |                                                   hls_dummy_fifo_w4_d2_S_102 |         17 |         17 |       0 |    0 |    12 |      0 |      0 |    0 |          0 |
|   sparse_arr_hash_reduce_out_39_U                                     |                                                   hls_dummy_fifo_w4_d2_S_103 |         12 |         12 |       0 |    0 |    12 |      0 |      0 |    0 |          0 |
|   sparse_arr_hash_reduce_out_3_U                                      |                                                   hls_dummy_fifo_w4_d2_S_104 |         15 |         15 |       0 |    0 |    12 |      0 |      0 |    0 |          0 |
|   sparse_arr_hash_reduce_out_40_U                                     |                                                   hls_dummy_fifo_w4_d2_S_105 |         14 |         14 |       0 |    0 |    12 |      0 |      0 |    0 |          0 |
|   sparse_arr_hash_reduce_out_41_U                                     |                                                   hls_dummy_fifo_w4_d2_S_106 |         13 |         13 |       0 |    0 |    12 |      0 |      0 |    0 |          0 |
|   sparse_arr_hash_reduce_out_42_U                                     |                                                   hls_dummy_fifo_w4_d2_S_107 |         20 |         20 |       0 |    0 |    12 |      0 |      0 |    0 |          0 |
|   sparse_arr_hash_reduce_out_43_U                                     |                                                   hls_dummy_fifo_w4_d2_S_108 |         13 |         13 |       0 |    0 |    12 |      0 |      0 |    0 |          0 |
|   sparse_arr_hash_reduce_out_44_U                                     |                                                   hls_dummy_fifo_w4_d2_S_109 |         11 |         11 |       0 |    0 |    12 |      0 |      0 |    0 |          0 |
|   sparse_arr_hash_reduce_out_45_U                                     |                                                   hls_dummy_fifo_w4_d2_S_110 |         16 |         16 |       0 |    0 |    12 |      0 |      0 |    0 |          0 |
|   sparse_arr_hash_reduce_out_46_U                                     |                                                   hls_dummy_fifo_w4_d2_S_111 |         30 |         30 |       0 |    0 |    12 |      0 |      0 |    0 |          0 |
|   sparse_arr_hash_reduce_out_47_U                                     |                                                   hls_dummy_fifo_w4_d2_S_112 |         23 |         23 |       0 |    0 |    12 |      0 |      0 |    0 |          0 |
|   sparse_arr_hash_reduce_out_48_U                                     |                                                   hls_dummy_fifo_w4_d2_S_113 |        136 |        136 |       0 |    0 |    12 |      0 |      0 |    0 |          0 |
|   sparse_arr_hash_reduce_out_49_U                                     |                                                   hls_dummy_fifo_w4_d2_S_114 |         95 |         95 |       0 |    0 |    12 |      0 |      0 |    0 |          0 |
|   sparse_arr_hash_reduce_out_4_U                                      |                                                   hls_dummy_fifo_w4_d2_S_115 |         15 |         15 |       0 |    0 |    12 |      0 |      0 |    0 |          0 |
|   sparse_arr_hash_reduce_out_5_U                                      |                                                   hls_dummy_fifo_w4_d2_S_116 |         14 |         14 |       0 |    0 |    12 |      0 |      0 |    0 |          0 |
|   sparse_arr_hash_reduce_out_6_U                                      |                                                   hls_dummy_fifo_w4_d2_S_117 |         17 |         17 |       0 |    0 |    12 |      0 |      0 |    0 |          0 |
|   sparse_arr_hash_reduce_out_7_U                                      |                                                   hls_dummy_fifo_w4_d2_S_118 |         15 |         15 |       0 |    0 |    12 |      0 |      0 |    0 |          0 |
|   sparse_arr_hash_reduce_out_8_U                                      |                                                   hls_dummy_fifo_w4_d2_S_119 |         16 |         16 |       0 |    0 |    12 |      0 |      0 |    0 |          0 |
|   sparse_arr_hash_reduce_out_9_U                                      |                                                   hls_dummy_fifo_w4_d2_S_120 |         16 |         16 |       0 |    0 |    12 |      0 |      0 |    0 |          0 |
|   sparse_arr_hash_reduce_out_U                                        |                                                   hls_dummy_fifo_w4_d2_S_121 |         19 |         19 |       0 |    0 |    12 |      0 |      0 |    0 |          0 |
|   sparse_conv_ap_fixed_ap_fixed_ap_uint_ap_fixed_ap_fixed_25_1_1_3_U0 | hls_dummy_sparse_conv_ap_fixed_ap_fixed_ap_uint_ap_fixed_ap_fixed_25_1_1_3_s |      23546 |      23546 |       0 |    0 | 12170 |      0 |      0 |    0 |        625 |
|   sparse_input_reduce_ap_fixed_16_6_5_3_0_ap_uint_10_10_10_1_25_4_U0  |    hls_dummy_sparse_input_reduce_ap_fixed_16_6_5_3_0_ap_uint_10_10_10_1_25_4 |       5329 |       5329 |       0 |    0 |  2695 |      0 |      0 |    0 |          0 |
|   sparse_relu_ap_fixed_16_6_5_3_0_ap_fixed_16_6_5_3_0_25_1_U0         |         hls_dummy_sparse_relu_ap_fixed_16_6_5_3_0_ap_fixed_16_6_5_3_0_25_1_s |         26 |         26 |       0 |    0 |   376 |      0 |      0 |    0 |          0 |
+-----------------------------------------------------------------------+------------------------------------------------------------------------------+------------+------------+---------+------+-------+--------+--------+------+------------+


