Copyright 1986-2022 Xilinx, Inc. All Rights Reserved. Copyright 2022-2023 Advanced Micro Devices, Inc. All Rights Reserved.
---------------------------------------------------------------------------------------------------------------------------------------------
| Tool Version : Vivado v.2023.1 (lin64) Build 3865809 Sun May  7 15:04:56 MDT 2023
| Date         : Mon Sep  8 19:58:43 2025
| Host         : coder-hftsoi-hls1 running 64-bit Ubuntu 20.04.6 LTS
| Command      : report_utilization -file vivado_synth.rpt -hierarchical -hierarchical_depth 1
| Design       : hls_dummy
| Device       : xcu250-figd2104-2L-e
| Speed File   : -2L
| Design State : Optimized
---------------------------------------------------------------------------------------------------------------------------------------------

Utilization Design Information

Table of Contents
-----------------
1. Utilization by Hierarchy

1. Utilization by Hierarchy
---------------------------

+-----------------------------------------------------------------------+------------------------------------------------------------------------------+------------+------------+---------+------+-------+--------+--------+------+------------+
|                                Instance                               |                                    Module                                    | Total LUTs | Logic LUTs | LUTRAMs | SRLs |  FFs  | RAMB36 | RAMB18 | URAM | DSP Blocks |
+-----------------------------------------------------------------------+------------------------------------------------------------------------------+------------+------------+---------+------+-------+--------+--------+------+------------+
| hls_dummy                                                             |                                                                        (top) |      61782 |      61782 |       0 |    0 | 22578 |      0 |      0 |    0 |       1800 |
|   (hls_dummy)                                                         |                                                                        (top) |          0 |          0 |       0 |    0 |   150 |      0 |      0 |    0 |          0 |
|   Block_entry26_proc_U0                                               |                                                 hls_dummy_Block_entry26_proc |         64 |         64 |       0 |    0 |   960 |      0 |      0 |    0 |          0 |
|   sparse_arr_feat_conv1_out_10_U                                      |                                                      hls_dummy_fifo_w16_d2_S |         38 |         38 |       0 |    0 |    36 |      0 |      0 |    0 |          0 |
|   sparse_arr_feat_conv1_out_11_U                                      |                                                    hls_dummy_fifo_w16_d2_S_0 |         38 |         38 |       0 |    0 |    36 |      0 |      0 |    0 |          0 |
|   sparse_arr_feat_conv1_out_12_U                                      |                                                    hls_dummy_fifo_w16_d2_S_1 |         39 |         39 |       0 |    0 |    36 |      0 |      0 |    0 |          0 |
|   sparse_arr_feat_conv1_out_13_U                                      |                                                    hls_dummy_fifo_w16_d2_S_2 |         39 |         39 |       0 |    0 |    36 |      0 |      0 |    0 |          0 |
|   sparse_arr_feat_conv1_out_14_U                                      |                                                    hls_dummy_fifo_w16_d2_S_3 |         38 |         38 |       0 |    0 |    36 |      0 |      0 |    0 |          0 |
|   sparse_arr_feat_conv1_out_15_U                                      |                                                    hls_dummy_fifo_w16_d2_S_4 |         38 |         38 |       0 |    0 |    36 |      0 |      0 |    0 |          0 |
|   sparse_arr_feat_conv1_out_16_U                                      |                                                    hls_dummy_fifo_w16_d2_S_5 |         37 |         37 |       0 |    0 |    36 |      0 |      0 |    0 |          0 |
|   sparse_arr_feat_conv1_out_17_U                                      |                                                    hls_dummy_fifo_w16_d2_S_6 |         39 |         39 |       0 |    0 |    36 |      0 |      0 |    0 |          0 |
|   sparse_arr_feat_conv1_out_18_U                                      |                                                    hls_dummy_fifo_w16_d2_S_7 |         38 |         38 |       0 |    0 |    36 |      0 |      0 |    0 |          0 |
|   sparse_arr_feat_conv1_out_19_U                                      |                                                    hls_dummy_fifo_w16_d2_S_8 |         39 |         39 |       0 |    0 |    36 |      0 |      0 |    0 |          0 |
|   sparse_arr_feat_conv1_out_1_U                                       |                                                    hls_dummy_fifo_w16_d2_S_9 |         38 |         38 |       0 |    0 |    36 |      0 |      0 |    0 |          0 |
|   sparse_arr_feat_conv1_out_20_U                                      |                                                   hls_dummy_fifo_w16_d2_S_10 |         38 |         38 |       0 |    0 |    36 |      0 |      0 |    0 |          0 |
|   sparse_arr_feat_conv1_out_21_U                                      |                                                   hls_dummy_fifo_w16_d2_S_11 |         37 |         37 |       0 |    0 |    36 |      0 |      0 |    0 |          0 |
|   sparse_arr_feat_conv1_out_22_U                                      |                                                   hls_dummy_fifo_w16_d2_S_12 |         39 |         39 |       0 |    0 |    36 |      0 |      0 |    0 |          0 |
|   sparse_arr_feat_conv1_out_23_U                                      |                                                   hls_dummy_fifo_w16_d2_S_13 |         37 |         37 |       0 |    0 |    36 |      0 |      0 |    0 |          0 |
|   sparse_arr_feat_conv1_out_24_U                                      |                                                   hls_dummy_fifo_w16_d2_S_14 |         39 |         39 |       0 |    0 |    36 |      0 |      0 |    0 |          0 |
|   sparse_arr_feat_conv1_out_25_U                                      |                                                   hls_dummy_fifo_w16_d2_S_15 |         39 |         39 |       0 |    0 |    36 |      0 |      0 |    0 |          0 |
|   sparse_arr_feat_conv1_out_26_U                                      |                                                   hls_dummy_fifo_w16_d2_S_16 |         38 |         38 |       0 |    0 |    36 |      0 |      0 |    0 |          0 |
|   sparse_arr_feat_conv1_out_27_U                                      |                                                   hls_dummy_fifo_w16_d2_S_17 |         37 |         37 |       0 |    0 |    36 |      0 |      0 |    0 |          0 |
|   sparse_arr_feat_conv1_out_28_U                                      |                                                   hls_dummy_fifo_w16_d2_S_18 |         41 |         41 |       0 |    0 |    36 |      0 |      0 |    0 |          0 |
|   sparse_arr_feat_conv1_out_29_U                                      |                                                   hls_dummy_fifo_w16_d2_S_19 |         39 |         39 |       0 |    0 |    36 |      0 |      0 |    0 |          0 |
|   sparse_arr_feat_conv1_out_2_U                                       |                                                   hls_dummy_fifo_w16_d2_S_20 |         38 |         38 |       0 |    0 |    36 |      0 |      0 |    0 |          0 |
|   sparse_arr_feat_conv1_out_30_U                                      |                                                   hls_dummy_fifo_w16_d2_S_21 |         37 |         37 |       0 |    0 |    36 |      0 |      0 |    0 |          0 |
|   sparse_arr_feat_conv1_out_31_U                                      |                                                   hls_dummy_fifo_w16_d2_S_22 |         37 |         37 |       0 |    0 |    36 |      0 |      0 |    0 |          0 |
|   sparse_arr_feat_conv1_out_32_U                                      |                                                   hls_dummy_fifo_w16_d2_S_23 |         38 |         38 |       0 |    0 |    36 |      0 |      0 |    0 |          0 |
|   sparse_arr_feat_conv1_out_33_U                                      |                                                   hls_dummy_fifo_w16_d2_S_24 |         37 |         37 |       0 |    0 |    36 |      0 |      0 |    0 |          0 |
|   sparse_arr_feat_conv1_out_34_U                                      |                                                   hls_dummy_fifo_w16_d2_S_25 |         38 |         38 |       0 |    0 |    36 |      0 |      0 |    0 |          0 |
|   sparse_arr_feat_conv1_out_35_U                                      |                                                   hls_dummy_fifo_w16_d2_S_26 |         38 |         38 |       0 |    0 |    36 |      0 |      0 |    0 |          0 |
|   sparse_arr_feat_conv1_out_36_U                                      |                                                   hls_dummy_fifo_w16_d2_S_27 |         38 |         38 |       0 |    0 |    36 |      0 |      0 |    0 |          0 |
|   sparse_arr_feat_conv1_out_37_U                                      |                                                   hls_dummy_fifo_w16_d2_S_28 |         38 |         38 |       0 |    0 |    36 |      0 |      0 |    0 |          0 |
|   sparse_arr_feat_conv1_out_38_U                                      |                                                   hls_dummy_fifo_w16_d2_S_29 |         42 |         42 |       0 |    0 |    36 |      0 |      0 |    0 |          0 |
|   sparse_arr_feat_conv1_out_39_U                                      |                                                   hls_dummy_fifo_w16_d2_S_30 |         40 |         40 |       0 |    0 |    36 |      0 |      0 |    0 |          0 |
|   sparse_arr_feat_conv1_out_3_U                                       |                                                   hls_dummy_fifo_w16_d2_S_31 |         37 |         37 |       0 |    0 |    36 |      0 |      0 |    0 |          0 |
|   sparse_arr_feat_conv1_out_40_U                                      |                                                   hls_dummy_fifo_w16_d2_S_32 |         38 |         38 |       0 |    0 |    36 |      0 |      0 |    0 |          0 |
|   sparse_arr_feat_conv1_out_41_U                                      |                                                   hls_dummy_fifo_w16_d2_S_33 |         41 |         41 |       0 |    0 |    36 |      0 |      0 |    0 |          0 |
|   sparse_arr_feat_conv1_out_42_U                                      |                                                   hls_dummy_fifo_w16_d2_S_34 |         38 |         38 |       0 |    0 |    36 |      0 |      0 |    0 |          0 |
|   sparse_arr_feat_conv1_out_43_U                                      |                                                   hls_dummy_fifo_w16_d2_S_35 |         40 |         40 |       0 |    0 |    36 |      0 |      0 |    0 |          0 |
|   sparse_arr_feat_conv1_out_44_U                                      |                                                   hls_dummy_fifo_w16_d2_S_36 |         37 |         37 |       0 |    0 |    36 |      0 |      0 |    0 |          0 |
|   sparse_arr_feat_conv1_out_45_U                                      |                                                   hls_dummy_fifo_w16_d2_S_37 |         38 |         38 |       0 |    0 |    36 |      0 |      0 |    0 |          0 |
|   sparse_arr_feat_conv1_out_46_U                                      |                                                   hls_dummy_fifo_w16_d2_S_38 |         38 |         38 |       0 |    0 |    36 |      0 |      0 |    0 |          0 |
|   sparse_arr_feat_conv1_out_47_U                                      |                                                   hls_dummy_fifo_w16_d2_S_39 |         37 |         37 |       0 |    0 |    36 |      0 |      0 |    0 |          0 |
|   sparse_arr_feat_conv1_out_48_U                                      |                                                   hls_dummy_fifo_w16_d2_S_40 |         38 |         38 |       0 |    0 |    36 |      0 |      0 |    0 |          0 |
|   sparse_arr_feat_conv1_out_49_U                                      |                                                   hls_dummy_fifo_w16_d2_S_41 |         37 |         37 |       0 |    0 |    36 |      0 |      0 |    0 |          0 |
|   sparse_arr_feat_conv1_out_4_U                                       |                                                   hls_dummy_fifo_w16_d2_S_42 |         37 |         37 |       0 |    0 |    36 |      0 |      0 |    0 |          0 |
|   sparse_arr_feat_conv1_out_50_U                                      |                                                   hls_dummy_fifo_w16_d2_S_43 |         37 |         37 |       0 |    0 |    36 |      0 |      0 |    0 |          0 |
|   sparse_arr_feat_conv1_out_51_U                                      |                                                   hls_dummy_fifo_w16_d2_S_44 |         38 |         38 |       0 |    0 |    36 |      0 |      0 |    0 |          0 |
|   sparse_arr_feat_conv1_out_52_U                                      |                                                   hls_dummy_fifo_w16_d2_S_45 |         37 |         37 |       0 |    0 |    36 |      0 |      0 |    0 |          0 |
|   sparse_arr_feat_conv1_out_53_U                                      |                                                   hls_dummy_fifo_w16_d2_S_46 |         38 |         38 |       0 |    0 |    36 |      0 |      0 |    0 |          0 |
|   sparse_arr_feat_conv1_out_54_U                                      |                                                   hls_dummy_fifo_w16_d2_S_47 |         40 |         40 |       0 |    0 |    36 |      0 |      0 |    0 |          0 |
|   sparse_arr_feat_conv1_out_55_U                                      |                                                   hls_dummy_fifo_w16_d2_S_48 |         39 |         39 |       0 |    0 |    36 |      0 |      0 |    0 |          0 |
|   sparse_arr_feat_conv1_out_56_U                                      |                                                   hls_dummy_fifo_w16_d2_S_49 |         22 |         22 |       0 |    0 |    36 |      0 |      0 |    0 |          0 |
|   sparse_arr_feat_conv1_out_57_U                                      |                                                   hls_dummy_fifo_w16_d2_S_50 |         23 |         23 |       0 |    0 |    36 |      0 |      0 |    0 |          0 |
|   sparse_arr_feat_conv1_out_58_U                                      |                                                   hls_dummy_fifo_w16_d2_S_51 |         23 |         23 |       0 |    0 |    36 |      0 |      0 |    0 |          0 |
|   sparse_arr_feat_conv1_out_59_U                                      |                                                   hls_dummy_fifo_w16_d2_S_52 |         22 |         22 |       0 |    0 |    36 |      0 |      0 |    0 |          0 |
|   sparse_arr_feat_conv1_out_5_U                                       |                                                   hls_dummy_fifo_w16_d2_S_53 |         39 |         39 |       0 |    0 |    36 |      0 |      0 |    0 |          0 |
|   sparse_arr_feat_conv1_out_6_U                                       |                                                   hls_dummy_fifo_w16_d2_S_54 |         39 |         39 |       0 |    0 |    36 |      0 |      0 |    0 |          0 |
|   sparse_arr_feat_conv1_out_7_U                                       |                                                   hls_dummy_fifo_w16_d2_S_55 |         38 |         38 |       0 |    0 |    36 |      0 |      0 |    0 |          0 |
|   sparse_arr_feat_conv1_out_8_U                                       |                                                   hls_dummy_fifo_w16_d2_S_56 |         38 |         38 |       0 |    0 |    36 |      0 |      0 |    0 |          0 |
|   sparse_arr_feat_conv1_out_9_U                                       |                                                   hls_dummy_fifo_w16_d2_S_57 |         38 |         38 |       0 |    0 |    36 |      0 |      0 |    0 |          0 |
|   sparse_arr_feat_conv1_out_U                                         |                                                   hls_dummy_fifo_w16_d2_S_58 |         38 |         38 |       0 |    0 |    36 |      0 |      0 |    0 |          0 |
|   sparse_arr_feat_reduce_out_10_U                                     |                                                   hls_dummy_fifo_w16_d2_S_59 |         27 |         27 |       0 |    0 |    34 |      0 |      0 |    0 |          0 |
|   sparse_arr_feat_reduce_out_11_U                                     |                                                   hls_dummy_fifo_w16_d2_S_60 |         29 |         29 |       0 |    0 |    34 |      0 |      0 |    0 |          0 |
|   sparse_arr_feat_reduce_out_12_U                                     |                                                   hls_dummy_fifo_w16_d2_S_61 |         27 |         27 |       0 |    0 |    34 |      0 |      0 |    0 |          0 |
|   sparse_arr_feat_reduce_out_13_U                                     |                                                   hls_dummy_fifo_w16_d2_S_62 |         27 |         27 |       0 |    0 |    34 |      0 |      0 |    0 |          0 |
|   sparse_arr_feat_reduce_out_14_U                                     |                                                   hls_dummy_fifo_w16_d2_S_63 |         31 |         31 |       0 |    0 |    34 |      0 |      0 |    0 |          0 |
|   sparse_arr_feat_reduce_out_15_U                                     |                                                   hls_dummy_fifo_w16_d2_S_64 |         27 |         27 |       0 |    0 |    34 |      0 |      0 |    0 |          0 |
|   sparse_arr_feat_reduce_out_16_U                                     |                                                   hls_dummy_fifo_w16_d2_S_65 |         28 |         28 |       0 |    0 |    34 |      0 |      0 |    0 |          0 |
|   sparse_arr_feat_reduce_out_17_U                                     |                                                   hls_dummy_fifo_w16_d2_S_66 |         30 |         30 |       0 |    0 |    34 |      0 |      0 |    0 |          0 |
|   sparse_arr_feat_reduce_out_18_U                                     |                                                   hls_dummy_fifo_w16_d2_S_67 |         27 |         27 |       0 |    0 |    34 |      0 |      0 |    0 |          0 |
|   sparse_arr_feat_reduce_out_19_U                                     |                                                   hls_dummy_fifo_w16_d2_S_68 |         29 |         29 |       0 |    0 |    34 |      0 |      0 |    0 |          0 |
|   sparse_arr_feat_reduce_out_1_U                                      |                                                   hls_dummy_fifo_w16_d2_S_69 |         29 |         29 |       0 |    0 |    34 |      0 |      0 |    0 |          0 |
|   sparse_arr_feat_reduce_out_20_U                                     |                                                   hls_dummy_fifo_w16_d2_S_70 |         28 |         28 |       0 |    0 |    34 |      0 |      0 |    0 |          0 |
|   sparse_arr_feat_reduce_out_21_U                                     |                                                   hls_dummy_fifo_w16_d2_S_71 |         28 |         28 |       0 |    0 |    34 |      0 |      0 |    0 |          0 |
|   sparse_arr_feat_reduce_out_22_U                                     |                                                   hls_dummy_fifo_w16_d2_S_72 |         28 |         28 |       0 |    0 |    34 |      0 |      0 |    0 |          0 |
|   sparse_arr_feat_reduce_out_23_U                                     |                                                   hls_dummy_fifo_w16_d2_S_73 |         28 |         28 |       0 |    0 |    34 |      0 |      0 |    0 |          0 |
|   sparse_arr_feat_reduce_out_24_U                                     |                                                   hls_dummy_fifo_w16_d2_S_74 |         31 |         31 |       0 |    0 |    34 |      0 |      0 |    0 |          0 |
|   sparse_arr_feat_reduce_out_25_U                                     |                                                   hls_dummy_fifo_w16_d2_S_75 |         28 |         28 |       0 |    0 |    34 |      0 |      0 |    0 |          0 |
|   sparse_arr_feat_reduce_out_26_U                                     |                                                   hls_dummy_fifo_w16_d2_S_76 |         28 |         28 |       0 |    0 |    34 |      0 |      0 |    0 |          0 |
|   sparse_arr_feat_reduce_out_27_U                                     |                                                   hls_dummy_fifo_w16_d2_S_77 |         29 |         29 |       0 |    0 |    34 |      0 |      0 |    0 |          0 |
|   sparse_arr_feat_reduce_out_28_U                                     |                                                   hls_dummy_fifo_w16_d2_S_78 |         28 |         28 |       0 |    0 |    34 |      0 |      0 |    0 |          0 |
|   sparse_arr_feat_reduce_out_29_U                                     |                                                   hls_dummy_fifo_w16_d2_S_79 |         27 |         27 |       0 |    0 |    34 |      0 |      0 |    0 |          0 |
|   sparse_arr_feat_reduce_out_2_U                                      |                                                   hls_dummy_fifo_w16_d2_S_80 |         28 |         28 |       0 |    0 |    34 |      0 |      0 |    0 |          0 |
|   sparse_arr_feat_reduce_out_3_U                                      |                                                   hls_dummy_fifo_w16_d2_S_81 |         29 |         29 |       0 |    0 |    34 |      0 |      0 |    0 |          0 |
|   sparse_arr_feat_reduce_out_4_U                                      |                                                   hls_dummy_fifo_w16_d2_S_82 |         28 |         28 |       0 |    0 |    34 |      0 |      0 |    0 |          0 |
|   sparse_arr_feat_reduce_out_5_U                                      |                                                   hls_dummy_fifo_w16_d2_S_83 |         30 |         30 |       0 |    0 |    34 |      0 |      0 |    0 |          0 |
|   sparse_arr_feat_reduce_out_6_U                                      |                                                   hls_dummy_fifo_w16_d2_S_84 |         27 |         27 |       0 |    0 |    34 |      0 |      0 |    0 |          0 |
|   sparse_arr_feat_reduce_out_7_U                                      |                                                   hls_dummy_fifo_w16_d2_S_85 |         30 |         30 |       0 |    0 |    34 |      0 |      0 |    0 |          0 |
|   sparse_arr_feat_reduce_out_8_U                                      |                                                   hls_dummy_fifo_w16_d2_S_86 |         28 |         28 |       0 |    0 |    34 |      0 |      0 |    0 |          0 |
|   sparse_arr_feat_reduce_out_9_U                                      |                                                   hls_dummy_fifo_w16_d2_S_87 |         27 |         27 |       0 |    0 |    34 |      0 |      0 |    0 |          0 |
|   sparse_arr_feat_reduce_out_U                                        |                                                   hls_dummy_fifo_w16_d2_S_88 |         29 |         29 |       0 |    0 |    34 |      0 |      0 |    0 |          0 |
|   sparse_arr_hash_reduce_out_10_U                                     |                                                       hls_dummy_fifo_w4_d2_S |        153 |        153 |       0 |    0 |    12 |      0 |      0 |    0 |          0 |
|   sparse_arr_hash_reduce_out_11_U                                     |                                                    hls_dummy_fifo_w4_d2_S_89 |        179 |        179 |       0 |    0 |    12 |      0 |      0 |    0 |          0 |
|   sparse_arr_hash_reduce_out_12_U                                     |                                                    hls_dummy_fifo_w4_d2_S_90 |         62 |         62 |       0 |    0 |    12 |      0 |      0 |    0 |          0 |
|   sparse_arr_hash_reduce_out_13_U                                     |                                                    hls_dummy_fifo_w4_d2_S_91 |         60 |         60 |       0 |    0 |    12 |      0 |      0 |    0 |          0 |
|   sparse_arr_hash_reduce_out_14_U                                     |                                                    hls_dummy_fifo_w4_d2_S_92 |         37 |         37 |       0 |    0 |    12 |      0 |      0 |    0 |          0 |
|   sparse_arr_hash_reduce_out_15_U                                     |                                                    hls_dummy_fifo_w4_d2_S_93 |         62 |         62 |       0 |    0 |    12 |      0 |      0 |    0 |          0 |
|   sparse_arr_hash_reduce_out_16_U                                     |                                                    hls_dummy_fifo_w4_d2_S_94 |         37 |         37 |       0 |    0 |    12 |      0 |      0 |    0 |          0 |
|   sparse_arr_hash_reduce_out_17_U                                     |                                                    hls_dummy_fifo_w4_d2_S_95 |         63 |         63 |       0 |    0 |    12 |      0 |      0 |    0 |          0 |
|   sparse_arr_hash_reduce_out_18_U                                     |                                                    hls_dummy_fifo_w4_d2_S_96 |         37 |         37 |       0 |    0 |    12 |      0 |      0 |    0 |          0 |
|   sparse_arr_hash_reduce_out_19_U                                     |                                                    hls_dummy_fifo_w4_d2_S_97 |         61 |         61 |       0 |    0 |    12 |      0 |      0 |    0 |          0 |
|   sparse_arr_hash_reduce_out_1_U                                      |                                                    hls_dummy_fifo_w4_d2_S_98 |         32 |         32 |       0 |    0 |    12 |      0 |      0 |    0 |          0 |
|   sparse_arr_hash_reduce_out_20_U                                     |                                                    hls_dummy_fifo_w4_d2_S_99 |         37 |         37 |       0 |    0 |    12 |      0 |      0 |    0 |          0 |
|   sparse_arr_hash_reduce_out_21_U                                     |                                                   hls_dummy_fifo_w4_d2_S_100 |         32 |         32 |       0 |    0 |    12 |      0 |      0 |    0 |          0 |
|   sparse_arr_hash_reduce_out_22_U                                     |                                                   hls_dummy_fifo_w4_d2_S_101 |        106 |        106 |       0 |    0 |    12 |      0 |      0 |    0 |          0 |
|   sparse_arr_hash_reduce_out_23_U                                     |                                                   hls_dummy_fifo_w4_d2_S_102 |        121 |        121 |       0 |    0 |    12 |      0 |      0 |    0 |          0 |
|   sparse_arr_hash_reduce_out_24_U                                     |                                                   hls_dummy_fifo_w4_d2_S_103 |         84 |         84 |       0 |    0 |    12 |      0 |      0 |    0 |          0 |
|   sparse_arr_hash_reduce_out_25_U                                     |                                                   hls_dummy_fifo_w4_d2_S_104 |         92 |         92 |       0 |    0 |    12 |      0 |      0 |    0 |          0 |
|   sparse_arr_hash_reduce_out_26_U                                     |                                                   hls_dummy_fifo_w4_d2_S_105 |         38 |         38 |       0 |    0 |    12 |      0 |      0 |    0 |          0 |
|   sparse_arr_hash_reduce_out_27_U                                     |                                                   hls_dummy_fifo_w4_d2_S_106 |         62 |         62 |       0 |    0 |    12 |      0 |      0 |    0 |          0 |
|   sparse_arr_hash_reduce_out_28_U                                     |                                                   hls_dummy_fifo_w4_d2_S_107 |         39 |         39 |       0 |    0 |    12 |      0 |      0 |    0 |          0 |
|   sparse_arr_hash_reduce_out_29_U                                     |                                                   hls_dummy_fifo_w4_d2_S_108 |         61 |         61 |       0 |    0 |    12 |      0 |      0 |    0 |          0 |
|   sparse_arr_hash_reduce_out_2_U                                      |                                                   hls_dummy_fifo_w4_d2_S_109 |         37 |         37 |       0 |    0 |    12 |      0 |      0 |    0 |          0 |
|   sparse_arr_hash_reduce_out_30_U                                     |                                                   hls_dummy_fifo_w4_d2_S_110 |         38 |         38 |       0 |    0 |    12 |      0 |      0 |    0 |          0 |
|   sparse_arr_hash_reduce_out_31_U                                     |                                                   hls_dummy_fifo_w4_d2_S_111 |         62 |         62 |       0 |    0 |    12 |      0 |      0 |    0 |          0 |
|   sparse_arr_hash_reduce_out_32_U                                     |                                                   hls_dummy_fifo_w4_d2_S_112 |         38 |         38 |       0 |    0 |    12 |      0 |      0 |    0 |          0 |
|   sparse_arr_hash_reduce_out_33_U                                     |                                                   hls_dummy_fifo_w4_d2_S_113 |         61 |         61 |       0 |    0 |    12 |      0 |      0 |    0 |          0 |
|   sparse_arr_hash_reduce_out_34_U                                     |                                                   hls_dummy_fifo_w4_d2_S_114 |         37 |         37 |       0 |    0 |    12 |      0 |      0 |    0 |          0 |
|   sparse_arr_hash_reduce_out_35_U                                     |                                                   hls_dummy_fifo_w4_d2_S_115 |         63 |         63 |       0 |    0 |    12 |      0 |      0 |    0 |          0 |
|   sparse_arr_hash_reduce_out_36_U                                     |                                                   hls_dummy_fifo_w4_d2_S_116 |         82 |         82 |       0 |    0 |    12 |      0 |      0 |    0 |          0 |
|   sparse_arr_hash_reduce_out_37_U                                     |                                                   hls_dummy_fifo_w4_d2_S_117 |         91 |         91 |       0 |    0 |    12 |      0 |      0 |    0 |          0 |
|   sparse_arr_hash_reduce_out_38_U                                     |                                                   hls_dummy_fifo_w4_d2_S_118 |        153 |        153 |       0 |    0 |    12 |      0 |      0 |    0 |          0 |
|   sparse_arr_hash_reduce_out_39_U                                     |                                                   hls_dummy_fifo_w4_d2_S_119 |        177 |        177 |       0 |    0 |    12 |      0 |      0 |    0 |          0 |
|   sparse_arr_hash_reduce_out_3_U                                      |                                                   hls_dummy_fifo_w4_d2_S_120 |         31 |         31 |       0 |    0 |    12 |      0 |      0 |    0 |          0 |
|   sparse_arr_hash_reduce_out_40_U                                     |                                                   hls_dummy_fifo_w4_d2_S_121 |        154 |        154 |       0 |    0 |    12 |      0 |      0 |    0 |          0 |
|   sparse_arr_hash_reduce_out_41_U                                     |                                                   hls_dummy_fifo_w4_d2_S_122 |        180 |        180 |       0 |    0 |    12 |      0 |      0 |    0 |          0 |
|   sparse_arr_hash_reduce_out_42_U                                     |                                                   hls_dummy_fifo_w4_d2_S_123 |        119 |        119 |       0 |    0 |    12 |      0 |      0 |    0 |          0 |
|   sparse_arr_hash_reduce_out_43_U                                     |                                                   hls_dummy_fifo_w4_d2_S_124 |        139 |        139 |       0 |    0 |    12 |      0 |      0 |    0 |          0 |
|   sparse_arr_hash_reduce_out_44_U                                     |                                                   hls_dummy_fifo_w4_d2_S_125 |         41 |         41 |       0 |    0 |    12 |      0 |      0 |    0 |          0 |
|   sparse_arr_hash_reduce_out_45_U                                     |                                                   hls_dummy_fifo_w4_d2_S_126 |         31 |         31 |       0 |    0 |    12 |      0 |      0 |    0 |          0 |
|   sparse_arr_hash_reduce_out_46_U                                     |                                                   hls_dummy_fifo_w4_d2_S_127 |         61 |         61 |       0 |    0 |    12 |      0 |      0 |    0 |          0 |
|   sparse_arr_hash_reduce_out_47_U                                     |                                                   hls_dummy_fifo_w4_d2_S_128 |         64 |         64 |       0 |    0 |    12 |      0 |      0 |    0 |          0 |
|   sparse_arr_hash_reduce_out_48_U                                     |                                                   hls_dummy_fifo_w4_d2_S_129 |        136 |        136 |       0 |    0 |    12 |      0 |      0 |    0 |          0 |
|   sparse_arr_hash_reduce_out_49_U                                     |                                                   hls_dummy_fifo_w4_d2_S_130 |        154 |        154 |       0 |    0 |    12 |      0 |      0 |    0 |          0 |
|   sparse_arr_hash_reduce_out_4_U                                      |                                                   hls_dummy_fifo_w4_d2_S_131 |         37 |         37 |       0 |    0 |    12 |      0 |      0 |    0 |          0 |
|   sparse_arr_hash_reduce_out_50_U                                     |                                                   hls_dummy_fifo_w4_d2_S_132 |         38 |         38 |       0 |    0 |    12 |      0 |      0 |    0 |          0 |
|   sparse_arr_hash_reduce_out_51_U                                     |                                                   hls_dummy_fifo_w4_d2_S_133 |         62 |         62 |       0 |    0 |    12 |      0 |      0 |    0 |          0 |
|   sparse_arr_hash_reduce_out_52_U                                     |                                                   hls_dummy_fifo_w4_d2_S_134 |         41 |         41 |       0 |    0 |    12 |      0 |      0 |    0 |          0 |
|   sparse_arr_hash_reduce_out_53_U                                     |                                                   hls_dummy_fifo_w4_d2_S_135 |         64 |         64 |       0 |    0 |    12 |      0 |      0 |    0 |          0 |
|   sparse_arr_hash_reduce_out_54_U                                     |                                                   hls_dummy_fifo_w4_d2_S_136 |         38 |         38 |       0 |    0 |    12 |      0 |      0 |    0 |          0 |
|   sparse_arr_hash_reduce_out_55_U                                     |                                                   hls_dummy_fifo_w4_d2_S_137 |         63 |         63 |       0 |    0 |    12 |      0 |      0 |    0 |          0 |
|   sparse_arr_hash_reduce_out_56_U                                     |                                                   hls_dummy_fifo_w4_d2_S_138 |         45 |         45 |       0 |    0 |    12 |      0 |      0 |    0 |          0 |
|   sparse_arr_hash_reduce_out_57_U                                     |                                                   hls_dummy_fifo_w4_d2_S_139 |         37 |         37 |       0 |    0 |    12 |      0 |      0 |    0 |          0 |
|   sparse_arr_hash_reduce_out_58_U                                     |                                                   hls_dummy_fifo_w4_d2_S_140 |        154 |        154 |       0 |    0 |    12 |      0 |      0 |    0 |          0 |
|   sparse_arr_hash_reduce_out_59_U                                     |                                                   hls_dummy_fifo_w4_d2_S_141 |        183 |        183 |       0 |    0 |    12 |      0 |      0 |    0 |          0 |
|   sparse_arr_hash_reduce_out_5_U                                      |                                                   hls_dummy_fifo_w4_d2_S_142 |         63 |         63 |       0 |    0 |    12 |      0 |      0 |    0 |          0 |
|   sparse_arr_hash_reduce_out_6_U                                      |                                                   hls_dummy_fifo_w4_d2_S_143 |         37 |         37 |       0 |    0 |    12 |      0 |      0 |    0 |          0 |
|   sparse_arr_hash_reduce_out_7_U                                      |                                                   hls_dummy_fifo_w4_d2_S_144 |         63 |         63 |       0 |    0 |    12 |      0 |      0 |    0 |          0 |
|   sparse_arr_hash_reduce_out_8_U                                      |                                                   hls_dummy_fifo_w4_d2_S_145 |        139 |        139 |       0 |    0 |    12 |      0 |      0 |    0 |          0 |
|   sparse_arr_hash_reduce_out_9_U                                      |                                                   hls_dummy_fifo_w4_d2_S_146 |        156 |        156 |       0 |    0 |    12 |      0 |      0 |    0 |          0 |
|   sparse_arr_hash_reduce_out_U                                        |                                                   hls_dummy_fifo_w4_d2_S_147 |         38 |         38 |       0 |    0 |    12 |      0 |      0 |    0 |          0 |
|   sparse_conv_ap_fixed_ap_fixed_ap_uint_ap_fixed_ap_fixed_30_1_2_3_U0 | hls_dummy_sparse_conv_ap_fixed_ap_fixed_ap_uint_ap_fixed_ap_fixed_30_1_2_3_s |      48753 |      48753 |       0 |    0 | 14760 |      0 |      0 |    0 |       1800 |
|   sparse_input_reduce_ap_fixed_16_6_5_3_0_ap_uint_10_10_10_1_30_4_U0  |    hls_dummy_sparse_input_reduce_ap_fixed_16_6_5_3_0_ap_uint_10_10_10_1_30_4 |       5222 |       5222 |       0 |    0 |  2808 |      0 |      0 |    0 |          0 |
+-----------------------------------------------------------------------+------------------------------------------------------------------------------+------------+------------+---------+------+-------+--------+--------+------+------------+


