Copyright 1986-2022 Xilinx, Inc. All Rights Reserved. Copyright 2022-2023 Advanced Micro Devices, Inc. All Rights Reserved.
---------------------------------------------------------------------------------------------------------------------------------------------
| Tool Version : Vivado v.2023.1 (lin64) Build 3865809 Sun May  7 15:04:56 MDT 2023
| Date         : Mon Sep  8 19:01:37 2025
| Host         : coder-hftsoi-hls4 running 64-bit Ubuntu 20.04.6 LTS
| Command      : report_utilization -file vivado_synth.rpt -hierarchical -hierarchical_depth 1
| Design       : hls_dummy
| Device       : xcu250-figd2104-2L-e
| Speed File   : -2L
| Design State : Optimized
---------------------------------------------------------------------------------------------------------------------------------------------

Utilization Design Information

Table of Contents
-----------------
1. Utilization by Hierarchy

1. Utilization by Hierarchy
---------------------------

+------------------------------------------------------------------------+-------------------------------------------------------------------------------+------------+------------+---------+------+-------+--------+--------+------+------------+
|                                Instance                                |                                     Module                                    | Total LUTs | Logic LUTs | LUTRAMs | SRLs |  FFs  | RAMB36 | RAMB18 | URAM | DSP Blocks |
+------------------------------------------------------------------------+-------------------------------------------------------------------------------+------------+------------+---------+------+-------+--------+--------+------+------------+
| hls_dummy                                                              |                                                                         (top) |      28044 |      28044 |       0 |    0 | 16082 |      0 |      0 |    0 |        400 |
|   (hls_dummy)                                                          |                                                                         (top) |          0 |          0 |       0 |    0 |   100 |      0 |      0 |    0 |          0 |
|   Block_entry28_proc_U0                                                |                                                  hls_dummy_Block_entry28_proc |          0 |          0 |       0 |    0 |   280 |      0 |      0 |    0 |          0 |
|   sparse_arr_feat_conv1_out_10_U                                       |                                                       hls_dummy_fifo_w16_d2_S |         21 |         21 |       0 |    0 |    36 |      0 |      0 |    0 |          0 |
|   sparse_arr_feat_conv1_out_11_U                                       |                                                     hls_dummy_fifo_w16_d2_S_0 |         24 |         24 |       0 |    0 |    36 |      0 |      0 |    0 |          0 |
|   sparse_arr_feat_conv1_out_12_U                                       |                                                     hls_dummy_fifo_w16_d2_S_1 |         21 |         21 |       0 |    0 |    36 |      0 |      0 |    0 |          0 |
|   sparse_arr_feat_conv1_out_13_U                                       |                                                     hls_dummy_fifo_w16_d2_S_2 |         22 |         22 |       0 |    0 |    36 |      0 |      0 |    0 |          0 |
|   sparse_arr_feat_conv1_out_14_U                                       |                                                     hls_dummy_fifo_w16_d2_S_3 |         21 |         21 |       0 |    0 |    36 |      0 |      0 |    0 |          0 |
|   sparse_arr_feat_conv1_out_15_U                                       |                                                     hls_dummy_fifo_w16_d2_S_4 |         24 |         24 |       0 |    0 |    36 |      0 |      0 |    0 |          0 |
|   sparse_arr_feat_conv1_out_16_U                                       |                                                     hls_dummy_fifo_w16_d2_S_5 |         21 |         21 |       0 |    0 |    36 |      0 |      0 |    0 |          0 |
|   sparse_arr_feat_conv1_out_17_U                                       |                                                     hls_dummy_fifo_w16_d2_S_6 |         22 |         22 |       0 |    0 |    36 |      0 |      0 |    0 |          0 |
|   sparse_arr_feat_conv1_out_18_U                                       |                                                     hls_dummy_fifo_w16_d2_S_7 |         22 |         22 |       0 |    0 |    36 |      0 |      0 |    0 |          0 |
|   sparse_arr_feat_conv1_out_19_U                                       |                                                     hls_dummy_fifo_w16_d2_S_8 |         21 |         21 |       0 |    0 |    36 |      0 |      0 |    0 |          0 |
|   sparse_arr_feat_conv1_out_1_U                                        |                                                     hls_dummy_fifo_w16_d2_S_9 |         22 |         22 |       0 |    0 |    36 |      0 |      0 |    0 |          0 |
|   sparse_arr_feat_conv1_out_2_U                                        |                                                    hls_dummy_fifo_w16_d2_S_10 |         21 |         21 |       0 |    0 |    36 |      0 |      0 |    0 |          0 |
|   sparse_arr_feat_conv1_out_3_U                                        |                                                    hls_dummy_fifo_w16_d2_S_11 |         22 |         22 |       0 |    0 |    36 |      0 |      0 |    0 |          0 |
|   sparse_arr_feat_conv1_out_4_U                                        |                                                    hls_dummy_fifo_w16_d2_S_12 |         23 |         23 |       0 |    0 |    36 |      0 |      0 |    0 |          0 |
|   sparse_arr_feat_conv1_out_5_U                                        |                                                    hls_dummy_fifo_w16_d2_S_13 |         21 |         21 |       0 |    0 |    36 |      0 |      0 |    0 |          0 |
|   sparse_arr_feat_conv1_out_6_U                                        |                                                    hls_dummy_fifo_w16_d2_S_14 |         21 |         21 |       0 |    0 |    36 |      0 |      0 |    0 |          0 |
|   sparse_arr_feat_conv1_out_7_U                                        |                                                    hls_dummy_fifo_w16_d2_S_15 |         23 |         23 |       0 |    0 |    36 |      0 |      0 |    0 |          0 |
|   sparse_arr_feat_conv1_out_8_U                                        |                                                    hls_dummy_fifo_w16_d2_S_16 |         21 |         21 |       0 |    0 |    36 |      0 |      0 |    0 |          0 |
|   sparse_arr_feat_conv1_out_9_U                                        |                                                    hls_dummy_fifo_w16_d2_S_17 |         21 |         21 |       0 |    0 |    36 |      0 |      0 |    0 |          0 |
|   sparse_arr_feat_conv1_out_U                                          |                                                    hls_dummy_fifo_w16_d2_S_18 |         21 |         21 |       0 |    0 |    36 |      0 |      0 |    0 |          0 |
|   sparse_arr_feat_pool1_out_10_U                                       |                                                    hls_dummy_fifo_w16_d2_S_19 |         35 |         35 |       0 |    0 |    32 |      0 |      0 |    0 |          0 |
|   sparse_arr_feat_pool1_out_11_U                                       |                                                    hls_dummy_fifo_w16_d2_S_20 |         38 |         38 |       0 |    0 |    32 |      0 |      0 |    0 |          0 |
|   sparse_arr_feat_pool1_out_12_U                                       |                                                    hls_dummy_fifo_w16_d2_S_21 |         35 |         35 |       0 |    0 |    32 |      0 |      0 |    0 |          0 |
|   sparse_arr_feat_pool1_out_13_U                                       |                                                    hls_dummy_fifo_w16_d2_S_22 |         36 |         36 |       0 |    0 |    32 |      0 |      0 |    0 |          0 |
|   sparse_arr_feat_pool1_out_14_U                                       |                                                    hls_dummy_fifo_w16_d2_S_23 |         35 |         35 |       0 |    0 |    32 |      0 |      0 |    0 |          0 |
|   sparse_arr_feat_pool1_out_15_U                                       |                                                    hls_dummy_fifo_w16_d2_S_24 |         36 |         36 |       0 |    0 |    32 |      0 |      0 |    0 |          0 |
|   sparse_arr_feat_pool1_out_16_U                                       |                                                    hls_dummy_fifo_w16_d2_S_25 |         36 |         36 |       0 |    0 |    32 |      0 |      0 |    0 |          0 |
|   sparse_arr_feat_pool1_out_17_U                                       |                                                    hls_dummy_fifo_w16_d2_S_26 |         36 |         36 |       0 |    0 |    32 |      0 |      0 |    0 |          0 |
|   sparse_arr_feat_pool1_out_18_U                                       |                                                    hls_dummy_fifo_w16_d2_S_27 |         36 |         36 |       0 |    0 |    32 |      0 |      0 |    0 |          0 |
|   sparse_arr_feat_pool1_out_19_U                                       |                                                    hls_dummy_fifo_w16_d2_S_28 |         35 |         35 |       0 |    0 |    32 |      0 |      0 |    0 |          0 |
|   sparse_arr_feat_pool1_out_1_U                                        |                                                    hls_dummy_fifo_w16_d2_S_29 |         36 |         36 |       0 |    0 |    32 |      0 |      0 |    0 |          0 |
|   sparse_arr_feat_pool1_out_2_U                                        |                                                    hls_dummy_fifo_w16_d2_S_30 |         35 |         35 |       0 |    0 |    32 |      0 |      0 |    0 |          0 |
|   sparse_arr_feat_pool1_out_3_U                                        |                                                    hls_dummy_fifo_w16_d2_S_31 |         37 |         37 |       0 |    0 |    32 |      0 |      0 |    0 |          0 |
|   sparse_arr_feat_pool1_out_4_U                                        |                                                    hls_dummy_fifo_w16_d2_S_32 |         36 |         36 |       0 |    0 |    32 |      0 |      0 |    0 |          0 |
|   sparse_arr_feat_pool1_out_5_U                                        |                                                    hls_dummy_fifo_w16_d2_S_33 |         35 |         35 |       0 |    0 |    32 |      0 |      0 |    0 |          0 |
|   sparse_arr_feat_pool1_out_6_U                                        |                                                    hls_dummy_fifo_w16_d2_S_34 |         35 |         35 |       0 |    0 |    32 |      0 |      0 |    0 |          0 |
|   sparse_arr_feat_pool1_out_7_U                                        |                                                    hls_dummy_fifo_w16_d2_S_35 |         37 |         37 |       0 |    0 |    32 |      0 |      0 |    0 |          0 |
|   sparse_arr_feat_pool1_out_8_U                                        |                                                    hls_dummy_fifo_w16_d2_S_36 |         35 |         35 |       0 |    0 |    32 |      0 |      0 |    0 |          0 |
|   sparse_arr_feat_pool1_out_9_U                                        |                                                    hls_dummy_fifo_w16_d2_S_37 |         35 |         35 |       0 |    0 |    32 |      0 |      0 |    0 |          0 |
|   sparse_arr_feat_pool1_out_U                                          |                                                    hls_dummy_fifo_w16_d2_S_38 |         36 |         36 |       0 |    0 |    32 |      0 |      0 |    0 |          0 |
|   sparse_arr_feat_reduce_out_10_U                                      |                                                    hls_dummy_fifo_w16_d2_S_39 |         22 |         22 |       0 |    0 |    34 |      0 |      0 |    0 |          0 |
|   sparse_arr_feat_reduce_out_11_U                                      |                                                    hls_dummy_fifo_w16_d2_S_40 |         26 |         26 |       0 |    0 |    34 |      0 |      0 |    0 |          0 |
|   sparse_arr_feat_reduce_out_12_U                                      |                                                    hls_dummy_fifo_w16_d2_S_41 |         22 |         22 |       0 |    0 |    34 |      0 |      0 |    0 |          0 |
|   sparse_arr_feat_reduce_out_13_U                                      |                                                    hls_dummy_fifo_w16_d2_S_42 |         22 |         22 |       0 |    0 |    34 |      0 |      0 |    0 |          0 |
|   sparse_arr_feat_reduce_out_14_U                                      |                                                    hls_dummy_fifo_w16_d2_S_43 |         23 |         23 |       0 |    0 |    34 |      0 |      0 |    0 |          0 |
|   sparse_arr_feat_reduce_out_15_U                                      |                                                    hls_dummy_fifo_w16_d2_S_44 |         22 |         22 |       0 |    0 |    34 |      0 |      0 |    0 |          0 |
|   sparse_arr_feat_reduce_out_16_U                                      |                                                    hls_dummy_fifo_w16_d2_S_45 |         23 |         23 |       0 |    0 |    34 |      0 |      0 |    0 |          0 |
|   sparse_arr_feat_reduce_out_17_U                                      |                                                    hls_dummy_fifo_w16_d2_S_46 |         22 |         22 |       0 |    0 |    34 |      0 |      0 |    0 |          0 |
|   sparse_arr_feat_reduce_out_18_U                                      |                                                    hls_dummy_fifo_w16_d2_S_47 |         23 |         23 |       0 |    0 |    34 |      0 |      0 |    0 |          0 |
|   sparse_arr_feat_reduce_out_19_U                                      |                                                    hls_dummy_fifo_w16_d2_S_48 |         23 |         23 |       0 |    0 |    34 |      0 |      0 |    0 |          0 |
|   sparse_arr_feat_reduce_out_1_U                                       |                                                    hls_dummy_fifo_w16_d2_S_49 |         22 |         22 |       0 |    0 |    34 |      0 |      0 |    0 |          0 |
|   sparse_arr_feat_reduce_out_2_U                                       |                                                    hls_dummy_fifo_w16_d2_S_50 |         22 |         22 |       0 |    0 |    34 |      0 |      0 |    0 |          0 |
|   sparse_arr_feat_reduce_out_3_U                                       |                                                    hls_dummy_fifo_w16_d2_S_51 |         23 |         23 |       0 |    0 |    34 |      0 |      0 |    0 |          0 |
|   sparse_arr_feat_reduce_out_4_U                                       |                                                    hls_dummy_fifo_w16_d2_S_52 |         22 |         22 |       0 |    0 |    34 |      0 |      0 |    0 |          0 |
|   sparse_arr_feat_reduce_out_5_U                                       |                                                    hls_dummy_fifo_w16_d2_S_53 |         22 |         22 |       0 |    0 |    34 |      0 |      0 |    0 |          0 |
|   sparse_arr_feat_reduce_out_6_U                                       |                                                    hls_dummy_fifo_w16_d2_S_54 |         22 |         22 |       0 |    0 |    34 |      0 |      0 |    0 |          0 |
|   sparse_arr_feat_reduce_out_7_U                                       |                                                    hls_dummy_fifo_w16_d2_S_55 |         27 |         27 |       0 |    0 |    34 |      0 |      0 |    0 |          0 |
|   sparse_arr_feat_reduce_out_8_U                                       |                                                    hls_dummy_fifo_w16_d2_S_56 |         22 |         22 |       0 |    0 |    34 |      0 |      0 |    0 |          0 |
|   sparse_arr_feat_reduce_out_9_U                                       |                                                    hls_dummy_fifo_w16_d2_S_57 |         22 |         22 |       0 |    0 |    34 |      0 |      0 |    0 |          0 |
|   sparse_arr_feat_reduce_out_U                                         |                                                    hls_dummy_fifo_w16_d2_S_58 |         22 |         22 |       0 |    0 |    34 |      0 |      0 |    0 |          0 |
|   sparse_arr_hash_reduce_out_10_c22_channel_U                          |                                                        hls_dummy_fifo_w4_d2_S |        337 |        337 |       0 |    0 |    12 |      0 |      0 |    0 |          0 |
|   sparse_arr_hash_reduce_out_10_c_U                                    |                                                     hls_dummy_fifo_w4_d2_S_59 |         10 |         10 |       0 |    0 |    12 |      0 |      0 |    0 |          0 |
|   sparse_arr_hash_reduce_out_11_c23_channel_U                          |                                                     hls_dummy_fifo_w4_d2_S_60 |        126 |        126 |       0 |    0 |    12 |      0 |      0 |    0 |          0 |
|   sparse_arr_hash_reduce_out_11_c_U                                    |                                                     hls_dummy_fifo_w4_d2_S_61 |         10 |         10 |       0 |    0 |    12 |      0 |      0 |    0 |          0 |
|   sparse_arr_hash_reduce_out_12_c24_channel_U                          |                                                     hls_dummy_fifo_w4_d2_S_62 |        293 |        293 |       0 |    0 |    12 |      0 |      0 |    0 |          0 |
|   sparse_arr_hash_reduce_out_12_c_U                                    |                                                     hls_dummy_fifo_w4_d2_S_63 |         11 |         11 |       0 |    0 |    12 |      0 |      0 |    0 |          0 |
|   sparse_arr_hash_reduce_out_13_c25_channel_U                          |                                                     hls_dummy_fifo_w4_d2_S_64 |        154 |        154 |       0 |    0 |    12 |      0 |      0 |    0 |          0 |
|   sparse_arr_hash_reduce_out_13_c_U                                    |                                                     hls_dummy_fifo_w4_d2_S_65 |         10 |         10 |       0 |    0 |    12 |      0 |      0 |    0 |          0 |
|   sparse_arr_hash_reduce_out_14_c26_channel_U                          |                                                     hls_dummy_fifo_w4_d2_S_66 |        281 |        281 |       0 |    0 |    12 |      0 |      0 |    0 |          0 |
|   sparse_arr_hash_reduce_out_14_c_U                                    |                                                     hls_dummy_fifo_w4_d2_S_67 |         10 |         10 |       0 |    0 |    12 |      0 |      0 |    0 |          0 |
|   sparse_arr_hash_reduce_out_15_c27_channel_U                          |                                                     hls_dummy_fifo_w4_d2_S_68 |        175 |        175 |       0 |    0 |    12 |      0 |      0 |    0 |          0 |
|   sparse_arr_hash_reduce_out_15_c_U                                    |                                                     hls_dummy_fifo_w4_d2_S_69 |         11 |         11 |       0 |    0 |    12 |      0 |      0 |    0 |          0 |
|   sparse_arr_hash_reduce_out_16_c28_channel_U                          |                                                     hls_dummy_fifo_w4_d2_S_70 |        263 |        263 |       0 |    0 |    12 |      0 |      0 |    0 |          0 |
|   sparse_arr_hash_reduce_out_16_c_U                                    |                                                     hls_dummy_fifo_w4_d2_S_71 |         11 |         11 |       0 |    0 |    12 |      0 |      0 |    0 |          0 |
|   sparse_arr_hash_reduce_out_17_c29_channel_U                          |                                                     hls_dummy_fifo_w4_d2_S_72 |        156 |        156 |       0 |    0 |    12 |      0 |      0 |    0 |          0 |
|   sparse_arr_hash_reduce_out_17_c_U                                    |                                                     hls_dummy_fifo_w4_d2_S_73 |         10 |         10 |       0 |    0 |    12 |      0 |      0 |    0 |          0 |
|   sparse_arr_hash_reduce_out_18_c30_channel_U                          |                                                     hls_dummy_fifo_w4_d2_S_74 |        344 |        344 |       0 |    0 |    12 |      0 |      0 |    0 |          0 |
|   sparse_arr_hash_reduce_out_18_c_U                                    |                                                     hls_dummy_fifo_w4_d2_S_75 |         10 |         10 |       0 |    0 |    12 |      0 |      0 |    0 |          0 |
|   sparse_arr_hash_reduce_out_19_c31_channel_U                          |                                                     hls_dummy_fifo_w4_d2_S_76 |        175 |        175 |       0 |    0 |    12 |      0 |      0 |    0 |          0 |
|   sparse_arr_hash_reduce_out_19_c_U                                    |                                                     hls_dummy_fifo_w4_d2_S_77 |         10 |         10 |       0 |    0 |    12 |      0 |      0 |    0 |          0 |
|   sparse_arr_hash_reduce_out_1_c13_channel_U                           |                                                     hls_dummy_fifo_w4_d2_S_78 |        197 |        197 |       0 |    0 |    12 |      0 |      0 |    0 |          0 |
|   sparse_arr_hash_reduce_out_1_c_U                                     |                                                     hls_dummy_fifo_w4_d2_S_79 |         14 |         14 |       0 |    0 |    12 |      0 |      0 |    0 |          0 |
|   sparse_arr_hash_reduce_out_20_c32_channel_U                          |                                                     hls_dummy_fifo_w4_d2_S_80 |        280 |        280 |       0 |    0 |    12 |      0 |      0 |    0 |          0 |
|   sparse_arr_hash_reduce_out_20_c_U                                    |                                                     hls_dummy_fifo_w4_d2_S_81 |         12 |         12 |       0 |    0 |    12 |      0 |      0 |    0 |          0 |
|   sparse_arr_hash_reduce_out_21_c33_channel_U                          |                                                     hls_dummy_fifo_w4_d2_S_82 |        142 |        142 |       0 |    0 |    12 |      0 |      0 |    0 |          0 |
|   sparse_arr_hash_reduce_out_21_c_U                                    |                                                     hls_dummy_fifo_w4_d2_S_83 |         10 |         10 |       0 |    0 |    12 |      0 |      0 |    0 |          0 |
|   sparse_arr_hash_reduce_out_22_c34_channel_U                          |                                                     hls_dummy_fifo_w4_d2_S_84 |        251 |        251 |       0 |    0 |    12 |      0 |      0 |    0 |          0 |
|   sparse_arr_hash_reduce_out_22_c_U                                    |                                                     hls_dummy_fifo_w4_d2_S_85 |         10 |         10 |       0 |    0 |    12 |      0 |      0 |    0 |          0 |
|   sparse_arr_hash_reduce_out_23_c35_channel_U                          |                                                     hls_dummy_fifo_w4_d2_S_86 |        165 |        165 |       0 |    0 |    12 |      0 |      0 |    0 |          0 |
|   sparse_arr_hash_reduce_out_23_c_U                                    |                                                     hls_dummy_fifo_w4_d2_S_87 |         12 |         12 |       0 |    0 |    12 |      0 |      0 |    0 |          0 |
|   sparse_arr_hash_reduce_out_24_c36_channel_U                          |                                                     hls_dummy_fifo_w4_d2_S_88 |        229 |        229 |       0 |    0 |    12 |      0 |      0 |    0 |          0 |
|   sparse_arr_hash_reduce_out_24_c_U                                    |                                                     hls_dummy_fifo_w4_d2_S_89 |         11 |         11 |       0 |    0 |    12 |      0 |      0 |    0 |          0 |
|   sparse_arr_hash_reduce_out_25_c37_channel_U                          |                                                     hls_dummy_fifo_w4_d2_S_90 |        129 |        129 |       0 |    0 |    12 |      0 |      0 |    0 |          0 |
|   sparse_arr_hash_reduce_out_25_c_U                                    |                                                     hls_dummy_fifo_w4_d2_S_91 |         10 |         10 |       0 |    0 |    12 |      0 |      0 |    0 |          0 |
|   sparse_arr_hash_reduce_out_26_c38_channel_U                          |                                                     hls_dummy_fifo_w4_d2_S_92 |        264 |        264 |       0 |    0 |    12 |      0 |      0 |    0 |          0 |
|   sparse_arr_hash_reduce_out_26_c_U                                    |                                                     hls_dummy_fifo_w4_d2_S_93 |         11 |         11 |       0 |    0 |    12 |      0 |      0 |    0 |          0 |
|   sparse_arr_hash_reduce_out_27_c39_channel_U                          |                                                     hls_dummy_fifo_w4_d2_S_94 |        197 |        197 |       0 |    0 |    12 |      0 |      0 |    0 |          0 |
|   sparse_arr_hash_reduce_out_27_c_U                                    |                                                     hls_dummy_fifo_w4_d2_S_95 |         10 |         10 |       0 |    0 |    12 |      0 |      0 |    0 |          0 |
|   sparse_arr_hash_reduce_out_28_c40_channel_U                          |                                                     hls_dummy_fifo_w4_d2_S_96 |        323 |        323 |       0 |    0 |    12 |      0 |      0 |    0 |          0 |
|   sparse_arr_hash_reduce_out_28_c_U                                    |                                                     hls_dummy_fifo_w4_d2_S_97 |         10 |         10 |       0 |    0 |    12 |      0 |      0 |    0 |          0 |
|   sparse_arr_hash_reduce_out_29_c41_channel_U                          |                                                     hls_dummy_fifo_w4_d2_S_98 |        172 |        172 |       0 |    0 |    12 |      0 |      0 |    0 |          0 |
|   sparse_arr_hash_reduce_out_29_c_U                                    |                                                     hls_dummy_fifo_w4_d2_S_99 |         10 |         10 |       0 |    0 |    12 |      0 |      0 |    0 |          0 |
|   sparse_arr_hash_reduce_out_2_c14_channel_U                           |                                                    hls_dummy_fifo_w4_d2_S_100 |        290 |        290 |       0 |    0 |    12 |      0 |      0 |    0 |          0 |
|   sparse_arr_hash_reduce_out_2_c_U                                     |                                                    hls_dummy_fifo_w4_d2_S_101 |         14 |         14 |       0 |    0 |    12 |      0 |      0 |    0 |          0 |
|   sparse_arr_hash_reduce_out_30_c42_channel_U                          |                                                    hls_dummy_fifo_w4_d2_S_102 |        304 |        304 |       0 |    0 |    12 |      0 |      0 |    0 |          0 |
|   sparse_arr_hash_reduce_out_30_c_U                                    |                                                    hls_dummy_fifo_w4_d2_S_103 |         11 |         11 |       0 |    0 |    12 |      0 |      0 |    0 |          0 |
|   sparse_arr_hash_reduce_out_31_c43_channel_U                          |                                                    hls_dummy_fifo_w4_d2_S_104 |        137 |        137 |       0 |    0 |    12 |      0 |      0 |    0 |          0 |
|   sparse_arr_hash_reduce_out_31_c_U                                    |                                                    hls_dummy_fifo_w4_d2_S_105 |         11 |         11 |       0 |    0 |    12 |      0 |      0 |    0 |          0 |
|   sparse_arr_hash_reduce_out_32_c44_channel_U                          |                                                    hls_dummy_fifo_w4_d2_S_106 |        267 |        267 |       0 |    0 |    12 |      0 |      0 |    0 |          0 |
|   sparse_arr_hash_reduce_out_32_c_U                                    |                                                    hls_dummy_fifo_w4_d2_S_107 |         12 |         12 |       0 |    0 |    12 |      0 |      0 |    0 |          0 |
|   sparse_arr_hash_reduce_out_33_c45_channel_U                          |                                                    hls_dummy_fifo_w4_d2_S_108 |        170 |        170 |       0 |    0 |    12 |      0 |      0 |    0 |          0 |
|   sparse_arr_hash_reduce_out_33_c_U                                    |                                                    hls_dummy_fifo_w4_d2_S_109 |         10 |         10 |       0 |    0 |    12 |      0 |      0 |    0 |          0 |
|   sparse_arr_hash_reduce_out_34_c46_channel_U                          |                                                    hls_dummy_fifo_w4_d2_S_110 |        308 |        308 |       0 |    0 |    12 |      0 |      0 |    0 |          0 |
|   sparse_arr_hash_reduce_out_34_c_U                                    |                                                    hls_dummy_fifo_w4_d2_S_111 |         10 |         10 |       0 |    0 |    12 |      0 |      0 |    0 |          0 |
|   sparse_arr_hash_reduce_out_35_c47_channel_U                          |                                                    hls_dummy_fifo_w4_d2_S_112 |        182 |        182 |       0 |    0 |    12 |      0 |      0 |    0 |          0 |
|   sparse_arr_hash_reduce_out_35_c_U                                    |                                                    hls_dummy_fifo_w4_d2_S_113 |         11 |         11 |       0 |    0 |    12 |      0 |      0 |    0 |          0 |
|   sparse_arr_hash_reduce_out_36_c48_channel_U                          |                                                    hls_dummy_fifo_w4_d2_S_114 |        214 |        214 |       0 |    0 |    12 |      0 |      0 |    0 |          0 |
|   sparse_arr_hash_reduce_out_36_c_U                                    |                                                    hls_dummy_fifo_w4_d2_S_115 |         10 |         10 |       0 |    0 |    12 |      0 |      0 |    0 |          0 |
|   sparse_arr_hash_reduce_out_37_c49_channel_U                          |                                                    hls_dummy_fifo_w4_d2_S_116 |        193 |        193 |       0 |    0 |    12 |      0 |      0 |    0 |          0 |
|   sparse_arr_hash_reduce_out_37_c_U                                    |                                                    hls_dummy_fifo_w4_d2_S_117 |         10 |         10 |       0 |    0 |    12 |      0 |      0 |    0 |          0 |
|   sparse_arr_hash_reduce_out_38_c50_channel_U                          |                                                    hls_dummy_fifo_w4_d2_S_118 |        313 |        313 |       0 |    0 |    12 |      0 |      0 |    0 |          0 |
|   sparse_arr_hash_reduce_out_38_c_U                                    |                                                    hls_dummy_fifo_w4_d2_S_119 |         11 |         11 |       0 |    0 |    12 |      0 |      0 |    0 |          0 |
|   sparse_arr_hash_reduce_out_39_c51_channel_U                          |                                                    hls_dummy_fifo_w4_d2_S_120 |        176 |        176 |       0 |    0 |    12 |      0 |      0 |    0 |          0 |
|   sparse_arr_hash_reduce_out_39_c_U                                    |                                                    hls_dummy_fifo_w4_d2_S_121 |         11 |         11 |       0 |    0 |    12 |      0 |      0 |    0 |          0 |
|   sparse_arr_hash_reduce_out_3_c15_channel_U                           |                                                    hls_dummy_fifo_w4_d2_S_122 |        197 |        197 |       0 |    0 |    12 |      0 |      0 |    0 |          0 |
|   sparse_arr_hash_reduce_out_3_c_U                                     |                                                    hls_dummy_fifo_w4_d2_S_123 |         14 |         14 |       0 |    0 |    12 |      0 |      0 |    0 |          0 |
|   sparse_arr_hash_reduce_out_4_c16_channel_U                           |                                                    hls_dummy_fifo_w4_d2_S_124 |        289 |        289 |       0 |    0 |    12 |      0 |      0 |    0 |          0 |
|   sparse_arr_hash_reduce_out_4_c_U                                     |                                                    hls_dummy_fifo_w4_d2_S_125 |         15 |         15 |       0 |    0 |    12 |      0 |      0 |    0 |          0 |
|   sparse_arr_hash_reduce_out_5_c17_channel_U                           |                                                    hls_dummy_fifo_w4_d2_S_126 |        164 |        164 |       0 |    0 |    12 |      0 |      0 |    0 |          0 |
|   sparse_arr_hash_reduce_out_5_c_U                                     |                                                    hls_dummy_fifo_w4_d2_S_127 |         14 |         14 |       0 |    0 |    12 |      0 |      0 |    0 |          0 |
|   sparse_arr_hash_reduce_out_6_c18_channel_U                           |                                                    hls_dummy_fifo_w4_d2_S_128 |        398 |        398 |       0 |    0 |    12 |      0 |      0 |    0 |          0 |
|   sparse_arr_hash_reduce_out_6_c_U                                     |                                                    hls_dummy_fifo_w4_d2_S_129 |         14 |         14 |       0 |    0 |    12 |      0 |      0 |    0 |          0 |
|   sparse_arr_hash_reduce_out_7_c19_channel_U                           |                                                    hls_dummy_fifo_w4_d2_S_130 |        189 |        189 |       0 |    0 |    12 |      0 |      0 |    0 |          0 |
|   sparse_arr_hash_reduce_out_7_c_U                                     |                                                    hls_dummy_fifo_w4_d2_S_131 |         16 |         16 |       0 |    0 |    12 |      0 |      0 |    0 |          0 |
|   sparse_arr_hash_reduce_out_8_c20_channel_U                           |                                                    hls_dummy_fifo_w4_d2_S_132 |        297 |        297 |       0 |    0 |    12 |      0 |      0 |    0 |          0 |
|   sparse_arr_hash_reduce_out_8_c_U                                     |                                                    hls_dummy_fifo_w4_d2_S_133 |         14 |         14 |       0 |    0 |    12 |      0 |      0 |    0 |          0 |
|   sparse_arr_hash_reduce_out_9_c21_channel_U                           |                                                    hls_dummy_fifo_w4_d2_S_134 |        170 |        170 |       0 |    0 |    12 |      0 |      0 |    0 |          0 |
|   sparse_arr_hash_reduce_out_9_c_U                                     |                                                    hls_dummy_fifo_w4_d2_S_135 |         15 |         15 |       0 |    0 |    12 |      0 |      0 |    0 |          0 |
|   sparse_arr_hash_reduce_out_c12_channel_U                             |                                                    hls_dummy_fifo_w4_d2_S_136 |        218 |        218 |       0 |    0 |    12 |      0 |      0 |    0 |          0 |
|   sparse_arr_hash_reduce_out_c_U                                       |                                                    hls_dummy_fifo_w4_d2_S_137 |         14 |         14 |       0 |    0 |    12 |      0 |      0 |    0 |          0 |
|   sparse_conv_ap_fixed_ap_fixed_ap_uint_ap_fixed_ap_fixed_20_1_1_3_U0  |  hls_dummy_sparse_conv_ap_fixed_ap_fixed_ap_uint_ap_fixed_ap_fixed_20_1_1_3_s |       5756 |       5756 |       0 |    0 |  7458 |      0 |      0 |    0 |        400 |
|   sparse_input_reduce_ap_fixed_16_6_5_3_0_ap_uint_10_10_10_1_20_4_U0   |     hls_dummy_sparse_input_reduce_ap_fixed_16_6_5_3_0_ap_uint_10_10_10_1_20_4 |       5285 |       5285 |       0 |    0 |  2581 |      0 |      0 |    0 |          0 |
|   sparse_pooling_avg_ap_fixed_ap_fixed_16_6_5_3_0_ap_uint_10_20_1_2_U0 | hls_dummy_sparse_pooling_avg_ap_fixed_ap_fixed_16_6_5_3_0_ap_uint_10_20_1_2_s |       5810 |       5810 |       0 |    0 |  2663 |      0 |      0 |    0 |          0 |
+------------------------------------------------------------------------+-------------------------------------------------------------------------------+------------+------------+---------+------+-------+--------+--------+------+------------+


