

================================================================
== Vitis HLS Report for 'softmax_stable_ap_fixed_ap_fixed_16_6_5_3_0_softmax_config16_s'
================================================================
* Date:           Fri Jul 25 06:57:07 2025

* Version:        2023.1 (Build 3854077 on May  4 2023)
* Project:        myhls_prj
* Solution:       solution1 (Vivado IP Flow Target)
* Product family: virtexuplus
* Target device:  xcu250-figd2104-2L-e


================================================================
== Performance Estimates
================================================================
+ Timing: 
    * Summary: 
    +--------+---------+----------+------------+
    |  Clock |  Target | Estimated| Uncertainty|
    +--------+---------+----------+------------+
    |ap_clk  |  5.00 ns|  3.559 ns|     1.35 ns|
    +--------+---------+----------+------------+

+ Latency: 
    * Summary: 
    +---------+---------+-----------+-----------+-----+-----+---------+
    |  Latency (cycles) |   Latency (absolute)  |  Interval | Pipeline|
    |   min   |   max   |    min    |    max    | min | max |   Type  |
    +---------+---------+-----------+-----------+-----+-----+---------+
    |        6|        6|  30.000 ns|  30.000 ns|    1|    1|      yes|
    +---------+---------+-----------+-----------+-----+-----+---------+

    + Detail: 
        * Instance: 
        N/A

        * Loop: 
        N/A



================================================================
== Utilization Estimates
================================================================
* Summary: 
+---------------------+---------+-------+---------+---------+------+
|         Name        | BRAM_18K|  DSP  |    FF   |   LUT   | URAM |
+---------------------+---------+-------+---------+---------+------+
|DSP                  |        -|      -|        -|        -|     -|
|Expression           |        -|      -|        0|     1515|     -|
|FIFO                 |        -|      -|        -|        -|     -|
|Instance             |        -|     10|        0|       50|     -|
|Memory               |       12|      -|        0|        0|     -|
|Multiplexer          |        -|      -|        -|       99|     -|
|Register             |        -|      -|     1338|      256|     -|
+---------------------+---------+-------+---------+---------+------+
|Total                |       12|     10|     1338|     1920|     0|
+---------------------+---------+-------+---------+---------+------+
|Available SLR        |     1344|   3072|   864000|   432000|   320|
+---------------------+---------+-------+---------+---------+------+
|Utilization SLR (%)  |       ~0|     ~0|       ~0|       ~0|     0|
+---------------------+---------+-------+---------+---------+------+
|Available            |     5376|  12288|  3456000|  1728000|  1280|
+---------------------+---------+-------+---------+---------+------+
|Utilization (%)      |       ~0|     ~0|       ~0|       ~0|     0|
+---------------------+---------+-------+---------+---------+------+

+ Detail: 
    * Instance: 
    +---------------------------+---------------------+---------+----+---+----+-----+
    |          Instance         |        Module       | BRAM_18K| DSP| FF| LUT| URAM|
    +---------------------------+---------------------+---------+----+---+----+-----+
    |mul_18s_17ns_26_1_1_U2764  |mul_18s_17ns_26_1_1  |        0|   1|  0|   5|    0|
    |mul_18s_17ns_26_1_1_U2765  |mul_18s_17ns_26_1_1  |        0|   1|  0|   5|    0|
    |mul_18s_17ns_26_1_1_U2766  |mul_18s_17ns_26_1_1  |        0|   1|  0|   5|    0|
    |mul_18s_17ns_26_1_1_U2767  |mul_18s_17ns_26_1_1  |        0|   1|  0|   5|    0|
    |mul_18s_17ns_26_1_1_U2768  |mul_18s_17ns_26_1_1  |        0|   1|  0|   5|    0|
    |mul_18s_17ns_26_1_1_U2769  |mul_18s_17ns_26_1_1  |        0|   1|  0|   5|    0|
    |mul_18s_17ns_26_1_1_U2770  |mul_18s_17ns_26_1_1  |        0|   1|  0|   5|    0|
    |mul_18s_17ns_26_1_1_U2771  |mul_18s_17ns_26_1_1  |        0|   1|  0|   5|    0|
    |mul_18s_17ns_26_1_1_U2772  |mul_18s_17ns_26_1_1  |        0|   1|  0|   5|    0|
    |mul_18s_17ns_26_1_1_U2773  |mul_18s_17ns_26_1_1  |        0|   1|  0|   5|    0|
    +---------------------------+---------------------+---------+----+---+----+-----+
    |Total                      |                     |        0|  10|  0|  50|    0|
    +---------------------------+---------------------+---------+----+---+----+-----+

    * DSP: 
    N/A

    * Memory: 
    +----------------+----------------------------------------------------------------------------------+---------+---+----+-----+------+-----+------+-------------+
    |     Memory     |                                      Module                                      | BRAM_18K| FF| LUT| URAM| Words| Bits| Banks| W*Bits*Banks|
    +----------------+----------------------------------------------------------------------------------+---------+---+----+-----+------+-----+------+-------------+
    |exp_table_U     |softmax_stable_ap_fixed_ap_fixed_16_6_5_3_0_softmax_config16_s_exp_table_ROM_dEe  |       10|  0|   0|    0|  1024|   17|     1|        17408|
    |invert_table_U  |softmax_stable_ap_fixed_ap_fixed_16_6_5_3_0_softmax_config16_s_invert_table_ReOg  |        2|  0|   0|    0|  1024|   18|     1|        18432|
    +----------------+----------------------------------------------------------------------------------+---------+---+----+-----+------+-----+------+-------------+
    |Total           |                                                                                  |       12|  0|   0|    0|  2048|   35|     2|        35840|
    +----------------+----------------------------------------------------------------------------------+---------+---+----+-----+------+-----+------+-------------+

    * FIFO: 
    N/A

    * Expression: 
    +---------------------------+----------+----+---+----+------------+------------+
    |       Variable Name       | Operation| DSP| FF| LUT| Bitwidth P0| Bitwidth P1|
    +---------------------------+----------+----+---+----+------------+------------+
    |add_ln51_10_fu_1028_p2     |         +|   0|  0|  25|          18|          18|
    |add_ln51_11_fu_1074_p2     |         +|   0|  0|  26|          19|          19|
    |add_ln51_12_fu_1088_p2     |         +|   0|  0|  25|          18|          18|
    |add_ln51_13_fu_1244_p2     |         +|   0|  0|  24|          17|          17|
    |add_ln51_1_fu_1190_p2      |         +|   0|  0|  25|          18|          18|
    |add_ln51_2_fu_1238_p2      |         +|   0|  0|  25|          18|          18|
    |add_ln51_3_fu_1275_p2      |         +|   0|  0|  26|          19|          19|
    |add_ln51_4_fu_1289_p2      |         +|   0|  0|  25|          18|          18|
    |add_ln51_5_fu_794_p2       |         +|   0|  0|  25|          18|          18|
    |add_ln51_6_fu_838_p2       |         +|   0|  0|  25|          18|          18|
    |add_ln51_7_fu_884_p2       |         +|   0|  0|  26|          19|          19|
    |add_ln51_8_fu_898_p2       |         +|   0|  0|  25|          18|          18|
    |add_ln51_9_fu_984_p2       |         +|   0|  0|  25|          18|          18|
    |add_ln51_fu_1176_p2        |         +|   0|  0|  26|          19|          19|
    |sub_ln245_1_fu_562_p2      |         -|   0|  0|  30|          23|          23|
    |sub_ln245_2_fu_571_p2      |         -|   0|  0|  30|          23|          23|
    |sub_ln245_3_fu_580_p2      |         -|   0|  0|  30|          23|          23|
    |sub_ln245_4_fu_589_p2      |         -|   0|  0|  30|          23|          23|
    |sub_ln245_5_fu_598_p2      |         -|   0|  0|  30|          23|          23|
    |sub_ln245_6_fu_607_p2      |         -|   0|  0|  30|          23|          23|
    |sub_ln245_7_fu_616_p2      |         -|   0|  0|  30|          23|          23|
    |sub_ln245_8_fu_625_p2      |         -|   0|  0|  30|          23|          23|
    |sub_ln245_9_fu_634_p2      |         -|   0|  0|  30|          23|          23|
    |sub_ln245_fu_553_p2        |         -|   0|  0|  30|          23|          23|
    |and_ln51_1_fu_1308_p2      |       and|   0|  0|   2|           1|           1|
    |and_ln51_2_fu_1320_p2      |       and|   0|  0|   2|           1|           1|
    |and_ln51_3_fu_918_p2       |       and|   0|  0|   2|           1|           1|
    |and_ln51_4_fu_930_p2       |       and|   0|  0|   2|           1|           1|
    |and_ln51_5_fu_1108_p2      |       and|   0|  0|   2|           1|           1|
    |and_ln51_6_fu_1120_p2      |       and|   0|  0|   2|           1|           1|
    |and_ln51_fu_1210_p2        |       and|   0|  0|   2|           1|           1|
    |icmp_ln66_1_fu_384_p2      |      icmp|   0|  0|  28|          21|          21|
    |icmp_ln66_2_fu_408_p2      |      icmp|   0|  0|  29|          22|          22|
    |icmp_ln66_3_fu_414_p2      |      icmp|   0|  0|  28|          21|          21|
    |icmp_ln66_4_fu_434_p2      |      icmp|   0|  0|  28|          21|          21|
    |icmp_ln66_5_fu_454_p2      |      icmp|   0|  0|  28|          21|          21|
    |icmp_ln66_6_fu_486_p2      |      icmp|   0|  0|  29|          22|          22|
    |icmp_ln66_7_fu_506_p2      |      icmp|   0|  0|  28|          21|          21|
    |icmp_ln66_8_fu_526_p2      |      icmp|   0|  0|  29|          22|          22|
    |icmp_ln66_fu_364_p2        |      icmp|   0|  0|  29|          22|          22|
    |ap_block_pp0_stage0_01001  |        or|   0|  0|   2|           1|           1|
    |or_ln51_1_fu_948_p2        |        or|   0|  0|   2|           1|           1|
    |or_ln51_2_fu_1138_p2       |        or|   0|  0|   2|           1|           1|
    |or_ln51_fu_1338_p2         |        or|   0|  0|   2|           1|           1|
    |select_ln51_10_fu_1006_p3  |    select|   0|  0|  19|           1|          17|
    |select_ln51_11_fu_1014_p3  |    select|   0|  0|  18|           1|          18|
    |select_ln51_12_fu_1050_p3  |    select|   0|  0|  19|           1|          17|
    |select_ln51_13_fu_1058_p3  |    select|   0|  0|  18|           1|          18|
    |select_ln51_14_fu_1144_p3  |    select|   0|  0|  18|           1|          17|
    |select_ln51_15_fu_1152_p3  |    select|   0|  0|  19|           1|          19|
    |select_ln51_16_fu_1160_p3  |    select|   0|  0|  18|           1|          18|
    |select_ln51_17_fu_1354_p3  |    select|   0|  0|  10|           1|           9|
    |select_ln51_18_fu_1362_p3  |    select|   0|  0|  11|           1|          11|
    |select_ln51_19_fu_1370_p3  |    select|   0|  0|  10|           1|          10|
    |select_ln51_1_fu_1230_p3   |    select|   0|  0|  18|           1|          18|
    |select_ln51_2_fu_1258_p3   |    select|   0|  0|  17|           1|           2|
    |select_ln51_3_fu_816_p3    |    select|   0|  0|  19|           1|          17|
    |select_ln51_4_fu_824_p3    |    select|   0|  0|  18|           1|          18|
    |select_ln51_5_fu_860_p3    |    select|   0|  0|  19|           1|          17|
    |select_ln51_6_fu_868_p3    |    select|   0|  0|  18|           1|          18|
    |select_ln51_7_fu_954_p3    |    select|   0|  0|  18|           1|          17|
    |select_ln51_8_fu_962_p3    |    select|   0|  0|  19|           1|          19|
    |select_ln51_9_fu_970_p3    |    select|   0|  0|  18|           1|          18|
    |select_ln51_fu_1222_p3     |    select|   0|  0|  19|           1|          17|
    |select_ln66_1_fu_396_p3    |    select|   0|  0|  21|           1|          21|
    |select_ln66_2_fu_465_p3    |    select|   0|  0|  22|           1|          22|
    |select_ln66_3_fu_426_p3    |    select|   0|  0|  21|           1|          21|
    |select_ln66_4_fu_446_p3    |    select|   0|  0|  21|           1|          21|
    |select_ln66_5_fu_476_p3    |    select|   0|  0|  21|           1|          21|
    |select_ln66_6_fu_498_p3    |    select|   0|  0|  22|           1|          22|
    |select_ln66_7_fu_516_p3    |    select|   0|  0|  21|           1|          21|
    |select_ln66_fu_376_p3      |    select|   0|  0|  22|           1|          22|
    |x_max_fu_538_p3            |    select|   0|  0|  22|           1|          22|
    |ap_enable_pp0              |       xor|   0|  0|   2|           1|           2|
    |xor_ln51_10_fu_1102_p2     |       xor|   0|  0|   2|           1|           2|
    |xor_ln51_11_fu_1114_p2     |       xor|   0|  0|   2|           1|           2|
    |xor_ln51_12_fu_1126_p2     |       xor|   0|  0|   2|           1|           1|
    |xor_ln51_13_fu_1132_p2     |       xor|   0|  0|   2|           1|           2|
    |xor_ln51_1_fu_1216_p2      |       xor|   0|  0|   2|           1|           1|
    |xor_ln51_2_fu_1302_p2      |       xor|   0|  0|   2|           1|           2|
    |xor_ln51_3_fu_1314_p2      |       xor|   0|  0|   2|           1|           2|
    |xor_ln51_4_fu_1326_p2      |       xor|   0|  0|   2|           1|           1|
    |xor_ln51_5_fu_1332_p2      |       xor|   0|  0|   2|           1|           2|
    |xor_ln51_6_fu_912_p2       |       xor|   0|  0|   2|           1|           2|
    |xor_ln51_7_fu_924_p2       |       xor|   0|  0|   2|           1|           2|
    |xor_ln51_8_fu_936_p2       |       xor|   0|  0|   2|           1|           1|
    |xor_ln51_9_fu_942_p2       |       xor|   0|  0|   2|           1|           2|
    |xor_ln51_fu_1204_p2        |       xor|   0|  0|   2|           1|           2|
    |xor_ln66_1_fu_390_p2       |       xor|   0|  0|   2|           1|           2|
    |xor_ln66_2_fu_460_p2       |       xor|   0|  0|   2|           1|           2|
    |xor_ln66_3_fu_420_p2       |       xor|   0|  0|   2|           1|           2|
    |xor_ln66_4_fu_440_p2       |       xor|   0|  0|   2|           1|           2|
    |xor_ln66_5_fu_471_p2       |       xor|   0|  0|   2|           1|           2|
    |xor_ln66_6_fu_492_p2       |       xor|   0|  0|   2|           1|           2|
    |xor_ln66_7_fu_510_p2       |       xor|   0|  0|   2|           1|           2|
    |xor_ln66_8_fu_532_p2       |       xor|   0|  0|   2|           1|           2|
    |xor_ln66_fu_370_p2         |       xor|   0|  0|   2|           1|           2|
    +---------------------------+----------+----+---+----+------------+------------+
    |Total                      |          |   0|  0|1515|         742|        1241|
    +---------------------------+----------+----+---+----+------------+------------+

    * Multiplexer: 
    +---------------+----+-----------+-----+-----------+
    |      Name     | LUT| Input Size| Bits| Total Bits|
    +---------------+----+-----------+-----+-----------+
    |ap_done        |   9|          2|    1|          2|
    |layer16_out_0  |   9|          2|   16|         32|
    |layer16_out_1  |   9|          2|   16|         32|
    |layer16_out_2  |   9|          2|   16|         32|
    |layer16_out_3  |   9|          2|   16|         32|
    |layer16_out_4  |   9|          2|   16|         32|
    |layer16_out_5  |   9|          2|   16|         32|
    |layer16_out_6  |   9|          2|   16|         32|
    |layer16_out_7  |   9|          2|   16|         32|
    |layer16_out_8  |   9|          2|   16|         32|
    |layer16_out_9  |   9|          2|   16|         32|
    +---------------+----+-----------+-----+-----------+
    |Total          |  99|         22|  161|        322|
    +---------------+----+-----------+-----+-----------+

    * Register: 
    +----------------------------------+----+----+-----+-----------+
    |               Name               | FF | LUT| Bits| Const Bits|
    +----------------------------------+----+----+-----+-----------+
    |ap_CS_fsm                         |   1|   0|    1|          0|
    |ap_done_reg                       |   1|   0|    1|          0|
    |ap_enable_reg_pp0_iter1           |   1|   0|    1|          0|
    |ap_enable_reg_pp0_iter2           |   1|   0|    1|          0|
    |ap_enable_reg_pp0_iter3           |   1|   0|    1|          0|
    |ap_enable_reg_pp0_iter4           |   1|   0|    1|          0|
    |ap_enable_reg_pp0_iter5           |   1|   0|    1|          0|
    |ap_enable_reg_pp0_iter6           |   1|   0|    1|          0|
    |exp_res_1_reg_1767                |  17|   0|   17|          0|
    |exp_res_2_reg_1773                |  17|   0|   17|          0|
    |exp_res_3_reg_1779                |  17|   0|   17|          0|
    |exp_res_4_reg_1785                |  17|   0|   17|          0|
    |exp_res_5_reg_1791                |  17|   0|   17|          0|
    |exp_res_6_reg_1797                |  17|   0|   17|          0|
    |exp_res_7_reg_1803                |  17|   0|   17|          0|
    |exp_res_8_reg_1819                |  17|   0|   17|          0|
    |exp_res_8_reg_1819_pp0_iter5_reg  |  17|   0|   17|          0|
    |exp_res_9_reg_1824                |  17|   0|   17|          0|
    |exp_res_9_reg_1824_pp0_iter5_reg  |  17|   0|   17|          0|
    |exp_res_reg_1761                  |  17|   0|   17|          0|
    |icmp_ln66_2_reg_1651              |   1|   0|    1|          0|
    |icmp_ln66_5_reg_1666              |   1|   0|    1|          0|
    |layer16_out_0_preg                |  16|   0|   16|          0|
    |layer16_out_1_preg                |  16|   0|   16|          0|
    |layer16_out_2_preg                |  16|   0|   16|          0|
    |layer16_out_3_preg                |  16|   0|   16|          0|
    |layer16_out_4_preg                |  16|   0|   16|          0|
    |layer16_out_5_preg                |  16|   0|   16|          0|
    |layer16_out_6_preg                |  16|   0|   16|          0|
    |layer16_out_7_preg                |  16|   0|   16|          0|
    |layer16_out_8_preg                |  16|   0|   16|          0|
    |layer16_out_9_preg                |  16|   0|   16|          0|
    |p_read164_reg_1631                |  21|   0|   21|          0|
    |p_read265_reg_1626                |  21|   0|   21|          0|
    |p_read366_reg_1621                |  21|   0|   21|          0|
    |p_read467_reg_1616                |  21|   0|   21|          0|
    |p_read568_reg_1611                |  21|   0|   21|          0|
    |p_read63_reg_1636                 |  22|   0|   22|          0|
    |p_read669_reg_1606                |  21|   0|   21|          0|
    |p_read770_reg_1601                |  21|   0|   21|          0|
    |p_read871_reg_1594                |  21|   0|   21|          0|
    |p_read972_reg_1587                |  21|   0|   21|          0|
    |select_ln51_1_reg_1829            |  18|   0|   18|          0|
    |select_ln51_2_reg_1835            |  17|   0|   17|          0|
    |select_ln66_3_reg_1656            |  21|   0|   21|          0|
    |select_ln66_4_reg_1661            |  21|   0|   21|          0|
    |select_ln66_reg_1641              |  22|   0|   22|          0|
    |sext_ln66_reg_1646                |  22|   0|   22|          0|
    |tmp_15_reg_1681                   |  10|   0|   10|          0|
    |tmp_16_reg_1686                   |  10|   0|   10|          0|
    |tmp_17_reg_1691                   |  10|   0|   10|          0|
    |tmp_18_reg_1696                   |  10|   0|   10|          0|
    |tmp_19_reg_1701                   |  10|   0|   10|          0|
    |tmp_20_reg_1706                   |  10|   0|   10|          0|
    |tmp_21_reg_1711                   |  10|   0|   10|          0|
    |tmp_21_reg_1711_pp0_iter2_reg     |  10|   0|   10|          0|
    |tmp_22_reg_1716                   |  10|   0|   10|          0|
    |tmp_22_reg_1716_pp0_iter2_reg     |  10|   0|   10|          0|
    |tmp_reg_1671                      |  10|   0|   10|          0|
    |tmp_s_reg_1676                    |  10|   0|   10|          0|
    |exp_res_1_reg_1767                |  64|  32|   17|          0|
    |exp_res_2_reg_1773                |  64|  32|   17|          0|
    |exp_res_3_reg_1779                |  64|  32|   17|          0|
    |exp_res_4_reg_1785                |  64|  32|   17|          0|
    |exp_res_5_reg_1791                |  64|  32|   17|          0|
    |exp_res_6_reg_1797                |  64|  32|   17|          0|
    |exp_res_7_reg_1803                |  64|  32|   17|          0|
    |exp_res_reg_1761                  |  64|  32|   17|          0|
    +----------------------------------+----+----+-----+-----------+
    |Total                             |1338| 256|  962|          0|
    +----------------------------------+----+----+-----+-----------+



================================================================
== Interface
================================================================
* Summary: 
+----------------------+-----+-----+------------+----------------------------------------------------------------+--------------+
|       RTL Ports      | Dir | Bits|  Protocol  |                          Source Object                         |    C Type    |
+----------------------+-----+-----+------------+----------------------------------------------------------------+--------------+
|ap_clk                |   in|    1|  ap_ctrl_hs|  softmax_stable<ap_fixed,ap_fixed<16,6,5,3,0>,softmax_config16>|  return value|
|ap_rst                |   in|    1|  ap_ctrl_hs|  softmax_stable<ap_fixed,ap_fixed<16,6,5,3,0>,softmax_config16>|  return value|
|ap_start              |   in|    1|  ap_ctrl_hs|  softmax_stable<ap_fixed,ap_fixed<16,6,5,3,0>,softmax_config16>|  return value|
|ap_done               |  out|    1|  ap_ctrl_hs|  softmax_stable<ap_fixed,ap_fixed<16,6,5,3,0>,softmax_config16>|  return value|
|ap_continue           |   in|    1|  ap_ctrl_hs|  softmax_stable<ap_fixed,ap_fixed<16,6,5,3,0>,softmax_config16>|  return value|
|ap_idle               |  out|    1|  ap_ctrl_hs|  softmax_stable<ap_fixed,ap_fixed<16,6,5,3,0>,softmax_config16>|  return value|
|ap_ready              |  out|    1|  ap_ctrl_hs|  softmax_stable<ap_fixed,ap_fixed<16,6,5,3,0>,softmax_config16>|  return value|
|p_read                |   in|   22|     ap_none|                                                          p_read|        scalar|
|p_read1               |   in|   21|     ap_none|                                                         p_read1|        scalar|
|p_read2               |   in|   21|     ap_none|                                                         p_read2|        scalar|
|p_read3               |   in|   21|     ap_none|                                                         p_read3|        scalar|
|p_read4               |   in|   21|     ap_none|                                                         p_read4|        scalar|
|p_read5               |   in|   21|     ap_none|                                                         p_read5|        scalar|
|p_read6               |   in|   21|     ap_none|                                                         p_read6|        scalar|
|p_read7               |   in|   21|     ap_none|                                                         p_read7|        scalar|
|p_read8               |   in|   21|     ap_none|                                                         p_read8|        scalar|
|p_read9               |   in|   21|     ap_none|                                                         p_read9|        scalar|
|layer16_out_0         |  out|   16|      ap_vld|                                                   layer16_out_0|       pointer|
|layer16_out_0_ap_vld  |  out|    1|      ap_vld|                                                   layer16_out_0|       pointer|
|layer16_out_1         |  out|   16|      ap_vld|                                                   layer16_out_1|       pointer|
|layer16_out_1_ap_vld  |  out|    1|      ap_vld|                                                   layer16_out_1|       pointer|
|layer16_out_2         |  out|   16|      ap_vld|                                                   layer16_out_2|       pointer|
|layer16_out_2_ap_vld  |  out|    1|      ap_vld|                                                   layer16_out_2|       pointer|
|layer16_out_3         |  out|   16|      ap_vld|                                                   layer16_out_3|       pointer|
|layer16_out_3_ap_vld  |  out|    1|      ap_vld|                                                   layer16_out_3|       pointer|
|layer16_out_4         |  out|   16|      ap_vld|                                                   layer16_out_4|       pointer|
|layer16_out_4_ap_vld  |  out|    1|      ap_vld|                                                   layer16_out_4|       pointer|
|layer16_out_5         |  out|   16|      ap_vld|                                                   layer16_out_5|       pointer|
|layer16_out_5_ap_vld  |  out|    1|      ap_vld|                                                   layer16_out_5|       pointer|
|layer16_out_6         |  out|   16|      ap_vld|                                                   layer16_out_6|       pointer|
|layer16_out_6_ap_vld  |  out|    1|      ap_vld|                                                   layer16_out_6|       pointer|
|layer16_out_7         |  out|   16|      ap_vld|                                                   layer16_out_7|       pointer|
|layer16_out_7_ap_vld  |  out|    1|      ap_vld|                                                   layer16_out_7|       pointer|
|layer16_out_8         |  out|   16|      ap_vld|                                                   layer16_out_8|       pointer|
|layer16_out_8_ap_vld  |  out|    1|      ap_vld|                                                   layer16_out_8|       pointer|
|layer16_out_9         |  out|   16|      ap_vld|                                                   layer16_out_9|       pointer|
|layer16_out_9_ap_vld  |  out|    1|      ap_vld|                                                   layer16_out_9|       pointer|
+----------------------+-----+-----+------------+----------------------------------------------------------------+--------------+

