Copyright 1986-2022 Xilinx, Inc. All Rights Reserved. Copyright 2022-2023 Advanced Micro Devices, Inc. All Rights Reserved.
---------------------------------------------------------------------------------------------------------------------------------------------
| Tool Version : Vivado v.2023.1 (lin64) Build 3865809 Sun May  7 15:04:56 MDT 2023
| Date         : Wed Jul 23 21:48:03 2025
| Host         : coder-hftsoi-hls1 running 64-bit Ubuntu 20.04.6 LTS
| Command      : report_utilization -file vivado_synth.rpt -hierarchical -hierarchical_depth 1
| Design       : hls_dummy
| Device       : xcu250-figd2104-2L-e
| Speed File   : -2L
| Design State : Optimized
---------------------------------------------------------------------------------------------------------------------------------------------

Utilization Design Information

Table of Contents
-----------------
1. Utilization by Hierarchy

1. Utilization by Hierarchy
---------------------------

+-----------------------------------------------------------------------+------------------------------------------------------------------------------+------------+------------+---------+------+-------+--------+--------+------+------------+
|                                Instance                               |                                    Module                                    | Total LUTs | Logic LUTs | LUTRAMs | SRLs |  FFs  | RAMB36 | RAMB18 | URAM | DSP Blocks |
+-----------------------------------------------------------------------+------------------------------------------------------------------------------+------------+------------+---------+------+-------+--------+--------+------+------------+
| hls_dummy                                                             |                                                                        (top) |     234094 |     234094 |       0 |    0 | 50364 |      0 |      0 |    0 |          0 |
|   (hls_dummy)                                                         |                                                                        (top) |          0 |          0 |       0 |    0 |   270 |      0 |      0 |    0 |          0 |
|   Block_entry28_proc_U0                                               |                                                 hls_dummy_Block_entry28_proc |          0 |          0 |       0 |    0 |   540 |      0 |      0 |    0 |          0 |
|   sparse_arr_feat_conv1_out_10_U                                      |                                                       hls_dummy_fifo_w8_d2_S |         14 |         14 |       0 |    0 |    20 |      0 |      0 |    0 |          0 |
|   sparse_arr_feat_conv1_out_11_U                                      |                                                     hls_dummy_fifo_w8_d2_S_0 |         14 |         14 |       0 |    0 |    20 |      0 |      0 |    0 |          0 |
|   sparse_arr_feat_conv1_out_12_U                                      |                                                     hls_dummy_fifo_w8_d2_S_1 |         13 |         13 |       0 |    0 |    20 |      0 |      0 |    0 |          0 |
|   sparse_arr_feat_conv1_out_13_U                                      |                                                     hls_dummy_fifo_w8_d2_S_2 |         14 |         14 |       0 |    0 |    20 |      0 |      0 |    0 |          0 |
|   sparse_arr_feat_conv1_out_14_U                                      |                                                     hls_dummy_fifo_w8_d2_S_3 |         14 |         14 |       0 |    0 |    20 |      0 |      0 |    0 |          0 |
|   sparse_arr_feat_conv1_out_15_U                                      |                                                     hls_dummy_fifo_w8_d2_S_4 |         15 |         15 |       0 |    0 |    20 |      0 |      0 |    0 |          0 |
|   sparse_arr_feat_conv1_out_16_U                                      |                                                     hls_dummy_fifo_w8_d2_S_5 |         13 |         13 |       0 |    0 |    20 |      0 |      0 |    0 |          0 |
|   sparse_arr_feat_conv1_out_17_U                                      |                                                     hls_dummy_fifo_w8_d2_S_6 |         14 |         14 |       0 |    0 |    20 |      0 |      0 |    0 |          0 |
|   sparse_arr_feat_conv1_out_18_U                                      |                                                     hls_dummy_fifo_w8_d2_S_7 |         14 |         14 |       0 |    0 |    20 |      0 |      0 |    0 |          0 |
|   sparse_arr_feat_conv1_out_19_U                                      |                                                     hls_dummy_fifo_w8_d2_S_8 |         14 |         14 |       0 |    0 |    20 |      0 |      0 |    0 |          0 |
|   sparse_arr_feat_conv1_out_1_U                                       |                                                     hls_dummy_fifo_w8_d2_S_9 |         15 |         15 |       0 |    0 |    20 |      0 |      0 |    0 |          0 |
|   sparse_arr_feat_conv1_out_20_U                                      |                                                    hls_dummy_fifo_w8_d2_S_10 |         13 |         13 |       0 |    0 |    20 |      0 |      0 |    0 |          0 |
|   sparse_arr_feat_conv1_out_21_U                                      |                                                    hls_dummy_fifo_w8_d2_S_11 |         18 |         18 |       0 |    0 |    20 |      0 |      0 |    0 |          0 |
|   sparse_arr_feat_conv1_out_22_U                                      |                                                    hls_dummy_fifo_w8_d2_S_12 |         19 |         19 |       0 |    0 |    20 |      0 |      0 |    0 |          0 |
|   sparse_arr_feat_conv1_out_23_U                                      |                                                    hls_dummy_fifo_w8_d2_S_13 |         18 |         18 |       0 |    0 |    20 |      0 |      0 |    0 |          0 |
|   sparse_arr_feat_conv1_out_24_U                                      |                                                    hls_dummy_fifo_w8_d2_S_14 |         14 |         14 |       0 |    0 |    20 |      0 |      0 |    0 |          0 |
|   sparse_arr_feat_conv1_out_25_U                                      |                                                    hls_dummy_fifo_w8_d2_S_15 |         14 |         14 |       0 |    0 |    20 |      0 |      0 |    0 |          0 |
|   sparse_arr_feat_conv1_out_26_U                                      |                                                    hls_dummy_fifo_w8_d2_S_16 |         14 |         14 |       0 |    0 |    20 |      0 |      0 |    0 |          0 |
|   sparse_arr_feat_conv1_out_27_U                                      |                                                    hls_dummy_fifo_w8_d2_S_17 |         17 |         17 |       0 |    0 |    20 |      0 |      0 |    0 |          0 |
|   sparse_arr_feat_conv1_out_28_U                                      |                                                    hls_dummy_fifo_w8_d2_S_18 |         20 |         20 |       0 |    0 |    20 |      0 |      0 |    0 |          0 |
|   sparse_arr_feat_conv1_out_29_U                                      |                                                    hls_dummy_fifo_w8_d2_S_19 |         18 |         18 |       0 |    0 |    20 |      0 |      0 |    0 |          0 |
|   sparse_arr_feat_conv1_out_2_U                                       |                                                    hls_dummy_fifo_w8_d2_S_20 |         14 |         14 |       0 |    0 |    20 |      0 |      0 |    0 |          0 |
|   sparse_arr_feat_conv1_out_30_U                                      |                                                    hls_dummy_fifo_w8_d2_S_21 |         18 |         18 |       0 |    0 |    20 |      0 |      0 |    0 |          0 |
|   sparse_arr_feat_conv1_out_31_U                                      |                                                    hls_dummy_fifo_w8_d2_S_22 |         17 |         17 |       0 |    0 |    20 |      0 |      0 |    0 |          0 |
|   sparse_arr_feat_conv1_out_32_U                                      |                                                    hls_dummy_fifo_w8_d2_S_23 |         18 |         18 |       0 |    0 |    20 |      0 |      0 |    0 |          0 |
|   sparse_arr_feat_conv1_out_33_U                                      |                                                    hls_dummy_fifo_w8_d2_S_24 |         18 |         18 |       0 |    0 |    20 |      0 |      0 |    0 |          0 |
|   sparse_arr_feat_conv1_out_34_U                                      |                                                    hls_dummy_fifo_w8_d2_S_25 |         18 |         18 |       0 |    0 |    20 |      0 |      0 |    0 |          0 |
|   sparse_arr_feat_conv1_out_35_U                                      |                                                    hls_dummy_fifo_w8_d2_S_26 |         17 |         17 |       0 |    0 |    20 |      0 |      0 |    0 |          0 |
|   sparse_arr_feat_conv1_out_36_U                                      |                                                    hls_dummy_fifo_w8_d2_S_27 |         20 |         20 |       0 |    0 |    20 |      0 |      0 |    0 |          0 |
|   sparse_arr_feat_conv1_out_37_U                                      |                                                    hls_dummy_fifo_w8_d2_S_28 |         18 |         18 |       0 |    0 |    20 |      0 |      0 |    0 |          0 |
|   sparse_arr_feat_conv1_out_38_U                                      |                                                    hls_dummy_fifo_w8_d2_S_29 |         17 |         17 |       0 |    0 |    20 |      0 |      0 |    0 |          0 |
|   sparse_arr_feat_conv1_out_39_U                                      |                                                    hls_dummy_fifo_w8_d2_S_30 |         17 |         17 |       0 |    0 |    20 |      0 |      0 |    0 |          0 |
|   sparse_arr_feat_conv1_out_3_U                                       |                                                    hls_dummy_fifo_w8_d2_S_31 |         14 |         14 |       0 |    0 |    20 |      0 |      0 |    0 |          0 |
|   sparse_arr_feat_conv1_out_40_U                                      |                                                    hls_dummy_fifo_w8_d2_S_32 |         18 |         18 |       0 |    0 |    20 |      0 |      0 |    0 |          0 |
|   sparse_arr_feat_conv1_out_41_U                                      |                                                    hls_dummy_fifo_w8_d2_S_33 |         18 |         18 |       0 |    0 |    20 |      0 |      0 |    0 |          0 |
|   sparse_arr_feat_conv1_out_42_U                                      |                                                    hls_dummy_fifo_w8_d2_S_34 |         19 |         19 |       0 |    0 |    20 |      0 |      0 |    0 |          0 |
|   sparse_arr_feat_conv1_out_43_U                                      |                                                    hls_dummy_fifo_w8_d2_S_35 |         19 |         19 |       0 |    0 |    20 |      0 |      0 |    0 |          0 |
|   sparse_arr_feat_conv1_out_44_U                                      |                                                    hls_dummy_fifo_w8_d2_S_36 |         17 |         17 |       0 |    0 |    20 |      0 |      0 |    0 |          0 |
|   sparse_arr_feat_conv1_out_45_U                                      |                                                    hls_dummy_fifo_w8_d2_S_37 |         17 |         17 |       0 |    0 |    20 |      0 |      0 |    0 |          0 |
|   sparse_arr_feat_conv1_out_46_U                                      |                                                    hls_dummy_fifo_w8_d2_S_38 |         17 |         17 |       0 |    0 |    20 |      0 |      0 |    0 |          0 |
|   sparse_arr_feat_conv1_out_47_U                                      |                                                    hls_dummy_fifo_w8_d2_S_39 |         17 |         17 |       0 |    0 |    20 |      0 |      0 |    0 |          0 |
|   sparse_arr_feat_conv1_out_48_U                                      |                                                    hls_dummy_fifo_w8_d2_S_40 |         17 |         17 |       0 |    0 |    20 |      0 |      0 |    0 |          0 |
|   sparse_arr_feat_conv1_out_49_U                                      |                                                    hls_dummy_fifo_w8_d2_S_41 |         18 |         18 |       0 |    0 |    20 |      0 |      0 |    0 |          0 |
|   sparse_arr_feat_conv1_out_4_U                                       |                                                    hls_dummy_fifo_w8_d2_S_42 |         16 |         16 |       0 |    0 |    20 |      0 |      0 |    0 |          0 |
|   sparse_arr_feat_conv1_out_50_U                                      |                                                    hls_dummy_fifo_w8_d2_S_43 |         19 |         19 |       0 |    0 |    20 |      0 |      0 |    0 |          0 |
|   sparse_arr_feat_conv1_out_51_U                                      |                                                    hls_dummy_fifo_w8_d2_S_44 |         18 |         18 |       0 |    0 |    20 |      0 |      0 |    0 |          0 |
|   sparse_arr_feat_conv1_out_52_U                                      |                                                    hls_dummy_fifo_w8_d2_S_45 |         17 |         17 |       0 |    0 |    20 |      0 |      0 |    0 |          0 |
|   sparse_arr_feat_conv1_out_53_U                                      |                                                    hls_dummy_fifo_w8_d2_S_46 |         17 |         17 |       0 |    0 |    20 |      0 |      0 |    0 |          0 |
|   sparse_arr_feat_conv1_out_54_U                                      |                                                    hls_dummy_fifo_w8_d2_S_47 |         14 |         14 |       0 |    0 |    20 |      0 |      0 |    0 |          0 |
|   sparse_arr_feat_conv1_out_55_U                                      |                                                    hls_dummy_fifo_w8_d2_S_48 |         16 |         16 |       0 |    0 |    20 |      0 |      0 |    0 |          0 |
|   sparse_arr_feat_conv1_out_56_U                                      |                                                    hls_dummy_fifo_w8_d2_S_49 |         15 |         15 |       0 |    0 |    20 |      0 |      0 |    0 |          0 |
|   sparse_arr_feat_conv1_out_57_U                                      |                                                    hls_dummy_fifo_w8_d2_S_50 |         15 |         15 |       0 |    0 |    20 |      0 |      0 |    0 |          0 |
|   sparse_arr_feat_conv1_out_58_U                                      |                                                    hls_dummy_fifo_w8_d2_S_51 |         14 |         14 |       0 |    0 |    20 |      0 |      0 |    0 |          0 |
|   sparse_arr_feat_conv1_out_59_U                                      |                                                    hls_dummy_fifo_w8_d2_S_52 |         13 |         13 |       0 |    0 |    20 |      0 |      0 |    0 |          0 |
|   sparse_arr_feat_conv1_out_5_U                                       |                                                    hls_dummy_fifo_w8_d2_S_53 |         14 |         14 |       0 |    0 |    20 |      0 |      0 |    0 |          0 |
|   sparse_arr_feat_conv1_out_60_U                                      |                                                    hls_dummy_fifo_w8_d2_S_54 |         16 |         16 |       0 |    0 |    20 |      0 |      0 |    0 |          0 |
|   sparse_arr_feat_conv1_out_61_U                                      |                                                    hls_dummy_fifo_w8_d2_S_55 |         15 |         15 |       0 |    0 |    20 |      0 |      0 |    0 |          0 |
|   sparse_arr_feat_conv1_out_62_U                                      |                                                    hls_dummy_fifo_w8_d2_S_56 |         16 |         16 |       0 |    0 |    20 |      0 |      0 |    0 |          0 |
|   sparse_arr_feat_conv1_out_63_U                                      |                                                    hls_dummy_fifo_w8_d2_S_57 |         14 |         14 |       0 |    0 |    20 |      0 |      0 |    0 |          0 |
|   sparse_arr_feat_conv1_out_64_U                                      |                                                    hls_dummy_fifo_w8_d2_S_58 |         13 |         13 |       0 |    0 |    20 |      0 |      0 |    0 |          0 |
|   sparse_arr_feat_conv1_out_65_U                                      |                                                    hls_dummy_fifo_w8_d2_S_59 |         14 |         14 |       0 |    0 |    20 |      0 |      0 |    0 |          0 |
|   sparse_arr_feat_conv1_out_66_U                                      |                                                    hls_dummy_fifo_w8_d2_S_60 |         14 |         14 |       0 |    0 |    20 |      0 |      0 |    0 |          0 |
|   sparse_arr_feat_conv1_out_67_U                                      |                                                    hls_dummy_fifo_w8_d2_S_61 |         14 |         14 |       0 |    0 |    20 |      0 |      0 |    0 |          0 |
|   sparse_arr_feat_conv1_out_68_U                                      |                                                    hls_dummy_fifo_w8_d2_S_62 |         17 |         17 |       0 |    0 |    20 |      0 |      0 |    0 |          0 |
|   sparse_arr_feat_conv1_out_69_U                                      |                                                    hls_dummy_fifo_w8_d2_S_63 |         18 |         18 |       0 |    0 |    20 |      0 |      0 |    0 |          0 |
|   sparse_arr_feat_conv1_out_6_U                                       |                                                    hls_dummy_fifo_w8_d2_S_64 |         14 |         14 |       0 |    0 |    20 |      0 |      0 |    0 |          0 |
|   sparse_arr_feat_conv1_out_70_U                                      |                                                    hls_dummy_fifo_w8_d2_S_65 |         15 |         15 |       0 |    0 |    20 |      0 |      0 |    0 |          0 |
|   sparse_arr_feat_conv1_out_71_U                                      |                                                    hls_dummy_fifo_w8_d2_S_66 |         14 |         14 |       0 |    0 |    20 |      0 |      0 |    0 |          0 |
|   sparse_arr_feat_conv1_out_72_U                                      |                                                    hls_dummy_fifo_w8_d2_S_67 |         14 |         14 |       0 |    0 |    20 |      0 |      0 |    0 |          0 |
|   sparse_arr_feat_conv1_out_73_U                                      |                                                    hls_dummy_fifo_w8_d2_S_68 |         17 |         17 |       0 |    0 |    20 |      0 |      0 |    0 |          0 |
|   sparse_arr_feat_conv1_out_74_U                                      |                                                    hls_dummy_fifo_w8_d2_S_69 |         15 |         15 |       0 |    0 |    20 |      0 |      0 |    0 |          0 |
|   sparse_arr_feat_conv1_out_75_U                                      |                                                    hls_dummy_fifo_w8_d2_S_70 |         15 |         15 |       0 |    0 |    20 |      0 |      0 |    0 |          0 |
|   sparse_arr_feat_conv1_out_76_U                                      |                                                    hls_dummy_fifo_w8_d2_S_71 |         14 |         14 |       0 |    0 |    20 |      0 |      0 |    0 |          0 |
|   sparse_arr_feat_conv1_out_77_U                                      |                                                    hls_dummy_fifo_w8_d2_S_72 |         13 |         13 |       0 |    0 |    20 |      0 |      0 |    0 |          0 |
|   sparse_arr_feat_conv1_out_78_U                                      |                                                    hls_dummy_fifo_w8_d2_S_73 |         14 |         14 |       0 |    0 |    20 |      0 |      0 |    0 |          0 |
|   sparse_arr_feat_conv1_out_79_U                                      |                                                    hls_dummy_fifo_w8_d2_S_74 |         13 |         13 |       0 |    0 |    20 |      0 |      0 |    0 |          0 |
|   sparse_arr_feat_conv1_out_7_U                                       |                                                    hls_dummy_fifo_w8_d2_S_75 |         15 |         15 |       0 |    0 |    20 |      0 |      0 |    0 |          0 |
|   sparse_arr_feat_conv1_out_80_U                                      |                                                    hls_dummy_fifo_w8_d2_S_76 |         14 |         14 |       0 |    0 |    20 |      0 |      0 |    0 |          0 |
|   sparse_arr_feat_conv1_out_81_U                                      |                                                    hls_dummy_fifo_w8_d2_S_77 |         13 |         13 |       0 |    0 |    20 |      0 |      0 |    0 |          0 |
|   sparse_arr_feat_conv1_out_82_U                                      |                                                    hls_dummy_fifo_w8_d2_S_78 |         17 |         17 |       0 |    0 |    20 |      0 |      0 |    0 |          0 |
|   sparse_arr_feat_conv1_out_83_U                                      |                                                    hls_dummy_fifo_w8_d2_S_79 |         15 |         15 |       0 |    0 |    20 |      0 |      0 |    0 |          0 |
|   sparse_arr_feat_conv1_out_84_U                                      |                                                    hls_dummy_fifo_w8_d2_S_80 |         14 |         14 |       0 |    0 |    20 |      0 |      0 |    0 |          0 |
|   sparse_arr_feat_conv1_out_85_U                                      |                                                    hls_dummy_fifo_w8_d2_S_81 |         13 |         13 |       0 |    0 |    20 |      0 |      0 |    0 |          0 |
|   sparse_arr_feat_conv1_out_86_U                                      |                                                    hls_dummy_fifo_w8_d2_S_82 |         14 |         14 |       0 |    0 |    20 |      0 |      0 |    0 |          0 |
|   sparse_arr_feat_conv1_out_87_U                                      |                                                    hls_dummy_fifo_w8_d2_S_83 |         14 |         14 |       0 |    0 |    20 |      0 |      0 |    0 |          0 |
|   sparse_arr_feat_conv1_out_88_U                                      |                                                    hls_dummy_fifo_w8_d2_S_84 |         16 |         16 |       0 |    0 |    20 |      0 |      0 |    0 |          0 |
|   sparse_arr_feat_conv1_out_89_U                                      |                                                    hls_dummy_fifo_w8_d2_S_85 |         14 |         14 |       0 |    0 |    20 |      0 |      0 |    0 |          0 |
|   sparse_arr_feat_conv1_out_8_U                                       |                                                    hls_dummy_fifo_w8_d2_S_86 |         14 |         14 |       0 |    0 |    20 |      0 |      0 |    0 |          0 |
|   sparse_arr_feat_conv1_out_9_U                                       |                                                    hls_dummy_fifo_w8_d2_S_87 |         13 |         13 |       0 |    0 |    20 |      0 |      0 |    0 |          0 |
|   sparse_arr_feat_conv1_out_U                                         |                                                    hls_dummy_fifo_w8_d2_S_88 |         13 |         13 |       0 |    0 |    20 |      0 |      0 |    0 |          0 |
|   sparse_arr_feat_pool1_out_10_U                                      |                                                    hls_dummy_fifo_w8_d2_S_89 |         19 |         19 |       0 |    0 |    16 |      0 |      0 |    0 |          0 |
|   sparse_arr_feat_pool1_out_11_U                                      |                                                    hls_dummy_fifo_w8_d2_S_90 |         22 |         22 |       0 |    0 |    16 |      0 |      0 |    0 |          0 |
|   sparse_arr_feat_pool1_out_12_U                                      |                                                    hls_dummy_fifo_w8_d2_S_91 |         20 |         20 |       0 |    0 |    16 |      0 |      0 |    0 |          0 |
|   sparse_arr_feat_pool1_out_13_U                                      |                                                    hls_dummy_fifo_w8_d2_S_92 |         20 |         20 |       0 |    0 |    16 |      0 |      0 |    0 |          0 |
|   sparse_arr_feat_pool1_out_14_U                                      |                                                    hls_dummy_fifo_w8_d2_S_93 |         20 |         20 |       0 |    0 |    16 |      0 |      0 |    0 |          0 |
|   sparse_arr_feat_pool1_out_15_U                                      |                                                    hls_dummy_fifo_w8_d2_S_94 |         20 |         20 |       0 |    0 |    16 |      0 |      0 |    0 |          0 |
|   sparse_arr_feat_pool1_out_16_U                                      |                                                    hls_dummy_fifo_w8_d2_S_95 |         20 |         20 |       0 |    0 |    16 |      0 |      0 |    0 |          0 |
|   sparse_arr_feat_pool1_out_17_U                                      |                                                    hls_dummy_fifo_w8_d2_S_96 |         20 |         20 |       0 |    0 |    16 |      0 |      0 |    0 |          0 |
|   sparse_arr_feat_pool1_out_18_U                                      |                                                    hls_dummy_fifo_w8_d2_S_97 |         20 |         20 |       0 |    0 |    16 |      0 |      0 |    0 |          0 |
|   sparse_arr_feat_pool1_out_19_U                                      |                                                    hls_dummy_fifo_w8_d2_S_98 |         20 |         20 |       0 |    0 |    16 |      0 |      0 |    0 |          0 |
|   sparse_arr_feat_pool1_out_1_U                                       |                                                    hls_dummy_fifo_w8_d2_S_99 |         21 |         21 |       0 |    0 |    16 |      0 |      0 |    0 |          0 |
|   sparse_arr_feat_pool1_out_20_U                                      |                                                   hls_dummy_fifo_w8_d2_S_100 |         20 |         20 |       0 |    0 |    16 |      0 |      0 |    0 |          0 |
|   sparse_arr_feat_pool1_out_21_U                                      |                                                   hls_dummy_fifo_w8_d2_S_101 |         20 |         20 |       0 |    0 |    16 |      0 |      0 |    0 |          0 |
|   sparse_arr_feat_pool1_out_22_U                                      |                                                   hls_dummy_fifo_w8_d2_S_102 |         19 |         19 |       0 |    0 |    16 |      0 |      0 |    0 |          0 |
|   sparse_arr_feat_pool1_out_23_U                                      |                                                   hls_dummy_fifo_w8_d2_S_103 |         19 |         19 |       0 |    0 |    16 |      0 |      0 |    0 |          0 |
|   sparse_arr_feat_pool1_out_24_U                                      |                                                   hls_dummy_fifo_w8_d2_S_104 |         19 |         19 |       0 |    0 |    16 |      0 |      0 |    0 |          0 |
|   sparse_arr_feat_pool1_out_25_U                                      |                                                   hls_dummy_fifo_w8_d2_S_105 |         21 |         21 |       0 |    0 |    16 |      0 |      0 |    0 |          0 |
|   sparse_arr_feat_pool1_out_26_U                                      |                                                   hls_dummy_fifo_w8_d2_S_106 |         22 |         22 |       0 |    0 |    16 |      0 |      0 |    0 |          0 |
|   sparse_arr_feat_pool1_out_27_U                                      |                                                   hls_dummy_fifo_w8_d2_S_107 |         19 |         19 |       0 |    0 |    16 |      0 |      0 |    0 |          0 |
|   sparse_arr_feat_pool1_out_28_U                                      |                                                   hls_dummy_fifo_w8_d2_S_108 |         23 |         23 |       0 |    0 |    16 |      0 |      0 |    0 |          0 |
|   sparse_arr_feat_pool1_out_29_U                                      |                                                   hls_dummy_fifo_w8_d2_S_109 |         20 |         20 |       0 |    0 |    16 |      0 |      0 |    0 |          0 |
|   sparse_arr_feat_pool1_out_2_U                                       |                                                   hls_dummy_fifo_w8_d2_S_110 |         20 |         20 |       0 |    0 |    16 |      0 |      0 |    0 |          0 |
|   sparse_arr_feat_pool1_out_30_U                                      |                                                   hls_dummy_fifo_w8_d2_S_111 |         19 |         19 |       0 |    0 |    16 |      0 |      0 |    0 |          0 |
|   sparse_arr_feat_pool1_out_31_U                                      |                                                   hls_dummy_fifo_w8_d2_S_112 |         19 |         19 |       0 |    0 |    16 |      0 |      0 |    0 |          0 |
|   sparse_arr_feat_pool1_out_32_U                                      |                                                   hls_dummy_fifo_w8_d2_S_113 |         20 |         20 |       0 |    0 |    16 |      0 |      0 |    0 |          0 |
|   sparse_arr_feat_pool1_out_33_U                                      |                                                   hls_dummy_fifo_w8_d2_S_114 |         22 |         22 |       0 |    0 |    16 |      0 |      0 |    0 |          0 |
|   sparse_arr_feat_pool1_out_34_U                                      |                                                   hls_dummy_fifo_w8_d2_S_115 |         21 |         21 |       0 |    0 |    16 |      0 |      0 |    0 |          0 |
|   sparse_arr_feat_pool1_out_35_U                                      |                                                   hls_dummy_fifo_w8_d2_S_116 |         19 |         19 |       0 |    0 |    16 |      0 |      0 |    0 |          0 |
|   sparse_arr_feat_pool1_out_36_U                                      |                                                   hls_dummy_fifo_w8_d2_S_117 |         19 |         19 |       0 |    0 |    16 |      0 |      0 |    0 |          0 |
|   sparse_arr_feat_pool1_out_37_U                                      |                                                   hls_dummy_fifo_w8_d2_S_118 |         21 |         21 |       0 |    0 |    16 |      0 |      0 |    0 |          0 |
|   sparse_arr_feat_pool1_out_38_U                                      |                                                   hls_dummy_fifo_w8_d2_S_119 |         21 |         21 |       0 |    0 |    16 |      0 |      0 |    0 |          0 |
|   sparse_arr_feat_pool1_out_39_U                                      |                                                   hls_dummy_fifo_w8_d2_S_120 |         21 |         21 |       0 |    0 |    16 |      0 |      0 |    0 |          0 |
|   sparse_arr_feat_pool1_out_3_U                                       |                                                   hls_dummy_fifo_w8_d2_S_121 |         20 |         20 |       0 |    0 |    16 |      0 |      0 |    0 |          0 |
|   sparse_arr_feat_pool1_out_40_U                                      |                                                   hls_dummy_fifo_w8_d2_S_122 |         19 |         19 |       0 |    0 |    16 |      0 |      0 |    0 |          0 |
|   sparse_arr_feat_pool1_out_41_U                                      |                                                   hls_dummy_fifo_w8_d2_S_123 |         22 |         22 |       0 |    0 |    16 |      0 |      0 |    0 |          0 |
|   sparse_arr_feat_pool1_out_42_U                                      |                                                   hls_dummy_fifo_w8_d2_S_124 |         21 |         21 |       0 |    0 |    16 |      0 |      0 |    0 |          0 |
|   sparse_arr_feat_pool1_out_43_U                                      |                                                   hls_dummy_fifo_w8_d2_S_125 |         19 |         19 |       0 |    0 |    16 |      0 |      0 |    0 |          0 |
|   sparse_arr_feat_pool1_out_44_U                                      |                                                   hls_dummy_fifo_w8_d2_S_126 |         19 |         19 |       0 |    0 |    16 |      0 |      0 |    0 |          0 |
|   sparse_arr_feat_pool1_out_45_U                                      |                                                   hls_dummy_fifo_w8_d2_S_127 |         19 |         19 |       0 |    0 |    16 |      0 |      0 |    0 |          0 |
|   sparse_arr_feat_pool1_out_46_U                                      |                                                   hls_dummy_fifo_w8_d2_S_128 |         19 |         19 |       0 |    0 |    16 |      0 |      0 |    0 |          0 |
|   sparse_arr_feat_pool1_out_47_U                                      |                                                   hls_dummy_fifo_w8_d2_S_129 |         22 |         22 |       0 |    0 |    16 |      0 |      0 |    0 |          0 |
|   sparse_arr_feat_pool1_out_48_U                                      |                                                   hls_dummy_fifo_w8_d2_S_130 |         23 |         23 |       0 |    0 |    16 |      0 |      0 |    0 |          0 |
|   sparse_arr_feat_pool1_out_49_U                                      |                                                   hls_dummy_fifo_w8_d2_S_131 |         19 |         19 |       0 |    0 |    16 |      0 |      0 |    0 |          0 |
|   sparse_arr_feat_pool1_out_4_U                                       |                                                   hls_dummy_fifo_w8_d2_S_132 |         21 |         21 |       0 |    0 |    16 |      0 |      0 |    0 |          0 |
|   sparse_arr_feat_pool1_out_50_U                                      |                                                   hls_dummy_fifo_w8_d2_S_133 |         21 |         21 |       0 |    0 |    16 |      0 |      0 |    0 |          0 |
|   sparse_arr_feat_pool1_out_51_U                                      |                                                   hls_dummy_fifo_w8_d2_S_134 |         23 |         23 |       0 |    0 |    16 |      0 |      0 |    0 |          0 |
|   sparse_arr_feat_pool1_out_52_U                                      |                                                   hls_dummy_fifo_w8_d2_S_135 |         19 |         19 |       0 |    0 |    16 |      0 |      0 |    0 |          0 |
|   sparse_arr_feat_pool1_out_53_U                                      |                                                   hls_dummy_fifo_w8_d2_S_136 |         25 |         25 |       0 |    0 |    16 |      0 |      0 |    0 |          0 |
|   sparse_arr_feat_pool1_out_54_U                                      |                                                   hls_dummy_fifo_w8_d2_S_137 |         21 |         21 |       0 |    0 |    16 |      0 |      0 |    0 |          0 |
|   sparse_arr_feat_pool1_out_55_U                                      |                                                   hls_dummy_fifo_w8_d2_S_138 |         22 |         22 |       0 |    0 |    16 |      0 |      0 |    0 |          0 |
|   sparse_arr_feat_pool1_out_56_U                                      |                                                   hls_dummy_fifo_w8_d2_S_139 |         19 |         19 |       0 |    0 |    16 |      0 |      0 |    0 |          0 |
|   sparse_arr_feat_pool1_out_57_U                                      |                                                   hls_dummy_fifo_w8_d2_S_140 |         21 |         21 |       0 |    0 |    16 |      0 |      0 |    0 |          0 |
|   sparse_arr_feat_pool1_out_58_U                                      |                                                   hls_dummy_fifo_w8_d2_S_141 |         19 |         19 |       0 |    0 |    16 |      0 |      0 |    0 |          0 |
|   sparse_arr_feat_pool1_out_59_U                                      |                                                   hls_dummy_fifo_w8_d2_S_142 |         19 |         19 |       0 |    0 |    16 |      0 |      0 |    0 |          0 |
|   sparse_arr_feat_pool1_out_5_U                                       |                                                   hls_dummy_fifo_w8_d2_S_143 |         21 |         21 |       0 |    0 |    16 |      0 |      0 |    0 |          0 |
|   sparse_arr_feat_pool1_out_60_U                                      |                                                   hls_dummy_fifo_w8_d2_S_144 |         20 |         20 |       0 |    0 |    16 |      0 |      0 |    0 |          0 |
|   sparse_arr_feat_pool1_out_61_U                                      |                                                   hls_dummy_fifo_w8_d2_S_145 |        114 |        114 |       0 |    0 |    16 |      0 |      0 |    0 |          0 |
|   sparse_arr_feat_pool1_out_62_U                                      |                                                   hls_dummy_fifo_w8_d2_S_146 |         23 |         23 |       0 |    0 |    16 |      0 |      0 |    0 |          0 |
|   sparse_arr_feat_pool1_out_63_U                                      |                                                   hls_dummy_fifo_w8_d2_S_147 |         20 |         20 |       0 |    0 |    16 |      0 |      0 |    0 |          0 |
|   sparse_arr_feat_pool1_out_64_U                                      |                                                   hls_dummy_fifo_w8_d2_S_148 |         20 |         20 |       0 |    0 |    16 |      0 |      0 |    0 |          0 |
|   sparse_arr_feat_pool1_out_65_U                                      |                                                   hls_dummy_fifo_w8_d2_S_149 |         19 |         19 |       0 |    0 |    16 |      0 |      0 |    0 |          0 |
|   sparse_arr_feat_pool1_out_66_U                                      |                                                   hls_dummy_fifo_w8_d2_S_150 |         21 |         21 |       0 |    0 |    16 |      0 |      0 |    0 |          0 |
|   sparse_arr_feat_pool1_out_67_U                                      |                                                   hls_dummy_fifo_w8_d2_S_151 |         20 |         20 |       0 |    0 |    16 |      0 |      0 |    0 |          0 |
|   sparse_arr_feat_pool1_out_68_U                                      |                                                   hls_dummy_fifo_w8_d2_S_152 |         20 |         20 |       0 |    0 |    16 |      0 |      0 |    0 |          0 |
|   sparse_arr_feat_pool1_out_69_U                                      |                                                   hls_dummy_fifo_w8_d2_S_153 |         25 |         25 |       0 |    0 |    16 |      0 |      0 |    0 |          0 |
|   sparse_arr_feat_pool1_out_6_U                                       |                                                   hls_dummy_fifo_w8_d2_S_154 |         19 |         19 |       0 |    0 |    16 |      0 |      0 |    0 |          0 |
|   sparse_arr_feat_pool1_out_70_U                                      |                                                   hls_dummy_fifo_w8_d2_S_155 |         20 |         20 |       0 |    0 |    16 |      0 |      0 |    0 |          0 |
|   sparse_arr_feat_pool1_out_71_U                                      |                                                   hls_dummy_fifo_w8_d2_S_156 |         19 |         19 |       0 |    0 |    16 |      0 |      0 |    0 |          0 |
|   sparse_arr_feat_pool1_out_72_U                                      |                                                   hls_dummy_fifo_w8_d2_S_157 |         20 |         20 |       0 |    0 |    16 |      0 |      0 |    0 |          0 |
|   sparse_arr_feat_pool1_out_73_U                                      |                                                   hls_dummy_fifo_w8_d2_S_158 |         20 |         20 |       0 |    0 |    16 |      0 |      0 |    0 |          0 |
|   sparse_arr_feat_pool1_out_74_U                                      |                                                   hls_dummy_fifo_w8_d2_S_159 |         20 |         20 |       0 |    0 |    16 |      0 |      0 |    0 |          0 |
|   sparse_arr_feat_pool1_out_75_U                                      |                                                   hls_dummy_fifo_w8_d2_S_160 |         20 |         20 |       0 |    0 |    16 |      0 |      0 |    0 |          0 |
|   sparse_arr_feat_pool1_out_76_U                                      |                                                   hls_dummy_fifo_w8_d2_S_161 |         21 |         21 |       0 |    0 |    16 |      0 |      0 |    0 |          0 |
|   sparse_arr_feat_pool1_out_77_U                                      |                                                   hls_dummy_fifo_w8_d2_S_162 |         19 |         19 |       0 |    0 |    16 |      0 |      0 |    0 |          0 |
|   sparse_arr_feat_pool1_out_78_U                                      |                                                   hls_dummy_fifo_w8_d2_S_163 |         20 |         20 |       0 |    0 |    16 |      0 |      0 |    0 |          0 |
|   sparse_arr_feat_pool1_out_79_U                                      |                                                   hls_dummy_fifo_w8_d2_S_164 |         19 |         19 |       0 |    0 |    16 |      0 |      0 |    0 |          0 |
|   sparse_arr_feat_pool1_out_7_U                                       |                                                   hls_dummy_fifo_w8_d2_S_165 |         20 |         20 |       0 |    0 |    16 |      0 |      0 |    0 |          0 |
|   sparse_arr_feat_pool1_out_80_U                                      |                                                   hls_dummy_fifo_w8_d2_S_166 |         20 |         20 |       0 |    0 |    16 |      0 |      0 |    0 |          0 |
|   sparse_arr_feat_pool1_out_81_U                                      |                                                   hls_dummy_fifo_w8_d2_S_167 |         19 |         19 |       0 |    0 |    16 |      0 |      0 |    0 |          0 |
|   sparse_arr_feat_pool1_out_82_U                                      |                                                   hls_dummy_fifo_w8_d2_S_168 |         21 |         21 |       0 |    0 |    16 |      0 |      0 |    0 |          0 |
|   sparse_arr_feat_pool1_out_83_U                                      |                                                   hls_dummy_fifo_w8_d2_S_169 |         20 |         20 |       0 |    0 |    16 |      0 |      0 |    0 |          0 |
|   sparse_arr_feat_pool1_out_84_U                                      |                                                   hls_dummy_fifo_w8_d2_S_170 |         20 |         20 |       0 |    0 |    16 |      0 |      0 |    0 |          0 |
|   sparse_arr_feat_pool1_out_85_U                                      |                                                   hls_dummy_fifo_w8_d2_S_171 |         21 |         21 |       0 |    0 |    16 |      0 |      0 |    0 |          0 |
|   sparse_arr_feat_pool1_out_86_U                                      |                                                   hls_dummy_fifo_w8_d2_S_172 |         20 |         20 |       0 |    0 |    16 |      0 |      0 |    0 |          0 |
|   sparse_arr_feat_pool1_out_87_U                                      |                                                   hls_dummy_fifo_w8_d2_S_173 |         21 |         21 |       0 |    0 |    16 |      0 |      0 |    0 |          0 |
|   sparse_arr_feat_pool1_out_88_U                                      |                                                   hls_dummy_fifo_w8_d2_S_174 |         22 |         22 |       0 |    0 |    16 |      0 |      0 |    0 |          0 |
|   sparse_arr_feat_pool1_out_89_U                                      |                                                   hls_dummy_fifo_w8_d2_S_175 |         22 |         22 |       0 |    0 |    16 |      0 |      0 |    0 |          0 |
|   sparse_arr_feat_pool1_out_8_U                                       |                                                   hls_dummy_fifo_w8_d2_S_176 |         20 |         20 |       0 |    0 |    16 |      0 |      0 |    0 |          0 |
|   sparse_arr_feat_pool1_out_9_U                                       |                                                   hls_dummy_fifo_w8_d2_S_177 |         19 |         19 |       0 |    0 |    16 |      0 |      0 |    0 |          0 |
|   sparse_arr_feat_pool1_out_U                                         |                                                   hls_dummy_fifo_w8_d2_S_178 |         21 |         21 |       0 |    0 |    16 |      0 |      0 |    0 |          0 |
|   sparse_arr_feat_reduce_out_10_U                                     |                                                   hls_dummy_fifo_w8_d2_S_179 |       2596 |       2596 |       0 |    0 |    18 |      0 |      0 |    0 |          0 |
|   sparse_arr_feat_reduce_out_11_U                                     |                                                   hls_dummy_fifo_w8_d2_S_180 |       1892 |       1892 |       0 |    0 |    18 |      0 |      0 |    0 |          0 |
|   sparse_arr_feat_reduce_out_12_U                                     |                                                   hls_dummy_fifo_w8_d2_S_181 |        693 |        693 |       0 |    0 |    18 |      0 |      0 |    0 |          0 |
|   sparse_arr_feat_reduce_out_13_U                                     |                                                   hls_dummy_fifo_w8_d2_S_182 |       2453 |       2453 |       0 |    0 |    18 |      0 |      0 |    0 |          0 |
|   sparse_arr_feat_reduce_out_14_U                                     |                                                   hls_dummy_fifo_w8_d2_S_183 |       2406 |       2406 |       0 |    0 |    18 |      0 |      0 |    0 |          0 |
|   sparse_arr_feat_reduce_out_15_U                                     |                                                   hls_dummy_fifo_w8_d2_S_184 |       2358 |       2358 |       0 |    0 |    18 |      0 |      0 |    0 |          0 |
|   sparse_arr_feat_reduce_out_16_U                                     |                                                   hls_dummy_fifo_w8_d2_S_185 |       2310 |       2310 |       0 |    0 |    18 |      0 |      0 |    0 |          0 |
|   sparse_arr_feat_reduce_out_17_U                                     |                                                   hls_dummy_fifo_w8_d2_S_186 |       2328 |       2328 |       0 |    0 |    18 |      0 |      0 |    0 |          0 |
|   sparse_arr_feat_reduce_out_18_U                                     |                                                   hls_dummy_fifo_w8_d2_S_187 |       1161 |       1161 |       0 |    0 |    18 |      0 |      0 |    0 |          0 |
|   sparse_arr_feat_reduce_out_19_U                                     |                                                   hls_dummy_fifo_w8_d2_S_188 |       2132 |       2132 |       0 |    0 |    18 |      0 |      0 |    0 |          0 |
|   sparse_arr_feat_reduce_out_1_U                                      |                                                   hls_dummy_fifo_w8_d2_S_189 |       3026 |       3026 |       0 |    0 |    18 |      0 |      0 |    0 |          0 |
|   sparse_arr_feat_reduce_out_20_U                                     |                                                   hls_dummy_fifo_w8_d2_S_190 |       2083 |       2083 |       0 |    0 |    18 |      0 |      0 |    0 |          0 |
|   sparse_arr_feat_reduce_out_21_U                                     |                                                   hls_dummy_fifo_w8_d2_S_191 |       1200 |       1200 |       0 |    0 |    18 |      0 |      0 |    0 |          0 |
|   sparse_arr_feat_reduce_out_22_U                                     |                                                   hls_dummy_fifo_w8_d2_S_192 |       2022 |       2022 |       0 |    0 |    18 |      0 |      0 |    0 |          0 |
|   sparse_arr_feat_reduce_out_23_U                                     |                                                   hls_dummy_fifo_w8_d2_S_193 |        641 |        641 |       0 |    0 |    18 |      0 |      0 |    0 |          0 |
|   sparse_arr_feat_reduce_out_24_U                                     |                                                   hls_dummy_fifo_w8_d2_S_194 |       1373 |       1373 |       0 |    0 |    18 |      0 |      0 |    0 |          0 |
|   sparse_arr_feat_reduce_out_25_U                                     |                                                   hls_dummy_fifo_w8_d2_S_195 |       1879 |       1879 |       0 |    0 |    18 |      0 |      0 |    0 |          0 |
|   sparse_arr_feat_reduce_out_26_U                                     |                                                   hls_dummy_fifo_w8_d2_S_196 |       1849 |       1849 |       0 |    0 |    18 |      0 |      0 |    0 |          0 |
|   sparse_arr_feat_reduce_out_27_U                                     |                                                   hls_dummy_fifo_w8_d2_S_197 |       1785 |       1785 |       0 |    0 |    18 |      0 |      0 |    0 |          0 |
|   sparse_arr_feat_reduce_out_28_U                                     |                                                   hls_dummy_fifo_w8_d2_S_198 |        116 |        116 |       0 |    0 |    18 |      0 |      0 |    0 |          0 |
|   sparse_arr_feat_reduce_out_29_U                                     |                                                   hls_dummy_fifo_w8_d2_S_199 |       1654 |       1654 |       0 |    0 |    18 |      0 |      0 |    0 |          0 |
|   sparse_arr_feat_reduce_out_2_U                                      |                                                   hls_dummy_fifo_w8_d2_S_200 |       2981 |       2981 |       0 |    0 |    18 |      0 |      0 |    0 |          0 |
|   sparse_arr_feat_reduce_out_3_U                                      |                                                   hls_dummy_fifo_w8_d2_S_201 |       2932 |       2932 |       0 |    0 |    18 |      0 |      0 |    0 |          0 |
|   sparse_arr_feat_reduce_out_4_U                                      |                                                   hls_dummy_fifo_w8_d2_S_202 |       2625 |       2625 |       0 |    0 |    18 |      0 |      0 |    0 |          0 |
|   sparse_arr_feat_reduce_out_5_U                                      |                                                   hls_dummy_fifo_w8_d2_S_203 |       2800 |       2800 |       0 |    0 |    18 |      0 |      0 |    0 |          0 |
|   sparse_arr_feat_reduce_out_6_U                                      |                                                   hls_dummy_fifo_w8_d2_S_204 |        351 |        351 |       0 |    0 |    18 |      0 |      0 |    0 |          0 |
|   sparse_arr_feat_reduce_out_7_U                                      |                                                   hls_dummy_fifo_w8_d2_S_205 |       2740 |       2740 |       0 |    0 |    18 |      0 |      0 |    0 |          0 |
|   sparse_arr_feat_reduce_out_8_U                                      |                                                   hls_dummy_fifo_w8_d2_S_206 |       2693 |       2693 |       0 |    0 |    18 |      0 |      0 |    0 |          0 |
|   sparse_arr_feat_reduce_out_9_U                                      |                                                   hls_dummy_fifo_w8_d2_S_207 |       2645 |       2645 |       0 |    0 |    18 |      0 |      0 |    0 |          0 |
|   sparse_arr_feat_reduce_out_U                                        |                                                   hls_dummy_fifo_w8_d2_S_208 |       3092 |       3092 |       0 |    0 |    18 |      0 |      0 |    0 |          0 |
|   sparse_arr_hash_reduce_out_10_c22_channel_U                         |                                                       hls_dummy_fifo_w4_d2_S |        200 |        200 |       0 |    0 |    12 |      0 |      0 |    0 |          0 |
|   sparse_arr_hash_reduce_out_10_c_U                                   |                                                   hls_dummy_fifo_w4_d2_S_209 |         14 |         14 |       0 |    0 |    12 |      0 |      0 |    0 |          0 |
|   sparse_arr_hash_reduce_out_11_c23_channel_U                         |                                                   hls_dummy_fifo_w4_d2_S_210 |        256 |        256 |       0 |    0 |    12 |      0 |      0 |    0 |          0 |
|   sparse_arr_hash_reduce_out_11_c_U                                   |                                                   hls_dummy_fifo_w4_d2_S_211 |         14 |         14 |       0 |    0 |    12 |      0 |      0 |    0 |          0 |
|   sparse_arr_hash_reduce_out_12_c24_channel_U                         |                                                   hls_dummy_fifo_w4_d2_S_212 |         72 |         72 |       0 |    0 |    12 |      0 |      0 |    0 |          0 |
|   sparse_arr_hash_reduce_out_12_c_U                                   |                                                   hls_dummy_fifo_w4_d2_S_213 |         15 |         15 |       0 |    0 |    12 |      0 |      0 |    0 |          0 |
|   sparse_arr_hash_reduce_out_13_c25_channel_U                         |                                                   hls_dummy_fifo_w4_d2_S_214 |        100 |        100 |       0 |    0 |    12 |      0 |      0 |    0 |          0 |
|   sparse_arr_hash_reduce_out_13_c_U                                   |                                                   hls_dummy_fifo_w4_d2_S_215 |         14 |         14 |       0 |    0 |    12 |      0 |      0 |    0 |          0 |
|   sparse_arr_hash_reduce_out_14_c26_channel_U                         |                                                   hls_dummy_fifo_w4_d2_S_216 |         39 |         39 |       0 |    0 |    12 |      0 |      0 |    0 |          0 |
|   sparse_arr_hash_reduce_out_14_c_U                                   |                                                   hls_dummy_fifo_w4_d2_S_217 |         14 |         14 |       0 |    0 |    12 |      0 |      0 |    0 |          0 |
|   sparse_arr_hash_reduce_out_15_c27_channel_U                         |                                                   hls_dummy_fifo_w4_d2_S_218 |         60 |         60 |       0 |    0 |    12 |      0 |      0 |    0 |          0 |
|   sparse_arr_hash_reduce_out_15_c_U                                   |                                                   hls_dummy_fifo_w4_d2_S_219 |         12 |         12 |       0 |    0 |    12 |      0 |      0 |    0 |          0 |
|   sparse_arr_hash_reduce_out_16_c28_channel_U                         |                                                   hls_dummy_fifo_w4_d2_S_220 |         43 |         43 |       0 |    0 |    12 |      0 |      0 |    0 |          0 |
|   sparse_arr_hash_reduce_out_16_c_U                                   |                                                   hls_dummy_fifo_w4_d2_S_221 |         10 |         10 |       0 |    0 |    12 |      0 |      0 |    0 |          0 |
|   sparse_arr_hash_reduce_out_17_c29_channel_U                         |                                                   hls_dummy_fifo_w4_d2_S_222 |         51 |         51 |       0 |    0 |    12 |      0 |      0 |    0 |          0 |
|   sparse_arr_hash_reduce_out_17_c_U                                   |                                                   hls_dummy_fifo_w4_d2_S_223 |         10 |         10 |       0 |    0 |    12 |      0 |      0 |    0 |          0 |
|   sparse_arr_hash_reduce_out_18_c30_channel_U                         |                                                   hls_dummy_fifo_w4_d2_S_224 |         59 |         59 |       0 |    0 |    12 |      0 |      0 |    0 |          0 |
|   sparse_arr_hash_reduce_out_18_c_U                                   |                                                   hls_dummy_fifo_w4_d2_S_225 |         12 |         12 |       0 |    0 |    12 |      0 |      0 |    0 |          0 |
|   sparse_arr_hash_reduce_out_19_c31_channel_U                         |                                                   hls_dummy_fifo_w4_d2_S_226 |         41 |         41 |       0 |    0 |    12 |      0 |      0 |    0 |          0 |
|   sparse_arr_hash_reduce_out_19_c_U                                   |                                                   hls_dummy_fifo_w4_d2_S_227 |         12 |         12 |       0 |    0 |    12 |      0 |      0 |    0 |          0 |
|   sparse_arr_hash_reduce_out_1_c13_channel_U                          |                                                   hls_dummy_fifo_w4_d2_S_228 |         53 |         53 |       0 |    0 |    12 |      0 |      0 |    0 |          0 |
|   sparse_arr_hash_reduce_out_1_c_U                                    |                                                   hls_dummy_fifo_w4_d2_S_229 |         16 |         16 |       0 |    0 |    12 |      0 |      0 |    0 |          0 |
|   sparse_arr_hash_reduce_out_20_c32_channel_U                         |                                                   hls_dummy_fifo_w4_d2_S_230 |         55 |         55 |       0 |    0 |    12 |      0 |      0 |    0 |          0 |
|   sparse_arr_hash_reduce_out_20_c_U                                   |                                                   hls_dummy_fifo_w4_d2_S_231 |         10 |         10 |       0 |    0 |    12 |      0 |      0 |    0 |          0 |
|   sparse_arr_hash_reduce_out_21_c33_channel_U                         |                                                   hls_dummy_fifo_w4_d2_S_232 |         53 |         53 |       0 |    0 |    12 |      0 |      0 |    0 |          0 |
|   sparse_arr_hash_reduce_out_21_c_U                                   |                                                   hls_dummy_fifo_w4_d2_S_233 |         10 |         10 |       0 |    0 |    12 |      0 |      0 |    0 |          0 |
|   sparse_arr_hash_reduce_out_22_c34_channel_U                         |                                                   hls_dummy_fifo_w4_d2_S_234 |        167 |        167 |       0 |    0 |    12 |      0 |      0 |    0 |          0 |
|   sparse_arr_hash_reduce_out_22_c_U                                   |                                                   hls_dummy_fifo_w4_d2_S_235 |         10 |         10 |       0 |    0 |    12 |      0 |      0 |    0 |          0 |
|   sparse_arr_hash_reduce_out_23_c35_channel_U                         |                                                   hls_dummy_fifo_w4_d2_S_236 |        161 |        161 |       0 |    0 |    12 |      0 |      0 |    0 |          0 |
|   sparse_arr_hash_reduce_out_23_c_U                                   |                                                   hls_dummy_fifo_w4_d2_S_237 |         10 |         10 |       0 |    0 |    12 |      0 |      0 |    0 |          0 |
|   sparse_arr_hash_reduce_out_24_c36_channel_U                         |                                                   hls_dummy_fifo_w4_d2_S_238 |        104 |        104 |       0 |    0 |    12 |      0 |      0 |    0 |          0 |
|   sparse_arr_hash_reduce_out_24_c_U                                   |                                                   hls_dummy_fifo_w4_d2_S_239 |         11 |         11 |       0 |    0 |    12 |      0 |      0 |    0 |          0 |
|   sparse_arr_hash_reduce_out_25_c37_channel_U                         |                                                   hls_dummy_fifo_w4_d2_S_240 |        121 |        121 |       0 |    0 |    12 |      0 |      0 |    0 |          0 |
|   sparse_arr_hash_reduce_out_25_c_U                                   |                                                   hls_dummy_fifo_w4_d2_S_241 |         10 |         10 |       0 |    0 |    12 |      0 |      0 |    0 |          0 |
|   sparse_arr_hash_reduce_out_26_c38_channel_U                         |                                                   hls_dummy_fifo_w4_d2_S_242 |         45 |         45 |       0 |    0 |    12 |      0 |      0 |    0 |          0 |
|   sparse_arr_hash_reduce_out_26_c_U                                   |                                                   hls_dummy_fifo_w4_d2_S_243 |         10 |         10 |       0 |    0 |    12 |      0 |      0 |    0 |          0 |
|   sparse_arr_hash_reduce_out_27_c39_channel_U                         |                                                   hls_dummy_fifo_w4_d2_S_244 |         54 |         54 |       0 |    0 |    12 |      0 |      0 |    0 |          0 |
|   sparse_arr_hash_reduce_out_27_c_U                                   |                                                   hls_dummy_fifo_w4_d2_S_245 |         10 |         10 |       0 |    0 |    12 |      0 |      0 |    0 |          0 |
|   sparse_arr_hash_reduce_out_28_c40_channel_U                         |                                                   hls_dummy_fifo_w4_d2_S_246 |         68 |         68 |       0 |    0 |    12 |      0 |      0 |    0 |          0 |
|   sparse_arr_hash_reduce_out_28_c_U                                   |                                                   hls_dummy_fifo_w4_d2_S_247 |         10 |         10 |       0 |    0 |    12 |      0 |      0 |    0 |          0 |
|   sparse_arr_hash_reduce_out_29_c41_channel_U                         |                                                   hls_dummy_fifo_w4_d2_S_248 |         47 |         47 |       0 |    0 |    12 |      0 |      0 |    0 |          0 |
|   sparse_arr_hash_reduce_out_29_c_U                                   |                                                   hls_dummy_fifo_w4_d2_S_249 |         11 |         11 |       0 |    0 |    12 |      0 |      0 |    0 |          0 |
|   sparse_arr_hash_reduce_out_2_c14_channel_U                          |                                                   hls_dummy_fifo_w4_d2_S_250 |         39 |         39 |       0 |    0 |    12 |      0 |      0 |    0 |          0 |
|   sparse_arr_hash_reduce_out_2_c_U                                    |                                                   hls_dummy_fifo_w4_d2_S_251 |         14 |         14 |       0 |    0 |    12 |      0 |      0 |    0 |          0 |
|   sparse_arr_hash_reduce_out_30_c42_channel_U                         |                                                   hls_dummy_fifo_w4_d2_S_252 |         57 |         57 |       0 |    0 |    12 |      0 |      0 |    0 |          0 |
|   sparse_arr_hash_reduce_out_30_c_U                                   |                                                   hls_dummy_fifo_w4_d2_S_253 |         11 |         11 |       0 |    0 |    12 |      0 |      0 |    0 |          0 |
|   sparse_arr_hash_reduce_out_31_c43_channel_U                         |                                                   hls_dummy_fifo_w4_d2_S_254 |         40 |         40 |       0 |    0 |    12 |      0 |      0 |    0 |          0 |
|   sparse_arr_hash_reduce_out_31_c_U                                   |                                                   hls_dummy_fifo_w4_d2_S_255 |         10 |         10 |       0 |    0 |    12 |      0 |      0 |    0 |          0 |
|   sparse_arr_hash_reduce_out_32_c44_channel_U                         |                                                   hls_dummy_fifo_w4_d2_S_256 |         43 |         43 |       0 |    0 |    12 |      0 |      0 |    0 |          0 |
|   sparse_arr_hash_reduce_out_32_c_U                                   |                                                   hls_dummy_fifo_w4_d2_S_257 |         11 |         11 |       0 |    0 |    12 |      0 |      0 |    0 |          0 |
|   sparse_arr_hash_reduce_out_33_c45_channel_U                         |                                                   hls_dummy_fifo_w4_d2_S_258 |         57 |         57 |       0 |    0 |    12 |      0 |      0 |    0 |          0 |
|   sparse_arr_hash_reduce_out_33_c_U                                   |                                                   hls_dummy_fifo_w4_d2_S_259 |         10 |         10 |       0 |    0 |    12 |      0 |      0 |    0 |          0 |
|   sparse_arr_hash_reduce_out_34_c46_channel_U                         |                                                   hls_dummy_fifo_w4_d2_S_260 |         53 |         53 |       0 |    0 |    12 |      0 |      0 |    0 |          0 |
|   sparse_arr_hash_reduce_out_34_c_U                                   |                                                   hls_dummy_fifo_w4_d2_S_261 |         10 |         10 |       0 |    0 |    12 |      0 |      0 |    0 |          0 |
|   sparse_arr_hash_reduce_out_35_c47_channel_U                         |                                                   hls_dummy_fifo_w4_d2_S_262 |         48 |         48 |       0 |    0 |    12 |      0 |      0 |    0 |          0 |
|   sparse_arr_hash_reduce_out_35_c_U                                   |                                                   hls_dummy_fifo_w4_d2_S_263 |         10 |         10 |       0 |    0 |    12 |      0 |      0 |    0 |          0 |
|   sparse_arr_hash_reduce_out_36_c48_channel_U                         |                                                   hls_dummy_fifo_w4_d2_S_264 |         63 |         63 |       0 |    0 |    12 |      0 |      0 |    0 |          0 |
|   sparse_arr_hash_reduce_out_36_c_U                                   |                                                   hls_dummy_fifo_w4_d2_S_265 |         11 |         11 |       0 |    0 |    12 |      0 |      0 |    0 |          0 |
|   sparse_arr_hash_reduce_out_37_c49_channel_U                         |                                                   hls_dummy_fifo_w4_d2_S_266 |        100 |        100 |       0 |    0 |    12 |      0 |      0 |    0 |          0 |
|   sparse_arr_hash_reduce_out_37_c_U                                   |                                                   hls_dummy_fifo_w4_d2_S_267 |         11 |         11 |       0 |    0 |    12 |      0 |      0 |    0 |          0 |
|   sparse_arr_hash_reduce_out_38_c50_channel_U                         |                                                   hls_dummy_fifo_w4_d2_S_268 |        227 |        227 |       0 |    0 |    12 |      0 |      0 |    0 |          0 |
|   sparse_arr_hash_reduce_out_38_c_U                                   |                                                   hls_dummy_fifo_w4_d2_S_269 |         10 |         10 |       0 |    0 |    12 |      0 |      0 |    0 |          0 |
|   sparse_arr_hash_reduce_out_39_c51_channel_U                         |                                                   hls_dummy_fifo_w4_d2_S_270 |        223 |        223 |       0 |    0 |    12 |      0 |      0 |    0 |          0 |
|   sparse_arr_hash_reduce_out_39_c_U                                   |                                                   hls_dummy_fifo_w4_d2_S_271 |         10 |         10 |       0 |    0 |    12 |      0 |      0 |    0 |          0 |
|   sparse_arr_hash_reduce_out_3_c15_channel_U                          |                                                   hls_dummy_fifo_w4_d2_S_272 |         67 |         67 |       0 |    0 |    12 |      0 |      0 |    0 |          0 |
|   sparse_arr_hash_reduce_out_3_c_U                                    |                                                   hls_dummy_fifo_w4_d2_S_273 |         14 |         14 |       0 |    0 |    12 |      0 |      0 |    0 |          0 |
|   sparse_arr_hash_reduce_out_40_c52_channel_U                         |                                                   hls_dummy_fifo_w4_d2_S_274 |        209 |        209 |       0 |    0 |    12 |      0 |      0 |    0 |          0 |
|   sparse_arr_hash_reduce_out_40_c_U                                   |                                                   hls_dummy_fifo_w4_d2_S_275 |         12 |         12 |       0 |    0 |    12 |      0 |      0 |    0 |          0 |
|   sparse_arr_hash_reduce_out_41_c53_channel_U                         |                                                   hls_dummy_fifo_w4_d2_S_276 |        220 |        220 |       0 |    0 |    12 |      0 |      0 |    0 |          0 |
|   sparse_arr_hash_reduce_out_41_c_U                                   |                                                   hls_dummy_fifo_w4_d2_S_277 |         10 |         10 |       0 |    0 |    12 |      0 |      0 |    0 |          0 |
|   sparse_arr_hash_reduce_out_42_c54_channel_U                         |                                                   hls_dummy_fifo_w4_d2_S_278 |        163 |        163 |       0 |    0 |    12 |      0 |      0 |    0 |          0 |
|   sparse_arr_hash_reduce_out_42_c_U                                   |                                                   hls_dummy_fifo_w4_d2_S_279 |         11 |         11 |       0 |    0 |    12 |      0 |      0 |    0 |          0 |
|   sparse_arr_hash_reduce_out_43_c55_channel_U                         |                                                   hls_dummy_fifo_w4_d2_S_280 |        184 |        184 |       0 |    0 |    12 |      0 |      0 |    0 |          0 |
|   sparse_arr_hash_reduce_out_43_c_U                                   |                                                   hls_dummy_fifo_w4_d2_S_281 |         10 |         10 |       0 |    0 |    12 |      0 |      0 |    0 |          0 |
|   sparse_arr_hash_reduce_out_44_c56_channel_U                         |                                                   hls_dummy_fifo_w4_d2_S_282 |         68 |         68 |       0 |    0 |    12 |      0 |      0 |    0 |          0 |
|   sparse_arr_hash_reduce_out_44_c_U                                   |                                                   hls_dummy_fifo_w4_d2_S_283 |         10 |         10 |       0 |    0 |    12 |      0 |      0 |    0 |          0 |
|   sparse_arr_hash_reduce_out_45_c57_channel_U                         |                                                   hls_dummy_fifo_w4_d2_S_284 |         47 |         47 |       0 |    0 |    12 |      0 |      0 |    0 |          0 |
|   sparse_arr_hash_reduce_out_45_c_U                                   |                                                   hls_dummy_fifo_w4_d2_S_285 |         10 |         10 |       0 |    0 |    12 |      0 |      0 |    0 |          0 |
|   sparse_arr_hash_reduce_out_46_c58_channel_U                         |                                                   hls_dummy_fifo_w4_d2_S_286 |         82 |         82 |       0 |    0 |    12 |      0 |      0 |    0 |          0 |
|   sparse_arr_hash_reduce_out_46_c_U                                   |                                                   hls_dummy_fifo_w4_d2_S_287 |         10 |         10 |       0 |    0 |    12 |      0 |      0 |    0 |          0 |
|   sparse_arr_hash_reduce_out_47_c59_channel_U                         |                                                   hls_dummy_fifo_w4_d2_S_288 |         86 |         86 |       0 |    0 |    12 |      0 |      0 |    0 |          0 |
|   sparse_arr_hash_reduce_out_47_c_U                                   |                                                   hls_dummy_fifo_w4_d2_S_289 |         11 |         11 |       0 |    0 |    12 |      0 |      0 |    0 |          0 |
|   sparse_arr_hash_reduce_out_48_c60_channel_U                         |                                                   hls_dummy_fifo_w4_d2_S_290 |        151 |        151 |       0 |    0 |    12 |      0 |      0 |    0 |          0 |
|   sparse_arr_hash_reduce_out_48_c_U                                   |                                                   hls_dummy_fifo_w4_d2_S_291 |         13 |         13 |       0 |    0 |    12 |      0 |      0 |    0 |          0 |
|   sparse_arr_hash_reduce_out_49_c61_channel_U                         |                                                   hls_dummy_fifo_w4_d2_S_292 |        171 |        171 |       0 |    0 |    12 |      0 |      0 |    0 |          0 |
|   sparse_arr_hash_reduce_out_49_c_U                                   |                                                   hls_dummy_fifo_w4_d2_S_293 |         10 |         10 |       0 |    0 |    12 |      0 |      0 |    0 |          0 |
|   sparse_arr_hash_reduce_out_4_c16_channel_U                          |                                                   hls_dummy_fifo_w4_d2_S_294 |         44 |         44 |       0 |    0 |    12 |      0 |      0 |    0 |          0 |
|   sparse_arr_hash_reduce_out_4_c_U                                    |                                                   hls_dummy_fifo_w4_d2_S_295 |         15 |         15 |       0 |    0 |    12 |      0 |      0 |    0 |          0 |
|   sparse_arr_hash_reduce_out_50_c62_channel_U                         |                                                   hls_dummy_fifo_w4_d2_S_296 |         42 |         42 |       0 |    0 |    12 |      0 |      0 |    0 |          0 |
|   sparse_arr_hash_reduce_out_50_c_U                                   |                                                   hls_dummy_fifo_w4_d2_S_297 |         10 |         10 |       0 |    0 |    12 |      0 |      0 |    0 |          0 |
|   sparse_arr_hash_reduce_out_51_c63_channel_U                         |                                                   hls_dummy_fifo_w4_d2_S_298 |         39 |         39 |       0 |    0 |    12 |      0 |      0 |    0 |          0 |
|   sparse_arr_hash_reduce_out_51_c_U                                   |                                                   hls_dummy_fifo_w4_d2_S_299 |         10 |         10 |       0 |    0 |    12 |      0 |      0 |    0 |          0 |
|   sparse_arr_hash_reduce_out_52_c64_channel_U                         |                                                   hls_dummy_fifo_w4_d2_S_300 |         56 |         56 |       0 |    0 |    12 |      0 |      0 |    0 |          0 |
|   sparse_arr_hash_reduce_out_52_c_U                                   |                                                   hls_dummy_fifo_w4_d2_S_301 |         11 |         11 |       0 |    0 |    12 |      0 |      0 |    0 |          0 |
|   sparse_arr_hash_reduce_out_53_c65_channel_U                         |                                                   hls_dummy_fifo_w4_d2_S_302 |         48 |         48 |       0 |    0 |    12 |      0 |      0 |    0 |          0 |
|   sparse_arr_hash_reduce_out_53_c_U                                   |                                                   hls_dummy_fifo_w4_d2_S_303 |         10 |         10 |       0 |    0 |    12 |      0 |      0 |    0 |          0 |
|   sparse_arr_hash_reduce_out_54_c66_channel_U                         |                                                   hls_dummy_fifo_w4_d2_S_304 |         50 |         50 |       0 |    0 |    12 |      0 |      0 |    0 |          0 |
|   sparse_arr_hash_reduce_out_54_c_U                                   |                                                   hls_dummy_fifo_w4_d2_S_305 |         11 |         11 |       0 |    0 |    12 |      0 |      0 |    0 |          0 |
|   sparse_arr_hash_reduce_out_55_c67_channel_U                         |                                                   hls_dummy_fifo_w4_d2_S_306 |         46 |         46 |       0 |    0 |    12 |      0 |      0 |    0 |          0 |
|   sparse_arr_hash_reduce_out_55_c_U                                   |                                                   hls_dummy_fifo_w4_d2_S_307 |         10 |         10 |       0 |    0 |    12 |      0 |      0 |    0 |          0 |
|   sparse_arr_hash_reduce_out_56_c68_channel_U                         |                                                   hls_dummy_fifo_w4_d2_S_308 |         59 |         59 |       0 |    0 |    12 |      0 |      0 |    0 |          0 |
|   sparse_arr_hash_reduce_out_56_c_U                                   |                                                   hls_dummy_fifo_w4_d2_S_309 |         11 |         11 |       0 |    0 |    12 |      0 |      0 |    0 |          0 |
|   sparse_arr_hash_reduce_out_57_c69_channel_U                         |                                                   hls_dummy_fifo_w4_d2_S_310 |         68 |         68 |       0 |    0 |    12 |      0 |      0 |    0 |          0 |
|   sparse_arr_hash_reduce_out_57_c_U                                   |                                                   hls_dummy_fifo_w4_d2_S_311 |         10 |         10 |       0 |    0 |    12 |      0 |      0 |    0 |          0 |
|   sparse_arr_hash_reduce_out_58_c70_channel_U                         |                                                   hls_dummy_fifo_w4_d2_S_312 |        191 |        191 |       0 |    0 |    12 |      0 |      0 |    0 |          0 |
|   sparse_arr_hash_reduce_out_58_c_U                                   |                                                   hls_dummy_fifo_w4_d2_S_313 |         10 |         10 |       0 |    0 |    12 |      0 |      0 |    0 |          0 |
|   sparse_arr_hash_reduce_out_59_c71_channel_U                         |                                                   hls_dummy_fifo_w4_d2_S_314 |        255 |        255 |       0 |    0 |    12 |      0 |      0 |    0 |          0 |
|   sparse_arr_hash_reduce_out_59_c_U                                   |                                                   hls_dummy_fifo_w4_d2_S_315 |         10 |         10 |       0 |    0 |    12 |      0 |      0 |    0 |          0 |
|   sparse_arr_hash_reduce_out_5_c17_channel_U                          |                                                   hls_dummy_fifo_w4_d2_S_316 |         57 |         57 |       0 |    0 |    12 |      0 |      0 |    0 |          0 |
|   sparse_arr_hash_reduce_out_5_c_U                                    |                                                   hls_dummy_fifo_w4_d2_S_317 |         14 |         14 |       0 |    0 |    12 |      0 |      0 |    0 |          0 |
|   sparse_arr_hash_reduce_out_6_c18_channel_U                          |                                                   hls_dummy_fifo_w4_d2_S_318 |         28 |         28 |       0 |    0 |    12 |      0 |      0 |    0 |          0 |
|   sparse_arr_hash_reduce_out_6_c_U                                    |                                                   hls_dummy_fifo_w4_d2_S_319 |         14 |         14 |       0 |    0 |    12 |      0 |      0 |    0 |          0 |
|   sparse_arr_hash_reduce_out_7_c19_channel_U                          |                                                   hls_dummy_fifo_w4_d2_S_320 |         68 |         68 |       0 |    0 |    12 |      0 |      0 |    0 |          0 |
|   sparse_arr_hash_reduce_out_7_c_U                                    |                                                   hls_dummy_fifo_w4_d2_S_321 |         16 |         16 |       0 |    0 |    12 |      0 |      0 |    0 |          0 |
|   sparse_arr_hash_reduce_out_8_c20_channel_U                          |                                                   hls_dummy_fifo_w4_d2_S_322 |        199 |        199 |       0 |    0 |    12 |      0 |      0 |    0 |          0 |
|   sparse_arr_hash_reduce_out_8_c_U                                    |                                                   hls_dummy_fifo_w4_d2_S_323 |         14 |         14 |       0 |    0 |    12 |      0 |      0 |    0 |          0 |
|   sparse_arr_hash_reduce_out_9_c21_channel_U                          |                                                   hls_dummy_fifo_w4_d2_S_324 |        222 |        222 |       0 |    0 |    12 |      0 |      0 |    0 |          0 |
|   sparse_arr_hash_reduce_out_9_c_U                                    |                                                   hls_dummy_fifo_w4_d2_S_325 |         14 |         14 |       0 |    0 |    12 |      0 |      0 |    0 |          0 |
|   sparse_arr_hash_reduce_out_c12_channel_U                            |                                                   hls_dummy_fifo_w4_d2_S_326 |         64 |         64 |       0 |    0 |    12 |      0 |      0 |    0 |          0 |
|   sparse_arr_hash_reduce_out_c_U                                      |                                                   hls_dummy_fifo_w4_d2_S_327 |         14 |         14 |       0 |    0 |    12 |      0 |      0 |    0 |          0 |
|   sparse_conv_ap_fixed_ap_fixed_ap_uint_ap_fixed_ap_fixed_30_1_3_3_U0 | hls_dummy_sparse_conv_ap_fixed_ap_fixed_ap_uint_ap_fixed_ap_fixed_30_1_3_3_s |     153625 |     153625 |       0 |    0 | 32602 |      0 |      0 |    0 |          0 |
|   sparse_input_reduce_ap_fixed_8_2_5_3_0_ap_uint_10_10_10_1_30_4_U0   |     hls_dummy_sparse_input_reduce_ap_fixed_8_2_5_3_0_ap_uint_10_10_10_1_30_4 |       2537 |       2537 |       0 |    0 |  1564 |      0 |      0 |    0 |          0 |
|   sparse_pooling_avg_ap_fixed_ap_fixed_8_2_5_3_0_ap_uint_10_30_3_2_U0 | hls_dummy_sparse_pooling_avg_ap_fixed_ap_fixed_8_2_5_3_0_ap_uint_10_30_3_2_s |      19467 |      19467 |       0 |    0 | 10168 |      0 |      0 |    0 |          0 |
+-----------------------------------------------------------------------+------------------------------------------------------------------------------+------------+------------+---------+------+-------+--------+--------+------+------------+


