Copyright 1986-2020 Xilinx, Inc. All Rights Reserved.
-----------------------------------------------------------------------------------------------
| Tool Version : Vivado v.2020.1 (lin64) Build 2902540 Wed May 27 19:54:35 MDT 2020
| Date         : Sat Aug 30 21:49:41 2025
| Host         : coder-hftsoi-hls1 running 64-bit Ubuntu 20.04.6 LTS
| Command      : report_utilization -file vivado_synth.rpt -hierarchical -hierarchical_depth 1
| Design       : myhls
| Device       : xcu250figd2104-2L
| Design State : Optimized
-----------------------------------------------------------------------------------------------

Utilization Design Information

Table of Contents
-----------------
1. Utilization by Hierarchy

1. Utilization by Hierarchy
---------------------------

+--------------------------------------------------------------------------------------+----------------------------------------------------------------------------------+------------+------------+---------+------+-------+--------+--------+------+------------+
|                                       Instance                                       |                                      Module                                      | Total LUTs | Logic LUTs | LUTRAMs | SRLs |  FFs  | RAMB36 | RAMB18 | URAM | DSP Blocks |
+--------------------------------------------------------------------------------------+----------------------------------------------------------------------------------+------------+------------+---------+------+-------+--------+--------+------+------------+
| myhls                                                                                |                                                                            (top) |      59614 |      58762 |       0 |  852 | 26609 |     20 |      5 |    0 |          6 |
|   (myhls)                                                                            |                                                                            (top) |       4577 |       4577 |       0 |    0 |     0 |      0 |      0 |    0 |          0 |
|   conv_2d_cl_array_ap_ufixed_1u_array_ap_fixed_24_14_5_3_0_3u_config2_U0             |            conv_2d_cl_array_ap_ufixed_1u_array_ap_fixed_24_14_5_3_0_3u_config2_s |       4654 |       4452 |       0 |  202 |  3445 |      0 |      0 |    0 |          0 |
|   conv_2d_cl_array_ap_ufixed_3u_array_ap_fixed_25_18_5_3_0_1u_config5_U0             |            conv_2d_cl_array_ap_ufixed_3u_array_ap_fixed_25_18_5_3_0_1u_config5_s |       3633 |       3031 |       0 |  602 |  6965 |      0 |      0 |    0 |          0 |
|   dense_array_ap_ufixed_1u_array_ap_fixed_25_18_5_3_0_20u_config10_U0                |               dense_array_ap_ufixed_1u_array_ap_fixed_25_18_5_3_0_20u_config10_s |      42813 |      42813 |       0 |    0 | 13399 |      0 |      0 |    0 |          1 |
|   dense_array_ap_ufixed_20u_array_ap_fixed_22_8_5_3_0_5u_config13_U0                 |                dense_array_ap_ufixed_20u_array_ap_fixed_22_8_5_3_0_5u_config13_s |       1175 |       1175 |       0 |    0 |   239 |      0 |      0 |    0 |          0 |
|   layer10_out_V_data_0_V_U                                                           |                                                                    fifo_w25_d1_A |         38 |         38 |       0 |    0 |    26 |      0 |      0 |    0 |          0 |
|   layer10_out_V_data_10_V_U                                                          |                                                                  fifo_w25_d1_A_0 |         60 |         60 |       0 |    0 |    26 |      0 |      0 |    0 |          0 |
|   layer10_out_V_data_11_V_U                                                          |                                                                  fifo_w25_d1_A_1 |         38 |         38 |       0 |    0 |    26 |      0 |      0 |    0 |          0 |
|   layer10_out_V_data_12_V_U                                                          |                                                                  fifo_w25_d1_A_2 |         38 |         38 |       0 |    0 |    26 |      0 |      0 |    0 |          0 |
|   layer10_out_V_data_13_V_U                                                          |                                                                  fifo_w25_d1_A_3 |         39 |         39 |       0 |    0 |    25 |      0 |      0 |    0 |          0 |
|   layer10_out_V_data_14_V_U                                                          |                                                                  fifo_w25_d1_A_4 |         39 |         39 |       0 |    0 |    27 |      0 |      0 |    0 |          0 |
|   layer10_out_V_data_15_V_U                                                          |                                                                  fifo_w25_d1_A_5 |         38 |         38 |       0 |    0 |    27 |      0 |      0 |    0 |          0 |
|   layer10_out_V_data_16_V_U                                                          |                                                                  fifo_w25_d1_A_6 |         38 |         38 |       0 |    0 |    26 |      0 |      0 |    0 |          0 |
|   layer10_out_V_data_17_V_U                                                          |                                                                  fifo_w25_d1_A_7 |         38 |         38 |       0 |    0 |    27 |      0 |      0 |    0 |          0 |
|   layer10_out_V_data_18_V_U                                                          |                                                                  fifo_w25_d1_A_8 |         38 |         38 |       0 |    0 |    20 |      0 |      0 |    0 |          0 |
|   layer10_out_V_data_19_V_U                                                          |                                                                  fifo_w25_d1_A_9 |         38 |         38 |       0 |    0 |    26 |      0 |      0 |    0 |          0 |
|   layer10_out_V_data_1_V_U                                                           |                                                                 fifo_w25_d1_A_10 |         38 |         38 |       0 |    0 |    26 |      0 |      0 |    0 |          0 |
|   layer10_out_V_data_2_V_U                                                           |                                                                 fifo_w25_d1_A_11 |         39 |         39 |       0 |    0 |    26 |      0 |      0 |    0 |          0 |
|   layer10_out_V_data_3_V_U                                                           |                                                                 fifo_w25_d1_A_12 |         39 |         39 |       0 |    0 |    27 |      0 |      0 |    0 |          0 |
|   layer10_out_V_data_4_V_U                                                           |                                                                 fifo_w25_d1_A_13 |         38 |         38 |       0 |    0 |    26 |      0 |      0 |    0 |          0 |
|   layer10_out_V_data_5_V_U                                                           |                                                                 fifo_w25_d1_A_14 |         37 |         37 |       0 |    0 |    23 |      0 |      0 |    0 |          0 |
|   layer10_out_V_data_6_V_U                                                           |                                                                 fifo_w25_d1_A_15 |         38 |         38 |       0 |    0 |    26 |      0 |      0 |    0 |          0 |
|   layer10_out_V_data_7_V_U                                                           |                                                                 fifo_w25_d1_A_16 |         39 |         39 |       0 |    0 |    26 |      0 |      0 |    0 |          0 |
|   layer10_out_V_data_8_V_U                                                           |                                                                 fifo_w25_d1_A_17 |         47 |         47 |       0 |    0 |    27 |      0 |      0 |    0 |          0 |
|   layer10_out_V_data_9_V_U                                                           |                                                                 fifo_w25_d1_A_18 |         39 |         39 |       0 |    0 |    27 |      0 |      0 |    0 |          0 |
|   layer12_out_V_data_0_V_U                                                           |                                                                     fifo_w8_d1_A |          8 |          8 |       0 |    0 |    12 |      0 |      0 |    0 |          0 |
|   layer12_out_V_data_10_V_U                                                          |                                                                  fifo_w8_d1_A_19 |          7 |          7 |       0 |    0 |    12 |      0 |      0 |    0 |          0 |
|   layer12_out_V_data_11_V_U                                                          |                                                                  fifo_w8_d1_A_20 |          7 |          7 |       0 |    0 |    12 |      0 |      0 |    0 |          0 |
|   layer12_out_V_data_12_V_U                                                          |                                                                  fifo_w8_d1_A_21 |          7 |          7 |       0 |    0 |    12 |      0 |      0 |    0 |          0 |
|   layer12_out_V_data_13_V_U                                                          |                                                                  fifo_w8_d1_A_22 |          7 |          7 |       0 |    0 |    12 |      0 |      0 |    0 |          0 |
|   layer12_out_V_data_14_V_U                                                          |                                                                  fifo_w8_d1_A_23 |          8 |          8 |       0 |    0 |    12 |      0 |      0 |    0 |          0 |
|   layer12_out_V_data_15_V_U                                                          |                                                                  fifo_w8_d1_A_24 |          7 |          7 |       0 |    0 |    12 |      0 |      0 |    0 |          0 |
|   layer12_out_V_data_16_V_U                                                          |                                                                  fifo_w8_d1_A_25 |          7 |          7 |       0 |    0 |    12 |      0 |      0 |    0 |          0 |
|   layer12_out_V_data_17_V_U                                                          |                                                                  fifo_w8_d1_A_26 |          8 |          8 |       0 |    0 |    12 |      0 |      0 |    0 |          0 |
|   layer12_out_V_data_18_V_U                                                          |                                                                  fifo_w8_d1_A_27 |          7 |          7 |       0 |    0 |    12 |      0 |      0 |    0 |          0 |
|   layer12_out_V_data_19_V_U                                                          |                                                                  fifo_w8_d1_A_28 |          7 |          7 |       0 |    0 |    12 |      0 |      0 |    0 |          0 |
|   layer12_out_V_data_1_V_U                                                           |                                                                  fifo_w8_d1_A_29 |          7 |          7 |       0 |    0 |    12 |      0 |      0 |    0 |          0 |
|   layer12_out_V_data_2_V_U                                                           |                                                                  fifo_w8_d1_A_30 |          7 |          7 |       0 |    0 |    12 |      0 |      0 |    0 |          0 |
|   layer12_out_V_data_3_V_U                                                           |                                                                  fifo_w8_d1_A_31 |          9 |          9 |       0 |    0 |    12 |      0 |      0 |    0 |          0 |
|   layer12_out_V_data_4_V_U                                                           |                                                                  fifo_w8_d1_A_32 |         10 |         10 |       0 |    0 |    12 |      0 |      0 |    0 |          0 |
|   layer12_out_V_data_5_V_U                                                           |                                                                  fifo_w8_d1_A_33 |          7 |          7 |       0 |    0 |    12 |      0 |      0 |    0 |          0 |
|   layer12_out_V_data_6_V_U                                                           |                                                                  fifo_w8_d1_A_34 |          8 |          8 |       0 |    0 |    12 |      0 |      0 |    0 |          0 |
|   layer12_out_V_data_7_V_U                                                           |                                                                  fifo_w8_d1_A_35 |          7 |          7 |       0 |    0 |    12 |      0 |      0 |    0 |          0 |
|   layer12_out_V_data_8_V_U                                                           |                                                                  fifo_w8_d1_A_36 |          7 |          7 |       0 |    0 |    12 |      0 |      0 |    0 |          0 |
|   layer12_out_V_data_9_V_U                                                           |                                                                  fifo_w8_d1_A_37 |          7 |          7 |       0 |    0 |    12 |      0 |      0 |    0 |          0 |
|   layer13_out_V_data_0_V_U                                                           |                                                                    fifo_w22_d1_A |         25 |         25 |       0 |    0 |    19 |      0 |      0 |    0 |          0 |
|   layer13_out_V_data_1_V_U                                                           |                                                                 fifo_w22_d1_A_38 |         15 |         15 |       0 |    0 |    19 |      0 |      0 |    0 |          0 |
|   layer13_out_V_data_2_V_U                                                           |                                                                 fifo_w22_d1_A_39 |         49 |         49 |       0 |    0 |    19 |      0 |      0 |    0 |          0 |
|   layer13_out_V_data_3_V_U                                                           |                                                                 fifo_w22_d1_A_40 |         18 |         18 |       0 |    0 |    19 |      0 |      0 |    0 |          0 |
|   layer13_out_V_data_4_V_U                                                           |                                                                 fifo_w22_d1_A_41 |          6 |          6 |       0 |    0 |    19 |      0 |      0 |    0 |          0 |
|   layer16_out_V_data_0_V_U                                                           |                                                                  fifo_w8_d4096_A |         51 |         51 |       0 |    0 |    56 |      1 |      0 |    0 |          0 |
|   layer17_out_V_data_0_V_U                                                           |                                                               fifo_w8_d4096_A_42 |         50 |         50 |       0 |    0 |    56 |      1 |      0 |    0 |          0 |
|   layer17_out_V_data_1_V_U                                                           |                                                               fifo_w8_d4096_A_43 |         50 |         50 |       0 |    0 |    56 |      1 |      0 |    0 |          0 |
|   layer17_out_V_data_2_V_U                                                           |                                                               fifo_w8_d4096_A_44 |         49 |         49 |       0 |    0 |    56 |      1 |      0 |    0 |          0 |
|   layer2_out_V_data_0_V_U                                                            |                                                                 fifo_w24_d3136_A |         89 |         89 |       0 |    0 |    84 |      3 |      0 |    0 |          0 |
|   layer2_out_V_data_1_V_U                                                            |                                                              fifo_w24_d3136_A_45 |         89 |         89 |       0 |    0 |    84 |      3 |      0 |    0 |          0 |
|   layer2_out_V_data_2_V_U                                                            |                                                              fifo_w24_d3136_A_46 |         89 |         89 |       0 |    0 |    83 |      3 |      0 |    0 |          0 |
|   layer4_out_V_data_0_V_U                                                            |                                                                  fifo_w8_d3136_A |         51 |         51 |       0 |    0 |    56 |      1 |      0 |    0 |          0 |
|   layer4_out_V_data_1_V_U                                                            |                                                               fifo_w8_d3136_A_47 |         51 |         51 |       0 |    0 |    56 |      1 |      0 |    0 |          0 |
|   layer4_out_V_data_2_V_U                                                            |                                                               fifo_w8_d3136_A_48 |         51 |         51 |       0 |    0 |    56 |      1 |      0 |    0 |          0 |
|   layer5_out_V_data_0_V_U                                                            |                                                                 fifo_w25_d3136_A |         94 |         94 |       0 |    0 |    82 |      3 |      0 |    0 |          0 |
|   layer7_out_V_data_0_V_U                                                            |                                                               fifo_w8_d3136_A_49 |         46 |         46 |       0 |    0 |    56 |      1 |      0 |    0 |          0 |
|   layer8_out_V_data_0_V_U                                                            |                                                                   fifo_w8_d196_A |         39 |         39 |       0 |    0 |    44 |      0 |      1 |    0 |          0 |
|   pooling2d_cl_array_ap_ufixed_1u_array_ap_ufixed_8_4_4_0_0_1u_config8_U0            |           pooling2d_cl_array_ap_ufixed_1u_array_ap_ufixed_8_4_4_0_0_1u_config8_s |        442 |        394 |       0 |   48 |   334 |      0 |      0 |    0 |          0 |
|   relu_array_ap_fixed_1u_array_ap_ufixed_8_4_4_0_0_1u_relu_config7_U0                |               relu_array_ap_fixed_1u_array_ap_ufixed_8_4_4_0_0_1u_relu_config7_s |         19 |         19 |       0 |    0 |    19 |      0 |      0 |    0 |          0 |
|   relu_array_ap_fixed_20u_array_ap_ufixed_8_4_4_0_0_20u_relu_config12_U0             |            relu_array_ap_fixed_20u_array_ap_ufixed_8_4_4_0_0_20u_relu_config12_s |          2 |          2 |       0 |    0 |     1 |      0 |      0 |    0 |          0 |
|   relu_array_ap_fixed_3u_array_ap_ufixed_8_4_4_0_0_3u_relu_config4_U0                |               relu_array_ap_fixed_3u_array_ap_ufixed_8_4_4_0_0_3u_relu_config4_s |         26 |         26 |       0 |    0 |    45 |      0 |      0 |    0 |          0 |
|   softmax_array_array_ap_fixed_16_6_5_3_0_5u_softmax_config15_U0                     |                    softmax_array_array_ap_fixed_16_6_5_3_0_5u_softmax_config15_s |        292 |        292 |       0 |    0 |   308 |      0 |      4 |    0 |          5 |
|   start_for_conv_2d_cl_array_ap_ufixed_1u_array_ap_fixed_24_14_5_3_0_3u_config2Lf8_U | start_for_conv_2d_cl_array_ap_ufixed_1u_array_ap_fixed_24_14_5_3_0_3u_config2Lf8 |          6 |          6 |       0 |    0 |     4 |      0 |      0 |    0 |          0 |
|   start_for_conv_2d_cl_array_ap_ufixed_3u_array_ap_fixed_25_18_5_3_0_1u_config5Mgi_U | start_for_conv_2d_cl_array_ap_ufixed_3u_array_ap_fixed_25_18_5_3_0_1u_config5Mgi |          6 |          6 |       0 |    0 |     4 |      0 |      0 |    0 |          0 |
|   start_for_dense_array_ap_ufixed_1u_array_ap_fixed_25_18_5_3_0_20u_config10_U0_U    |    start_for_dense_array_ap_ufixed_1u_array_ap_fixed_25_18_5_3_0_20u_config10_U0 |          6 |          6 |       0 |    0 |     4 |      0 |      0 |    0 |          0 |
|   start_for_dense_array_ap_ufixed_20u_array_ap_fixed_22_8_5_3_0_5u_config13_U0_U     |     start_for_dense_array_ap_ufixed_20u_array_ap_fixed_22_8_5_3_0_5u_config13_U0 |          7 |          7 |       0 |    0 |     4 |      0 |      0 |    0 |          0 |
|   start_for_pooling2d_cl_array_ap_ufixed_1u_array_ap_ufixed_8_4_4_0_0_1u_configNgs_U | start_for_pooling2d_cl_array_ap_ufixed_1u_array_ap_ufixed_8_4_4_0_0_1u_configNgs |          6 |          6 |       0 |    0 |     4 |      0 |      0 |    0 |          0 |
|   start_for_relu_array_ap_fixed_1u_array_ap_ufixed_8_4_4_0_0_1u_relu_config7_U0_U    |    start_for_relu_array_ap_fixed_1u_array_ap_ufixed_8_4_4_0_0_1u_relu_config7_U0 |          6 |          6 |       0 |    0 |     4 |      0 |      0 |    0 |          0 |
|   start_for_relu_array_ap_fixed_20u_array_ap_ufixed_8_4_4_0_0_20u_relu_config12OgC_U | start_for_relu_array_ap_fixed_20u_array_ap_ufixed_8_4_4_0_0_20u_relu_config12OgC |          6 |          6 |       0 |    0 |     4 |      0 |      0 |    0 |          0 |
|   start_for_relu_array_ap_fixed_3u_array_ap_ufixed_8_4_4_0_0_3u_relu_config4_U0_U    |    start_for_relu_array_ap_fixed_3u_array_ap_ufixed_8_4_4_0_0_3u_relu_config4_U0 |          5 |          5 |       0 |    0 |     4 |      0 |      0 |    0 |          0 |
|   start_for_softmax_array_array_ap_fixed_16_6_5_3_0_5u_softmax_config15_U0_U         |         start_for_softmax_array_array_ap_fixed_16_6_5_3_0_5u_softmax_config15_U0 |          4 |          4 |       0 |    0 |     4 |      0 |      0 |    0 |          0 |
|   start_for_zeropad2d_cl_array_array_ap_ufixed_8_4_4_0_0_3u_config17_U0_U            |            start_for_zeropad2d_cl_array_array_ap_ufixed_8_4_4_0_0_3u_config17_U0 |          7 |          7 |       0 |    0 |     4 |      0 |      0 |    0 |          0 |
|   zeropad2d_cl_array_array_ap_ufixed_8_1_5_3_0_1u_config16_U0                        |                       zeropad2d_cl_array_array_ap_ufixed_8_1_5_3_0_1u_config16_s |         67 |         67 |       0 |    0 |    78 |      0 |      0 |    0 |          0 |
|   zeropad2d_cl_array_array_ap_ufixed_8_4_4_0_0_3u_config17_U0                        |                       zeropad2d_cl_array_array_ap_ufixed_8_4_4_0_0_3u_config17_s |         76 |         76 |       0 |    0 |    60 |      0 |      0 |    0 |          0 |
+--------------------------------------------------------------------------------------+----------------------------------------------------------------------------------+------------+------------+---------+------+-------+--------+--------+------+------------+


