Copyright 1986-2022 Xilinx, Inc. All Rights Reserved. Copyright 2022-2023 Advanced Micro Devices, Inc. All Rights Reserved.
---------------------------------------------------------------------------------------------------------------------------------------------
| Tool Version : Vivado v.2023.1 (lin64) Build 3865809 Sun May  7 15:04:56 MDT 2023
| Date         : Wed Jul  9 04:30:22 2025
| Host         : coder-hftsoi-hls running 64-bit Ubuntu 20.04.6 LTS
| Command      : report_utilization -file vivado_synth.rpt -hierarchical -hierarchical_depth 1
| Design       : hls_dummy
| Device       : xcu250-figd2104-2L-e
| Speed File   : -2L
| Design State : Optimized
---------------------------------------------------------------------------------------------------------------------------------------------

Utilization Design Information

Table of Contents
-----------------
1. Utilization by Hierarchy

1. Utilization by Hierarchy
---------------------------

+---------------------------------------------------------------------+----------------------------------------------------------------------------+------------+------------+---------+------+------+--------+--------+------+------------+
|                               Instance                              |                                   Module                                   | Total LUTs | Logic LUTs | LUTRAMs | SRLs |  FFs | RAMB36 | RAMB18 | URAM | DSP Blocks |
+---------------------------------------------------------------------+----------------------------------------------------------------------------+------------+------------+---------+------+------+--------+--------+------+------------+
| hls_dummy                                                           |                                                                      (top) |      17747 |      17727 |       0 |   20 | 6994 |      0 |      0 |    0 |          0 |
|   (hls_dummy)                                                       |                                                                      (top) |          0 |          0 |       0 |    0 |  100 |      0 |      0 |    0 |          0 |
|   Block_entry28_proc_U0                                             |                                               hls_dummy_Block_entry28_proc |          0 |          0 |       0 |    0 |  600 |      0 |      0 |    0 |          0 |
|   flatten_out_10_U                                                  |                                                    hls_dummy_fifo_w10_d2_S |         25 |         25 |       0 |    0 |   24 |      0 |      0 |    0 |          0 |
|   flatten_out_11_U                                                  |                                                  hls_dummy_fifo_w10_d2_S_0 |         25 |         25 |       0 |    0 |   24 |      0 |      0 |    0 |          0 |
|   flatten_out_12_U                                                  |                                                  hls_dummy_fifo_w10_d2_S_1 |         25 |         25 |       0 |    0 |   24 |      0 |      0 |    0 |          0 |
|   flatten_out_13_U                                                  |                                                  hls_dummy_fifo_w10_d2_S_2 |         30 |         30 |       0 |    0 |   24 |      0 |      0 |    0 |          0 |
|   flatten_out_14_U                                                  |                                                  hls_dummy_fifo_w10_d2_S_3 |         26 |         26 |       0 |    0 |   24 |      0 |      0 |    0 |          0 |
|   flatten_out_15_U                                                  |                                                  hls_dummy_fifo_w10_d2_S_4 |         25 |         25 |       0 |    0 |   24 |      0 |      0 |    0 |          0 |
|   flatten_out_16_U                                                  |                                                  hls_dummy_fifo_w10_d2_S_5 |         25 |         25 |       0 |    0 |   24 |      0 |      0 |    0 |          0 |
|   flatten_out_17_U                                                  |                                                  hls_dummy_fifo_w10_d2_S_6 |         25 |         25 |       0 |    0 |   24 |      0 |      0 |    0 |          0 |
|   flatten_out_18_U                                                  |                                                  hls_dummy_fifo_w10_d2_S_7 |         26 |         26 |       0 |    0 |   24 |      0 |      0 |    0 |          0 |
|   flatten_out_19_U                                                  |                                                  hls_dummy_fifo_w10_d2_S_8 |         27 |         27 |       0 |    0 |   24 |      0 |      0 |    0 |          0 |
|   flatten_out_1_U                                                   |                                                  hls_dummy_fifo_w10_d2_S_9 |         27 |         27 |       0 |    0 |   24 |      0 |      0 |    0 |          0 |
|   flatten_out_20_U                                                  |                                                 hls_dummy_fifo_w10_d2_S_10 |         25 |         25 |       0 |    0 |   24 |      0 |      0 |    0 |          0 |
|   flatten_out_21_U                                                  |                                                 hls_dummy_fifo_w10_d2_S_11 |         26 |         26 |       0 |    0 |   24 |      0 |      0 |    0 |          0 |
|   flatten_out_22_U                                                  |                                                 hls_dummy_fifo_w10_d2_S_12 |         26 |         26 |       0 |    0 |   24 |      0 |      0 |    0 |          0 |
|   flatten_out_23_U                                                  |                                                 hls_dummy_fifo_w10_d2_S_13 |         26 |         26 |       0 |    0 |   24 |      0 |      0 |    0 |          0 |
|   flatten_out_24_U                                                  |                                                 hls_dummy_fifo_w10_d2_S_14 |         26 |         26 |       0 |    0 |   24 |      0 |      0 |    0 |          0 |
|   flatten_out_25_U                                                  |                                                 hls_dummy_fifo_w10_d2_S_15 |         25 |         25 |       0 |    0 |   24 |      0 |      0 |    0 |          0 |
|   flatten_out_26_U                                                  |                                                 hls_dummy_fifo_w10_d2_S_16 |         29 |         29 |       0 |    0 |   24 |      0 |      0 |    0 |          0 |
|   flatten_out_27_U                                                  |                                                 hls_dummy_fifo_w10_d2_S_17 |         27 |         27 |       0 |    0 |   24 |      0 |      0 |    0 |          0 |
|   flatten_out_28_U                                                  |                                                 hls_dummy_fifo_w10_d2_S_18 |         31 |         31 |       0 |    0 |   24 |      0 |      0 |    0 |          0 |
|   flatten_out_29_U                                                  |                                                 hls_dummy_fifo_w10_d2_S_19 |         26 |         26 |       0 |    0 |   24 |      0 |      0 |    0 |          0 |
|   flatten_out_2_U                                                   |                                                 hls_dummy_fifo_w10_d2_S_20 |         26 |         26 |       0 |    0 |   24 |      0 |      0 |    0 |          0 |
|   flatten_out_30_U                                                  |                                                 hls_dummy_fifo_w10_d2_S_21 |         26 |         26 |       0 |    0 |   24 |      0 |      0 |    0 |          0 |
|   flatten_out_31_U                                                  |                                                 hls_dummy_fifo_w10_d2_S_22 |         25 |         25 |       0 |    0 |   24 |      0 |      0 |    0 |          0 |
|   flatten_out_32_U                                                  |                                                 hls_dummy_fifo_w10_d2_S_23 |         25 |         25 |       0 |    0 |   24 |      0 |      0 |    0 |          0 |
|   flatten_out_33_U                                                  |                                                 hls_dummy_fifo_w10_d2_S_24 |         26 |         26 |       0 |    0 |   24 |      0 |      0 |    0 |          0 |
|   flatten_out_34_U                                                  |                                                 hls_dummy_fifo_w10_d2_S_25 |         26 |         26 |       0 |    0 |   24 |      0 |      0 |    0 |          0 |
|   flatten_out_35_U                                                  |                                                 hls_dummy_fifo_w10_d2_S_26 |         25 |         25 |       0 |    0 |   24 |      0 |      0 |    0 |          0 |
|   flatten_out_36_U                                                  |                                                 hls_dummy_fifo_w10_d2_S_27 |         26 |         26 |       0 |    0 |   24 |      0 |      0 |    0 |          0 |
|   flatten_out_37_U                                                  |                                                 hls_dummy_fifo_w10_d2_S_28 |         27 |         27 |       0 |    0 |   24 |      0 |      0 |    0 |          0 |
|   flatten_out_38_U                                                  |                                                 hls_dummy_fifo_w10_d2_S_29 |         25 |         25 |       0 |    0 |   24 |      0 |      0 |    0 |          0 |
|   flatten_out_39_U                                                  |                                                 hls_dummy_fifo_w10_d2_S_30 |         25 |         25 |       0 |    0 |   24 |      0 |      0 |    0 |          0 |
|   flatten_out_3_U                                                   |                                                 hls_dummy_fifo_w10_d2_S_31 |         26 |         26 |       0 |    0 |   24 |      0 |      0 |    0 |          0 |
|   flatten_out_40_U                                                  |                                                 hls_dummy_fifo_w10_d2_S_32 |         26 |         26 |       0 |    0 |   24 |      0 |      0 |    0 |          0 |
|   flatten_out_41_U                                                  |                                                 hls_dummy_fifo_w10_d2_S_33 |         25 |         25 |       0 |    0 |   24 |      0 |      0 |    0 |          0 |
|   flatten_out_42_U                                                  |                                                 hls_dummy_fifo_w10_d2_S_34 |         28 |         28 |       0 |    0 |   24 |      0 |      0 |    0 |          0 |
|   flatten_out_43_U                                                  |                                                 hls_dummy_fifo_w10_d2_S_35 |         25 |         25 |       0 |    0 |   24 |      0 |      0 |    0 |          0 |
|   flatten_out_44_U                                                  |                                                 hls_dummy_fifo_w10_d2_S_36 |         25 |         25 |       0 |    0 |   24 |      0 |      0 |    0 |          0 |
|   flatten_out_45_U                                                  |                                                 hls_dummy_fifo_w10_d2_S_37 |         26 |         26 |       0 |    0 |   24 |      0 |      0 |    0 |          0 |
|   flatten_out_46_U                                                  |                                                 hls_dummy_fifo_w10_d2_S_38 |         26 |         26 |       0 |    0 |   24 |      0 |      0 |    0 |          0 |
|   flatten_out_47_U                                                  |                                                 hls_dummy_fifo_w10_d2_S_39 |         26 |         26 |       0 |    0 |   24 |      0 |      0 |    0 |          0 |
|   flatten_out_48_U                                                  |                                                 hls_dummy_fifo_w10_d2_S_40 |         26 |         26 |       0 |    0 |   24 |      0 |      0 |    0 |          0 |
|   flatten_out_49_U                                                  |                                                 hls_dummy_fifo_w10_d2_S_41 |         27 |         27 |       0 |    0 |   24 |      0 |      0 |    0 |          0 |
|   flatten_out_4_U                                                   |                                                 hls_dummy_fifo_w10_d2_S_42 |         26 |         26 |       0 |    0 |   24 |      0 |      0 |    0 |          0 |
|   flatten_out_50_U                                                  |                                                 hls_dummy_fifo_w10_d2_S_43 |         26 |         26 |       0 |    0 |   24 |      0 |      0 |    0 |          0 |
|   flatten_out_51_U                                                  |                                                 hls_dummy_fifo_w10_d2_S_44 |         26 |         26 |       0 |    0 |   24 |      0 |      0 |    0 |          0 |
|   flatten_out_52_U                                                  |                                                 hls_dummy_fifo_w10_d2_S_45 |         26 |         26 |       0 |    0 |   24 |      0 |      0 |    0 |          0 |
|   flatten_out_53_U                                                  |                                                 hls_dummy_fifo_w10_d2_S_46 |         26 |         26 |       0 |    0 |   24 |      0 |      0 |    0 |          0 |
|   flatten_out_54_U                                                  |                                                 hls_dummy_fifo_w10_d2_S_47 |         26 |         26 |       0 |    0 |   24 |      0 |      0 |    0 |          0 |
|   flatten_out_55_U                                                  |                                                 hls_dummy_fifo_w10_d2_S_48 |         26 |         26 |       0 |    0 |   24 |      0 |      0 |    0 |          0 |
|   flatten_out_56_U                                                  |                                                 hls_dummy_fifo_w10_d2_S_49 |         25 |         25 |       0 |    0 |   24 |      0 |      0 |    0 |          0 |
|   flatten_out_57_U                                                  |                                                 hls_dummy_fifo_w10_d2_S_50 |         26 |         26 |       0 |    0 |   24 |      0 |      0 |    0 |          0 |
|   flatten_out_58_U                                                  |                                                 hls_dummy_fifo_w10_d2_S_51 |         26 |         26 |       0 |    0 |   24 |      0 |      0 |    0 |          0 |
|   flatten_out_59_U                                                  |                                                 hls_dummy_fifo_w10_d2_S_52 |         26 |         26 |       0 |    0 |   24 |      0 |      0 |    0 |          0 |
|   flatten_out_5_U                                                   |                                                 hls_dummy_fifo_w10_d2_S_53 |         25 |         25 |       0 |    0 |   24 |      0 |      0 |    0 |          0 |
|   flatten_out_6_U                                                   |                                                 hls_dummy_fifo_w10_d2_S_54 |         26 |         26 |       0 |    0 |   24 |      0 |      0 |    0 |          0 |
|   flatten_out_7_U                                                   |                                                 hls_dummy_fifo_w10_d2_S_55 |         26 |         26 |       0 |    0 |   24 |      0 |      0 |    0 |          0 |
|   flatten_out_8_U                                                   |                                                 hls_dummy_fifo_w10_d2_S_56 |         26 |         26 |       0 |    0 |   24 |      0 |      0 |    0 |          0 |
|   flatten_out_9_U                                                   |                                                 hls_dummy_fifo_w10_d2_S_57 |         27 |         27 |       0 |    0 |   24 |      0 |      0 |    0 |          0 |
|   flatten_out_U                                                     |                                                 hls_dummy_fifo_w10_d2_S_58 |         26 |         26 |       0 |    0 |   24 |      0 |      0 |    0 |          0 |
|   sparse_arr_feat_conv1_out_1_U                                     |                                                 hls_dummy_fifo_w10_d2_S_59 |         15 |         15 |       0 |    0 |   24 |      0 |      0 |    0 |          0 |
|   sparse_arr_feat_conv1_out_2_U                                     |                                                 hls_dummy_fifo_w10_d2_S_60 |         16 |         16 |       0 |    0 |   24 |      0 |      0 |    0 |          0 |
|   sparse_arr_feat_conv1_out_3_U                                     |                                                 hls_dummy_fifo_w10_d2_S_61 |         15 |         15 |       0 |    0 |   24 |      0 |      0 |    0 |          0 |
|   sparse_arr_feat_conv1_out_4_U                                     |                                                 hls_dummy_fifo_w10_d2_S_62 |         16 |         16 |       0 |    0 |   24 |      0 |      0 |    0 |          0 |
|   sparse_arr_feat_conv1_out_5_U                                     |                                                 hls_dummy_fifo_w10_d2_S_63 |         15 |         15 |       0 |    0 |   24 |      0 |      0 |    0 |          0 |
|   sparse_arr_feat_conv1_out_6_U                                     |                                                 hls_dummy_fifo_w10_d2_S_64 |         16 |         16 |       0 |    0 |   24 |      0 |      0 |    0 |          0 |
|   sparse_arr_feat_conv1_out_7_U                                     |                                                 hls_dummy_fifo_w10_d2_S_65 |         15 |         15 |       0 |    0 |   24 |      0 |      0 |    0 |          0 |
|   sparse_arr_feat_conv1_out_8_U                                     |                                                 hls_dummy_fifo_w10_d2_S_66 |         15 |         15 |       0 |    0 |   24 |      0 |      0 |    0 |          0 |
|   sparse_arr_feat_conv1_out_9_U                                     |                                                 hls_dummy_fifo_w10_d2_S_67 |         16 |         16 |       0 |    0 |   24 |      0 |      0 |    0 |          0 |
|   sparse_arr_feat_conv1_out_U                                       |                                                 hls_dummy_fifo_w10_d2_S_68 |         15 |         15 |       0 |    0 |   24 |      0 |      0 |    0 |          0 |
|   sparse_arr_feat_reduce_out_1_U                                    |                                                 hls_dummy_fifo_w10_d2_S_69 |        604 |        604 |       0 |    0 |   22 |      0 |      0 |    0 |          0 |
|   sparse_arr_feat_reduce_out_2_U                                    |                                                 hls_dummy_fifo_w10_d2_S_70 |        589 |        589 |       0 |    0 |   22 |      0 |      0 |    0 |          0 |
|   sparse_arr_feat_reduce_out_3_U                                    |                                                 hls_dummy_fifo_w10_d2_S_71 |        570 |        570 |       0 |    0 |   22 |      0 |      0 |    0 |          0 |
|   sparse_arr_feat_reduce_out_4_U                                    |                                                 hls_dummy_fifo_w10_d2_S_72 |        568 |        568 |       0 |    0 |   22 |      0 |      0 |    0 |          0 |
|   sparse_arr_feat_reduce_out_5_U                                    |                                                 hls_dummy_fifo_w10_d2_S_73 |        568 |        568 |       0 |    0 |   22 |      0 |      0 |    0 |          0 |
|   sparse_arr_feat_reduce_out_6_U                                    |                                                 hls_dummy_fifo_w10_d2_S_74 |        563 |        563 |       0 |    0 |   22 |      0 |      0 |    0 |          0 |
|   sparse_arr_feat_reduce_out_7_U                                    |                                                 hls_dummy_fifo_w10_d2_S_75 |        577 |        577 |       0 |    0 |   22 |      0 |      0 |    0 |          0 |
|   sparse_arr_feat_reduce_out_8_U                                    |                                                 hls_dummy_fifo_w10_d2_S_76 |        609 |        609 |       0 |    0 |   22 |      0 |      0 |    0 |          0 |
|   sparse_arr_feat_reduce_out_9_U                                    |                                                 hls_dummy_fifo_w10_d2_S_77 |        596 |        596 |       0 |    0 |   22 |      0 |      0 |    0 |          0 |
|   sparse_arr_feat_reduce_out_U                                      |                                                 hls_dummy_fifo_w10_d2_S_78 |        601 |        601 |       0 |    0 |   22 |      0 |      0 |    0 |          0 |
|   sparse_arr_hash_reduce_out_10_c22_channel_U                       |                                                     hls_dummy_fifo_w3_d2_S |         31 |         31 |       0 |    0 |   10 |      0 |      0 |    0 |          0 |
|   sparse_arr_hash_reduce_out_10_c_U                                 |                                                  hls_dummy_fifo_w3_d2_S_79 |         10 |         10 |       0 |    0 |   10 |      0 |      0 |    0 |          0 |
|   sparse_arr_hash_reduce_out_11_c23_channel_U                       |                                                  hls_dummy_fifo_w3_d2_S_80 |         30 |         30 |       0 |    0 |   10 |      0 |      0 |    0 |          0 |
|   sparse_arr_hash_reduce_out_11_c_U                                 |                                                  hls_dummy_fifo_w3_d2_S_81 |          9 |          9 |       0 |    0 |   10 |      0 |      0 |    0 |          0 |
|   sparse_arr_hash_reduce_out_12_c24_channel_U                       |                                                  hls_dummy_fifo_w3_d2_S_82 |         29 |         29 |       0 |    0 |   10 |      0 |      0 |    0 |          0 |
|   sparse_arr_hash_reduce_out_12_c_U                                 |                                                  hls_dummy_fifo_w3_d2_S_83 |         11 |         11 |       0 |    0 |   10 |      0 |      0 |    0 |          0 |
|   sparse_arr_hash_reduce_out_13_c25_channel_U                       |                                                  hls_dummy_fifo_w3_d2_S_84 |         30 |         30 |       0 |    0 |   10 |      0 |      0 |    0 |          0 |
|   sparse_arr_hash_reduce_out_13_c_U                                 |                                                  hls_dummy_fifo_w3_d2_S_85 |          9 |          9 |       0 |    0 |   10 |      0 |      0 |    0 |          0 |
|   sparse_arr_hash_reduce_out_14_c26_channel_U                       |                                                  hls_dummy_fifo_w3_d2_S_86 |         29 |         29 |       0 |    0 |   10 |      0 |      0 |    0 |          0 |
|   sparse_arr_hash_reduce_out_14_c_U                                 |                                                  hls_dummy_fifo_w3_d2_S_87 |          9 |          9 |       0 |    0 |   10 |      0 |      0 |    0 |          0 |
|   sparse_arr_hash_reduce_out_15_c27_channel_U                       |                                                  hls_dummy_fifo_w3_d2_S_88 |         30 |         30 |       0 |    0 |   10 |      0 |      0 |    0 |          0 |
|   sparse_arr_hash_reduce_out_15_c_U                                 |                                                  hls_dummy_fifo_w3_d2_S_89 |         10 |         10 |       0 |    0 |   10 |      0 |      0 |    0 |          0 |
|   sparse_arr_hash_reduce_out_16_c28_channel_U                       |                                                  hls_dummy_fifo_w3_d2_S_90 |         27 |         27 |       0 |    0 |   10 |      0 |      0 |    0 |          0 |
|   sparse_arr_hash_reduce_out_16_c_U                                 |                                                  hls_dummy_fifo_w3_d2_S_91 |         14 |         14 |       0 |    0 |   10 |      0 |      0 |    0 |          0 |
|   sparse_arr_hash_reduce_out_17_c29_channel_U                       |                                                  hls_dummy_fifo_w3_d2_S_92 |         29 |         29 |       0 |    0 |   10 |      0 |      0 |    0 |          0 |
|   sparse_arr_hash_reduce_out_17_c_U                                 |                                                  hls_dummy_fifo_w3_d2_S_93 |         12 |         12 |       0 |    0 |   10 |      0 |      0 |    0 |          0 |
|   sparse_arr_hash_reduce_out_18_c30_channel_U                       |                                                  hls_dummy_fifo_w3_d2_S_94 |         28 |         28 |       0 |    0 |   10 |      0 |      0 |    0 |          0 |
|   sparse_arr_hash_reduce_out_18_c_U                                 |                                                  hls_dummy_fifo_w3_d2_S_95 |          9 |          9 |       0 |    0 |   10 |      0 |      0 |    0 |          0 |
|   sparse_arr_hash_reduce_out_19_c31_channel_U                       |                                                  hls_dummy_fifo_w3_d2_S_96 |         28 |         28 |       0 |    0 |   10 |      0 |      0 |    0 |          0 |
|   sparse_arr_hash_reduce_out_19_c_U                                 |                                                  hls_dummy_fifo_w3_d2_S_97 |          9 |          9 |       0 |    0 |   10 |      0 |      0 |    0 |          0 |
|   sparse_arr_hash_reduce_out_1_c13_channel_U                        |                                                  hls_dummy_fifo_w3_d2_S_98 |         35 |         35 |       0 |    0 |   10 |      0 |      0 |    0 |          0 |
|   sparse_arr_hash_reduce_out_1_c_U                                  |                                                  hls_dummy_fifo_w3_d2_S_99 |         10 |         10 |       0 |    0 |   10 |      0 |      0 |    0 |          0 |
|   sparse_arr_hash_reduce_out_2_c14_channel_U                        |                                                 hls_dummy_fifo_w3_d2_S_100 |         34 |         34 |       0 |    0 |   10 |      0 |      0 |    0 |          0 |
|   sparse_arr_hash_reduce_out_2_c_U                                  |                                                 hls_dummy_fifo_w3_d2_S_101 |          9 |          9 |       0 |    0 |   10 |      0 |      0 |    0 |          0 |
|   sparse_arr_hash_reduce_out_3_c15_channel_U                        |                                                 hls_dummy_fifo_w3_d2_S_102 |         34 |         34 |       0 |    0 |   10 |      0 |      0 |    0 |          0 |
|   sparse_arr_hash_reduce_out_3_c_U                                  |                                                 hls_dummy_fifo_w3_d2_S_103 |          9 |          9 |       0 |    0 |   10 |      0 |      0 |    0 |          0 |
|   sparse_arr_hash_reduce_out_4_c16_channel_U                        |                                                 hls_dummy_fifo_w3_d2_S_104 |         36 |         36 |       0 |    0 |   10 |      0 |      0 |    0 |          0 |
|   sparse_arr_hash_reduce_out_4_c_U                                  |                                                 hls_dummy_fifo_w3_d2_S_105 |          9 |          9 |       0 |    0 |   10 |      0 |      0 |    0 |          0 |
|   sparse_arr_hash_reduce_out_5_c17_channel_U                        |                                                 hls_dummy_fifo_w3_d2_S_106 |         35 |         35 |       0 |    0 |   10 |      0 |      0 |    0 |          0 |
|   sparse_arr_hash_reduce_out_5_c_U                                  |                                                 hls_dummy_fifo_w3_d2_S_107 |          9 |          9 |       0 |    0 |   10 |      0 |      0 |    0 |          0 |
|   sparse_arr_hash_reduce_out_6_c18_channel_U                        |                                                 hls_dummy_fifo_w3_d2_S_108 |         34 |         34 |       0 |    0 |   10 |      0 |      0 |    0 |          0 |
|   sparse_arr_hash_reduce_out_6_c_U                                  |                                                 hls_dummy_fifo_w3_d2_S_109 |          9 |          9 |       0 |    0 |   10 |      0 |      0 |    0 |          0 |
|   sparse_arr_hash_reduce_out_7_c19_channel_U                        |                                                 hls_dummy_fifo_w3_d2_S_110 |         32 |         32 |       0 |    0 |   10 |      0 |      0 |    0 |          0 |
|   sparse_arr_hash_reduce_out_7_c_U                                  |                                                 hls_dummy_fifo_w3_d2_S_111 |         10 |         10 |       0 |    0 |   10 |      0 |      0 |    0 |          0 |
|   sparse_arr_hash_reduce_out_8_c20_channel_U                        |                                                 hls_dummy_fifo_w3_d2_S_112 |         32 |         32 |       0 |    0 |   10 |      0 |      0 |    0 |          0 |
|   sparse_arr_hash_reduce_out_8_c_U                                  |                                                 hls_dummy_fifo_w3_d2_S_113 |          9 |          9 |       0 |    0 |   10 |      0 |      0 |    0 |          0 |
|   sparse_arr_hash_reduce_out_9_c21_channel_U                        |                                                 hls_dummy_fifo_w3_d2_S_114 |         33 |         33 |       0 |    0 |   10 |      0 |      0 |    0 |          0 |
|   sparse_arr_hash_reduce_out_9_c_U                                  |                                                 hls_dummy_fifo_w3_d2_S_115 |          9 |          9 |       0 |    0 |   10 |      0 |      0 |    0 |          0 |
|   sparse_arr_hash_reduce_out_c12_channel_U                          |                                                 hls_dummy_fifo_w3_d2_S_116 |         37 |         37 |       0 |    0 |   10 |      0 |      0 |    0 |          0 |
|   sparse_arr_hash_reduce_out_c_U                                    |                                                 hls_dummy_fifo_w3_d2_S_117 |         10 |         10 |       0 |    0 |   10 |      0 |      0 |    0 |          0 |
|   sparse_conv_ap_fixed_ap_fixed_ap_uint_ap_fixed_ap_fixed_10_1_1_U0 | hls_dummy_sparse_conv_ap_fixed_ap_fixed_ap_uint_ap_fixed_ap_fixed_10_1_1_s |       4729 |       4729 |       0 |    0 |  954 |      0 |      0 |    0 |          0 |
|   sparse_flatten_ap_fixed_10_2_5_3_0_ap_uint_10_10_6_1_10_U0        |        hls_dummy_sparse_flatten_ap_fixed_10_2_5_3_0_ap_uint_10_10_6_1_10_s |       3246 |       3226 |       0 |   20 | 2062 |      0 |      0 |    0 |          0 |
|   sparse_input_reduce_ap_fixed_10_2_5_3_0_ap_uint_10_10_6_1_10_4_U0 |   hls_dummy_sparse_input_reduce_ap_fixed_10_2_5_3_0_ap_uint_10_10_6_1_10_4 |       1572 |       1572 |       0 |    0 |  978 |      0 |      0 |    0 |          0 |
+---------------------------------------------------------------------+----------------------------------------------------------------------------+------------+------------+---------+------+------+--------+--------+------+------------+


