Copyright 1986-2022 Xilinx, Inc. All Rights Reserved. Copyright 2022-2023 Advanced Micro Devices, Inc. All Rights Reserved.
---------------------------------------------------------------------------------------------------------------------------------------------
| Tool Version : Vivado v.2023.1 (lin64) Build 3865809 Sun May  7 15:04:56 MDT 2023
| Date         : Tue Sep  9 02:12:07 2025
| Host         : coder-hftsoi-hls1 running 64-bit Ubuntu 20.04.6 LTS
| Command      : report_utilization -file vivado_synth.rpt -hierarchical -hierarchical_depth 1
| Design       : hls_dummy
| Device       : xcu250-figd2104-2L-e
| Speed File   : -2L
| Design State : Optimized
---------------------------------------------------------------------------------------------------------------------------------------------

Utilization Design Information

Table of Contents
-----------------
1. Utilization by Hierarchy

1. Utilization by Hierarchy
---------------------------

+-----------------------------------------------------------------------+------------------------------------------------------------------------------+------------+------------+---------+------+-------+--------+--------+------+------------+
|                                Instance                               |                                    Module                                    | Total LUTs | Logic LUTs | LUTRAMs | SRLs |  FFs  | RAMB36 | RAMB18 | URAM | DSP Blocks |
+-----------------------------------------------------------------------+------------------------------------------------------------------------------+------------+------------+---------+------+-------+--------+--------+------+------------+
| hls_dummy                                                             |                                                                        (top) |     125689 |     125689 |       0 |    0 | 38445 |      0 |      0 |    0 |       5400 |
|   (hls_dummy)                                                         |                                                                        (top) |          0 |          0 |       0 |    0 |   210 |      0 |      0 |    0 |          0 |
|   Block_entry28_proc_U0                                               |                                                 hls_dummy_Block_entry28_proc |          0 |          0 |       0 |    0 |   960 |      0 |      0 |    0 |          0 |
|   sparse_arr_feat_conv1_out_10_U                                      |                                                      hls_dummy_fifo_w16_d2_S |         26 |         26 |       0 |    0 |    36 |      0 |      0 |    0 |          0 |
|   sparse_arr_feat_conv1_out_11_U                                      |                                                    hls_dummy_fifo_w16_d2_S_0 |         25 |         25 |       0 |    0 |    36 |      0 |      0 |    0 |          0 |
|   sparse_arr_feat_conv1_out_12_U                                      |                                                    hls_dummy_fifo_w16_d2_S_1 |         26 |         26 |       0 |    0 |    36 |      0 |      0 |    0 |          0 |
|   sparse_arr_feat_conv1_out_13_U                                      |                                                    hls_dummy_fifo_w16_d2_S_2 |         25 |         25 |       0 |    0 |    36 |      0 |      0 |    0 |          0 |
|   sparse_arr_feat_conv1_out_14_U                                      |                                                    hls_dummy_fifo_w16_d2_S_3 |         26 |         26 |       0 |    0 |    36 |      0 |      0 |    0 |          0 |
|   sparse_arr_feat_conv1_out_15_U                                      |                                                    hls_dummy_fifo_w16_d2_S_4 |         25 |         25 |       0 |    0 |    36 |      0 |      0 |    0 |          0 |
|   sparse_arr_feat_conv1_out_16_U                                      |                                                    hls_dummy_fifo_w16_d2_S_5 |         26 |         26 |       0 |    0 |    36 |      0 |      0 |    0 |          0 |
|   sparse_arr_feat_conv1_out_17_U                                      |                                                    hls_dummy_fifo_w16_d2_S_6 |         24 |         24 |       0 |    0 |    36 |      0 |      0 |    0 |          0 |
|   sparse_arr_feat_conv1_out_18_U                                      |                                                    hls_dummy_fifo_w16_d2_S_7 |         27 |         27 |       0 |    0 |    36 |      0 |      0 |    0 |          0 |
|   sparse_arr_feat_conv1_out_19_U                                      |                                                    hls_dummy_fifo_w16_d2_S_8 |         25 |         25 |       0 |    0 |    36 |      0 |      0 |    0 |          0 |
|   sparse_arr_feat_conv1_out_1_U                                       |                                                    hls_dummy_fifo_w16_d2_S_9 |         24 |         24 |       0 |    0 |    36 |      0 |      0 |    0 |          0 |
|   sparse_arr_feat_conv1_out_20_U                                      |                                                   hls_dummy_fifo_w16_d2_S_10 |         25 |         25 |       0 |    0 |    36 |      0 |      0 |    0 |          0 |
|   sparse_arr_feat_conv1_out_21_U                                      |                                                   hls_dummy_fifo_w16_d2_S_11 |         24 |         24 |       0 |    0 |    36 |      0 |      0 |    0 |          0 |
|   sparse_arr_feat_conv1_out_22_U                                      |                                                   hls_dummy_fifo_w16_d2_S_12 |         27 |         27 |       0 |    0 |    36 |      0 |      0 |    0 |          0 |
|   sparse_arr_feat_conv1_out_23_U                                      |                                                   hls_dummy_fifo_w16_d2_S_13 |         25 |         25 |       0 |    0 |    36 |      0 |      0 |    0 |          0 |
|   sparse_arr_feat_conv1_out_24_U                                      |                                                   hls_dummy_fifo_w16_d2_S_14 |         26 |         26 |       0 |    0 |    36 |      0 |      0 |    0 |          0 |
|   sparse_arr_feat_conv1_out_25_U                                      |                                                   hls_dummy_fifo_w16_d2_S_15 |         27 |         27 |       0 |    0 |    36 |      0 |      0 |    0 |          0 |
|   sparse_arr_feat_conv1_out_26_U                                      |                                                   hls_dummy_fifo_w16_d2_S_16 |         26 |         26 |       0 |    0 |    36 |      0 |      0 |    0 |          0 |
|   sparse_arr_feat_conv1_out_27_U                                      |                                                   hls_dummy_fifo_w16_d2_S_17 |         25 |         25 |       0 |    0 |    36 |      0 |      0 |    0 |          0 |
|   sparse_arr_feat_conv1_out_28_U                                      |                                                   hls_dummy_fifo_w16_d2_S_18 |         26 |         26 |       0 |    0 |    36 |      0 |      0 |    0 |          0 |
|   sparse_arr_feat_conv1_out_29_U                                      |                                                   hls_dummy_fifo_w16_d2_S_19 |         25 |         25 |       0 |    0 |    36 |      0 |      0 |    0 |          0 |
|   sparse_arr_feat_conv1_out_2_U                                       |                                                   hls_dummy_fifo_w16_d2_S_20 |         26 |         26 |       0 |    0 |    36 |      0 |      0 |    0 |          0 |
|   sparse_arr_feat_conv1_out_30_U                                      |                                                   hls_dummy_fifo_w16_d2_S_21 |         26 |         26 |       0 |    0 |    36 |      0 |      0 |    0 |          0 |
|   sparse_arr_feat_conv1_out_31_U                                      |                                                   hls_dummy_fifo_w16_d2_S_22 |         28 |         28 |       0 |    0 |    36 |      0 |      0 |    0 |          0 |
|   sparse_arr_feat_conv1_out_32_U                                      |                                                   hls_dummy_fifo_w16_d2_S_23 |         26 |         26 |       0 |    0 |    36 |      0 |      0 |    0 |          0 |
|   sparse_arr_feat_conv1_out_33_U                                      |                                                   hls_dummy_fifo_w16_d2_S_24 |         27 |         27 |       0 |    0 |    36 |      0 |      0 |    0 |          0 |
|   sparse_arr_feat_conv1_out_34_U                                      |                                                   hls_dummy_fifo_w16_d2_S_25 |         25 |         25 |       0 |    0 |    36 |      0 |      0 |    0 |          0 |
|   sparse_arr_feat_conv1_out_35_U                                      |                                                   hls_dummy_fifo_w16_d2_S_26 |         24 |         24 |       0 |    0 |    36 |      0 |      0 |    0 |          0 |
|   sparse_arr_feat_conv1_out_36_U                                      |                                                   hls_dummy_fifo_w16_d2_S_27 |         25 |         25 |       0 |    0 |    36 |      0 |      0 |    0 |          0 |
|   sparse_arr_feat_conv1_out_37_U                                      |                                                   hls_dummy_fifo_w16_d2_S_28 |         25 |         25 |       0 |    0 |    36 |      0 |      0 |    0 |          0 |
|   sparse_arr_feat_conv1_out_38_U                                      |                                                   hls_dummy_fifo_w16_d2_S_29 |         25 |         25 |       0 |    0 |    36 |      0 |      0 |    0 |          0 |
|   sparse_arr_feat_conv1_out_39_U                                      |                                                   hls_dummy_fifo_w16_d2_S_30 |         25 |         25 |       0 |    0 |    36 |      0 |      0 |    0 |          0 |
|   sparse_arr_feat_conv1_out_3_U                                       |                                                   hls_dummy_fifo_w16_d2_S_31 |         25 |         25 |       0 |    0 |    36 |      0 |      0 |    0 |          0 |
|   sparse_arr_feat_conv1_out_40_U                                      |                                                   hls_dummy_fifo_w16_d2_S_32 |         26 |         26 |       0 |    0 |    36 |      0 |      0 |    0 |          0 |
|   sparse_arr_feat_conv1_out_41_U                                      |                                                   hls_dummy_fifo_w16_d2_S_33 |         24 |         24 |       0 |    0 |    36 |      0 |      0 |    0 |          0 |
|   sparse_arr_feat_conv1_out_42_U                                      |                                                   hls_dummy_fifo_w16_d2_S_34 |         28 |         28 |       0 |    0 |    36 |      0 |      0 |    0 |          0 |
|   sparse_arr_feat_conv1_out_43_U                                      |                                                   hls_dummy_fifo_w16_d2_S_35 |         24 |         24 |       0 |    0 |    36 |      0 |      0 |    0 |          0 |
|   sparse_arr_feat_conv1_out_44_U                                      |                                                   hls_dummy_fifo_w16_d2_S_36 |         25 |         25 |       0 |    0 |    36 |      0 |      0 |    0 |          0 |
|   sparse_arr_feat_conv1_out_45_U                                      |                                                   hls_dummy_fifo_w16_d2_S_37 |         25 |         25 |       0 |    0 |    36 |      0 |      0 |    0 |          0 |
|   sparse_arr_feat_conv1_out_46_U                                      |                                                   hls_dummy_fifo_w16_d2_S_38 |         25 |         25 |       0 |    0 |    36 |      0 |      0 |    0 |          0 |
|   sparse_arr_feat_conv1_out_47_U                                      |                                                   hls_dummy_fifo_w16_d2_S_39 |         24 |         24 |       0 |    0 |    36 |      0 |      0 |    0 |          0 |
|   sparse_arr_feat_conv1_out_48_U                                      |                                                   hls_dummy_fifo_w16_d2_S_40 |         26 |         26 |       0 |    0 |    36 |      0 |      0 |    0 |          0 |
|   sparse_arr_feat_conv1_out_49_U                                      |                                                   hls_dummy_fifo_w16_d2_S_41 |         26 |         26 |       0 |    0 |    36 |      0 |      0 |    0 |          0 |
|   sparse_arr_feat_conv1_out_4_U                                       |                                                   hls_dummy_fifo_w16_d2_S_42 |         29 |         29 |       0 |    0 |    36 |      0 |      0 |    0 |          0 |
|   sparse_arr_feat_conv1_out_50_U                                      |                                                   hls_dummy_fifo_w16_d2_S_43 |         27 |         27 |       0 |    0 |    36 |      0 |      0 |    0 |          0 |
|   sparse_arr_feat_conv1_out_51_U                                      |                                                   hls_dummy_fifo_w16_d2_S_44 |         25 |         25 |       0 |    0 |    36 |      0 |      0 |    0 |          0 |
|   sparse_arr_feat_conv1_out_52_U                                      |                                                   hls_dummy_fifo_w16_d2_S_45 |         26 |         26 |       0 |    0 |    36 |      0 |      0 |    0 |          0 |
|   sparse_arr_feat_conv1_out_53_U                                      |                                                   hls_dummy_fifo_w16_d2_S_46 |         26 |         26 |       0 |    0 |    36 |      0 |      0 |    0 |          0 |
|   sparse_arr_feat_conv1_out_54_U                                      |                                                   hls_dummy_fifo_w16_d2_S_47 |         27 |         27 |       0 |    0 |    36 |      0 |      0 |    0 |          0 |
|   sparse_arr_feat_conv1_out_55_U                                      |                                                   hls_dummy_fifo_w16_d2_S_48 |         24 |         24 |       0 |    0 |    36 |      0 |      0 |    0 |          0 |
|   sparse_arr_feat_conv1_out_56_U                                      |                                                   hls_dummy_fifo_w16_d2_S_49 |         25 |         25 |       0 |    0 |    36 |      0 |      0 |    0 |          0 |
|   sparse_arr_feat_conv1_out_57_U                                      |                                                   hls_dummy_fifo_w16_d2_S_50 |         24 |         24 |       0 |    0 |    36 |      0 |      0 |    0 |          0 |
|   sparse_arr_feat_conv1_out_58_U                                      |                                                   hls_dummy_fifo_w16_d2_S_51 |         26 |         26 |       0 |    0 |    36 |      0 |      0 |    0 |          0 |
|   sparse_arr_feat_conv1_out_59_U                                      |                                                   hls_dummy_fifo_w16_d2_S_52 |         25 |         25 |       0 |    0 |    36 |      0 |      0 |    0 |          0 |
|   sparse_arr_feat_conv1_out_5_U                                       |                                                   hls_dummy_fifo_w16_d2_S_53 |         24 |         24 |       0 |    0 |    36 |      0 |      0 |    0 |          0 |
|   sparse_arr_feat_conv1_out_6_U                                       |                                                   hls_dummy_fifo_w16_d2_S_54 |         26 |         26 |       0 |    0 |    36 |      0 |      0 |    0 |          0 |
|   sparse_arr_feat_conv1_out_7_U                                       |                                                   hls_dummy_fifo_w16_d2_S_55 |         25 |         25 |       0 |    0 |    36 |      0 |      0 |    0 |          0 |
|   sparse_arr_feat_conv1_out_8_U                                       |                                                   hls_dummy_fifo_w16_d2_S_56 |         26 |         26 |       0 |    0 |    36 |      0 |      0 |    0 |          0 |
|   sparse_arr_feat_conv1_out_9_U                                       |                                                   hls_dummy_fifo_w16_d2_S_57 |         24 |         24 |       0 |    0 |    36 |      0 |      0 |    0 |          0 |
|   sparse_arr_feat_conv1_out_U                                         |                                                   hls_dummy_fifo_w16_d2_S_58 |         26 |         26 |       0 |    0 |    36 |      0 |      0 |    0 |          0 |
|   sparse_arr_feat_conv2_out_10_U                                      |                                                   hls_dummy_fifo_w16_d2_S_59 |         38 |         38 |       0 |    0 |    36 |      0 |      0 |    0 |          0 |
|   sparse_arr_feat_conv2_out_11_U                                      |                                                   hls_dummy_fifo_w16_d2_S_60 |         39 |         39 |       0 |    0 |    36 |      0 |      0 |    0 |          0 |
|   sparse_arr_feat_conv2_out_12_U                                      |                                                   hls_dummy_fifo_w16_d2_S_61 |         38 |         38 |       0 |    0 |    36 |      0 |      0 |    0 |          0 |
|   sparse_arr_feat_conv2_out_13_U                                      |                                                   hls_dummy_fifo_w16_d2_S_62 |         39 |         39 |       0 |    0 |    36 |      0 |      0 |    0 |          0 |
|   sparse_arr_feat_conv2_out_14_U                                      |                                                   hls_dummy_fifo_w16_d2_S_63 |         37 |         37 |       0 |    0 |    36 |      0 |      0 |    0 |          0 |
|   sparse_arr_feat_conv2_out_15_U                                      |                                                   hls_dummy_fifo_w16_d2_S_64 |         41 |         41 |       0 |    0 |    36 |      0 |      0 |    0 |          0 |
|   sparse_arr_feat_conv2_out_16_U                                      |                                                   hls_dummy_fifo_w16_d2_S_65 |         38 |         38 |       0 |    0 |    36 |      0 |      0 |    0 |          0 |
|   sparse_arr_feat_conv2_out_17_U                                      |                                                   hls_dummy_fifo_w16_d2_S_66 |         39 |         39 |       0 |    0 |    36 |      0 |      0 |    0 |          0 |
|   sparse_arr_feat_conv2_out_18_U                                      |                                                   hls_dummy_fifo_w16_d2_S_67 |         37 |         37 |       0 |    0 |    36 |      0 |      0 |    0 |          0 |
|   sparse_arr_feat_conv2_out_19_U                                      |                                                   hls_dummy_fifo_w16_d2_S_68 |         38 |         38 |       0 |    0 |    36 |      0 |      0 |    0 |          0 |
|   sparse_arr_feat_conv2_out_1_U                                       |                                                   hls_dummy_fifo_w16_d2_S_69 |         41 |         41 |       0 |    0 |    36 |      0 |      0 |    0 |          0 |
|   sparse_arr_feat_conv2_out_20_U                                      |                                                   hls_dummy_fifo_w16_d2_S_70 |         39 |         39 |       0 |    0 |    36 |      0 |      0 |    0 |          0 |
|   sparse_arr_feat_conv2_out_21_U                                      |                                                   hls_dummy_fifo_w16_d2_S_71 |         39 |         39 |       0 |    0 |    36 |      0 |      0 |    0 |          0 |
|   sparse_arr_feat_conv2_out_22_U                                      |                                                   hls_dummy_fifo_w16_d2_S_72 |         37 |         37 |       0 |    0 |    36 |      0 |      0 |    0 |          0 |
|   sparse_arr_feat_conv2_out_23_U                                      |                                                   hls_dummy_fifo_w16_d2_S_73 |         38 |         38 |       0 |    0 |    36 |      0 |      0 |    0 |          0 |
|   sparse_arr_feat_conv2_out_24_U                                      |                                                   hls_dummy_fifo_w16_d2_S_74 |         38 |         38 |       0 |    0 |    36 |      0 |      0 |    0 |          0 |
|   sparse_arr_feat_conv2_out_25_U                                      |                                                   hls_dummy_fifo_w16_d2_S_75 |         41 |         41 |       0 |    0 |    36 |      0 |      0 |    0 |          0 |
|   sparse_arr_feat_conv2_out_26_U                                      |                                                   hls_dummy_fifo_w16_d2_S_76 |         37 |         37 |       0 |    0 |    36 |      0 |      0 |    0 |          0 |
|   sparse_arr_feat_conv2_out_27_U                                      |                                                   hls_dummy_fifo_w16_d2_S_77 |         39 |         39 |       0 |    0 |    36 |      0 |      0 |    0 |          0 |
|   sparse_arr_feat_conv2_out_28_U                                      |                                                   hls_dummy_fifo_w16_d2_S_78 |         37 |         37 |       0 |    0 |    36 |      0 |      0 |    0 |          0 |
|   sparse_arr_feat_conv2_out_29_U                                      |                                                   hls_dummy_fifo_w16_d2_S_79 |         37 |         37 |       0 |    0 |    36 |      0 |      0 |    0 |          0 |
|   sparse_arr_feat_conv2_out_2_U                                       |                                                   hls_dummy_fifo_w16_d2_S_80 |         38 |         38 |       0 |    0 |    36 |      0 |      0 |    0 |          0 |
|   sparse_arr_feat_conv2_out_30_U                                      |                                                   hls_dummy_fifo_w16_d2_S_81 |         37 |         37 |       0 |    0 |    36 |      0 |      0 |    0 |          0 |
|   sparse_arr_feat_conv2_out_31_U                                      |                                                   hls_dummy_fifo_w16_d2_S_82 |         38 |         38 |       0 |    0 |    36 |      0 |      0 |    0 |          0 |
|   sparse_arr_feat_conv2_out_32_U                                      |                                                   hls_dummy_fifo_w16_d2_S_83 |         39 |         39 |       0 |    0 |    36 |      0 |      0 |    0 |          0 |
|   sparse_arr_feat_conv2_out_33_U                                      |                                                   hls_dummy_fifo_w16_d2_S_84 |         38 |         38 |       0 |    0 |    36 |      0 |      0 |    0 |          0 |
|   sparse_arr_feat_conv2_out_34_U                                      |                                                   hls_dummy_fifo_w16_d2_S_85 |         38 |         38 |       0 |    0 |    36 |      0 |      0 |    0 |          0 |
|   sparse_arr_feat_conv2_out_35_U                                      |                                                   hls_dummy_fifo_w16_d2_S_86 |         39 |         39 |       0 |    0 |    36 |      0 |      0 |    0 |          0 |
|   sparse_arr_feat_conv2_out_36_U                                      |                                                   hls_dummy_fifo_w16_d2_S_87 |         38 |         38 |       0 |    0 |    36 |      0 |      0 |    0 |          0 |
|   sparse_arr_feat_conv2_out_37_U                                      |                                                   hls_dummy_fifo_w16_d2_S_88 |         37 |         37 |       0 |    0 |    36 |      0 |      0 |    0 |          0 |
|   sparse_arr_feat_conv2_out_38_U                                      |                                                   hls_dummy_fifo_w16_d2_S_89 |         39 |         39 |       0 |    0 |    36 |      0 |      0 |    0 |          0 |
|   sparse_arr_feat_conv2_out_39_U                                      |                                                   hls_dummy_fifo_w16_d2_S_90 |         39 |         39 |       0 |    0 |    36 |      0 |      0 |    0 |          0 |
|   sparse_arr_feat_conv2_out_3_U                                       |                                                   hls_dummy_fifo_w16_d2_S_91 |         38 |         38 |       0 |    0 |    36 |      0 |      0 |    0 |          0 |
|   sparse_arr_feat_conv2_out_40_U                                      |                                                   hls_dummy_fifo_w16_d2_S_92 |         38 |         38 |       0 |    0 |    36 |      0 |      0 |    0 |          0 |
|   sparse_arr_feat_conv2_out_41_U                                      |                                                   hls_dummy_fifo_w16_d2_S_93 |         39 |         39 |       0 |    0 |    36 |      0 |      0 |    0 |          0 |
|   sparse_arr_feat_conv2_out_42_U                                      |                                                   hls_dummy_fifo_w16_d2_S_94 |         39 |         39 |       0 |    0 |    36 |      0 |      0 |    0 |          0 |
|   sparse_arr_feat_conv2_out_43_U                                      |                                                   hls_dummy_fifo_w16_d2_S_95 |         39 |         39 |       0 |    0 |    36 |      0 |      0 |    0 |          0 |
|   sparse_arr_feat_conv2_out_44_U                                      |                                                   hls_dummy_fifo_w16_d2_S_96 |         39 |         39 |       0 |    0 |    36 |      0 |      0 |    0 |          0 |
|   sparse_arr_feat_conv2_out_45_U                                      |                                                   hls_dummy_fifo_w16_d2_S_97 |         41 |         41 |       0 |    0 |    36 |      0 |      0 |    0 |          0 |
|   sparse_arr_feat_conv2_out_46_U                                      |                                                   hls_dummy_fifo_w16_d2_S_98 |         39 |         39 |       0 |    0 |    36 |      0 |      0 |    0 |          0 |
|   sparse_arr_feat_conv2_out_47_U                                      |                                                   hls_dummy_fifo_w16_d2_S_99 |         38 |         38 |       0 |    0 |    36 |      0 |      0 |    0 |          0 |
|   sparse_arr_feat_conv2_out_48_U                                      |                                                  hls_dummy_fifo_w16_d2_S_100 |         39 |         39 |       0 |    0 |    36 |      0 |      0 |    0 |          0 |
|   sparse_arr_feat_conv2_out_49_U                                      |                                                  hls_dummy_fifo_w16_d2_S_101 |         37 |         37 |       0 |    0 |    36 |      0 |      0 |    0 |          0 |
|   sparse_arr_feat_conv2_out_4_U                                       |                                                  hls_dummy_fifo_w16_d2_S_102 |         37 |         37 |       0 |    0 |    36 |      0 |      0 |    0 |          0 |
|   sparse_arr_feat_conv2_out_50_U                                      |                                                  hls_dummy_fifo_w16_d2_S_103 |         39 |         39 |       0 |    0 |    36 |      0 |      0 |    0 |          0 |
|   sparse_arr_feat_conv2_out_51_U                                      |                                                  hls_dummy_fifo_w16_d2_S_104 |         39 |         39 |       0 |    0 |    36 |      0 |      0 |    0 |          0 |
|   sparse_arr_feat_conv2_out_52_U                                      |                                                  hls_dummy_fifo_w16_d2_S_105 |         40 |         40 |       0 |    0 |    36 |      0 |      0 |    0 |          0 |
|   sparse_arr_feat_conv2_out_53_U                                      |                                                  hls_dummy_fifo_w16_d2_S_106 |         39 |         39 |       0 |    0 |    36 |      0 |      0 |    0 |          0 |
|   sparse_arr_feat_conv2_out_54_U                                      |                                                  hls_dummy_fifo_w16_d2_S_107 |         39 |         39 |       0 |    0 |    36 |      0 |      0 |    0 |          0 |
|   sparse_arr_feat_conv2_out_55_U                                      |                                                  hls_dummy_fifo_w16_d2_S_108 |         38 |         38 |       0 |    0 |    36 |      0 |      0 |    0 |          0 |
|   sparse_arr_feat_conv2_out_56_U                                      |                                                  hls_dummy_fifo_w16_d2_S_109 |         39 |         39 |       0 |    0 |    36 |      0 |      0 |    0 |          0 |
|   sparse_arr_feat_conv2_out_57_U                                      |                                                  hls_dummy_fifo_w16_d2_S_110 |         41 |         41 |       0 |    0 |    36 |      0 |      0 |    0 |          0 |
|   sparse_arr_feat_conv2_out_58_U                                      |                                                  hls_dummy_fifo_w16_d2_S_111 |         38 |         38 |       0 |    0 |    36 |      0 |      0 |    0 |          0 |
|   sparse_arr_feat_conv2_out_59_U                                      |                                                  hls_dummy_fifo_w16_d2_S_112 |         38 |         38 |       0 |    0 |    36 |      0 |      0 |    0 |          0 |
|   sparse_arr_feat_conv2_out_5_U                                       |                                                  hls_dummy_fifo_w16_d2_S_113 |         37 |         37 |       0 |    0 |    36 |      0 |      0 |    0 |          0 |
|   sparse_arr_feat_conv2_out_6_U                                       |                                                  hls_dummy_fifo_w16_d2_S_114 |         37 |         37 |       0 |    0 |    36 |      0 |      0 |    0 |          0 |
|   sparse_arr_feat_conv2_out_7_U                                       |                                                  hls_dummy_fifo_w16_d2_S_115 |         39 |         39 |       0 |    0 |    36 |      0 |      0 |    0 |          0 |
|   sparse_arr_feat_conv2_out_8_U                                       |                                                  hls_dummy_fifo_w16_d2_S_116 |         38 |         38 |       0 |    0 |    36 |      0 |      0 |    0 |          0 |
|   sparse_arr_feat_conv2_out_9_U                                       |                                                  hls_dummy_fifo_w16_d2_S_117 |         39 |         39 |       0 |    0 |    36 |      0 |      0 |    0 |          0 |
|   sparse_arr_feat_conv2_out_U                                         |                                                  hls_dummy_fifo_w16_d2_S_118 |         39 |         39 |       0 |    0 |    36 |      0 |      0 |    0 |          0 |
|   sparse_arr_feat_reduce_out_10_U                                     |                                                  hls_dummy_fifo_w16_d2_S_119 |         26 |         26 |       0 |    0 |    34 |      0 |      0 |    0 |          0 |
|   sparse_arr_feat_reduce_out_11_U                                     |                                                  hls_dummy_fifo_w16_d2_S_120 |         26 |         26 |       0 |    0 |    34 |      0 |      0 |    0 |          0 |
|   sparse_arr_feat_reduce_out_12_U                                     |                                                  hls_dummy_fifo_w16_d2_S_121 |         26 |         26 |       0 |    0 |    34 |      0 |      0 |    0 |          0 |
|   sparse_arr_feat_reduce_out_13_U                                     |                                                  hls_dummy_fifo_w16_d2_S_122 |         26 |         26 |       0 |    0 |    34 |      0 |      0 |    0 |          0 |
|   sparse_arr_feat_reduce_out_14_U                                     |                                                  hls_dummy_fifo_w16_d2_S_123 |         26 |         26 |       0 |    0 |    34 |      0 |      0 |    0 |          0 |
|   sparse_arr_feat_reduce_out_15_U                                     |                                                  hls_dummy_fifo_w16_d2_S_124 |         26 |         26 |       0 |    0 |    34 |      0 |      0 |    0 |          0 |
|   sparse_arr_feat_reduce_out_16_U                                     |                                                  hls_dummy_fifo_w16_d2_S_125 |         28 |         28 |       0 |    0 |    34 |      0 |      0 |    0 |          0 |
|   sparse_arr_feat_reduce_out_17_U                                     |                                                  hls_dummy_fifo_w16_d2_S_126 |         27 |         27 |       0 |    0 |    34 |      0 |      0 |    0 |          0 |
|   sparse_arr_feat_reduce_out_18_U                                     |                                                  hls_dummy_fifo_w16_d2_S_127 |         27 |         27 |       0 |    0 |    34 |      0 |      0 |    0 |          0 |
|   sparse_arr_feat_reduce_out_19_U                                     |                                                  hls_dummy_fifo_w16_d2_S_128 |         27 |         27 |       0 |    0 |    34 |      0 |      0 |    0 |          0 |
|   sparse_arr_feat_reduce_out_1_U                                      |                                                  hls_dummy_fifo_w16_d2_S_129 |         28 |         28 |       0 |    0 |    34 |      0 |      0 |    0 |          0 |
|   sparse_arr_feat_reduce_out_20_U                                     |                                                  hls_dummy_fifo_w16_d2_S_130 |         26 |         26 |       0 |    0 |    34 |      0 |      0 |    0 |          0 |
|   sparse_arr_feat_reduce_out_21_U                                     |                                                  hls_dummy_fifo_w16_d2_S_131 |         26 |         26 |       0 |    0 |    34 |      0 |      0 |    0 |          0 |
|   sparse_arr_feat_reduce_out_22_U                                     |                                                  hls_dummy_fifo_w16_d2_S_132 |         26 |         26 |       0 |    0 |    34 |      0 |      0 |    0 |          0 |
|   sparse_arr_feat_reduce_out_23_U                                     |                                                  hls_dummy_fifo_w16_d2_S_133 |         26 |         26 |       0 |    0 |    34 |      0 |      0 |    0 |          0 |
|   sparse_arr_feat_reduce_out_24_U                                     |                                                  hls_dummy_fifo_w16_d2_S_134 |         28 |         28 |       0 |    0 |    34 |      0 |      0 |    0 |          0 |
|   sparse_arr_feat_reduce_out_25_U                                     |                                                  hls_dummy_fifo_w16_d2_S_135 |         26 |         26 |       0 |    0 |    34 |      0 |      0 |    0 |          0 |
|   sparse_arr_feat_reduce_out_26_U                                     |                                                  hls_dummy_fifo_w16_d2_S_136 |         26 |         26 |       0 |    0 |    34 |      0 |      0 |    0 |          0 |
|   sparse_arr_feat_reduce_out_27_U                                     |                                                  hls_dummy_fifo_w16_d2_S_137 |         26 |         26 |       0 |    0 |    34 |      0 |      0 |    0 |          0 |
|   sparse_arr_feat_reduce_out_28_U                                     |                                                  hls_dummy_fifo_w16_d2_S_138 |         27 |         27 |       0 |    0 |    34 |      0 |      0 |    0 |          0 |
|   sparse_arr_feat_reduce_out_29_U                                     |                                                  hls_dummy_fifo_w16_d2_S_139 |         27 |         27 |       0 |    0 |    34 |      0 |      0 |    0 |          0 |
|   sparse_arr_feat_reduce_out_2_U                                      |                                                  hls_dummy_fifo_w16_d2_S_140 |         26 |         26 |       0 |    0 |    34 |      0 |      0 |    0 |          0 |
|   sparse_arr_feat_reduce_out_3_U                                      |                                                  hls_dummy_fifo_w16_d2_S_141 |         27 |         27 |       0 |    0 |    34 |      0 |      0 |    0 |          0 |
|   sparse_arr_feat_reduce_out_4_U                                      |                                                  hls_dummy_fifo_w16_d2_S_142 |         26 |         26 |       0 |    0 |    34 |      0 |      0 |    0 |          0 |
|   sparse_arr_feat_reduce_out_5_U                                      |                                                  hls_dummy_fifo_w16_d2_S_143 |         26 |         26 |       0 |    0 |    34 |      0 |      0 |    0 |          0 |
|   sparse_arr_feat_reduce_out_6_U                                      |                                                  hls_dummy_fifo_w16_d2_S_144 |         28 |         28 |       0 |    0 |    34 |      0 |      0 |    0 |          0 |
|   sparse_arr_feat_reduce_out_7_U                                      |                                                  hls_dummy_fifo_w16_d2_S_145 |         26 |         26 |       0 |    0 |    34 |      0 |      0 |    0 |          0 |
|   sparse_arr_feat_reduce_out_8_U                                      |                                                  hls_dummy_fifo_w16_d2_S_146 |         26 |         26 |       0 |    0 |    34 |      0 |      0 |    0 |          0 |
|   sparse_arr_feat_reduce_out_9_U                                      |                                                  hls_dummy_fifo_w16_d2_S_147 |         26 |         26 |       0 |    0 |    34 |      0 |      0 |    0 |          0 |
|   sparse_arr_feat_reduce_out_U                                        |                                                  hls_dummy_fifo_w16_d2_S_148 |         26 |         26 |       0 |    0 |    34 |      0 |      0 |    0 |          0 |
|   sparse_arr_hash_reduce_out_10_c22_channel_U                         |                                                       hls_dummy_fifo_w4_d2_S |        171 |        171 |       0 |    0 |    12 |      0 |      0 |    0 |          0 |
|   sparse_arr_hash_reduce_out_10_c_U                                   |                                                   hls_dummy_fifo_w4_d2_S_149 |         14 |         14 |       0 |    0 |    12 |      0 |      0 |    0 |          0 |
|   sparse_arr_hash_reduce_out_11_c23_channel_U                         |                                                   hls_dummy_fifo_w4_d2_S_150 |        206 |        206 |       0 |    0 |    12 |      0 |      0 |    0 |          0 |
|   sparse_arr_hash_reduce_out_11_c_U                                   |                                                   hls_dummy_fifo_w4_d2_S_151 |         15 |         15 |       0 |    0 |    12 |      0 |      0 |    0 |          0 |
|   sparse_arr_hash_reduce_out_12_c24_channel_U                         |                                                   hls_dummy_fifo_w4_d2_S_152 |         64 |         64 |       0 |    0 |    12 |      0 |      0 |    0 |          0 |
|   sparse_arr_hash_reduce_out_12_c_U                                   |                                                   hls_dummy_fifo_w4_d2_S_153 |         14 |         14 |       0 |    0 |    12 |      0 |      0 |    0 |          0 |
|   sparse_arr_hash_reduce_out_13_c25_channel_U                         |                                                   hls_dummy_fifo_w4_d2_S_154 |         67 |         67 |       0 |    0 |    12 |      0 |      0 |    0 |          0 |
|   sparse_arr_hash_reduce_out_13_c_U                                   |                                                   hls_dummy_fifo_w4_d2_S_155 |         17 |         17 |       0 |    0 |    12 |      0 |      0 |    0 |          0 |
|   sparse_arr_hash_reduce_out_14_c26_channel_U                         |                                                   hls_dummy_fifo_w4_d2_S_156 |         35 |         35 |       0 |    0 |    12 |      0 |      0 |    0 |          0 |
|   sparse_arr_hash_reduce_out_14_c_U                                   |                                                   hls_dummy_fifo_w4_d2_S_157 |         15 |         15 |       0 |    0 |    12 |      0 |      0 |    0 |          0 |
|   sparse_arr_hash_reduce_out_15_c27_channel_U                         |                                                   hls_dummy_fifo_w4_d2_S_158 |         28 |         28 |       0 |    0 |    12 |      0 |      0 |    0 |          0 |
|   sparse_arr_hash_reduce_out_15_c_U                                   |                                                   hls_dummy_fifo_w4_d2_S_159 |         15 |         15 |       0 |    0 |    12 |      0 |      0 |    0 |          0 |
|   sparse_arr_hash_reduce_out_16_c28_channel_U                         |                                                   hls_dummy_fifo_w4_d2_S_160 |         36 |         36 |       0 |    0 |    12 |      0 |      0 |    0 |          0 |
|   sparse_arr_hash_reduce_out_16_c_U                                   |                                                   hls_dummy_fifo_w4_d2_S_161 |         15 |         15 |       0 |    0 |    12 |      0 |      0 |    0 |          0 |
|   sparse_arr_hash_reduce_out_17_c29_channel_U                         |                                                   hls_dummy_fifo_w4_d2_S_162 |         29 |         29 |       0 |    0 |    12 |      0 |      0 |    0 |          0 |
|   sparse_arr_hash_reduce_out_17_c_U                                   |                                                   hls_dummy_fifo_w4_d2_S_163 |         15 |         15 |       0 |    0 |    12 |      0 |      0 |    0 |          0 |
|   sparse_arr_hash_reduce_out_18_c30_channel_U                         |                                                   hls_dummy_fifo_w4_d2_S_164 |         35 |         35 |       0 |    0 |    12 |      0 |      0 |    0 |          0 |
|   sparse_arr_hash_reduce_out_18_c_U                                   |                                                   hls_dummy_fifo_w4_d2_S_165 |         14 |         14 |       0 |    0 |    12 |      0 |      0 |    0 |          0 |
|   sparse_arr_hash_reduce_out_19_c31_channel_U                         |                                                   hls_dummy_fifo_w4_d2_S_166 |         29 |         29 |       0 |    0 |    12 |      0 |      0 |    0 |          0 |
|   sparse_arr_hash_reduce_out_19_c_U                                   |                                                   hls_dummy_fifo_w4_d2_S_167 |         18 |         18 |       0 |    0 |    12 |      0 |      0 |    0 |          0 |
|   sparse_arr_hash_reduce_out_1_c13_channel_U                          |                                                   hls_dummy_fifo_w4_d2_S_168 |         25 |         25 |       0 |    0 |    12 |      0 |      0 |    0 |          0 |
|   sparse_arr_hash_reduce_out_1_c_U                                    |                                                   hls_dummy_fifo_w4_d2_S_169 |         14 |         14 |       0 |    0 |    12 |      0 |      0 |    0 |          0 |
|   sparse_arr_hash_reduce_out_20_c32_channel_U                         |                                                   hls_dummy_fifo_w4_d2_S_170 |         40 |         40 |       0 |    0 |    12 |      0 |      0 |    0 |          0 |
|   sparse_arr_hash_reduce_out_20_c_U                                   |                                                   hls_dummy_fifo_w4_d2_S_171 |         15 |         15 |       0 |    0 |    12 |      0 |      0 |    0 |          0 |
|   sparse_arr_hash_reduce_out_21_c33_channel_U                         |                                                   hls_dummy_fifo_w4_d2_S_172 |         31 |         31 |       0 |    0 |    12 |      0 |      0 |    0 |          0 |
|   sparse_arr_hash_reduce_out_21_c_U                                   |                                                   hls_dummy_fifo_w4_d2_S_173 |         15 |         15 |       0 |    0 |    12 |      0 |      0 |    0 |          0 |
|   sparse_arr_hash_reduce_out_22_c34_channel_U                         |                                                   hls_dummy_fifo_w4_d2_S_174 |        121 |        121 |       0 |    0 |    12 |      0 |      0 |    0 |          0 |
|   sparse_arr_hash_reduce_out_22_c_U                                   |                                                   hls_dummy_fifo_w4_d2_S_175 |         14 |         14 |       0 |    0 |    12 |      0 |      0 |    0 |          0 |
|   sparse_arr_hash_reduce_out_23_c35_channel_U                         |                                                   hls_dummy_fifo_w4_d2_S_176 |        139 |        139 |       0 |    0 |    12 |      0 |      0 |    0 |          0 |
|   sparse_arr_hash_reduce_out_23_c_U                                   |                                                   hls_dummy_fifo_w4_d2_S_177 |         15 |         15 |       0 |    0 |    12 |      0 |      0 |    0 |          0 |
|   sparse_arr_hash_reduce_out_24_c36_channel_U                         |                                                   hls_dummy_fifo_w4_d2_S_178 |         85 |         85 |       0 |    0 |    12 |      0 |      0 |    0 |          0 |
|   sparse_arr_hash_reduce_out_24_c_U                                   |                                                   hls_dummy_fifo_w4_d2_S_179 |         14 |         14 |       0 |    0 |    12 |      0 |      0 |    0 |          0 |
|   sparse_arr_hash_reduce_out_25_c37_channel_U                         |                                                   hls_dummy_fifo_w4_d2_S_180 |        101 |        101 |       0 |    0 |    12 |      0 |      0 |    0 |          0 |
|   sparse_arr_hash_reduce_out_25_c_U                                   |                                                   hls_dummy_fifo_w4_d2_S_181 |         17 |         17 |       0 |    0 |    12 |      0 |      0 |    0 |          0 |
|   sparse_arr_hash_reduce_out_26_c38_channel_U                         |                                                   hls_dummy_fifo_w4_d2_S_182 |         35 |         35 |       0 |    0 |    12 |      0 |      0 |    0 |          0 |
|   sparse_arr_hash_reduce_out_26_c_U                                   |                                                   hls_dummy_fifo_w4_d2_S_183 |         14 |         14 |       0 |    0 |    12 |      0 |      0 |    0 |          0 |
|   sparse_arr_hash_reduce_out_27_c39_channel_U                         |                                                   hls_dummy_fifo_w4_d2_S_184 |         31 |         31 |       0 |    0 |    12 |      0 |      0 |    0 |          0 |
|   sparse_arr_hash_reduce_out_27_c_U                                   |                                                   hls_dummy_fifo_w4_d2_S_185 |         15 |         15 |       0 |    0 |    12 |      0 |      0 |    0 |          0 |
|   sparse_arr_hash_reduce_out_28_c40_channel_U                         |                                                   hls_dummy_fifo_w4_d2_S_186 |         35 |         35 |       0 |    0 |    12 |      0 |      0 |    0 |          0 |
|   sparse_arr_hash_reduce_out_28_c_U                                   |                                                   hls_dummy_fifo_w4_d2_S_187 |         15 |         15 |       0 |    0 |    12 |      0 |      0 |    0 |          0 |
|   sparse_arr_hash_reduce_out_29_c41_channel_U                         |                                                   hls_dummy_fifo_w4_d2_S_188 |         30 |         30 |       0 |    0 |    12 |      0 |      0 |    0 |          0 |
|   sparse_arr_hash_reduce_out_29_c_U                                   |                                                   hls_dummy_fifo_w4_d2_S_189 |         15 |         15 |       0 |    0 |    12 |      0 |      0 |    0 |          0 |
|   sparse_arr_hash_reduce_out_2_c14_channel_U                          |                                                   hls_dummy_fifo_w4_d2_S_190 |         35 |         35 |       0 |    0 |    12 |      0 |      0 |    0 |          0 |
|   sparse_arr_hash_reduce_out_2_c_U                                    |                                                   hls_dummy_fifo_w4_d2_S_191 |         15 |         15 |       0 |    0 |    12 |      0 |      0 |    0 |          0 |
|   sparse_arr_hash_reduce_out_30_c42_channel_U                         |                                                   hls_dummy_fifo_w4_d2_S_192 |         35 |         35 |       0 |    0 |    12 |      0 |      0 |    0 |          0 |
|   sparse_arr_hash_reduce_out_30_c_U                                   |                                                   hls_dummy_fifo_w4_d2_S_193 |         15 |         15 |       0 |    0 |    12 |      0 |      0 |    0 |          0 |
|   sparse_arr_hash_reduce_out_31_c43_channel_U                         |                                                   hls_dummy_fifo_w4_d2_S_194 |         30 |         30 |       0 |    0 |    12 |      0 |      0 |    0 |          0 |
|   sparse_arr_hash_reduce_out_31_c_U                                   |                                                   hls_dummy_fifo_w4_d2_S_195 |         17 |         17 |       0 |    0 |    12 |      0 |      0 |    0 |          0 |
|   sparse_arr_hash_reduce_out_32_c44_channel_U                         |                                                   hls_dummy_fifo_w4_d2_S_196 |         35 |         35 |       0 |    0 |    12 |      0 |      0 |    0 |          0 |
|   sparse_arr_hash_reduce_out_32_c_U                                   |                                                   hls_dummy_fifo_w4_d2_S_197 |         15 |         15 |       0 |    0 |    12 |      0 |      0 |    0 |          0 |
|   sparse_arr_hash_reduce_out_33_c45_channel_U                         |                                                   hls_dummy_fifo_w4_d2_S_198 |         30 |         30 |       0 |    0 |    12 |      0 |      0 |    0 |          0 |
|   sparse_arr_hash_reduce_out_33_c_U                                   |                                                   hls_dummy_fifo_w4_d2_S_199 |         15 |         15 |       0 |    0 |    12 |      0 |      0 |    0 |          0 |
|   sparse_arr_hash_reduce_out_34_c46_channel_U                         |                                                   hls_dummy_fifo_w4_d2_S_200 |         36 |         36 |       0 |    0 |    12 |      0 |      0 |    0 |          0 |
|   sparse_arr_hash_reduce_out_34_c_U                                   |                                                   hls_dummy_fifo_w4_d2_S_201 |         14 |         14 |       0 |    0 |    12 |      0 |      0 |    0 |          0 |
|   sparse_arr_hash_reduce_out_35_c47_channel_U                         |                                                   hls_dummy_fifo_w4_d2_S_202 |         28 |         28 |       0 |    0 |    12 |      0 |      0 |    0 |          0 |
|   sparse_arr_hash_reduce_out_35_c_U                                   |                                                   hls_dummy_fifo_w4_d2_S_203 |         15 |         15 |       0 |    0 |    12 |      0 |      0 |    0 |          0 |
|   sparse_arr_hash_reduce_out_36_c48_channel_U                         |                                                   hls_dummy_fifo_w4_d2_S_204 |         81 |         81 |       0 |    0 |    12 |      0 |      0 |    0 |          0 |
|   sparse_arr_hash_reduce_out_36_c_U                                   |                                                   hls_dummy_fifo_w4_d2_S_205 |         15 |         15 |       0 |    0 |    12 |      0 |      0 |    0 |          0 |
|   sparse_arr_hash_reduce_out_37_c49_channel_U                         |                                                   hls_dummy_fifo_w4_d2_S_206 |         99 |         99 |       0 |    0 |    12 |      0 |      0 |    0 |          0 |
|   sparse_arr_hash_reduce_out_37_c_U                                   |                                                   hls_dummy_fifo_w4_d2_S_207 |         18 |         18 |       0 |    0 |    12 |      0 |      0 |    0 |          0 |
|   sparse_arr_hash_reduce_out_38_c50_channel_U                         |                                                   hls_dummy_fifo_w4_d2_S_208 |        166 |        166 |       0 |    0 |    12 |      0 |      0 |    0 |          0 |
|   sparse_arr_hash_reduce_out_38_c_U                                   |                                                   hls_dummy_fifo_w4_d2_S_209 |         15 |         15 |       0 |    0 |    12 |      0 |      0 |    0 |          0 |
|   sparse_arr_hash_reduce_out_39_c51_channel_U                         |                                                   hls_dummy_fifo_w4_d2_S_210 |        211 |        211 |       0 |    0 |    12 |      0 |      0 |    0 |          0 |
|   sparse_arr_hash_reduce_out_39_c_U                                   |                                                   hls_dummy_fifo_w4_d2_S_211 |         15 |         15 |       0 |    0 |    12 |      0 |      0 |    0 |          0 |
|   sparse_arr_hash_reduce_out_3_c15_channel_U                          |                                                   hls_dummy_fifo_w4_d2_S_212 |         30 |         30 |       0 |    0 |    12 |      0 |      0 |    0 |          0 |
|   sparse_arr_hash_reduce_out_3_c_U                                    |                                                   hls_dummy_fifo_w4_d2_S_213 |         16 |         16 |       0 |    0 |    12 |      0 |      0 |    0 |          0 |
|   sparse_arr_hash_reduce_out_40_c52_channel_U                         |                                                   hls_dummy_fifo_w4_d2_S_214 |        167 |        167 |       0 |    0 |    12 |      0 |      0 |    0 |          0 |
|   sparse_arr_hash_reduce_out_40_c_U                                   |                                                   hls_dummy_fifo_w4_d2_S_215 |         14 |         14 |       0 |    0 |    12 |      0 |      0 |    0 |          0 |
|   sparse_arr_hash_reduce_out_41_c53_channel_U                         |                                                   hls_dummy_fifo_w4_d2_S_216 |        214 |        214 |       0 |    0 |    12 |      0 |      0 |    0 |          0 |
|   sparse_arr_hash_reduce_out_41_c_U                                   |                                                   hls_dummy_fifo_w4_d2_S_217 |         15 |         15 |       0 |    0 |    12 |      0 |      0 |    0 |          0 |
|   sparse_arr_hash_reduce_out_42_c54_channel_U                         |                                                   hls_dummy_fifo_w4_d2_S_218 |        124 |        124 |       0 |    0 |    12 |      0 |      0 |    0 |          0 |
|   sparse_arr_hash_reduce_out_42_c_U                                   |                                                   hls_dummy_fifo_w4_d2_S_219 |         15 |         15 |       0 |    0 |    12 |      0 |      0 |    0 |          0 |
|   sparse_arr_hash_reduce_out_43_c55_channel_U                         |                                                   hls_dummy_fifo_w4_d2_S_220 |        162 |        162 |       0 |    0 |    12 |      0 |      0 |    0 |          0 |
|   sparse_arr_hash_reduce_out_43_c_U                                   |                                                   hls_dummy_fifo_w4_d2_S_221 |         17 |         17 |       0 |    0 |    12 |      0 |      0 |    0 |          0 |
|   sparse_arr_hash_reduce_out_44_c56_channel_U                         |                                                   hls_dummy_fifo_w4_d2_S_222 |         35 |         35 |       0 |    0 |    12 |      0 |      0 |    0 |          0 |
|   sparse_arr_hash_reduce_out_44_c_U                                   |                                                   hls_dummy_fifo_w4_d2_S_223 |         15 |         15 |       0 |    0 |    12 |      0 |      0 |    0 |          0 |
|   sparse_arr_hash_reduce_out_45_c57_channel_U                         |                                                   hls_dummy_fifo_w4_d2_S_224 |         30 |         30 |       0 |    0 |    12 |      0 |      0 |    0 |          0 |
|   sparse_arr_hash_reduce_out_45_c_U                                   |                                                   hls_dummy_fifo_w4_d2_S_225 |         15 |         15 |       0 |    0 |    12 |      0 |      0 |    0 |          0 |
|   sparse_arr_hash_reduce_out_46_c58_channel_U                         |                                                   hls_dummy_fifo_w4_d2_S_226 |         59 |         59 |       0 |    0 |    12 |      0 |      0 |    0 |          0 |
|   sparse_arr_hash_reduce_out_46_c_U                                   |                                                   hls_dummy_fifo_w4_d2_S_227 |         14 |         14 |       0 |    0 |    12 |      0 |      0 |    0 |          0 |
|   sparse_arr_hash_reduce_out_47_c59_channel_U                         |                                                   hls_dummy_fifo_w4_d2_S_228 |         64 |         64 |       0 |    0 |    12 |      0 |      0 |    0 |          0 |
|   sparse_arr_hash_reduce_out_47_c_U                                   |                                                   hls_dummy_fifo_w4_d2_S_229 |         15 |         15 |       0 |    0 |    12 |      0 |      0 |    0 |          0 |
|   sparse_arr_hash_reduce_out_48_c60_channel_U                         |                                                   hls_dummy_fifo_w4_d2_S_230 |        154 |        154 |       0 |    0 |    12 |      0 |      0 |    0 |          0 |
|   sparse_arr_hash_reduce_out_48_c_U                                   |                                                   hls_dummy_fifo_w4_d2_S_231 |         15 |         15 |       0 |    0 |    12 |      0 |      0 |    0 |          0 |
|   sparse_arr_hash_reduce_out_49_c61_channel_U                         |                                                   hls_dummy_fifo_w4_d2_S_232 |        181 |        181 |       0 |    0 |    12 |      0 |      0 |    0 |          0 |
|   sparse_arr_hash_reduce_out_49_c_U                                   |                                                   hls_dummy_fifo_w4_d2_S_233 |         18 |         18 |       0 |    0 |    12 |      0 |      0 |    0 |          0 |
|   sparse_arr_hash_reduce_out_4_c16_channel_U                          |                                                   hls_dummy_fifo_w4_d2_S_234 |         35 |         35 |       0 |    0 |    12 |      0 |      0 |    0 |          0 |
|   sparse_arr_hash_reduce_out_4_c_U                                    |                                                   hls_dummy_fifo_w4_d2_S_235 |         15 |         15 |       0 |    0 |    12 |      0 |      0 |    0 |          0 |
|   sparse_arr_hash_reduce_out_50_c62_channel_U                         |                                                   hls_dummy_fifo_w4_d2_S_236 |         37 |         37 |       0 |    0 |    12 |      0 |      0 |    0 |          0 |
|   sparse_arr_hash_reduce_out_50_c_U                                   |                                                   hls_dummy_fifo_w4_d2_S_237 |         16 |         16 |       0 |    0 |    12 |      0 |      0 |    0 |          0 |
|   sparse_arr_hash_reduce_out_51_c63_channel_U                         |                                                   hls_dummy_fifo_w4_d2_S_238 |         27 |         27 |       0 |    0 |    12 |      0 |      0 |    0 |          0 |
|   sparse_arr_hash_reduce_out_51_c_U                                   |                                                   hls_dummy_fifo_w4_d2_S_239 |         16 |         16 |       0 |    0 |    12 |      0 |      0 |    0 |          0 |
|   sparse_arr_hash_reduce_out_52_c64_channel_U                         |                                                   hls_dummy_fifo_w4_d2_S_240 |         43 |         43 |       0 |    0 |    12 |      0 |      0 |    0 |          0 |
|   sparse_arr_hash_reduce_out_52_c_U                                   |                                                   hls_dummy_fifo_w4_d2_S_241 |         16 |         16 |       0 |    0 |    12 |      0 |      0 |    0 |          0 |
|   sparse_arr_hash_reduce_out_53_c65_channel_U                         |                                                   hls_dummy_fifo_w4_d2_S_242 |         31 |         31 |       0 |    0 |    12 |      0 |      0 |    0 |          0 |
|   sparse_arr_hash_reduce_out_53_c_U                                   |                                                   hls_dummy_fifo_w4_d2_S_243 |         15 |         15 |       0 |    0 |    12 |      0 |      0 |    0 |          0 |
|   sparse_arr_hash_reduce_out_54_c66_channel_U                         |                                                   hls_dummy_fifo_w4_d2_S_244 |         36 |         36 |       0 |    0 |    12 |      0 |      0 |    0 |          0 |
|   sparse_arr_hash_reduce_out_54_c_U                                   |                                                   hls_dummy_fifo_w4_d2_S_245 |         16 |         16 |       0 |    0 |    12 |      0 |      0 |    0 |          0 |
|   sparse_arr_hash_reduce_out_55_c67_channel_U                         |                                                   hls_dummy_fifo_w4_d2_S_246 |         29 |         29 |       0 |    0 |    12 |      0 |      0 |    0 |          0 |
|   sparse_arr_hash_reduce_out_55_c_U                                   |                                                   hls_dummy_fifo_w4_d2_S_247 |         20 |         20 |       0 |    0 |    12 |      0 |      0 |    0 |          0 |
|   sparse_arr_hash_reduce_out_56_c68_channel_U                         |                                                   hls_dummy_fifo_w4_d2_S_248 |         40 |         40 |       0 |    0 |    12 |      0 |      0 |    0 |          0 |
|   sparse_arr_hash_reduce_out_56_c_U                                   |                                                   hls_dummy_fifo_w4_d2_S_249 |         15 |         15 |       0 |    0 |    12 |      0 |      0 |    0 |          0 |
|   sparse_arr_hash_reduce_out_57_c69_channel_U                         |                                                   hls_dummy_fifo_w4_d2_S_250 |         34 |         34 |       0 |    0 |    12 |      0 |      0 |    0 |          0 |
|   sparse_arr_hash_reduce_out_57_c_U                                   |                                                   hls_dummy_fifo_w4_d2_S_251 |         15 |         15 |       0 |    0 |    12 |      0 |      0 |    0 |          0 |
|   sparse_arr_hash_reduce_out_58_c70_channel_U                         |                                                   hls_dummy_fifo_w4_d2_S_252 |        164 |        164 |       0 |    0 |    12 |      0 |      0 |    0 |          0 |
|   sparse_arr_hash_reduce_out_58_c_U                                   |                                                   hls_dummy_fifo_w4_d2_S_253 |         15 |         15 |       0 |    0 |    12 |      0 |      0 |    0 |          0 |
|   sparse_arr_hash_reduce_out_59_c71_channel_U                         |                                                   hls_dummy_fifo_w4_d2_S_254 |        223 |        223 |       0 |    0 |    12 |      0 |      0 |    0 |          0 |
|   sparse_arr_hash_reduce_out_59_c_U                                   |                                                   hls_dummy_fifo_w4_d2_S_255 |         15 |         15 |       0 |    0 |    12 |      0 |      0 |    0 |          0 |
|   sparse_arr_hash_reduce_out_5_c17_channel_U                          |                                                   hls_dummy_fifo_w4_d2_S_256 |         30 |         30 |       0 |    0 |    12 |      0 |      0 |    0 |          0 |
|   sparse_arr_hash_reduce_out_5_c_U                                    |                                                   hls_dummy_fifo_w4_d2_S_257 |         15 |         15 |       0 |    0 |    12 |      0 |      0 |    0 |          0 |
|   sparse_arr_hash_reduce_out_6_c18_channel_U                          |                                                   hls_dummy_fifo_w4_d2_S_258 |         35 |         35 |       0 |    0 |    12 |      0 |      0 |    0 |          0 |
|   sparse_arr_hash_reduce_out_6_c_U                                    |                                                   hls_dummy_fifo_w4_d2_S_259 |         14 |         14 |       0 |    0 |    12 |      0 |      0 |    0 |          0 |
|   sparse_arr_hash_reduce_out_7_c19_channel_U                          |                                                   hls_dummy_fifo_w4_d2_S_260 |         30 |         30 |       0 |    0 |    12 |      0 |      0 |    0 |          0 |
|   sparse_arr_hash_reduce_out_7_c_U                                    |                                                   hls_dummy_fifo_w4_d2_S_261 |         16 |         16 |       0 |    0 |    12 |      0 |      0 |    0 |          0 |
|   sparse_arr_hash_reduce_out_8_c20_channel_U                          |                                                   hls_dummy_fifo_w4_d2_S_262 |        153 |        153 |       0 |    0 |    12 |      0 |      0 |    0 |          0 |
|   sparse_arr_hash_reduce_out_8_c_U                                    |                                                   hls_dummy_fifo_w4_d2_S_263 |         14 |         14 |       0 |    0 |    12 |      0 |      0 |    0 |          0 |
|   sparse_arr_hash_reduce_out_9_c21_channel_U                          |                                                   hls_dummy_fifo_w4_d2_S_264 |        196 |        196 |       0 |    0 |    12 |      0 |      0 |    0 |          0 |
|   sparse_arr_hash_reduce_out_9_c_U                                    |                                                   hls_dummy_fifo_w4_d2_S_265 |         15 |         15 |       0 |    0 |    12 |      0 |      0 |    0 |          0 |
|   sparse_arr_hash_reduce_out_c12_channel_U                            |                                                   hls_dummy_fifo_w4_d2_S_266 |         32 |         32 |       0 |    0 |    12 |      0 |      0 |    0 |          0 |
|   sparse_arr_hash_reduce_out_c_U                                      |                                                   hls_dummy_fifo_w4_d2_S_267 |         14 |         14 |       0 |    0 |    12 |      0 |      0 |    0 |          0 |
|   sparse_conv_ap_fixed_ap_fixed_ap_uint_ap_fixed_ap_fixed_30_1_2_3_U0 | hls_dummy_sparse_conv_ap_fixed_ap_fixed_ap_uint_ap_fixed_ap_fixed_30_1_2_3_s |      48945 |      48945 |       0 |    0 | 14747 |      0 |      0 |    0 |       1800 |
|   sparse_conv_ap_fixed_ap_fixed_ap_uint_ap_fixed_ap_fixed_30_2_2_3_U0 | hls_dummy_sparse_conv_ap_fixed_ap_fixed_ap_uint_ap_fixed_ap_fixed_30_2_2_3_s |      61189 |      61189 |       0 |    0 | 12936 |      0 |      0 |    0 |       3600 |
|   sparse_input_reduce_ap_fixed_16_6_5_3_0_ap_uint_10_10_10_1_30_4_U0  |    hls_dummy_sparse_input_reduce_ap_fixed_16_6_5_3_0_ap_uint_10_10_10_1_30_4 |       5453 |       5453 |       0 |    0 |  2812 |      0 |      0 |    0 |          0 |
+-----------------------------------------------------------------------+------------------------------------------------------------------------------+------------+------------+---------+------+-------+--------+--------+------+------------+


