#-----------------------------------------------------------
# Vivado v2023.1 (64-bit)
# SW Build 3865809 on Sun May  7 15:04:56 MDT 2023
# IP Build 3864474 on Sun May  7 20:36:21 MDT 2023
# SharedData Build 3865790 on Sun May 07 13:33:03 MDT 2023
# Start of session at: Sat Jul 19 05:19:15 2025
# Process ID: 54855
# Current directory: /home/coder/sparse-pixels/hls_proj/scaling/8b/reduction/reduction-in1000/reduction-in1000-out30
# Command line: vivado -mode batch -source vivado_synth.tcl
# Log file: /home/coder/sparse-pixels/hls_proj/scaling/8b/reduction/reduction-in1000/reduction-in1000-out30/vivado.log
# Journal file: /home/coder/sparse-pixels/hls_proj/scaling/8b/reduction/reduction-in1000/reduction-in1000-out30/vivado.jou
# Running On: coder-hftsoi-hls4, OS: Linux, CPU Frequency: 2250.000 MHz, CPU Physical cores: 24, Host memory: 540863 MB
#-----------------------------------------------------------
source vivado_synth.tcl
# set tcldir [file dirname [info script]]
# source [file join $tcldir project.tcl]
## variable project_name
## set project_name "hls_dummy"
## variable backend
## set backend "vitis"
## variable part
## set part "xcu250-figd2104-2L-e"
## variable clock_period
## set clock_period 5
## variable clock_uncertainty
## set clock_uncertainty 27%
## variable version
## set version "1.0.0"
## variable maximum_size
## set maximum_size 4096
# add_files ${project_name}_prj/solution1/syn/verilog
add_files: Time (s): cpu = 00:00:09 ; elapsed = 00:00:20 . Memory (MB): peak = 2408.891 ; gain = 114.992 ; free physical = 240725 ; free virtual = 362808
# synth_design -top ${project_name} -part $part
Command: synth_design -top hls_dummy -part xcu250-figd2104-2L-e
Starting synth_design
Attempting to get a license for feature 'Synthesis' and/or device 'xcu250'
INFO: [Common 17-349] Got license for feature 'Synthesis' and/or device 'xcu250'
INFO: [Synth 8-7079] Multithreading enabled for synth_design using a maximum of 4 processes.
INFO: [Synth 8-7078] Launching helper process for spawning children vivado processes
INFO: [Synth 8-7075] Helper process launched with PID 54871
---------------------------------------------------------------------------------
Starting Synthesize : Time (s): cpu = 00:00:05 ; elapsed = 00:00:08 . Memory (MB): peak = 2823.379 ; gain = 390.621 ; free physical = 245796 ; free virtual = 368103
---------------------------------------------------------------------------------
INFO: [Synth 8-6157] synthesizing module 'hls_dummy' [/home/coder/sparse-pixels/hls_proj/scaling/8b/reduction/reduction-in1000/reduction-in1000-out30/hls_dummy_prj/solution1/syn/verilog/hls_dummy.v:9]
INFO: [Synth 8-6157] synthesizing module 'hls_dummy_sparse_input_reduce_ap_fixed_8_2_5_3_0_ap_uint_10_50_20_1_30_4' [/home/coder/sparse-pixels/hls_proj/scaling/8b/reduction/reduction-in1000/reduction-in1000-out30/hls_dummy_prj/solution1/syn/verilog/hls_dummy_sparse_input_reduce_ap_fixed_8_2_5_3_0_ap_uint_10_50_20_1_30_4.v:9]
INFO: [Synth 8-6157] synthesizing module 'hls_dummy_operator_s' [/home/coder/sparse-pixels/hls_proj/scaling/8b/reduction/reduction-in1000/reduction-in1000-out30/hls_dummy_prj/solution1/syn/verilog/hls_dummy_operator_s.v:9]
INFO: [Synth 8-6155] done synthesizing module 'hls_dummy_operator_s' (0#1) [/home/coder/sparse-pixels/hls_proj/scaling/8b/reduction/reduction-in1000/reduction-in1000-out30/hls_dummy_prj/solution1/syn/verilog/hls_dummy_operator_s.v:9]
INFO: [Synth 8-6155] done synthesizing module 'hls_dummy_sparse_input_reduce_ap_fixed_8_2_5_3_0_ap_uint_10_50_20_1_30_4' (0#1) [/home/coder/sparse-pixels/hls_proj/scaling/8b/reduction/reduction-in1000/reduction-in1000-out30/hls_dummy_prj/solution1/syn/verilog/hls_dummy_sparse_input_reduce_ap_fixed_8_2_5_3_0_ap_uint_10_50_20_1_30_4.v:9]
INFO: [Synth 8-6157] synthesizing module 'hls_dummy_Block_entry24_proc' [/home/coder/sparse-pixels/hls_proj/scaling/8b/reduction/reduction-in1000/reduction-in1000-out30/hls_dummy_prj/solution1/syn/verilog/hls_dummy_Block_entry24_proc.v:9]
INFO: [Synth 8-6155] done synthesizing module 'hls_dummy_Block_entry24_proc' (0#1) [/home/coder/sparse-pixels/hls_proj/scaling/8b/reduction/reduction-in1000/reduction-in1000-out30/hls_dummy_prj/solution1/syn/verilog/hls_dummy_Block_entry24_proc.v:9]
INFO: [Synth 8-6157] synthesizing module 'hls_dummy_fifo_w8_d2_S' [/home/coder/sparse-pixels/hls_proj/scaling/8b/reduction/reduction-in1000/reduction-in1000-out30/hls_dummy_prj/solution1/syn/verilog/hls_dummy_fifo_w8_d2_S.v:11]
INFO: [Synth 8-6157] synthesizing module 'hls_dummy_fifo_w8_d2_S_ShiftReg' [/home/coder/sparse-pixels/hls_proj/scaling/8b/reduction/reduction-in1000/reduction-in1000-out30/hls_dummy_prj/solution1/syn/verilog/hls_dummy_fifo_w8_d2_S.v:120]
	Parameter DATA_WIDTH bound to: 8 - type: integer 
	Parameter ADDR_WIDTH bound to: 1 - type: integer 
	Parameter DEPTH bound to: 2 - type: integer 
INFO: [Synth 8-6155] done synthesizing module 'hls_dummy_fifo_w8_d2_S_ShiftReg' (0#1) [/home/coder/sparse-pixels/hls_proj/scaling/8b/reduction/reduction-in1000/reduction-in1000-out30/hls_dummy_prj/solution1/syn/verilog/hls_dummy_fifo_w8_d2_S.v:120]
INFO: [Synth 8-6155] done synthesizing module 'hls_dummy_fifo_w8_d2_S' (0#1) [/home/coder/sparse-pixels/hls_proj/scaling/8b/reduction/reduction-in1000/reduction-in1000-out30/hls_dummy_prj/solution1/syn/verilog/hls_dummy_fifo_w8_d2_S.v:11]
INFO: [Synth 8-6155] done synthesizing module 'hls_dummy' (0#1) [/home/coder/sparse-pixels/hls_proj/scaling/8b/reduction/reduction-in1000/reduction-in1000-out30/hls_dummy_prj/solution1/syn/verilog/hls_dummy.v:9]
WARNING: [Synth 8-7129] Port reset in module hls_dummy_fifo_w8_d2_S_ShiftReg is either unconnected or has no load
---------------------------------------------------------------------------------
Finished Synthesize : Time (s): cpu = 00:00:15 ; elapsed = 00:00:19 . Memory (MB): peak = 3247.980 ; gain = 815.223 ; free physical = 241110 ; free virtual = 363462
---------------------------------------------------------------------------------
---------------------------------------------------------------------------------
Finished Constraint Validation : Time (s): cpu = 00:00:16 ; elapsed = 00:00:21 . Memory (MB): peak = 3247.980 ; gain = 815.223 ; free physical = 241124 ; free virtual = 363484
---------------------------------------------------------------------------------
---------------------------------------------------------------------------------
Start Loading Part and Timing Information
---------------------------------------------------------------------------------
Loading part: xcu250-figd2104-2L-e
INFO: [Synth 8-6742] Reading net delay rules and data
INFO: [Device 21-403] Loading part xcu250-figd2104-2L-e
---------------------------------------------------------------------------------
Finished Loading Part and Timing Information : Time (s): cpu = 00:00:16 ; elapsed = 00:00:21 . Memory (MB): peak = 3255.984 ; gain = 823.227 ; free physical = 240777 ; free virtual = 363156
---------------------------------------------------------------------------------
INFO: [Synth 8-4490] FSM extraction disabled for register 'ap_CS_fsm_reg' through user attribute
INFO: [Synth 8-4490] FSM extraction disabled for register 'ap_CS_fsm_reg' through user attribute
---------------------------------------------------------------------------------
Finished RTL Optimization Phase 2 : Time (s): cpu = 00:00:32 ; elapsed = 00:00:31 . Memory (MB): peak = 3859.547 ; gain = 1426.789 ; free physical = 247398 ; free virtual = 370031
---------------------------------------------------------------------------------
No constraint files found.
---------------------------------------------------------------------------------
Start RTL Component Statistics 
---------------------------------------------------------------------------------
Detailed RTL Component Info : 
+---Adders : 
	   2 Input    5 Bit       Adders := 1     
	   2 Input    2 Bit       Adders := 60    
+---XORs : 
	   2 Input      1 Bit         XORs := 60    
+---Registers : 
	               12 Bit    Registers := 270   
	                8 Bit    Registers := 1390  
	                5 Bit    Registers := 3     
	                2 Bit    Registers := 30    
	                1 Bit    Registers := 96    
+---Muxes : 
	   2 Input   12 Bit        Muxes := 1916  
	   2 Input   10 Bit        Muxes := 4     
	   2 Input    8 Bit        Muxes := 1516  
	   2 Input    7 Bit        Muxes := 1494  
	   3 Input    5 Bit        Muxes := 1     
	   6 Input    5 Bit        Muxes := 1     
	   2 Input    2 Bit        Muxes := 31    
	   2 Input    1 Bit        Muxes := 136   
---------------------------------------------------------------------------------
Finished RTL Component Statistics 
---------------------------------------------------------------------------------
---------------------------------------------------------------------------------
Start Part Resource Summary
---------------------------------------------------------------------------------
Part Resources:
DSPs: 12288 (col length:96)
BRAMs: 5376 (col length: RAMB18 384 RAMB36 192)
---------------------------------------------------------------------------------
Finished Part Resource Summary
---------------------------------------------------------------------------------
No constraint files found.
---------------------------------------------------------------------------------
Start Cross Boundary and Area Optimization
---------------------------------------------------------------------------------
WARNING: [Synth 8-7080] Parallel synthesis criteria is not met
---------------------------------------------------------------------------------
Finished Cross Boundary and Area Optimization : Time (s): cpu = 00:03:05 ; elapsed = 00:04:07 . Memory (MB): peak = 4601.031 ; gain = 2168.273 ; free physical = 246837 ; free virtual = 374598
---------------------------------------------------------------------------------
No constraint files found.
---------------------------------------------------------------------------------
Start Timing Optimization
---------------------------------------------------------------------------------
---------------------------------------------------------------------------------
Finished Timing Optimization : Time (s): cpu = 00:03:09 ; elapsed = 00:04:12 . Memory (MB): peak = 4601.031 ; gain = 2168.273 ; free physical = 247019 ; free virtual = 374784
---------------------------------------------------------------------------------
---------------------------------------------------------------------------------
Start Technology Mapping
---------------------------------------------------------------------------------
---------------------------------------------------------------------------------
Finished Technology Mapping : Time (s): cpu = 00:03:20 ; elapsed = 00:04:23 . Memory (MB): peak = 4617.750 ; gain = 2184.992 ; free physical = 244696 ; free virtual = 372461
---------------------------------------------------------------------------------
---------------------------------------------------------------------------------
Start IO Insertion
---------------------------------------------------------------------------------
---------------------------------------------------------------------------------
Start Flattening Before IO Insertion
---------------------------------------------------------------------------------
---------------------------------------------------------------------------------
Finished Flattening Before IO Insertion
---------------------------------------------------------------------------------
---------------------------------------------------------------------------------
Start Final Netlist Cleanup
---------------------------------------------------------------------------------
---------------------------------------------------------------------------------
Finished Final Netlist Cleanup
---------------------------------------------------------------------------------
---------------------------------------------------------------------------------
Finished IO Insertion : Time (s): cpu = 00:03:27 ; elapsed = 00:04:30 . Memory (MB): peak = 4617.750 ; gain = 2184.992 ; free physical = 246994 ; free virtual = 374759
---------------------------------------------------------------------------------
---------------------------------------------------------------------------------
Start Renaming Generated Instances
---------------------------------------------------------------------------------
---------------------------------------------------------------------------------
Finished Renaming Generated Instances : Time (s): cpu = 00:03:27 ; elapsed = 00:04:30 . Memory (MB): peak = 4617.750 ; gain = 2184.992 ; free physical = 246991 ; free virtual = 374756
---------------------------------------------------------------------------------
---------------------------------------------------------------------------------
Start Rebuilding User Hierarchy
---------------------------------------------------------------------------------
---------------------------------------------------------------------------------
Finished Rebuilding User Hierarchy : Time (s): cpu = 00:03:28 ; elapsed = 00:04:31 . Memory (MB): peak = 4617.750 ; gain = 2184.992 ; free physical = 246988 ; free virtual = 374753
---------------------------------------------------------------------------------
---------------------------------------------------------------------------------
Start Renaming Generated Ports
---------------------------------------------------------------------------------
---------------------------------------------------------------------------------
Finished Renaming Generated Ports : Time (s): cpu = 00:03:28 ; elapsed = 00:04:31 . Memory (MB): peak = 4617.750 ; gain = 2184.992 ; free physical = 246988 ; free virtual = 374753
---------------------------------------------------------------------------------
---------------------------------------------------------------------------------
Start Handling Custom Attributes
---------------------------------------------------------------------------------
---------------------------------------------------------------------------------
Finished Handling Custom Attributes : Time (s): cpu = 00:03:44 ; elapsed = 00:04:47 . Memory (MB): peak = 4617.750 ; gain = 2184.992 ; free physical = 246991 ; free virtual = 374756
---------------------------------------------------------------------------------
---------------------------------------------------------------------------------
Start Renaming Generated Nets
---------------------------------------------------------------------------------
---------------------------------------------------------------------------------
Finished Renaming Generated Nets : Time (s): cpu = 00:03:44 ; elapsed = 00:04:47 . Memory (MB): peak = 4617.750 ; gain = 2184.992 ; free physical = 246990 ; free virtual = 374755
---------------------------------------------------------------------------------
---------------------------------------------------------------------------------
Start Writing Synthesis Report
---------------------------------------------------------------------------------

Report BlackBoxes: 
+-+--------------+----------+
| |BlackBox name |Instances |
+-+--------------+----------+
+-+--------------+----------+

Report Cell Usage: 
+------+------+------+
|      |Cell  |Count |
+------+------+------+
|1     |BUFG  |     1|
|2     |LUT1  |    32|
|3     |LUT2  |  1243|
|4     |LUT3  |  1201|
|5     |LUT4  |  5404|
|6     |LUT5  |  9924|
|7     |LUT6  |  8561|
|8     |MUXF7 |    53|
|9     |FDRE  | 12149|
|10    |FDSE  |    91|
|11    |IBUF  |  8004|
|12    |OBUF  |   273|
+------+------+------+

Report Instance Areas: 
+------+--------------------------------------------------------------------+-------------------------------------------------------------------------+------+
|      |Instance                                                            |Module                                                                   |Cells |
+------+--------------------------------------------------------------------+-------------------------------------------------------------------------+------+
|1     |top                                                                 |                                                                         | 46936|
|2     |  Block_entry24_proc_U0                                             |hls_dummy_Block_entry24_proc                                             |   210|
|3     |  sparse_arr_feat_reduce_out_10_U                                   |hls_dummy_fifo_w8_d2_S                                                   |    29|
|4     |    U_hls_dummy_fifo_w8_d2_S_ShiftReg                               |hls_dummy_fifo_w8_d2_S_ShiftReg_57                                       |    21|
|5     |  sparse_arr_feat_reduce_out_11_U                                   |hls_dummy_fifo_w8_d2_S_0                                                 |    29|
|6     |    U_hls_dummy_fifo_w8_d2_S_ShiftReg                               |hls_dummy_fifo_w8_d2_S_ShiftReg_56                                       |    21|
|7     |  sparse_arr_feat_reduce_out_12_U                                   |hls_dummy_fifo_w8_d2_S_1                                                 |    32|
|8     |    U_hls_dummy_fifo_w8_d2_S_ShiftReg                               |hls_dummy_fifo_w8_d2_S_ShiftReg_55                                       |    21|
|9     |  sparse_arr_feat_reduce_out_13_U                                   |hls_dummy_fifo_w8_d2_S_2                                                 |    29|
|10    |    U_hls_dummy_fifo_w8_d2_S_ShiftReg                               |hls_dummy_fifo_w8_d2_S_ShiftReg_54                                       |    21|
|11    |  sparse_arr_feat_reduce_out_14_U                                   |hls_dummy_fifo_w8_d2_S_3                                                 |    29|
|12    |    U_hls_dummy_fifo_w8_d2_S_ShiftReg                               |hls_dummy_fifo_w8_d2_S_ShiftReg_53                                       |    21|
|13    |  sparse_arr_feat_reduce_out_15_U                                   |hls_dummy_fifo_w8_d2_S_4                                                 |    29|
|14    |    U_hls_dummy_fifo_w8_d2_S_ShiftReg                               |hls_dummy_fifo_w8_d2_S_ShiftReg_52                                       |    21|
|15    |  sparse_arr_feat_reduce_out_16_U                                   |hls_dummy_fifo_w8_d2_S_5                                                 |    31|
|16    |    U_hls_dummy_fifo_w8_d2_S_ShiftReg                               |hls_dummy_fifo_w8_d2_S_ShiftReg_51                                       |    21|
|17    |  sparse_arr_feat_reduce_out_17_U                                   |hls_dummy_fifo_w8_d2_S_6                                                 |    29|
|18    |    U_hls_dummy_fifo_w8_d2_S_ShiftReg                               |hls_dummy_fifo_w8_d2_S_ShiftReg_50                                       |    21|
|19    |  sparse_arr_feat_reduce_out_18_U                                   |hls_dummy_fifo_w8_d2_S_7                                                 |    29|
|20    |    U_hls_dummy_fifo_w8_d2_S_ShiftReg                               |hls_dummy_fifo_w8_d2_S_ShiftReg_49                                       |    21|
|21    |  sparse_arr_feat_reduce_out_19_U                                   |hls_dummy_fifo_w8_d2_S_8                                                 |    29|
|22    |    U_hls_dummy_fifo_w8_d2_S_ShiftReg                               |hls_dummy_fifo_w8_d2_S_ShiftReg_48                                       |    21|
|23    |  sparse_arr_feat_reduce_out_1_U                                    |hls_dummy_fifo_w8_d2_S_9                                                 |    29|
|24    |    U_hls_dummy_fifo_w8_d2_S_ShiftReg                               |hls_dummy_fifo_w8_d2_S_ShiftReg_47                                       |    21|
|25    |  sparse_arr_feat_reduce_out_20_U                                   |hls_dummy_fifo_w8_d2_S_10                                                |    29|
|26    |    U_hls_dummy_fifo_w8_d2_S_ShiftReg                               |hls_dummy_fifo_w8_d2_S_ShiftReg_46                                       |    21|
|27    |  sparse_arr_feat_reduce_out_21_U                                   |hls_dummy_fifo_w8_d2_S_11                                                |    31|
|28    |    U_hls_dummy_fifo_w8_d2_S_ShiftReg                               |hls_dummy_fifo_w8_d2_S_ShiftReg_45                                       |    21|
|29    |  sparse_arr_feat_reduce_out_22_U                                   |hls_dummy_fifo_w8_d2_S_12                                                |    30|
|30    |    U_hls_dummy_fifo_w8_d2_S_ShiftReg                               |hls_dummy_fifo_w8_d2_S_ShiftReg_44                                       |    21|
|31    |  sparse_arr_feat_reduce_out_23_U                                   |hls_dummy_fifo_w8_d2_S_13                                                |    29|
|32    |    U_hls_dummy_fifo_w8_d2_S_ShiftReg                               |hls_dummy_fifo_w8_d2_S_ShiftReg_43                                       |    21|
|33    |  sparse_arr_feat_reduce_out_24_U                                   |hls_dummy_fifo_w8_d2_S_14                                                |    29|
|34    |    U_hls_dummy_fifo_w8_d2_S_ShiftReg                               |hls_dummy_fifo_w8_d2_S_ShiftReg_42                                       |    21|
|35    |  sparse_arr_feat_reduce_out_25_U                                   |hls_dummy_fifo_w8_d2_S_15                                                |    30|
|36    |    U_hls_dummy_fifo_w8_d2_S_ShiftReg                               |hls_dummy_fifo_w8_d2_S_ShiftReg_41                                       |    21|
|37    |  sparse_arr_feat_reduce_out_26_U                                   |hls_dummy_fifo_w8_d2_S_16                                                |    30|
|38    |    U_hls_dummy_fifo_w8_d2_S_ShiftReg                               |hls_dummy_fifo_w8_d2_S_ShiftReg_40                                       |    21|
|39    |  sparse_arr_feat_reduce_out_27_U                                   |hls_dummy_fifo_w8_d2_S_17                                                |    30|
|40    |    U_hls_dummy_fifo_w8_d2_S_ShiftReg                               |hls_dummy_fifo_w8_d2_S_ShiftReg_39                                       |    21|
|41    |  sparse_arr_feat_reduce_out_28_U                                   |hls_dummy_fifo_w8_d2_S_18                                                |    29|
|42    |    U_hls_dummy_fifo_w8_d2_S_ShiftReg                               |hls_dummy_fifo_w8_d2_S_ShiftReg_38                                       |    21|
|43    |  sparse_arr_feat_reduce_out_29_U                                   |hls_dummy_fifo_w8_d2_S_19                                                |    29|
|44    |    U_hls_dummy_fifo_w8_d2_S_ShiftReg                               |hls_dummy_fifo_w8_d2_S_ShiftReg_37                                       |    21|
|45    |  sparse_arr_feat_reduce_out_2_U                                    |hls_dummy_fifo_w8_d2_S_20                                                |    30|
|46    |    U_hls_dummy_fifo_w8_d2_S_ShiftReg                               |hls_dummy_fifo_w8_d2_S_ShiftReg_36                                       |    21|
|47    |  sparse_arr_feat_reduce_out_3_U                                    |hls_dummy_fifo_w8_d2_S_21                                                |    29|
|48    |    U_hls_dummy_fifo_w8_d2_S_ShiftReg                               |hls_dummy_fifo_w8_d2_S_ShiftReg_35                                       |    21|
|49    |  sparse_arr_feat_reduce_out_4_U                                    |hls_dummy_fifo_w8_d2_S_22                                                |    29|
|50    |    U_hls_dummy_fifo_w8_d2_S_ShiftReg                               |hls_dummy_fifo_w8_d2_S_ShiftReg_34                                       |    21|
|51    |  sparse_arr_feat_reduce_out_5_U                                    |hls_dummy_fifo_w8_d2_S_23                                                |    35|
|52    |    U_hls_dummy_fifo_w8_d2_S_ShiftReg                               |hls_dummy_fifo_w8_d2_S_ShiftReg_33                                       |    21|
|53    |  sparse_arr_feat_reduce_out_6_U                                    |hls_dummy_fifo_w8_d2_S_24                                                |    31|
|54    |    U_hls_dummy_fifo_w8_d2_S_ShiftReg                               |hls_dummy_fifo_w8_d2_S_ShiftReg_32                                       |    21|
|55    |  sparse_arr_feat_reduce_out_7_U                                    |hls_dummy_fifo_w8_d2_S_25                                                |    29|
|56    |    U_hls_dummy_fifo_w8_d2_S_ShiftReg                               |hls_dummy_fifo_w8_d2_S_ShiftReg_31                                       |    21|
|57    |  sparse_arr_feat_reduce_out_8_U                                    |hls_dummy_fifo_w8_d2_S_26                                                |    29|
|58    |    U_hls_dummy_fifo_w8_d2_S_ShiftReg                               |hls_dummy_fifo_w8_d2_S_ShiftReg_30                                       |    21|
|59    |  sparse_arr_feat_reduce_out_9_U                                    |hls_dummy_fifo_w8_d2_S_27                                                |    29|
|60    |    U_hls_dummy_fifo_w8_d2_S_ShiftReg                               |hls_dummy_fifo_w8_d2_S_ShiftReg_29                                       |    21|
|61    |  sparse_arr_feat_reduce_out_U                                      |hls_dummy_fifo_w8_d2_S_28                                                |    30|
|62    |    U_hls_dummy_fifo_w8_d2_S_ShiftReg                               |hls_dummy_fifo_w8_d2_S_ShiftReg                                          |    21|
|63    |  sparse_input_reduce_ap_fixed_8_2_5_3_0_ap_uint_10_50_20_1_30_4_U0 |hls_dummy_sparse_input_reduce_ap_fixed_8_2_5_3_0_ap_uint_10_50_20_1_30_4 | 37526|
+------+--------------------------------------------------------------------+-------------------------------------------------------------------------+------+
---------------------------------------------------------------------------------
Finished Writing Synthesis Report : Time (s): cpu = 00:03:44 ; elapsed = 00:04:47 . Memory (MB): peak = 4617.750 ; gain = 2184.992 ; free physical = 246991 ; free virtual = 374756
---------------------------------------------------------------------------------
Synthesis finished with 0 errors, 0 critical warnings and 2 warnings.
Synthesis Optimization Runtime : Time (s): cpu = 00:03:44 ; elapsed = 00:04:47 . Memory (MB): peak = 4617.750 ; gain = 2184.992 ; free physical = 246988 ; free virtual = 374753
Synthesis Optimization Complete : Time (s): cpu = 00:03:44 ; elapsed = 00:04:47 . Memory (MB): peak = 4617.758 ; gain = 2184.992 ; free physical = 246988 ; free virtual = 374753
INFO: [Project 1-571] Translating synthesized netlist
Netlist sorting complete. Time (s): cpu = 00:00:00.34 ; elapsed = 00:00:00.34 . Memory (MB): peak = 4617.758 ; gain = 0.000 ; free physical = 246252 ; free virtual = 374017
INFO: [Netlist 29-17] Analyzing 8058 Unisim elements for replacement
INFO: [Netlist 29-28] Unisim Transformation completed in 1 CPU seconds
INFO: [Project 1-570] Preparing netlist for logic optimization
INFO: [Opt 31-138] Pushed 0 inverter(s) to 0 load pin(s).
Netlist sorting complete. Time (s): cpu = 00:00:00.01 ; elapsed = 00:00:00.02 . Memory (MB): peak = 4694.645 ; gain = 0.000 ; free physical = 239067 ; free virtual = 366832
INFO: [Project 1-111] Unisim Transformation Summary:
  A total of 8005 instances were transformed.
  BUFG => BUFGCE: 1 instance 
  IBUF => IBUF (IBUFCTRL, INBUF): 8004 instances

Synth Design complete | Checksum: da7ab4ce
INFO: [Common 17-83] Releasing license: Synthesis
27 Infos, 2 Warnings, 0 Critical Warnings and 0 Errors encountered.
synth_design completed successfully
synth_design: Time (s): cpu = 00:04:00 ; elapsed = 00:05:00 . Memory (MB): peak = 4694.645 ; gain = 2285.754 ; free physical = 237629 ; free virtual = 365394
INFO: [Common 17-2834] synth_design peak Physical Memory [PSS] (MB): overall = 4273.439; main = 4005.851; forked = 369.775
INFO: [Common 17-2834] synth_design peak Virtual Memory [VSS] (MB): overall = 5584.988; main = 4694.648; forked = 967.234
# opt_design -retarget -propconst -sweep -bram_power_opt -shift_register_opt
Command: opt_design -retarget -propconst -sweep -bram_power_opt -shift_register_opt
Attempting to get a license for feature 'Implementation' and/or device 'xcu250'
INFO: [Common 17-349] Got license for feature 'Implementation' and/or device 'xcu250'
Running DRC as a precondition to command opt_design

Starting DRC Task
INFO: [DRC 23-27] Running DRC with 8 threads
INFO: [Project 1-461] DRC finished with 0 Errors
INFO: [Project 1-462] Please refer to the DRC report (report_drc) for more information.

Time (s): cpu = 00:00:03 ; elapsed = 00:00:01 . Memory (MB): peak = 4758.676 ; gain = 64.031 ; free physical = 244777 ; free virtual = 372542

Starting Cache Timing Information Task
INFO: [Timing 38-35] Done setting XDC timing constraints.
Ending Cache Timing Information Task | Checksum: dea61b9b

Time (s): cpu = 00:00:07 ; elapsed = 00:00:04 . Memory (MB): peak = 4829.066 ; gain = 70.391 ; free physical = 247292 ; free virtual = 375057

Starting Logic Optimization Task

Phase 1 Retarget
INFO: [Opt 31-138] Pushed 1 inverter(s) to 2 load pin(s).
INFO: [Opt 31-49] Retargeted 0 cell(s).
Phase 1 Retarget | Checksum: 9af6079b

Time (s): cpu = 00:00:04 ; elapsed = 00:00:02 . Memory (MB): peak = 4832.035 ; gain = 0.000 ; free physical = 243837 ; free virtual = 371602
INFO: [Opt 31-389] Phase Retarget created 17 cells and removed 18 cells

Phase 2 Constant propagation
INFO: [Opt 31-138] Pushed 0 inverter(s) to 0 load pin(s).
Phase 2 Constant propagation | Checksum: ab0710ba

Time (s): cpu = 00:00:04 ; elapsed = 00:00:03 . Memory (MB): peak = 4832.035 ; gain = 0.000 ; free physical = 247008 ; free virtual = 374773
INFO: [Opt 31-389] Phase Constant propagation created 40 cells and removed 87 cells

Phase 3 Sweep
Phase 3 Sweep | Checksum: deaf3364

Time (s): cpu = 00:00:05 ; elapsed = 00:00:04 . Memory (MB): peak = 4832.035 ; gain = 0.000 ; free physical = 247348 ; free virtual = 375113
INFO: [Opt 31-389] Phase Sweep created 1 cells and removed 0 cells

Phase 4 Shift Register Optimization
INFO: [Opt 31-1064] SRL Remap converted 0 SRLs to 0 registers and converted 0 registers of register chains to 0 SRLs
Phase 4 Shift Register Optimization | Checksum: 92db137f

Time (s): cpu = 00:00:06 ; elapsed = 00:00:05 . Memory (MB): peak = 4832.035 ; gain = 0.000 ; free physical = 247216 ; free virtual = 374981
INFO: [Opt 31-389] Phase Shift Register Optimization created 0 cells and removed 0 cells

Phase 5 Post Processing Netlist
Phase 5 Post Processing Netlist | Checksum: 92db137f

Time (s): cpu = 00:00:06 ; elapsed = 00:00:05 . Memory (MB): peak = 4832.035 ; gain = 0.000 ; free physical = 247292 ; free virtual = 375057
INFO: [Opt 31-389] Phase Post Processing Netlist created 0 cells and removed 0 cells
Opt_design Change Summary
=========================


-------------------------------------------------------------------------------------------------------------------------
|  Phase                        |  #Cells created  |  #Cells Removed  |  #Constrained objects preventing optimizations  |
-------------------------------------------------------------------------------------------------------------------------
|  Retarget                     |              17  |              18  |                                              0  |
|  Constant propagation         |              40  |              87  |                                              0  |
|  Sweep                        |               1  |               0  |                                              0  |
|  Shift Register Optimization  |               0  |               0  |                                              0  |
|  Post Processing Netlist      |               0  |               0  |                                              0  |
-------------------------------------------------------------------------------------------------------------------------


Ending Logic Optimization Task | Checksum: 92db137f

Time (s): cpu = 00:00:07 ; elapsed = 00:00:05 . Memory (MB): peak = 4832.035 ; gain = 0.000 ; free physical = 247291 ; free virtual = 375056

Starting Power Optimization Task
INFO: [Pwropt 34-132] Skipping clock gating for clocks with a period < 2.00 ns.
Ending Power Optimization Task | Checksum: 92db137f

Time (s): cpu = 00:00:00.1 ; elapsed = 00:00:00.1 . Memory (MB): peak = 4832.035 ; gain = 0.000 ; free physical = 247287 ; free virtual = 375052

Starting Final Cleanup Task
Ending Final Cleanup Task | Checksum: 92db137f

Time (s): cpu = 00:00:00.01 ; elapsed = 00:00:00.01 . Memory (MB): peak = 4832.035 ; gain = 0.000 ; free physical = 247287 ; free virtual = 375052

Starting Netlist Obfuscation Task
Netlist sorting complete. Time (s): cpu = 00:00:00.03 ; elapsed = 00:00:00.03 . Memory (MB): peak = 4832.035 ; gain = 0.000 ; free physical = 247287 ; free virtual = 375052
Ending Netlist Obfuscation Task | Checksum: 92db137f

Time (s): cpu = 00:00:00.05 ; elapsed = 00:00:00.05 . Memory (MB): peak = 4832.035 ; gain = 0.000 ; free physical = 247287 ; free virtual = 375052
INFO: [Common 17-83] Releasing license: Implementation
16 Infos, 0 Warnings, 0 Critical Warnings and 0 Errors encountered.
opt_design completed successfully
opt_design: Time (s): cpu = 00:00:20 ; elapsed = 00:00:13 . Memory (MB): peak = 4832.035 ; gain = 137.391 ; free physical = 247287 ; free virtual = 375052
# report_utilization -file vivado_synth.rpt -hierarchical -hierarchical_depth 1
INFO: [Common 17-206] Exiting Vivado at Sat Jul 19 05:25:03 2025...
