
****** Vitis HLS - High-Level Synthesis from C, C++ and OpenCL v2023.1 (64-bit)
  **** SW Build 3854077 on May  4 2023
  **** IP Build 3864474 on Sun May  7 20:36:21 MDT 2023
  **** SharedData Build 3865790 on Sun May 07 13:33:03 MDT 2023
    ** Copyright 1986-2022 Xilinx, Inc. All Rights Reserved.
    ** Copyright 2022-2023 Advanced Micro Devices, Inc. All Rights Reserved.

source /tools/Xilinx/Vitis_HLS/2023.1/scripts/vitis_hls/hls.tcl -notrace
INFO: [HLS 200-10] Running '/tools/Xilinx/Vitis_HLS/2023.1/bin/unwrapped/lnx64.o/vitis_hls'
INFO: [HLS 200-10] For user 'coder' on host 'coder-hftsoi-hls3' (Linux_x86_64 version 5.15.0-140-generic) on Sat Jul 19 19:05:25 UTC 2025
INFO: [HLS 200-10] On os Ubuntu 20.04.6 LTS
INFO: [HLS 200-10] In directory '/home/coder/sparse-pixels/hls_proj/scaling/16b/reduction/reduction-in300/reduction-in300-out20'
Sourcing Tcl script 'build_prj.tcl'
INFO: [HLS 200-1510] Running: open_project -reset hls_dummy_prj 
INFO: [HLS 200-10] Creating and opening project '/home/coder/sparse-pixels/hls_proj/scaling/16b/reduction/reduction-in300/reduction-in300-out20/hls_dummy_prj'.
INFO: [HLS 200-1510] Running: set_top hls_dummy 
INFO: [HLS 200-1510] Running: add_files firmware/hls_dummy.cpp -cflags -std=c++0x 
INFO: [HLS 200-10] Adding design file 'firmware/hls_dummy.cpp' to the project
INFO: [HLS 200-1510] Running: add_files -tb hls_dummy_test.cpp -cflags -std=c++0x 
INFO: [HLS 200-10] Adding test bench file 'hls_dummy_test.cpp' to the project
INFO: [HLS 200-1510] Running: add_files -tb firmware/weights 
INFO: [HLS 200-10] Adding test bench file 'firmware/weights' to the project
INFO: [HLS 200-1510] Running: add_files -tb tb_data 
INFO: [HLS 200-10] Adding test bench file 'tb_data' to the project
INFO: [HLS 200-1510] Running: open_solution -reset solution1 
INFO: [HLS 200-10] Creating and opening solution '/home/coder/sparse-pixels/hls_proj/scaling/16b/reduction/reduction-in300/reduction-in300-out20/hls_dummy_prj/solution1'.
INFO: [HLS 200-10] Cleaning up the solution database.
INFO: [HLS 200-1505] Using default flow_target 'vivado'
Resolution: For help on HLS 200-1505 see www.xilinx.com/cgi-bin/docs/rdoc?v=2023.1;t=hls+guidance;d=200-1505.html
INFO: [HLS 200-1510] Running: config_array_partition -maximum_size 4096 
INFO: [XFORM 203-101] Allowed max sub elements number after partition is 4096.
ERROR: [HLS 200-642] The 'config_array_partition -maximum_size' command is not supported.
INFO: [HLS 200-1510] Running: config_compile -name_max_length 80 
INFO: [XFORM 203-1161] The maximum of name length is set to 80.
INFO: [HLS 200-1510] Running: set_part xcu250-figd2104-2L-e 
INFO: [HLS 200-1611] Setting target device to 'xcu250-figd2104-2L-e'
INFO: [XFORM 203-1161] The maximum of name length is set to 80.
INFO: [HLS 200-1510] Running: config_schedule -enable_dsp_full_reg=false 
INFO: [HLS 200-1510] Running: create_clock -period 5 -name default 
INFO: [SYN 201-201] Setting up clock 'default' with a period of 5ns.
INFO: [HLS 200-1510] Running: set_clock_uncertainty 27% default 
INFO: [SYN 201-201] Setting up clock 'default' with an uncertainty of 1.35ns.
***** C/RTL SYNTHESIS *****
INFO: [HLS 200-1510] Running: csynth_design 
INFO: [HLS 200-111] Finished File checks and directory preparation: CPU user time: 0.08 seconds. CPU system time: 0.01 seconds. Elapsed time: 0.1 seconds; current allocated memory: 1.449 GB.
INFO: [HLS 200-10] Analyzing design file 'firmware/hls_dummy.cpp' ... 
WARNING: [HLS 207-5531] 'Resource pragma' is deprecated, use 'bind_op/bind_storage pragma' instead (firmware/nnet_utils/nnet_dense_resource.h:33:9)
WARNING: [HLS 207-5531] 'Resource pragma' is deprecated, use 'bind_op/bind_storage pragma' instead (firmware/nnet_utils/nnet_dense_resource.h:107:9)
WARNING: [HLS 207-5531] 'Resource pragma' is deprecated, use 'bind_op/bind_storage pragma' instead (firmware/nnet_utils/nnet_dense_resource.h:189:9)
WARNING: [HLS 214-114] Since the only kind of statements allowed in a canonical dataflow region are variable declarations and function calls, the compiler may not be able to correctly handle the region (firmware/hls_dummy.cpp:349:9)
Resolution: For help on HLS 214-114 see www.xilinx.com/cgi-bin/docs/rdoc?v=2023.1;t=hls+guidance;d=214-114.html
WARNING: [HLS 200-471] Dataflow form checks found 1 issue(s) in file firmware/hls_dummy.cpp
Resolution: For help on HLS 200-471 see www.xilinx.com/cgi-bin/docs/rdoc?v=2023.1;t=hls+guidance;d=200-471.html
WARNING: [HLS 207-5292] unused parameter 'keep' (firmware/nnet_utils/nnet_helpers.h:285:99)
WARNING: [HLS 207-5292] unused parameter 'data' (firmware/nnet_utils/nnet_function_stubs.h:14:36)
WARNING: [HLS 207-5292] unused parameter 'buffer' (firmware/nnet_utils/nnet_function_stubs.h:15:36)
WARNING: [HLS 207-5292] unused parameter 'partition' (firmware/nnet_utils/nnet_function_stubs.h:16:44)
WARNING: [HLS 207-5292] unused parameter 'data' (firmware/nnet_utils/nnet_function_stubs.h:24:24)
WARNING: [HLS 207-5292] unused parameter 'buffer' (firmware/nnet_utils/nnet_function_stubs.h:25:24)
WARNING: [HLS 207-5292] unused parameter 'partition' (firmware/nnet_utils/nnet_function_stubs.h:26:32)
WARNING: [HLS 207-5292] unused parameter 'data' (firmware/nnet_utils/nnet_function_stubs.h:33:30)
WARNING: [HLS 207-5292] unused parameter 'res' (firmware/nnet_utils/nnet_function_stubs.h:33:58)
WARNING: [HLS 207-5292] unused parameter 'weights' (firmware/nnet_utils/nnet_function_stubs.h:34:51)
WARNING: [HLS 207-5292] unused parameter 'biases' (firmware/nnet_utils/nnet_function_stubs.h:35:49)
WARNING: [HLS 207-5292] unused parameter 'data' (firmware/nnet_utils/nnet_function_stubs.h:42:30)
WARNING: [HLS 207-5292] unused parameter 'res' (firmware/nnet_utils/nnet_function_stubs.h:42:58)
WARNING: [HLS 207-5292] unused parameter 'weights' (firmware/nnet_utils/nnet_function_stubs.h:43:51)
WARNING: [HLS 207-5292] unused parameter 'biases' (firmware/nnet_utils/nnet_function_stubs.h:44:49)
WARNING: [HLS 207-5292] unused parameter 'data' (firmware/nnet_utils/nnet_function_stubs.h:51:29)
WARNING: [HLS 207-5292] unused parameter 'res' (firmware/nnet_utils/nnet_function_stubs.h:51:80)
WARNING: [HLS 207-5292] unused parameter 'weights' (firmware/nnet_utils/nnet_function_stubs.h:52:50)
WARNING: [HLS 207-5292] unused parameter 'biases' (firmware/nnet_utils/nnet_function_stubs.h:53:48)
WARNING: [HLS 207-5292] unused parameter 'data' (firmware/nnet_utils/nnet_code_gen.h:16:39)
WARNING: [HLS 207-5292] unused parameter 'res' (firmware/nnet_utils/nnet_code_gen.h:17:38)
WARNING: [HLS 207-5292] unused parameter 'weights' (firmware/nnet_utils/nnet_code_gen.h:18:60)
WARNING: [HLS 207-5292] unused parameter 'biases' (firmware/nnet_utils/nnet_code_gen.h:19:58)
INFO: [HLS 200-111] Finished Source Code Analysis and Preprocessing: CPU user time: 6.7 seconds. CPU system time: 1.33 seconds. Elapsed time: 10.81 seconds; current allocated memory: 1.454 GB.
INFO: [HLS 200-777] Using interface defaults for 'Vivado' flow target.
INFO: [HLS 200-1995] There were 50,482 instructions in the design after the 'Compile/Link' phase of compilation. See the Design Size Report for more details: /home/coder/sparse-pixels/hls_proj/scaling/16b/reduction/reduction-in300/reduction-in300-out20/hls_dummy_prj/solution1/syn/report/csynth_design_size.rpt
INFO: [HLS 200-1995] There were 20,853 instructions in the design after the 'Unroll/Inline' phase of compilation. See the Design Size Report for more details: /home/coder/sparse-pixels/hls_proj/scaling/16b/reduction/reduction-in300/reduction-in300-out20/hls_dummy_prj/solution1/syn/report/csynth_design_size.rpt
INFO: [HLS 200-1995] There were 9,103 instructions in the design after the 'Performance/Pipeline' phase of compilation. See the Design Size Report for more details: /home/coder/sparse-pixels/hls_proj/scaling/16b/reduction/reduction-in300/reduction-in300-out20/hls_dummy_prj/solution1/syn/report/csynth_design_size.rpt
INFO: [HLS 200-1995] There were 7,223 instructions in the design after the 'Optimizations' phase of compilation. See the Design Size Report for more details: /home/coder/sparse-pixels/hls_proj/scaling/16b/reduction/reduction-in300/reduction-in300-out20/hls_dummy_prj/solution1/syn/report/csynth_design_size.rpt
INFO: [HLS 214-131] Inlining function 'value_idx_pair<ap_fixed<16, 6, (ap_q_mode)5, (ap_o_mode)3, 0> > find_active<value_idx_pair<ap_fixed<16, 6, (ap_q_mode)5, (ap_o_mode)3, 0> >, 2, Op_active<value_idx_pair<ap_fixed<16, 6, (ap_q_mode)5, (ap_o_mode)3, 0> >, ap_fixed<16, 6, (ap_q_mode)5, (ap_o_mode)3, 0> >, ap_fixed<16, 6, (ap_q_mode)5, (ap_o_mode)3, 0> >(value_idx_pair<ap_fixed<16, 6, (ap_q_mode)5, (ap_o_mode)3, 0> >*, Op_active<value_idx_pair<ap_fixed<16, 6, (ap_q_mode)5, (ap_o_mode)3, 0> >, ap_fixed<16, 6, (ap_q_mode)5, (ap_o_mode)3, 0> >, ap_fixed<16, 6, (ap_q_mode)5, (ap_o_mode)3, 0>)' into 'value_idx_pair<ap_fixed<16, 6, (ap_q_mode)5, (ap_o_mode)3, 0> > find_active<value_idx_pair<ap_fixed<16, 6, (ap_q_mode)5, (ap_o_mode)3, 0> >, 4, Op_active<value_idx_pair<ap_fixed<16, 6, (ap_q_mode)5, (ap_o_mode)3, 0> >, ap_fixed<16, 6, (ap_q_mode)5, (ap_o_mode)3, 0> >, ap_fixed<16, 6, (ap_q_mode)5, (ap_o_mode)3, 0> >(value_idx_pair<ap_fixed<16, 6, (ap_q_mode)5, (ap_o_mode)3, 0> >*, Op_active<value_idx_pair<ap_fixed<16, 6, (ap_q_mode)5, (ap_o_mode)3, 0> >, ap_fixed<16, 6, (ap_q_mode)5, (ap_o_mode)3, 0> >, ap_fixed<16, 6, (ap_q_mode)5, (ap_o_mode)3, 0>)' (firmware/hls_dummy.cpp:49:15)
INFO: [HLS 214-131] Inlining function 'value_idx_pair<ap_fixed<16, 6, (ap_q_mode)5, (ap_o_mode)3, 0> > find_active<value_idx_pair<ap_fixed<16, 6, (ap_q_mode)5, (ap_o_mode)3, 0> >, 2, Op_active<value_idx_pair<ap_fixed<16, 6, (ap_q_mode)5, (ap_o_mode)3, 0> >, ap_fixed<16, 6, (ap_q_mode)5, (ap_o_mode)3, 0> >, ap_fixed<16, 6, (ap_q_mode)5, (ap_o_mode)3, 0> >(value_idx_pair<ap_fixed<16, 6, (ap_q_mode)5, (ap_o_mode)3, 0> >*, Op_active<value_idx_pair<ap_fixed<16, 6, (ap_q_mode)5, (ap_o_mode)3, 0> >, ap_fixed<16, 6, (ap_q_mode)5, (ap_o_mode)3, 0> >, ap_fixed<16, 6, (ap_q_mode)5, (ap_o_mode)3, 0>)' into 'value_idx_pair<ap_fixed<16, 6, (ap_q_mode)5, (ap_o_mode)3, 0> > find_active<value_idx_pair<ap_fixed<16, 6, (ap_q_mode)5, (ap_o_mode)3, 0> >, 4, Op_active<value_idx_pair<ap_fixed<16, 6, (ap_q_mode)5, (ap_o_mode)3, 0> >, ap_fixed<16, 6, (ap_q_mode)5, (ap_o_mode)3, 0> >, ap_fixed<16, 6, (ap_q_mode)5, (ap_o_mode)3, 0> >(value_idx_pair<ap_fixed<16, 6, (ap_q_mode)5, (ap_o_mode)3, 0> >*, Op_active<value_idx_pair<ap_fixed<16, 6, (ap_q_mode)5, (ap_o_mode)3, 0> >, ap_fixed<16, 6, (ap_q_mode)5, (ap_o_mode)3, 0> >, ap_fixed<16, 6, (ap_q_mode)5, (ap_o_mode)3, 0>)' (firmware/hls_dummy.cpp:49:63)
INFO: [HLS 214-131] Inlining function 'value_idx_pair<ap_fixed<16, 6, (ap_q_mode)5, (ap_o_mode)3, 0> > find_active<value_idx_pair<ap_fixed<16, 6, (ap_q_mode)5, (ap_o_mode)3, 0> >, 4, Op_active<value_idx_pair<ap_fixed<16, 6, (ap_q_mode)5, (ap_o_mode)3, 0> >, ap_fixed<16, 6, (ap_q_mode)5, (ap_o_mode)3, 0> >, ap_fixed<16, 6, (ap_q_mode)5, (ap_o_mode)3, 0> >(value_idx_pair<ap_fixed<16, 6, (ap_q_mode)5, (ap_o_mode)3, 0> >*, Op_active<value_idx_pair<ap_fixed<16, 6, (ap_q_mode)5, (ap_o_mode)3, 0> >, ap_fixed<16, 6, (ap_q_mode)5, (ap_o_mode)3, 0> >, ap_fixed<16, 6, (ap_q_mode)5, (ap_o_mode)3, 0>)' into 'value_idx_pair<ap_fixed<16, 6, (ap_q_mode)5, (ap_o_mode)3, 0> > find_active<value_idx_pair<ap_fixed<16, 6, (ap_q_mode)5, (ap_o_mode)3, 0> >, 8, Op_active<value_idx_pair<ap_fixed<16, 6, (ap_q_mode)5, (ap_o_mode)3, 0> >, ap_fixed<16, 6, (ap_q_mode)5, (ap_o_mode)3, 0> >, ap_fixed<16, 6, (ap_q_mode)5, (ap_o_mode)3, 0> >(value_idx_pair<ap_fixed<16, 6, (ap_q_mode)5, (ap_o_mode)3, 0> >*, Op_active<value_idx_pair<ap_fixed<16, 6, (ap_q_mode)5, (ap_o_mode)3, 0> >, ap_fixed<16, 6, (ap_q_mode)5, (ap_o_mode)3, 0> >, ap_fixed<16, 6, (ap_q_mode)5, (ap_o_mode)3, 0>)' (firmware/hls_dummy.cpp:49:15)
INFO: [HLS 214-131] Inlining function 'value_idx_pair<ap_fixed<16, 6, (ap_q_mode)5, (ap_o_mode)3, 0> > find_active<value_idx_pair<ap_fixed<16, 6, (ap_q_mode)5, (ap_o_mode)3, 0> >, 4, Op_active<value_idx_pair<ap_fixed<16, 6, (ap_q_mode)5, (ap_o_mode)3, 0> >, ap_fixed<16, 6, (ap_q_mode)5, (ap_o_mode)3, 0> >, ap_fixed<16, 6, (ap_q_mode)5, (ap_o_mode)3, 0> >(value_idx_pair<ap_fixed<16, 6, (ap_q_mode)5, (ap_o_mode)3, 0> >*, Op_active<value_idx_pair<ap_fixed<16, 6, (ap_q_mode)5, (ap_o_mode)3, 0> >, ap_fixed<16, 6, (ap_q_mode)5, (ap_o_mode)3, 0> >, ap_fixed<16, 6, (ap_q_mode)5, (ap_o_mode)3, 0>)' into 'value_idx_pair<ap_fixed<16, 6, (ap_q_mode)5, (ap_o_mode)3, 0> > find_active<value_idx_pair<ap_fixed<16, 6, (ap_q_mode)5, (ap_o_mode)3, 0> >, 8, Op_active<value_idx_pair<ap_fixed<16, 6, (ap_q_mode)5, (ap_o_mode)3, 0> >, ap_fixed<16, 6, (ap_q_mode)5, (ap_o_mode)3, 0> >, ap_fixed<16, 6, (ap_q_mode)5, (ap_o_mode)3, 0> >(value_idx_pair<ap_fixed<16, 6, (ap_q_mode)5, (ap_o_mode)3, 0> >*, Op_active<value_idx_pair<ap_fixed<16, 6, (ap_q_mode)5, (ap_o_mode)3, 0> >, ap_fixed<16, 6, (ap_q_mode)5, (ap_o_mode)3, 0> >, ap_fixed<16, 6, (ap_q_mode)5, (ap_o_mode)3, 0>)' (firmware/hls_dummy.cpp:49:63)
INFO: [HLS 214-131] Inlining function 'value_idx_pair<ap_fixed<16, 6, (ap_q_mode)5, (ap_o_mode)3, 0> > find_active<value_idx_pair<ap_fixed<16, 6, (ap_q_mode)5, (ap_o_mode)3, 0> >, 8, Op_active<value_idx_pair<ap_fixed<16, 6, (ap_q_mode)5, (ap_o_mode)3, 0> >, ap_fixed<16, 6, (ap_q_mode)5, (ap_o_mode)3, 0> >, ap_fixed<16, 6, (ap_q_mode)5, (ap_o_mode)3, 0> >(value_idx_pair<ap_fixed<16, 6, (ap_q_mode)5, (ap_o_mode)3, 0> >*, Op_active<value_idx_pair<ap_fixed<16, 6, (ap_q_mode)5, (ap_o_mode)3, 0> >, ap_fixed<16, 6, (ap_q_mode)5, (ap_o_mode)3, 0> >, ap_fixed<16, 6, (ap_q_mode)5, (ap_o_mode)3, 0>)' into 'value_idx_pair<ap_fixed<16, 6, (ap_q_mode)5, (ap_o_mode)3, 0> > find_active<value_idx_pair<ap_fixed<16, 6, (ap_q_mode)5, (ap_o_mode)3, 0> >, 16, Op_active<value_idx_pair<ap_fixed<16, 6, (ap_q_mode)5, (ap_o_mode)3, 0> >, ap_fixed<16, 6, (ap_q_mode)5, (ap_o_mode)3, 0> >, ap_fixed<16, 6, (ap_q_mode)5, (ap_o_mode)3, 0> >(value_idx_pair<ap_fixed<16, 6, (ap_q_mode)5, (ap_o_mode)3, 0> >*, Op_active<value_idx_pair<ap_fixed<16, 6, (ap_q_mode)5, (ap_o_mode)3, 0> >, ap_fixed<16, 6, (ap_q_mode)5, (ap_o_mode)3, 0> >, ap_fixed<16, 6, (ap_q_mode)5, (ap_o_mode)3, 0>)' (firmware/hls_dummy.cpp:49:15)
INFO: [HLS 214-131] Inlining function 'value_idx_pair<ap_fixed<16, 6, (ap_q_mode)5, (ap_o_mode)3, 0> > find_active<value_idx_pair<ap_fixed<16, 6, (ap_q_mode)5, (ap_o_mode)3, 0> >, 8, Op_active<value_idx_pair<ap_fixed<16, 6, (ap_q_mode)5, (ap_o_mode)3, 0> >, ap_fixed<16, 6, (ap_q_mode)5, (ap_o_mode)3, 0> >, ap_fixed<16, 6, (ap_q_mode)5, (ap_o_mode)3, 0> >(value_idx_pair<ap_fixed<16, 6, (ap_q_mode)5, (ap_o_mode)3, 0> >*, Op_active<value_idx_pair<ap_fixed<16, 6, (ap_q_mode)5, (ap_o_mode)3, 0> >, ap_fixed<16, 6, (ap_q_mode)5, (ap_o_mode)3, 0> >, ap_fixed<16, 6, (ap_q_mode)5, (ap_o_mode)3, 0>)' into 'value_idx_pair<ap_fixed<16, 6, (ap_q_mode)5, (ap_o_mode)3, 0> > find_active<value_idx_pair<ap_fixed<16, 6, (ap_q_mode)5, (ap_o_mode)3, 0> >, 16, Op_active<value_idx_pair<ap_fixed<16, 6, (ap_q_mode)5, (ap_o_mode)3, 0> >, ap_fixed<16, 6, (ap_q_mode)5, (ap_o_mode)3, 0> >, ap_fixed<16, 6, (ap_q_mode)5, (ap_o_mode)3, 0> >(value_idx_pair<ap_fixed<16, 6, (ap_q_mode)5, (ap_o_mode)3, 0> >*, Op_active<value_idx_pair<ap_fixed<16, 6, (ap_q_mode)5, (ap_o_mode)3, 0> >, ap_fixed<16, 6, (ap_q_mode)5, (ap_o_mode)3, 0> >, ap_fixed<16, 6, (ap_q_mode)5, (ap_o_mode)3, 0>)' (firmware/hls_dummy.cpp:49:63)
INFO: [HLS 214-131] Inlining function 'value_idx_pair<ap_fixed<16, 6, (ap_q_mode)5, (ap_o_mode)3, 0> > find_active<value_idx_pair<ap_fixed<16, 6, (ap_q_mode)5, (ap_o_mode)3, 0> >, 16, Op_active<value_idx_pair<ap_fixed<16, 6, (ap_q_mode)5, (ap_o_mode)3, 0> >, ap_fixed<16, 6, (ap_q_mode)5, (ap_o_mode)3, 0> >, ap_fixed<16, 6, (ap_q_mode)5, (ap_o_mode)3, 0> >(value_idx_pair<ap_fixed<16, 6, (ap_q_mode)5, (ap_o_mode)3, 0> >*, Op_active<value_idx_pair<ap_fixed<16, 6, (ap_q_mode)5, (ap_o_mode)3, 0> >, ap_fixed<16, 6, (ap_q_mode)5, (ap_o_mode)3, 0> >, ap_fixed<16, 6, (ap_q_mode)5, (ap_o_mode)3, 0>)' into 'value_idx_pair<ap_fixed<16, 6, (ap_q_mode)5, (ap_o_mode)3, 0> > find_active<value_idx_pair<ap_fixed<16, 6, (ap_q_mode)5, (ap_o_mode)3, 0> >, 32, Op_active<value_idx_pair<ap_fixed<16, 6, (ap_q_mode)5, (ap_o_mode)3, 0> >, ap_fixed<16, 6, (ap_q_mode)5, (ap_o_mode)3, 0> >, ap_fixed<16, 6, (ap_q_mode)5, (ap_o_mode)3, 0> >(value_idx_pair<ap_fixed<16, 6, (ap_q_mode)5, (ap_o_mode)3, 0> >*, Op_active<value_idx_pair<ap_fixed<16, 6, (ap_q_mode)5, (ap_o_mode)3, 0> >, ap_fixed<16, 6, (ap_q_mode)5, (ap_o_mode)3, 0> >, ap_fixed<16, 6, (ap_q_mode)5, (ap_o_mode)3, 0>)' (firmware/hls_dummy.cpp:49:15)
INFO: [HLS 214-131] Inlining function 'value_idx_pair<ap_fixed<16, 6, (ap_q_mode)5, (ap_o_mode)3, 0> > find_active<value_idx_pair<ap_fixed<16, 6, (ap_q_mode)5, (ap_o_mode)3, 0> >, 16, Op_active<value_idx_pair<ap_fixed<16, 6, (ap_q_mode)5, (ap_o_mode)3, 0> >, ap_fixed<16, 6, (ap_q_mode)5, (ap_o_mode)3, 0> >, ap_fixed<16, 6, (ap_q_mode)5, (ap_o_mode)3, 0> >(value_idx_pair<ap_fixed<16, 6, (ap_q_mode)5, (ap_o_mode)3, 0> >*, Op_active<value_idx_pair<ap_fixed<16, 6, (ap_q_mode)5, (ap_o_mode)3, 0> >, ap_fixed<16, 6, (ap_q_mode)5, (ap_o_mode)3, 0> >, ap_fixed<16, 6, (ap_q_mode)5, (ap_o_mode)3, 0>)' into 'value_idx_pair<ap_fixed<16, 6, (ap_q_mode)5, (ap_o_mode)3, 0> > find_active<value_idx_pair<ap_fixed<16, 6, (ap_q_mode)5, (ap_o_mode)3, 0> >, 32, Op_active<value_idx_pair<ap_fixed<16, 6, (ap_q_mode)5, (ap_o_mode)3, 0> >, ap_fixed<16, 6, (ap_q_mode)5, (ap_o_mode)3, 0> >, ap_fixed<16, 6, (ap_q_mode)5, (ap_o_mode)3, 0> >(value_idx_pair<ap_fixed<16, 6, (ap_q_mode)5, (ap_o_mode)3, 0> >*, Op_active<value_idx_pair<ap_fixed<16, 6, (ap_q_mode)5, (ap_o_mode)3, 0> >, ap_fixed<16, 6, (ap_q_mode)5, (ap_o_mode)3, 0> >, ap_fixed<16, 6, (ap_q_mode)5, (ap_o_mode)3, 0>)' (firmware/hls_dummy.cpp:49:63)
INFO: [HLS 214-131] Inlining function 'value_idx_pair<ap_fixed<16, 6, (ap_q_mode)5, (ap_o_mode)3, 0> > find_active<value_idx_pair<ap_fixed<16, 6, (ap_q_mode)5, (ap_o_mode)3, 0> >, 32, Op_active<value_idx_pair<ap_fixed<16, 6, (ap_q_mode)5, (ap_o_mode)3, 0> >, ap_fixed<16, 6, (ap_q_mode)5, (ap_o_mode)3, 0> >, ap_fixed<16, 6, (ap_q_mode)5, (ap_o_mode)3, 0> >(value_idx_pair<ap_fixed<16, 6, (ap_q_mode)5, (ap_o_mode)3, 0> >*, Op_active<value_idx_pair<ap_fixed<16, 6, (ap_q_mode)5, (ap_o_mode)3, 0> >, ap_fixed<16, 6, (ap_q_mode)5, (ap_o_mode)3, 0> >, ap_fixed<16, 6, (ap_q_mode)5, (ap_o_mode)3, 0>)' into 'value_idx_pair<ap_fixed<16, 6, (ap_q_mode)5, (ap_o_mode)3, 0> > find_active<value_idx_pair<ap_fixed<16, 6, (ap_q_mode)5, (ap_o_mode)3, 0> >, 64, Op_active<value_idx_pair<ap_fixed<16, 6, (ap_q_mode)5, (ap_o_mode)3, 0> >, ap_fixed<16, 6, (ap_q_mode)5, (ap_o_mode)3, 0> >, ap_fixed<16, 6, (ap_q_mode)5, (ap_o_mode)3, 0> >(value_idx_pair<ap_fixed<16, 6, (ap_q_mode)5, (ap_o_mode)3, 0> >*, Op_active<value_idx_pair<ap_fixed<16, 6, (ap_q_mode)5, (ap_o_mode)3, 0> >, ap_fixed<16, 6, (ap_q_mode)5, (ap_o_mode)3, 0> >, ap_fixed<16, 6, (ap_q_mode)5, (ap_o_mode)3, 0>)' (firmware/hls_dummy.cpp:49:15)
INFO: [HLS 214-131] Inlining function 'value_idx_pair<ap_fixed<16, 6, (ap_q_mode)5, (ap_o_mode)3, 0> > find_active<value_idx_pair<ap_fixed<16, 6, (ap_q_mode)5, (ap_o_mode)3, 0> >, 32, Op_active<value_idx_pair<ap_fixed<16, 6, (ap_q_mode)5, (ap_o_mode)3, 0> >, ap_fixed<16, 6, (ap_q_mode)5, (ap_o_mode)3, 0> >, ap_fixed<16, 6, (ap_q_mode)5, (ap_o_mode)3, 0> >(value_idx_pair<ap_fixed<16, 6, (ap_q_mode)5, (ap_o_mode)3, 0> >*, Op_active<value_idx_pair<ap_fixed<16, 6, (ap_q_mode)5, (ap_o_mode)3, 0> >, ap_fixed<16, 6, (ap_q_mode)5, (ap_o_mode)3, 0> >, ap_fixed<16, 6, (ap_q_mode)5, (ap_o_mode)3, 0>)' into 'value_idx_pair<ap_fixed<16, 6, (ap_q_mode)5, (ap_o_mode)3, 0> > find_active<value_idx_pair<ap_fixed<16, 6, (ap_q_mode)5, (ap_o_mode)3, 0> >, 64, Op_active<value_idx_pair<ap_fixed<16, 6, (ap_q_mode)5, (ap_o_mode)3, 0> >, ap_fixed<16, 6, (ap_q_mode)5, (ap_o_mode)3, 0> >, ap_fixed<16, 6, (ap_q_mode)5, (ap_o_mode)3, 0> >(value_idx_pair<ap_fixed<16, 6, (ap_q_mode)5, (ap_o_mode)3, 0> >*, Op_active<value_idx_pair<ap_fixed<16, 6, (ap_q_mode)5, (ap_o_mode)3, 0> >, ap_fixed<16, 6, (ap_q_mode)5, (ap_o_mode)3, 0> >, ap_fixed<16, 6, (ap_q_mode)5, (ap_o_mode)3, 0>)' (firmware/hls_dummy.cpp:49:63)
INFO: [HLS 214-131] Inlining function 'value_idx_pair<ap_fixed<16, 6, (ap_q_mode)5, (ap_o_mode)3, 0> > find_active<value_idx_pair<ap_fixed<16, 6, (ap_q_mode)5, (ap_o_mode)3, 0> >, 64, Op_active<value_idx_pair<ap_fixed<16, 6, (ap_q_mode)5, (ap_o_mode)3, 0> >, ap_fixed<16, 6, (ap_q_mode)5, (ap_o_mode)3, 0> >, ap_fixed<16, 6, (ap_q_mode)5, (ap_o_mode)3, 0> >(value_idx_pair<ap_fixed<16, 6, (ap_q_mode)5, (ap_o_mode)3, 0> >*, Op_active<value_idx_pair<ap_fixed<16, 6, (ap_q_mode)5, (ap_o_mode)3, 0> >, ap_fixed<16, 6, (ap_q_mode)5, (ap_o_mode)3, 0> >, ap_fixed<16, 6, (ap_q_mode)5, (ap_o_mode)3, 0>)' into 'value_idx_pair<ap_fixed<16, 6, (ap_q_mode)5, (ap_o_mode)3, 0> > find_active<value_idx_pair<ap_fixed<16, 6, (ap_q_mode)5, (ap_o_mode)3, 0> >, 128, Op_active<value_idx_pair<ap_fixed<16, 6, (ap_q_mode)5, (ap_o_mode)3, 0> >, ap_fixed<16, 6, (ap_q_mode)5, (ap_o_mode)3, 0> >, ap_fixed<16, 6, (ap_q_mode)5, (ap_o_mode)3, 0> >(value_idx_pair<ap_fixed<16, 6, (ap_q_mode)5, (ap_o_mode)3, 0> >*, Op_active<value_idx_pair<ap_fixed<16, 6, (ap_q_mode)5, (ap_o_mode)3, 0> >, ap_fixed<16, 6, (ap_q_mode)5, (ap_o_mode)3, 0> >, ap_fixed<16, 6, (ap_q_mode)5, (ap_o_mode)3, 0>)' (firmware/hls_dummy.cpp:49:15)
INFO: [HLS 214-131] Inlining function 'value_idx_pair<ap_fixed<16, 6, (ap_q_mode)5, (ap_o_mode)3, 0> > find_active<value_idx_pair<ap_fixed<16, 6, (ap_q_mode)5, (ap_o_mode)3, 0> >, 64, Op_active<value_idx_pair<ap_fixed<16, 6, (ap_q_mode)5, (ap_o_mode)3, 0> >, ap_fixed<16, 6, (ap_q_mode)5, (ap_o_mode)3, 0> >, ap_fixed<16, 6, (ap_q_mode)5, (ap_o_mode)3, 0> >(value_idx_pair<ap_fixed<16, 6, (ap_q_mode)5, (ap_o_mode)3, 0> >*, Op_active<value_idx_pair<ap_fixed<16, 6, (ap_q_mode)5, (ap_o_mode)3, 0> >, ap_fixed<16, 6, (ap_q_mode)5, (ap_o_mode)3, 0> >, ap_fixed<16, 6, (ap_q_mode)5, (ap_o_mode)3, 0>)' into 'value_idx_pair<ap_fixed<16, 6, (ap_q_mode)5, (ap_o_mode)3, 0> > find_active<value_idx_pair<ap_fixed<16, 6, (ap_q_mode)5, (ap_o_mode)3, 0> >, 128, Op_active<value_idx_pair<ap_fixed<16, 6, (ap_q_mode)5, (ap_o_mode)3, 0> >, ap_fixed<16, 6, (ap_q_mode)5, (ap_o_mode)3, 0> >, ap_fixed<16, 6, (ap_q_mode)5, (ap_o_mode)3, 0> >(value_idx_pair<ap_fixed<16, 6, (ap_q_mode)5, (ap_o_mode)3, 0> >*, Op_active<value_idx_pair<ap_fixed<16, 6, (ap_q_mode)5, (ap_o_mode)3, 0> >, ap_fixed<16, 6, (ap_q_mode)5, (ap_o_mode)3, 0> >, ap_fixed<16, 6, (ap_q_mode)5, (ap_o_mode)3, 0>)' (firmware/hls_dummy.cpp:49:63)
INFO: [HLS 214-131] Inlining function 'value_idx_pair<ap_fixed<16, 6, (ap_q_mode)5, (ap_o_mode)3, 0> > find_active<value_idx_pair<ap_fixed<16, 6, (ap_q_mode)5, (ap_o_mode)3, 0> >, 128, Op_active<value_idx_pair<ap_fixed<16, 6, (ap_q_mode)5, (ap_o_mode)3, 0> >, ap_fixed<16, 6, (ap_q_mode)5, (ap_o_mode)3, 0> >, ap_fixed<16, 6, (ap_q_mode)5, (ap_o_mode)3, 0> >(value_idx_pair<ap_fixed<16, 6, (ap_q_mode)5, (ap_o_mode)3, 0> >*, Op_active<value_idx_pair<ap_fixed<16, 6, (ap_q_mode)5, (ap_o_mode)3, 0> >, ap_fixed<16, 6, (ap_q_mode)5, (ap_o_mode)3, 0> >, ap_fixed<16, 6, (ap_q_mode)5, (ap_o_mode)3, 0>)' into 'value_idx_pair<ap_fixed<16, 6, (ap_q_mode)5, (ap_o_mode)3, 0> > find_active<value_idx_pair<ap_fixed<16, 6, (ap_q_mode)5, (ap_o_mode)3, 0> >, 256, Op_active<value_idx_pair<ap_fixed<16, 6, (ap_q_mode)5, (ap_o_mode)3, 0> >, ap_fixed<16, 6, (ap_q_mode)5, (ap_o_mode)3, 0> >, ap_fixed<16, 6, (ap_q_mode)5, (ap_o_mode)3, 0> >(value_idx_pair<ap_fixed<16, 6, (ap_q_mode)5, (ap_o_mode)3, 0> >*, Op_active<value_idx_pair<ap_fixed<16, 6, (ap_q_mode)5, (ap_o_mode)3, 0> >, ap_fixed<16, 6, (ap_q_mode)5, (ap_o_mode)3, 0> >, ap_fixed<16, 6, (ap_q_mode)5, (ap_o_mode)3, 0>)' (firmware/hls_dummy.cpp:49:15)
INFO: [HLS 214-131] Inlining function 'value_idx_pair<ap_fixed<16, 6, (ap_q_mode)5, (ap_o_mode)3, 0> > find_active<value_idx_pair<ap_fixed<16, 6, (ap_q_mode)5, (ap_o_mode)3, 0> >, 128, Op_active<value_idx_pair<ap_fixed<16, 6, (ap_q_mode)5, (ap_o_mode)3, 0> >, ap_fixed<16, 6, (ap_q_mode)5, (ap_o_mode)3, 0> >, ap_fixed<16, 6, (ap_q_mode)5, (ap_o_mode)3, 0> >(value_idx_pair<ap_fixed<16, 6, (ap_q_mode)5, (ap_o_mode)3, 0> >*, Op_active<value_idx_pair<ap_fixed<16, 6, (ap_q_mode)5, (ap_o_mode)3, 0> >, ap_fixed<16, 6, (ap_q_mode)5, (ap_o_mode)3, 0> >, ap_fixed<16, 6, (ap_q_mode)5, (ap_o_mode)3, 0>)' into 'value_idx_pair<ap_fixed<16, 6, (ap_q_mode)5, (ap_o_mode)3, 0> > find_active<value_idx_pair<ap_fixed<16, 6, (ap_q_mode)5, (ap_o_mode)3, 0> >, 256, Op_active<value_idx_pair<ap_fixed<16, 6, (ap_q_mode)5, (ap_o_mode)3, 0> >, ap_fixed<16, 6, (ap_q_mode)5, (ap_o_mode)3, 0> >, ap_fixed<16, 6, (ap_q_mode)5, (ap_o_mode)3, 0> >(value_idx_pair<ap_fixed<16, 6, (ap_q_mode)5, (ap_o_mode)3, 0> >*, Op_active<value_idx_pair<ap_fixed<16, 6, (ap_q_mode)5, (ap_o_mode)3, 0> >, ap_fixed<16, 6, (ap_q_mode)5, (ap_o_mode)3, 0> >, ap_fixed<16, 6, (ap_q_mode)5, (ap_o_mode)3, 0>)' (firmware/hls_dummy.cpp:49:63)
INFO: [HLS 214-131] Inlining function 'value_idx_pair<ap_fixed<16, 6, (ap_q_mode)5, (ap_o_mode)3, 0> > find_active<value_idx_pair<ap_fixed<16, 6, (ap_q_mode)5, (ap_o_mode)3, 0> >, 8, Op_active<value_idx_pair<ap_fixed<16, 6, (ap_q_mode)5, (ap_o_mode)3, 0> >, ap_fixed<16, 6, (ap_q_mode)5, (ap_o_mode)3, 0> >, ap_fixed<16, 6, (ap_q_mode)5, (ap_o_mode)3, 0> >(value_idx_pair<ap_fixed<16, 6, (ap_q_mode)5, (ap_o_mode)3, 0> >*, Op_active<value_idx_pair<ap_fixed<16, 6, (ap_q_mode)5, (ap_o_mode)3, 0> >, ap_fixed<16, 6, (ap_q_mode)5, (ap_o_mode)3, 0> >, ap_fixed<16, 6, (ap_q_mode)5, (ap_o_mode)3, 0>)' into 'value_idx_pair<ap_fixed<16, 6, (ap_q_mode)5, (ap_o_mode)3, 0> > find_active<value_idx_pair<ap_fixed<16, 6, (ap_q_mode)5, (ap_o_mode)3, 0> >, 12, Op_active<value_idx_pair<ap_fixed<16, 6, (ap_q_mode)5, (ap_o_mode)3, 0> >, ap_fixed<16, 6, (ap_q_mode)5, (ap_o_mode)3, 0> >, ap_fixed<16, 6, (ap_q_mode)5, (ap_o_mode)3, 0> >(value_idx_pair<ap_fixed<16, 6, (ap_q_mode)5, (ap_o_mode)3, 0> >*, Op_active<value_idx_pair<ap_fixed<16, 6, (ap_q_mode)5, (ap_o_mode)3, 0> >, ap_fixed<16, 6, (ap_q_mode)5, (ap_o_mode)3, 0> >, ap_fixed<16, 6, (ap_q_mode)5, (ap_o_mode)3, 0>)' (firmware/hls_dummy.cpp:49:15)
INFO: [HLS 214-131] Inlining function 'value_idx_pair<ap_fixed<16, 6, (ap_q_mode)5, (ap_o_mode)3, 0> > find_active<value_idx_pair<ap_fixed<16, 6, (ap_q_mode)5, (ap_o_mode)3, 0> >, 4, Op_active<value_idx_pair<ap_fixed<16, 6, (ap_q_mode)5, (ap_o_mode)3, 0> >, ap_fixed<16, 6, (ap_q_mode)5, (ap_o_mode)3, 0> >, ap_fixed<16, 6, (ap_q_mode)5, (ap_o_mode)3, 0> >(value_idx_pair<ap_fixed<16, 6, (ap_q_mode)5, (ap_o_mode)3, 0> >*, Op_active<value_idx_pair<ap_fixed<16, 6, (ap_q_mode)5, (ap_o_mode)3, 0> >, ap_fixed<16, 6, (ap_q_mode)5, (ap_o_mode)3, 0> >, ap_fixed<16, 6, (ap_q_mode)5, (ap_o_mode)3, 0>)' into 'value_idx_pair<ap_fixed<16, 6, (ap_q_mode)5, (ap_o_mode)3, 0> > find_active<value_idx_pair<ap_fixed<16, 6, (ap_q_mode)5, (ap_o_mode)3, 0> >, 12, Op_active<value_idx_pair<ap_fixed<16, 6, (ap_q_mode)5, (ap_o_mode)3, 0> >, ap_fixed<16, 6, (ap_q_mode)5, (ap_o_mode)3, 0> >, ap_fixed<16, 6, (ap_q_mode)5, (ap_o_mode)3, 0> >(value_idx_pair<ap_fixed<16, 6, (ap_q_mode)5, (ap_o_mode)3, 0> >*, Op_active<value_idx_pair<ap_fixed<16, 6, (ap_q_mode)5, (ap_o_mode)3, 0> >, ap_fixed<16, 6, (ap_q_mode)5, (ap_o_mode)3, 0> >, ap_fixed<16, 6, (ap_q_mode)5, (ap_o_mode)3, 0>)' (firmware/hls_dummy.cpp:49:63)
INFO: [HLS 214-131] Inlining function 'value_idx_pair<ap_fixed<16, 6, (ap_q_mode)5, (ap_o_mode)3, 0> > find_active<value_idx_pair<ap_fixed<16, 6, (ap_q_mode)5, (ap_o_mode)3, 0> >, 32, Op_active<value_idx_pair<ap_fixed<16, 6, (ap_q_mode)5, (ap_o_mode)3, 0> >, ap_fixed<16, 6, (ap_q_mode)5, (ap_o_mode)3, 0> >, ap_fixed<16, 6, (ap_q_mode)5, (ap_o_mode)3, 0> >(value_idx_pair<ap_fixed<16, 6, (ap_q_mode)5, (ap_o_mode)3, 0> >*, Op_active<value_idx_pair<ap_fixed<16, 6, (ap_q_mode)5, (ap_o_mode)3, 0> >, ap_fixed<16, 6, (ap_q_mode)5, (ap_o_mode)3, 0> >, ap_fixed<16, 6, (ap_q_mode)5, (ap_o_mode)3, 0>)' into 'value_idx_pair<ap_fixed<16, 6, (ap_q_mode)5, (ap_o_mode)3, 0> > find_active<value_idx_pair<ap_fixed<16, 6, (ap_q_mode)5, (ap_o_mode)3, 0> >, 44, Op_active<value_idx_pair<ap_fixed<16, 6, (ap_q_mode)5, (ap_o_mode)3, 0> >, ap_fixed<16, 6, (ap_q_mode)5, (ap_o_mode)3, 0> >, ap_fixed<16, 6, (ap_q_mode)5, (ap_o_mode)3, 0> >(value_idx_pair<ap_fixed<16, 6, (ap_q_mode)5, (ap_o_mode)3, 0> >*, Op_active<value_idx_pair<ap_fixed<16, 6, (ap_q_mode)5, (ap_o_mode)3, 0> >, ap_fixed<16, 6, (ap_q_mode)5, (ap_o_mode)3, 0> >, ap_fixed<16, 6, (ap_q_mode)5, (ap_o_mode)3, 0>)' (firmware/hls_dummy.cpp:49:15)
INFO: [HLS 214-131] Inlining function 'value_idx_pair<ap_fixed<16, 6, (ap_q_mode)5, (ap_o_mode)3, 0> > find_active<value_idx_pair<ap_fixed<16, 6, (ap_q_mode)5, (ap_o_mode)3, 0> >, 12, Op_active<value_idx_pair<ap_fixed<16, 6, (ap_q_mode)5, (ap_o_mode)3, 0> >, ap_fixed<16, 6, (ap_q_mode)5, (ap_o_mode)3, 0> >, ap_fixed<16, 6, (ap_q_mode)5, (ap_o_mode)3, 0> >(value_idx_pair<ap_fixed<16, 6, (ap_q_mode)5, (ap_o_mode)3, 0> >*, Op_active<value_idx_pair<ap_fixed<16, 6, (ap_q_mode)5, (ap_o_mode)3, 0> >, ap_fixed<16, 6, (ap_q_mode)5, (ap_o_mode)3, 0> >, ap_fixed<16, 6, (ap_q_mode)5, (ap_o_mode)3, 0>)' into 'value_idx_pair<ap_fixed<16, 6, (ap_q_mode)5, (ap_o_mode)3, 0> > find_active<value_idx_pair<ap_fixed<16, 6, (ap_q_mode)5, (ap_o_mode)3, 0> >, 44, Op_active<value_idx_pair<ap_fixed<16, 6, (ap_q_mode)5, (ap_o_mode)3, 0> >, ap_fixed<16, 6, (ap_q_mode)5, (ap_o_mode)3, 0> >, ap_fixed<16, 6, (ap_q_mode)5, (ap_o_mode)3, 0> >(value_idx_pair<ap_fixed<16, 6, (ap_q_mode)5, (ap_o_mode)3, 0> >*, Op_active<value_idx_pair<ap_fixed<16, 6, (ap_q_mode)5, (ap_o_mode)3, 0> >, ap_fixed<16, 6, (ap_q_mode)5, (ap_o_mode)3, 0> >, ap_fixed<16, 6, (ap_q_mode)5, (ap_o_mode)3, 0>)' (firmware/hls_dummy.cpp:49:63)
INFO: [HLS 214-131] Inlining function 'value_idx_pair<ap_fixed<16, 6, (ap_q_mode)5, (ap_o_mode)3, 0> > find_active<value_idx_pair<ap_fixed<16, 6, (ap_q_mode)5, (ap_o_mode)3, 0> >, 256, Op_active<value_idx_pair<ap_fixed<16, 6, (ap_q_mode)5, (ap_o_mode)3, 0> >, ap_fixed<16, 6, (ap_q_mode)5, (ap_o_mode)3, 0> >, ap_fixed<16, 6, (ap_q_mode)5, (ap_o_mode)3, 0> >(value_idx_pair<ap_fixed<16, 6, (ap_q_mode)5, (ap_o_mode)3, 0> >*, Op_active<value_idx_pair<ap_fixed<16, 6, (ap_q_mode)5, (ap_o_mode)3, 0> >, ap_fixed<16, 6, (ap_q_mode)5, (ap_o_mode)3, 0> >, ap_fixed<16, 6, (ap_q_mode)5, (ap_o_mode)3, 0>)' into 'value_idx_pair<ap_fixed<16, 6, (ap_q_mode)5, (ap_o_mode)3, 0> > find_active<value_idx_pair<ap_fixed<16, 6, (ap_q_mode)5, (ap_o_mode)3, 0> >, 300, Op_active<value_idx_pair<ap_fixed<16, 6, (ap_q_mode)5, (ap_o_mode)3, 0> >, ap_fixed<16, 6, (ap_q_mode)5, (ap_o_mode)3, 0> >, ap_fixed<16, 6, (ap_q_mode)5, (ap_o_mode)3, 0> >(value_idx_pair<ap_fixed<16, 6, (ap_q_mode)5, (ap_o_mode)3, 0> >*, Op_active<value_idx_pair<ap_fixed<16, 6, (ap_q_mode)5, (ap_o_mode)3, 0> >, ap_fixed<16, 6, (ap_q_mode)5, (ap_o_mode)3, 0> >, ap_fixed<16, 6, (ap_q_mode)5, (ap_o_mode)3, 0>)' (firmware/hls_dummy.cpp:49:15)
INFO: [HLS 214-131] Inlining function 'value_idx_pair<ap_fixed<16, 6, (ap_q_mode)5, (ap_o_mode)3, 0> > find_active<value_idx_pair<ap_fixed<16, 6, (ap_q_mode)5, (ap_o_mode)3, 0> >, 44, Op_active<value_idx_pair<ap_fixed<16, 6, (ap_q_mode)5, (ap_o_mode)3, 0> >, ap_fixed<16, 6, (ap_q_mode)5, (ap_o_mode)3, 0> >, ap_fixed<16, 6, (ap_q_mode)5, (ap_o_mode)3, 0> >(value_idx_pair<ap_fixed<16, 6, (ap_q_mode)5, (ap_o_mode)3, 0> >*, Op_active<value_idx_pair<ap_fixed<16, 6, (ap_q_mode)5, (ap_o_mode)3, 0> >, ap_fixed<16, 6, (ap_q_mode)5, (ap_o_mode)3, 0> >, ap_fixed<16, 6, (ap_q_mode)5, (ap_o_mode)3, 0>)' into 'value_idx_pair<ap_fixed<16, 6, (ap_q_mode)5, (ap_o_mode)3, 0> > find_active<value_idx_pair<ap_fixed<16, 6, (ap_q_mode)5, (ap_o_mode)3, 0> >, 300, Op_active<value_idx_pair<ap_fixed<16, 6, (ap_q_mode)5, (ap_o_mode)3, 0> >, ap_fixed<16, 6, (ap_q_mode)5, (ap_o_mode)3, 0> >, ap_fixed<16, 6, (ap_q_mode)5, (ap_o_mode)3, 0> >(value_idx_pair<ap_fixed<16, 6, (ap_q_mode)5, (ap_o_mode)3, 0> >*, Op_active<value_idx_pair<ap_fixed<16, 6, (ap_q_mode)5, (ap_o_mode)3, 0> >, ap_fixed<16, 6, (ap_q_mode)5, (ap_o_mode)3, 0> >, ap_fixed<16, 6, (ap_q_mode)5, (ap_o_mode)3, 0>)' (firmware/hls_dummy.cpp:49:63)
INFO: [HLS 214-131] Inlining function 'value_idx_pair<ap_fixed<16, 6, (ap_q_mode)5, (ap_o_mode)3, 0> > find_active<value_idx_pair<ap_fixed<16, 6, (ap_q_mode)5, (ap_o_mode)3, 0> >, 300, Op_active<value_idx_pair<ap_fixed<16, 6, (ap_q_mode)5, (ap_o_mode)3, 0> >, ap_fixed<16, 6, (ap_q_mode)5, (ap_o_mode)3, 0> >, ap_fixed<16, 6, (ap_q_mode)5, (ap_o_mode)3, 0> >(value_idx_pair<ap_fixed<16, 6, (ap_q_mode)5, (ap_o_mode)3, 0> >*, Op_active<value_idx_pair<ap_fixed<16, 6, (ap_q_mode)5, (ap_o_mode)3, 0> >, ap_fixed<16, 6, (ap_q_mode)5, (ap_o_mode)3, 0> >, ap_fixed<16, 6, (ap_q_mode)5, (ap_o_mode)3, 0>)' into 'void sparse_input_reduce<ap_fixed<16, 6, (ap_q_mode)5, (ap_o_mode)3, 0>, ap_uint<10>, 30, 10, 1, 20>(ap_fixed<16, 6, (ap_q_mode)5, (ap_o_mode)3, 0>*, ap_fixed<16, 6, (ap_q_mode)5, (ap_o_mode)3, 0>, ap_fixed<16, 6, (ap_q_mode)5, (ap_o_mode)3, 0>*, ap_uint<10>*)' (firmware/hls_dummy.cpp:97:32)
INFO: [HLS 214-186] Unrolling loop 'VITIS_LOOP_372_1' (firmware/hls_dummy.cpp:372:23) in function 'hls_dummy' completely with a factor of 20 (firmware/hls_dummy.cpp:343:0)
INFO: [HLS 214-186] Unrolling loop 'DataPrepareLoop' (firmware/hls_dummy.cpp:74:5) in function 'sparse_input_reduce<ap_fixed<16, 6, (ap_q_mode)5, (ap_o_mode)3, 0>, ap_uint<10>, 30, 10, 1, 20>' completely with a factor of 300 (firmware/hls_dummy.cpp:57:0)
INFO: [HLS 214-248] Applying array_partition to 'pair_arr.value': Complete partitioning on dimension 1. (firmware/hls_dummy.cpp:65:28)
INFO: [HLS 214-248] Applying array_partition to 'pair_arr.index': Complete partitioning on dimension 1. (firmware/hls_dummy.cpp:65:28)
INFO: [HLS 214-248] Applying array_partition to 'j_h_arr': Complete partitioning on dimension 1. (firmware/hls_dummy.cpp:66:9)
INFO: [HLS 214-248] Applying array_partition to 'j_w_arr': Complete partitioning on dimension 1. (firmware/hls_dummy.cpp:67:9)
INFO: [HLS 214-248] Applying array_partition to 'sparse_arr_feat_reduce_out': Complete partitioning on dimension 1. (firmware/hls_dummy.cpp:366:13)
INFO: [HLS 214-248] Applying array_partition to 'sparse_arr_hash_reduce_out': Complete partitioning on dimension 1. (firmware/hls_dummy.cpp:367:17)
INFO: [HLS 214-248] Applying array_partition to 'layer2_out': Complete partitioning on dimension 1. (firmware/hls_dummy.cpp:343:0)
WARNING: [HLS 214-292] Unsupported reshape pragma/directive on variable 'x_in'. The port size might be shrunk or fail cosim as the bit-width after reshape (4800) is larger than 4096
INFO: [HLS 214-248] Applying array_reshape to 'x_in': Complete reshaping on dimension 1. (firmware/hls_dummy.cpp:343:0)
INFO: [HLS 200-111] Finished Compiling Optimization and Transform: CPU user time: 26.55 seconds. CPU system time: 1.21 seconds. Elapsed time: 32.43 seconds; current allocated memory: 1.455 GB.
INFO: [HLS 200-111] Finished Checking Pragmas: CPU user time: 0 seconds. CPU system time: 0 seconds. Elapsed time: 0 seconds; current allocated memory: 1.455 GB.
INFO: [HLS 200-10] Starting code transformations ...
INFO: [HLS 200-111] Finished Standard Transforms: CPU user time: 0.48 seconds. CPU system time: 0.01 seconds. Elapsed time: 0.57 seconds; current allocated memory: 1.468 GB.
INFO: [HLS 200-10] Checking synthesizability ...
INFO: [HLS 200-111] Finished Checking Synthesizability: CPU user time: 0.42 seconds. CPU system time: 0.01 seconds. Elapsed time: 0.51 seconds; current allocated memory: 1.478 GB.
INFO: [XFORM 203-712] Applying dataflow to function 'hls_dummy' (firmware/hls_dummy.cpp:366:1), detected/extracted 2 process function(s): 
	 'sparse_input_reduce<ap_fixed<16, 6, (ap_q_mode)5, (ap_o_mode)3, 0>, ap_uint<10>, 30, 10, 1, 20>4'
	 'Block_entry24_proc'.
INFO: [XFORM 203-401] Performing if-conversion on hyperblock from (firmware/hls_dummy.cpp:14:21) to (firmware/hls_dummy.cpp:22:7) in function 'Op_active<value_idx_pair<ap_fixed<16, 6, (ap_q_mode)5, (ap_o_mode)3, 0> >, ap_fixed<16, 6, (ap_q_mode)5, (ap_o_mode)3, 0> >::operator()'... converting 3 basic blocks.
INFO: [HLS 200-111] Finished Loop, function and other optimizations: CPU user time: 4 seconds. CPU system time: 0.07 seconds. Elapsed time: 6.47 seconds; current allocated memory: 1.540 GB.
INFO: [HLS 200-111] Finished Architecture Synthesis: CPU user time: 3.66 seconds. CPU system time: 0.04 seconds. Elapsed time: 3.7 seconds; current allocated memory: 1.636 GB.
INFO: [HLS 200-10] Starting hardware synthesis ...
INFO: [HLS 200-10] Synthesizing 'hls_dummy' ...
WARNING: [SYN 201-103] Legalizing function name 'operator()' to 'operator_s'.
WARNING: [SYN 201-103] Legalizing function name 'sparse_input_reduce<ap_fixed<16, 6, 5, 3, 0>, ap_uint<10>, 30, 10, 1, 20>4' to 'sparse_input_reduce_ap_fixed_16_6_5_3_0_ap_uint_10_30_10_1_20_4'.
INFO: [HLS 200-10] ----------------------------------------------------------------
INFO: [HLS 200-42] -- Implementing module 'operator_s' 
INFO: [HLS 200-10] ----------------------------------------------------------------
INFO: [SCHED 204-11] Starting scheduling ...
INFO: [SCHED 204-61] Pipelining function 'operator()'.
INFO: [HLS 200-1470] Pipelining result : Target II = NA, Final II = 1, Depth = 1, function 'operator()'
INFO: [SCHED 204-11] Finished scheduling.
INFO: [HLS 200-111] Finished Scheduling: CPU user time: 0.49 seconds. CPU system time: 0.15 seconds. Elapsed time: 2.1 seconds; current allocated memory: 1.636 GB.
INFO: [BIND 205-100] Starting micro-architecture generation ...
INFO: [BIND 205-101] Performing variable lifetime analysis.
INFO: [BIND 205-101] Exploring resource sharing.
INFO: [BIND 205-101] Binding ...
INFO: [BIND 205-100] Finished micro-architecture generation.
INFO: [HLS 200-111] Finished Binding: CPU user time: 0.04 seconds. CPU system time: 0.02 seconds. Elapsed time: 0.77 seconds; current allocated memory: 1.636 GB.
INFO: [HLS 200-10] ----------------------------------------------------------------
INFO: [HLS 200-42] -- Implementing module 'sparse_input_reduce_ap_fixed_16_6_5_3_0_ap_uint_10_30_10_1_20_4' 
INFO: [HLS 200-10] ----------------------------------------------------------------
INFO: [SCHED 204-11] Starting scheduling ...
INFO: [SCHED 204-61] Pipelining loop 'MaxPixelsLoop'.
WARNING: [HLS 200-880] The II Violation in module 'sparse_input_reduce_ap_fixed_16_6_5_3_0_ap_uint_10_30_10_1_20_4' (loop 'MaxPixelsLoop'): Unable to enforce a carried dependence constraint (II = 1, distance = 1, offset = 0) between 'store' operation ('pair_arr_value_write_ln115', firmware/hls_dummy.cpp:115) of constant 0 on local variable 'pair_arr.value' and 'load' operation ('pair_arr_value_load', firmware/hls_dummy.cpp:47->firmware/hls_dummy.cpp:49->firmware/hls_dummy.cpp:49->firmware/hls_dummy.cpp:49->firmware/hls_dummy.cpp:49->firmware/hls_dummy.cpp:49->firmware/hls_dummy.cpp:49->firmware/hls_dummy.cpp:49->firmware/hls_dummy.cpp:49->firmware/hls_dummy.cpp:97) on local variable 'pair_arr.value'.
Resolution: For help on HLS 200-880 see www.xilinx.com/cgi-bin/docs/rdoc?v=2023.1;t=hls+guidance;d=200-880.html
WARNING: [HLS 200-880] The II Violation in module 'sparse_input_reduce_ap_fixed_16_6_5_3_0_ap_uint_10_30_10_1_20_4' (loop 'MaxPixelsLoop'): Unable to enforce a carried dependence constraint (II = 2, distance = 1, offset = 0) between 'store' operation ('pair_arr_value_write_ln115', firmware/hls_dummy.cpp:115) of constant 0 on local variable 'pair_arr.value' and 'load' operation ('pair_arr_value_load', firmware/hls_dummy.cpp:47->firmware/hls_dummy.cpp:49->firmware/hls_dummy.cpp:49->firmware/hls_dummy.cpp:49->firmware/hls_dummy.cpp:49->firmware/hls_dummy.cpp:49->firmware/hls_dummy.cpp:49->firmware/hls_dummy.cpp:49->firmware/hls_dummy.cpp:49->firmware/hls_dummy.cpp:97) on local variable 'pair_arr.value'.
Resolution: For help on HLS 200-880 see www.xilinx.com/cgi-bin/docs/rdoc?v=2023.1;t=hls+guidance;d=200-880.html
INFO: [HLS 200-1470] Pipelining result : Target II = NA, Final II = 3, Depth = 4, loop 'MaxPixelsLoop'
INFO: [SCHED 204-11] Finished scheduling.
INFO: [HLS 200-111] Finished Scheduling: CPU user time: 6.76 seconds. CPU system time: 0.06 seconds. Elapsed time: 7.64 seconds; current allocated memory: 1.699 GB.
INFO: [BIND 205-100] Starting micro-architecture generation ...
INFO: [BIND 205-101] Performing variable lifetime analysis.
INFO: [BIND 205-101] Exploring resource sharing.
INFO: [BIND 205-101] Binding ...
INFO: [BIND 205-100] Finished micro-architecture generation.
INFO: [HLS 200-111] Finished Binding: CPU user time: 0.99 seconds. CPU system time: 0.04 seconds. Elapsed time: 1.77 seconds; current allocated memory: 1.699 GB.
INFO: [HLS 200-10] ----------------------------------------------------------------
INFO: [HLS 200-42] -- Implementing module 'Block_entry24_proc' 
INFO: [HLS 200-10] ----------------------------------------------------------------
INFO: [SCHED 204-11] Starting scheduling ...
INFO: [SCHED 204-11] Finished scheduling.
INFO: [HLS 200-111] Finished Scheduling: CPU user time: 0.63 seconds. CPU system time: 0.02 seconds. Elapsed time: 1.65 seconds; current allocated memory: 1.699 GB.
INFO: [BIND 205-100] Starting micro-architecture generation ...
INFO: [BIND 205-101] Performing variable lifetime analysis.
INFO: [BIND 205-101] Exploring resource sharing.
INFO: [BIND 205-101] Binding ...
INFO: [BIND 205-100] Finished micro-architecture generation.
INFO: [HLS 200-111] Finished Binding: CPU user time: 0.03 seconds. CPU system time: 0 seconds. Elapsed time: 0.35 seconds; current allocated memory: 1.699 GB.
INFO: [HLS 200-10] ----------------------------------------------------------------
INFO: [HLS 200-42] -- Implementing module 'hls_dummy' 
INFO: [HLS 200-10] ----------------------------------------------------------------
INFO: [SCHED 204-11] Starting scheduling ...
INFO: [SCHED 204-11] Finished scheduling.
INFO: [HLS 200-111] Finished Scheduling: CPU user time: 0.07 seconds. CPU system time: 0 seconds. Elapsed time: 0.43 seconds; current allocated memory: 1.699 GB.
INFO: [BIND 205-100] Starting micro-architecture generation ...
INFO: [BIND 205-101] Performing variable lifetime analysis.
INFO: [BIND 205-101] Exploring resource sharing.
INFO: [BIND 205-101] Binding ...
INFO: [BIND 205-100] Finished micro-architecture generation.
INFO: [HLS 200-111] Finished Binding: CPU user time: 0.1 seconds. CPU system time: 0.01 seconds. Elapsed time: 0.43 seconds; current allocated memory: 1.699 GB.
INFO: [HLS 200-10] ----------------------------------------------------------------
INFO: [HLS 200-10] -- Generating RTL for module 'operator_s' 
INFO: [HLS 200-10] ----------------------------------------------------------------
INFO: [RTGEN 206-100] Finished creating RTL model for 'operator_s'.
INFO: [HLS 200-111] Finished Creating RTL model: CPU user time: 0.17 seconds. CPU system time: 0.01 seconds. Elapsed time: 0.67 seconds; current allocated memory: 1.699 GB.
INFO: [HLS 200-10] ----------------------------------------------------------------
INFO: [HLS 200-10] -- Generating RTL for module 'sparse_input_reduce_ap_fixed_16_6_5_3_0_ap_uint_10_30_10_1_20_4' 
INFO: [HLS 200-10] ----------------------------------------------------------------
INFO: [RTGEN 206-100] Finished creating RTL model for 'sparse_input_reduce_ap_fixed_16_6_5_3_0_ap_uint_10_30_10_1_20_4'.
INFO: [HLS 200-111] Finished Creating RTL model: CPU user time: 0.92 seconds. CPU system time: 0 seconds. Elapsed time: 1.16 seconds; current allocated memory: 1.699 GB.
INFO: [HLS 200-10] ----------------------------------------------------------------
INFO: [HLS 200-10] -- Generating RTL for module 'Block_entry24_proc' 
INFO: [HLS 200-10] ----------------------------------------------------------------
INFO: [RTGEN 206-100] Finished creating RTL model for 'Block_entry24_proc'.
INFO: [HLS 200-111] Finished Creating RTL model: CPU user time: 1.94 seconds. CPU system time: 0.15 seconds. Elapsed time: 2.63 seconds; current allocated memory: 1.747 GB.
INFO: [HLS 200-10] ----------------------------------------------------------------
INFO: [HLS 200-10] -- Generating RTL for module 'hls_dummy' 
INFO: [HLS 200-10] ----------------------------------------------------------------
INFO: [RTGEN 206-500] Setting interface mode on port 'hls_dummy/x_in' to 'ap_vld'.
INFO: [RTGEN 206-500] Setting interface mode on port 'hls_dummy/layer2_out_0' to 'ap_vld'.
INFO: [RTGEN 206-500] Setting interface mode on port 'hls_dummy/layer2_out_1' to 'ap_vld'.
INFO: [RTGEN 206-500] Setting interface mode on port 'hls_dummy/layer2_out_2' to 'ap_vld'.
INFO: [RTGEN 206-500] Setting interface mode on port 'hls_dummy/layer2_out_3' to 'ap_vld'.
INFO: [RTGEN 206-500] Setting interface mode on port 'hls_dummy/layer2_out_4' to 'ap_vld'.
INFO: [RTGEN 206-500] Setting interface mode on port 'hls_dummy/layer2_out_5' to 'ap_vld'.
INFO: [RTGEN 206-500] Setting interface mode on port 'hls_dummy/layer2_out_6' to 'ap_vld'.
INFO: [RTGEN 206-500] Setting interface mode on port 'hls_dummy/layer2_out_7' to 'ap_vld'.
INFO: [RTGEN 206-500] Setting interface mode on port 'hls_dummy/layer2_out_8' to 'ap_vld'.
INFO: [RTGEN 206-500] Setting interface mode on port 'hls_dummy/layer2_out_9' to 'ap_vld'.
INFO: [RTGEN 206-500] Setting interface mode on port 'hls_dummy/layer2_out_10' to 'ap_vld'.
INFO: [RTGEN 206-500] Setting interface mode on port 'hls_dummy/layer2_out_11' to 'ap_vld'.
INFO: [RTGEN 206-500] Setting interface mode on port 'hls_dummy/layer2_out_12' to 'ap_vld'.
INFO: [RTGEN 206-500] Setting interface mode on port 'hls_dummy/layer2_out_13' to 'ap_vld'.
INFO: [RTGEN 206-500] Setting interface mode on port 'hls_dummy/layer2_out_14' to 'ap_vld'.
INFO: [RTGEN 206-500] Setting interface mode on port 'hls_dummy/layer2_out_15' to 'ap_vld'.
INFO: [RTGEN 206-500] Setting interface mode on port 'hls_dummy/layer2_out_16' to 'ap_vld'.
INFO: [RTGEN 206-500] Setting interface mode on port 'hls_dummy/layer2_out_17' to 'ap_vld'.
INFO: [RTGEN 206-500] Setting interface mode on port 'hls_dummy/layer2_out_18' to 'ap_vld'.
INFO: [RTGEN 206-500] Setting interface mode on port 'hls_dummy/layer2_out_19' to 'ap_vld'.
INFO: [RTGEN 206-500] Setting interface mode on function 'hls_dummy' to 'ap_ctrl_hs'.
INFO: [RTGEN 206-100] Finished creating RTL model for 'hls_dummy'.
INFO: [RTMG 210-285] Implementing FIFO 'sparse_arr_feat_reduce_out_U(hls_dummy_fifo_w16_d2_S)' using Shift Registers.
INFO: [RTMG 210-285] Implementing FIFO 'sparse_arr_feat_reduce_out_1_U(hls_dummy_fifo_w16_d2_S)' using Shift Registers.
INFO: [RTMG 210-285] Implementing FIFO 'sparse_arr_feat_reduce_out_2_U(hls_dummy_fifo_w16_d2_S)' using Shift Registers.
INFO: [RTMG 210-285] Implementing FIFO 'sparse_arr_feat_reduce_out_3_U(hls_dummy_fifo_w16_d2_S)' using Shift Registers.
INFO: [RTMG 210-285] Implementing FIFO 'sparse_arr_feat_reduce_out_4_U(hls_dummy_fifo_w16_d2_S)' using Shift Registers.
INFO: [RTMG 210-285] Implementing FIFO 'sparse_arr_feat_reduce_out_5_U(hls_dummy_fifo_w16_d2_S)' using Shift Registers.
INFO: [RTMG 210-285] Implementing FIFO 'sparse_arr_feat_reduce_out_6_U(hls_dummy_fifo_w16_d2_S)' using Shift Registers.
INFO: [RTMG 210-285] Implementing FIFO 'sparse_arr_feat_reduce_out_7_U(hls_dummy_fifo_w16_d2_S)' using Shift Registers.
INFO: [RTMG 210-285] Implementing FIFO 'sparse_arr_feat_reduce_out_8_U(hls_dummy_fifo_w16_d2_S)' using Shift Registers.
INFO: [RTMG 210-285] Implementing FIFO 'sparse_arr_feat_reduce_out_9_U(hls_dummy_fifo_w16_d2_S)' using Shift Registers.
INFO: [RTMG 210-285] Implementing FIFO 'sparse_arr_feat_reduce_out_10_U(hls_dummy_fifo_w16_d2_S)' using Shift Registers.
INFO: [RTMG 210-285] Implementing FIFO 'sparse_arr_feat_reduce_out_11_U(hls_dummy_fifo_w16_d2_S)' using Shift Registers.
INFO: [RTMG 210-285] Implementing FIFO 'sparse_arr_feat_reduce_out_12_U(hls_dummy_fifo_w16_d2_S)' using Shift Registers.
INFO: [RTMG 210-285] Implementing FIFO 'sparse_arr_feat_reduce_out_13_U(hls_dummy_fifo_w16_d2_S)' using Shift Registers.
INFO: [RTMG 210-285] Implementing FIFO 'sparse_arr_feat_reduce_out_14_U(hls_dummy_fifo_w16_d2_S)' using Shift Registers.
INFO: [RTMG 210-285] Implementing FIFO 'sparse_arr_feat_reduce_out_15_U(hls_dummy_fifo_w16_d2_S)' using Shift Registers.
INFO: [RTMG 210-285] Implementing FIFO 'sparse_arr_feat_reduce_out_16_U(hls_dummy_fifo_w16_d2_S)' using Shift Registers.
INFO: [RTMG 210-285] Implementing FIFO 'sparse_arr_feat_reduce_out_17_U(hls_dummy_fifo_w16_d2_S)' using Shift Registers.
INFO: [RTMG 210-285] Implementing FIFO 'sparse_arr_feat_reduce_out_18_U(hls_dummy_fifo_w16_d2_S)' using Shift Registers.
INFO: [RTMG 210-285] Implementing FIFO 'sparse_arr_feat_reduce_out_19_U(hls_dummy_fifo_w16_d2_S)' using Shift Registers.
INFO: [HLS 200-111] Finished Creating RTL model: CPU user time: 0.2 seconds. CPU system time: 0.01 seconds. Elapsed time: 5.22 seconds; current allocated memory: 1.747 GB.
INFO: [HLS 200-111] Finished Generating all RTL models: CPU user time: 1.76 seconds. CPU system time: 0.03 seconds. Elapsed time: 1.86 seconds; current allocated memory: 1.747 GB.
INFO: [HLS 200-111] Finished Updating report files: CPU user time: 1.22 seconds. CPU system time: 0.02 seconds. Elapsed time: 1.24 seconds; current allocated memory: 1.747 GB.
INFO: [VHDL 208-304] Generating VHDL RTL for hls_dummy.
INFO: [VLOG 209-307] Generating Verilog RTL for hls_dummy.
INFO: [HLS 200-790] **** Loop Constraint Status: All loop constraints were NOT satisfied.
INFO: [HLS 200-789] **** Estimated Fmax: 307.50 MHz
INFO: [HLS 200-111] Finished Command csynth_design CPU user time: 57.26 seconds. CPU system time: 3.21 seconds. Elapsed time: 84.24 seconds; current allocated memory: 305.039 MB.
***** C/RTL SYNTHESIS COMPLETED IN 0h1m24s *****
***** VIVADO SYNTHESIS *****

****** Vivado v2023.1 (64-bit)
  **** SW Build 3865809 on Sun May  7 15:04:56 MDT 2023
  **** IP Build 3864474 on Sun May  7 20:36:21 MDT 2023
  **** SharedData Build 3865790 on Sun May 07 13:33:03 MDT 2023
    ** Copyright 1986-2022 Xilinx, Inc. All Rights Reserved.
    ** Copyright 2022-2023 Advanced Micro Devices, Inc. All Rights Reserved.

source vivado_synth.tcl
# set tcldir [file dirname [info script]]
# source [file join $tcldir project.tcl]
## variable project_name
## set project_name "hls_dummy"
## variable backend
## set backend "vitis"
## variable part
## set part "xcu250-figd2104-2L-e"
## variable clock_period
## set clock_period 5
## variable clock_uncertainty
## set clock_uncertainty 27%
## variable version
## set version "1.0.0"
## variable maximum_size
## set maximum_size 4096
# add_files ${project_name}_prj/solution1/syn/verilog
add_files: Time (s): cpu = 00:00:09 ; elapsed = 00:00:09 . Memory (MB): peak = 2408.082 ; gain = 114.992 ; free physical = 599054 ; free virtual = 690041
# synth_design -top ${project_name} -part $part
Command: synth_design -top hls_dummy -part xcu250-figd2104-2L-e
Starting synth_design
Attempting to get a license for feature 'Synthesis' and/or device 'xcu250'
INFO: [Common 17-349] Got license for feature 'Synthesis' and/or device 'xcu250'
INFO: [Synth 8-7079] Multithreading enabled for synth_design using a maximum of 4 processes.
INFO: [Synth 8-7078] Launching helper process for spawning children vivado processes
INFO: [Synth 8-7075] Helper process launched with PID 124209
---------------------------------------------------------------------------------
Starting Synthesize : Time (s): cpu = 00:00:04 ; elapsed = 00:00:04 . Memory (MB): peak = 2822.570 ; gain = 390.656 ; free physical = 603888 ; free virtual = 694876
---------------------------------------------------------------------------------
INFO: [Synth 8-6157] synthesizing module 'hls_dummy' [/home/coder/sparse-pixels/hls_proj/scaling/16b/reduction/reduction-in300/reduction-in300-out20/hls_dummy_prj/solution1/syn/verilog/hls_dummy.v:9]
INFO: [Synth 8-6157] synthesizing module 'hls_dummy_sparse_input_reduce_ap_fixed_16_6_5_3_0_ap_uint_10_30_10_1_20_4' [/home/coder/sparse-pixels/hls_proj/scaling/16b/reduction/reduction-in300/reduction-in300-out20/hls_dummy_prj/solution1/syn/verilog/hls_dummy_sparse_input_reduce_ap_fixed_16_6_5_3_0_ap_uint_10_30_10_1_20_4.v:9]
INFO: [Synth 8-6157] synthesizing module 'hls_dummy_operator_s' [/home/coder/sparse-pixels/hls_proj/scaling/16b/reduction/reduction-in300/reduction-in300-out20/hls_dummy_prj/solution1/syn/verilog/hls_dummy_operator_s.v:9]
INFO: [Synth 8-6155] done synthesizing module 'hls_dummy_operator_s' (0#1) [/home/coder/sparse-pixels/hls_proj/scaling/16b/reduction/reduction-in300/reduction-in300-out20/hls_dummy_prj/solution1/syn/verilog/hls_dummy_operator_s.v:9]
INFO: [Synth 8-6155] done synthesizing module 'hls_dummy_sparse_input_reduce_ap_fixed_16_6_5_3_0_ap_uint_10_30_10_1_20_4' (0#1) [/home/coder/sparse-pixels/hls_proj/scaling/16b/reduction/reduction-in300/reduction-in300-out20/hls_dummy_prj/solution1/syn/verilog/hls_dummy_sparse_input_reduce_ap_fixed_16_6_5_3_0_ap_uint_10_30_10_1_20_4.v:9]
INFO: [Synth 8-6157] synthesizing module 'hls_dummy_Block_entry24_proc' [/home/coder/sparse-pixels/hls_proj/scaling/16b/reduction/reduction-in300/reduction-in300-out20/hls_dummy_prj/solution1/syn/verilog/hls_dummy_Block_entry24_proc.v:9]
INFO: [Synth 8-6155] done synthesizing module 'hls_dummy_Block_entry24_proc' (0#1) [/home/coder/sparse-pixels/hls_proj/scaling/16b/reduction/reduction-in300/reduction-in300-out20/hls_dummy_prj/solution1/syn/verilog/hls_dummy_Block_entry24_proc.v:9]
INFO: [Synth 8-6157] synthesizing module 'hls_dummy_fifo_w16_d2_S' [/home/coder/sparse-pixels/hls_proj/scaling/16b/reduction/reduction-in300/reduction-in300-out20/hls_dummy_prj/solution1/syn/verilog/hls_dummy_fifo_w16_d2_S.v:11]
INFO: [Synth 8-6157] synthesizing module 'hls_dummy_fifo_w16_d2_S_ShiftReg' [/home/coder/sparse-pixels/hls_proj/scaling/16b/reduction/reduction-in300/reduction-in300-out20/hls_dummy_prj/solution1/syn/verilog/hls_dummy_fifo_w16_d2_S.v:120]
	Parameter DATA_WIDTH bound to: 16 - type: integer 
	Parameter ADDR_WIDTH bound to: 1 - type: integer 
	Parameter DEPTH bound to: 2 - type: integer 
INFO: [Synth 8-6155] done synthesizing module 'hls_dummy_fifo_w16_d2_S_ShiftReg' (0#1) [/home/coder/sparse-pixels/hls_proj/scaling/16b/reduction/reduction-in300/reduction-in300-out20/hls_dummy_prj/solution1/syn/verilog/hls_dummy_fifo_w16_d2_S.v:120]
INFO: [Synth 8-6155] done synthesizing module 'hls_dummy_fifo_w16_d2_S' (0#1) [/home/coder/sparse-pixels/hls_proj/scaling/16b/reduction/reduction-in300/reduction-in300-out20/hls_dummy_prj/solution1/syn/verilog/hls_dummy_fifo_w16_d2_S.v:11]
INFO: [Synth 8-6155] done synthesizing module 'hls_dummy' (0#1) [/home/coder/sparse-pixels/hls_proj/scaling/16b/reduction/reduction-in300/reduction-in300-out20/hls_dummy_prj/solution1/syn/verilog/hls_dummy.v:9]
WARNING: [Synth 8-7129] Port reset in module hls_dummy_fifo_w16_d2_S_ShiftReg is either unconnected or has no load
---------------------------------------------------------------------------------
Finished Synthesize : Time (s): cpu = 00:00:08 ; elapsed = 00:00:08 . Memory (MB): peak = 2965.336 ; gain = 533.422 ; free physical = 614820 ; free virtual = 705810
---------------------------------------------------------------------------------
---------------------------------------------------------------------------------
Finished Constraint Validation : Time (s): cpu = 00:00:09 ; elapsed = 00:00:09 . Memory (MB): peak = 2965.336 ; gain = 533.422 ; free physical = 614842 ; free virtual = 705832
---------------------------------------------------------------------------------
---------------------------------------------------------------------------------
Start Loading Part and Timing Information
---------------------------------------------------------------------------------
Loading part: xcu250-figd2104-2L-e
INFO: [Synth 8-6742] Reading net delay rules and data
---------------------------------------------------------------------------------
INFO: [Device 21-403] Loading part xcu250-figd2104-2L-e
Finished Loading Part and Timing Information : Time (s): cpu = 00:00:09 ; elapsed = 00:00:09 . Memory (MB): peak = 2973.340 ; gain = 541.426 ; free physical = 614840 ; free virtual = 705830
---------------------------------------------------------------------------------
INFO: [Synth 8-4490] FSM extraction disabled for register 'ap_CS_fsm_reg' through user attribute
INFO: [Synth 8-4490] FSM extraction disabled for register 'ap_CS_fsm_reg' through user attribute
---------------------------------------------------------------------------------
Finished RTL Optimization Phase 2 : Time (s): cpu = 00:00:13 ; elapsed = 00:00:11 . Memory (MB): peak = 3082.809 ; gain = 650.895 ; free physical = 604989 ; free virtual = 695981
---------------------------------------------------------------------------------
No constraint files found.
---------------------------------------------------------------------------------
Start RTL Component Statistics 
---------------------------------------------------------------------------------
Detailed RTL Component Info : 
+---Adders : 
	   2 Input    5 Bit       Adders := 1     
	   2 Input    2 Bit       Adders := 40    
+---XORs : 
	   2 Input      1 Bit         XORs := 40    
+---Registers : 
	               16 Bit    Registers := 454   
	               12 Bit    Registers := 74    
	                5 Bit    Registers := 3     
	                2 Bit    Registers := 20    
	                1 Bit    Registers := 66    
+---Muxes : 
	   2 Input   16 Bit        Muxes := 538   
	   2 Input   15 Bit        Muxes := 386   
	   2 Input   12 Bit        Muxes := 534   
	   2 Input    9 Bit        Muxes := 30    
	   3 Input    5 Bit        Muxes := 1     
	   6 Input    5 Bit        Muxes := 1     
	   2 Input    2 Bit        Muxes := 21    
	   2 Input    1 Bit        Muxes := 132   
---------------------------------------------------------------------------------
Finished RTL Component Statistics 
---------------------------------------------------------------------------------
---------------------------------------------------------------------------------
Start Part Resource Summary
---------------------------------------------------------------------------------
Part Resources:
DSPs: 12288 (col length:96)
BRAMs: 5376 (col length: RAMB18 384 RAMB36 192)
---------------------------------------------------------------------------------
Finished Part Resource Summary
---------------------------------------------------------------------------------
No constraint files found.
---------------------------------------------------------------------------------
Start Cross Boundary and Area Optimization
---------------------------------------------------------------------------------
WARNING: [Synth 8-7080] Parallel synthesis criteria is not met
---------------------------------------------------------------------------------
Finished Cross Boundary and Area Optimization : Time (s): cpu = 00:01:25 ; elapsed = 00:01:25 . Memory (MB): peak = 4293.988 ; gain = 1862.074 ; free physical = 610752 ; free virtual = 701763
---------------------------------------------------------------------------------
No constraint files found.
---------------------------------------------------------------------------------
Start Timing Optimization
---------------------------------------------------------------------------------
---------------------------------------------------------------------------------
Finished Timing Optimization : Time (s): cpu = 00:01:28 ; elapsed = 00:01:27 . Memory (MB): peak = 4293.988 ; gain = 1862.074 ; free physical = 613082 ; free virtual = 704093
---------------------------------------------------------------------------------
---------------------------------------------------------------------------------
Start Technology Mapping
---------------------------------------------------------------------------------
---------------------------------------------------------------------------------
Finished Technology Mapping : Time (s): cpu = 00:01:32 ; elapsed = 00:01:32 . Memory (MB): peak = 4293.988 ; gain = 1862.074 ; free physical = 609922 ; free virtual = 700934
---------------------------------------------------------------------------------
---------------------------------------------------------------------------------
Start IO Insertion
---------------------------------------------------------------------------------
---------------------------------------------------------------------------------
Start Flattening Before IO Insertion
---------------------------------------------------------------------------------
---------------------------------------------------------------------------------
Finished Flattening Before IO Insertion
---------------------------------------------------------------------------------
---------------------------------------------------------------------------------
Start Final Netlist Cleanup
---------------------------------------------------------------------------------
---------------------------------------------------------------------------------
Finished Final Netlist Cleanup
---------------------------------------------------------------------------------
---------------------------------------------------------------------------------
Finished IO Insertion : Time (s): cpu = 00:01:38 ; elapsed = 00:01:38 . Memory (MB): peak = 4293.988 ; gain = 1862.074 ; free physical = 605561 ; free virtual = 696573
---------------------------------------------------------------------------------
---------------------------------------------------------------------------------
Start Renaming Generated Instances
---------------------------------------------------------------------------------
---------------------------------------------------------------------------------
Finished Renaming Generated Instances : Time (s): cpu = 00:01:39 ; elapsed = 00:01:38 . Memory (MB): peak = 4293.988 ; gain = 1862.074 ; free physical = 608642 ; free virtual = 699654
---------------------------------------------------------------------------------
---------------------------------------------------------------------------------
Start Rebuilding User Hierarchy
---------------------------------------------------------------------------------
---------------------------------------------------------------------------------
Finished Rebuilding User Hierarchy : Time (s): cpu = 00:01:40 ; elapsed = 00:01:39 . Memory (MB): peak = 4293.988 ; gain = 1862.074 ; free physical = 610948 ; free virtual = 701960
---------------------------------------------------------------------------------
---------------------------------------------------------------------------------
Start Renaming Generated Ports
---------------------------------------------------------------------------------
---------------------------------------------------------------------------------
Finished Renaming Generated Ports : Time (s): cpu = 00:01:40 ; elapsed = 00:01:40 . Memory (MB): peak = 4293.988 ; gain = 1862.074 ; free physical = 610516 ; free virtual = 701527
---------------------------------------------------------------------------------
---------------------------------------------------------------------------------
Start Handling Custom Attributes
---------------------------------------------------------------------------------
---------------------------------------------------------------------------------
Finished Handling Custom Attributes : Time (s): cpu = 00:01:48 ; elapsed = 00:01:47 . Memory (MB): peak = 4293.988 ; gain = 1862.074 ; free physical = 607340 ; free virtual = 698351
---------------------------------------------------------------------------------
---------------------------------------------------------------------------------
Start Renaming Generated Nets
---------------------------------------------------------------------------------
---------------------------------------------------------------------------------
Finished Renaming Generated Nets : Time (s): cpu = 00:01:48 ; elapsed = 00:01:48 . Memory (MB): peak = 4293.988 ; gain = 1862.074 ; free physical = 607153 ; free virtual = 698165
---------------------------------------------------------------------------------
---------------------------------------------------------------------------------
Start Writing Synthesis Report
---------------------------------------------------------------------------------

Report BlackBoxes: 
+-+--------------+----------+
| |BlackBox name |Instances |
+-+--------------+----------+
+-+--------------+----------+

Report Cell Usage: 
+------+-------+------+
|      |Cell   |Count |
+------+-------+------+
|1     |BUFG   |     1|
|2     |CARRY8 |   386|
|3     |LUT1   |    59|
|4     |LUT2   |  2406|
|5     |LUT3   |  1565|
|6     |LUT4   |  5957|
|7     |LUT5   |  3567|
|8     |LUT6   |  5113|
|9     |MUXF7  |    65|
|10    |FDRE   |  7566|
|11    |FDSE   |    61|
|12    |IBUF   |  4804|
|13    |OBUF   |   343|
+------+-------+------+

Report Instance Areas: 
+------+---------------------------------------------------------------------+--------------------------------------------------------------------------+------+
|      |Instance                                                             |Module                                                                    |Cells |
+------+---------------------------------------------------------------------+--------------------------------------------------------------------------+------+
|1     |top                                                                  |                                                                          | 31893|
|2     |  Block_entry24_proc_U0                                              |hls_dummy_Block_entry24_proc                                              |   300|
|3     |  sparse_arr_feat_reduce_out_10_U                                    |hls_dummy_fifo_w16_d2_S                                                   |    72|
|4     |    U_hls_dummy_fifo_w16_d2_S_ShiftReg                               |hls_dummy_fifo_w16_d2_S_ShiftReg_61                                       |    61|
|5     |  sparse_arr_feat_reduce_out_11_U                                    |hls_dummy_fifo_w16_d2_S_0                                                 |    70|
|6     |    U_hls_dummy_fifo_w16_d2_S_ShiftReg                               |hls_dummy_fifo_w16_d2_S_ShiftReg_60                                       |    61|
|7     |  sparse_arr_feat_reduce_out_12_U                                    |hls_dummy_fifo_w16_d2_S_1                                                 |    70|
|8     |    U_hls_dummy_fifo_w16_d2_S_ShiftReg                               |hls_dummy_fifo_w16_d2_S_ShiftReg_59                                       |    61|
|9     |  sparse_arr_feat_reduce_out_13_U                                    |hls_dummy_fifo_w16_d2_S_2                                                 |    71|
|10    |    U_hls_dummy_fifo_w16_d2_S_ShiftReg                               |hls_dummy_fifo_w16_d2_S_ShiftReg_58                                       |    61|
|11    |  sparse_arr_feat_reduce_out_14_U                                    |hls_dummy_fifo_w16_d2_S_3                                                 |    72|
|12    |    U_hls_dummy_fifo_w16_d2_S_ShiftReg                               |hls_dummy_fifo_w16_d2_S_ShiftReg_57                                       |    61|
|13    |  sparse_arr_feat_reduce_out_15_U                                    |hls_dummy_fifo_w16_d2_S_4                                                 |    70|
|14    |    U_hls_dummy_fifo_w16_d2_S_ShiftReg                               |hls_dummy_fifo_w16_d2_S_ShiftReg_56                                       |    61|
|15    |  sparse_arr_feat_reduce_out_16_U                                    |hls_dummy_fifo_w16_d2_S_5                                                 |    70|
|16    |    U_hls_dummy_fifo_w16_d2_S_ShiftReg                               |hls_dummy_fifo_w16_d2_S_ShiftReg_55                                       |    61|
|17    |  sparse_arr_feat_reduce_out_17_U                                    |hls_dummy_fifo_w16_d2_S_6                                                 |    72|
|18    |    U_hls_dummy_fifo_w16_d2_S_ShiftReg                               |hls_dummy_fifo_w16_d2_S_ShiftReg_54                                       |    61|
|19    |  sparse_arr_feat_reduce_out_18_U                                    |hls_dummy_fifo_w16_d2_S_7                                                 |    71|
|20    |    U_hls_dummy_fifo_w16_d2_S_ShiftReg                               |hls_dummy_fifo_w16_d2_S_ShiftReg_53                                       |    61|
|21    |  sparse_arr_feat_reduce_out_19_U                                    |hls_dummy_fifo_w16_d2_S_8                                                 |    70|
|22    |    U_hls_dummy_fifo_w16_d2_S_ShiftReg                               |hls_dummy_fifo_w16_d2_S_ShiftReg_52                                       |    61|
|23    |  sparse_arr_feat_reduce_out_1_U                                     |hls_dummy_fifo_w16_d2_S_9                                                 |    72|
|24    |    U_hls_dummy_fifo_w16_d2_S_ShiftReg                               |hls_dummy_fifo_w16_d2_S_ShiftReg_51                                       |    61|
|25    |  sparse_arr_feat_reduce_out_2_U                                     |hls_dummy_fifo_w16_d2_S_10                                                |    70|
|26    |    U_hls_dummy_fifo_w16_d2_S_ShiftReg                               |hls_dummy_fifo_w16_d2_S_ShiftReg_50                                       |    61|
|27    |  sparse_arr_feat_reduce_out_3_U                                     |hls_dummy_fifo_w16_d2_S_11                                                |    73|
|28    |    U_hls_dummy_fifo_w16_d2_S_ShiftReg                               |hls_dummy_fifo_w16_d2_S_ShiftReg_49                                       |    61|
|29    |  sparse_arr_feat_reduce_out_4_U                                     |hls_dummy_fifo_w16_d2_S_12                                                |    70|
|30    |    U_hls_dummy_fifo_w16_d2_S_ShiftReg                               |hls_dummy_fifo_w16_d2_S_ShiftReg_48                                       |    61|
|31    |  sparse_arr_feat_reduce_out_5_U                                     |hls_dummy_fifo_w16_d2_S_13                                                |    71|
|32    |    U_hls_dummy_fifo_w16_d2_S_ShiftReg                               |hls_dummy_fifo_w16_d2_S_ShiftReg_47                                       |    61|
|33    |  sparse_arr_feat_reduce_out_6_U                                     |hls_dummy_fifo_w16_d2_S_14                                                |    71|
|34    |    U_hls_dummy_fifo_w16_d2_S_ShiftReg                               |hls_dummy_fifo_w16_d2_S_ShiftReg_46                                       |    61|
|35    |  sparse_arr_feat_reduce_out_7_U                                     |hls_dummy_fifo_w16_d2_S_15                                                |    72|
|36    |    U_hls_dummy_fifo_w16_d2_S_ShiftReg                               |hls_dummy_fifo_w16_d2_S_ShiftReg_45                                       |    61|
|37    |  sparse_arr_feat_reduce_out_8_U                                     |hls_dummy_fifo_w16_d2_S_16                                                |    70|
|38    |    U_hls_dummy_fifo_w16_d2_S_ShiftReg                               |hls_dummy_fifo_w16_d2_S_ShiftReg_44                                       |    61|
|39    |  sparse_arr_feat_reduce_out_9_U                                     |hls_dummy_fifo_w16_d2_S_17                                                |    71|
|40    |    U_hls_dummy_fifo_w16_d2_S_ShiftReg                               |hls_dummy_fifo_w16_d2_S_ShiftReg_43                                       |    61|
|41    |  sparse_arr_feat_reduce_out_U                                       |hls_dummy_fifo_w16_d2_S_18                                                |    70|
|42    |    U_hls_dummy_fifo_w16_d2_S_ShiftReg                               |hls_dummy_fifo_w16_d2_S_ShiftReg                                          |    61|
|43    |  sparse_input_reduce_ap_fixed_16_6_5_3_0_ap_uint_10_30_10_1_20_4_U0 |hls_dummy_sparse_input_reduce_ap_fixed_16_6_5_3_0_ap_uint_10_30_10_1_20_4 | 25007|
|44    |    call_ret135_operator_s_fu_4788                                   |hls_dummy_operator_s                                                      |     2|
|45    |    call_ret136_operator_s_fu_4798                                   |hls_dummy_operator_s_19                                                   |     2|
|46    |    call_ret137_operator_s_fu_4808                                   |hls_dummy_operator_s_20                                                   |     2|
|47    |    call_ret184_operator_s_fu_5152                                   |hls_dummy_operator_s_21                                                   |     2|
|48    |    call_ret185_operator_s_fu_5162                                   |hls_dummy_operator_s_22                                                   |     2|
|49    |    call_ret186_operator_s_fu_5172                                   |hls_dummy_operator_s_23                                                   |     2|
|50    |    call_ret206_operator_s_fu_5292                                   |hls_dummy_operator_s_24                                                   |     2|
|51    |    call_ret207_operator_s_fu_5302                                   |hls_dummy_operator_s_25                                                   |     2|
|52    |    call_ret208_operator_s_fu_5312                                   |hls_dummy_operator_s_26                                                   |     2|
|53    |    call_ret216_operator_s_fu_5376                                   |hls_dummy_operator_s_27                                                   |     2|
|54    |    call_ret217_operator_s_fu_5386                                   |hls_dummy_operator_s_28                                                   |     2|
|55    |    call_ret218_operator_s_fu_5396                                   |hls_dummy_operator_s_29                                                   |     2|
|56    |    call_ret222_operator_s_fu_5404                                   |hls_dummy_operator_s_30                                                   |     2|
|57    |    call_ret226_operator_s_fu_5442                                   |hls_dummy_operator_s_31                                                   |     2|
|58    |    call_ret244_operator_s_fu_5572                                   |hls_dummy_operator_s_32                                                   |     2|
|59    |    call_ret245_operator_s_fu_5582                                   |hls_dummy_operator_s_33                                                   |     2|
|60    |    call_ret246_operator_s_fu_5592                                   |hls_dummy_operator_s_34                                                   |     2|
|61    |    call_ret247_operator_s_fu_5600                                   |hls_dummy_operator_s_35                                                   |     2|
|62    |    call_ret248_operator_s_fu_5610                                   |hls_dummy_operator_s_36                                                   |     2|
|63    |    call_ret249_operator_s_fu_5620                                   |hls_dummy_operator_s_37                                                   |     2|
|64    |    grp_operator_s_fu_4088                                           |hls_dummy_operator_s_38                                                   |     2|
|65    |    grp_operator_s_fu_4332                                           |hls_dummy_operator_s_39                                                   |     2|
|66    |    grp_operator_s_fu_4340                                           |hls_dummy_operator_s_40                                                   |     2|
|67    |    grp_operator_s_fu_4350                                           |hls_dummy_operator_s_41                                                   |     2|
|68    |    grp_operator_s_fu_4360                                           |hls_dummy_operator_s_42                                                   |     2|
+------+---------------------------------------------------------------------+--------------------------------------------------------------------------+------+
---------------------------------------------------------------------------------
Finished Writing Synthesis Report : Time (s): cpu = 00:01:48 ; elapsed = 00:01:48 . Memory (MB): peak = 4293.988 ; gain = 1862.074 ; free physical = 607214 ; free virtual = 698225
---------------------------------------------------------------------------------
Synthesis finished with 0 errors, 0 critical warnings and 2 warnings.
Synthesis Optimization Runtime : Time (s): cpu = 00:01:48 ; elapsed = 00:01:48 . Memory (MB): peak = 4293.988 ; gain = 1862.074 ; free physical = 607238 ; free virtual = 698250
Synthesis Optimization Complete : Time (s): cpu = 00:01:48 ; elapsed = 00:01:48 . Memory (MB): peak = 4293.996 ; gain = 1862.074 ; free physical = 607232 ; free virtual = 698243
INFO: [Project 1-571] Translating synthesized netlist
Netlist sorting complete. Time (s): cpu = 00:00:00.22 ; elapsed = 00:00:00.22 . Memory (MB): peak = 4293.996 ; gain = 0.000 ; free physical = 610107 ; free virtual = 701119
INFO: [Netlist 29-17] Analyzing 5256 Unisim elements for replacement
INFO: [Netlist 29-28] Unisim Transformation completed in 0 CPU seconds
INFO: [Project 1-570] Preparing netlist for logic optimization
INFO: [Opt 31-138] Pushed 0 inverter(s) to 0 load pin(s).
Netlist sorting complete. Time (s): cpu = 00:00:00.01 ; elapsed = 00:00:00.01 . Memory (MB): peak = 4367.859 ; gain = 0.000 ; free physical = 606449 ; free virtual = 697460
INFO: [Project 1-111] Unisim Transformation Summary:
  A total of 4805 instances were transformed.
  BUFG => BUFGCE: 1 instance 
  IBUF => IBUF (IBUFCTRL, INBUF): 4804 instances

Synth Design complete | Checksum: 9837a370
INFO: [Common 17-83] Releasing license: Synthesis
27 Infos, 2 Warnings, 0 Critical Warnings and 0 Errors encountered.
synth_design completed successfully
synth_design: Time (s): cpu = 00:02:02 ; elapsed = 00:01:59 . Memory (MB): peak = 4367.859 ; gain = 1959.777 ; free physical = 605163 ; free virtual = 696174
INFO: [Common 17-2834] synth_design peak Physical Memory [PSS] (MB): overall = 3939.166; main = 3681.886; forked = 369.714
INFO: [Common 17-2834] synth_design peak Virtual Memory [VSS] (MB): overall = 5261.348; main = 4367.863; forked = 967.355
# opt_design -retarget -propconst -sweep -bram_power_opt -shift_register_opt
Command: opt_design -retarget -propconst -sweep -bram_power_opt -shift_register_opt
Attempting to get a license for feature 'Implementation' and/or device 'xcu250'
INFO: [Common 17-349] Got license for feature 'Implementation' and/or device 'xcu250'
Running DRC as a precondition to command opt_design

Starting DRC Task
INFO: [DRC 23-27] Running DRC with 8 threads
INFO: [Project 1-461] DRC finished with 0 Errors
INFO: [Project 1-462] Please refer to the DRC report (report_drc) for more information.

Time (s): cpu = 00:00:03 ; elapsed = 00:00:01 . Memory (MB): peak = 4431.891 ; gain = 64.031 ; free physical = 595217 ; free virtual = 686228

Starting Cache Timing Information Task
INFO: [Timing 38-35] Done setting XDC timing constraints.
Ending Cache Timing Information Task | Checksum: e417dc58

Time (s): cpu = 00:00:05 ; elapsed = 00:00:03 . Memory (MB): peak = 4496.281 ; gain = 64.391 ; free physical = 600554 ; free virtual = 691566

Starting Logic Optimization Task

Phase 1 Retarget
INFO: [Opt 31-1566] Pulled 22 inverters resulting in an inversion of 58 pins
INFO: [Opt 31-138] Pushed 0 inverter(s) to 0 load pin(s).
INFO: [Opt 31-49] Retargeted 0 cell(s).
Phase 1 Retarget | Checksum: e92e738d

Time (s): cpu = 00:00:02 ; elapsed = 00:00:02 . Memory (MB): peak = 4571.234 ; gain = 0.000 ; free physical = 605440 ; free virtual = 696452
INFO: [Opt 31-389] Phase Retarget created 4 cells and removed 26 cells

Phase 2 Constant propagation
INFO: [Opt 31-138] Pushed 0 inverter(s) to 0 load pin(s).
Phase 2 Constant propagation | Checksum: 588e611a

Time (s): cpu = 00:00:03 ; elapsed = 00:00:02 . Memory (MB): peak = 4571.234 ; gain = 0.000 ; free physical = 604127 ; free virtual = 695138
INFO: [Opt 31-389] Phase Constant propagation created 3 cells and removed 5 cells

Phase 3 Sweep
Phase 3 Sweep | Checksum: dbbd160a

Time (s): cpu = 00:00:03 ; elapsed = 00:00:03 . Memory (MB): peak = 4571.234 ; gain = 0.000 ; free physical = 602503 ; free virtual = 693515
INFO: [Opt 31-389] Phase Sweep created 1 cells and removed 0 cells

Phase 4 Shift Register Optimization
INFO: [Opt 31-1064] SRL Remap converted 0 SRLs to 0 registers and converted 0 registers of register chains to 0 SRLs
Phase 4 Shift Register Optimization | Checksum: a488f55b

Time (s): cpu = 00:00:05 ; elapsed = 00:00:04 . Memory (MB): peak = 4571.234 ; gain = 0.000 ; free physical = 602477 ; free virtual = 693488
INFO: [Opt 31-389] Phase Shift Register Optimization created 0 cells and removed 0 cells

Phase 5 Post Processing Netlist
Phase 5 Post Processing Netlist | Checksum: 7d01b421

Time (s): cpu = 00:00:05 ; elapsed = 00:00:04 . Memory (MB): peak = 4571.234 ; gain = 0.000 ; free physical = 602479 ; free virtual = 693491
INFO: [Opt 31-389] Phase Post Processing Netlist created 0 cells and removed 0 cells
Opt_design Change Summary
=========================


-------------------------------------------------------------------------------------------------------------------------
|  Phase                        |  #Cells created  |  #Cells Removed  |  #Constrained objects preventing optimizations  |
-------------------------------------------------------------------------------------------------------------------------
|  Retarget                     |               4  |              26  |                                              0  |
|  Constant propagation         |               3  |               5  |                                              0  |
|  Sweep                        |               1  |               0  |                                              0  |
|  Shift Register Optimization  |               0  |               0  |                                              0  |
|  Post Processing Netlist      |               0  |               0  |                                              0  |
-------------------------------------------------------------------------------------------------------------------------


Ending Logic Optimization Task | Checksum: 11e9d98c6

Time (s): cpu = 00:00:05 ; elapsed = 00:00:04 . Memory (MB): peak = 4571.234 ; gain = 0.000 ; free physical = 602586 ; free virtual = 693597

Starting Power Optimization Task
INFO: [Pwropt 34-132] Skipping clock gating for clocks with a period < 2.00 ns.
Ending Power Optimization Task | Checksum: 11e9d98c6

Time (s): cpu = 00:00:00.04 ; elapsed = 00:00:00.04 . Memory (MB): peak = 4571.234 ; gain = 0.000 ; free physical = 601699 ; free virtual = 692711

Starting Final Cleanup Task
Ending Final Cleanup Task | Checksum: 11e9d98c6

Time (s): cpu = 00:00:00 ; elapsed = 00:00:00 . Memory (MB): peak = 4571.234 ; gain = 0.000 ; free physical = 601687 ; free virtual = 692698

Starting Netlist Obfuscation Task
Netlist sorting complete. Time (s): cpu = 00:00:00.01 ; elapsed = 00:00:00.01 . Memory (MB): peak = 4571.234 ; gain = 0.000 ; free physical = 601654 ; free virtual = 692665
Ending Netlist Obfuscation Task | Checksum: 11e9d98c6

Time (s): cpu = 00:00:00.02 ; elapsed = 00:00:00.01 . Memory (MB): peak = 4571.234 ; gain = 0.000 ; free physical = 601641 ; free virtual = 692653
INFO: [Common 17-83] Releasing license: Implementation
17 Infos, 0 Warnings, 0 Critical Warnings and 0 Errors encountered.
opt_design completed successfully
opt_design: Time (s): cpu = 00:00:15 ; elapsed = 00:00:11 . Memory (MB): peak = 4571.234 ; gain = 203.375 ; free physical = 601635 ; free virtual = 692646
# report_utilization -file vivado_synth.rpt -hierarchical -hierarchical_depth 1
INFO: [Common 17-206] Exiting Vivado at Sat Jul 19 19:09:24 2025...
***** VIVADO SYNTHESIS COMPLETED IN 0h2m39s *****
INFO: [HLS 200-112] Total CPU user time: 217.01 seconds. Total CPU system time: 13.41 seconds. Total elapsed time: 251.71 seconds; peak allocated memory: 1.747 GB.
INFO: [Common 17-206] Exiting vitis_hls at Sat Jul 19 19:09:36 2025...
