
****** Vitis HLS - High-Level Synthesis from C, C++ and OpenCL v2023.1 (64-bit)
  **** SW Build 3854077 on May  4 2023
  **** IP Build 3864474 on Sun May  7 20:36:21 MDT 2023
  **** SharedData Build 3865790 on Sun May 07 13:33:03 MDT 2023
    ** Copyright 1986-2022 Xilinx, Inc. All Rights Reserved.
    ** Copyright 2022-2023 Advanced Micro Devices, Inc. All Rights Reserved.

source /tools/Xilinx/Vitis_HLS/2023.1/scripts/vitis_hls/hls.tcl -notrace
INFO: [HLS 200-10] Running '/tools/Xilinx/Vitis_HLS/2023.1/bin/unwrapped/lnx64.o/vitis_hls'
INFO: [HLS 200-10] For user 'coder' on host 'coder-hftsoi-hls2' (Linux_x86_64 version 5.15.0-140-generic) on Thu Jul 24 00:00:54 UTC 2025
INFO: [HLS 200-10] On os Ubuntu 20.04.6 LTS
INFO: [HLS 200-10] In directory '/home/coder/sparse-pixels/hls_proj/scaling/8b/flatten/flatten-c1-out60/flatten-p30-c1-out60'
Sourcing Tcl script 'build_prj.tcl'
INFO: [HLS 200-1510] Running: open_project -reset hls_dummy_prj 
INFO: [HLS 200-10] Creating and opening project '/home/coder/sparse-pixels/hls_proj/scaling/8b/flatten/flatten-c1-out60/flatten-p30-c1-out60/hls_dummy_prj'.
INFO: [HLS 200-1510] Running: set_top hls_dummy 
INFO: [HLS 200-1510] Running: add_files firmware/hls_dummy.cpp -cflags -std=c++0x 
INFO: [HLS 200-10] Adding design file 'firmware/hls_dummy.cpp' to the project
INFO: [HLS 200-1510] Running: add_files -tb hls_dummy_test.cpp -cflags -std=c++0x 
INFO: [HLS 200-10] Adding test bench file 'hls_dummy_test.cpp' to the project
INFO: [HLS 200-1510] Running: add_files -tb firmware/weights 
INFO: [HLS 200-10] Adding test bench file 'firmware/weights' to the project
INFO: [HLS 200-1510] Running: add_files -tb tb_data 
INFO: [HLS 200-10] Adding test bench file 'tb_data' to the project
INFO: [HLS 200-1510] Running: open_solution -reset solution1 
INFO: [HLS 200-10] Creating and opening solution '/home/coder/sparse-pixels/hls_proj/scaling/8b/flatten/flatten-c1-out60/flatten-p30-c1-out60/hls_dummy_prj/solution1'.
INFO: [HLS 200-10] Cleaning up the solution database.
INFO: [HLS 200-1505] Using default flow_target 'vivado'
Resolution: For help on HLS 200-1505 see www.xilinx.com/cgi-bin/docs/rdoc?v=2023.1;t=hls+guidance;d=200-1505.html
INFO: [HLS 200-1510] Running: config_array_partition -maximum_size 4096 
INFO: [XFORM 203-101] Allowed max sub elements number after partition is 4096.
ERROR: [HLS 200-642] The 'config_array_partition -maximum_size' command is not supported.
INFO: [HLS 200-1510] Running: config_compile -name_max_length 80 
INFO: [XFORM 203-1161] The maximum of name length is set to 80.
INFO: [HLS 200-1510] Running: set_part xcu250-figd2104-2L-e 
INFO: [HLS 200-1611] Setting target device to 'xcu250-figd2104-2L-e'
INFO: [XFORM 203-1161] The maximum of name length is set to 80.
INFO: [HLS 200-1510] Running: config_schedule -enable_dsp_full_reg=false 
INFO: [HLS 200-1510] Running: create_clock -period 5 -name default 
INFO: [SYN 201-201] Setting up clock 'default' with a period of 5ns.
INFO: [HLS 200-1510] Running: set_clock_uncertainty 27% default 
INFO: [SYN 201-201] Setting up clock 'default' with an uncertainty of 1.35ns.
***** C/RTL SYNTHESIS *****
INFO: [HLS 200-1510] Running: csynth_design 
INFO: [HLS 200-111] Finished File checks and directory preparation: CPU user time: 0.07 seconds. CPU system time: 0.02 seconds. Elapsed time: 0.09 seconds; current allocated memory: 1.449 GB.
INFO: [HLS 200-10] Analyzing design file 'firmware/hls_dummy.cpp' ... 
WARNING: [HLS 207-5531] 'Resource pragma' is deprecated, use 'bind_op/bind_storage pragma' instead (firmware/nnet_utils/nnet_dense_resource.h:33:9)
WARNING: [HLS 207-5531] 'Resource pragma' is deprecated, use 'bind_op/bind_storage pragma' instead (firmware/nnet_utils/nnet_dense_resource.h:107:9)
WARNING: [HLS 207-5531] 'Resource pragma' is deprecated, use 'bind_op/bind_storage pragma' instead (firmware/nnet_utils/nnet_dense_resource.h:189:9)
WARNING: [HLS 214-113] Either use an argument of the function or declare the variable inside the dataflow loop body (firmware/hls_dummy.cpp:370:162)
Resolution: For help on HLS 214-113 see www.xilinx.com/cgi-bin/docs/rdoc?v=2023.1;t=hls+guidance;d=214-113.html
WARNING: [HLS 214-113] Either use an argument of the function or declare the variable inside the dataflow loop body (firmware/hls_dummy.cpp:370:166)
Resolution: For help on HLS 214-113 see www.xilinx.com/cgi-bin/docs/rdoc?v=2023.1;t=hls+guidance;d=214-113.html
WARNING: [HLS 214-114] Since the only kind of statements allowed in a canonical dataflow region are variable declarations and function calls, the compiler may not be able to correctly handle the region (firmware/hls_dummy.cpp:345:9)
Resolution: For help on HLS 214-114 see www.xilinx.com/cgi-bin/docs/rdoc?v=2023.1;t=hls+guidance;d=214-114.html
WARNING: [HLS 200-471] Dataflow form checks found 3 issue(s) in file firmware/hls_dummy.cpp
Resolution: For help on HLS 200-471 see www.xilinx.com/cgi-bin/docs/rdoc?v=2023.1;t=hls+guidance;d=200-471.html
WARNING: [HLS 207-5292] unused parameter 'keep' (firmware/nnet_utils/nnet_helpers.h:285:99)
WARNING: [HLS 207-5292] unused parameter 'data' (firmware/nnet_utils/nnet_function_stubs.h:14:36)
WARNING: [HLS 207-5292] unused parameter 'buffer' (firmware/nnet_utils/nnet_function_stubs.h:15:36)
WARNING: [HLS 207-5292] unused parameter 'partition' (firmware/nnet_utils/nnet_function_stubs.h:16:44)
WARNING: [HLS 207-5292] unused parameter 'data' (firmware/nnet_utils/nnet_function_stubs.h:24:24)
WARNING: [HLS 207-5292] unused parameter 'buffer' (firmware/nnet_utils/nnet_function_stubs.h:25:24)
WARNING: [HLS 207-5292] unused parameter 'partition' (firmware/nnet_utils/nnet_function_stubs.h:26:32)
WARNING: [HLS 207-5292] unused parameter 'data' (firmware/nnet_utils/nnet_function_stubs.h:33:30)
WARNING: [HLS 207-5292] unused parameter 'res' (firmware/nnet_utils/nnet_function_stubs.h:33:58)
WARNING: [HLS 207-5292] unused parameter 'weights' (firmware/nnet_utils/nnet_function_stubs.h:34:51)
WARNING: [HLS 207-5292] unused parameter 'biases' (firmware/nnet_utils/nnet_function_stubs.h:35:49)
WARNING: [HLS 207-5292] unused parameter 'data' (firmware/nnet_utils/nnet_function_stubs.h:42:30)
WARNING: [HLS 207-5292] unused parameter 'res' (firmware/nnet_utils/nnet_function_stubs.h:42:58)
WARNING: [HLS 207-5292] unused parameter 'weights' (firmware/nnet_utils/nnet_function_stubs.h:43:51)
WARNING: [HLS 207-5292] unused parameter 'biases' (firmware/nnet_utils/nnet_function_stubs.h:44:49)
WARNING: [HLS 207-5292] unused parameter 'data' (firmware/nnet_utils/nnet_function_stubs.h:51:29)
WARNING: [HLS 207-5292] unused parameter 'res' (firmware/nnet_utils/nnet_function_stubs.h:51:80)
WARNING: [HLS 207-5292] unused parameter 'weights' (firmware/nnet_utils/nnet_function_stubs.h:52:50)
WARNING: [HLS 207-5292] unused parameter 'biases' (firmware/nnet_utils/nnet_function_stubs.h:53:48)
WARNING: [HLS 207-5292] unused parameter 'data' (firmware/nnet_utils/nnet_code_gen.h:16:39)
WARNING: [HLS 207-5292] unused parameter 'res' (firmware/nnet_utils/nnet_code_gen.h:17:38)
WARNING: [HLS 207-5292] unused parameter 'weights' (firmware/nnet_utils/nnet_code_gen.h:18:60)
WARNING: [HLS 207-5292] unused parameter 'biases' (firmware/nnet_utils/nnet_code_gen.h:19:58)
INFO: [HLS 200-111] Finished Source Code Analysis and Preprocessing: CPU user time: 6.06 seconds. CPU system time: 1.52 seconds. Elapsed time: 52.14 seconds; current allocated memory: 1.454 GB.
INFO: [HLS 200-777] Using interface defaults for 'Vivado' flow target.
INFO: [HLS 200-1995] There were 13,089 instructions in the design after the 'Compile/Link' phase of compilation. See the Design Size Report for more details: /home/coder/sparse-pixels/hls_proj/scaling/8b/flatten/flatten-c1-out60/flatten-p30-c1-out60/hls_dummy_prj/solution1/syn/report/csynth_design_size.rpt
WARNING: [HLS 200-1995] There were 120,714 instructions in the design after the 'Unroll/Inline' phase of compilation. See the Design Size Report for more details: /home/coder/sparse-pixels/hls_proj/scaling/8b/flatten/flatten-c1-out60/flatten-p30-c1-out60/hls_dummy_prj/solution1/syn/report/csynth_design_size.rpt
INFO: [HLS 200-1995] There were 50,410 instructions in the design after the 'Performance/Pipeline' phase of compilation. See the Design Size Report for more details: /home/coder/sparse-pixels/hls_proj/scaling/8b/flatten/flatten-c1-out60/flatten-p30-c1-out60/hls_dummy_prj/solution1/syn/report/csynth_design_size.rpt
INFO: [HLS 200-1995] There were 49,889 instructions in the design after the 'Optimizations' phase of compilation. See the Design Size Report for more details: /home/coder/sparse-pixels/hls_proj/scaling/8b/flatten/flatten-c1-out60/flatten-p30-c1-out60/hls_dummy_prj/solution1/syn/report/csynth_design_size.rpt
INFO: [HLS 214-131] Inlining function 'value_idx_pair<ap_fixed<8, 2, (ap_q_mode)5, (ap_o_mode)3, 0> > find_active<value_idx_pair<ap_fixed<8, 2, (ap_q_mode)5, (ap_o_mode)3, 0> >, 2, Op_active<value_idx_pair<ap_fixed<8, 2, (ap_q_mode)5, (ap_o_mode)3, 0> >, ap_fixed<8, 2, (ap_q_mode)5, (ap_o_mode)3, 0> >, ap_fixed<8, 2, (ap_q_mode)5, (ap_o_mode)3, 0> >(value_idx_pair<ap_fixed<8, 2, (ap_q_mode)5, (ap_o_mode)3, 0> >*, Op_active<value_idx_pair<ap_fixed<8, 2, (ap_q_mode)5, (ap_o_mode)3, 0> >, ap_fixed<8, 2, (ap_q_mode)5, (ap_o_mode)3, 0> >, ap_fixed<8, 2, (ap_q_mode)5, (ap_o_mode)3, 0>)' into 'value_idx_pair<ap_fixed<8, 2, (ap_q_mode)5, (ap_o_mode)3, 0> > find_active<value_idx_pair<ap_fixed<8, 2, (ap_q_mode)5, (ap_o_mode)3, 0> >, 4, Op_active<value_idx_pair<ap_fixed<8, 2, (ap_q_mode)5, (ap_o_mode)3, 0> >, ap_fixed<8, 2, (ap_q_mode)5, (ap_o_mode)3, 0> >, ap_fixed<8, 2, (ap_q_mode)5, (ap_o_mode)3, 0> >(value_idx_pair<ap_fixed<8, 2, (ap_q_mode)5, (ap_o_mode)3, 0> >*, Op_active<value_idx_pair<ap_fixed<8, 2, (ap_q_mode)5, (ap_o_mode)3, 0> >, ap_fixed<8, 2, (ap_q_mode)5, (ap_o_mode)3, 0> >, ap_fixed<8, 2, (ap_q_mode)5, (ap_o_mode)3, 0>)' (firmware/hls_dummy.cpp:49:15)
INFO: [HLS 214-131] Inlining function 'value_idx_pair<ap_fixed<8, 2, (ap_q_mode)5, (ap_o_mode)3, 0> > find_active<value_idx_pair<ap_fixed<8, 2, (ap_q_mode)5, (ap_o_mode)3, 0> >, 2, Op_active<value_idx_pair<ap_fixed<8, 2, (ap_q_mode)5, (ap_o_mode)3, 0> >, ap_fixed<8, 2, (ap_q_mode)5, (ap_o_mode)3, 0> >, ap_fixed<8, 2, (ap_q_mode)5, (ap_o_mode)3, 0> >(value_idx_pair<ap_fixed<8, 2, (ap_q_mode)5, (ap_o_mode)3, 0> >*, Op_active<value_idx_pair<ap_fixed<8, 2, (ap_q_mode)5, (ap_o_mode)3, 0> >, ap_fixed<8, 2, (ap_q_mode)5, (ap_o_mode)3, 0> >, ap_fixed<8, 2, (ap_q_mode)5, (ap_o_mode)3, 0>)' into 'value_idx_pair<ap_fixed<8, 2, (ap_q_mode)5, (ap_o_mode)3, 0> > find_active<value_idx_pair<ap_fixed<8, 2, (ap_q_mode)5, (ap_o_mode)3, 0> >, 4, Op_active<value_idx_pair<ap_fixed<8, 2, (ap_q_mode)5, (ap_o_mode)3, 0> >, ap_fixed<8, 2, (ap_q_mode)5, (ap_o_mode)3, 0> >, ap_fixed<8, 2, (ap_q_mode)5, (ap_o_mode)3, 0> >(value_idx_pair<ap_fixed<8, 2, (ap_q_mode)5, (ap_o_mode)3, 0> >*, Op_active<value_idx_pair<ap_fixed<8, 2, (ap_q_mode)5, (ap_o_mode)3, 0> >, ap_fixed<8, 2, (ap_q_mode)5, (ap_o_mode)3, 0> >, ap_fixed<8, 2, (ap_q_mode)5, (ap_o_mode)3, 0>)' (firmware/hls_dummy.cpp:49:63)
INFO: [HLS 214-131] Inlining function 'value_idx_pair<ap_fixed<8, 2, (ap_q_mode)5, (ap_o_mode)3, 0> > find_active<value_idx_pair<ap_fixed<8, 2, (ap_q_mode)5, (ap_o_mode)3, 0> >, 4, Op_active<value_idx_pair<ap_fixed<8, 2, (ap_q_mode)5, (ap_o_mode)3, 0> >, ap_fixed<8, 2, (ap_q_mode)5, (ap_o_mode)3, 0> >, ap_fixed<8, 2, (ap_q_mode)5, (ap_o_mode)3, 0> >(value_idx_pair<ap_fixed<8, 2, (ap_q_mode)5, (ap_o_mode)3, 0> >*, Op_active<value_idx_pair<ap_fixed<8, 2, (ap_q_mode)5, (ap_o_mode)3, 0> >, ap_fixed<8, 2, (ap_q_mode)5, (ap_o_mode)3, 0> >, ap_fixed<8, 2, (ap_q_mode)5, (ap_o_mode)3, 0>)' into 'value_idx_pair<ap_fixed<8, 2, (ap_q_mode)5, (ap_o_mode)3, 0> > find_active<value_idx_pair<ap_fixed<8, 2, (ap_q_mode)5, (ap_o_mode)3, 0> >, 8, Op_active<value_idx_pair<ap_fixed<8, 2, (ap_q_mode)5, (ap_o_mode)3, 0> >, ap_fixed<8, 2, (ap_q_mode)5, (ap_o_mode)3, 0> >, ap_fixed<8, 2, (ap_q_mode)5, (ap_o_mode)3, 0> >(value_idx_pair<ap_fixed<8, 2, (ap_q_mode)5, (ap_o_mode)3, 0> >*, Op_active<value_idx_pair<ap_fixed<8, 2, (ap_q_mode)5, (ap_o_mode)3, 0> >, ap_fixed<8, 2, (ap_q_mode)5, (ap_o_mode)3, 0> >, ap_fixed<8, 2, (ap_q_mode)5, (ap_o_mode)3, 0>)' (firmware/hls_dummy.cpp:49:15)
INFO: [HLS 214-131] Inlining function 'value_idx_pair<ap_fixed<8, 2, (ap_q_mode)5, (ap_o_mode)3, 0> > find_active<value_idx_pair<ap_fixed<8, 2, (ap_q_mode)5, (ap_o_mode)3, 0> >, 4, Op_active<value_idx_pair<ap_fixed<8, 2, (ap_q_mode)5, (ap_o_mode)3, 0> >, ap_fixed<8, 2, (ap_q_mode)5, (ap_o_mode)3, 0> >, ap_fixed<8, 2, (ap_q_mode)5, (ap_o_mode)3, 0> >(value_idx_pair<ap_fixed<8, 2, (ap_q_mode)5, (ap_o_mode)3, 0> >*, Op_active<value_idx_pair<ap_fixed<8, 2, (ap_q_mode)5, (ap_o_mode)3, 0> >, ap_fixed<8, 2, (ap_q_mode)5, (ap_o_mode)3, 0> >, ap_fixed<8, 2, (ap_q_mode)5, (ap_o_mode)3, 0>)' into 'value_idx_pair<ap_fixed<8, 2, (ap_q_mode)5, (ap_o_mode)3, 0> > find_active<value_idx_pair<ap_fixed<8, 2, (ap_q_mode)5, (ap_o_mode)3, 0> >, 8, Op_active<value_idx_pair<ap_fixed<8, 2, (ap_q_mode)5, (ap_o_mode)3, 0> >, ap_fixed<8, 2, (ap_q_mode)5, (ap_o_mode)3, 0> >, ap_fixed<8, 2, (ap_q_mode)5, (ap_o_mode)3, 0> >(value_idx_pair<ap_fixed<8, 2, (ap_q_mode)5, (ap_o_mode)3, 0> >*, Op_active<value_idx_pair<ap_fixed<8, 2, (ap_q_mode)5, (ap_o_mode)3, 0> >, ap_fixed<8, 2, (ap_q_mode)5, (ap_o_mode)3, 0> >, ap_fixed<8, 2, (ap_q_mode)5, (ap_o_mode)3, 0>)' (firmware/hls_dummy.cpp:49:63)
INFO: [HLS 214-131] Inlining function 'value_idx_pair<ap_fixed<8, 2, (ap_q_mode)5, (ap_o_mode)3, 0> > find_active<value_idx_pair<ap_fixed<8, 2, (ap_q_mode)5, (ap_o_mode)3, 0> >, 8, Op_active<value_idx_pair<ap_fixed<8, 2, (ap_q_mode)5, (ap_o_mode)3, 0> >, ap_fixed<8, 2, (ap_q_mode)5, (ap_o_mode)3, 0> >, ap_fixed<8, 2, (ap_q_mode)5, (ap_o_mode)3, 0> >(value_idx_pair<ap_fixed<8, 2, (ap_q_mode)5, (ap_o_mode)3, 0> >*, Op_active<value_idx_pair<ap_fixed<8, 2, (ap_q_mode)5, (ap_o_mode)3, 0> >, ap_fixed<8, 2, (ap_q_mode)5, (ap_o_mode)3, 0> >, ap_fixed<8, 2, (ap_q_mode)5, (ap_o_mode)3, 0>)' into 'value_idx_pair<ap_fixed<8, 2, (ap_q_mode)5, (ap_o_mode)3, 0> > find_active<value_idx_pair<ap_fixed<8, 2, (ap_q_mode)5, (ap_o_mode)3, 0> >, 16, Op_active<value_idx_pair<ap_fixed<8, 2, (ap_q_mode)5, (ap_o_mode)3, 0> >, ap_fixed<8, 2, (ap_q_mode)5, (ap_o_mode)3, 0> >, ap_fixed<8, 2, (ap_q_mode)5, (ap_o_mode)3, 0> >(value_idx_pair<ap_fixed<8, 2, (ap_q_mode)5, (ap_o_mode)3, 0> >*, Op_active<value_idx_pair<ap_fixed<8, 2, (ap_q_mode)5, (ap_o_mode)3, 0> >, ap_fixed<8, 2, (ap_q_mode)5, (ap_o_mode)3, 0> >, ap_fixed<8, 2, (ap_q_mode)5, (ap_o_mode)3, 0>)' (firmware/hls_dummy.cpp:49:15)
INFO: [HLS 214-131] Inlining function 'value_idx_pair<ap_fixed<8, 2, (ap_q_mode)5, (ap_o_mode)3, 0> > find_active<value_idx_pair<ap_fixed<8, 2, (ap_q_mode)5, (ap_o_mode)3, 0> >, 8, Op_active<value_idx_pair<ap_fixed<8, 2, (ap_q_mode)5, (ap_o_mode)3, 0> >, ap_fixed<8, 2, (ap_q_mode)5, (ap_o_mode)3, 0> >, ap_fixed<8, 2, (ap_q_mode)5, (ap_o_mode)3, 0> >(value_idx_pair<ap_fixed<8, 2, (ap_q_mode)5, (ap_o_mode)3, 0> >*, Op_active<value_idx_pair<ap_fixed<8, 2, (ap_q_mode)5, (ap_o_mode)3, 0> >, ap_fixed<8, 2, (ap_q_mode)5, (ap_o_mode)3, 0> >, ap_fixed<8, 2, (ap_q_mode)5, (ap_o_mode)3, 0>)' into 'value_idx_pair<ap_fixed<8, 2, (ap_q_mode)5, (ap_o_mode)3, 0> > find_active<value_idx_pair<ap_fixed<8, 2, (ap_q_mode)5, (ap_o_mode)3, 0> >, 16, Op_active<value_idx_pair<ap_fixed<8, 2, (ap_q_mode)5, (ap_o_mode)3, 0> >, ap_fixed<8, 2, (ap_q_mode)5, (ap_o_mode)3, 0> >, ap_fixed<8, 2, (ap_q_mode)5, (ap_o_mode)3, 0> >(value_idx_pair<ap_fixed<8, 2, (ap_q_mode)5, (ap_o_mode)3, 0> >*, Op_active<value_idx_pair<ap_fixed<8, 2, (ap_q_mode)5, (ap_o_mode)3, 0> >, ap_fixed<8, 2, (ap_q_mode)5, (ap_o_mode)3, 0> >, ap_fixed<8, 2, (ap_q_mode)5, (ap_o_mode)3, 0>)' (firmware/hls_dummy.cpp:49:63)
INFO: [HLS 214-131] Inlining function 'value_idx_pair<ap_fixed<8, 2, (ap_q_mode)5, (ap_o_mode)3, 0> > find_active<value_idx_pair<ap_fixed<8, 2, (ap_q_mode)5, (ap_o_mode)3, 0> >, 16, Op_active<value_idx_pair<ap_fixed<8, 2, (ap_q_mode)5, (ap_o_mode)3, 0> >, ap_fixed<8, 2, (ap_q_mode)5, (ap_o_mode)3, 0> >, ap_fixed<8, 2, (ap_q_mode)5, (ap_o_mode)3, 0> >(value_idx_pair<ap_fixed<8, 2, (ap_q_mode)5, (ap_o_mode)3, 0> >*, Op_active<value_idx_pair<ap_fixed<8, 2, (ap_q_mode)5, (ap_o_mode)3, 0> >, ap_fixed<8, 2, (ap_q_mode)5, (ap_o_mode)3, 0> >, ap_fixed<8, 2, (ap_q_mode)5, (ap_o_mode)3, 0>)' into 'value_idx_pair<ap_fixed<8, 2, (ap_q_mode)5, (ap_o_mode)3, 0> > find_active<value_idx_pair<ap_fixed<8, 2, (ap_q_mode)5, (ap_o_mode)3, 0> >, 32, Op_active<value_idx_pair<ap_fixed<8, 2, (ap_q_mode)5, (ap_o_mode)3, 0> >, ap_fixed<8, 2, (ap_q_mode)5, (ap_o_mode)3, 0> >, ap_fixed<8, 2, (ap_q_mode)5, (ap_o_mode)3, 0> >(value_idx_pair<ap_fixed<8, 2, (ap_q_mode)5, (ap_o_mode)3, 0> >*, Op_active<value_idx_pair<ap_fixed<8, 2, (ap_q_mode)5, (ap_o_mode)3, 0> >, ap_fixed<8, 2, (ap_q_mode)5, (ap_o_mode)3, 0> >, ap_fixed<8, 2, (ap_q_mode)5, (ap_o_mode)3, 0>)' (firmware/hls_dummy.cpp:49:15)
INFO: [HLS 214-131] Inlining function 'value_idx_pair<ap_fixed<8, 2, (ap_q_mode)5, (ap_o_mode)3, 0> > find_active<value_idx_pair<ap_fixed<8, 2, (ap_q_mode)5, (ap_o_mode)3, 0> >, 16, Op_active<value_idx_pair<ap_fixed<8, 2, (ap_q_mode)5, (ap_o_mode)3, 0> >, ap_fixed<8, 2, (ap_q_mode)5, (ap_o_mode)3, 0> >, ap_fixed<8, 2, (ap_q_mode)5, (ap_o_mode)3, 0> >(value_idx_pair<ap_fixed<8, 2, (ap_q_mode)5, (ap_o_mode)3, 0> >*, Op_active<value_idx_pair<ap_fixed<8, 2, (ap_q_mode)5, (ap_o_mode)3, 0> >, ap_fixed<8, 2, (ap_q_mode)5, (ap_o_mode)3, 0> >, ap_fixed<8, 2, (ap_q_mode)5, (ap_o_mode)3, 0>)' into 'value_idx_pair<ap_fixed<8, 2, (ap_q_mode)5, (ap_o_mode)3, 0> > find_active<value_idx_pair<ap_fixed<8, 2, (ap_q_mode)5, (ap_o_mode)3, 0> >, 32, Op_active<value_idx_pair<ap_fixed<8, 2, (ap_q_mode)5, (ap_o_mode)3, 0> >, ap_fixed<8, 2, (ap_q_mode)5, (ap_o_mode)3, 0> >, ap_fixed<8, 2, (ap_q_mode)5, (ap_o_mode)3, 0> >(value_idx_pair<ap_fixed<8, 2, (ap_q_mode)5, (ap_o_mode)3, 0> >*, Op_active<value_idx_pair<ap_fixed<8, 2, (ap_q_mode)5, (ap_o_mode)3, 0> >, ap_fixed<8, 2, (ap_q_mode)5, (ap_o_mode)3, 0> >, ap_fixed<8, 2, (ap_q_mode)5, (ap_o_mode)3, 0>)' (firmware/hls_dummy.cpp:49:63)
INFO: [HLS 214-131] Inlining function 'value_idx_pair<ap_fixed<8, 2, (ap_q_mode)5, (ap_o_mode)3, 0> > find_active<value_idx_pair<ap_fixed<8, 2, (ap_q_mode)5, (ap_o_mode)3, 0> >, 8, Op_active<value_idx_pair<ap_fixed<8, 2, (ap_q_mode)5, (ap_o_mode)3, 0> >, ap_fixed<8, 2, (ap_q_mode)5, (ap_o_mode)3, 0> >, ap_fixed<8, 2, (ap_q_mode)5, (ap_o_mode)3, 0> >(value_idx_pair<ap_fixed<8, 2, (ap_q_mode)5, (ap_o_mode)3, 0> >*, Op_active<value_idx_pair<ap_fixed<8, 2, (ap_q_mode)5, (ap_o_mode)3, 0> >, ap_fixed<8, 2, (ap_q_mode)5, (ap_o_mode)3, 0> >, ap_fixed<8, 2, (ap_q_mode)5, (ap_o_mode)3, 0>)' into 'value_idx_pair<ap_fixed<8, 2, (ap_q_mode)5, (ap_o_mode)3, 0> > find_active<value_idx_pair<ap_fixed<8, 2, (ap_q_mode)5, (ap_o_mode)3, 0> >, 12, Op_active<value_idx_pair<ap_fixed<8, 2, (ap_q_mode)5, (ap_o_mode)3, 0> >, ap_fixed<8, 2, (ap_q_mode)5, (ap_o_mode)3, 0> >, ap_fixed<8, 2, (ap_q_mode)5, (ap_o_mode)3, 0> >(value_idx_pair<ap_fixed<8, 2, (ap_q_mode)5, (ap_o_mode)3, 0> >*, Op_active<value_idx_pair<ap_fixed<8, 2, (ap_q_mode)5, (ap_o_mode)3, 0> >, ap_fixed<8, 2, (ap_q_mode)5, (ap_o_mode)3, 0> >, ap_fixed<8, 2, (ap_q_mode)5, (ap_o_mode)3, 0>)' (firmware/hls_dummy.cpp:49:15)
INFO: [HLS 214-131] Inlining function 'value_idx_pair<ap_fixed<8, 2, (ap_q_mode)5, (ap_o_mode)3, 0> > find_active<value_idx_pair<ap_fixed<8, 2, (ap_q_mode)5, (ap_o_mode)3, 0> >, 4, Op_active<value_idx_pair<ap_fixed<8, 2, (ap_q_mode)5, (ap_o_mode)3, 0> >, ap_fixed<8, 2, (ap_q_mode)5, (ap_o_mode)3, 0> >, ap_fixed<8, 2, (ap_q_mode)5, (ap_o_mode)3, 0> >(value_idx_pair<ap_fixed<8, 2, (ap_q_mode)5, (ap_o_mode)3, 0> >*, Op_active<value_idx_pair<ap_fixed<8, 2, (ap_q_mode)5, (ap_o_mode)3, 0> >, ap_fixed<8, 2, (ap_q_mode)5, (ap_o_mode)3, 0> >, ap_fixed<8, 2, (ap_q_mode)5, (ap_o_mode)3, 0>)' into 'value_idx_pair<ap_fixed<8, 2, (ap_q_mode)5, (ap_o_mode)3, 0> > find_active<value_idx_pair<ap_fixed<8, 2, (ap_q_mode)5, (ap_o_mode)3, 0> >, 12, Op_active<value_idx_pair<ap_fixed<8, 2, (ap_q_mode)5, (ap_o_mode)3, 0> >, ap_fixed<8, 2, (ap_q_mode)5, (ap_o_mode)3, 0> >, ap_fixed<8, 2, (ap_q_mode)5, (ap_o_mode)3, 0> >(value_idx_pair<ap_fixed<8, 2, (ap_q_mode)5, (ap_o_mode)3, 0> >*, Op_active<value_idx_pair<ap_fixed<8, 2, (ap_q_mode)5, (ap_o_mode)3, 0> >, ap_fixed<8, 2, (ap_q_mode)5, (ap_o_mode)3, 0> >, ap_fixed<8, 2, (ap_q_mode)5, (ap_o_mode)3, 0>)' (firmware/hls_dummy.cpp:49:63)
INFO: [HLS 214-131] Inlining function 'value_idx_pair<ap_fixed<8, 2, (ap_q_mode)5, (ap_o_mode)3, 0> > find_active<value_idx_pair<ap_fixed<8, 2, (ap_q_mode)5, (ap_o_mode)3, 0> >, 16, Op_active<value_idx_pair<ap_fixed<8, 2, (ap_q_mode)5, (ap_o_mode)3, 0> >, ap_fixed<8, 2, (ap_q_mode)5, (ap_o_mode)3, 0> >, ap_fixed<8, 2, (ap_q_mode)5, (ap_o_mode)3, 0> >(value_idx_pair<ap_fixed<8, 2, (ap_q_mode)5, (ap_o_mode)3, 0> >*, Op_active<value_idx_pair<ap_fixed<8, 2, (ap_q_mode)5, (ap_o_mode)3, 0> >, ap_fixed<8, 2, (ap_q_mode)5, (ap_o_mode)3, 0> >, ap_fixed<8, 2, (ap_q_mode)5, (ap_o_mode)3, 0>)' into 'value_idx_pair<ap_fixed<8, 2, (ap_q_mode)5, (ap_o_mode)3, 0> > find_active<value_idx_pair<ap_fixed<8, 2, (ap_q_mode)5, (ap_o_mode)3, 0> >, 28, Op_active<value_idx_pair<ap_fixed<8, 2, (ap_q_mode)5, (ap_o_mode)3, 0> >, ap_fixed<8, 2, (ap_q_mode)5, (ap_o_mode)3, 0> >, ap_fixed<8, 2, (ap_q_mode)5, (ap_o_mode)3, 0> >(value_idx_pair<ap_fixed<8, 2, (ap_q_mode)5, (ap_o_mode)3, 0> >*, Op_active<value_idx_pair<ap_fixed<8, 2, (ap_q_mode)5, (ap_o_mode)3, 0> >, ap_fixed<8, 2, (ap_q_mode)5, (ap_o_mode)3, 0> >, ap_fixed<8, 2, (ap_q_mode)5, (ap_o_mode)3, 0>)' (firmware/hls_dummy.cpp:49:15)
INFO: [HLS 214-131] Inlining function 'value_idx_pair<ap_fixed<8, 2, (ap_q_mode)5, (ap_o_mode)3, 0> > find_active<value_idx_pair<ap_fixed<8, 2, (ap_q_mode)5, (ap_o_mode)3, 0> >, 12, Op_active<value_idx_pair<ap_fixed<8, 2, (ap_q_mode)5, (ap_o_mode)3, 0> >, ap_fixed<8, 2, (ap_q_mode)5, (ap_o_mode)3, 0> >, ap_fixed<8, 2, (ap_q_mode)5, (ap_o_mode)3, 0> >(value_idx_pair<ap_fixed<8, 2, (ap_q_mode)5, (ap_o_mode)3, 0> >*, Op_active<value_idx_pair<ap_fixed<8, 2, (ap_q_mode)5, (ap_o_mode)3, 0> >, ap_fixed<8, 2, (ap_q_mode)5, (ap_o_mode)3, 0> >, ap_fixed<8, 2, (ap_q_mode)5, (ap_o_mode)3, 0>)' into 'value_idx_pair<ap_fixed<8, 2, (ap_q_mode)5, (ap_o_mode)3, 0> > find_active<value_idx_pair<ap_fixed<8, 2, (ap_q_mode)5, (ap_o_mode)3, 0> >, 28, Op_active<value_idx_pair<ap_fixed<8, 2, (ap_q_mode)5, (ap_o_mode)3, 0> >, ap_fixed<8, 2, (ap_q_mode)5, (ap_o_mode)3, 0> >, ap_fixed<8, 2, (ap_q_mode)5, (ap_o_mode)3, 0> >(value_idx_pair<ap_fixed<8, 2, (ap_q_mode)5, (ap_o_mode)3, 0> >*, Op_active<value_idx_pair<ap_fixed<8, 2, (ap_q_mode)5, (ap_o_mode)3, 0> >, ap_fixed<8, 2, (ap_q_mode)5, (ap_o_mode)3, 0> >, ap_fixed<8, 2, (ap_q_mode)5, (ap_o_mode)3, 0>)' (firmware/hls_dummy.cpp:49:63)
INFO: [HLS 214-131] Inlining function 'value_idx_pair<ap_fixed<8, 2, (ap_q_mode)5, (ap_o_mode)3, 0> > find_active<value_idx_pair<ap_fixed<8, 2, (ap_q_mode)5, (ap_o_mode)3, 0> >, 32, Op_active<value_idx_pair<ap_fixed<8, 2, (ap_q_mode)5, (ap_o_mode)3, 0> >, ap_fixed<8, 2, (ap_q_mode)5, (ap_o_mode)3, 0> >, ap_fixed<8, 2, (ap_q_mode)5, (ap_o_mode)3, 0> >(value_idx_pair<ap_fixed<8, 2, (ap_q_mode)5, (ap_o_mode)3, 0> >*, Op_active<value_idx_pair<ap_fixed<8, 2, (ap_q_mode)5, (ap_o_mode)3, 0> >, ap_fixed<8, 2, (ap_q_mode)5, (ap_o_mode)3, 0> >, ap_fixed<8, 2, (ap_q_mode)5, (ap_o_mode)3, 0>)' into 'value_idx_pair<ap_fixed<8, 2, (ap_q_mode)5, (ap_o_mode)3, 0> > find_active<value_idx_pair<ap_fixed<8, 2, (ap_q_mode)5, (ap_o_mode)3, 0> >, 60, Op_active<value_idx_pair<ap_fixed<8, 2, (ap_q_mode)5, (ap_o_mode)3, 0> >, ap_fixed<8, 2, (ap_q_mode)5, (ap_o_mode)3, 0> >, ap_fixed<8, 2, (ap_q_mode)5, (ap_o_mode)3, 0> >(value_idx_pair<ap_fixed<8, 2, (ap_q_mode)5, (ap_o_mode)3, 0> >*, Op_active<value_idx_pair<ap_fixed<8, 2, (ap_q_mode)5, (ap_o_mode)3, 0> >, ap_fixed<8, 2, (ap_q_mode)5, (ap_o_mode)3, 0> >, ap_fixed<8, 2, (ap_q_mode)5, (ap_o_mode)3, 0>)' (firmware/hls_dummy.cpp:49:15)
INFO: [HLS 214-131] Inlining function 'value_idx_pair<ap_fixed<8, 2, (ap_q_mode)5, (ap_o_mode)3, 0> > find_active<value_idx_pair<ap_fixed<8, 2, (ap_q_mode)5, (ap_o_mode)3, 0> >, 28, Op_active<value_idx_pair<ap_fixed<8, 2, (ap_q_mode)5, (ap_o_mode)3, 0> >, ap_fixed<8, 2, (ap_q_mode)5, (ap_o_mode)3, 0> >, ap_fixed<8, 2, (ap_q_mode)5, (ap_o_mode)3, 0> >(value_idx_pair<ap_fixed<8, 2, (ap_q_mode)5, (ap_o_mode)3, 0> >*, Op_active<value_idx_pair<ap_fixed<8, 2, (ap_q_mode)5, (ap_o_mode)3, 0> >, ap_fixed<8, 2, (ap_q_mode)5, (ap_o_mode)3, 0> >, ap_fixed<8, 2, (ap_q_mode)5, (ap_o_mode)3, 0>)' into 'value_idx_pair<ap_fixed<8, 2, (ap_q_mode)5, (ap_o_mode)3, 0> > find_active<value_idx_pair<ap_fixed<8, 2, (ap_q_mode)5, (ap_o_mode)3, 0> >, 60, Op_active<value_idx_pair<ap_fixed<8, 2, (ap_q_mode)5, (ap_o_mode)3, 0> >, ap_fixed<8, 2, (ap_q_mode)5, (ap_o_mode)3, 0> >, ap_fixed<8, 2, (ap_q_mode)5, (ap_o_mode)3, 0> >(value_idx_pair<ap_fixed<8, 2, (ap_q_mode)5, (ap_o_mode)3, 0> >*, Op_active<value_idx_pair<ap_fixed<8, 2, (ap_q_mode)5, (ap_o_mode)3, 0> >, ap_fixed<8, 2, (ap_q_mode)5, (ap_o_mode)3, 0> >, ap_fixed<8, 2, (ap_q_mode)5, (ap_o_mode)3, 0>)' (firmware/hls_dummy.cpp:49:63)
INFO: [HLS 214-131] Inlining function 'value_idx_pair<ap_fixed<8, 2, (ap_q_mode)5, (ap_o_mode)3, 0> > find_active<value_idx_pair<ap_fixed<8, 2, (ap_q_mode)5, (ap_o_mode)3, 0> >, 60, Op_active<value_idx_pair<ap_fixed<8, 2, (ap_q_mode)5, (ap_o_mode)3, 0> >, ap_fixed<8, 2, (ap_q_mode)5, (ap_o_mode)3, 0> >, ap_fixed<8, 2, (ap_q_mode)5, (ap_o_mode)3, 0> >(value_idx_pair<ap_fixed<8, 2, (ap_q_mode)5, (ap_o_mode)3, 0> >*, Op_active<value_idx_pair<ap_fixed<8, 2, (ap_q_mode)5, (ap_o_mode)3, 0> >, ap_fixed<8, 2, (ap_q_mode)5, (ap_o_mode)3, 0> >, ap_fixed<8, 2, (ap_q_mode)5, (ap_o_mode)3, 0>)' into 'void sparse_input_reduce<ap_fixed<8, 2, (ap_q_mode)5, (ap_o_mode)3, 0>, ap_uint<10>, 10, 6, 1, 30>(ap_fixed<8, 2, (ap_q_mode)5, (ap_o_mode)3, 0>*, ap_fixed<8, 2, (ap_q_mode)5, (ap_o_mode)3, 0>, ap_fixed<8, 2, (ap_q_mode)5, (ap_o_mode)3, 0>*, ap_uint<10>*)' (firmware/hls_dummy.cpp:97:32)
INFO: [HLS 214-131] Inlining function 'ap_fixed<8, 2, (ap_q_mode)5, (ap_o_mode)3, 0> mult_for_sparse_conv_kernel<ap_fixed<8, 2, (ap_q_mode)5, (ap_o_mode)3, 0>, ap_fixed<8, 2, (ap_q_mode)5, (ap_o_mode)3, 0>, ap_fixed<8, 2, (ap_q_mode)5, (ap_o_mode)3, 0>, 1, 1, 30, 3>(int, int, ap_fixed<8, 2, (ap_q_mode)5, (ap_o_mode)3, 0>*, ap_fixed<8, 2, (ap_q_mode)5, (ap_o_mode)3, 0>*, int, int)' into 'void sparse_conv<ap_fixed<8, 2, (ap_q_mode)5, (ap_o_mode)3, 0>, ap_fixed<8, 2, (ap_q_mode)5, (ap_o_mode)3, 0>, ap_uint<10>, ap_fixed<8, 2, (ap_q_mode)5, (ap_o_mode)3, 0>, ap_fixed<8, 2, (ap_q_mode)5, (ap_o_mode)3, 0>, 30, 1, 1, 3>(ap_fixed<8, 2, (ap_q_mode)5, (ap_o_mode)3, 0>*, ap_fixed<8, 2, (ap_q_mode)5, (ap_o_mode)3, 0>*, ap_uint<10>*, ap_fixed<8, 2, (ap_q_mode)5, (ap_o_mode)3, 0>*, ap_fixed<8, 2, (ap_q_mode)5, (ap_o_mode)3, 0>*)' (firmware/hls_dummy.cpp:194:24)
INFO: [HLS 214-186] Unrolling loop 'VITIS_LOOP_376_1' (firmware/hls_dummy.cpp:376:23) in function 'hls_dummy' completely with a factor of 60 (firmware/hls_dummy.cpp:339:0)
INFO: [HLS 214-186] Unrolling loop 'FillFlatArr' (firmware/hls_dummy.cpp:315:5) in function 'sparse_flatten<ap_fixed<8, 2, (ap_q_mode)5, (ap_o_mode)3, 0>, ap_uint<10>, 10, 6, 1, 30>' completely with a factor of 30 (firmware/hls_dummy.cpp:305:0)
INFO: [HLS 214-186] Unrolling loop 'ChannelLoop' (firmware/hls_dummy.cpp:323:9) in function 'sparse_flatten<ap_fixed<8, 2, (ap_q_mode)5, (ap_o_mode)3, 0>, ap_uint<10>, 10, 6, 1, 30>' completely with a factor of 1 (firmware/hls_dummy.cpp:305:0)
INFO: [HLS 214-186] Unrolling loop 'InitFlatArr' (firmware/hls_dummy.cpp:309:5) in function 'sparse_flatten<ap_fixed<8, 2, (ap_q_mode)5, (ap_o_mode)3, 0>, ap_uint<10>, 10, 6, 1, 30>' completely with a factor of 60 (firmware/hls_dummy.cpp:305:0)
INFO: [HLS 214-186] Unrolling loop 'OutputPixelLoop' (firmware/hls_dummy.cpp:170:5) in function 'sparse_conv<ap_fixed<8, 2, (ap_q_mode)5, (ap_o_mode)3, 0>, ap_fixed<8, 2, (ap_q_mode)5, (ap_o_mode)3, 0>, ap_uint<10>, ap_fixed<8, 2, (ap_q_mode)5, (ap_o_mode)3, 0>, ap_fixed<8, 2, (ap_q_mode)5, (ap_o_mode)3, 0>, 30, 1, 1, 3>' completely with a factor of 30 (firmware/hls_dummy.cpp:158:0)
INFO: [HLS 214-186] Unrolling loop 'OutputFilterLoop' (firmware/hls_dummy.cpp:181:9) in function 'sparse_conv<ap_fixed<8, 2, (ap_q_mode)5, (ap_o_mode)3, 0>, ap_fixed<8, 2, (ap_q_mode)5, (ap_o_mode)3, 0>, ap_uint<10>, ap_fixed<8, 2, (ap_q_mode)5, (ap_o_mode)3, 0>, ap_fixed<8, 2, (ap_q_mode)5, (ap_o_mode)3, 0>, 30, 1, 1, 3>' completely with a factor of 1 (firmware/hls_dummy.cpp:158:0)
INFO: [HLS 214-186] Unrolling loop 'InputPixelLoop' (firmware/hls_dummy.cpp:187:13) in function 'sparse_conv<ap_fixed<8, 2, (ap_q_mode)5, (ap_o_mode)3, 0>, ap_fixed<8, 2, (ap_q_mode)5, (ap_o_mode)3, 0>, ap_uint<10>, ap_fixed<8, 2, (ap_q_mode)5, (ap_o_mode)3, 0>, ap_fixed<8, 2, (ap_q_mode)5, (ap_o_mode)3, 0>, 30, 1, 1, 3>' completely with a factor of 30 (firmware/hls_dummy.cpp:158:0)
INFO: [HLS 214-186] Unrolling loop 'MultLoopPerFilter' (firmware/hls_dummy.cpp:146:5) in function 'sparse_conv<ap_fixed<8, 2, (ap_q_mode)5, (ap_o_mode)3, 0>, ap_fixed<8, 2, (ap_q_mode)5, (ap_o_mode)3, 0>, ap_uint<10>, ap_fixed<8, 2, (ap_q_mode)5, (ap_o_mode)3, 0>, ap_fixed<8, 2, (ap_q_mode)5, (ap_o_mode)3, 0>, 30, 1, 1, 3>' completely with a factor of 1 (firmware/hls_dummy.cpp:158:0)
INFO: [HLS 214-186] Unrolling loop 'VITIS_LOOP_174_1' (firmware/hls_dummy.cpp:174:27) in function 'sparse_conv<ap_fixed<8, 2, (ap_q_mode)5, (ap_o_mode)3, 0>, ap_fixed<8, 2, (ap_q_mode)5, (ap_o_mode)3, 0>, ap_uint<10>, ap_fixed<8, 2, (ap_q_mode)5, (ap_o_mode)3, 0>, ap_fixed<8, 2, (ap_q_mode)5, (ap_o_mode)3, 0>, 30, 1, 1, 3>' completely with a factor of 1 (firmware/hls_dummy.cpp:158:0)
INFO: [HLS 214-186] Unrolling loop 'DataPrepareLoop' (firmware/hls_dummy.cpp:74:5) in function 'sparse_input_reduce<ap_fixed<8, 2, (ap_q_mode)5, (ap_o_mode)3, 0>, ap_uint<10>, 10, 6, 1, 30>' completely with a factor of 60 (firmware/hls_dummy.cpp:57:0)
INFO: [HLS 214-248] Applying array_partition to 'pair_arr.value': Complete partitioning on dimension 1. (firmware/hls_dummy.cpp:65:28)
INFO: [HLS 214-248] Applying array_partition to 'j_h_arr': Complete partitioning on dimension 1. (firmware/hls_dummy.cpp:66:9)
INFO: [HLS 214-248] Applying array_partition to 'j_w_arr': Complete partitioning on dimension 1. (firmware/hls_dummy.cpp:67:9)
INFO: [HLS 214-248] Applying array_partition to 'sparse_arr_feat_reduce_out': Complete partitioning on dimension 1. (firmware/hls_dummy.cpp:362:13)
INFO: [HLS 214-248] Applying array_partition to 'sparse_arr_hash_reduce_out': Complete partitioning on dimension 1. (firmware/hls_dummy.cpp:363:17)
INFO: [HLS 214-248] Applying array_partition to 'sparse_arr_feat_conv1_out': Complete partitioning on dimension 1. (firmware/hls_dummy.cpp:368:14)
INFO: [HLS 214-248] Applying array_partition to 'flatten_out': Complete partitioning on dimension 1. (firmware/hls_dummy.cpp:372:14)
INFO: [HLS 214-248] Applying array_partition to 'layer2_out': Complete partitioning on dimension 1. (firmware/hls_dummy.cpp:339:0)
INFO: [HLS 214-248] Applying array_reshape to 'x_in': Complete reshaping on dimension 1. (firmware/hls_dummy.cpp:339:0)
INFO: [HLS 200-111] Finished Compiling Optimization and Transform: CPU user time: 38.08 seconds. CPU system time: 1.34 seconds. Elapsed time: 51.27 seconds; current allocated memory: 1.468 GB.
INFO: [HLS 200-111] Finished Checking Pragmas: CPU user time: 0 seconds. CPU system time: 0 seconds. Elapsed time: 0 seconds; current allocated memory: 1.468 GB.
INFO: [HLS 200-10] Starting code transformations ...
INFO: [HLS 200-111] Finished Standard Transforms: CPU user time: 1.77 seconds. CPU system time: 0.06 seconds. Elapsed time: 1.85 seconds; current allocated memory: 1.513 GB.
INFO: [HLS 200-10] Checking synthesizability ...
INFO: [HLS 200-111] Finished Checking Synthesizability: CPU user time: 1.3 seconds. CPU system time: 0 seconds. Elapsed time: 1.33 seconds; current allocated memory: 1.527 GB.
INFO: [XFORM 203-712] Applying dataflow to function 'hls_dummy' (firmware/hls_dummy.cpp:362:1), detected/extracted 4 process function(s): 
	 'sparse_input_reduce<ap_fixed<8, 2, (ap_q_mode)5, (ap_o_mode)3, 0>, ap_uint<10>, 10, 6, 1, 30>4'
	 'sparse_conv<ap_fixed<8, 2, (ap_q_mode)5, (ap_o_mode)3, 0>, ap_fixed<8, 2, (ap_q_mode)5, (ap_o_mode)3, 0>, ap_uint<10>, ap_fixed<8, 2, (ap_q_mode)5, (ap_o_mode)3, 0>, ap_fixed<8, 2, (ap_q_mode)5, (ap_o_mode)3, 0>, 30, 1, 1, 3>'
	 'sparse_flatten<ap_fixed<8, 2, (ap_q_mode)5, (ap_o_mode)3, 0>, ap_uint<10>, 10, 6, 1, 30>'
	 'Block_entry28_proc'.
INFO: [XFORM 203-401] Performing if-conversion on hyperblock to (firmware/hls_dummy.cpp:203:1) in function 'sparse_conv<ap_fixed<8, 2, (ap_q_mode)5, (ap_o_mode)3, 0>, ap_fixed<8, 2, (ap_q_mode)5, (ap_o_mode)3, 0>, ap_uint<10>, ap_fixed<8, 2, (ap_q_mode)5, (ap_o_mode)3, 0>, ap_fixed<8, 2, (ap_q_mode)5, (ap_o_mode)3, 0>, 30, 1, 1, 3>'... converting 1741 basic blocks.
INFO: [XFORM 203-401] Performing if-conversion on hyperblock from (firmware/hls_dummy.cpp:14:21) to (firmware/hls_dummy.cpp:22:7) in function 'Op_active<value_idx_pair<ap_fixed<8, 2, (ap_q_mode)5, (ap_o_mode)3, 0> >, ap_fixed<8, 2, (ap_q_mode)5, (ap_o_mode)3, 0> >::operator()'... converting 3 basic blocks.
INFO: [XFORM 203-11] Balancing expressions in function 'sparse_conv<ap_fixed<8, 2, (ap_q_mode)5, (ap_o_mode)3, 0>, ap_fixed<8, 2, (ap_q_mode)5, (ap_o_mode)3, 0>, ap_uint<10>, ap_fixed<8, 2, (ap_q_mode)5, (ap_o_mode)3, 0>, ap_fixed<8, 2, (ap_q_mode)5, (ap_o_mode)3, 0>, 30, 1, 1, 3>' (firmware/hls_dummy.cpp:134:24)...1710 expression(s) balanced.
INFO: [HLS 200-111] Finished Loop, function and other optimizations: CPU user time: 8.92 seconds. CPU system time: 0.06 seconds. Elapsed time: 9.05 seconds; current allocated memory: 1.617 GB.
INFO: [HLS 200-111] Finished Architecture Synthesis: CPU user time: 18.59 seconds. CPU system time: 0.27 seconds. Elapsed time: 18.86 seconds; current allocated memory: 1.932 GB.
INFO: [HLS 200-10] Starting hardware synthesis ...
INFO: [HLS 200-10] Synthesizing 'hls_dummy' ...
WARNING: [SYN 201-103] Legalizing function name 'operator()' to 'operator_s'.
WARNING: [SYN 201-103] Legalizing function name 'sparse_input_reduce<ap_fixed<8, 2, 5, 3, 0>, ap_uint<10>, 10, 6, 1, 30>4' to 'sparse_input_reduce_ap_fixed_8_2_5_3_0_ap_uint_10_10_6_1_30_4'.
WARNING: [SYN 201-103] Legalizing function name 'sparse_conv<ap_fixed,ap_fixed,ap_uint,ap_fixed,ap_fixed,30,1,1,3>' to 'sparse_conv_ap_fixed_ap_fixed_ap_uint_ap_fixed_ap_fixed_30_1_1_3_s'.
WARNING: [SYN 201-103] Legalizing function name 'sparse_flatten<ap_fixed<8, 2, 5, 3, 0>, ap_uint<10>, 10, 6, 1, 30>' to 'sparse_flatten_ap_fixed_8_2_5_3_0_ap_uint_10_10_6_1_30_s'.
INFO: [HLS 200-10] ----------------------------------------------------------------
INFO: [HLS 200-42] -- Implementing module 'operator_s' 
INFO: [HLS 200-10] ----------------------------------------------------------------
INFO: [SCHED 204-11] Starting scheduling ...
INFO: [SCHED 204-61] Pipelining function 'operator()'.
INFO: [HLS 200-1470] Pipelining result : Target II = NA, Final II = 1, Depth = 1, function 'operator()'
INFO: [SCHED 204-11] Finished scheduling.
INFO: [HLS 200-111] Finished Scheduling: CPU user time: 1.74 seconds. CPU system time: 0.17 seconds. Elapsed time: 2.83 seconds; current allocated memory: 1.956 GB.
INFO: [BIND 205-100] Starting micro-architecture generation ...
INFO: [BIND 205-101] Performing variable lifetime analysis.
INFO: [BIND 205-101] Exploring resource sharing.
INFO: [BIND 205-101] Binding ...
INFO: [BIND 205-100] Finished micro-architecture generation.
INFO: [HLS 200-111] Finished Binding: CPU user time: 0.04 seconds. CPU system time: 0.01 seconds. Elapsed time: 0.12 seconds; current allocated memory: 1.956 GB.
INFO: [HLS 200-10] ----------------------------------------------------------------
INFO: [HLS 200-42] -- Implementing module 'sparse_input_reduce_ap_fixed_8_2_5_3_0_ap_uint_10_10_6_1_30_4' 
INFO: [HLS 200-10] ----------------------------------------------------------------
INFO: [SCHED 204-11] Starting scheduling ...
INFO: [SCHED 204-61] Pipelining loop 'MaxPixelsLoop'.
WARNING: [HLS 200-880] The II Violation in module 'sparse_input_reduce_ap_fixed_8_2_5_3_0_ap_uint_10_10_6_1_30_4' (loop 'MaxPixelsLoop'): Unable to enforce a carried dependence constraint (II = 1, distance = 1, offset = 0) between 'store' operation ('pair_arr_value_write_ln115', firmware/hls_dummy.cpp:115) of constant 0 on local variable 'pair_arr.value' and 'load' operation ('pair_arr_value_load', firmware/hls_dummy.cpp:47->firmware/hls_dummy.cpp:49->firmware/hls_dummy.cpp:49->firmware/hls_dummy.cpp:49->firmware/hls_dummy.cpp:49->firmware/hls_dummy.cpp:49->firmware/hls_dummy.cpp:97) on local variable 'pair_arr.value'.
Resolution: For help on HLS 200-880 see www.xilinx.com/cgi-bin/docs/rdoc?v=2023.1;t=hls+guidance;d=200-880.html
INFO: [HLS 200-1470] Pipelining result : Target II = NA, Final II = 2, Depth = 3, loop 'MaxPixelsLoop'
INFO: [SCHED 204-11] Finished scheduling.
INFO: [HLS 200-111] Finished Scheduling: CPU user time: 0.71 seconds. CPU system time: 0.01 seconds. Elapsed time: 0.95 seconds; current allocated memory: 1.969 GB.
INFO: [BIND 205-100] Starting micro-architecture generation ...
INFO: [BIND 205-101] Performing variable lifetime analysis.
INFO: [BIND 205-101] Exploring resource sharing.
INFO: [BIND 205-101] Binding ...
INFO: [BIND 205-100] Finished micro-architecture generation.
INFO: [HLS 200-111] Finished Binding: CPU user time: 0.21 seconds. CPU system time: 0.01 seconds. Elapsed time: 0.38 seconds; current allocated memory: 1.969 GB.
INFO: [HLS 200-10] ----------------------------------------------------------------
INFO: [HLS 200-42] -- Implementing module 'sparse_conv_ap_fixed_ap_fixed_ap_uint_ap_fixed_ap_fixed_30_1_1_3_s' 
INFO: [HLS 200-10] ----------------------------------------------------------------
INFO: [SCHED 204-11] Starting scheduling ...
INFO: [SCHED 204-11] Finished scheduling.
INFO: [HLS 200-111] Finished Scheduling: CPU user time: 86.37 seconds. CPU system time: 0.2 seconds. Elapsed time: 86.65 seconds; current allocated memory: 2.138 GB.
INFO: [BIND 205-100] Starting micro-architecture generation ...
INFO: [BIND 205-101] Performing variable lifetime analysis.
INFO: [BIND 205-101] Exploring resource sharing.
INFO: [BIND 205-101] Binding ...
INFO: [BIND 205-100] Finished micro-architecture generation.
INFO: [HLS 200-111] Finished Binding: CPU user time: 27.39 seconds. CPU system time: 0.16 seconds. Elapsed time: 27.56 seconds; current allocated memory: 2.138 GB.
INFO: [HLS 200-10] ----------------------------------------------------------------
INFO: [HLS 200-42] -- Implementing module 'sparse_flatten_ap_fixed_8_2_5_3_0_ap_uint_10_10_6_1_30_s' 
INFO: [HLS 200-10] ----------------------------------------------------------------
INFO: [SCHED 204-11] Starting scheduling ...
WARNING: [SCHED 204-104] State 7 has incomplete outgoing transitions.
WARNING: [SCHED 204-104] op_sum: true
WARNING: [SCHED 204-104] tr_sum: (add_ln320_17 == 63) | (add_ln320_17 == 6) | (add_ln320_17 == 5) | (add_ln320_17 == 4) | (add_ln320_17 == 3) | (add_ln320_17 == 1) | (add_ln320_17 == 0) | (add_ln320_17 == 2) | (add_ln320_17 == 62) | (add_ln320_17 == 61) | (add_ln320_17 == 60) | (add_ln320_17 == 59) | (add_ln320_17 == 58) | (add_ln320_17 == 57) | (add_ln320_17 == 56) | (add_ln320_17 == 55) | (add_ln320_17 == 54) | (add_ln320_17 == 53) | (add_ln320_17 == 52) | (add_ln320_17 == 51) | (add_ln320_17 == 50) | (add_ln320_17 == 49) | (add_ln320_17 == 48) | (add_ln320_17 == 47) | (add_ln320_17 == 46) | (add_ln320_17 == 45) | (add_ln320_17 == 44) | (add_ln320_17 == 43) | (add_ln320_17 == 42) | (add_ln320_17 == 41) | (add_ln320_17 == 40) | (add_ln320_17 == 39) | (add_ln320_17 == 38) | (add_ln320_17 == 37) | (add_ln320_17 == 36) | (add_ln320_17 == 35) | (add_ln320_17 == 34) | (add_ln320_17 == 33) | (add_ln320_17 == 32) | (add_ln320_17 == 31) | (add_ln320_17 == 30) | (add_ln320_17 == 29) | (add_ln320_17 == 28) | (add_ln320_17 == 27) | (add_ln320_17 == 26) | (add_ln320_17 == 25) | (add_ln320_17 == 24) | (add_ln320_17 == 23) | (add_ln320_17 == 22) | (add_ln320_17 == 21) | (add_ln320_17 == 20) | (add_ln320_17 == 19) | (add_ln320_17 == 18) | (add_ln320_17 == 17) | (add_ln320_17 == 16) | (add_ln320_17 == 15) | (add_ln320_17 == 14) | (add_ln320_17 == 13) | (add_ln320_17 == 12) | (add_ln320_17 == 11) | (add_ln320_17 == 10) | (add_ln320_17 == 9) | (add_ln320_17 == 8) | (add_ln320_17 == 7) | (icmp_ln329_17)
INFO: [SCHED 204-11] Finished scheduling.
INFO: [HLS 200-111] Finished Scheduling: CPU user time: 2265.43 seconds. CPU system time: 3.22 seconds. Elapsed time: 2270.23 seconds; current allocated memory: 2.967 GB.
INFO: [BIND 205-100] Starting micro-architecture generation ...
INFO: [BIND 205-101] Performing variable lifetime analysis.
INFO: [BIND 205-101] Exploring resource sharing.
INFO: [BIND 205-101] Binding ...
INFO: [BIND 205-100] Finished micro-architecture generation.
INFO: [HLS 200-111] Finished Binding: CPU user time: 1461.95 seconds. CPU system time: 11.9 seconds. Elapsed time: 1474.53 seconds; current allocated memory: 2.967 GB.
INFO: [HLS 200-10] ----------------------------------------------------------------
INFO: [HLS 200-42] -- Implementing module 'Block_entry28_proc' 
INFO: [HLS 200-10] ----------------------------------------------------------------
INFO: [SCHED 204-11] Starting scheduling ...
INFO: [SCHED 204-11] Finished scheduling.
INFO: [HLS 200-111] Finished Scheduling: CPU user time: 3899.61 seconds. CPU system time: 33.73 seconds. Elapsed time: 3935.32 seconds; current allocated memory: 2.967 GB.
INFO: [BIND 205-100] Starting micro-architecture generation ...
INFO: [BIND 205-101] Performing variable lifetime analysis.
INFO: [BIND 205-101] Exploring resource sharing.
INFO: [BIND 205-101] Binding ...
INFO: [BIND 205-100] Finished micro-architecture generation.
INFO: [HLS 200-111] Finished Binding: CPU user time: 0.04 seconds. CPU system time: 0.01 seconds. Elapsed time: 0.13 seconds; current allocated memory: 2.967 GB.
INFO: [HLS 200-10] ----------------------------------------------------------------
INFO: [HLS 200-42] -- Implementing module 'hls_dummy' 
INFO: [HLS 200-10] ----------------------------------------------------------------
INFO: [SCHED 204-11] Starting scheduling ...
INFO: [SCHED 204-11] Finished scheduling.
INFO: [HLS 200-111] Finished Scheduling: CPU user time: 0.27 seconds. CPU system time: 0 seconds. Elapsed time: 0.45 seconds; current allocated memory: 2.967 GB.
INFO: [BIND 205-100] Starting micro-architecture generation ...
INFO: [BIND 205-101] Performing variable lifetime analysis.
INFO: [BIND 205-101] Exploring resource sharing.
INFO: [BIND 205-101] Binding ...
INFO: [BIND 205-100] Finished micro-architecture generation.
INFO: [HLS 200-111] Finished Binding: CPU user time: 1.82 seconds. CPU system time: 0.06 seconds. Elapsed time: 2.1 seconds; current allocated memory: 2.967 GB.
INFO: [HLS 200-10] ----------------------------------------------------------------
INFO: [HLS 200-10] -- Generating RTL for module 'operator_s' 
INFO: [HLS 200-10] ----------------------------------------------------------------
INFO: [RTGEN 206-100] Finished creating RTL model for 'operator_s'.
INFO: [HLS 200-111] Finished Creating RTL model: CPU user time: 5.21 seconds. CPU system time: 0.02 seconds. Elapsed time: 5.28 seconds; current allocated memory: 2.967 GB.
INFO: [HLS 200-10] ----------------------------------------------------------------
INFO: [HLS 200-10] -- Generating RTL for module 'sparse_input_reduce_ap_fixed_8_2_5_3_0_ap_uint_10_10_6_1_30_4' 
INFO: [HLS 200-10] ----------------------------------------------------------------
INFO: [RTGEN 206-100] Generating core module 'mux_60_6_3_1_1': 2 instance(s).
INFO: [RTGEN 206-100] Finished creating RTL model for 'sparse_input_reduce_ap_fixed_8_2_5_3_0_ap_uint_10_10_6_1_30_4'.
INFO: [HLS 200-111] Finished Creating RTL model: CPU user time: 0.32 seconds. CPU system time: 0.01 seconds. Elapsed time: 0.53 seconds; current allocated memory: 2.967 GB.
INFO: [HLS 200-10] ----------------------------------------------------------------
INFO: [HLS 200-10] -- Generating RTL for module 'sparse_conv_ap_fixed_ap_fixed_ap_uint_ap_fixed_ap_fixed_30_1_1_3_s' 
INFO: [HLS 200-10] ----------------------------------------------------------------
INFO: [SYN 201-210] Renamed object name 'sparse_conv_ap_fixed_ap_fixed_ap_uint_ap_fixed_ap_fixed_30_1_1_3_s_w2_ROM_AUTO_1R' to 'sparse_conv_ap_fixed_ap_fixed_ap_uint_ap_fixed_ap_fixed_30_1_1_3_s_w2_ROM_AUTbkb' due to the length limit 80
INFO: [RTGEN 206-104] Estimated max fanout for 'sparse_conv_ap_fixed_ap_fixed_ap_uint_ap_fixed_ap_fixed_30_1_1_3_s' is 5566 from HDL expression: (1'b1 == ap_CS_fsm_state4)
INFO: [RTGEN 206-100] Generating core module 'mul_8s_7ns_14_1_1': 30 instance(s).
INFO: [RTGEN 206-100] Generating core module 'mul_8s_8s_14_1_1': 870 instance(s).
INFO: [RTGEN 206-100] Finished creating RTL model for 'sparse_conv_ap_fixed_ap_fixed_ap_uint_ap_fixed_ap_fixed_30_1_1_3_s'.
INFO: [RTMG 210-279] Implementing memory 'hls_dummy_sparse_conv_ap_fixed_ap_fixed_ap_uint_ap_fixed_ap_fixed_30_1_1_3_s_w2_ROM_AUTbkb' using auto ROMs.
INFO: [HLS 200-111] Finished Creating RTL model: CPU user time: 4.54 seconds. CPU system time: 0.2 seconds. Elapsed time: 6.72 seconds; current allocated memory: 2.967 GB.
INFO: [HLS 200-10] ----------------------------------------------------------------
INFO: [HLS 200-10] -- Generating RTL for module 'sparse_flatten_ap_fixed_8_2_5_3_0_ap_uint_10_10_6_1_30_s' 
INFO: [HLS 200-10] ----------------------------------------------------------------
/tools/Xilinx/Vitis_HLS/2023.1/bin/rdiArgs.sh: line 352: 53645 Segmentation fault      (core dumped) "$RDI_PROG" "$@"
segfault in /tools/Xilinx/Vitis_HLS/2023.1/bin/unwrapped/lnx64.o/vitis_hls -exec vitis_hls -f build_prj.tcl reset=1 synth=1 csim=0 cosim=0 validation=0 export=0 vsynth=1, exiting...
