

================================================================
== Vivado HLS Report for 'conv_2d_cl_array_ap_ufixed_1u_array_ap_fixed_21_7_5_3_0_1u_config2_s'
================================================================
* Date:           Fri Jul 18 02:28:55 2025

* Version:        2020.1 (Build 2897737 on Wed May 27 20:21:37 MDT 2020)
* Project:        myhls_prj
* Solution:       solution1
* Product family: virtexuplus
* Target device:  xcu250-figd2104-2L-e


================================================================
== Performance Estimates
================================================================
+ Timing: 
    * Summary: 
    +--------+---------+----------+------------+
    |  Clock |  Target | Estimated| Uncertainty|
    +--------+---------+----------+------------+
    |ap_clk  | 5.00 ns | 3.679 ns |   0.62 ns  |
    +--------+---------+----------+------------+

+ Latency: 
    * Summary: 
    +---------+---------+----------+----------+------+------+---------+
    |  Latency (cycles) |  Latency (absolute) |   Interval  | Pipeline|
    |   min   |   max   |    min   |    max   |  min |  max |   Type  |
    +---------+---------+----------+----------+------+------+---------+
    |     1769|     1769| 8.845 us | 8.845 us |  1769|  1769|   none  |
    +---------+---------+----------+----------+------+------+---------+

    + Detail: 
        * Instance: 
        +----------------------------------------------------------------------------------+-----------------------------------------------------------------------+---------+---------+-----------+-----------+-----+-----+----------+
        |                                                                                  |                                                                       |  Latency (cycles) |   Latency (absolute)  |  Interval | Pipeline |
        |                                     Instance                                     |                                 Module                                |   min   |   max   |    min    |    max    | min | max |   Type   |
        +----------------------------------------------------------------------------------+-----------------------------------------------------------------------+---------+---------+-----------+-----------+-----+-----+----------+
        |grp_compute_output_buffer_2d_array_array_ap_fixed_21_7_5_3_0_1u_config2_s_fu_111  |compute_output_buffer_2d_array_array_ap_fixed_21_7_5_3_0_1u_config2_s  |        3|        3| 15.000 ns | 15.000 ns |    1|    1| function |
        +----------------------------------------------------------------------------------+-----------------------------------------------------------------------+---------+---------+-----------+-----------+-----+-----+----------+

        * Loop: 
        +----------------------------------+---------+---------+----------+-----------+-----------+------+----------+
        |                                  |  Latency (cycles) | Iteration|  Initiation Interval  | Trip |          |
        |             Loop Name            |   min   |   max   |  Latency |  achieved |   target  | Count| Pipelined|
        +----------------------------------+---------+---------+----------+-----------+-----------+------+----------+
        |- ReadInputHeight_ReadInputWidth  |     1767|     1767|         5|          1|          1|  1764|    yes   |
        +----------------------------------+---------+---------+----------+-----------+-----------+------+----------+



================================================================
== Utilization Estimates
================================================================
* Summary: 
+---------------------+---------+-------+---------+---------+------+
|         Name        | BRAM_18K| DSP48E|    FF   |   LUT   | URAM |
+---------------------+---------+-------+---------+---------+------+
|DSP                  |        -|      -|        -|        -|     -|
|Expression           |        -|      -|        0|       45|     -|
|FIFO                 |        -|      -|        -|        -|     -|
|Instance             |        0|      0|      536|     1019|     -|
|Memory               |        -|      -|        -|        -|     -|
|Multiplexer          |        -|      -|        -|       93|     -|
|Register             |        0|      -|       87|       32|     -|
+---------------------+---------+-------+---------+---------+------+
|Total                |        0|      0|      623|     1189|     0|
+---------------------+---------+-------+---------+---------+------+
|Available SLR        |     1344|   3072|   864000|   432000|   320|
+---------------------+---------+-------+---------+---------+------+
|Utilization SLR (%)  |        0|      0|    ~0   |    ~0   |     0|
+---------------------+---------+-------+---------+---------+------+
|Available            |     5376|  12288|  3456000|  1728000|  1280|
+---------------------+---------+-------+---------+---------+------+
|Utilization (%)      |        0|      0|    ~0   |    ~0   |     0|
+---------------------+---------+-------+---------+---------+------+

+ Detail: 
    * Instance: 
    +----------------------------------------------------------------------------------+-----------------------------------------------------------------------+---------+-------+-----+------+-----+
    |                                     Instance                                     |                                 Module                                | BRAM_18K| DSP48E|  FF |  LUT | URAM|
    +----------------------------------------------------------------------------------+-----------------------------------------------------------------------+---------+-------+-----+------+-----+
    |grp_compute_output_buffer_2d_array_array_ap_fixed_21_7_5_3_0_1u_config2_s_fu_111  |compute_output_buffer_2d_array_array_ap_fixed_21_7_5_3_0_1u_config2_s  |        0|      0|  536|  1019|    0|
    +----------------------------------------------------------------------------------+-----------------------------------------------------------------------+---------+-------+-----+------+-----+
    |Total                                                                             |                                                                       |        0|      0|  536|  1019|    0|
    +----------------------------------------------------------------------------------+-----------------------------------------------------------------------+---------+-------+-----+------+-----+

    * DSP48E: 
    N/A

    * Memory: 
    N/A

    * FIFO: 
    N/A

    * Expression: 
    +------------------------------------------+----------+-------+---+----+------------+------------+
    |               Variable Name              | Operation| DSP48E| FF| LUT| Bitwidth P0| Bitwidth P1|
    +------------------------------------------+----------+-------+---+----+------------+------------+
    |add_ln84_fu_149_p2                        |     +    |      0|  0|  18|          11|           1|
    |ap_block_pp0_stage0_11001_ignoreCallOp16  |    and   |      0|  0|   2|           1|           1|
    |ap_block_state3_pp0_stage0_iter1          |    and   |      0|  0|   2|           1|           1|
    |ap_block_state6_pp0_stage0_iter4          |    and   |      0|  0|   2|           1|           1|
    |icmp_ln84_fu_143_p2                       |   icmp   |      0|  0|  13|          11|          10|
    |ap_block_pp0_stage0_11001                 |    or    |      0|  0|   2|           1|           1|
    |ap_block_state1                           |    or    |      0|  0|   2|           1|           1|
    |ap_enable_pp0                             |    xor   |      0|  0|   2|           1|           2|
    |ap_enable_reg_pp0_iter1                   |    xor   |      0|  0|   2|           2|           1|
    +------------------------------------------+----------+-------+---+----+------------+------------+
    |Total                                     |          |      0|  0|  45|          30|          19|
    +------------------------------------------+----------+-------+---+----+------------+------------+

    * Multiplexer: 
    +-------------------------+----+-----------+-----+-----------+
    |           Name          | LUT| Input Size| Bits| Total Bits|
    +-------------------------+----+-----------+-----+-----------+
    |ap_NS_fsm                |  21|          4|    1|          4|
    |ap_done                  |   9|          2|    1|          2|
    |ap_enable_reg_pp0_iter1  |   9|          2|    1|          2|
    |ap_enable_reg_pp0_iter4  |   9|          2|    1|          2|
    |data_V_data_V_blk_n      |   9|          2|    1|          2|
    |indvar_flatten_reg_100   |   9|          2|   11|         22|
    |real_start               |   9|          2|    1|          2|
    |res_V_data_V_blk_n       |   9|          2|    1|          2|
    |res_V_data_V_write       |   9|          2|    1|          2|
    +-------------------------+----+-----------+-----+-----------+
    |Total                    |  93|         20|   19|         40|
    +-------------------------+----+-----------+-----+-----------+

    * Register: 
    +-----------------------------------------------------------------------------------------------+----+----+-----+-----------+
    |                                              Name                                             | FF | LUT| Bits| Const Bits|
    +-----------------------------------------------------------------------------------------------+----+----+-----+-----------+
    |ap_CS_fsm                                                                                      |   3|   0|    3|          0|
    |ap_done_reg                                                                                    |   1|   0|    1|          0|
    |ap_enable_reg_pp0_iter0                                                                        |   1|   0|    1|          0|
    |ap_enable_reg_pp0_iter1                                                                        |   1|   0|    1|          0|
    |ap_enable_reg_pp0_iter2                                                                        |   1|   0|    1|          0|
    |ap_enable_reg_pp0_iter3                                                                        |   1|   0|    1|          0|
    |ap_enable_reg_pp0_iter4                                                                        |   1|   0|    1|          0|
    |grp_compute_output_buffer_2d_array_array_ap_fixed_21_7_5_3_0_1u_config2_s_fu_111_ap_start_reg  |   1|   0|    1|          0|
    |icmp_ln84_reg_155                                                                              |   1|   0|    1|          0|
    |indvar_flatten_reg_100                                                                         |  11|   0|   11|          0|
    |start_once_reg                                                                                 |   1|   0|    1|          0|
    |icmp_ln84_reg_155                                                                              |  64|  32|    1|          0|
    +-----------------------------------------------------------------------------------------------+----+----+-----+-----------+
    |Total                                                                                          |  87|  32|   24|          0|
    +-----------------------------------------------------------------------------------------------+----+----+-----+-----------+



================================================================
== Interface
================================================================
* Summary: 
+-----------------------+-----+-----+------------+------------------------------------------------------------------------+--------------+
|       RTL Ports       | Dir | Bits|  Protocol  |                              Source Object                             |    C Type    |
+-----------------------+-----+-----+------------+------------------------------------------------------------------------+--------------+
|ap_clk                 |  in |    1| ap_ctrl_hs | conv_2d_cl<array<ap_ufixed,1u>,array<ap_fixed<21,7,5,3,0>,1u>,config2> | return value |
|ap_rst                 |  in |    1| ap_ctrl_hs | conv_2d_cl<array<ap_ufixed,1u>,array<ap_fixed<21,7,5,3,0>,1u>,config2> | return value |
|ap_start               |  in |    1| ap_ctrl_hs | conv_2d_cl<array<ap_ufixed,1u>,array<ap_fixed<21,7,5,3,0>,1u>,config2> | return value |
|start_full_n           |  in |    1| ap_ctrl_hs | conv_2d_cl<array<ap_ufixed,1u>,array<ap_fixed<21,7,5,3,0>,1u>,config2> | return value |
|ap_done                | out |    1| ap_ctrl_hs | conv_2d_cl<array<ap_ufixed,1u>,array<ap_fixed<21,7,5,3,0>,1u>,config2> | return value |
|ap_continue            |  in |    1| ap_ctrl_hs | conv_2d_cl<array<ap_ufixed,1u>,array<ap_fixed<21,7,5,3,0>,1u>,config2> | return value |
|ap_idle                | out |    1| ap_ctrl_hs | conv_2d_cl<array<ap_ufixed,1u>,array<ap_fixed<21,7,5,3,0>,1u>,config2> | return value |
|ap_ready               | out |    1| ap_ctrl_hs | conv_2d_cl<array<ap_ufixed,1u>,array<ap_fixed<21,7,5,3,0>,1u>,config2> | return value |
|start_out              | out |    1| ap_ctrl_hs | conv_2d_cl<array<ap_ufixed,1u>,array<ap_fixed<21,7,5,3,0>,1u>,config2> | return value |
|start_write            | out |    1| ap_ctrl_hs | conv_2d_cl<array<ap_ufixed,1u>,array<ap_fixed<21,7,5,3,0>,1u>,config2> | return value |
|data_V_data_V_dout     |  in |    8|   ap_fifo  |                              data_V_data_V                             |    pointer   |
|data_V_data_V_empty_n  |  in |    1|   ap_fifo  |                              data_V_data_V                             |    pointer   |
|data_V_data_V_read     | out |    1|   ap_fifo  |                              data_V_data_V                             |    pointer   |
|res_V_data_V_din       | out |   21|   ap_fifo  |                              res_V_data_V                              |    pointer   |
|res_V_data_V_full_n    |  in |    1|   ap_fifo  |                              res_V_data_V                              |    pointer   |
|res_V_data_V_write     | out |    1|   ap_fifo  |                              res_V_data_V                              |    pointer   |
+-----------------------+-----+-----+------------+------------------------------------------------------------------------+--------------+

