Copyright 1986-2022 Xilinx, Inc. All Rights Reserved. Copyright 2022-2023 Advanced Micro Devices, Inc. All Rights Reserved.
---------------------------------------------------------------------------------------------------------------------------------------------
| Tool Version : Vivado v.2023.1 (lin64) Build 3865809 Sun May  7 15:04:56 MDT 2023
| Date         : Mon Jul 21 19:19:23 2025
| Host         : coder-hftsoi-hls1 running 64-bit Ubuntu 20.04.6 LTS
| Command      : report_utilization -file vivado_synth.rpt -hierarchical -hierarchical_depth 1
| Design       : hls_dummy
| Device       : xcu250-figd2104-2L-e
| Speed File   : -2L
| Design State : Optimized
---------------------------------------------------------------------------------------------------------------------------------------------

Utilization Design Information

Table of Contents
-----------------
1. Utilization by Hierarchy

1. Utilization by Hierarchy
---------------------------

+-----------------------------------------------------------------------+------------------------------------------------------------------------------+------------+------------+---------+------+-------+--------+--------+------+------------+
|                                Instance                               |                                    Module                                    | Total LUTs | Logic LUTs | LUTRAMs | SRLs |  FFs  | RAMB36 | RAMB18 | URAM | DSP Blocks |
+-----------------------------------------------------------------------+------------------------------------------------------------------------------+------------+------------+---------+------+-------+--------+--------+------+------------+
| hls_dummy                                                             |                                                                        (top) |     133255 |     133255 |       0 |    0 | 23462 |      0 |      0 |    0 |        780 |
|   (hls_dummy)                                                         |                                                                        (top) |          0 |          0 |       0 |    0 |   140 |      0 |      0 |    0 |          0 |
|   Block_entry28_proc_U0                                               |                                                 hls_dummy_Block_entry28_proc |          0 |          0 |       0 |    0 |   320 |      0 |      0 |    0 |          0 |
|   sparse_arr_feat_conv1_out_10_U                                      |                                                       hls_dummy_fifo_w8_d2_S |       1196 |       1196 |       0 |    0 |    20 |      0 |      0 |    0 |          0 |
|   sparse_arr_feat_conv1_out_11_U                                      |                                                     hls_dummy_fifo_w8_d2_S_0 |         33 |         33 |       0 |    0 |    20 |      0 |      0 |    0 |          0 |
|   sparse_arr_feat_conv1_out_12_U                                      |                                                     hls_dummy_fifo_w8_d2_S_1 |       1153 |       1153 |       0 |    0 |    20 |      0 |      0 |    0 |          0 |
|   sparse_arr_feat_conv1_out_13_U                                      |                                                     hls_dummy_fifo_w8_d2_S_2 |         32 |         32 |       0 |    0 |    20 |      0 |      0 |    0 |          0 |
|   sparse_arr_feat_conv1_out_14_U                                      |                                                     hls_dummy_fifo_w8_d2_S_3 |       1148 |       1148 |       0 |    0 |    20 |      0 |      0 |    0 |          0 |
|   sparse_arr_feat_conv1_out_15_U                                      |                                                     hls_dummy_fifo_w8_d2_S_4 |         53 |         53 |       0 |    0 |    20 |      0 |      0 |    0 |          0 |
|   sparse_arr_feat_conv1_out_16_U                                      |                                                     hls_dummy_fifo_w8_d2_S_5 |       1171 |       1171 |       0 |    0 |    20 |      0 |      0 |    0 |          0 |
|   sparse_arr_feat_conv1_out_17_U                                      |                                                     hls_dummy_fifo_w8_d2_S_6 |         56 |         56 |       0 |    0 |    20 |      0 |      0 |    0 |          0 |
|   sparse_arr_feat_conv1_out_18_U                                      |                                                     hls_dummy_fifo_w8_d2_S_7 |       1140 |       1140 |       0 |    0 |    20 |      0 |      0 |    0 |          0 |
|   sparse_arr_feat_conv1_out_19_U                                      |                                                     hls_dummy_fifo_w8_d2_S_8 |         32 |         32 |       0 |    0 |    20 |      0 |      0 |    0 |          0 |
|   sparse_arr_feat_conv1_out_1_U                                       |                                                     hls_dummy_fifo_w8_d2_S_9 |         31 |         31 |       0 |    0 |    20 |      0 |      0 |    0 |          0 |
|   sparse_arr_feat_conv1_out_20_U                                      |                                                    hls_dummy_fifo_w8_d2_S_10 |       1088 |       1088 |       0 |    0 |    20 |      0 |      0 |    0 |          0 |
|   sparse_arr_feat_conv1_out_21_U                                      |                                                    hls_dummy_fifo_w8_d2_S_11 |         41 |         41 |       0 |    0 |    20 |      0 |      0 |    0 |          0 |
|   sparse_arr_feat_conv1_out_22_U                                      |                                                    hls_dummy_fifo_w8_d2_S_12 |       1048 |       1048 |       0 |    0 |    20 |      0 |      0 |    0 |          0 |
|   sparse_arr_feat_conv1_out_23_U                                      |                                                    hls_dummy_fifo_w8_d2_S_13 |         53 |         53 |       0 |    0 |    20 |      0 |      0 |    0 |          0 |
|   sparse_arr_feat_conv1_out_24_U                                      |                                                    hls_dummy_fifo_w8_d2_S_14 |       1045 |       1045 |       0 |    0 |    20 |      0 |      0 |    0 |          0 |
|   sparse_arr_feat_conv1_out_25_U                                      |                                                    hls_dummy_fifo_w8_d2_S_15 |         57 |         57 |       0 |    0 |    20 |      0 |      0 |    0 |          0 |
|   sparse_arr_feat_conv1_out_26_U                                      |                                                    hls_dummy_fifo_w8_d2_S_16 |       1023 |       1023 |       0 |    0 |    20 |      0 |      0 |    0 |          0 |
|   sparse_arr_feat_conv1_out_27_U                                      |                                                    hls_dummy_fifo_w8_d2_S_17 |         46 |         46 |       0 |    0 |    20 |      0 |      0 |    0 |          0 |
|   sparse_arr_feat_conv1_out_28_U                                      |                                                    hls_dummy_fifo_w8_d2_S_18 |        992 |        992 |       0 |    0 |    20 |      0 |      0 |    0 |          0 |
|   sparse_arr_feat_conv1_out_29_U                                      |                                                    hls_dummy_fifo_w8_d2_S_19 |         46 |         46 |       0 |    0 |    20 |      0 |      0 |    0 |          0 |
|   sparse_arr_feat_conv1_out_2_U                                       |                                                    hls_dummy_fifo_w8_d2_S_20 |       1296 |       1296 |       0 |    0 |    20 |      0 |      0 |    0 |          0 |
|   sparse_arr_feat_conv1_out_30_U                                      |                                                    hls_dummy_fifo_w8_d2_S_21 |        970 |        970 |       0 |    0 |    20 |      0 |      0 |    0 |          0 |
|   sparse_arr_feat_conv1_out_31_U                                      |                                                    hls_dummy_fifo_w8_d2_S_22 |         42 |         42 |       0 |    0 |    20 |      0 |      0 |    0 |          0 |
|   sparse_arr_feat_conv1_out_32_U                                      |                                                    hls_dummy_fifo_w8_d2_S_23 |       1019 |       1019 |       0 |    0 |    20 |      0 |      0 |    0 |          0 |
|   sparse_arr_feat_conv1_out_33_U                                      |                                                    hls_dummy_fifo_w8_d2_S_24 |         57 |         57 |       0 |    0 |    20 |      0 |      0 |    0 |          0 |
|   sparse_arr_feat_conv1_out_34_U                                      |                                                    hls_dummy_fifo_w8_d2_S_25 |        897 |        897 |       0 |    0 |    20 |      0 |      0 |    0 |          0 |
|   sparse_arr_feat_conv1_out_35_U                                      |                                                    hls_dummy_fifo_w8_d2_S_26 |         34 |         34 |       0 |    0 |    20 |      0 |      0 |    0 |          0 |
|   sparse_arr_feat_conv1_out_36_U                                      |                                                    hls_dummy_fifo_w8_d2_S_27 |        867 |        867 |       0 |    0 |    20 |      0 |      0 |    0 |          0 |
|   sparse_arr_feat_conv1_out_37_U                                      |                                                    hls_dummy_fifo_w8_d2_S_28 |         35 |         35 |       0 |    0 |    20 |      0 |      0 |    0 |          0 |
|   sparse_arr_feat_conv1_out_38_U                                      |                                                    hls_dummy_fifo_w8_d2_S_29 |        962 |        962 |       0 |    0 |    20 |      0 |      0 |    0 |          0 |
|   sparse_arr_feat_conv1_out_39_U                                      |                                                    hls_dummy_fifo_w8_d2_S_30 |         54 |         54 |       0 |    0 |    20 |      0 |      0 |    0 |          0 |
|   sparse_arr_feat_conv1_out_3_U                                       |                                                    hls_dummy_fifo_w8_d2_S_31 |         47 |         47 |       0 |    0 |    20 |      0 |      0 |    0 |          0 |
|   sparse_arr_feat_conv1_out_4_U                                       |                                                    hls_dummy_fifo_w8_d2_S_32 |       1345 |       1345 |       0 |    0 |    20 |      0 |      0 |    0 |          0 |
|   sparse_arr_feat_conv1_out_5_U                                       |                                                    hls_dummy_fifo_w8_d2_S_33 |         43 |         43 |       0 |    0 |    20 |      0 |      0 |    0 |          0 |
|   sparse_arr_feat_conv1_out_6_U                                       |                                                    hls_dummy_fifo_w8_d2_S_34 |       1274 |       1274 |       0 |    0 |    20 |      0 |      0 |    0 |          0 |
|   sparse_arr_feat_conv1_out_7_U                                       |                                                    hls_dummy_fifo_w8_d2_S_35 |         29 |         29 |       0 |    0 |    20 |      0 |      0 |    0 |          0 |
|   sparse_arr_feat_conv1_out_8_U                                       |                                                    hls_dummy_fifo_w8_d2_S_36 |       1286 |       1286 |       0 |    0 |    20 |      0 |      0 |    0 |          0 |
|   sparse_arr_feat_conv1_out_9_U                                       |                                                    hls_dummy_fifo_w8_d2_S_37 |         33 |         33 |       0 |    0 |    20 |      0 |      0 |    0 |          0 |
|   sparse_arr_feat_conv1_out_U                                         |                                                    hls_dummy_fifo_w8_d2_S_38 |       1166 |       1166 |       0 |    0 |    20 |      0 |      0 |    0 |          0 |
|   sparse_arr_feat_conv2_out_10_U                                      |                                                    hls_dummy_fifo_w8_d2_S_39 |         22 |         22 |       0 |    0 |    20 |      0 |      0 |    0 |          0 |
|   sparse_arr_feat_conv2_out_11_U                                      |                                                    hls_dummy_fifo_w8_d2_S_40 |         21 |         21 |       0 |    0 |    20 |      0 |      0 |    0 |          0 |
|   sparse_arr_feat_conv2_out_12_U                                      |                                                    hls_dummy_fifo_w8_d2_S_41 |         23 |         23 |       0 |    0 |    20 |      0 |      0 |    0 |          0 |
|   sparse_arr_feat_conv2_out_13_U                                      |                                                    hls_dummy_fifo_w8_d2_S_42 |         22 |         22 |       0 |    0 |    20 |      0 |      0 |    0 |          0 |
|   sparse_arr_feat_conv2_out_14_U                                      |                                                    hls_dummy_fifo_w8_d2_S_43 |         22 |         22 |       0 |    0 |    20 |      0 |      0 |    0 |          0 |
|   sparse_arr_feat_conv2_out_15_U                                      |                                                    hls_dummy_fifo_w8_d2_S_44 |         22 |         22 |       0 |    0 |    20 |      0 |      0 |    0 |          0 |
|   sparse_arr_feat_conv2_out_16_U                                      |                                                    hls_dummy_fifo_w8_d2_S_45 |         24 |         24 |       0 |    0 |    20 |      0 |      0 |    0 |          0 |
|   sparse_arr_feat_conv2_out_17_U                                      |                                                    hls_dummy_fifo_w8_d2_S_46 |         23 |         23 |       0 |    0 |    20 |      0 |      0 |    0 |          0 |
|   sparse_arr_feat_conv2_out_18_U                                      |                                                    hls_dummy_fifo_w8_d2_S_47 |         25 |         25 |       0 |    0 |    20 |      0 |      0 |    0 |          0 |
|   sparse_arr_feat_conv2_out_19_U                                      |                                                    hls_dummy_fifo_w8_d2_S_48 |         22 |         22 |       0 |    0 |    20 |      0 |      0 |    0 |          0 |
|   sparse_arr_feat_conv2_out_1_U                                       |                                                    hls_dummy_fifo_w8_d2_S_49 |         23 |         23 |       0 |    0 |    20 |      0 |      0 |    0 |          0 |
|   sparse_arr_feat_conv2_out_20_U                                      |                                                    hls_dummy_fifo_w8_d2_S_50 |         23 |         23 |       0 |    0 |    20 |      0 |      0 |    0 |          0 |
|   sparse_arr_feat_conv2_out_21_U                                      |                                                    hls_dummy_fifo_w8_d2_S_51 |         21 |         21 |       0 |    0 |    20 |      0 |      0 |    0 |          0 |
|   sparse_arr_feat_conv2_out_22_U                                      |                                                    hls_dummy_fifo_w8_d2_S_52 |         23 |         23 |       0 |    0 |    20 |      0 |      0 |    0 |          0 |
|   sparse_arr_feat_conv2_out_23_U                                      |                                                    hls_dummy_fifo_w8_d2_S_53 |         24 |         24 |       0 |    0 |    20 |      0 |      0 |    0 |          0 |
|   sparse_arr_feat_conv2_out_24_U                                      |                                                    hls_dummy_fifo_w8_d2_S_54 |         22 |         22 |       0 |    0 |    20 |      0 |      0 |    0 |          0 |
|   sparse_arr_feat_conv2_out_25_U                                      |                                                    hls_dummy_fifo_w8_d2_S_55 |         22 |         22 |       0 |    0 |    20 |      0 |      0 |    0 |          0 |
|   sparse_arr_feat_conv2_out_26_U                                      |                                                    hls_dummy_fifo_w8_d2_S_56 |         22 |         22 |       0 |    0 |    20 |      0 |      0 |    0 |          0 |
|   sparse_arr_feat_conv2_out_27_U                                      |                                                    hls_dummy_fifo_w8_d2_S_57 |         22 |         22 |       0 |    0 |    20 |      0 |      0 |    0 |          0 |
|   sparse_arr_feat_conv2_out_28_U                                      |                                                    hls_dummy_fifo_w8_d2_S_58 |         22 |         22 |       0 |    0 |    20 |      0 |      0 |    0 |          0 |
|   sparse_arr_feat_conv2_out_29_U                                      |                                                    hls_dummy_fifo_w8_d2_S_59 |         22 |         22 |       0 |    0 |    20 |      0 |      0 |    0 |          0 |
|   sparse_arr_feat_conv2_out_2_U                                       |                                                    hls_dummy_fifo_w8_d2_S_60 |         24 |         24 |       0 |    0 |    20 |      0 |      0 |    0 |          0 |
|   sparse_arr_feat_conv2_out_30_U                                      |                                                    hls_dummy_fifo_w8_d2_S_61 |         24 |         24 |       0 |    0 |    20 |      0 |      0 |    0 |          0 |
|   sparse_arr_feat_conv2_out_31_U                                      |                                                    hls_dummy_fifo_w8_d2_S_62 |         23 |         23 |       0 |    0 |    20 |      0 |      0 |    0 |          0 |
|   sparse_arr_feat_conv2_out_32_U                                      |                                                    hls_dummy_fifo_w8_d2_S_63 |         25 |         25 |       0 |    0 |    20 |      0 |      0 |    0 |          0 |
|   sparse_arr_feat_conv2_out_33_U                                      |                                                    hls_dummy_fifo_w8_d2_S_64 |         24 |         24 |       0 |    0 |    20 |      0 |      0 |    0 |          0 |
|   sparse_arr_feat_conv2_out_34_U                                      |                                                    hls_dummy_fifo_w8_d2_S_65 |         22 |         22 |       0 |    0 |    20 |      0 |      0 |    0 |          0 |
|   sparse_arr_feat_conv2_out_35_U                                      |                                                    hls_dummy_fifo_w8_d2_S_66 |         21 |         21 |       0 |    0 |    20 |      0 |      0 |    0 |          0 |
|   sparse_arr_feat_conv2_out_36_U                                      |                                                    hls_dummy_fifo_w8_d2_S_67 |         21 |         21 |       0 |    0 |    20 |      0 |      0 |    0 |          0 |
|   sparse_arr_feat_conv2_out_37_U                                      |                                                    hls_dummy_fifo_w8_d2_S_68 |         22 |         22 |       0 |    0 |    20 |      0 |      0 |    0 |          0 |
|   sparse_arr_feat_conv2_out_38_U                                      |                                                    hls_dummy_fifo_w8_d2_S_69 |         22 |         22 |       0 |    0 |    20 |      0 |      0 |    0 |          0 |
|   sparse_arr_feat_conv2_out_39_U                                      |                                                    hls_dummy_fifo_w8_d2_S_70 |         21 |         21 |       0 |    0 |    20 |      0 |      0 |    0 |          0 |
|   sparse_arr_feat_conv2_out_3_U                                       |                                                    hls_dummy_fifo_w8_d2_S_71 |         21 |         21 |       0 |    0 |    20 |      0 |      0 |    0 |          0 |
|   sparse_arr_feat_conv2_out_4_U                                       |                                                    hls_dummy_fifo_w8_d2_S_72 |         22 |         22 |       0 |    0 |    20 |      0 |      0 |    0 |          0 |
|   sparse_arr_feat_conv2_out_5_U                                       |                                                    hls_dummy_fifo_w8_d2_S_73 |         22 |         22 |       0 |    0 |    20 |      0 |      0 |    0 |          0 |
|   sparse_arr_feat_conv2_out_6_U                                       |                                                    hls_dummy_fifo_w8_d2_S_74 |         63 |         63 |       0 |    0 |    20 |      0 |      0 |    0 |          0 |
|   sparse_arr_feat_conv2_out_7_U                                       |                                                    hls_dummy_fifo_w8_d2_S_75 |         21 |         21 |       0 |    0 |    20 |      0 |      0 |    0 |          0 |
|   sparse_arr_feat_conv2_out_8_U                                       |                                                    hls_dummy_fifo_w8_d2_S_76 |         21 |         21 |       0 |    0 |    20 |      0 |      0 |    0 |          0 |
|   sparse_arr_feat_conv2_out_9_U                                       |                                                    hls_dummy_fifo_w8_d2_S_77 |         22 |         22 |       0 |    0 |    20 |      0 |      0 |    0 |          0 |
|   sparse_arr_feat_conv2_out_U                                         |                                                    hls_dummy_fifo_w8_d2_S_78 |         22 |         22 |       0 |    0 |    20 |      0 |      0 |    0 |          0 |
|   sparse_arr_feat_reduce_out_10_U                                     |                                                    hls_dummy_fifo_w8_d2_S_79 |       1038 |       1038 |       0 |    0 |    18 |      0 |      0 |    0 |          0 |
|   sparse_arr_feat_reduce_out_11_U                                     |                                                    hls_dummy_fifo_w8_d2_S_80 |       1026 |       1026 |       0 |    0 |    18 |      0 |      0 |    0 |          0 |
|   sparse_arr_feat_reduce_out_12_U                                     |                                                    hls_dummy_fifo_w8_d2_S_81 |       1000 |       1000 |       0 |    0 |    18 |      0 |      0 |    0 |          0 |
|   sparse_arr_feat_reduce_out_13_U                                     |                                                    hls_dummy_fifo_w8_d2_S_82 |        992 |        992 |       0 |    0 |    18 |      0 |      0 |    0 |          0 |
|   sparse_arr_feat_reduce_out_14_U                                     |                                                    hls_dummy_fifo_w8_d2_S_83 |        942 |        942 |       0 |    0 |    18 |      0 |      0 |    0 |          0 |
|   sparse_arr_feat_reduce_out_15_U                                     |                                                    hls_dummy_fifo_w8_d2_S_84 |        917 |        917 |       0 |    0 |    18 |      0 |      0 |    0 |          0 |
|   sparse_arr_feat_reduce_out_16_U                                     |                                                    hls_dummy_fifo_w8_d2_S_85 |        890 |        890 |       0 |    0 |    18 |      0 |      0 |    0 |          0 |
|   sparse_arr_feat_reduce_out_17_U                                     |                                                    hls_dummy_fifo_w8_d2_S_86 |        804 |        804 |       0 |    0 |    18 |      0 |      0 |    0 |          0 |
|   sparse_arr_feat_reduce_out_18_U                                     |                                                    hls_dummy_fifo_w8_d2_S_87 |        778 |        778 |       0 |    0 |    18 |      0 |      0 |    0 |          0 |
|   sparse_arr_feat_reduce_out_19_U                                     |                                                    hls_dummy_fifo_w8_d2_S_88 |        785 |        785 |       0 |    0 |    18 |      0 |      0 |    0 |          0 |
|   sparse_arr_feat_reduce_out_1_U                                      |                                                    hls_dummy_fifo_w8_d2_S_89 |       1185 |       1185 |       0 |    0 |    18 |      0 |      0 |    0 |          0 |
|   sparse_arr_feat_reduce_out_2_U                                      |                                                    hls_dummy_fifo_w8_d2_S_90 |       1187 |       1187 |       0 |    0 |    18 |      0 |      0 |    0 |          0 |
|   sparse_arr_feat_reduce_out_3_U                                      |                                                    hls_dummy_fifo_w8_d2_S_91 |       1089 |       1089 |       0 |    0 |    18 |      0 |      0 |    0 |          0 |
|   sparse_arr_feat_reduce_out_4_U                                      |                                                    hls_dummy_fifo_w8_d2_S_92 |       1123 |       1123 |       0 |    0 |    18 |      0 |      0 |    0 |          0 |
|   sparse_arr_feat_reduce_out_5_U                                      |                                                    hls_dummy_fifo_w8_d2_S_93 |       1095 |       1095 |       0 |    0 |    18 |      0 |      0 |    0 |          0 |
|   sparse_arr_feat_reduce_out_6_U                                      |                                                    hls_dummy_fifo_w8_d2_S_94 |       1055 |       1055 |       0 |    0 |    18 |      0 |      0 |    0 |          0 |
|   sparse_arr_feat_reduce_out_7_U                                      |                                                    hls_dummy_fifo_w8_d2_S_95 |       1038 |       1038 |       0 |    0 |    18 |      0 |      0 |    0 |          0 |
|   sparse_arr_feat_reduce_out_8_U                                      |                                                    hls_dummy_fifo_w8_d2_S_96 |       1049 |       1049 |       0 |    0 |    18 |      0 |      0 |    0 |          0 |
|   sparse_arr_feat_reduce_out_9_U                                      |                                                    hls_dummy_fifo_w8_d2_S_97 |       1061 |       1061 |       0 |    0 |    18 |      0 |      0 |    0 |          0 |
|   sparse_arr_feat_reduce_out_U                                        |                                                    hls_dummy_fifo_w8_d2_S_98 |       1055 |       1055 |       0 |    0 |    18 |      0 |      0 |    0 |          0 |
|   sparse_arr_hash_reduce_out_10_c22_channel_U                         |                                                       hls_dummy_fifo_w4_d2_S |        170 |        170 |       0 |    0 |    12 |      0 |      0 |    0 |          0 |
|   sparse_arr_hash_reduce_out_10_c_U                                   |                                                    hls_dummy_fifo_w4_d2_S_99 |         11 |         11 |       0 |    0 |    12 |      0 |      0 |    0 |          0 |
|   sparse_arr_hash_reduce_out_11_c23_channel_U                         |                                                   hls_dummy_fifo_w4_d2_S_100 |        182 |        182 |       0 |    0 |    12 |      0 |      0 |    0 |          0 |
|   sparse_arr_hash_reduce_out_11_c_U                                   |                                                   hls_dummy_fifo_w4_d2_S_101 |         12 |         12 |       0 |    0 |    12 |      0 |      0 |    0 |          0 |
|   sparse_arr_hash_reduce_out_12_c24_channel_U                         |                                                   hls_dummy_fifo_w4_d2_S_102 |        168 |        168 |       0 |    0 |    12 |      0 |      0 |    0 |          0 |
|   sparse_arr_hash_reduce_out_12_c_U                                   |                                                   hls_dummy_fifo_w4_d2_S_103 |         12 |         12 |       0 |    0 |    12 |      0 |      0 |    0 |          0 |
|   sparse_arr_hash_reduce_out_13_c25_channel_U                         |                                                   hls_dummy_fifo_w4_d2_S_104 |        181 |        181 |       0 |    0 |    12 |      0 |      0 |    0 |          0 |
|   sparse_arr_hash_reduce_out_13_c_U                                   |                                                   hls_dummy_fifo_w4_d2_S_105 |         12 |         12 |       0 |    0 |    12 |      0 |      0 |    0 |          0 |
|   sparse_arr_hash_reduce_out_14_c26_channel_U                         |                                                   hls_dummy_fifo_w4_d2_S_106 |        167 |        167 |       0 |    0 |    12 |      0 |      0 |    0 |          0 |
|   sparse_arr_hash_reduce_out_14_c_U                                   |                                                   hls_dummy_fifo_w4_d2_S_107 |         12 |         12 |       0 |    0 |    12 |      0 |      0 |    0 |          0 |
|   sparse_arr_hash_reduce_out_15_c27_channel_U                         |                                                   hls_dummy_fifo_w4_d2_S_108 |        175 |        175 |       0 |    0 |    12 |      0 |      0 |    0 |          0 |
|   sparse_arr_hash_reduce_out_15_c_U                                   |                                                   hls_dummy_fifo_w4_d2_S_109 |         13 |         13 |       0 |    0 |    12 |      0 |      0 |    0 |          0 |
|   sparse_arr_hash_reduce_out_16_c28_channel_U                         |                                                   hls_dummy_fifo_w4_d2_S_110 |        155 |        155 |       0 |    0 |    12 |      0 |      0 |    0 |          0 |
|   sparse_arr_hash_reduce_out_16_c_U                                   |                                                   hls_dummy_fifo_w4_d2_S_111 |         12 |         12 |       0 |    0 |    12 |      0 |      0 |    0 |          0 |
|   sparse_arr_hash_reduce_out_17_c29_channel_U                         |                                                   hls_dummy_fifo_w4_d2_S_112 |        275 |        275 |       0 |    0 |    12 |      0 |      0 |    0 |          0 |
|   sparse_arr_hash_reduce_out_17_c_U                                   |                                                   hls_dummy_fifo_w4_d2_S_113 |         13 |         13 |       0 |    0 |    12 |      0 |      0 |    0 |          0 |
|   sparse_arr_hash_reduce_out_18_c30_channel_U                         |                                                   hls_dummy_fifo_w4_d2_S_114 |        153 |        153 |       0 |    0 |    12 |      0 |      0 |    0 |          0 |
|   sparse_arr_hash_reduce_out_18_c_U                                   |                                                   hls_dummy_fifo_w4_d2_S_115 |         11 |         11 |       0 |    0 |    12 |      0 |      0 |    0 |          0 |
|   sparse_arr_hash_reduce_out_19_c31_channel_U                         |                                                   hls_dummy_fifo_w4_d2_S_116 |        179 |        179 |       0 |    0 |    12 |      0 |      0 |    0 |          0 |
|   sparse_arr_hash_reduce_out_19_c_U                                   |                                                   hls_dummy_fifo_w4_d2_S_117 |         12 |         12 |       0 |    0 |    12 |      0 |      0 |    0 |          0 |
|   sparse_arr_hash_reduce_out_1_c13_channel_U                          |                                                   hls_dummy_fifo_w4_d2_S_118 |        178 |        178 |       0 |    0 |    12 |      0 |      0 |    0 |          0 |
|   sparse_arr_hash_reduce_out_1_c_U                                    |                                                   hls_dummy_fifo_w4_d2_S_119 |         13 |         13 |       0 |    0 |    12 |      0 |      0 |    0 |          0 |
|   sparse_arr_hash_reduce_out_20_c32_channel_U                         |                                                   hls_dummy_fifo_w4_d2_S_120 |        146 |        146 |       0 |    0 |    12 |      0 |      0 |    0 |          0 |
|   sparse_arr_hash_reduce_out_20_c_U                                   |                                                   hls_dummy_fifo_w4_d2_S_121 |         12 |         12 |       0 |    0 |    12 |      0 |      0 |    0 |          0 |
|   sparse_arr_hash_reduce_out_21_c33_channel_U                         |                                                   hls_dummy_fifo_w4_d2_S_122 |        156 |        156 |       0 |    0 |    12 |      0 |      0 |    0 |          0 |
|   sparse_arr_hash_reduce_out_21_c_U                                   |                                                   hls_dummy_fifo_w4_d2_S_123 |         12 |         12 |       0 |    0 |    12 |      0 |      0 |    0 |          0 |
|   sparse_arr_hash_reduce_out_22_c34_channel_U                         |                                                   hls_dummy_fifo_w4_d2_S_124 |        156 |        156 |       0 |    0 |    12 |      0 |      0 |    0 |          0 |
|   sparse_arr_hash_reduce_out_22_c_U                                   |                                                   hls_dummy_fifo_w4_d2_S_125 |         13 |         13 |       0 |    0 |    12 |      0 |      0 |    0 |          0 |
|   sparse_arr_hash_reduce_out_23_c35_channel_U                         |                                                   hls_dummy_fifo_w4_d2_S_126 |        179 |        179 |       0 |    0 |    12 |      0 |      0 |    0 |          0 |
|   sparse_arr_hash_reduce_out_23_c_U                                   |                                                   hls_dummy_fifo_w4_d2_S_127 |         16 |         16 |       0 |    0 |    12 |      0 |      0 |    0 |          0 |
|   sparse_arr_hash_reduce_out_24_c36_channel_U                         |                                                   hls_dummy_fifo_w4_d2_S_128 |        155 |        155 |       0 |    0 |    12 |      0 |      0 |    0 |          0 |
|   sparse_arr_hash_reduce_out_24_c_U                                   |                                                   hls_dummy_fifo_w4_d2_S_129 |         13 |         13 |       0 |    0 |    12 |      0 |      0 |    0 |          0 |
|   sparse_arr_hash_reduce_out_25_c37_channel_U                         |                                                   hls_dummy_fifo_w4_d2_S_130 |        178 |        178 |       0 |    0 |    12 |      0 |      0 |    0 |          0 |
|   sparse_arr_hash_reduce_out_25_c_U                                   |                                                   hls_dummy_fifo_w4_d2_S_131 |         14 |         14 |       0 |    0 |    12 |      0 |      0 |    0 |          0 |
|   sparse_arr_hash_reduce_out_26_c38_channel_U                         |                                                   hls_dummy_fifo_w4_d2_S_132 |        176 |        176 |       0 |    0 |    12 |      0 |      0 |    0 |          0 |
|   sparse_arr_hash_reduce_out_26_c_U                                   |                                                   hls_dummy_fifo_w4_d2_S_133 |         12 |         12 |       0 |    0 |    12 |      0 |      0 |    0 |          0 |
|   sparse_arr_hash_reduce_out_27_c39_channel_U                         |                                                   hls_dummy_fifo_w4_d2_S_134 |        174 |        174 |       0 |    0 |    12 |      0 |      0 |    0 |          0 |
|   sparse_arr_hash_reduce_out_27_c_U                                   |                                                   hls_dummy_fifo_w4_d2_S_135 |         12 |         12 |       0 |    0 |    12 |      0 |      0 |    0 |          0 |
|   sparse_arr_hash_reduce_out_28_c40_channel_U                         |                                                   hls_dummy_fifo_w4_d2_S_136 |        153 |        153 |       0 |    0 |    12 |      0 |      0 |    0 |          0 |
|   sparse_arr_hash_reduce_out_28_c_U                                   |                                                   hls_dummy_fifo_w4_d2_S_137 |         12 |         12 |       0 |    0 |    12 |      0 |      0 |    0 |          0 |
|   sparse_arr_hash_reduce_out_29_c41_channel_U                         |                                                   hls_dummy_fifo_w4_d2_S_138 |        177 |        177 |       0 |    0 |    12 |      0 |      0 |    0 |          0 |
|   sparse_arr_hash_reduce_out_29_c_U                                   |                                                   hls_dummy_fifo_w4_d2_S_139 |         12 |         12 |       0 |    0 |    12 |      0 |      0 |    0 |          0 |
|   sparse_arr_hash_reduce_out_2_c14_channel_U                          |                                                   hls_dummy_fifo_w4_d2_S_140 |        173 |        173 |       0 |    0 |    12 |      0 |      0 |    0 |          0 |
|   sparse_arr_hash_reduce_out_2_c_U                                    |                                                   hls_dummy_fifo_w4_d2_S_141 |         11 |         11 |       0 |    0 |    12 |      0 |      0 |    0 |          0 |
|   sparse_arr_hash_reduce_out_30_c42_channel_U                         |                                                   hls_dummy_fifo_w4_d2_S_142 |        177 |        177 |       0 |    0 |    12 |      0 |      0 |    0 |          0 |
|   sparse_arr_hash_reduce_out_30_c_U                                   |                                                   hls_dummy_fifo_w4_d2_S_143 |         12 |         12 |       0 |    0 |    12 |      0 |      0 |    0 |          0 |
|   sparse_arr_hash_reduce_out_31_c43_channel_U                         |                                                   hls_dummy_fifo_w4_d2_S_144 |        175 |        175 |       0 |    0 |    12 |      0 |      0 |    0 |          0 |
|   sparse_arr_hash_reduce_out_31_c_U                                   |                                                   hls_dummy_fifo_w4_d2_S_145 |         13 |         13 |       0 |    0 |    12 |      0 |      0 |    0 |          0 |
|   sparse_arr_hash_reduce_out_32_c44_channel_U                         |                                                   hls_dummy_fifo_w4_d2_S_146 |        158 |        158 |       0 |    0 |    12 |      0 |      0 |    0 |          0 |
|   sparse_arr_hash_reduce_out_32_c_U                                   |                                                   hls_dummy_fifo_w4_d2_S_147 |         13 |         13 |       0 |    0 |    12 |      0 |      0 |    0 |          0 |
|   sparse_arr_hash_reduce_out_33_c45_channel_U                         |                                                   hls_dummy_fifo_w4_d2_S_148 |        191 |        191 |       0 |    0 |    12 |      0 |      0 |    0 |          0 |
|   sparse_arr_hash_reduce_out_33_c_U                                   |                                                   hls_dummy_fifo_w4_d2_S_149 |         13 |         13 |       0 |    0 |    12 |      0 |      0 |    0 |          0 |
|   sparse_arr_hash_reduce_out_34_c46_channel_U                         |                                                   hls_dummy_fifo_w4_d2_S_150 |        164 |        164 |       0 |    0 |    12 |      0 |      0 |    0 |          0 |
|   sparse_arr_hash_reduce_out_34_c_U                                   |                                                   hls_dummy_fifo_w4_d2_S_151 |         12 |         12 |       0 |    0 |    12 |      0 |      0 |    0 |          0 |
|   sparse_arr_hash_reduce_out_35_c47_channel_U                         |                                                   hls_dummy_fifo_w4_d2_S_152 |        177 |        177 |       0 |    0 |    12 |      0 |      0 |    0 |          0 |
|   sparse_arr_hash_reduce_out_35_c_U                                   |                                                   hls_dummy_fifo_w4_d2_S_153 |         16 |         16 |       0 |    0 |    12 |      0 |      0 |    0 |          0 |
|   sparse_arr_hash_reduce_out_36_c48_channel_U                         |                                                   hls_dummy_fifo_w4_d2_S_154 |        157 |        157 |       0 |    0 |    12 |      0 |      0 |    0 |          0 |
|   sparse_arr_hash_reduce_out_36_c_U                                   |                                                   hls_dummy_fifo_w4_d2_S_155 |         12 |         12 |       0 |    0 |    12 |      0 |      0 |    0 |          0 |
|   sparse_arr_hash_reduce_out_37_c49_channel_U                         |                                                   hls_dummy_fifo_w4_d2_S_156 |        168 |        168 |       0 |    0 |    12 |      0 |      0 |    0 |          0 |
|   sparse_arr_hash_reduce_out_37_c_U                                   |                                                   hls_dummy_fifo_w4_d2_S_157 |         13 |         13 |       0 |    0 |    12 |      0 |      0 |    0 |          0 |
|   sparse_arr_hash_reduce_out_38_c50_channel_U                         |                                                   hls_dummy_fifo_w4_d2_S_158 |        170 |        170 |       0 |    0 |    12 |      0 |      0 |    0 |          0 |
|   sparse_arr_hash_reduce_out_38_c_U                                   |                                                   hls_dummy_fifo_w4_d2_S_159 |         12 |         12 |       0 |    0 |    12 |      0 |      0 |    0 |          0 |
|   sparse_arr_hash_reduce_out_39_c51_channel_U                         |                                                   hls_dummy_fifo_w4_d2_S_160 |        173 |        173 |       0 |    0 |    12 |      0 |      0 |    0 |          0 |
|   sparse_arr_hash_reduce_out_39_c_U                                   |                                                   hls_dummy_fifo_w4_d2_S_161 |         14 |         14 |       0 |    0 |    12 |      0 |      0 |    0 |          0 |
|   sparse_arr_hash_reduce_out_3_c15_channel_U                          |                                                   hls_dummy_fifo_w4_d2_S_162 |        184 |        184 |       0 |    0 |    12 |      0 |      0 |    0 |          0 |
|   sparse_arr_hash_reduce_out_3_c_U                                    |                                                   hls_dummy_fifo_w4_d2_S_163 |         12 |         12 |       0 |    0 |    12 |      0 |      0 |    0 |          0 |
|   sparse_arr_hash_reduce_out_4_c16_channel_U                          |                                                   hls_dummy_fifo_w4_d2_S_164 |        149 |        149 |       0 |    0 |    12 |      0 |      0 |    0 |          0 |
|   sparse_arr_hash_reduce_out_4_c_U                                    |                                                   hls_dummy_fifo_w4_d2_S_165 |         11 |         11 |       0 |    0 |    12 |      0 |      0 |    0 |          0 |
|   sparse_arr_hash_reduce_out_5_c17_channel_U                          |                                                   hls_dummy_fifo_w4_d2_S_166 |        179 |        179 |       0 |    0 |    12 |      0 |      0 |    0 |          0 |
|   sparse_arr_hash_reduce_out_5_c_U                                    |                                                   hls_dummy_fifo_w4_d2_S_167 |         14 |         14 |       0 |    0 |    12 |      0 |      0 |    0 |          0 |
|   sparse_arr_hash_reduce_out_6_c18_channel_U                          |                                                   hls_dummy_fifo_w4_d2_S_168 |        162 |        162 |       0 |    0 |    12 |      0 |      0 |    0 |          0 |
|   sparse_arr_hash_reduce_out_6_c_U                                    |                                                   hls_dummy_fifo_w4_d2_S_169 |         11 |         11 |       0 |    0 |    12 |      0 |      0 |    0 |          0 |
|   sparse_arr_hash_reduce_out_7_c19_channel_U                          |                                                   hls_dummy_fifo_w4_d2_S_170 |        159 |        159 |       0 |    0 |    12 |      0 |      0 |    0 |          0 |
|   sparse_arr_hash_reduce_out_7_c_U                                    |                                                   hls_dummy_fifo_w4_d2_S_171 |         14 |         14 |       0 |    0 |    12 |      0 |      0 |    0 |          0 |
|   sparse_arr_hash_reduce_out_8_c20_channel_U                          |                                                   hls_dummy_fifo_w4_d2_S_172 |        170 |        170 |       0 |    0 |    12 |      0 |      0 |    0 |          0 |
|   sparse_arr_hash_reduce_out_8_c_U                                    |                                                   hls_dummy_fifo_w4_d2_S_173 |         11 |         11 |       0 |    0 |    12 |      0 |      0 |    0 |          0 |
|   sparse_arr_hash_reduce_out_9_c21_channel_U                          |                                                   hls_dummy_fifo_w4_d2_S_174 |        183 |        183 |       0 |    0 |    12 |      0 |      0 |    0 |          0 |
|   sparse_arr_hash_reduce_out_9_c_U                                    |                                                   hls_dummy_fifo_w4_d2_S_175 |         12 |         12 |       0 |    0 |    12 |      0 |      0 |    0 |          0 |
|   sparse_arr_hash_reduce_out_c12_channel_U                            |                                                   hls_dummy_fifo_w4_d2_S_176 |        160 |        160 |       0 |    0 |    12 |      0 |      0 |    0 |          0 |
|   sparse_arr_hash_reduce_out_c_U                                      |                                                   hls_dummy_fifo_w4_d2_S_177 |         11 |         11 |       0 |    0 |    12 |      0 |      0 |    0 |          0 |
|   sparse_conv_ap_fixed_ap_fixed_ap_uint_ap_fixed_ap_fixed_20_1_2_3_U0 | hls_dummy_sparse_conv_ap_fixed_ap_fixed_ap_uint_ap_fixed_ap_fixed_20_1_2_3_s |      39782 |      39782 |       0 |    0 | 10015 |      0 |      0 |    0 |          0 |
|   sparse_conv_ap_fixed_ap_fixed_ap_uint_ap_fixed_ap_fixed_20_2_2_3_U0 | hls_dummy_sparse_conv_ap_fixed_ap_fixed_ap_uint_ap_fixed_ap_fixed_20_2_2_3_s |      49577 |      49577 |       0 |    0 |  8654 |      0 |      0 |    0 |        780 |
|   sparse_input_reduce_ap_fixed_8_2_5_3_0_ap_uint_10_10_10_1_20_4_U0   |     hls_dummy_sparse_input_reduce_ap_fixed_8_2_5_3_0_ap_uint_10_10_10_1_20_4 |       2395 |       2395 |       0 |    0 |  1413 |      0 |      0 |    0 |          0 |
+-----------------------------------------------------------------------+------------------------------------------------------------------------------+------------+------------+---------+------+-------+--------+--------+------+------------+


