Copyright 1986-2022 Xilinx, Inc. All Rights Reserved. Copyright 2022-2023 Advanced Micro Devices, Inc. All Rights Reserved.
---------------------------------------------------------------------------------------------------------------------------------------------
| Tool Version : Vivado v.2023.1 (lin64) Build 3865809 Sun May  7 15:04:56 MDT 2023
| Date         : Wed Jul  9 04:51:50 2025
| Host         : coder-hftsoi-hls running 64-bit Ubuntu 20.04.6 LTS
| Command      : report_utilization -file vivado_synth.rpt -hierarchical -hierarchical_depth 1
| Design       : hls_dummy
| Device       : xcu250-figd2104-2L-e
| Speed File   : -2L
| Design State : Optimized
---------------------------------------------------------------------------------------------------------------------------------------------

Utilization Design Information

Table of Contents
-----------------
1. Utilization by Hierarchy

1. Utilization by Hierarchy
---------------------------

+---------------------------------------------------------------------+----------------------------------------------------------------------------+------------+------------+---------+------+-------+--------+--------+------+------------+
|                               Instance                              |                                   Module                                   | Total LUTs | Logic LUTs | LUTRAMs | SRLs |  FFs  | RAMB36 | RAMB18 | URAM | DSP Blocks |
+---------------------------------------------------------------------+----------------------------------------------------------------------------+------------+------------+---------+------+-------+--------+--------+------+------------+
| hls_dummy                                                           |                                                                      (top) |      52824 |      52824 |       0 |    0 | 11528 |      0 |      0 |    0 |          0 |
|   (hls_dummy)                                                       |                                                                      (top) |          0 |          0 |       0 |    0 |   140 |      0 |      0 |    0 |          0 |
|   Block_entry28_proc_U0                                             |                                               hls_dummy_Block_entry28_proc |          0 |          0 |       0 |    0 |   600 |      0 |      0 |    0 |          0 |
|   flatten_out_10_U                                                  |                                                    hls_dummy_fifo_w10_d2_S |         25 |         25 |       0 |    0 |    24 |      0 |      0 |    0 |          0 |
|   flatten_out_11_U                                                  |                                                  hls_dummy_fifo_w10_d2_S_0 |         25 |         25 |       0 |    0 |    24 |      0 |      0 |    0 |          0 |
|   flatten_out_12_U                                                  |                                                  hls_dummy_fifo_w10_d2_S_1 |         25 |         25 |       0 |    0 |    24 |      0 |      0 |    0 |          0 |
|   flatten_out_13_U                                                  |                                                  hls_dummy_fifo_w10_d2_S_2 |         25 |         25 |       0 |    0 |    24 |      0 |      0 |    0 |          0 |
|   flatten_out_14_U                                                  |                                                  hls_dummy_fifo_w10_d2_S_3 |         26 |         26 |       0 |    0 |    24 |      0 |      0 |    0 |          0 |
|   flatten_out_15_U                                                  |                                                  hls_dummy_fifo_w10_d2_S_4 |         26 |         26 |       0 |    0 |    24 |      0 |      0 |    0 |          0 |
|   flatten_out_16_U                                                  |                                                  hls_dummy_fifo_w10_d2_S_5 |         25 |         25 |       0 |    0 |    24 |      0 |      0 |    0 |          0 |
|   flatten_out_17_U                                                  |                                                  hls_dummy_fifo_w10_d2_S_6 |         25 |         25 |       0 |    0 |    24 |      0 |      0 |    0 |          0 |
|   flatten_out_18_U                                                  |                                                  hls_dummy_fifo_w10_d2_S_7 |         29 |         29 |       0 |    0 |    24 |      0 |      0 |    0 |          0 |
|   flatten_out_19_U                                                  |                                                  hls_dummy_fifo_w10_d2_S_8 |         26 |         26 |       0 |    0 |    24 |      0 |      0 |    0 |          0 |
|   flatten_out_1_U                                                   |                                                  hls_dummy_fifo_w10_d2_S_9 |         27 |         27 |       0 |    0 |    24 |      0 |      0 |    0 |          0 |
|   flatten_out_20_U                                                  |                                                 hls_dummy_fifo_w10_d2_S_10 |         25 |         25 |       0 |    0 |    24 |      0 |      0 |    0 |          0 |
|   flatten_out_21_U                                                  |                                                 hls_dummy_fifo_w10_d2_S_11 |         27 |         27 |       0 |    0 |    24 |      0 |      0 |    0 |          0 |
|   flatten_out_22_U                                                  |                                                 hls_dummy_fifo_w10_d2_S_12 |         25 |         25 |       0 |    0 |    24 |      0 |      0 |    0 |          0 |
|   flatten_out_23_U                                                  |                                                 hls_dummy_fifo_w10_d2_S_13 |         27 |         27 |       0 |    0 |    24 |      0 |      0 |    0 |          0 |
|   flatten_out_24_U                                                  |                                                 hls_dummy_fifo_w10_d2_S_14 |         26 |         26 |       0 |    0 |    24 |      0 |      0 |    0 |          0 |
|   flatten_out_25_U                                                  |                                                 hls_dummy_fifo_w10_d2_S_15 |         28 |         28 |       0 |    0 |    24 |      0 |      0 |    0 |          0 |
|   flatten_out_26_U                                                  |                                                 hls_dummy_fifo_w10_d2_S_16 |         27 |         27 |       0 |    0 |    24 |      0 |      0 |    0 |          0 |
|   flatten_out_27_U                                                  |                                                 hls_dummy_fifo_w10_d2_S_17 |         26 |         26 |       0 |    0 |    24 |      0 |      0 |    0 |          0 |
|   flatten_out_28_U                                                  |                                                 hls_dummy_fifo_w10_d2_S_18 |         31 |         31 |       0 |    0 |    24 |      0 |      0 |    0 |          0 |
|   flatten_out_29_U                                                  |                                                 hls_dummy_fifo_w10_d2_S_19 |         26 |         26 |       0 |    0 |    24 |      0 |      0 |    0 |          0 |
|   flatten_out_2_U                                                   |                                                 hls_dummy_fifo_w10_d2_S_20 |         25 |         25 |       0 |    0 |    24 |      0 |      0 |    0 |          0 |
|   flatten_out_30_U                                                  |                                                 hls_dummy_fifo_w10_d2_S_21 |         26 |         26 |       0 |    0 |    24 |      0 |      0 |    0 |          0 |
|   flatten_out_31_U                                                  |                                                 hls_dummy_fifo_w10_d2_S_22 |         25 |         25 |       0 |    0 |    24 |      0 |      0 |    0 |          0 |
|   flatten_out_32_U                                                  |                                                 hls_dummy_fifo_w10_d2_S_23 |         28 |         28 |       0 |    0 |    24 |      0 |      0 |    0 |          0 |
|   flatten_out_33_U                                                  |                                                 hls_dummy_fifo_w10_d2_S_24 |         28 |         28 |       0 |    0 |    24 |      0 |      0 |    0 |          0 |
|   flatten_out_34_U                                                  |                                                 hls_dummy_fifo_w10_d2_S_25 |         27 |         27 |       0 |    0 |    24 |      0 |      0 |    0 |          0 |
|   flatten_out_35_U                                                  |                                                 hls_dummy_fifo_w10_d2_S_26 |         25 |         25 |       0 |    0 |    24 |      0 |      0 |    0 |          0 |
|   flatten_out_36_U                                                  |                                                 hls_dummy_fifo_w10_d2_S_27 |         25 |         25 |       0 |    0 |    24 |      0 |      0 |    0 |          0 |
|   flatten_out_37_U                                                  |                                                 hls_dummy_fifo_w10_d2_S_28 |         26 |         26 |       0 |    0 |    24 |      0 |      0 |    0 |          0 |
|   flatten_out_38_U                                                  |                                                 hls_dummy_fifo_w10_d2_S_29 |         25 |         25 |       0 |    0 |    24 |      0 |      0 |    0 |          0 |
|   flatten_out_39_U                                                  |                                                 hls_dummy_fifo_w10_d2_S_30 |         26 |         26 |       0 |    0 |    24 |      0 |      0 |    0 |          0 |
|   flatten_out_3_U                                                   |                                                 hls_dummy_fifo_w10_d2_S_31 |         26 |         26 |       0 |    0 |    24 |      0 |      0 |    0 |          0 |
|   flatten_out_40_U                                                  |                                                 hls_dummy_fifo_w10_d2_S_32 |         28 |         28 |       0 |    0 |    24 |      0 |      0 |    0 |          0 |
|   flatten_out_41_U                                                  |                                                 hls_dummy_fifo_w10_d2_S_33 |         25 |         25 |       0 |    0 |    24 |      0 |      0 |    0 |          0 |
|   flatten_out_42_U                                                  |                                                 hls_dummy_fifo_w10_d2_S_34 |         28 |         28 |       0 |    0 |    24 |      0 |      0 |    0 |          0 |
|   flatten_out_43_U                                                  |                                                 hls_dummy_fifo_w10_d2_S_35 |         26 |         26 |       0 |    0 |    24 |      0 |      0 |    0 |          0 |
|   flatten_out_44_U                                                  |                                                 hls_dummy_fifo_w10_d2_S_36 |         25 |         25 |       0 |    0 |    24 |      0 |      0 |    0 |          0 |
|   flatten_out_45_U                                                  |                                                 hls_dummy_fifo_w10_d2_S_37 |         25 |         25 |       0 |    0 |    24 |      0 |      0 |    0 |          0 |
|   flatten_out_46_U                                                  |                                                 hls_dummy_fifo_w10_d2_S_38 |         26 |         26 |       0 |    0 |    24 |      0 |      0 |    0 |          0 |
|   flatten_out_47_U                                                  |                                                 hls_dummy_fifo_w10_d2_S_39 |         25 |         25 |       0 |    0 |    24 |      0 |      0 |    0 |          0 |
|   flatten_out_48_U                                                  |                                                 hls_dummy_fifo_w10_d2_S_40 |         27 |         27 |       0 |    0 |    24 |      0 |      0 |    0 |          0 |
|   flatten_out_49_U                                                  |                                                 hls_dummy_fifo_w10_d2_S_41 |         27 |         27 |       0 |    0 |    24 |      0 |      0 |    0 |          0 |
|   flatten_out_4_U                                                   |                                                 hls_dummy_fifo_w10_d2_S_42 |         26 |         26 |       0 |    0 |    24 |      0 |      0 |    0 |          0 |
|   flatten_out_50_U                                                  |                                                 hls_dummy_fifo_w10_d2_S_43 |         26 |         26 |       0 |    0 |    24 |      0 |      0 |    0 |          0 |
|   flatten_out_51_U                                                  |                                                 hls_dummy_fifo_w10_d2_S_44 |         26 |         26 |       0 |    0 |    24 |      0 |      0 |    0 |          0 |
|   flatten_out_52_U                                                  |                                                 hls_dummy_fifo_w10_d2_S_45 |         25 |         25 |       0 |    0 |    24 |      0 |      0 |    0 |          0 |
|   flatten_out_53_U                                                  |                                                 hls_dummy_fifo_w10_d2_S_46 |         26 |         26 |       0 |    0 |    24 |      0 |      0 |    0 |          0 |
|   flatten_out_54_U                                                  |                                                 hls_dummy_fifo_w10_d2_S_47 |         27 |         27 |       0 |    0 |    24 |      0 |      0 |    0 |          0 |
|   flatten_out_55_U                                                  |                                                 hls_dummy_fifo_w10_d2_S_48 |         26 |         26 |       0 |    0 |    24 |      0 |      0 |    0 |          0 |
|   flatten_out_56_U                                                  |                                                 hls_dummy_fifo_w10_d2_S_49 |         25 |         25 |       0 |    0 |    24 |      0 |      0 |    0 |          0 |
|   flatten_out_57_U                                                  |                                                 hls_dummy_fifo_w10_d2_S_50 |         26 |         26 |       0 |    0 |    24 |      0 |      0 |    0 |          0 |
|   flatten_out_58_U                                                  |                                                 hls_dummy_fifo_w10_d2_S_51 |         27 |         27 |       0 |    0 |    24 |      0 |      0 |    0 |          0 |
|   flatten_out_59_U                                                  |                                                 hls_dummy_fifo_w10_d2_S_52 |         26 |         26 |       0 |    0 |    24 |      0 |      0 |    0 |          0 |
|   flatten_out_5_U                                                   |                                                 hls_dummy_fifo_w10_d2_S_53 |         25 |         25 |       0 |    0 |    24 |      0 |      0 |    0 |          0 |
|   flatten_out_6_U                                                   |                                                 hls_dummy_fifo_w10_d2_S_54 |         25 |         25 |       0 |    0 |    24 |      0 |      0 |    0 |          0 |
|   flatten_out_7_U                                                   |                                                 hls_dummy_fifo_w10_d2_S_55 |         27 |         27 |       0 |    0 |    24 |      0 |      0 |    0 |          0 |
|   flatten_out_8_U                                                   |                                                 hls_dummy_fifo_w10_d2_S_56 |         28 |         28 |       0 |    0 |    24 |      0 |      0 |    0 |          0 |
|   flatten_out_9_U                                                   |                                                 hls_dummy_fifo_w10_d2_S_57 |         26 |         26 |       0 |    0 |    24 |      0 |      0 |    0 |          0 |
|   flatten_out_U                                                     |                                                 hls_dummy_fifo_w10_d2_S_58 |         29 |         29 |       0 |    0 |    24 |      0 |      0 |    0 |          0 |
|   sparse_arr_feat_conv1_out_10_U                                    |                                                 hls_dummy_fifo_w10_d2_S_59 |         17 |         17 |       0 |    0 |    24 |      0 |      0 |    0 |          0 |
|   sparse_arr_feat_conv1_out_11_U                                    |                                                 hls_dummy_fifo_w10_d2_S_60 |         16 |         16 |       0 |    0 |    24 |      0 |      0 |    0 |          0 |
|   sparse_arr_feat_conv1_out_12_U                                    |                                                 hls_dummy_fifo_w10_d2_S_61 |         15 |         15 |       0 |    0 |    24 |      0 |      0 |    0 |          0 |
|   sparse_arr_feat_conv1_out_13_U                                    |                                                 hls_dummy_fifo_w10_d2_S_62 |         16 |         16 |       0 |    0 |    24 |      0 |      0 |    0 |          0 |
|   sparse_arr_feat_conv1_out_14_U                                    |                                                 hls_dummy_fifo_w10_d2_S_63 |         15 |         15 |       0 |    0 |    24 |      0 |      0 |    0 |          0 |
|   sparse_arr_feat_conv1_out_15_U                                    |                                                 hls_dummy_fifo_w10_d2_S_64 |         15 |         15 |       0 |    0 |    24 |      0 |      0 |    0 |          0 |
|   sparse_arr_feat_conv1_out_16_U                                    |                                                 hls_dummy_fifo_w10_d2_S_65 |         18 |         18 |       0 |    0 |    24 |      0 |      0 |    0 |          0 |
|   sparse_arr_feat_conv1_out_17_U                                    |                                                 hls_dummy_fifo_w10_d2_S_66 |         15 |         15 |       0 |    0 |    24 |      0 |      0 |    0 |          0 |
|   sparse_arr_feat_conv1_out_18_U                                    |                                                 hls_dummy_fifo_w10_d2_S_67 |         16 |         16 |       0 |    0 |    24 |      0 |      0 |    0 |          0 |
|   sparse_arr_feat_conv1_out_19_U                                    |                                                 hls_dummy_fifo_w10_d2_S_68 |         15 |         15 |       0 |    0 |    24 |      0 |      0 |    0 |          0 |
|   sparse_arr_feat_conv1_out_1_U                                     |                                                 hls_dummy_fifo_w10_d2_S_69 |         16 |         16 |       0 |    0 |    24 |      0 |      0 |    0 |          0 |
|   sparse_arr_feat_conv1_out_2_U                                     |                                                 hls_dummy_fifo_w10_d2_S_70 |         16 |         16 |       0 |    0 |    24 |      0 |      0 |    0 |          0 |
|   sparse_arr_feat_conv1_out_3_U                                     |                                                 hls_dummy_fifo_w10_d2_S_71 |         16 |         16 |       0 |    0 |    24 |      0 |      0 |    0 |          0 |
|   sparse_arr_feat_conv1_out_4_U                                     |                                                 hls_dummy_fifo_w10_d2_S_72 |         16 |         16 |       0 |    0 |    24 |      0 |      0 |    0 |          0 |
|   sparse_arr_feat_conv1_out_5_U                                     |                                                 hls_dummy_fifo_w10_d2_S_73 |         18 |         18 |       0 |    0 |    24 |      0 |      0 |    0 |          0 |
|   sparse_arr_feat_conv1_out_6_U                                     |                                                 hls_dummy_fifo_w10_d2_S_74 |         16 |         16 |       0 |    0 |    24 |      0 |      0 |    0 |          0 |
|   sparse_arr_feat_conv1_out_7_U                                     |                                                 hls_dummy_fifo_w10_d2_S_75 |         16 |         16 |       0 |    0 |    24 |      0 |      0 |    0 |          0 |
|   sparse_arr_feat_conv1_out_8_U                                     |                                                 hls_dummy_fifo_w10_d2_S_76 |         15 |         15 |       0 |    0 |    24 |      0 |      0 |    0 |          0 |
|   sparse_arr_feat_conv1_out_9_U                                     |                                                 hls_dummy_fifo_w10_d2_S_77 |         16 |         16 |       0 |    0 |    24 |      0 |      0 |    0 |          0 |
|   sparse_arr_feat_conv1_out_U                                       |                                                 hls_dummy_fifo_w10_d2_S_78 |         17 |         17 |       0 |    0 |    24 |      0 |      0 |    0 |          0 |
|   sparse_arr_feat_reduce_out_10_U                                   |                                                 hls_dummy_fifo_w10_d2_S_79 |       1279 |       1279 |       0 |    0 |    22 |      0 |      0 |    0 |          0 |
|   sparse_arr_feat_reduce_out_11_U                                   |                                                 hls_dummy_fifo_w10_d2_S_80 |       1282 |       1282 |       0 |    0 |    22 |      0 |      0 |    0 |          0 |
|   sparse_arr_feat_reduce_out_12_U                                   |                                                 hls_dummy_fifo_w10_d2_S_81 |       1240 |       1240 |       0 |    0 |    22 |      0 |      0 |    0 |          0 |
|   sparse_arr_feat_reduce_out_13_U                                   |                                                 hls_dummy_fifo_w10_d2_S_82 |       1245 |       1245 |       0 |    0 |    22 |      0 |      0 |    0 |          0 |
|   sparse_arr_feat_reduce_out_14_U                                   |                                                 hls_dummy_fifo_w10_d2_S_83 |       1234 |       1234 |       0 |    0 |    22 |      0 |      0 |    0 |          0 |
|   sparse_arr_feat_reduce_out_15_U                                   |                                                 hls_dummy_fifo_w10_d2_S_84 |       1243 |       1243 |       0 |    0 |    22 |      0 |      0 |    0 |          0 |
|   sparse_arr_feat_reduce_out_16_U                                   |                                                 hls_dummy_fifo_w10_d2_S_85 |       1230 |       1230 |       0 |    0 |    22 |      0 |      0 |    0 |          0 |
|   sparse_arr_feat_reduce_out_17_U                                   |                                                 hls_dummy_fifo_w10_d2_S_86 |       1237 |       1237 |       0 |    0 |    22 |      0 |      0 |    0 |          0 |
|   sparse_arr_feat_reduce_out_18_U                                   |                                                 hls_dummy_fifo_w10_d2_S_87 |       1236 |       1236 |       0 |    0 |    22 |      0 |      0 |    0 |          0 |
|   sparse_arr_feat_reduce_out_19_U                                   |                                                 hls_dummy_fifo_w10_d2_S_88 |       1302 |       1302 |       0 |    0 |    22 |      0 |      0 |    0 |          0 |
|   sparse_arr_feat_reduce_out_1_U                                    |                                                 hls_dummy_fifo_w10_d2_S_89 |       1320 |       1320 |       0 |    0 |    22 |      0 |      0 |    0 |          0 |
|   sparse_arr_feat_reduce_out_2_U                                    |                                                 hls_dummy_fifo_w10_d2_S_90 |       1237 |       1237 |       0 |    0 |    22 |      0 |      0 |    0 |          0 |
|   sparse_arr_feat_reduce_out_3_U                                    |                                                 hls_dummy_fifo_w10_d2_S_91 |       1229 |       1229 |       0 |    0 |    22 |      0 |      0 |    0 |          0 |
|   sparse_arr_feat_reduce_out_4_U                                    |                                                 hls_dummy_fifo_w10_d2_S_92 |       1305 |       1305 |       0 |    0 |    22 |      0 |      0 |    0 |          0 |
|   sparse_arr_feat_reduce_out_5_U                                    |                                                 hls_dummy_fifo_w10_d2_S_93 |       1264 |       1264 |       0 |    0 |    22 |      0 |      0 |    0 |          0 |
|   sparse_arr_feat_reduce_out_6_U                                    |                                                 hls_dummy_fifo_w10_d2_S_94 |       1240 |       1240 |       0 |    0 |    22 |      0 |      0 |    0 |          0 |
|   sparse_arr_feat_reduce_out_7_U                                    |                                                 hls_dummy_fifo_w10_d2_S_95 |       1267 |       1267 |       0 |    0 |    22 |      0 |      0 |    0 |          0 |
|   sparse_arr_feat_reduce_out_8_U                                    |                                                 hls_dummy_fifo_w10_d2_S_96 |       1255 |       1255 |       0 |    0 |    22 |      0 |      0 |    0 |          0 |
|   sparse_arr_feat_reduce_out_9_U                                    |                                                 hls_dummy_fifo_w10_d2_S_97 |       1238 |       1238 |       0 |    0 |    22 |      0 |      0 |    0 |          0 |
|   sparse_arr_feat_reduce_out_U                                      |                                                 hls_dummy_fifo_w10_d2_S_98 |       1381 |       1381 |       0 |    0 |    22 |      0 |      0 |    0 |          0 |
|   sparse_arr_hash_reduce_out_10_c22_channel_U                       |                                                     hls_dummy_fifo_w3_d2_S |         59 |         59 |       0 |    0 |    10 |      0 |      0 |    0 |          0 |
|   sparse_arr_hash_reduce_out_10_c_U                                 |                                                  hls_dummy_fifo_w3_d2_S_99 |         10 |         10 |       0 |    0 |    10 |      0 |      0 |    0 |          0 |
|   sparse_arr_hash_reduce_out_11_c23_channel_U                       |                                                 hls_dummy_fifo_w3_d2_S_100 |         59 |         59 |       0 |    0 |    10 |      0 |      0 |    0 |          0 |
|   sparse_arr_hash_reduce_out_11_c_U                                 |                                                 hls_dummy_fifo_w3_d2_S_101 |          9 |          9 |       0 |    0 |    10 |      0 |      0 |    0 |          0 |
|   sparse_arr_hash_reduce_out_12_c24_channel_U                       |                                                 hls_dummy_fifo_w3_d2_S_102 |         60 |         60 |       0 |    0 |    10 |      0 |      0 |    0 |          0 |
|   sparse_arr_hash_reduce_out_12_c_U                                 |                                                 hls_dummy_fifo_w3_d2_S_103 |         10 |         10 |       0 |    0 |    10 |      0 |      0 |    0 |          0 |
|   sparse_arr_hash_reduce_out_13_c25_channel_U                       |                                                 hls_dummy_fifo_w3_d2_S_104 |         59 |         59 |       0 |    0 |    10 |      0 |      0 |    0 |          0 |
|   sparse_arr_hash_reduce_out_13_c_U                                 |                                                 hls_dummy_fifo_w3_d2_S_105 |          9 |          9 |       0 |    0 |    10 |      0 |      0 |    0 |          0 |
|   sparse_arr_hash_reduce_out_14_c26_channel_U                       |                                                 hls_dummy_fifo_w3_d2_S_106 |         58 |         58 |       0 |    0 |    10 |      0 |      0 |    0 |          0 |
|   sparse_arr_hash_reduce_out_14_c_U                                 |                                                 hls_dummy_fifo_w3_d2_S_107 |          9 |          9 |       0 |    0 |    10 |      0 |      0 |    0 |          0 |
|   sparse_arr_hash_reduce_out_15_c27_channel_U                       |                                                 hls_dummy_fifo_w3_d2_S_108 |         59 |         59 |       0 |    0 |    10 |      0 |      0 |    0 |          0 |
|   sparse_arr_hash_reduce_out_15_c_U                                 |                                                 hls_dummy_fifo_w3_d2_S_109 |         10 |         10 |       0 |    0 |    10 |      0 |      0 |    0 |          0 |
|   sparse_arr_hash_reduce_out_16_c28_channel_U                       |                                                 hls_dummy_fifo_w3_d2_S_110 |         56 |         56 |       0 |    0 |    10 |      0 |      0 |    0 |          0 |
|   sparse_arr_hash_reduce_out_16_c_U                                 |                                                 hls_dummy_fifo_w3_d2_S_111 |          9 |          9 |       0 |    0 |    10 |      0 |      0 |    0 |          0 |
|   sparse_arr_hash_reduce_out_17_c29_channel_U                       |                                                 hls_dummy_fifo_w3_d2_S_112 |         56 |         56 |       0 |    0 |    10 |      0 |      0 |    0 |          0 |
|   sparse_arr_hash_reduce_out_17_c_U                                 |                                                 hls_dummy_fifo_w3_d2_S_113 |         11 |         11 |       0 |    0 |    10 |      0 |      0 |    0 |          0 |
|   sparse_arr_hash_reduce_out_18_c30_channel_U                       |                                                 hls_dummy_fifo_w3_d2_S_114 |         56 |         56 |       0 |    0 |    10 |      0 |      0 |    0 |          0 |
|   sparse_arr_hash_reduce_out_18_c_U                                 |                                                 hls_dummy_fifo_w3_d2_S_115 |          9 |          9 |       0 |    0 |    10 |      0 |      0 |    0 |          0 |
|   sparse_arr_hash_reduce_out_19_c31_channel_U                       |                                                 hls_dummy_fifo_w3_d2_S_116 |         55 |         55 |       0 |    0 |    10 |      0 |      0 |    0 |          0 |
|   sparse_arr_hash_reduce_out_19_c_U                                 |                                                 hls_dummy_fifo_w3_d2_S_117 |         10 |         10 |       0 |    0 |    10 |      0 |      0 |    0 |          0 |
|   sparse_arr_hash_reduce_out_1_c13_channel_U                        |                                                 hls_dummy_fifo_w3_d2_S_118 |         64 |         64 |       0 |    0 |    10 |      0 |      0 |    0 |          0 |
|   sparse_arr_hash_reduce_out_1_c_U                                  |                                                 hls_dummy_fifo_w3_d2_S_119 |          9 |          9 |       0 |    0 |    10 |      0 |      0 |    0 |          0 |
|   sparse_arr_hash_reduce_out_20_c32_channel_U                       |                                                 hls_dummy_fifo_w3_d2_S_120 |         54 |         54 |       0 |    0 |    10 |      0 |      0 |    0 |          0 |
|   sparse_arr_hash_reduce_out_20_c_U                                 |                                                 hls_dummy_fifo_w3_d2_S_121 |         10 |         10 |       0 |    0 |    10 |      0 |      0 |    0 |          0 |
|   sparse_arr_hash_reduce_out_21_c33_channel_U                       |                                                 hls_dummy_fifo_w3_d2_S_122 |         54 |         54 |       0 |    0 |    10 |      0 |      0 |    0 |          0 |
|   sparse_arr_hash_reduce_out_21_c_U                                 |                                                 hls_dummy_fifo_w3_d2_S_123 |          9 |          9 |       0 |    0 |    10 |      0 |      0 |    0 |          0 |
|   sparse_arr_hash_reduce_out_22_c34_channel_U                       |                                                 hls_dummy_fifo_w3_d2_S_124 |         53 |         53 |       0 |    0 |    10 |      0 |      0 |    0 |          0 |
|   sparse_arr_hash_reduce_out_22_c_U                                 |                                                 hls_dummy_fifo_w3_d2_S_125 |          9 |          9 |       0 |    0 |    10 |      0 |      0 |    0 |          0 |
|   sparse_arr_hash_reduce_out_23_c35_channel_U                       |                                                 hls_dummy_fifo_w3_d2_S_126 |         53 |         53 |       0 |    0 |    10 |      0 |      0 |    0 |          0 |
|   sparse_arr_hash_reduce_out_23_c_U                                 |                                                 hls_dummy_fifo_w3_d2_S_127 |         10 |         10 |       0 |    0 |    10 |      0 |      0 |    0 |          0 |
|   sparse_arr_hash_reduce_out_24_c36_channel_U                       |                                                 hls_dummy_fifo_w3_d2_S_128 |         52 |         52 |       0 |    0 |    10 |      0 |      0 |    0 |          0 |
|   sparse_arr_hash_reduce_out_24_c_U                                 |                                                 hls_dummy_fifo_w3_d2_S_129 |          9 |          9 |       0 |    0 |    10 |      0 |      0 |    0 |          0 |
|   sparse_arr_hash_reduce_out_25_c37_channel_U                       |                                                 hls_dummy_fifo_w3_d2_S_130 |         52 |         52 |       0 |    0 |    10 |      0 |      0 |    0 |          0 |
|   sparse_arr_hash_reduce_out_25_c_U                                 |                                                 hls_dummy_fifo_w3_d2_S_131 |         11 |         11 |       0 |    0 |    10 |      0 |      0 |    0 |          0 |
|   sparse_arr_hash_reduce_out_26_c38_channel_U                       |                                                 hls_dummy_fifo_w3_d2_S_132 |         51 |         51 |       0 |    0 |    10 |      0 |      0 |    0 |          0 |
|   sparse_arr_hash_reduce_out_26_c_U                                 |                                                 hls_dummy_fifo_w3_d2_S_133 |          9 |          9 |       0 |    0 |    10 |      0 |      0 |    0 |          0 |
|   sparse_arr_hash_reduce_out_27_c39_channel_U                       |                                                 hls_dummy_fifo_w3_d2_S_134 |         51 |         51 |       0 |    0 |    10 |      0 |      0 |    0 |          0 |
|   sparse_arr_hash_reduce_out_27_c_U                                 |                                                 hls_dummy_fifo_w3_d2_S_135 |          9 |          9 |       0 |    0 |    10 |      0 |      0 |    0 |          0 |
|   sparse_arr_hash_reduce_out_28_c40_channel_U                       |                                                 hls_dummy_fifo_w3_d2_S_136 |         51 |         51 |       0 |    0 |    10 |      0 |      0 |    0 |          0 |
|   sparse_arr_hash_reduce_out_28_c_U                                 |                                                 hls_dummy_fifo_w3_d2_S_137 |         10 |         10 |       0 |    0 |    10 |      0 |      0 |    0 |          0 |
|   sparse_arr_hash_reduce_out_29_c41_channel_U                       |                                                 hls_dummy_fifo_w3_d2_S_138 |         51 |         51 |       0 |    0 |    10 |      0 |      0 |    0 |          0 |
|   sparse_arr_hash_reduce_out_29_c_U                                 |                                                 hls_dummy_fifo_w3_d2_S_139 |         10 |         10 |       0 |    0 |    10 |      0 |      0 |    0 |          0 |
|   sparse_arr_hash_reduce_out_2_c14_channel_U                        |                                                 hls_dummy_fifo_w3_d2_S_140 |         63 |         63 |       0 |    0 |    10 |      0 |      0 |    0 |          0 |
|   sparse_arr_hash_reduce_out_2_c_U                                  |                                                 hls_dummy_fifo_w3_d2_S_141 |         10 |         10 |       0 |    0 |    10 |      0 |      0 |    0 |          0 |
|   sparse_arr_hash_reduce_out_30_c42_channel_U                       |                                                 hls_dummy_fifo_w3_d2_S_142 |         49 |         49 |       0 |    0 |    10 |      0 |      0 |    0 |          0 |
|   sparse_arr_hash_reduce_out_30_c_U                                 |                                                 hls_dummy_fifo_w3_d2_S_143 |          9 |          9 |       0 |    0 |    10 |      0 |      0 |    0 |          0 |
|   sparse_arr_hash_reduce_out_31_c43_channel_U                       |                                                 hls_dummy_fifo_w3_d2_S_144 |         50 |         50 |       0 |    0 |    10 |      0 |      0 |    0 |          0 |
|   sparse_arr_hash_reduce_out_31_c_U                                 |                                                 hls_dummy_fifo_w3_d2_S_145 |         10 |         10 |       0 |    0 |    10 |      0 |      0 |    0 |          0 |
|   sparse_arr_hash_reduce_out_32_c44_channel_U                       |                                                 hls_dummy_fifo_w3_d2_S_146 |         48 |         48 |       0 |    0 |    10 |      0 |      0 |    0 |          0 |
|   sparse_arr_hash_reduce_out_32_c_U                                 |                                                 hls_dummy_fifo_w3_d2_S_147 |         10 |         10 |       0 |    0 |    10 |      0 |      0 |    0 |          0 |
|   sparse_arr_hash_reduce_out_33_c45_channel_U                       |                                                 hls_dummy_fifo_w3_d2_S_148 |         51 |         51 |       0 |    0 |    10 |      0 |      0 |    0 |          0 |
|   sparse_arr_hash_reduce_out_33_c_U                                 |                                                 hls_dummy_fifo_w3_d2_S_149 |          9 |          9 |       0 |    0 |    10 |      0 |      0 |    0 |          0 |
|   sparse_arr_hash_reduce_out_34_c46_channel_U                       |                                                 hls_dummy_fifo_w3_d2_S_150 |         47 |         47 |       0 |    0 |    10 |      0 |      0 |    0 |          0 |
|   sparse_arr_hash_reduce_out_34_c_U                                 |                                                 hls_dummy_fifo_w3_d2_S_151 |          9 |          9 |       0 |    0 |    10 |      0 |      0 |    0 |          0 |
|   sparse_arr_hash_reduce_out_35_c47_channel_U                       |                                                 hls_dummy_fifo_w3_d2_S_152 |         48 |         48 |       0 |    0 |    10 |      0 |      0 |    0 |          0 |
|   sparse_arr_hash_reduce_out_35_c_U                                 |                                                 hls_dummy_fifo_w3_d2_S_153 |          9 |          9 |       0 |    0 |    10 |      0 |      0 |    0 |          0 |
|   sparse_arr_hash_reduce_out_36_c48_channel_U                       |                                                 hls_dummy_fifo_w3_d2_S_154 |         46 |         46 |       0 |    0 |    10 |      0 |      0 |    0 |          0 |
|   sparse_arr_hash_reduce_out_36_c_U                                 |                                                 hls_dummy_fifo_w3_d2_S_155 |         10 |         10 |       0 |    0 |    10 |      0 |      0 |    0 |          0 |
|   sparse_arr_hash_reduce_out_37_c49_channel_U                       |                                                 hls_dummy_fifo_w3_d2_S_156 |         46 |         46 |       0 |    0 |    10 |      0 |      0 |    0 |          0 |
|   sparse_arr_hash_reduce_out_37_c_U                                 |                                                 hls_dummy_fifo_w3_d2_S_157 |          9 |          9 |       0 |    0 |    10 |      0 |      0 |    0 |          0 |
|   sparse_arr_hash_reduce_out_38_c50_channel_U                       |                                                 hls_dummy_fifo_w3_d2_S_158 |         46 |         46 |       0 |    0 |    10 |      0 |      0 |    0 |          0 |
|   sparse_arr_hash_reduce_out_38_c_U                                 |                                                 hls_dummy_fifo_w3_d2_S_159 |         10 |         10 |       0 |    0 |    10 |      0 |      0 |    0 |          0 |
|   sparse_arr_hash_reduce_out_39_c51_channel_U                       |                                                 hls_dummy_fifo_w3_d2_S_160 |         47 |         47 |       0 |    0 |    10 |      0 |      0 |    0 |          0 |
|   sparse_arr_hash_reduce_out_39_c_U                                 |                                                 hls_dummy_fifo_w3_d2_S_161 |         10 |         10 |       0 |    0 |    10 |      0 |      0 |    0 |          0 |
|   sparse_arr_hash_reduce_out_3_c15_channel_U                        |                                                 hls_dummy_fifo_w3_d2_S_162 |         63 |         63 |       0 |    0 |    10 |      0 |      0 |    0 |          0 |
|   sparse_arr_hash_reduce_out_3_c_U                                  |                                                 hls_dummy_fifo_w3_d2_S_163 |          9 |          9 |       0 |    0 |    10 |      0 |      0 |    0 |          0 |
|   sparse_arr_hash_reduce_out_4_c16_channel_U                        |                                                 hls_dummy_fifo_w3_d2_S_164 |         62 |         62 |       0 |    0 |    10 |      0 |      0 |    0 |          0 |
|   sparse_arr_hash_reduce_out_4_c_U                                  |                                                 hls_dummy_fifo_w3_d2_S_165 |         10 |         10 |       0 |    0 |    10 |      0 |      0 |    0 |          0 |
|   sparse_arr_hash_reduce_out_5_c17_channel_U                        |                                                 hls_dummy_fifo_w3_d2_S_166 |         63 |         63 |       0 |    0 |    10 |      0 |      0 |    0 |          0 |
|   sparse_arr_hash_reduce_out_5_c_U                                  |                                                 hls_dummy_fifo_w3_d2_S_167 |          9 |          9 |       0 |    0 |    10 |      0 |      0 |    0 |          0 |
|   sparse_arr_hash_reduce_out_6_c18_channel_U                        |                                                 hls_dummy_fifo_w3_d2_S_168 |         61 |         61 |       0 |    0 |    10 |      0 |      0 |    0 |          0 |
|   sparse_arr_hash_reduce_out_6_c_U                                  |                                                 hls_dummy_fifo_w3_d2_S_169 |         10 |         10 |       0 |    0 |    10 |      0 |      0 |    0 |          0 |
|   sparse_arr_hash_reduce_out_7_c19_channel_U                        |                                                 hls_dummy_fifo_w3_d2_S_170 |         64 |         64 |       0 |    0 |    10 |      0 |      0 |    0 |          0 |
|   sparse_arr_hash_reduce_out_7_c_U                                  |                                                 hls_dummy_fifo_w3_d2_S_171 |         10 |         10 |       0 |    0 |    10 |      0 |      0 |    0 |          0 |
|   sparse_arr_hash_reduce_out_8_c20_channel_U                        |                                                 hls_dummy_fifo_w3_d2_S_172 |         60 |         60 |       0 |    0 |    10 |      0 |      0 |    0 |          0 |
|   sparse_arr_hash_reduce_out_8_c_U                                  |                                                 hls_dummy_fifo_w3_d2_S_173 |          9 |          9 |       0 |    0 |    10 |      0 |      0 |    0 |          0 |
|   sparse_arr_hash_reduce_out_9_c21_channel_U                        |                                                 hls_dummy_fifo_w3_d2_S_174 |         60 |         60 |       0 |    0 |    10 |      0 |      0 |    0 |          0 |
|   sparse_arr_hash_reduce_out_9_c_U                                  |                                                 hls_dummy_fifo_w3_d2_S_175 |          9 |          9 |       0 |    0 |    10 |      0 |      0 |    0 |          0 |
|   sparse_arr_hash_reduce_out_c12_channel_U                          |                                                 hls_dummy_fifo_w3_d2_S_176 |         64 |         64 |       0 |    0 |    10 |      0 |      0 |    0 |          0 |
|   sparse_arr_hash_reduce_out_c_U                                    |                                                 hls_dummy_fifo_w3_d2_S_177 |          9 |          9 |       0 |    0 |    10 |      0 |      0 |    0 |          0 |
|   sparse_conv_ap_fixed_ap_fixed_ap_uint_ap_fixed_ap_fixed_20_1_1_U0 | hls_dummy_sparse_conv_ap_fixed_ap_fixed_ap_uint_ap_fixed_ap_fixed_20_1_1_s |      19598 |      19598 |       0 |    0 |  4105 |      0 |      0 |    0 |          0 |
|   sparse_flatten_ap_fixed_10_2_5_3_0_ap_uint_10_10_6_1_20_U0        |        hls_dummy_sparse_flatten_ap_fixed_10_2_5_3_0_ap_uint_10_10_6_1_20_s |       2575 |       2575 |       0 |    0 |  2390 |      0 |      0 |    0 |          0 |
|   sparse_input_reduce_ap_fixed_10_2_5_3_0_ap_uint_10_10_6_1_20_4_U0 |   hls_dummy_sparse_input_reduce_ap_fixed_10_2_5_3_0_ap_uint_10_10_6_1_20_4 |       1691 |       1691 |       0 |    0 |  1133 |      0 |      0 |    0 |          0 |
+---------------------------------------------------------------------+----------------------------------------------------------------------------+------------+------------+---------+------+-------+--------+--------+------+------------+


