

================================================================
== Vitis HLS Report for 'sparse_flatten_ap_fixed_16_6_5_3_0_ap_uint_10_8_5_1_5_s'
================================================================
* Date:           Mon Sep  8 22:20:12 2025

* Version:        2023.1 (Build 3854077 on May  4 2023)
* Project:        hls_dummy_prj
* Solution:       solution1 (Vivado IP Flow Target)
* Product family: virtexuplus
* Target device:  xcu250-figd2104-2L-e


================================================================
== Performance Estimates
================================================================
+ Timing: 
    * Summary: 
    +--------+---------+----------+------------+
    |  Clock |  Target | Estimated| Uncertainty|
    +--------+---------+----------+------------+
    |ap_clk  |  5.00 ns|  3.199 ns|     1.35 ns|
    +--------+---------+----------+------------+

+ Latency: 
    * Summary: 
    +---------+---------+-----------+-----------+-----+-----+---------+
    |  Latency (cycles) |   Latency (absolute)  |  Interval | Pipeline|
    |   min   |   max   |    min    |    max    | min | max |   Type  |
    +---------+---------+-----------+-----------+-----+-----+---------+
    |        6|        6|  30.000 ns|  30.000 ns|    6|    6|       no|
    +---------+---------+-----------+-----------+-----+-----+---------+

    + Detail: 
        * Instance: 
        +----------------------------------------------------------------------------+-----------------------------------------------------------------+---------+---------+-----------+-----------+-----+-----+---------+
        |                                                                            |                                                                 |  Latency (cycles) |   Latency (absolute)  |  Interval | Pipeline|
        |                                  Instance                                  |                              Module                             |   min   |   max   |    min    |    max    | min | max |   Type  |
        +----------------------------------------------------------------------------+-----------------------------------------------------------------+---------+---------+-----------+-----------+-----+-----+---------+
        |grp_sparse_flatten_ap_fixed_ap_uint_10_8_5_1_5_Pipeline_FillFlatArr_fu_466  |sparse_flatten_ap_fixed_ap_uint_10_8_5_1_5_Pipeline_FillFlatArr  |        4|        4|  20.000 ns|  20.000 ns|    4|    4|       no|
        +----------------------------------------------------------------------------+-----------------------------------------------------------------+---------+---------+-----------+-----------+-----+-----+---------+

        * Loop: 
        N/A



================================================================
== Utilization Estimates
================================================================
* Summary: 
+---------------------+---------+-------+---------+---------+------+
|         Name        | BRAM_18K|  DSP  |    FF   |   LUT   | URAM |
+---------------------+---------+-------+---------+---------+------+
|DSP                  |        -|      -|        -|        -|     -|
|Expression           |        -|      -|        0|      642|     -|
|FIFO                 |        -|      -|        -|        -|     -|
|Instance             |        -|      -|     2600|     4212|     -|
|Memory               |        -|      -|        -|        -|     -|
|Multiplexer          |        -|      -|        -|      119|     -|
|Register             |        -|      -|      676|        -|     -|
+---------------------+---------+-------+---------+---------+------+
|Total                |        0|      0|     3276|     4973|     0|
+---------------------+---------+-------+---------+---------+------+
|Available SLR        |     1344|   3072|   864000|   432000|   320|
+---------------------+---------+-------+---------+---------+------+
|Utilization SLR (%)  |        0|      0|       ~0|        1|     0|
+---------------------+---------+-------+---------+---------+------+
|Available            |     5376|  12288|  3456000|  1728000|  1280|
+---------------------+---------+-------+---------+---------+------+
|Utilization (%)      |        0|      0|       ~0|       ~0|     0|
+---------------------+---------+-------+---------+---------+------+

+ Detail: 
    * Instance: 
    +----------------------------------------------------------------------------+-----------------------------------------------------------------+---------+----+------+------+-----+
    |                                  Instance                                  |                              Module                             | BRAM_18K| DSP|  FF  |  LUT | URAM|
    +----------------------------------------------------------------------------+-----------------------------------------------------------------+---------+----+------+------+-----+
    |grp_sparse_flatten_ap_fixed_ap_uint_10_8_5_1_5_Pipeline_FillFlatArr_fu_466  |sparse_flatten_ap_fixed_ap_uint_10_8_5_1_5_Pipeline_FillFlatArr  |        0|   0|  2600|  4212|    0|
    +----------------------------------------------------------------------------+-----------------------------------------------------------------+---------+----+------+------+-----+
    |Total                                                                       |                                                                 |        0|   0|  2600|  4212|    0|
    +----------------------------------------------------------------------------+-----------------------------------------------------------------+---------+----+------+------+-----+

    * DSP: 
    N/A

    * Memory: 
    N/A

    * FIFO: 
    N/A

    * Expression: 
    +----------------------------+----------+----+---+----+------------+------------+
    |        Variable Name       | Operation| DSP| FF| LUT| Bitwidth P0| Bitwidth P1|
    +----------------------------+----------+----+---+----+------------+------------+
    |ap_block_state1             |        or|   0|  0|   2|           1|           1|
    |select_ln315_10_fu_896_p3   |    select|   0|  0|  16|           1|          16|
    |select_ln315_11_fu_903_p3   |    select|   0|  0|  16|           1|          16|
    |select_ln315_12_fu_910_p3   |    select|   0|  0|  16|           1|          16|
    |select_ln315_13_fu_917_p3   |    select|   0|  0|  16|           1|          16|
    |select_ln315_14_fu_924_p3   |    select|   0|  0|  16|           1|          16|
    |select_ln315_15_fu_931_p3   |    select|   0|  0|  16|           1|          16|
    |select_ln315_16_fu_938_p3   |    select|   0|  0|  16|           1|          16|
    |select_ln315_17_fu_945_p3   |    select|   0|  0|  16|           1|          16|
    |select_ln315_18_fu_952_p3   |    select|   0|  0|  16|           1|          16|
    |select_ln315_19_fu_959_p3   |    select|   0|  0|  16|           1|          16|
    |select_ln315_1_fu_833_p3    |    select|   0|  0|  16|           1|          16|
    |select_ln315_20_fu_966_p3   |    select|   0|  0|  16|           1|          16|
    |select_ln315_21_fu_973_p3   |    select|   0|  0|  16|           1|          16|
    |select_ln315_22_fu_980_p3   |    select|   0|  0|  16|           1|          16|
    |select_ln315_23_fu_987_p3   |    select|   0|  0|  16|           1|          16|
    |select_ln315_24_fu_994_p3   |    select|   0|  0|  16|           1|          16|
    |select_ln315_25_fu_1001_p3  |    select|   0|  0|  16|           1|          16|
    |select_ln315_26_fu_1008_p3  |    select|   0|  0|  16|           1|          16|
    |select_ln315_27_fu_1015_p3  |    select|   0|  0|  16|           1|          16|
    |select_ln315_28_fu_1022_p3  |    select|   0|  0|  16|           1|          16|
    |select_ln315_29_fu_1029_p3  |    select|   0|  0|  16|           1|          16|
    |select_ln315_2_fu_840_p3    |    select|   0|  0|  16|           1|          16|
    |select_ln315_30_fu_1036_p3  |    select|   0|  0|  16|           1|          16|
    |select_ln315_31_fu_1043_p3  |    select|   0|  0|  16|           1|          16|
    |select_ln315_32_fu_1050_p3  |    select|   0|  0|  16|           1|          16|
    |select_ln315_33_fu_1057_p3  |    select|   0|  0|  16|           1|          16|
    |select_ln315_34_fu_1064_p3  |    select|   0|  0|  16|           1|          16|
    |select_ln315_35_fu_1071_p3  |    select|   0|  0|  16|           1|          16|
    |select_ln315_36_fu_1078_p3  |    select|   0|  0|  16|           1|          16|
    |select_ln315_37_fu_1085_p3  |    select|   0|  0|  16|           1|          16|
    |select_ln315_38_fu_1092_p3  |    select|   0|  0|  16|           1|          16|
    |select_ln315_39_fu_1099_p3  |    select|   0|  0|  16|           1|          16|
    |select_ln315_3_fu_847_p3    |    select|   0|  0|  16|           1|          16|
    |select_ln315_4_fu_854_p3    |    select|   0|  0|  16|           1|          16|
    |select_ln315_5_fu_861_p3    |    select|   0|  0|  16|           1|          16|
    |select_ln315_6_fu_868_p3    |    select|   0|  0|  16|           1|          16|
    |select_ln315_7_fu_875_p3    |    select|   0|  0|  16|           1|          16|
    |select_ln315_8_fu_882_p3    |    select|   0|  0|  16|           1|          16|
    |select_ln315_9_fu_889_p3    |    select|   0|  0|  16|           1|          16|
    |select_ln315_fu_826_p3      |    select|   0|  0|  16|           1|          16|
    +----------------------------+----------+----+---+----+------------+------------+
    |Total                       |          |   0|  0| 642|          41|         641|
    +----------------------------+----------+----+---+----+------------+------------+

    * Multiplexer: 
    +-------------------------+----+-----------+-----+-----------+
    |           Name          | LUT| Input Size| Bits| Total Bits|
    +-------------------------+----+-----------+-----+-----------+
    |ap_NS_fsm                |  20|          4|    1|          4|
    |ap_done                  |   9|          2|    1|          2|
    |sparse_arr_hash_0_blk_n  |   9|          2|    1|          2|
    |sparse_arr_hash_1_blk_n  |   9|          2|    1|          2|
    |sparse_arr_hash_2_blk_n  |   9|          2|    1|          2|
    |sparse_arr_hash_3_blk_n  |   9|          2|    1|          2|
    |sparse_arr_hash_4_blk_n  |   9|          2|    1|          2|
    |sparse_arr_hash_5_blk_n  |   9|          2|    1|          2|
    |sparse_arr_hash_6_blk_n  |   9|          2|    1|          2|
    |sparse_arr_hash_7_blk_n  |   9|          2|    1|          2|
    |sparse_arr_hash_8_blk_n  |   9|          2|    1|          2|
    |sparse_arr_hash_9_blk_n  |   9|          2|    1|          2|
    +-------------------------+----+-----------+-----+-----------+
    |Total                    | 119|         26|   12|         26|
    +-------------------------+----+-----------+-----+-----------+

    * Register: 
    +-----------------------------------------------------------------------------------------+----+----+-----+-----------+
    |                                           Name                                          | FF | LUT| Bits| Const Bits|
    +-----------------------------------------------------------------------------------------+----+----+-----+-----------+
    |ap_CS_fsm                                                                                |   3|   0|    3|          0|
    |ap_done_reg                                                                              |   1|   0|    1|          0|
    |grp_sparse_flatten_ap_fixed_ap_uint_10_8_5_1_5_Pipeline_FillFlatArr_fu_466_ap_start_reg  |   1|   0|    1|          0|
    |p_0_0_011_3100_loc_fu_252                                                                |  16|   0|   16|          0|
    |p_0_0_011_310_loc_fu_216                                                                 |  16|   0|   16|          0|
    |p_0_0_011_3110_loc_fu_256                                                                |  16|   0|   16|          0|
    |p_0_0_011_3120_loc_fu_260                                                                |  16|   0|   16|          0|
    |p_0_0_011_3130_loc_fu_264                                                                |  16|   0|   16|          0|
    |p_0_0_011_3140_loc_fu_268                                                                |  16|   0|   16|          0|
    |p_0_0_011_3150_loc_fu_272                                                                |  16|   0|   16|          0|
    |p_0_0_011_3160_loc_fu_276                                                                |  16|   0|   16|          0|
    |p_0_0_011_3170_loc_fu_280                                                                |  16|   0|   16|          0|
    |p_0_0_011_3180_loc_fu_284                                                                |  16|   0|   16|          0|
    |p_0_0_011_3190_loc_fu_288                                                                |  16|   0|   16|          0|
    |p_0_0_011_3200_loc_fu_292                                                                |  16|   0|   16|          0|
    |p_0_0_011_320_loc_fu_220                                                                 |  16|   0|   16|          0|
    |p_0_0_011_3210_loc_fu_296                                                                |  16|   0|   16|          0|
    |p_0_0_011_3220_loc_fu_300                                                                |  16|   0|   16|          0|
    |p_0_0_011_3230_loc_fu_304                                                                |  16|   0|   16|          0|
    |p_0_0_011_3240_loc_fu_308                                                                |  16|   0|   16|          0|
    |p_0_0_011_3250_loc_fu_312                                                                |  16|   0|   16|          0|
    |p_0_0_011_3260_loc_fu_316                                                                |  16|   0|   16|          0|
    |p_0_0_011_3270_loc_fu_320                                                                |  16|   0|   16|          0|
    |p_0_0_011_3280_loc_fu_324                                                                |  16|   0|   16|          0|
    |p_0_0_011_3290_loc_fu_328                                                                |  16|   0|   16|          0|
    |p_0_0_011_3300_loc_fu_332                                                                |  16|   0|   16|          0|
    |p_0_0_011_330_loc_fu_224                                                                 |  16|   0|   16|          0|
    |p_0_0_011_3310_loc_fu_336                                                                |  16|   0|   16|          0|
    |p_0_0_011_3320_loc_fu_340                                                                |  16|   0|   16|          0|
    |p_0_0_011_3330_loc_fu_344                                                                |  16|   0|   16|          0|
    |p_0_0_011_3340_loc_fu_348                                                                |  16|   0|   16|          0|
    |p_0_0_011_3350_loc_fu_352                                                                |  16|   0|   16|          0|
    |p_0_0_011_3360_loc_fu_356                                                                |  16|   0|   16|          0|
    |p_0_0_011_3370_loc_fu_360                                                                |  16|   0|   16|          0|
    |p_0_0_011_3380_loc_fu_364                                                                |  16|   0|   16|          0|
    |p_0_0_011_3390_loc_fu_368                                                                |  16|   0|   16|          0|
    |p_0_0_011_3400_loc_fu_372                                                                |  16|   0|   16|          0|
    |p_0_0_011_340_loc_fu_228                                                                 |  16|   0|   16|          0|
    |p_0_0_011_350_loc_fu_232                                                                 |  16|   0|   16|          0|
    |p_0_0_011_360_loc_fu_236                                                                 |  16|   0|   16|          0|
    |p_0_0_011_370_loc_fu_240                                                                 |  16|   0|   16|          0|
    |p_0_0_011_380_loc_fu_244                                                                 |  16|   0|   16|          0|
    |p_0_0_011_390_loc_fu_248                                                                 |  16|   0|   16|          0|
    |sparse_arr_hash_0_read_reg_1899                                                          |   3|   0|    3|          0|
    |sparse_arr_hash_1_read_reg_1894                                                          |   3|   0|    3|          0|
    |sparse_arr_hash_2_read_reg_1888                                                          |   3|   0|    3|          0|
    |sparse_arr_hash_3_read_reg_1883                                                          |   3|   0|    3|          0|
    |sparse_arr_hash_4_read_reg_1877                                                          |   3|   0|    3|          0|
    |sparse_arr_hash_5_read_reg_1872                                                          |   3|   0|    3|          0|
    |sparse_arr_hash_6_read_reg_1866                                                          |   3|   0|    3|          0|
    |sparse_arr_hash_7_read_reg_1861                                                          |   3|   0|    3|          0|
    |sparse_arr_hash_8_read_reg_1856                                                          |   3|   0|    3|          0|
    |sparse_arr_hash_9_read_reg_1851                                                          |   3|   0|    3|          0|
    |targetBlock_reg_1904                                                                     |   1|   0|    1|          0|
    +-----------------------------------------------------------------------------------------+----+----+-----+-----------+
    |Total                                                                                    | 676|   0|  676|          0|
    +-----------------------------------------------------------------------------------------+----+----+-----+-----------+



================================================================
== Interface
================================================================
* Summary: 
+----------------------------------+-----+-----+------------+-------------------------------------------------------------------+--------------+
|             RTL Ports            | Dir | Bits|  Protocol  |                           Source Object                           |    C Type    |
+----------------------------------+-----+-----+------------+-------------------------------------------------------------------+--------------+
|ap_clk                            |   in|    1|  ap_ctrl_hs|  sparse_flatten<ap_fixed<16, 6, 5, 3, 0>, ap_uint<10>, 8, 5, 1, 5>|  return value|
|ap_rst                            |   in|    1|  ap_ctrl_hs|  sparse_flatten<ap_fixed<16, 6, 5, 3, 0>, ap_uint<10>, 8, 5, 1, 5>|  return value|
|ap_start                          |   in|    1|  ap_ctrl_hs|  sparse_flatten<ap_fixed<16, 6, 5, 3, 0>, ap_uint<10>, 8, 5, 1, 5>|  return value|
|ap_done                           |  out|    1|  ap_ctrl_hs|  sparse_flatten<ap_fixed<16, 6, 5, 3, 0>, ap_uint<10>, 8, 5, 1, 5>|  return value|
|ap_continue                       |   in|    1|  ap_ctrl_hs|  sparse_flatten<ap_fixed<16, 6, 5, 3, 0>, ap_uint<10>, 8, 5, 1, 5>|  return value|
|ap_idle                           |  out|    1|  ap_ctrl_hs|  sparse_flatten<ap_fixed<16, 6, 5, 3, 0>, ap_uint<10>, 8, 5, 1, 5>|  return value|
|ap_ready                          |  out|    1|  ap_ctrl_hs|  sparse_flatten<ap_fixed<16, 6, 5, 3, 0>, ap_uint<10>, 8, 5, 1, 5>|  return value|
|ap_return_0                       |  out|   16|  ap_ctrl_hs|  sparse_flatten<ap_fixed<16, 6, 5, 3, 0>, ap_uint<10>, 8, 5, 1, 5>|  return value|
|ap_return_1                       |  out|   16|  ap_ctrl_hs|  sparse_flatten<ap_fixed<16, 6, 5, 3, 0>, ap_uint<10>, 8, 5, 1, 5>|  return value|
|ap_return_2                       |  out|   16|  ap_ctrl_hs|  sparse_flatten<ap_fixed<16, 6, 5, 3, 0>, ap_uint<10>, 8, 5, 1, 5>|  return value|
|ap_return_3                       |  out|   16|  ap_ctrl_hs|  sparse_flatten<ap_fixed<16, 6, 5, 3, 0>, ap_uint<10>, 8, 5, 1, 5>|  return value|
|ap_return_4                       |  out|   16|  ap_ctrl_hs|  sparse_flatten<ap_fixed<16, 6, 5, 3, 0>, ap_uint<10>, 8, 5, 1, 5>|  return value|
|ap_return_5                       |  out|   16|  ap_ctrl_hs|  sparse_flatten<ap_fixed<16, 6, 5, 3, 0>, ap_uint<10>, 8, 5, 1, 5>|  return value|
|ap_return_6                       |  out|   16|  ap_ctrl_hs|  sparse_flatten<ap_fixed<16, 6, 5, 3, 0>, ap_uint<10>, 8, 5, 1, 5>|  return value|
|ap_return_7                       |  out|   16|  ap_ctrl_hs|  sparse_flatten<ap_fixed<16, 6, 5, 3, 0>, ap_uint<10>, 8, 5, 1, 5>|  return value|
|ap_return_8                       |  out|   16|  ap_ctrl_hs|  sparse_flatten<ap_fixed<16, 6, 5, 3, 0>, ap_uint<10>, 8, 5, 1, 5>|  return value|
|ap_return_9                       |  out|   16|  ap_ctrl_hs|  sparse_flatten<ap_fixed<16, 6, 5, 3, 0>, ap_uint<10>, 8, 5, 1, 5>|  return value|
|ap_return_10                      |  out|   16|  ap_ctrl_hs|  sparse_flatten<ap_fixed<16, 6, 5, 3, 0>, ap_uint<10>, 8, 5, 1, 5>|  return value|
|ap_return_11                      |  out|   16|  ap_ctrl_hs|  sparse_flatten<ap_fixed<16, 6, 5, 3, 0>, ap_uint<10>, 8, 5, 1, 5>|  return value|
|ap_return_12                      |  out|   16|  ap_ctrl_hs|  sparse_flatten<ap_fixed<16, 6, 5, 3, 0>, ap_uint<10>, 8, 5, 1, 5>|  return value|
|ap_return_13                      |  out|   16|  ap_ctrl_hs|  sparse_flatten<ap_fixed<16, 6, 5, 3, 0>, ap_uint<10>, 8, 5, 1, 5>|  return value|
|ap_return_14                      |  out|   16|  ap_ctrl_hs|  sparse_flatten<ap_fixed<16, 6, 5, 3, 0>, ap_uint<10>, 8, 5, 1, 5>|  return value|
|ap_return_15                      |  out|   16|  ap_ctrl_hs|  sparse_flatten<ap_fixed<16, 6, 5, 3, 0>, ap_uint<10>, 8, 5, 1, 5>|  return value|
|ap_return_16                      |  out|   16|  ap_ctrl_hs|  sparse_flatten<ap_fixed<16, 6, 5, 3, 0>, ap_uint<10>, 8, 5, 1, 5>|  return value|
|ap_return_17                      |  out|   16|  ap_ctrl_hs|  sparse_flatten<ap_fixed<16, 6, 5, 3, 0>, ap_uint<10>, 8, 5, 1, 5>|  return value|
|ap_return_18                      |  out|   16|  ap_ctrl_hs|  sparse_flatten<ap_fixed<16, 6, 5, 3, 0>, ap_uint<10>, 8, 5, 1, 5>|  return value|
|ap_return_19                      |  out|   16|  ap_ctrl_hs|  sparse_flatten<ap_fixed<16, 6, 5, 3, 0>, ap_uint<10>, 8, 5, 1, 5>|  return value|
|ap_return_20                      |  out|   16|  ap_ctrl_hs|  sparse_flatten<ap_fixed<16, 6, 5, 3, 0>, ap_uint<10>, 8, 5, 1, 5>|  return value|
|ap_return_21                      |  out|   16|  ap_ctrl_hs|  sparse_flatten<ap_fixed<16, 6, 5, 3, 0>, ap_uint<10>, 8, 5, 1, 5>|  return value|
|ap_return_22                      |  out|   16|  ap_ctrl_hs|  sparse_flatten<ap_fixed<16, 6, 5, 3, 0>, ap_uint<10>, 8, 5, 1, 5>|  return value|
|ap_return_23                      |  out|   16|  ap_ctrl_hs|  sparse_flatten<ap_fixed<16, 6, 5, 3, 0>, ap_uint<10>, 8, 5, 1, 5>|  return value|
|ap_return_24                      |  out|   16|  ap_ctrl_hs|  sparse_flatten<ap_fixed<16, 6, 5, 3, 0>, ap_uint<10>, 8, 5, 1, 5>|  return value|
|ap_return_25                      |  out|   16|  ap_ctrl_hs|  sparse_flatten<ap_fixed<16, 6, 5, 3, 0>, ap_uint<10>, 8, 5, 1, 5>|  return value|
|ap_return_26                      |  out|   16|  ap_ctrl_hs|  sparse_flatten<ap_fixed<16, 6, 5, 3, 0>, ap_uint<10>, 8, 5, 1, 5>|  return value|
|ap_return_27                      |  out|   16|  ap_ctrl_hs|  sparse_flatten<ap_fixed<16, 6, 5, 3, 0>, ap_uint<10>, 8, 5, 1, 5>|  return value|
|ap_return_28                      |  out|   16|  ap_ctrl_hs|  sparse_flatten<ap_fixed<16, 6, 5, 3, 0>, ap_uint<10>, 8, 5, 1, 5>|  return value|
|ap_return_29                      |  out|   16|  ap_ctrl_hs|  sparse_flatten<ap_fixed<16, 6, 5, 3, 0>, ap_uint<10>, 8, 5, 1, 5>|  return value|
|ap_return_30                      |  out|   16|  ap_ctrl_hs|  sparse_flatten<ap_fixed<16, 6, 5, 3, 0>, ap_uint<10>, 8, 5, 1, 5>|  return value|
|ap_return_31                      |  out|   16|  ap_ctrl_hs|  sparse_flatten<ap_fixed<16, 6, 5, 3, 0>, ap_uint<10>, 8, 5, 1, 5>|  return value|
|ap_return_32                      |  out|   16|  ap_ctrl_hs|  sparse_flatten<ap_fixed<16, 6, 5, 3, 0>, ap_uint<10>, 8, 5, 1, 5>|  return value|
|ap_return_33                      |  out|   16|  ap_ctrl_hs|  sparse_flatten<ap_fixed<16, 6, 5, 3, 0>, ap_uint<10>, 8, 5, 1, 5>|  return value|
|ap_return_34                      |  out|   16|  ap_ctrl_hs|  sparse_flatten<ap_fixed<16, 6, 5, 3, 0>, ap_uint<10>, 8, 5, 1, 5>|  return value|
|ap_return_35                      |  out|   16|  ap_ctrl_hs|  sparse_flatten<ap_fixed<16, 6, 5, 3, 0>, ap_uint<10>, 8, 5, 1, 5>|  return value|
|ap_return_36                      |  out|   16|  ap_ctrl_hs|  sparse_flatten<ap_fixed<16, 6, 5, 3, 0>, ap_uint<10>, 8, 5, 1, 5>|  return value|
|ap_return_37                      |  out|   16|  ap_ctrl_hs|  sparse_flatten<ap_fixed<16, 6, 5, 3, 0>, ap_uint<10>, 8, 5, 1, 5>|  return value|
|ap_return_38                      |  out|   16|  ap_ctrl_hs|  sparse_flatten<ap_fixed<16, 6, 5, 3, 0>, ap_uint<10>, 8, 5, 1, 5>|  return value|
|ap_return_39                      |  out|   16|  ap_ctrl_hs|  sparse_flatten<ap_fixed<16, 6, 5, 3, 0>, ap_uint<10>, 8, 5, 1, 5>|  return value|
|p_read                            |   in|   16|     ap_none|                                                             p_read|        scalar|
|p_read1                           |   in|   16|     ap_none|                                                            p_read1|        scalar|
|p_read2                           |   in|   16|     ap_none|                                                            p_read2|        scalar|
|p_read3                           |   in|   16|     ap_none|                                                            p_read3|        scalar|
|p_read4                           |   in|   16|     ap_none|                                                            p_read4|        scalar|
|sparse_arr_hash_0_dout            |   in|    3|     ap_fifo|                                                  sparse_arr_hash_0|       pointer|
|sparse_arr_hash_0_num_data_valid  |   in|    2|     ap_fifo|                                                  sparse_arr_hash_0|       pointer|
|sparse_arr_hash_0_fifo_cap        |   in|    2|     ap_fifo|                                                  sparse_arr_hash_0|       pointer|
|sparse_arr_hash_0_empty_n         |   in|    1|     ap_fifo|                                                  sparse_arr_hash_0|       pointer|
|sparse_arr_hash_0_read            |  out|    1|     ap_fifo|                                                  sparse_arr_hash_0|       pointer|
|sparse_arr_hash_1_dout            |   in|    3|     ap_fifo|                                                  sparse_arr_hash_1|       pointer|
|sparse_arr_hash_1_num_data_valid  |   in|    2|     ap_fifo|                                                  sparse_arr_hash_1|       pointer|
|sparse_arr_hash_1_fifo_cap        |   in|    2|     ap_fifo|                                                  sparse_arr_hash_1|       pointer|
|sparse_arr_hash_1_empty_n         |   in|    1|     ap_fifo|                                                  sparse_arr_hash_1|       pointer|
|sparse_arr_hash_1_read            |  out|    1|     ap_fifo|                                                  sparse_arr_hash_1|       pointer|
|sparse_arr_hash_2_dout            |   in|    3|     ap_fifo|                                                  sparse_arr_hash_2|       pointer|
|sparse_arr_hash_2_num_data_valid  |   in|    2|     ap_fifo|                                                  sparse_arr_hash_2|       pointer|
|sparse_arr_hash_2_fifo_cap        |   in|    2|     ap_fifo|                                                  sparse_arr_hash_2|       pointer|
|sparse_arr_hash_2_empty_n         |   in|    1|     ap_fifo|                                                  sparse_arr_hash_2|       pointer|
|sparse_arr_hash_2_read            |  out|    1|     ap_fifo|                                                  sparse_arr_hash_2|       pointer|
|sparse_arr_hash_3_dout            |   in|    3|     ap_fifo|                                                  sparse_arr_hash_3|       pointer|
|sparse_arr_hash_3_num_data_valid  |   in|    2|     ap_fifo|                                                  sparse_arr_hash_3|       pointer|
|sparse_arr_hash_3_fifo_cap        |   in|    2|     ap_fifo|                                                  sparse_arr_hash_3|       pointer|
|sparse_arr_hash_3_empty_n         |   in|    1|     ap_fifo|                                                  sparse_arr_hash_3|       pointer|
|sparse_arr_hash_3_read            |  out|    1|     ap_fifo|                                                  sparse_arr_hash_3|       pointer|
|sparse_arr_hash_4_dout            |   in|    3|     ap_fifo|                                                  sparse_arr_hash_4|       pointer|
|sparse_arr_hash_4_num_data_valid  |   in|    2|     ap_fifo|                                                  sparse_arr_hash_4|       pointer|
|sparse_arr_hash_4_fifo_cap        |   in|    2|     ap_fifo|                                                  sparse_arr_hash_4|       pointer|
|sparse_arr_hash_4_empty_n         |   in|    1|     ap_fifo|                                                  sparse_arr_hash_4|       pointer|
|sparse_arr_hash_4_read            |  out|    1|     ap_fifo|                                                  sparse_arr_hash_4|       pointer|
|sparse_arr_hash_5_dout            |   in|    3|     ap_fifo|                                                  sparse_arr_hash_5|       pointer|
|sparse_arr_hash_5_num_data_valid  |   in|    2|     ap_fifo|                                                  sparse_arr_hash_5|       pointer|
|sparse_arr_hash_5_fifo_cap        |   in|    2|     ap_fifo|                                                  sparse_arr_hash_5|       pointer|
|sparse_arr_hash_5_empty_n         |   in|    1|     ap_fifo|                                                  sparse_arr_hash_5|       pointer|
|sparse_arr_hash_5_read            |  out|    1|     ap_fifo|                                                  sparse_arr_hash_5|       pointer|
|sparse_arr_hash_6_dout            |   in|    3|     ap_fifo|                                                  sparse_arr_hash_6|       pointer|
|sparse_arr_hash_6_num_data_valid  |   in|    2|     ap_fifo|                                                  sparse_arr_hash_6|       pointer|
|sparse_arr_hash_6_fifo_cap        |   in|    2|     ap_fifo|                                                  sparse_arr_hash_6|       pointer|
|sparse_arr_hash_6_empty_n         |   in|    1|     ap_fifo|                                                  sparse_arr_hash_6|       pointer|
|sparse_arr_hash_6_read            |  out|    1|     ap_fifo|                                                  sparse_arr_hash_6|       pointer|
|sparse_arr_hash_7_dout            |   in|    3|     ap_fifo|                                                  sparse_arr_hash_7|       pointer|
|sparse_arr_hash_7_num_data_valid  |   in|    2|     ap_fifo|                                                  sparse_arr_hash_7|       pointer|
|sparse_arr_hash_7_fifo_cap        |   in|    2|     ap_fifo|                                                  sparse_arr_hash_7|       pointer|
|sparse_arr_hash_7_empty_n         |   in|    1|     ap_fifo|                                                  sparse_arr_hash_7|       pointer|
|sparse_arr_hash_7_read            |  out|    1|     ap_fifo|                                                  sparse_arr_hash_7|       pointer|
|sparse_arr_hash_8_dout            |   in|    3|     ap_fifo|                                                  sparse_arr_hash_8|       pointer|
|sparse_arr_hash_8_num_data_valid  |   in|    2|     ap_fifo|                                                  sparse_arr_hash_8|       pointer|
|sparse_arr_hash_8_fifo_cap        |   in|    2|     ap_fifo|                                                  sparse_arr_hash_8|       pointer|
|sparse_arr_hash_8_empty_n         |   in|    1|     ap_fifo|                                                  sparse_arr_hash_8|       pointer|
|sparse_arr_hash_8_read            |  out|    1|     ap_fifo|                                                  sparse_arr_hash_8|       pointer|
|sparse_arr_hash_9_dout            |   in|    3|     ap_fifo|                                                  sparse_arr_hash_9|       pointer|
|sparse_arr_hash_9_num_data_valid  |   in|    2|     ap_fifo|                                                  sparse_arr_hash_9|       pointer|
|sparse_arr_hash_9_fifo_cap        |   in|    2|     ap_fifo|                                                  sparse_arr_hash_9|       pointer|
|sparse_arr_hash_9_empty_n         |   in|    1|     ap_fifo|                                                  sparse_arr_hash_9|       pointer|
|sparse_arr_hash_9_read            |  out|    1|     ap_fifo|                                                  sparse_arr_hash_9|       pointer|
+----------------------------------+-----+-----+------------+-------------------------------------------------------------------+--------------+

