================================================================
== Design Size Report
================================================================

* Instructions per Function for each Compilation Phase
+------------------------------------------------+-------------------+----------------------+----------------------+----------------------+---------------------+
| Function                                       | Location          | Compile/Link         | Unroll/Inline        | Performance/Pipeline | Optimizations       |
+------------------------------------------------+-------------------+----------------------+----------------------+----------------------+---------------------+
| + hls_dummy                                    | hls_dummy.cpp:340 | 497,332 *            | 189,117 *            | 84,203               | 69,172              |
|  + sparse_input_reduce<ap_fixed...             | hls_dummy.cpp:54  | 496,839              | 189,020              | 84,078               | 69,093              |
|     value_idx_pair                             | hls_dummy.cpp:29  |      19              |                      |                      |                     |
|   + find_active<value_idx_pair<a...            | hls_dummy.cpp:34  | 496,332              |                      |                      |                     |
|    + find_active<value_idx_pair<a...           | hls_dummy.cpp:34  | 338,776              |                      |                      |                     |
|     + find_active<value_idx_pair<a...          | hls_dummy.cpp:34  | 338,608 (2 calls)    |                      |                      |                     |
|      + find_active<value_idx_pair<a...         | hls_dummy.cpp:34  | 338,272 (4 calls)    |                      |                      |                     |
|       + find_active<value_idx_pair<a...        | hls_dummy.cpp:34  | 337,600 (8 calls)    |                      |                      |                     |
|        + find_active<value_idx_pair<a...       | hls_dummy.cpp:34  | 336,256 (16 calls)   |                      |                      |                     |
|         + find_active<value_idx_pair<a...      | hls_dummy.cpp:34  | 333,568 (32 calls)   |                      |                      |                     |
|          + find_active<value_idx_pair<a...     | hls_dummy.cpp:34  | 328,192 (64 calls)   |                      |                      |                     |
|           + find_active<value_idx_pair<a...    | hls_dummy.cpp:34  | 317,440 (128 calls)  |                      |                      |                     |
|            + find_active<value_idx_pair<a...   | hls_dummy.cpp:34  | 295,936 (256 calls)  |                      |                      |                     |
|             + find_active<value_idx_pair<a...  | hls_dummy.cpp:34  | 252,928 (512 calls)  |                      |                      |                     |
|              + find_active<value_idx_pair<a... | hls_dummy.cpp:34  | 166,912 (1024 calls) |                      |                      |                     |
|               + operator()                     | hls_dummy.cpp:13  | 153,600 (1024 calls) |                      |                      |                     |
|                  value_idx_pair                | hls_dummy.cpp:29  |  19,456 (1024 calls) |                      |                      |                     |
|              + operator()                      | hls_dummy.cpp:13  |  76,800 (512 calls)  |                      |                      |                     |
|                 value_idx_pair                 | hls_dummy.cpp:29  |   9,728 (512 calls)  |                      |                      |                     |
|             + operator()                       | hls_dummy.cpp:13  |  38,400 (256 calls)  |                      |                      |                     |
|                value_idx_pair                  | hls_dummy.cpp:29  |   4,864 (256 calls)  |                      |                      |                     |
|            + operator()                        | hls_dummy.cpp:13  |  19,200 (128 calls)  |                      |                      |                     |
|               value_idx_pair                   | hls_dummy.cpp:29  |   2,432 (128 calls)  |                      |                      |                     |
|           + operator()                         | hls_dummy.cpp:13  |   9,600 (64 calls)   |                      |                      |                     |
|              value_idx_pair                    | hls_dummy.cpp:29  |   1,216 (64 calls)   |                      |                      |                     |
|          + operator()                          | hls_dummy.cpp:13  |   4,800 (32 calls)   |                      |                      |                     |
|             value_idx_pair                     | hls_dummy.cpp:29  |     608 (32 calls)   |                      |                      |                     |
|         + operator()                           | hls_dummy.cpp:13  |   2,400 (16 calls)   |                      |                      |                     |
|            value_idx_pair                      | hls_dummy.cpp:29  |     304 (16 calls)   |                      |                      |                     |
|        + operator()                            | hls_dummy.cpp:13  |   1,200 (8 calls)    |                      |                      |                     |
|           value_idx_pair                       | hls_dummy.cpp:29  |     152 (8 calls)    |                      |                      |                     |
|       + operator()                             | hls_dummy.cpp:13  |     600 (4 calls)    |                      |                      |                     |
|          value_idx_pair                        | hls_dummy.cpp:29  |      76 (4 calls)    |                      |                      |                     |
|      + operator()                              | hls_dummy.cpp:13  |     300 (2 calls)    |                      |                      |                     |
|         value_idx_pair                         | hls_dummy.cpp:29  |      38 (2 calls)    |                      |                      |                     |
|     + operator()                               | hls_dummy.cpp:13  |     150              |                      |                      |                     |
|        value_idx_pair                          | hls_dummy.cpp:29  |      19              |                      |                      |                     |
|    + find_active<value_idx_pair<a...           | hls_dummy.cpp:34  | 157,388              |                      |                      |                     |
|     + find_active<value_idx_pair<a...          | hls_dummy.cpp:34  |  84,568              |                      |                      |                     |
|      + find_active<value_idx_pair<a...         | hls_dummy.cpp:34  |  84,400 (2 calls)    |                      |                      |                     |
|       + find_active<value_idx_pair<a...        | hls_dummy.cpp:34  |  84,064 (4 calls)    |                      |                      |                     |
|        + find_active<value_idx_pair<a...       | hls_dummy.cpp:34  |  83,392 (8 calls)    |                      |                      |                     |
|         + find_active<value_idx_pair<a...      | hls_dummy.cpp:34  |  82,048 (16 calls)   |                      |                      |                     |
|          + find_active<value_idx_pair<a...     | hls_dummy.cpp:34  |  79,360 (32 calls)   |                      |                      |                     |
|           + find_active<value_idx_pair<a...    | hls_dummy.cpp:34  |  73,984 (64 calls)   |                      |                      |                     |
|            + find_active<value_idx_pair<a...   | hls_dummy.cpp:34  |  63,232 (128 calls)  |                      |                      |                     |
|             + find_active<value_idx_pair<a...  | hls_dummy.cpp:34  |  41,728 (256 calls)  |                      |                      |                     |
|              + operator()                      | hls_dummy.cpp:13  |  38,400 (256 calls)  |                      |                      |                     |
|                 value_idx_pair                 | hls_dummy.cpp:29  |   4,864 (256 calls)  |                      |                      |                     |
|             + operator()                       | hls_dummy.cpp:13  |  19,200 (128 calls)  |                      |                      |                     |
|                value_idx_pair                  | hls_dummy.cpp:29  |   2,432 (128 calls)  |                      |                      |                     |
|            + operator()                        | hls_dummy.cpp:13  |   9,600 (64 calls)   |                      |                      |                     |
|               value_idx_pair                   | hls_dummy.cpp:29  |   1,216 (64 calls)   |                      |                      |                     |
|           + operator()                         | hls_dummy.cpp:13  |   4,800 (32 calls)   |                      |                      |                     |
|              value_idx_pair                    | hls_dummy.cpp:29  |     608 (32 calls)   |                      |                      |                     |
|          + operator()                          | hls_dummy.cpp:13  |   2,400 (16 calls)   |                      |                      |                     |
|             value_idx_pair                     | hls_dummy.cpp:29  |     304 (16 calls)   |                      |                      |                     |
|         + operator()                           | hls_dummy.cpp:13  |   1,200 (8 calls)    |                      |                      |                     |
|            value_idx_pair                      | hls_dummy.cpp:29  |     152 (8 calls)    |                      |                      |                     |
|        + operator()                            | hls_dummy.cpp:13  |     600 (4 calls)    |                      |                      |                     |
|           value_idx_pair                       | hls_dummy.cpp:29  |      76 (4 calls)    |                      |                      |                     |
|       + operator()                             | hls_dummy.cpp:13  |     300 (2 calls)    |                      |                      |                     |
|          value_idx_pair                        | hls_dummy.cpp:29  |      38 (2 calls)    |                      |                      |                     |
|      + operator()                              | hls_dummy.cpp:13  |     150              |                      |                      |                     |
|         value_idx_pair                         | hls_dummy.cpp:29  |      19              |                      |                      |                     |
|     + find_active<value_idx_pair<a...          | hls_dummy.cpp:34  |  72,652              |                      |                      |                     |
|      + find_active<value_idx_pair<a...         | hls_dummy.cpp:34  |  42,200              |                      |                      |                     |
|       + find_active<value_idx_pair<a...        | hls_dummy.cpp:34  |  42,032 (2 calls)    |                      |                      |                     |
|        + find_active<value_idx_pair<a...       | hls_dummy.cpp:34  |  41,696 (4 calls)    |                      |                      |                     |
|         + find_active<value_idx_pair<a...      | hls_dummy.cpp:34  |  41,024 (8 calls)    |                      |                      |                     |
|          + find_active<value_idx_pair<a...     | hls_dummy.cpp:34  |  39,680 (16 calls)   |                      |                      |                     |
|           + find_active<value_idx_pair<a...    | hls_dummy.cpp:34  |  36,992 (32 calls)   |                      |                      |                     |
|            + find_active<value_idx_pair<a...   | hls_dummy.cpp:34  |  31,616 (64 calls)   |                      |                      |                     |
|             + find_active<value_idx_pair<a...  | hls_dummy.cpp:34  |  20,864 (128 calls)  |                      |                      |                     |
|              + operator()                      | hls_dummy.cpp:13  |  19,200 (128 calls)  |                      |                      |                     |
|                 value_idx_pair                 | hls_dummy.cpp:29  |   2,432 (128 calls)  |                      |                      |                     |
|             + operator()                       | hls_dummy.cpp:13  |   9,600 (64 calls)   |                      |                      |                     |
|                value_idx_pair                  | hls_dummy.cpp:29  |   1,216 (64 calls)   |                      |                      |                     |
|            + operator()                        | hls_dummy.cpp:13  |   4,800 (32 calls)   |                      |                      |                     |
|               value_idx_pair                   | hls_dummy.cpp:29  |     608 (32 calls)   |                      |                      |                     |
|           + operator()                         | hls_dummy.cpp:13  |   2,400 (16 calls)   |                      |                      |                     |
|              value_idx_pair                    | hls_dummy.cpp:29  |     304 (16 calls)   |                      |                      |                     |
|          + operator()                          | hls_dummy.cpp:13  |   1,200 (8 calls)    |                      |                      |                     |
|             value_idx_pair                     | hls_dummy.cpp:29  |     152 (8 calls)    |                      |                      |                     |
|         + operator()                           | hls_dummy.cpp:13  |     600 (4 calls)    |                      |                      |                     |
|            value_idx_pair                      | hls_dummy.cpp:29  |      76 (4 calls)    |                      |                      |                     |
|        + operator()                            | hls_dummy.cpp:13  |     300 (2 calls)    |                      |                      |                     |
|           value_idx_pair                       | hls_dummy.cpp:29  |      38 (2 calls)    |                      |                      |                     |
|       + operator()                             | hls_dummy.cpp:13  |     150              |                      |                      |                     |
|          value_idx_pair                        | hls_dummy.cpp:29  |      19              |                      |                      |                     |
|      + find_active<value_idx_pair<a...         | hls_dummy.cpp:34  |  30,284              |                      |                      |                     |
|       + find_active<value_idx_pair<a...        | hls_dummy.cpp:34  |  21,016              |                      |                      |                     |
|        + find_active<value_idx_pair<a...       | hls_dummy.cpp:34  |  20,848 (2 calls)    |                      |                      |                     |
|         + find_active<value_idx_pair<a...      | hls_dummy.cpp:34  |  20,512 (4 calls)    |                      |                      |                     |
|          + find_active<value_idx_pair<a...     | hls_dummy.cpp:34  |  19,840 (8 calls)    |                      |                      |                     |
|           + find_active<value_idx_pair<a...    | hls_dummy.cpp:34  |  18,496 (16 calls)   |                      |                      |                     |
|            + find_active<value_idx_pair<a...   | hls_dummy.cpp:34  |  15,808 (32 calls)   |                      |                      |                     |
|             + find_active<value_idx_pair<a...  | hls_dummy.cpp:34  |  10,432 (64 calls)   |                      |                      |                     |
|              + operator()                      | hls_dummy.cpp:13  |   9,600 (64 calls)   |                      |                      |                     |
|                 value_idx_pair                 | hls_dummy.cpp:29  |   1,216 (64 calls)   |                      |                      |                     |
|             + operator()                       | hls_dummy.cpp:13  |   4,800 (32 calls)   |                      |                      |                     |
|                value_idx_pair                  | hls_dummy.cpp:29  |     608 (32 calls)   |                      |                      |                     |
|            + operator()                        | hls_dummy.cpp:13  |   2,400 (16 calls)   |                      |                      |                     |
|               value_idx_pair                   | hls_dummy.cpp:29  |     304 (16 calls)   |                      |                      |                     |
|           + operator()                         | hls_dummy.cpp:13  |   1,200 (8 calls)    |                      |                      |                     |
|              value_idx_pair                    | hls_dummy.cpp:29  |     152 (8 calls)    |                      |                      |                     |
|          + operator()                          | hls_dummy.cpp:13  |     600 (4 calls)    |                      |                      |                     |
|             value_idx_pair                     | hls_dummy.cpp:29  |      76 (4 calls)    |                      |                      |                     |
|         + operator()                           | hls_dummy.cpp:13  |     300 (2 calls)    |                      |                      |                     |
|            value_idx_pair                      | hls_dummy.cpp:29  |      38 (2 calls)    |                      |                      |                     |
|        + operator()                            | hls_dummy.cpp:13  |     150              |                      |                      |                     |
|           value_idx_pair                       | hls_dummy.cpp:29  |      19              |                      |                      |                     |
|       + find_active<value_idx_pair<a...        | hls_dummy.cpp:34  |   9,100              |                      |                      |                     |
|        + find_active<value_idx_pair<a...       | hls_dummy.cpp:34  |   5,128              |                      |                      |                     |
|         + find_active<value_idx_pair<a...      | hls_dummy.cpp:34  |   4,960 (2 calls)    |                      |                      |                     |
|          + find_active<value_idx_pair<a...     | hls_dummy.cpp:34  |   4,624 (4 calls)    |                      |                      |                     |
|           + find_active<value_idx_pair<a...    | hls_dummy.cpp:34  |   3,952 (8 calls)    |                      |                      |                     |
|            + find_active<value_idx_pair<a...   | hls_dummy.cpp:34  |   2,608 (16 calls)   |                      |                      |                     |
|             + operator()                       | hls_dummy.cpp:13  |   2,400 (16 calls)   |                      |                      |                     |
|                value_idx_pair                  | hls_dummy.cpp:29  |     304 (16 calls)   |                      |                      |                     |
|            + operator()                        | hls_dummy.cpp:13  |   1,200 (8 calls)    |                      |                      |                     |
|               value_idx_pair                   | hls_dummy.cpp:29  |     152 (8 calls)    |                      |                      |                     |
|           + operator()                         | hls_dummy.cpp:13  |     600 (4 calls)    |                      |                      |                     |
|              value_idx_pair                    | hls_dummy.cpp:29  |      76 (4 calls)    |                      |                      |                     |
|          + operator()                          | hls_dummy.cpp:13  |     300 (2 calls)    |                      |                      |                     |
|             value_idx_pair                     | hls_dummy.cpp:29  |      38 (2 calls)    |                      |                      |                     |
|         + operator()                           | hls_dummy.cpp:13  |     150              |                      |                      |                     |
|            value_idx_pair                      | hls_dummy.cpp:29  |      19              |                      |                      |                     |
|        + find_active<value_idx_pair<a...       | hls_dummy.cpp:34  |   3,804              |                      |                      |                     |
|         + find_active<value_idx_pair<a...      | hls_dummy.cpp:34  |   2,480              |                      |                      |                     |
|          + find_active<value_idx_pair<a...     | hls_dummy.cpp:34  |   2,312 (2 calls)    |                      |                      |                     |
|           + find_active<value_idx_pair<a...    | hls_dummy.cpp:34  |   1,976 (4 calls)    |                      |                      |                     |
|            + find_active<value_idx_pair<a...   | hls_dummy.cpp:34  |   1,304 (8 calls)    |                      |                      |                     |
|             + operator()                       | hls_dummy.cpp:13  |   1,200 (8 calls)    |                      |                      |                     |
|                value_idx_pair                  | hls_dummy.cpp:29  |     152 (8 calls)    |                      |                      |                     |
|            + operator()                        | hls_dummy.cpp:13  |     600 (4 calls)    |                      |                      |                     |
|               value_idx_pair                   | hls_dummy.cpp:29  |      76 (4 calls)    |                      |                      |                     |
|           + operator()                         | hls_dummy.cpp:13  |     300 (2 calls)    |                      |                      |                     |
|              value_idx_pair                    | hls_dummy.cpp:29  |      38 (2 calls)    |                      |                      |                     |
|          + operator()                          | hls_dummy.cpp:13  |     150              |                      |                      |                     |
|             value_idx_pair                     | hls_dummy.cpp:29  |      19              |                      |                      |                     |
|         + find_active<value_idx_pair<a...      | hls_dummy.cpp:34  |   1,156              |                      |                      |                     |
|          + find_active<value_idx_pair<a...     | hls_dummy.cpp:34  |     988 (2 calls)    |                      |                      |                     |
|           + find_active<value_idx_pair<a...    | hls_dummy.cpp:34  |     652 (4 calls)    |                      |                      |                     |
|            + operator()                        | hls_dummy.cpp:13  |     600 (4 calls)    |                      |                      |                     |
|               value_idx_pair                   | hls_dummy.cpp:29  |      76 (4 calls)    |                      |                      |                     |
|           + operator()                         | hls_dummy.cpp:13  |     300 (2 calls)    |                      |                      |                     |
|              value_idx_pair                    | hls_dummy.cpp:29  |      38 (2 calls)    |                      |                      |                     |
|          + operator()                          | hls_dummy.cpp:13  |     150              |                      |                      |                     |
|             value_idx_pair                     | hls_dummy.cpp:29  |      19              |                      |                      |                     |
|         + operator()                           | hls_dummy.cpp:13  |     150              |                      |                      |                     |
|            value_idx_pair                      | hls_dummy.cpp:29  |      19              |                      |                      |                     |
|        + operator()                            | hls_dummy.cpp:13  |     150              |                      |                      |                     |
|           value_idx_pair                       | hls_dummy.cpp:29  |      19              |                      |                      |                     |
|       + operator()                             | hls_dummy.cpp:13  |     150              |                      |                      |                     |
|          value_idx_pair                        | hls_dummy.cpp:29  |      19              |                      |                      |                     |
|      + operator()                              | hls_dummy.cpp:13  |     150              |                      |                      |                     |
|         value_idx_pair                         | hls_dummy.cpp:29  |      19              |                      |                      |                     |
|     + operator()                               | hls_dummy.cpp:13  |     150              |                      |                      |                     |
|        value_idx_pair                          | hls_dummy.cpp:29  |      19              |                      |                      |                     |
|    + operator()                                | hls_dummy.cpp:13  |     150              |                      |                      |                     |
|       value_idx_pair                           | hls_dummy.cpp:29  |      19              |                      |                      |                     |
|     operator()                                 | hls_dummy.cpp:13  |                      |  74,975 (2999 calls) | 41,986 (2999 calls)  | 41,986 (2999 calls) |
+------------------------------------------------+-------------------+----------------------+----------------------+----------------------+---------------------+
    * - Exceeded design size warning message threshold

* Description of Compilation Phases
+----------------------+------------------------------------------------------------+
| Compilation Phase    | Description                                                |
+----------------------+------------------------------------------------------------+
| Compile/Link         | All functions are compiled and linked into a single design |
| Unroll/Inline        | After user unroll and inline pragmas are applied           |
| Performance/Pipeline | After performance and pipeline pragmas are applied         |
| Optimizations        | After high level synthesis optimizations                   |
+----------------------+------------------------------------------------------------+

* Design Size Message Settings
+---------------------------------------------+--------+------------------------------------------------------------------+
| Message Setting                             | Value  | Description                                                      |
+---------------------------------------------+--------+------------------------------------------------------------------+
| config_compile -design_size_maximum_warning | 100000 | Show a warning when total design instructions exceeds this value |
+---------------------------------------------+--------+------------------------------------------------------------------+


