Copyright 1986-2022 Xilinx, Inc. All Rights Reserved. Copyright 2022-2023 Advanced Micro Devices, Inc. All Rights Reserved.
---------------------------------------------------------------------------------------------------------------------------------------------
| Tool Version : Vivado v.2023.1 (lin64) Build 3865809 Sun May  7 15:04:56 MDT 2023
| Date         : Tue Jul 22 17:36:46 2025
| Host         : coder-hftsoi-hls2 running 64-bit Ubuntu 20.04.6 LTS
| Command      : report_utilization -file vivado_synth.rpt -hierarchical -hierarchical_depth 1
| Design       : hls_dummy
| Device       : xcu250-figd2104-2L-e
| Speed File   : -2L
| Design State : Optimized
---------------------------------------------------------------------------------------------------------------------------------------------

Utilization Design Information

Table of Contents
-----------------
1. Utilization by Hierarchy

1. Utilization by Hierarchy
---------------------------

+-----------------------------------------------------------------------+------------------------------------------------------------------------------+------------+------------+---------+------+------+--------+--------+------+------------+
|                                Instance                               |                                    Module                                    | Total LUTs | Logic LUTs | LUTRAMs | SRLs |  FFs | RAMB36 | RAMB18 | URAM | DSP Blocks |
+-----------------------------------------------------------------------+------------------------------------------------------------------------------+------------+------------+---------+------+------+--------+--------+------+------------+
| hls_dummy                                                             |                                                                        (top) |      12118 |      12118 |       0 |    0 | 3248 |      0 |      0 |    0 |          0 |
|   (hls_dummy)                                                         |                                                                        (top) |          0 |          0 |       0 |    0 |   40 |      0 |      0 |    0 |          0 |
|   Block_entry26_proc_U0                                               |                                                 hls_dummy_Block_entry26_proc |          0 |          0 |       0 |    0 |   80 |      0 |      0 |    0 |          0 |
|   sparse_arr_feat_conv1_out_1_U                                       |                                                       hls_dummy_fifo_w8_d2_S |         23 |         23 |       0 |    0 |   20 |      0 |      0 |    0 |          0 |
|   sparse_arr_feat_conv1_out_2_U                                       |                                                     hls_dummy_fifo_w8_d2_S_0 |         19 |         19 |       0 |    0 |   20 |      0 |      0 |    0 |          0 |
|   sparse_arr_feat_conv1_out_3_U                                       |                                                     hls_dummy_fifo_w8_d2_S_1 |         19 |         19 |       0 |    0 |   20 |      0 |      0 |    0 |          0 |
|   sparse_arr_feat_conv1_out_4_U                                       |                                                     hls_dummy_fifo_w8_d2_S_2 |         21 |         21 |       0 |    0 |   20 |      0 |      0 |    0 |          0 |
|   sparse_arr_feat_conv1_out_5_U                                       |                                                     hls_dummy_fifo_w8_d2_S_3 |         21 |         21 |       0 |    0 |   20 |      0 |      0 |    0 |          0 |
|   sparse_arr_feat_conv1_out_6_U                                       |                                                     hls_dummy_fifo_w8_d2_S_4 |         19 |         19 |       0 |    0 |   20 |      0 |      0 |    0 |          0 |
|   sparse_arr_feat_conv1_out_7_U                                       |                                                     hls_dummy_fifo_w8_d2_S_5 |         19 |         19 |       0 |    0 |   20 |      0 |      0 |    0 |          0 |
|   sparse_arr_feat_conv1_out_8_U                                       |                                                     hls_dummy_fifo_w8_d2_S_6 |         21 |         21 |       0 |    0 |   20 |      0 |      0 |    0 |          0 |
|   sparse_arr_feat_conv1_out_9_U                                       |                                                     hls_dummy_fifo_w8_d2_S_7 |         19 |         19 |       0 |    0 |   20 |      0 |      0 |    0 |          0 |
|   sparse_arr_feat_conv1_out_U                                         |                                                     hls_dummy_fifo_w8_d2_S_8 |         20 |         20 |       0 |    0 |   20 |      0 |      0 |    0 |          0 |
|   sparse_arr_feat_reduce_out_1_U                                      |                                                     hls_dummy_fifo_w8_d2_S_9 |        356 |        356 |       0 |    0 |   22 |      0 |      0 |    0 |          0 |
|   sparse_arr_feat_reduce_out_2_U                                      |                                                    hls_dummy_fifo_w8_d2_S_10 |        339 |        339 |       0 |    0 |   22 |      0 |      0 |    0 |          0 |
|   sparse_arr_feat_reduce_out_3_U                                      |                                                    hls_dummy_fifo_w8_d2_S_11 |        331 |        331 |       0 |    0 |   20 |      0 |      0 |    0 |          0 |
|   sparse_arr_feat_reduce_out_4_U                                      |                                                    hls_dummy_fifo_w8_d2_S_12 |        326 |        326 |       0 |    0 |   20 |      0 |      0 |    0 |          0 |
|   sparse_arr_feat_reduce_out_5_U                                      |                                                    hls_dummy_fifo_w8_d2_S_13 |        314 |        314 |       0 |    0 |   20 |      0 |      0 |    0 |          0 |
|   sparse_arr_feat_reduce_out_6_U                                      |                                                    hls_dummy_fifo_w8_d2_S_14 |        306 |        306 |       0 |    0 |   20 |      0 |      0 |    0 |          0 |
|   sparse_arr_feat_reduce_out_7_U                                      |                                                    hls_dummy_fifo_w8_d2_S_15 |        300 |        300 |       0 |    0 |   20 |      0 |      0 |    0 |          0 |
|   sparse_arr_feat_reduce_out_8_U                                      |                                                    hls_dummy_fifo_w8_d2_S_16 |        292 |        292 |       0 |    0 |   20 |      0 |      0 |    0 |          0 |
|   sparse_arr_feat_reduce_out_9_U                                      |                                                    hls_dummy_fifo_w8_d2_S_17 |        283 |        283 |       0 |    0 |   20 |      0 |      0 |    0 |          0 |
|   sparse_arr_feat_reduce_out_U                                        |                                                    hls_dummy_fifo_w8_d2_S_18 |        559 |        559 |       0 |    0 |   21 |      0 |      0 |    0 |          0 |
|   sparse_arr_hash_reduce_out_10_U                                     |                                                       hls_dummy_fifo_w4_d2_S |         81 |         81 |       0 |    0 |   12 |      0 |      0 |    0 |          0 |
|   sparse_arr_hash_reduce_out_11_U                                     |                                                    hls_dummy_fifo_w4_d2_S_19 |         66 |         66 |       0 |    0 |   12 |      0 |      0 |    0 |          0 |
|   sparse_arr_hash_reduce_out_12_U                                     |                                                    hls_dummy_fifo_w4_d2_S_20 |        128 |        128 |       0 |    0 |   12 |      0 |      0 |    0 |          0 |
|   sparse_arr_hash_reduce_out_13_U                                     |                                                    hls_dummy_fifo_w4_d2_S_21 |         87 |         87 |       0 |    0 |   12 |      0 |      0 |    0 |          0 |
|   sparse_arr_hash_reduce_out_14_U                                     |                                                    hls_dummy_fifo_w4_d2_S_22 |        125 |        125 |       0 |    0 |   12 |      0 |      0 |    0 |          0 |
|   sparse_arr_hash_reduce_out_15_U                                     |                                                    hls_dummy_fifo_w4_d2_S_23 |         95 |         95 |       0 |    0 |   12 |      0 |      0 |    0 |          0 |
|   sparse_arr_hash_reduce_out_16_U                                     |                                                    hls_dummy_fifo_w4_d2_S_24 |        151 |        151 |       0 |    0 |   12 |      0 |      0 |    0 |          0 |
|   sparse_arr_hash_reduce_out_17_U                                     |                                                    hls_dummy_fifo_w4_d2_S_25 |         82 |         82 |       0 |    0 |   12 |      0 |      0 |    0 |          0 |
|   sparse_arr_hash_reduce_out_18_U                                     |                                                    hls_dummy_fifo_w4_d2_S_26 |         95 |         95 |       0 |    0 |   12 |      0 |      0 |    0 |          0 |
|   sparse_arr_hash_reduce_out_19_U                                     |                                                    hls_dummy_fifo_w4_d2_S_27 |        126 |        126 |       0 |    0 |   12 |      0 |      0 |    0 |          0 |
|   sparse_arr_hash_reduce_out_1_U                                      |                                                    hls_dummy_fifo_w4_d2_S_28 |        100 |        100 |       0 |    0 |   12 |      0 |      0 |    0 |          0 |
|   sparse_arr_hash_reduce_out_2_U                                      |                                                    hls_dummy_fifo_w4_d2_S_29 |        187 |        187 |       0 |    0 |   12 |      0 |      0 |    0 |          0 |
|   sparse_arr_hash_reduce_out_3_U                                      |                                                    hls_dummy_fifo_w4_d2_S_30 |        102 |        102 |       0 |    0 |   12 |      0 |      0 |    0 |          0 |
|   sparse_arr_hash_reduce_out_4_U                                      |                                                    hls_dummy_fifo_w4_d2_S_31 |        103 |        103 |       0 |    0 |   12 |      0 |      0 |    0 |          0 |
|   sparse_arr_hash_reduce_out_5_U                                      |                                                    hls_dummy_fifo_w4_d2_S_32 |        133 |        133 |       0 |    0 |   12 |      0 |      0 |    0 |          0 |
|   sparse_arr_hash_reduce_out_6_U                                      |                                                    hls_dummy_fifo_w4_d2_S_33 |        103 |        103 |       0 |    0 |   12 |      0 |      0 |    0 |          0 |
|   sparse_arr_hash_reduce_out_7_U                                      |                                                    hls_dummy_fifo_w4_d2_S_34 |        119 |        119 |       0 |    0 |   12 |      0 |      0 |    0 |          0 |
|   sparse_arr_hash_reduce_out_8_U                                      |                                                    hls_dummy_fifo_w4_d2_S_35 |        124 |        124 |       0 |    0 |   12 |      0 |      0 |    0 |          0 |
|   sparse_arr_hash_reduce_out_9_U                                      |                                                    hls_dummy_fifo_w4_d2_S_36 |         73 |         73 |       0 |    0 |   12 |      0 |      0 |    0 |          0 |
|   sparse_arr_hash_reduce_out_U                                        |                                                    hls_dummy_fifo_w4_d2_S_37 |        165 |        165 |       0 |    0 |   12 |      0 |      0 |    0 |          0 |
|   sparse_conv_ap_fixed_ap_fixed_ap_uint_ap_fixed_ap_fixed_10_1_1_5_U0 | hls_dummy_sparse_conv_ap_fixed_ap_fixed_ap_uint_ap_fixed_ap_fixed_10_1_1_5_s |       4275 |       4275 |       0 |    0 | 1225 |      0 |      0 |    0 |          0 |
|   sparse_input_reduce_ap_fixed_8_2_5_3_0_ap_uint_10_10_10_1_10_4_U0   |     hls_dummy_sparse_input_reduce_ap_fixed_8_2_5_3_0_ap_uint_10_10_10_1_10_4 |       2297 |       2297 |       0 |    0 | 1258 |      0 |      0 |    0 |          0 |
+-----------------------------------------------------------------------+------------------------------------------------------------------------------+------------+------------+---------+------+------+--------+--------+------+------------+


