Copyright 1986-2022 Xilinx, Inc. All Rights Reserved. Copyright 2022-2023 Advanced Micro Devices, Inc. All Rights Reserved.
---------------------------------------------------------------------------------------------------------------------------------------------
| Tool Version : Vivado v.2023.1 (lin64) Build 3865809 Sun May  7 15:04:56 MDT 2023
| Date         : Mon Sep  8 23:13:54 2025
| Host         : coder-hftsoi-hls3 running 64-bit Ubuntu 20.04.6 LTS
| Command      : report_utilization -file vivado_synth.rpt -hierarchical -hierarchical_depth 1
| Design       : hls_dummy
| Device       : xcu250-figd2104-2L-e
| Speed File   : -2L
| Design State : Optimized
---------------------------------------------------------------------------------------------------------------------------------------------

Utilization Design Information

Table of Contents
-----------------
1. Utilization by Hierarchy

1. Utilization by Hierarchy
---------------------------

+----------------------------------------------------------------------+-----------------------------------------------------------------------------+------------+------------+---------+------+------+--------+--------+------+------------+
|                               Instance                               |                                    Module                                   | Total LUTs | Logic LUTs | LUTRAMs | SRLs |  FFs | RAMB36 | RAMB18 | URAM | DSP Blocks |
+----------------------------------------------------------------------+-----------------------------------------------------------------------------+------------+------------+---------+------+------+--------+--------+------+------------+
| hls_dummy                                                            |                                                                       (top) |      10378 |      10378 |       0 |    0 | 7713 |      0 |      0 |    0 |         25 |
|   (hls_dummy)                                                        |                                                                       (top) |          0 |          0 |       0 |    0 |   80 |      0 |      0 |    0 |          0 |
|   Block_entry28_proc_U0                                              |                                                hls_dummy_Block_entry28_proc |          0 |          0 |       0 |    0 |  752 |      0 |      0 |    0 |          0 |
|   flatten_out_10_U                                                   |                                                     hls_dummy_fifo_w16_d2_S |         36 |         36 |       0 |    0 |   36 |      0 |      0 |    0 |          0 |
|   flatten_out_11_U                                                   |                                                   hls_dummy_fifo_w16_d2_S_0 |         36 |         36 |       0 |    0 |   36 |      0 |      0 |    0 |          0 |
|   flatten_out_12_U                                                   |                                                   hls_dummy_fifo_w16_d2_S_1 |         37 |         37 |       0 |    0 |   36 |      0 |      0 |    0 |          0 |
|   flatten_out_13_U                                                   |                                                   hls_dummy_fifo_w16_d2_S_2 |         36 |         36 |       0 |    0 |   36 |      0 |      0 |    0 |          0 |
|   flatten_out_14_U                                                   |                                                   hls_dummy_fifo_w16_d2_S_3 |         37 |         37 |       0 |    0 |   36 |      0 |      0 |    0 |          0 |
|   flatten_out_15_U                                                   |                                                   hls_dummy_fifo_w16_d2_S_4 |         36 |         36 |       0 |    0 |   36 |      0 |      0 |    0 |          0 |
|   flatten_out_16_U                                                   |                                                   hls_dummy_fifo_w16_d2_S_5 |         37 |         37 |       0 |    0 |   36 |      0 |      0 |    0 |          0 |
|   flatten_out_17_U                                                   |                                                   hls_dummy_fifo_w16_d2_S_6 |         39 |         39 |       0 |    0 |   36 |      0 |      0 |    0 |          0 |
|   flatten_out_18_U                                                   |                                                   hls_dummy_fifo_w16_d2_S_7 |         36 |         36 |       0 |    0 |   36 |      0 |      0 |    0 |          0 |
|   flatten_out_19_U                                                   |                                                   hls_dummy_fifo_w16_d2_S_8 |         36 |         36 |       0 |    0 |   36 |      0 |      0 |    0 |          0 |
|   flatten_out_1_U                                                    |                                                   hls_dummy_fifo_w16_d2_S_9 |         37 |         37 |       0 |    0 |   36 |      0 |      0 |    0 |          0 |
|   flatten_out_20_U                                                   |                                                  hls_dummy_fifo_w16_d2_S_10 |         36 |         36 |       0 |    0 |   36 |      0 |      0 |    0 |          0 |
|   flatten_out_21_U                                                   |                                                  hls_dummy_fifo_w16_d2_S_11 |         36 |         36 |       0 |    0 |   36 |      0 |      0 |    0 |          0 |
|   flatten_out_22_U                                                   |                                                  hls_dummy_fifo_w16_d2_S_12 |         38 |         38 |       0 |    0 |   36 |      0 |      0 |    0 |          0 |
|   flatten_out_23_U                                                   |                                                  hls_dummy_fifo_w16_d2_S_13 |         36 |         36 |       0 |    0 |   36 |      0 |      0 |    0 |          0 |
|   flatten_out_24_U                                                   |                                                  hls_dummy_fifo_w16_d2_S_14 |         36 |         36 |       0 |    0 |   36 |      0 |      0 |    0 |          0 |
|   flatten_out_25_U                                                   |                                                  hls_dummy_fifo_w16_d2_S_15 |         36 |         36 |       0 |    0 |   36 |      0 |      0 |    0 |          0 |
|   flatten_out_26_U                                                   |                                                  hls_dummy_fifo_w16_d2_S_16 |         36 |         36 |       0 |    0 |   36 |      0 |      0 |    0 |          0 |
|   flatten_out_27_U                                                   |                                                  hls_dummy_fifo_w16_d2_S_17 |         36 |         36 |       0 |    0 |   36 |      0 |      0 |    0 |          0 |
|   flatten_out_28_U                                                   |                                                  hls_dummy_fifo_w16_d2_S_18 |         36 |         36 |       0 |    0 |   36 |      0 |      0 |    0 |          0 |
|   flatten_out_29_U                                                   |                                                  hls_dummy_fifo_w16_d2_S_19 |         38 |         38 |       0 |    0 |   36 |      0 |      0 |    0 |          0 |
|   flatten_out_2_U                                                    |                                                  hls_dummy_fifo_w16_d2_S_20 |         36 |         36 |       0 |    0 |   36 |      0 |      0 |    0 |          0 |
|   flatten_out_30_U                                                   |                                                  hls_dummy_fifo_w16_d2_S_21 |         36 |         36 |       0 |    0 |   36 |      0 |      0 |    0 |          0 |
|   flatten_out_31_U                                                   |                                                  hls_dummy_fifo_w16_d2_S_22 |         36 |         36 |       0 |    0 |   36 |      0 |      0 |    0 |          0 |
|   flatten_out_32_U                                                   |                                                  hls_dummy_fifo_w16_d2_S_23 |         37 |         37 |       0 |    0 |   36 |      0 |      0 |    0 |          0 |
|   flatten_out_33_U                                                   |                                                  hls_dummy_fifo_w16_d2_S_24 |         36 |         36 |       0 |    0 |   36 |      0 |      0 |    0 |          0 |
|   flatten_out_34_U                                                   |                                                  hls_dummy_fifo_w16_d2_S_25 |         36 |         36 |       0 |    0 |   36 |      0 |      0 |    0 |          0 |
|   flatten_out_35_U                                                   |                                                  hls_dummy_fifo_w16_d2_S_26 |         37 |         37 |       0 |    0 |   36 |      0 |      0 |    0 |          0 |
|   flatten_out_36_U                                                   |                                                  hls_dummy_fifo_w16_d2_S_27 |         36 |         36 |       0 |    0 |   36 |      0 |      0 |    0 |          0 |
|   flatten_out_37_U                                                   |                                                  hls_dummy_fifo_w16_d2_S_28 |         36 |         36 |       0 |    0 |   36 |      0 |      0 |    0 |          0 |
|   flatten_out_38_U                                                   |                                                  hls_dummy_fifo_w16_d2_S_29 |         37 |         37 |       0 |    0 |   36 |      0 |      0 |    0 |          0 |
|   flatten_out_39_U                                                   |                                                  hls_dummy_fifo_w16_d2_S_30 |         37 |         37 |       0 |    0 |   36 |      0 |      0 |    0 |          0 |
|   flatten_out_3_U                                                    |                                                  hls_dummy_fifo_w16_d2_S_31 |         36 |         36 |       0 |    0 |   36 |      0 |      0 |    0 |          0 |
|   flatten_out_40_U                                                   |                                                  hls_dummy_fifo_w16_d2_S_32 |         38 |         38 |       0 |    0 |   36 |      0 |      0 |    0 |          0 |
|   flatten_out_41_U                                                   |                                                  hls_dummy_fifo_w16_d2_S_33 |         36 |         36 |       0 |    0 |   36 |      0 |      0 |    0 |          0 |
|   flatten_out_42_U                                                   |                                                  hls_dummy_fifo_w16_d2_S_34 |         36 |         36 |       0 |    0 |   36 |      0 |      0 |    0 |          0 |
|   flatten_out_43_U                                                   |                                                  hls_dummy_fifo_w16_d2_S_35 |          5 |          5 |       0 |    0 |    4 |      0 |      0 |    0 |          0 |
|   flatten_out_44_U                                                   |                                                  hls_dummy_fifo_w16_d2_S_36 |          5 |          5 |       0 |    0 |    4 |      0 |      0 |    0 |          0 |
|   flatten_out_45_U                                                   |                                                  hls_dummy_fifo_w16_d2_S_37 |          6 |          6 |       0 |    0 |    4 |      0 |      0 |    0 |          0 |
|   flatten_out_46_U                                                   |                                                  hls_dummy_fifo_w16_d2_S_38 |          9 |          9 |       0 |    0 |    4 |      0 |      0 |    0 |          0 |
|   flatten_out_47_U                                                   |                                                  hls_dummy_fifo_w16_d2_S_39 |          5 |          5 |       0 |    0 |    4 |      0 |      0 |    0 |          0 |
|   flatten_out_48_U                                                   |                                                  hls_dummy_fifo_w16_d2_S_40 |          5 |          5 |       0 |    0 |    4 |      0 |      0 |    0 |          0 |
|   flatten_out_49_U                                                   |                                                  hls_dummy_fifo_w16_d2_S_41 |          5 |          5 |       0 |    0 |    4 |      0 |      0 |    0 |          0 |
|   flatten_out_4_U                                                    |                                                  hls_dummy_fifo_w16_d2_S_42 |         37 |         37 |       0 |    0 |   36 |      0 |      0 |    0 |          0 |
|   flatten_out_50_U                                                   |                                                  hls_dummy_fifo_w16_d2_S_43 |          5 |          5 |       0 |    0 |    4 |      0 |      0 |    0 |          0 |
|   flatten_out_51_U                                                   |                                                  hls_dummy_fifo_w16_d2_S_44 |          7 |          7 |       0 |    0 |    4 |      0 |      0 |    0 |          0 |
|   flatten_out_52_U                                                   |                                                  hls_dummy_fifo_w16_d2_S_45 |          5 |          5 |       0 |    0 |    4 |      0 |      0 |    0 |          0 |
|   flatten_out_53_U                                                   |                                                  hls_dummy_fifo_w16_d2_S_46 |          5 |          5 |       0 |    0 |    4 |      0 |      0 |    0 |          0 |
|   flatten_out_54_U                                                   |                                                  hls_dummy_fifo_w16_d2_S_47 |          5 |          5 |       0 |    0 |    4 |      0 |      0 |    0 |          0 |
|   flatten_out_55_U                                                   |                                                  hls_dummy_fifo_w16_d2_S_48 |          6 |          6 |       0 |    0 |    4 |      0 |      0 |    0 |          0 |
|   flatten_out_56_U                                                   |                                                  hls_dummy_fifo_w16_d2_S_49 |         38 |         38 |       0 |    0 |   36 |      0 |      0 |    0 |          0 |
|   flatten_out_57_U                                                   |                                                  hls_dummy_fifo_w16_d2_S_50 |         36 |         36 |       0 |    0 |   36 |      0 |      0 |    0 |          0 |
|   flatten_out_58_U                                                   |                                                  hls_dummy_fifo_w16_d2_S_51 |         36 |         36 |       0 |    0 |   36 |      0 |      0 |    0 |          0 |
|   flatten_out_59_U                                                   |                                                  hls_dummy_fifo_w16_d2_S_52 |         36 |         36 |       0 |    0 |   36 |      0 |      0 |    0 |          0 |
|   flatten_out_5_U                                                    |                                                  hls_dummy_fifo_w16_d2_S_53 |         36 |         36 |       0 |    0 |   36 |      0 |      0 |    0 |          0 |
|   flatten_out_6_U                                                    |                                                  hls_dummy_fifo_w16_d2_S_54 |         37 |         37 |       0 |    0 |   36 |      0 |      0 |    0 |          0 |
|   flatten_out_7_U                                                    |                                                  hls_dummy_fifo_w16_d2_S_55 |         36 |         36 |       0 |    0 |   36 |      0 |      0 |    0 |          0 |
|   flatten_out_8_U                                                    |                                                  hls_dummy_fifo_w16_d2_S_56 |         37 |         37 |       0 |    0 |   36 |      0 |      0 |    0 |          0 |
|   flatten_out_9_U                                                    |                                                  hls_dummy_fifo_w16_d2_S_57 |         36 |         36 |       0 |    0 |   36 |      0 |      0 |    0 |          0 |
|   flatten_out_U                                                      |                                                  hls_dummy_fifo_w16_d2_S_58 |         37 |         37 |       0 |    0 |   36 |      0 |      0 |    0 |          0 |
|   sparse_arr_feat_conv1_out_1_U                                      |                                                  hls_dummy_fifo_w16_d2_S_59 |        287 |        287 |       0 |    0 |   38 |      0 |      0 |    0 |          0 |
|   sparse_arr_feat_conv1_out_2_U                                      |                                                  hls_dummy_fifo_w16_d2_S_60 |        779 |        779 |       0 |    0 |   42 |      0 |      0 |    0 |          0 |
|   sparse_arr_feat_conv1_out_3_U                                      |                                                  hls_dummy_fifo_w16_d2_S_61 |         29 |         29 |       0 |    0 |   36 |      0 |      0 |    0 |          0 |
|   sparse_arr_feat_conv1_out_4_U                                      |                                                  hls_dummy_fifo_w16_d2_S_62 |         60 |         60 |       0 |    0 |   36 |      0 |      0 |    0 |          0 |
|   sparse_arr_feat_conv1_out_U                                        |                                                  hls_dummy_fifo_w16_d2_S_63 |         21 |         21 |       0 |    0 |   36 |      0 |      0 |    0 |          0 |
|   sparse_arr_feat_reduce_out_1_U                                     |                                                  hls_dummy_fifo_w16_d2_S_64 |         20 |         20 |       0 |    0 |   34 |      0 |      0 |    0 |          0 |
|   sparse_arr_feat_reduce_out_2_U                                     |                                                  hls_dummy_fifo_w16_d2_S_65 |         21 |         21 |       0 |    0 |   34 |      0 |      0 |    0 |          0 |
|   sparse_arr_feat_reduce_out_3_U                                     |                                                  hls_dummy_fifo_w16_d2_S_66 |         20 |         20 |       0 |    0 |   34 |      0 |      0 |    0 |          0 |
|   sparse_arr_feat_reduce_out_4_U                                     |                                                  hls_dummy_fifo_w16_d2_S_67 |         20 |         20 |       0 |    0 |   34 |      0 |      0 |    0 |          0 |
|   sparse_arr_feat_reduce_out_U                                       |                                                  hls_dummy_fifo_w16_d2_S_68 |         21 |         21 |       0 |    0 |   34 |      0 |      0 |    0 |          0 |
|   sparse_arr_hash_reduce_out_1_c13_channel_U                         |                                                      hls_dummy_fifo_w3_d2_S |         97 |         97 |       0 |    0 |   10 |      0 |      0 |    0 |          0 |
|   sparse_arr_hash_reduce_out_1_c_U                                   |                                                   hls_dummy_fifo_w3_d2_S_69 |          9 |          9 |       0 |    0 |   10 |      0 |      0 |    0 |          0 |
|   sparse_arr_hash_reduce_out_2_c14_channel_U                         |                                                   hls_dummy_fifo_w3_d2_S_70 |         24 |         24 |       0 |    0 |   10 |      0 |      0 |    0 |          0 |
|   sparse_arr_hash_reduce_out_2_c_U                                   |                                                   hls_dummy_fifo_w3_d2_S_71 |          9 |          9 |       0 |    0 |   10 |      0 |      0 |    0 |          0 |
|   sparse_arr_hash_reduce_out_3_c15_channel_U                         |                                                   hls_dummy_fifo_w3_d2_S_72 |         29 |         29 |       0 |    0 |   10 |      0 |      0 |    0 |          0 |
|   sparse_arr_hash_reduce_out_3_c_U                                   |                                                   hls_dummy_fifo_w3_d2_S_73 |         10 |         10 |       0 |    0 |   10 |      0 |      0 |    0 |          0 |
|   sparse_arr_hash_reduce_out_4_c16_channel_U                         |                                                   hls_dummy_fifo_w3_d2_S_74 |         27 |         27 |       0 |    0 |   10 |      0 |      0 |    0 |          0 |
|   sparse_arr_hash_reduce_out_4_c_U                                   |                                                   hls_dummy_fifo_w3_d2_S_75 |         11 |         11 |       0 |    0 |   10 |      0 |      0 |    0 |          0 |
|   sparse_arr_hash_reduce_out_5_c17_channel_U                         |                                                   hls_dummy_fifo_w3_d2_S_76 |         76 |         76 |       0 |    0 |   10 |      0 |      0 |    0 |          0 |
|   sparse_arr_hash_reduce_out_5_c_U                                   |                                                   hls_dummy_fifo_w3_d2_S_77 |          9 |          9 |       0 |    0 |   10 |      0 |      0 |    0 |          0 |
|   sparse_arr_hash_reduce_out_6_c18_channel_U                         |                                                   hls_dummy_fifo_w3_d2_S_78 |         27 |         27 |       0 |    0 |   10 |      0 |      0 |    0 |          0 |
|   sparse_arr_hash_reduce_out_6_c_U                                   |                                                   hls_dummy_fifo_w3_d2_S_79 |          9 |          9 |       0 |    0 |   10 |      0 |      0 |    0 |          0 |
|   sparse_arr_hash_reduce_out_7_c19_channel_U                         |                                                   hls_dummy_fifo_w3_d2_S_80 |        124 |        124 |       0 |    0 |   10 |      0 |      0 |    0 |          0 |
|   sparse_arr_hash_reduce_out_7_c_U                                   |                                                   hls_dummy_fifo_w3_d2_S_81 |         10 |         10 |       0 |    0 |   10 |      0 |      0 |    0 |          0 |
|   sparse_arr_hash_reduce_out_8_c20_channel_U                         |                                                   hls_dummy_fifo_w3_d2_S_82 |         26 |         26 |       0 |    0 |   10 |      0 |      0 |    0 |          0 |
|   sparse_arr_hash_reduce_out_8_c_U                                   |                                                   hls_dummy_fifo_w3_d2_S_83 |          9 |          9 |       0 |    0 |   10 |      0 |      0 |    0 |          0 |
|   sparse_arr_hash_reduce_out_9_c21_channel_U                         |                                                   hls_dummy_fifo_w3_d2_S_84 |         55 |         55 |       0 |    0 |   10 |      0 |      0 |    0 |          0 |
|   sparse_arr_hash_reduce_out_9_c_U                                   |                                                   hls_dummy_fifo_w3_d2_S_85 |          9 |          9 |       0 |    0 |   10 |      0 |      0 |    0 |          0 |
|   sparse_arr_hash_reduce_out_c12_channel_U                           |                                                   hls_dummy_fifo_w3_d2_S_86 |         29 |         29 |       0 |    0 |   10 |      0 |      0 |    0 |          0 |
|   sparse_arr_hash_reduce_out_c_U                                     |                                                   hls_dummy_fifo_w3_d2_S_87 |          9 |          9 |       0 |    0 |   10 |      0 |      0 |    0 |          0 |
|   sparse_conv_ap_fixed_ap_fixed_ap_uint_ap_fixed_ap_fixed_5_1_1_3_U0 | hls_dummy_sparse_conv_ap_fixed_ap_fixed_ap_uint_ap_fixed_ap_fixed_5_1_1_3_s |        446 |        446 |       0 |    0 |  130 |      0 |      0 |    0 |         25 |
|   sparse_flatten_ap_fixed_16_6_5_3_0_ap_uint_10_10_6_1_5_U0          |          hls_dummy_sparse_flatten_ap_fixed_16_6_5_3_0_ap_uint_10_10_6_1_5_s |       3113 |       3113 |       0 |    0 | 3062 |      0 |      0 |    0 |          0 |
|   sparse_input_reduce_ap_fixed_16_6_5_3_0_ap_uint_10_10_6_1_5_4_U0   |     hls_dummy_sparse_input_reduce_ap_fixed_16_6_5_3_0_ap_uint_10_10_6_1_5_4 |       3145 |       3145 |       0 |    0 | 1387 |      0 |      0 |    0 |          0 |
+----------------------------------------------------------------------+-----------------------------------------------------------------------------+------------+------------+---------+------+------+--------+--------+------+------------+


