

================================================================
== Vitis HLS Report for 'softmax_stable_ap_fixed_ap_fixed_16_6_5_3_0_softmax_config18_s'
================================================================
* Date:           Sun Jul 27 18:10:06 2025

* Version:        2023.1 (Build 3854077 on May  4 2023)
* Project:        myhls_prj
* Solution:       solution1 (Vivado IP Flow Target)
* Product family: virtexuplus
* Target device:  xcu250-figd2104-2L-e


================================================================
== Performance Estimates
================================================================
+ Timing: 
    * Summary: 
    +--------+---------+----------+------------+
    |  Clock |  Target | Estimated| Uncertainty|
    +--------+---------+----------+------------+
    |ap_clk  |  5.00 ns|  3.526 ns|     1.35 ns|
    +--------+---------+----------+------------+

+ Latency: 
    * Summary: 
    +---------+---------+-----------+-----------+-----+-----+---------+
    |  Latency (cycles) |   Latency (absolute)  |  Interval | Pipeline|
    |   min   |   max   |    min    |    max    | min | max |   Type  |
    +---------+---------+-----------+-----------+-----+-----+---------+
    |        4|        4|  20.000 ns|  20.000 ns|    1|    1|      yes|
    +---------+---------+-----------+-----------+-----+-----+---------+

    + Detail: 
        * Instance: 
        N/A

        * Loop: 
        N/A



================================================================
== Utilization Estimates
================================================================
* Summary: 
+---------------------+---------+-------+---------+---------+------+
|         Name        | BRAM_18K|  DSP  |    FF   |   LUT   | URAM |
+---------------------+---------+-------+---------+---------+------+
|DSP                  |        -|      -|        -|        -|     -|
|Expression           |        -|      -|        0|      584|     -|
|FIFO                 |        -|      -|        -|        -|     -|
|Instance             |        -|      5|        0|       25|     -|
|Memory               |        8|      -|        0|        0|     -|
|Multiplexer          |        -|      -|        -|       54|     -|
|Register             |        -|      -|      428|        -|     -|
+---------------------+---------+-------+---------+---------+------+
|Total                |        8|      5|      428|      663|     0|
+---------------------+---------+-------+---------+---------+------+
|Available SLR        |     1344|   3072|   864000|   432000|   320|
+---------------------+---------+-------+---------+---------+------+
|Utilization SLR (%)  |       ~0|     ~0|       ~0|       ~0|     0|
+---------------------+---------+-------+---------+---------+------+
|Available            |     5376|  12288|  3456000|  1728000|  1280|
+---------------------+---------+-------+---------+---------+------+
|Utilization (%)      |       ~0|     ~0|       ~0|       ~0|     0|
+---------------------+---------+-------+---------+---------+------+

+ Detail: 
    * Instance: 
    +---------------------------+---------------------+---------+----+---+----+-----+
    |          Instance         |        Module       | BRAM_18K| DSP| FF| LUT| URAM|
    +---------------------------+---------------------+---------+----+---+----+-----+
    |mul_18s_17ns_26_1_1_U2451  |mul_18s_17ns_26_1_1  |        0|   1|  0|   5|    0|
    |mul_18s_17ns_26_1_1_U2452  |mul_18s_17ns_26_1_1  |        0|   1|  0|   5|    0|
    |mul_18s_17ns_26_1_1_U2453  |mul_18s_17ns_26_1_1  |        0|   1|  0|   5|    0|
    |mul_18s_17ns_26_1_1_U2454  |mul_18s_17ns_26_1_1  |        0|   1|  0|   5|    0|
    |mul_18s_17ns_26_1_1_U2455  |mul_18s_17ns_26_1_1  |        0|   1|  0|   5|    0|
    +---------------------------+---------------------+---------+----+---+----+-----+
    |Total                      |                     |        0|   5|  0|  25|    0|
    +---------------------------+---------------------+---------+----+---+----+-----+

    * DSP: 
    N/A

    * Memory: 
    +----------------+----------------------------------------------------------------------------------+---------+---+----+-----+------+-----+------+-------------+
    |     Memory     |                                      Module                                      | BRAM_18K| FF| LUT| URAM| Words| Bits| Banks| W*Bits*Banks|
    +----------------+----------------------------------------------------------------------------------+---------+---+----+-----+------+-----+------+-------------+
    |exp_table_U     |softmax_stable_ap_fixed_ap_fixed_16_6_5_3_0_softmax_config18_s_exp_table_ROM_eOg  |        6|  0|   0|    0|  1024|   17|     1|        17408|
    |invert_table_U  |softmax_stable_ap_fixed_ap_fixed_16_6_5_3_0_softmax_config18_s_invert_table_RfYi  |        2|  0|   0|    0|  1024|   18|     1|        18432|
    +----------------+----------------------------------------------------------------------------------+---------+---+----+-----+------+-----+------+-------------+
    |Total           |                                                                                  |        8|  0|   0|    0|  2048|   35|     2|        35840|
    +----------------+----------------------------------------------------------------------------------+---------+---+----+-----+------+-----+------+-------------+

    * FIFO: 
    N/A

    * Expression: 
    +---------------------------+----------+----+---+----+------------+------------+
    |       Variable Name       | Operation| DSP| FF| LUT| Bitwidth P0| Bitwidth P1|
    +---------------------------+----------+----+---+----+------------+------------+
    |add_ln51_1_fu_523_p2       |         +|   0|  0|  25|          18|          18|
    |add_ln51_2_fu_433_p2       |         +|   0|  0|  24|          17|          17|
    |add_ln51_3_fu_455_p2       |         +|   0|  0|  25|          18|          18|
    |add_ln51_4_fu_493_p2       |         +|   0|  0|  25|          18|          18|
    |add_ln51_5_fu_461_p2       |         +|   0|  0|  24|          17|          17|
    |add_ln51_6_fu_499_p2       |         +|   0|  0|  24|          17|          17|
    |add_ln51_fu_427_p2         |         +|   0|  0|  25|          18|          18|
    |sub_ln245_1_fu_304_p2      |         -|   0|  0|  29|          22|          22|
    |sub_ln245_2_fu_313_p2      |         -|   0|  0|  29|          22|          22|
    |sub_ln245_3_fu_322_p2      |         -|   0|  0|  29|          22|          22|
    |sub_ln245_4_fu_331_p2      |         -|   0|  0|  29|          22|          22|
    |sub_ln245_fu_295_p2        |         -|   0|  0|  29|          22|          22|
    |icmp_ln66_1_fu_229_p2      |      icmp|   0|  0|  27|          20|          20|
    |icmp_ln66_2_fu_253_p2      |      icmp|   0|  0|  28|          21|          21|
    |icmp_ln66_3_fu_270_p2      |      icmp|   0|  0|  28|          21|          21|
    |icmp_ln66_fu_209_p2        |      icmp|   0|  0|  28|          21|          21|
    |ap_block_pp0_stage0_01001  |        or|   0|  0|   2|           1|           1|
    |select_ln51_1_fu_547_p3    |    select|   0|  0|  10|           1|           9|
    |select_ln51_2_fu_475_p3    |    select|   0|  0|  17|           1|           2|
    |select_ln51_3_fu_511_p3    |    select|   0|  0|  17|           1|           2|
    |select_ln51_fu_447_p3      |    select|   0|  0|  17|           1|           2|
    |select_ln66_1_fu_241_p3    |    select|   0|  0|  20|           1|          20|
    |select_ln66_2_fu_264_p3    |    select|   0|  0|  21|           1|          21|
    |select_ln66_fu_221_p3      |    select|   0|  0|  21|           1|          21|
    |x_max_fu_281_p3            |    select|   0|  0|  21|           1|          21|
    |ap_enable_pp0              |       xor|   0|  0|   2|           1|           2|
    |xor_ln66_1_fu_235_p2       |       xor|   0|  0|   2|           1|           2|
    |xor_ln66_2_fu_259_p2       |       xor|   0|  0|   2|           1|           2|
    |xor_ln66_3_fu_275_p2       |       xor|   0|  0|   2|           1|           2|
    |xor_ln66_fu_215_p2         |       xor|   0|  0|   2|           1|           2|
    +---------------------------+----------+----+---+----+------------+------------+
    |Total                      |          |   0|  0| 584|         330|         425|
    +---------------------------+----------+----+---+----+------------+------------+

    * Multiplexer: 
    +---------------+----+-----------+-----+-----------+
    |      Name     | LUT| Input Size| Bits| Total Bits|
    +---------------+----+-----------+-----+-----------+
    |ap_done        |   9|          2|    1|          2|
    |layer18_out_0  |   9|          2|   16|         32|
    |layer18_out_1  |   9|          2|   16|         32|
    |layer18_out_2  |   9|          2|   16|         32|
    |layer18_out_3  |   9|          2|   16|         32|
    |layer18_out_4  |   9|          2|   16|         32|
    +---------------+----+-----------+-----+-----------+
    |Total          |  54|         12|   81|        162|
    +---------------+----+-----------+-----+-----------+

    * Register: 
    +---------------------------------+----+----+-----+-----------+
    |               Name              | FF | LUT| Bits| Const Bits|
    +---------------------------------+----+----+-----+-----------+
    |ap_CS_fsm                        |   1|   0|    1|          0|
    |ap_done_reg                      |   1|   0|    1|          0|
    |ap_enable_reg_pp0_iter1          |   1|   0|    1|          0|
    |ap_enable_reg_pp0_iter2          |   1|   0|    1|          0|
    |ap_enable_reg_pp0_iter3          |   1|   0|    1|          0|
    |ap_enable_reg_pp0_iter4          |   1|   0|    1|          0|
    |exp_res_1_reg_736                |  17|   0|   17|          0|
    |exp_res_1_reg_736_pp0_iter3_reg  |  17|   0|   17|          0|
    |exp_res_2_reg_741                |  17|   0|   17|          0|
    |exp_res_2_reg_741_pp0_iter3_reg  |  17|   0|   17|          0|
    |exp_res_3_reg_746                |  17|   0|   17|          0|
    |exp_res_3_reg_746_pp0_iter3_reg  |  17|   0|   17|          0|
    |exp_res_4_reg_768                |  17|   0|   17|          0|
    |exp_res_reg_731                  |  17|   0|   17|          0|
    |exp_res_reg_731_pp0_iter3_reg    |  17|   0|   17|          0|
    |icmp_ln66_2_reg_701              |   1|   0|    1|          0|
    |layer18_out_0_preg               |  16|   0|   16|          0|
    |layer18_out_1_preg               |  16|   0|   16|          0|
    |layer18_out_2_preg               |  16|   0|   16|          0|
    |layer18_out_3_preg               |  16|   0|   16|          0|
    |layer18_out_4_preg               |  16|   0|   16|          0|
    |p_read134_reg_681                |  20|   0|   20|          0|
    |p_read235_reg_676                |  20|   0|   20|          0|
    |p_read336_reg_671                |  20|   0|   20|          0|
    |p_read33_reg_686                 |  21|   0|   21|          0|
    |p_read437_reg_664                |  21|   0|   21|          0|
    |select_ln51_2_reg_762            |  17|   0|   17|          0|
    |select_ln51_reg_756              |  17|   0|   17|          0|
    |select_ln66_reg_691              |  21|   0|   21|          0|
    |sext_ln66_1_reg_696              |  21|   0|   21|          0|
    |tmp_1402_reg_726                 |  10|   0|   10|          0|
    +---------------------------------+----+----+-----+-----------+
    |Total                            | 428|   0|  428|          0|
    +---------------------------------+----+----+-----+-----------+



================================================================
== Interface
================================================================
* Summary: 
+----------------------+-----+-----+------------+----------------------------------------------------------------+--------------+
|       RTL Ports      | Dir | Bits|  Protocol  |                          Source Object                         |    C Type    |
+----------------------+-----+-----+------------+----------------------------------------------------------------+--------------+
|ap_clk                |   in|    1|  ap_ctrl_hs|  softmax_stable<ap_fixed,ap_fixed<16,6,5,3,0>,softmax_config18>|  return value|
|ap_rst                |   in|    1|  ap_ctrl_hs|  softmax_stable<ap_fixed,ap_fixed<16,6,5,3,0>,softmax_config18>|  return value|
|ap_start              |   in|    1|  ap_ctrl_hs|  softmax_stable<ap_fixed,ap_fixed<16,6,5,3,0>,softmax_config18>|  return value|
|ap_done               |  out|    1|  ap_ctrl_hs|  softmax_stable<ap_fixed,ap_fixed<16,6,5,3,0>,softmax_config18>|  return value|
|ap_continue           |   in|    1|  ap_ctrl_hs|  softmax_stable<ap_fixed,ap_fixed<16,6,5,3,0>,softmax_config18>|  return value|
|ap_idle               |  out|    1|  ap_ctrl_hs|  softmax_stable<ap_fixed,ap_fixed<16,6,5,3,0>,softmax_config18>|  return value|
|ap_ready              |  out|    1|  ap_ctrl_hs|  softmax_stable<ap_fixed,ap_fixed<16,6,5,3,0>,softmax_config18>|  return value|
|p_read                |   in|   21|     ap_none|                                                          p_read|        scalar|
|p_read1               |   in|   20|     ap_none|                                                         p_read1|        scalar|
|p_read2               |   in|   20|     ap_none|                                                         p_read2|        scalar|
|p_read3               |   in|   20|     ap_none|                                                         p_read3|        scalar|
|p_read4               |   in|   21|     ap_none|                                                         p_read4|        scalar|
|layer18_out_0         |  out|   16|      ap_vld|                                                   layer18_out_0|       pointer|
|layer18_out_0_ap_vld  |  out|    1|      ap_vld|                                                   layer18_out_0|       pointer|
|layer18_out_1         |  out|   16|      ap_vld|                                                   layer18_out_1|       pointer|
|layer18_out_1_ap_vld  |  out|    1|      ap_vld|                                                   layer18_out_1|       pointer|
|layer18_out_2         |  out|   16|      ap_vld|                                                   layer18_out_2|       pointer|
|layer18_out_2_ap_vld  |  out|    1|      ap_vld|                                                   layer18_out_2|       pointer|
|layer18_out_3         |  out|   16|      ap_vld|                                                   layer18_out_3|       pointer|
|layer18_out_3_ap_vld  |  out|    1|      ap_vld|                                                   layer18_out_3|       pointer|
|layer18_out_4         |  out|   16|      ap_vld|                                                   layer18_out_4|       pointer|
|layer18_out_4_ap_vld  |  out|    1|      ap_vld|                                                   layer18_out_4|       pointer|
+----------------------+-----+-----+------------+----------------------------------------------------------------+--------------+

