Copyright 1986-2022 Xilinx, Inc. All Rights Reserved. Copyright 2022-2023 Advanced Micro Devices, Inc. All Rights Reserved.
---------------------------------------------------------------------------------------------------------------------------------------------
| Tool Version : Vivado v.2023.1 (lin64) Build 3865809 Sun May  7 15:04:56 MDT 2023
| Date         : Wed Jul 23 18:34:02 2025
| Host         : coder-hftsoi-hls1 running 64-bit Ubuntu 20.04.6 LTS
| Command      : report_utilization -file vivado_synth.rpt -hierarchical -hierarchical_depth 1
| Design       : hls_dummy
| Device       : xcu250-figd2104-2L-e
| Speed File   : -2L
| Design State : Optimized
---------------------------------------------------------------------------------------------------------------------------------------------

Utilization Design Information

Table of Contents
-----------------
1. Utilization by Hierarchy

1. Utilization by Hierarchy
---------------------------

+-----------------------------------------------------------------------+------------------------------------------------------------------------------+------------+------------+---------+------+------+--------+--------+------+------------+
|                                Instance                               |                                    Module                                    | Total LUTs | Logic LUTs | LUTRAMs | SRLs |  FFs | RAMB36 | RAMB18 | URAM | DSP Blocks |
+-----------------------------------------------------------------------+------------------------------------------------------------------------------+------------+------------+---------+------+------+--------+--------+------+------------+
| hls_dummy                                                             |                                                                        (top) |      19584 |      19584 |       0 |    0 | 5818 |      0 |      0 |    0 |          0 |
|   (hls_dummy)                                                         |                                                                        (top) |          0 |          0 |       0 |    0 |   70 |      0 |      0 |    0 |          0 |
|   Block_entry28_proc_U0                                               |                                                 hls_dummy_Block_entry28_proc |          0 |          0 |       0 |    0 |  124 |      0 |      0 |    0 |          0 |
|   sparse_arr_feat_conv1_out_10_U                                      |                                                       hls_dummy_fifo_w8_d2_S |         59 |         59 |       0 |    0 |   20 |      0 |      0 |    0 |          0 |
|   sparse_arr_feat_conv1_out_11_U                                      |                                                     hls_dummy_fifo_w8_d2_S_0 |         61 |         61 |       0 |    0 |   20 |      0 |      0 |    0 |          0 |
|   sparse_arr_feat_conv1_out_12_U                                      |                                                     hls_dummy_fifo_w8_d2_S_1 |         25 |         25 |       0 |    0 |   20 |      0 |      0 |    0 |          0 |
|   sparse_arr_feat_conv1_out_13_U                                      |                                                     hls_dummy_fifo_w8_d2_S_2 |         23 |         23 |       0 |    0 |   20 |      0 |      0 |    0 |          0 |
|   sparse_arr_feat_conv1_out_14_U                                      |                                                     hls_dummy_fifo_w8_d2_S_3 |         31 |         31 |       0 |    0 |   20 |      0 |      0 |    0 |          0 |
|   sparse_arr_feat_conv1_out_15_U                                      |                                                     hls_dummy_fifo_w8_d2_S_4 |         32 |         32 |       0 |    0 |   20 |      0 |      0 |    0 |          0 |
|   sparse_arr_feat_conv1_out_16_U                                      |                                                     hls_dummy_fifo_w8_d2_S_5 |         48 |         48 |       0 |    0 |   20 |      0 |      0 |    0 |          0 |
|   sparse_arr_feat_conv1_out_17_U                                      |                                                     hls_dummy_fifo_w8_d2_S_6 |         47 |         47 |       0 |    0 |   20 |      0 |      0 |    0 |          0 |
|   sparse_arr_feat_conv1_out_18_U                                      |                                                     hls_dummy_fifo_w8_d2_S_7 |         35 |         35 |       0 |    0 |   20 |      0 |      0 |    0 |          0 |
|   sparse_arr_feat_conv1_out_19_U                                      |                                                     hls_dummy_fifo_w8_d2_S_8 |         35 |         35 |       0 |    0 |   20 |      0 |      0 |    0 |          0 |
|   sparse_arr_feat_conv1_out_1_U                                       |                                                     hls_dummy_fifo_w8_d2_S_9 |         22 |         22 |       0 |    0 |   20 |      0 |      0 |    0 |          0 |
|   sparse_arr_feat_conv1_out_2_U                                       |                                                    hls_dummy_fifo_w8_d2_S_10 |         25 |         25 |       0 |    0 |   20 |      0 |      0 |    0 |          0 |
|   sparse_arr_feat_conv1_out_3_U                                       |                                                    hls_dummy_fifo_w8_d2_S_11 |         24 |         24 |       0 |    0 |   20 |      0 |      0 |    0 |          0 |
|   sparse_arr_feat_conv1_out_4_U                                       |                                                    hls_dummy_fifo_w8_d2_S_12 |         30 |         30 |       0 |    0 |   20 |      0 |      0 |    0 |          0 |
|   sparse_arr_feat_conv1_out_5_U                                       |                                                    hls_dummy_fifo_w8_d2_S_13 |         29 |         29 |       0 |    0 |   20 |      0 |      0 |    0 |          0 |
|   sparse_arr_feat_conv1_out_6_U                                       |                                                    hls_dummy_fifo_w8_d2_S_14 |         38 |         38 |       0 |    0 |   20 |      0 |      0 |    0 |          0 |
|   sparse_arr_feat_conv1_out_7_U                                       |                                                    hls_dummy_fifo_w8_d2_S_15 |         33 |         33 |       0 |    0 |   20 |      0 |      0 |    0 |          0 |
|   sparse_arr_feat_conv1_out_8_U                                       |                                                    hls_dummy_fifo_w8_d2_S_16 |         30 |         30 |       0 |    0 |   20 |      0 |      0 |    0 |          0 |
|   sparse_arr_feat_conv1_out_9_U                                       |                                                    hls_dummy_fifo_w8_d2_S_17 |         31 |         31 |       0 |    0 |   20 |      0 |      0 |    0 |          0 |
|   sparse_arr_feat_conv1_out_U                                         |                                                    hls_dummy_fifo_w8_d2_S_18 |         23 |         23 |       0 |    0 |   20 |      0 |      0 |    0 |          0 |
|   sparse_arr_feat_pool1_out_10_U                                      |                                                    hls_dummy_fifo_w8_d2_S_19 |         16 |         16 |       0 |    0 |   16 |      0 |      0 |    0 |          0 |
|   sparse_arr_feat_pool1_out_11_U                                      |                                                    hls_dummy_fifo_w8_d2_S_20 |         15 |         15 |       0 |    0 |   16 |      0 |      0 |    0 |          0 |
|   sparse_arr_feat_pool1_out_12_U                                      |                                                    hls_dummy_fifo_w8_d2_S_21 |         19 |         19 |       0 |    0 |   16 |      0 |      0 |    0 |          0 |
|   sparse_arr_feat_pool1_out_13_U                                      |                                                    hls_dummy_fifo_w8_d2_S_22 |         15 |         15 |       0 |    0 |   16 |      0 |      0 |    0 |          0 |
|   sparse_arr_feat_pool1_out_14_U                                      |                                                    hls_dummy_fifo_w8_d2_S_23 |         17 |         17 |       0 |    0 |   16 |      0 |      0 |    0 |          0 |
|   sparse_arr_feat_pool1_out_15_U                                      |                                                    hls_dummy_fifo_w8_d2_S_24 |         15 |         15 |       0 |    0 |   16 |      0 |      0 |    0 |          0 |
|   sparse_arr_feat_pool1_out_16_U                                      |                                                    hls_dummy_fifo_w8_d2_S_25 |         15 |         15 |       0 |    0 |   16 |      0 |      0 |    0 |          0 |
|   sparse_arr_feat_pool1_out_17_U                                      |                                                    hls_dummy_fifo_w8_d2_S_26 |         16 |         16 |       0 |    0 |   16 |      0 |      0 |    0 |          0 |
|   sparse_arr_feat_pool1_out_18_U                                      |                                                    hls_dummy_fifo_w8_d2_S_27 |         19 |         19 |       0 |    0 |   20 |      0 |      0 |    0 |          0 |
|   sparse_arr_feat_pool1_out_19_U                                      |                                                    hls_dummy_fifo_w8_d2_S_28 |         19 |         19 |       0 |    0 |   20 |      0 |      0 |    0 |          0 |
|   sparse_arr_feat_pool1_out_1_U                                       |                                                    hls_dummy_fifo_w8_d2_S_29 |         15 |         15 |       0 |    0 |   16 |      0 |      0 |    0 |          0 |
|   sparse_arr_feat_pool1_out_2_U                                       |                                                    hls_dummy_fifo_w8_d2_S_30 |         15 |         15 |       0 |    0 |   16 |      0 |      0 |    0 |          0 |
|   sparse_arr_feat_pool1_out_3_U                                       |                                                    hls_dummy_fifo_w8_d2_S_31 |         15 |         15 |       0 |    0 |   16 |      0 |      0 |    0 |          0 |
|   sparse_arr_feat_pool1_out_4_U                                       |                                                    hls_dummy_fifo_w8_d2_S_32 |         16 |         16 |       0 |    0 |   16 |      0 |      0 |    0 |          0 |
|   sparse_arr_feat_pool1_out_5_U                                       |                                                    hls_dummy_fifo_w8_d2_S_33 |         16 |         16 |       0 |    0 |   16 |      0 |      0 |    0 |          0 |
|   sparse_arr_feat_pool1_out_6_U                                       |                                                    hls_dummy_fifo_w8_d2_S_34 |         15 |         15 |       0 |    0 |   16 |      0 |      0 |    0 |          0 |
|   sparse_arr_feat_pool1_out_7_U                                       |                                                    hls_dummy_fifo_w8_d2_S_35 |         15 |         15 |       0 |    0 |   16 |      0 |      0 |    0 |          0 |
|   sparse_arr_feat_pool1_out_8_U                                       |                                                    hls_dummy_fifo_w8_d2_S_36 |         15 |         15 |       0 |    0 |   16 |      0 |      0 |    0 |          0 |
|   sparse_arr_feat_pool1_out_9_U                                       |                                                    hls_dummy_fifo_w8_d2_S_37 |         17 |         17 |       0 |    0 |   16 |      0 |      0 |    0 |          0 |
|   sparse_arr_feat_pool1_out_U                                         |                                                    hls_dummy_fifo_w8_d2_S_38 |         17 |         17 |       0 |    0 |   16 |      0 |      0 |    0 |          0 |
|   sparse_arr_feat_reduce_out_1_U                                      |                                                    hls_dummy_fifo_w8_d2_S_39 |        708 |        708 |       0 |    0 |   18 |      0 |      0 |    0 |          0 |
|   sparse_arr_feat_reduce_out_2_U                                      |                                                    hls_dummy_fifo_w8_d2_S_40 |        665 |        665 |       0 |    0 |   18 |      0 |      0 |    0 |          0 |
|   sparse_arr_feat_reduce_out_3_U                                      |                                                    hls_dummy_fifo_w8_d2_S_41 |        622 |        622 |       0 |    0 |   18 |      0 |      0 |    0 |          0 |
|   sparse_arr_feat_reduce_out_4_U                                      |                                                    hls_dummy_fifo_w8_d2_S_42 |        574 |        574 |       0 |    0 |   18 |      0 |      0 |    0 |          0 |
|   sparse_arr_feat_reduce_out_5_U                                      |                                                    hls_dummy_fifo_w8_d2_S_43 |        535 |        535 |       0 |    0 |   18 |      0 |      0 |    0 |          0 |
|   sparse_arr_feat_reduce_out_6_U                                      |                                                    hls_dummy_fifo_w8_d2_S_44 |        489 |        489 |       0 |    0 |   18 |      0 |      0 |    0 |          0 |
|   sparse_arr_feat_reduce_out_7_U                                      |                                                    hls_dummy_fifo_w8_d2_S_45 |        449 |        449 |       0 |    0 |   18 |      0 |      0 |    0 |          0 |
|   sparse_arr_feat_reduce_out_8_U                                      |                                                    hls_dummy_fifo_w8_d2_S_46 |        405 |        405 |       0 |    0 |   18 |      0 |      0 |    0 |          0 |
|   sparse_arr_feat_reduce_out_9_U                                      |                                                    hls_dummy_fifo_w8_d2_S_47 |        362 |        362 |       0 |    0 |   18 |      0 |      0 |    0 |          0 |
|   sparse_arr_feat_reduce_out_U                                        |                                                    hls_dummy_fifo_w8_d2_S_48 |        742 |        742 |       0 |    0 |   18 |      0 |      0 |    0 |          0 |
|   sparse_arr_hash_reduce_out_10_c22_channel_U                         |                                                       hls_dummy_fifo_w4_d2_S |         73 |         73 |       0 |    0 |   12 |      0 |      0 |    0 |          0 |
|   sparse_arr_hash_reduce_out_10_c_U                                   |                                                    hls_dummy_fifo_w4_d2_S_49 |         11 |         11 |       0 |    0 |   12 |      0 |      0 |    0 |          0 |
|   sparse_arr_hash_reduce_out_11_c23_channel_U                         |                                                    hls_dummy_fifo_w4_d2_S_50 |         58 |         58 |       0 |    0 |   12 |      0 |      0 |    0 |          0 |
|   sparse_arr_hash_reduce_out_11_c_U                                   |                                                    hls_dummy_fifo_w4_d2_S_51 |         11 |         11 |       0 |    0 |   12 |      0 |      0 |    0 |          0 |
|   sparse_arr_hash_reduce_out_12_c24_channel_U                         |                                                    hls_dummy_fifo_w4_d2_S_52 |         68 |         68 |       0 |    0 |   12 |      0 |      0 |    0 |          0 |
|   sparse_arr_hash_reduce_out_12_c_U                                   |                                                    hls_dummy_fifo_w4_d2_S_53 |         10 |         10 |       0 |    0 |   12 |      0 |      0 |    0 |          0 |
|   sparse_arr_hash_reduce_out_13_c25_channel_U                         |                                                    hls_dummy_fifo_w4_d2_S_54 |         62 |         62 |       0 |    0 |   12 |      0 |      0 |    0 |          0 |
|   sparse_arr_hash_reduce_out_13_c_U                                   |                                                    hls_dummy_fifo_w4_d2_S_55 |         11 |         11 |       0 |    0 |   12 |      0 |      0 |    0 |          0 |
|   sparse_arr_hash_reduce_out_14_c26_channel_U                         |                                                    hls_dummy_fifo_w4_d2_S_56 |         94 |         94 |       0 |    0 |   12 |      0 |      0 |    0 |          0 |
|   sparse_arr_hash_reduce_out_14_c_U                                   |                                                    hls_dummy_fifo_w4_d2_S_57 |         10 |         10 |       0 |    0 |   12 |      0 |      0 |    0 |          0 |
|   sparse_arr_hash_reduce_out_15_c27_channel_U                         |                                                    hls_dummy_fifo_w4_d2_S_58 |         52 |         52 |       0 |    0 |   12 |      0 |      0 |    0 |          0 |
|   sparse_arr_hash_reduce_out_15_c_U                                   |                                                    hls_dummy_fifo_w4_d2_S_59 |         10 |         10 |       0 |    0 |   12 |      0 |      0 |    0 |          0 |
|   sparse_arr_hash_reduce_out_16_c28_channel_U                         |                                                    hls_dummy_fifo_w4_d2_S_60 |         88 |         88 |       0 |    0 |   12 |      0 |      0 |    0 |          0 |
|   sparse_arr_hash_reduce_out_16_c_U                                   |                                                    hls_dummy_fifo_w4_d2_S_61 |         11 |         11 |       0 |    0 |   12 |      0 |      0 |    0 |          0 |
|   sparse_arr_hash_reduce_out_17_c29_channel_U                         |                                                    hls_dummy_fifo_w4_d2_S_62 |         56 |         56 |       0 |    0 |   12 |      0 |      0 |    0 |          0 |
|   sparse_arr_hash_reduce_out_17_c_U                                   |                                                    hls_dummy_fifo_w4_d2_S_63 |         10 |         10 |       0 |    0 |   12 |      0 |      0 |    0 |          0 |
|   sparse_arr_hash_reduce_out_18_c30_channel_U                         |                                                    hls_dummy_fifo_w4_d2_S_64 |         46 |         46 |       0 |    0 |   12 |      0 |      0 |    0 |          0 |
|   sparse_arr_hash_reduce_out_18_c_U                                   |                                                    hls_dummy_fifo_w4_d2_S_65 |         10 |         10 |       0 |    0 |   12 |      0 |      0 |    0 |          0 |
|   sparse_arr_hash_reduce_out_19_c31_channel_U                         |                                                    hls_dummy_fifo_w4_d2_S_66 |         58 |         58 |       0 |    0 |   12 |      0 |      0 |    0 |          0 |
|   sparse_arr_hash_reduce_out_19_c_U                                   |                                                    hls_dummy_fifo_w4_d2_S_67 |         10 |         10 |       0 |    0 |   12 |      0 |      0 |    0 |          0 |
|   sparse_arr_hash_reduce_out_1_c13_channel_U                          |                                                    hls_dummy_fifo_w4_d2_S_68 |         73 |         73 |       0 |    0 |   12 |      0 |      0 |    0 |          0 |
|   sparse_arr_hash_reduce_out_1_c_U                                    |                                                    hls_dummy_fifo_w4_d2_S_69 |         14 |         14 |       0 |    0 |   12 |      0 |      0 |    0 |          0 |
|   sparse_arr_hash_reduce_out_2_c14_channel_U                          |                                                    hls_dummy_fifo_w4_d2_S_70 |        103 |        103 |       0 |    0 |   12 |      0 |      0 |    0 |          0 |
|   sparse_arr_hash_reduce_out_2_c_U                                    |                                                    hls_dummy_fifo_w4_d2_S_71 |         14 |         14 |       0 |    0 |   12 |      0 |      0 |    0 |          0 |
|   sparse_arr_hash_reduce_out_3_c15_channel_U                          |                                                    hls_dummy_fifo_w4_d2_S_72 |         72 |         72 |       0 |    0 |   12 |      0 |      0 |    0 |          0 |
|   sparse_arr_hash_reduce_out_3_c_U                                    |                                                    hls_dummy_fifo_w4_d2_S_73 |         14 |         14 |       0 |    0 |   12 |      0 |      0 |    0 |          0 |
|   sparse_arr_hash_reduce_out_4_c16_channel_U                          |                                                    hls_dummy_fifo_w4_d2_S_74 |        102 |        102 |       0 |    0 |   12 |      0 |      0 |    0 |          0 |
|   sparse_arr_hash_reduce_out_4_c_U                                    |                                                    hls_dummy_fifo_w4_d2_S_75 |         15 |         15 |       0 |    0 |   12 |      0 |      0 |    0 |          0 |
|   sparse_arr_hash_reduce_out_5_c17_channel_U                          |                                                    hls_dummy_fifo_w4_d2_S_76 |         63 |         63 |       0 |    0 |   12 |      0 |      0 |    0 |          0 |
|   sparse_arr_hash_reduce_out_5_c_U                                    |                                                    hls_dummy_fifo_w4_d2_S_77 |         14 |         14 |       0 |    0 |   12 |      0 |      0 |    0 |          0 |
|   sparse_arr_hash_reduce_out_6_c18_channel_U                          |                                                    hls_dummy_fifo_w4_d2_S_78 |         76 |         76 |       0 |    0 |   12 |      0 |      0 |    0 |          0 |
|   sparse_arr_hash_reduce_out_6_c_U                                    |                                                    hls_dummy_fifo_w4_d2_S_79 |         10 |         10 |       0 |    0 |   12 |      0 |      0 |    0 |          0 |
|   sparse_arr_hash_reduce_out_7_c19_channel_U                          |                                                    hls_dummy_fifo_w4_d2_S_80 |         77 |         77 |       0 |    0 |   12 |      0 |      0 |    0 |          0 |
|   sparse_arr_hash_reduce_out_7_c_U                                    |                                                    hls_dummy_fifo_w4_d2_S_81 |         13 |         13 |       0 |    0 |   12 |      0 |      0 |    0 |          0 |
|   sparse_arr_hash_reduce_out_8_c20_channel_U                          |                                                    hls_dummy_fifo_w4_d2_S_82 |         83 |         83 |       0 |    0 |   12 |      0 |      0 |    0 |          0 |
|   sparse_arr_hash_reduce_out_8_c_U                                    |                                                    hls_dummy_fifo_w4_d2_S_83 |         10 |         10 |       0 |    0 |   12 |      0 |      0 |    0 |          0 |
|   sparse_arr_hash_reduce_out_9_c21_channel_U                          |                                                    hls_dummy_fifo_w4_d2_S_84 |         58 |         58 |       0 |    0 |   12 |      0 |      0 |    0 |          0 |
|   sparse_arr_hash_reduce_out_9_c_U                                    |                                                    hls_dummy_fifo_w4_d2_S_85 |         11 |         11 |       0 |    0 |   12 |      0 |      0 |    0 |          0 |
|   sparse_arr_hash_reduce_out_c12_channel_U                            |                                                    hls_dummy_fifo_w4_d2_S_86 |        113 |        113 |       0 |    0 |   12 |      0 |      0 |    0 |          0 |
|   sparse_arr_hash_reduce_out_c_U                                      |                                                    hls_dummy_fifo_w4_d2_S_87 |         16 |         16 |       0 |    0 |   12 |      0 |      0 |    0 |          0 |
|   sparse_conv_ap_fixed_ap_fixed_ap_uint_ap_fixed_ap_fixed_10_1_2_3_U0 | hls_dummy_sparse_conv_ap_fixed_ap_fixed_ap_uint_ap_fixed_ap_fixed_10_1_2_3_s |       8832 |       8832 |       0 |    0 | 2310 |      0 |      0 |    0 |          0 |
|   sparse_input_reduce_ap_fixed_8_2_5_3_0_ap_uint_10_10_10_1_10_4_U0   |     hls_dummy_sparse_input_reduce_ap_fixed_8_2_5_3_0_ap_uint_10_10_10_1_10_4 |       2267 |       2267 |       0 |    0 | 1258 |      0 |      0 |    0 |          0 |
|   sparse_pooling_avg_ap_fixed_ap_fixed_8_2_5_3_0_ap_uint_10_10_2_2_U0 | hls_dummy_sparse_pooling_avg_ap_fixed_ap_fixed_8_2_5_3_0_ap_uint_10_10_2_2_s |       1211 |       1211 |       0 |    0 |  668 |      0 |      0 |    0 |          0 |
+-----------------------------------------------------------------------+------------------------------------------------------------------------------+------------+------------+---------+------+------+--------+--------+------+------------+


