

================================================================
== Vitis HLS Report for 'dense_latency_ap_ufixed_16_6_4_0_0_ap_fixed_28_9_5_3_0_config16_s'
================================================================
* Date:           Sun Jul 27 22:55:58 2025

* Version:        2023.1 (Build 3854077 on May  4 2023)
* Project:        myhls_prj
* Solution:       solution1 (Vivado IP Flow Target)
* Product family: virtexuplus
* Target device:  xcu250-figd2104-2L-e


================================================================
== Performance Estimates
================================================================
+ Timing: 
    * Summary: 
    +--------+---------+----------+------------+
    |  Clock |  Target | Estimated| Uncertainty|
    +--------+---------+----------+------------+
    |ap_clk  |  5.00 ns|  3.635 ns|     1.35 ns|
    +--------+---------+----------+------------+

+ Latency: 
    * Summary: 
    +---------+---------+-----------+-----------+-----+-----+---------+
    |  Latency (cycles) |   Latency (absolute)  |  Interval | Pipeline|
    |   min   |   max   |    min    |    max    | min | max |   Type  |
    +---------+---------+-----------+-----------+-----+-----+---------+
    |        2|        2|  10.000 ns|  10.000 ns|    1|    1|      yes|
    +---------+---------+-----------+-----------+-----+-----+---------+

    + Detail: 
        * Instance: 
        N/A

        * Loop: 
        N/A



================================================================
== Utilization Estimates
================================================================
* Summary: 
+---------------------+---------+-------+---------+---------+------+
|         Name        | BRAM_18K|  DSP  |    FF   |   LUT   | URAM |
+---------------------+---------+-------+---------+---------+------+
|DSP                  |        -|      -|        -|        -|     -|
|Expression           |        -|      -|        0|     4689|     -|
|FIFO                 |        -|      -|        -|        -|     -|
|Instance             |        -|    120|        0|      600|     -|
|Memory               |        -|      -|        -|        -|     -|
|Multiplexer          |        -|      -|        -|       54|     -|
|Register             |        -|      -|     1921|        -|     -|
+---------------------+---------+-------+---------+---------+------+
|Total                |        0|    120|     1921|     5343|     0|
+---------------------+---------+-------+---------+---------+------+
|Available SLR        |     1344|   3072|   864000|   432000|   320|
+---------------------+---------+-------+---------+---------+------+
|Utilization SLR (%)  |        0|      3|       ~0|        1|     0|
+---------------------+---------+-------+---------+---------+------+
|Available            |     5376|  12288|  3456000|  1728000|  1280|
+---------------------+---------+-------+---------+---------+------+
|Utilization (%)      |        0|     ~0|       ~0|       ~0|     0|
+---------------------+---------+-------+---------+---------+------+

+ Detail: 
    * Instance: 
    +----------------------------+----------------------+---------+----+---+----+-----+
    |          Instance          |        Module        | BRAM_18K| DSP| FF| LUT| URAM|
    +----------------------------+----------------------+---------+----+---+----+-----+
    |mul_16ns_10ns_25_1_1_U6803  |mul_16ns_10ns_25_1_1  |        0|   1|  0|   5|    0|
    |mul_16ns_10ns_25_1_1_U6804  |mul_16ns_10ns_25_1_1  |        0|   1|  0|   5|    0|
    |mul_16ns_10ns_25_1_1_U6808  |mul_16ns_10ns_25_1_1  |        0|   1|  0|   5|    0|
    |mul_16ns_10ns_25_1_1_U6819  |mul_16ns_10ns_25_1_1  |        0|   1|  0|   5|    0|
    |mul_16ns_10ns_25_1_1_U6831  |mul_16ns_10ns_25_1_1  |        0|   1|  0|   5|    0|
    |mul_16ns_10ns_25_1_1_U6832  |mul_16ns_10ns_25_1_1  |        0|   1|  0|   5|    0|
    |mul_16ns_10ns_25_1_1_U6836  |mul_16ns_10ns_25_1_1  |        0|   1|  0|   5|    0|
    |mul_16ns_10ns_25_1_1_U6843  |mul_16ns_10ns_25_1_1  |        0|   1|  0|   5|    0|
    |mul_16ns_10ns_25_1_1_U6845  |mul_16ns_10ns_25_1_1  |        0|   1|  0|   5|    0|
    |mul_16ns_10ns_25_1_1_U6856  |mul_16ns_10ns_25_1_1  |        0|   1|  0|   5|    0|
    |mul_16ns_10ns_25_1_1_U6857  |mul_16ns_10ns_25_1_1  |        0|   1|  0|   5|    0|
    |mul_16ns_10ns_25_1_1_U6859  |mul_16ns_10ns_25_1_1  |        0|   1|  0|   5|    0|
    |mul_16ns_10ns_25_1_1_U6866  |mul_16ns_10ns_25_1_1  |        0|   1|  0|   5|    0|
    |mul_16ns_10ns_25_1_1_U6870  |mul_16ns_10ns_25_1_1  |        0|   1|  0|   5|    0|
    |mul_16ns_10ns_25_1_1_U6873  |mul_16ns_10ns_25_1_1  |        0|   1|  0|   5|    0|
    |mul_16ns_10ns_25_1_1_U6876  |mul_16ns_10ns_25_1_1  |        0|   1|  0|   5|    0|
    |mul_16ns_10ns_25_1_1_U6878  |mul_16ns_10ns_25_1_1  |        0|   1|  0|   5|    0|
    |mul_16ns_10ns_25_1_1_U6893  |mul_16ns_10ns_25_1_1  |        0|   1|  0|   5|    0|
    |mul_16ns_10ns_25_1_1_U6894  |mul_16ns_10ns_25_1_1  |        0|   1|  0|   5|    0|
    |mul_16ns_10ns_25_1_1_U6900  |mul_16ns_10ns_25_1_1  |        0|   1|  0|   5|    0|
    |mul_16ns_10ns_25_1_1_U6906  |mul_16ns_10ns_25_1_1  |        0|   1|  0|   5|    0|
    |mul_16ns_10ns_25_1_1_U6915  |mul_16ns_10ns_25_1_1  |        0|   1|  0|   5|    0|
    |mul_16ns_10s_26_1_1_U6812   |mul_16ns_10s_26_1_1   |        0|   1|  0|   5|    0|
    |mul_16ns_10s_26_1_1_U6829   |mul_16ns_10s_26_1_1   |        0|   1|  0|   5|    0|
    |mul_16ns_10s_26_1_1_U6830   |mul_16ns_10s_26_1_1   |        0|   1|  0|   5|    0|
    |mul_16ns_10s_26_1_1_U6837   |mul_16ns_10s_26_1_1   |        0|   1|  0|   5|    0|
    |mul_16ns_10s_26_1_1_U6853   |mul_16ns_10s_26_1_1   |        0|   1|  0|   5|    0|
    |mul_16ns_10s_26_1_1_U6860   |mul_16ns_10s_26_1_1   |        0|   1|  0|   5|    0|
    |mul_16ns_10s_26_1_1_U6887   |mul_16ns_10s_26_1_1   |        0|   1|  0|   5|    0|
    |mul_16ns_10s_26_1_1_U6891   |mul_16ns_10s_26_1_1   |        0|   1|  0|   5|    0|
    |mul_16ns_10s_26_1_1_U6895   |mul_16ns_10s_26_1_1   |        0|   1|  0|   5|    0|
    |mul_16ns_10s_26_1_1_U6896   |mul_16ns_10s_26_1_1   |        0|   1|  0|   5|    0|
    |mul_16ns_10s_26_1_1_U6903   |mul_16ns_10s_26_1_1   |        0|   1|  0|   5|    0|
    |mul_16ns_10s_26_1_1_U6910   |mul_16ns_10s_26_1_1   |        0|   1|  0|   5|    0|
    |mul_16ns_10s_26_1_1_U6913   |mul_16ns_10s_26_1_1   |        0|   1|  0|   5|    0|
    |mul_16ns_10s_26_1_1_U6920   |mul_16ns_10s_26_1_1   |        0|   1|  0|   5|    0|
    |mul_16ns_11ns_26_1_1_U6813  |mul_16ns_11ns_26_1_1  |        0|   1|  0|   5|    0|
    |mul_16ns_11ns_26_1_1_U6824  |mul_16ns_11ns_26_1_1  |        0|   1|  0|   5|    0|
    |mul_16ns_11ns_26_1_1_U6825  |mul_16ns_11ns_26_1_1  |        0|   1|  0|   5|    0|
    |mul_16ns_11ns_26_1_1_U6834  |mul_16ns_11ns_26_1_1  |        0|   1|  0|   5|    0|
    |mul_16ns_11ns_26_1_1_U6858  |mul_16ns_11ns_26_1_1  |        0|   1|  0|   5|    0|
    |mul_16ns_11ns_26_1_1_U6874  |mul_16ns_11ns_26_1_1  |        0|   1|  0|   5|    0|
    |mul_16ns_11ns_26_1_1_U6881  |mul_16ns_11ns_26_1_1  |        0|   1|  0|   5|    0|
    |mul_16ns_11ns_26_1_1_U6883  |mul_16ns_11ns_26_1_1  |        0|   1|  0|   5|    0|
    |mul_16ns_11ns_26_1_1_U6890  |mul_16ns_11ns_26_1_1  |        0|   1|  0|   5|    0|
    |mul_16ns_11ns_26_1_1_U6902  |mul_16ns_11ns_26_1_1  |        0|   1|  0|   5|    0|
    |mul_16ns_11s_27_1_1_U6815   |mul_16ns_11s_27_1_1   |        0|   1|  0|   5|    0|
    |mul_16ns_11s_27_1_1_U6820   |mul_16ns_11s_27_1_1   |        0|   1|  0|   5|    0|
    |mul_16ns_11s_27_1_1_U6827   |mul_16ns_11s_27_1_1   |        0|   1|  0|   5|    0|
    |mul_16ns_11s_27_1_1_U6835   |mul_16ns_11s_27_1_1   |        0|   1|  0|   5|    0|
    |mul_16ns_11s_27_1_1_U6838   |mul_16ns_11s_27_1_1   |        0|   1|  0|   5|    0|
    |mul_16ns_11s_27_1_1_U6839   |mul_16ns_11s_27_1_1   |        0|   1|  0|   5|    0|
    |mul_16ns_11s_27_1_1_U6841   |mul_16ns_11s_27_1_1   |        0|   1|  0|   5|    0|
    |mul_16ns_11s_27_1_1_U6844   |mul_16ns_11s_27_1_1   |        0|   1|  0|   5|    0|
    |mul_16ns_11s_27_1_1_U6850   |mul_16ns_11s_27_1_1   |        0|   1|  0|   5|    0|
    |mul_16ns_11s_27_1_1_U6869   |mul_16ns_11s_27_1_1   |        0|   1|  0|   5|    0|
    |mul_16ns_11s_27_1_1_U6877   |mul_16ns_11s_27_1_1   |        0|   1|  0|   5|    0|
    |mul_16ns_11s_27_1_1_U6888   |mul_16ns_11s_27_1_1   |        0|   1|  0|   5|    0|
    |mul_16ns_12ns_27_1_1_U6862  |mul_16ns_12ns_27_1_1  |        0|   1|  0|   5|    0|
    |mul_16ns_12ns_27_1_1_U6882  |mul_16ns_12ns_27_1_1  |        0|   1|  0|   5|    0|
    |mul_16ns_12ns_27_1_1_U6884  |mul_16ns_12ns_27_1_1  |        0|   1|  0|   5|    0|
    |mul_16ns_12s_28_1_1_U6802   |mul_16ns_12s_28_1_1   |        0|   1|  0|   5|    0|
    |mul_16ns_12s_28_1_1_U6818   |mul_16ns_12s_28_1_1   |        0|   1|  0|   5|    0|
    |mul_16ns_12s_28_1_1_U6851   |mul_16ns_12s_28_1_1   |        0|   1|  0|   5|    0|
    |mul_16ns_12s_28_1_1_U6871   |mul_16ns_12s_28_1_1   |        0|   1|  0|   5|    0|
    |mul_16ns_12s_28_1_1_U6886   |mul_16ns_12s_28_1_1   |        0|   1|  0|   5|    0|
    |mul_16ns_12s_28_1_1_U6912   |mul_16ns_12s_28_1_1   |        0|   1|  0|   5|    0|
    |mul_16ns_12s_28_1_1_U6919   |mul_16ns_12s_28_1_1   |        0|   1|  0|   5|    0|
    |mul_16ns_12s_28_1_1_U6921   |mul_16ns_12s_28_1_1   |        0|   1|  0|   5|    0|
    |mul_16ns_13ns_28_1_1_U6814  |mul_16ns_13ns_28_1_1  |        0|   1|  0|   5|    0|
    |mul_16ns_13ns_28_1_1_U6816  |mul_16ns_13ns_28_1_1  |        0|   1|  0|   5|    0|
    |mul_16ns_13ns_28_1_1_U6840  |mul_16ns_13ns_28_1_1  |        0|   1|  0|   5|    0|
    |mul_16ns_13ns_28_1_1_U6875  |mul_16ns_13ns_28_1_1  |        0|   1|  0|   5|    0|
    |mul_16ns_13s_28_1_1_U6826   |mul_16ns_13s_28_1_1   |        0|   1|  0|   5|    0|
    |mul_16ns_13s_28_1_1_U6918   |mul_16ns_13s_28_1_1   |        0|   1|  0|   5|    0|
    |mul_16ns_6ns_21_1_1_U6821   |mul_16ns_6ns_21_1_1   |        0|   1|  0|   5|    0|
    |mul_16ns_6s_22_1_1_U6901    |mul_16ns_6s_22_1_1    |        0|   1|  0|   5|    0|
    |mul_16ns_7ns_22_1_1_U6806   |mul_16ns_7ns_22_1_1   |        0|   1|  0|   5|    0|
    |mul_16ns_7ns_22_1_1_U6885   |mul_16ns_7ns_22_1_1   |        0|   1|  0|   5|    0|
    |mul_16ns_7s_23_1_1_U6865    |mul_16ns_7s_23_1_1    |        0|   1|  0|   5|    0|
    |mul_16ns_7s_23_1_1_U6889    |mul_16ns_7s_23_1_1    |        0|   1|  0|   5|    0|
    |mul_16ns_7s_23_1_1_U6905    |mul_16ns_7s_23_1_1    |        0|   1|  0|   5|    0|
    |mul_16ns_8ns_23_1_1_U6823   |mul_16ns_8ns_23_1_1   |        0|   1|  0|   5|    0|
    |mul_16ns_8ns_23_1_1_U6849   |mul_16ns_8ns_23_1_1   |        0|   1|  0|   5|    0|
    |mul_16ns_8ns_23_1_1_U6855   |mul_16ns_8ns_23_1_1   |        0|   1|  0|   5|    0|
    |mul_16ns_8ns_23_1_1_U6868   |mul_16ns_8ns_23_1_1   |        0|   1|  0|   5|    0|
    |mul_16ns_8ns_23_1_1_U6899   |mul_16ns_8ns_23_1_1   |        0|   1|  0|   5|    0|
    |mul_16ns_8s_24_1_1_U6805    |mul_16ns_8s_24_1_1    |        0|   1|  0|   5|    0|
    |mul_16ns_8s_24_1_1_U6828    |mul_16ns_8s_24_1_1    |        0|   1|  0|   5|    0|
    |mul_16ns_8s_24_1_1_U6833    |mul_16ns_8s_24_1_1    |        0|   1|  0|   5|    0|
    |mul_16ns_8s_24_1_1_U6854    |mul_16ns_8s_24_1_1    |        0|   1|  0|   5|    0|
    |mul_16ns_8s_24_1_1_U6917    |mul_16ns_8s_24_1_1    |        0|   1|  0|   5|    0|
    |mul_16ns_9ns_24_1_1_U6811   |mul_16ns_9ns_24_1_1   |        0|   1|  0|   5|    0|
    |mul_16ns_9ns_24_1_1_U6817   |mul_16ns_9ns_24_1_1   |        0|   1|  0|   5|    0|
    |mul_16ns_9ns_24_1_1_U6842   |mul_16ns_9ns_24_1_1   |        0|   1|  0|   5|    0|
    |mul_16ns_9ns_24_1_1_U6846   |mul_16ns_9ns_24_1_1   |        0|   1|  0|   5|    0|
    |mul_16ns_9ns_24_1_1_U6848   |mul_16ns_9ns_24_1_1   |        0|   1|  0|   5|    0|
    |mul_16ns_9ns_24_1_1_U6852   |mul_16ns_9ns_24_1_1   |        0|   1|  0|   5|    0|
    |mul_16ns_9ns_24_1_1_U6863   |mul_16ns_9ns_24_1_1   |        0|   1|  0|   5|    0|
    |mul_16ns_9ns_24_1_1_U6864   |mul_16ns_9ns_24_1_1   |        0|   1|  0|   5|    0|
    |mul_16ns_9ns_24_1_1_U6872   |mul_16ns_9ns_24_1_1   |        0|   1|  0|   5|    0|
    |mul_16ns_9ns_24_1_1_U6880   |mul_16ns_9ns_24_1_1   |        0|   1|  0|   5|    0|
    |mul_16ns_9ns_24_1_1_U6892   |mul_16ns_9ns_24_1_1   |        0|   1|  0|   5|    0|
    |mul_16ns_9ns_24_1_1_U6907   |mul_16ns_9ns_24_1_1   |        0|   1|  0|   5|    0|
    |mul_16ns_9ns_24_1_1_U6909   |mul_16ns_9ns_24_1_1   |        0|   1|  0|   5|    0|
    |mul_16ns_9ns_24_1_1_U6916   |mul_16ns_9ns_24_1_1   |        0|   1|  0|   5|    0|
    |mul_16ns_9s_25_1_1_U6807    |mul_16ns_9s_25_1_1    |        0|   1|  0|   5|    0|
    |mul_16ns_9s_25_1_1_U6809    |mul_16ns_9s_25_1_1    |        0|   1|  0|   5|    0|
    |mul_16ns_9s_25_1_1_U6810    |mul_16ns_9s_25_1_1    |        0|   1|  0|   5|    0|
    |mul_16ns_9s_25_1_1_U6847    |mul_16ns_9s_25_1_1    |        0|   1|  0|   5|    0|
    |mul_16ns_9s_25_1_1_U6867    |mul_16ns_9s_25_1_1    |        0|   1|  0|   5|    0|
    |mul_16ns_9s_25_1_1_U6879    |mul_16ns_9s_25_1_1    |        0|   1|  0|   5|    0|
    |mul_16ns_9s_25_1_1_U6897    |mul_16ns_9s_25_1_1    |        0|   1|  0|   5|    0|
    |mul_16ns_9s_25_1_1_U6898    |mul_16ns_9s_25_1_1    |        0|   1|  0|   5|    0|
    |mul_16ns_9s_25_1_1_U6904    |mul_16ns_9s_25_1_1    |        0|   1|  0|   5|    0|
    |mul_16ns_9s_25_1_1_U6908    |mul_16ns_9s_25_1_1    |        0|   1|  0|   5|    0|
    |mul_16ns_9s_25_1_1_U6911    |mul_16ns_9s_25_1_1    |        0|   1|  0|   5|    0|
    |mul_16ns_9s_25_1_1_U6914    |mul_16ns_9s_25_1_1    |        0|   1|  0|   5|    0|
    |mul_17ns_10ns_26_1_1_U6861  |mul_17ns_10ns_26_1_1  |        0|   1|  0|   5|    0|
    |mul_17ns_10s_27_1_1_U6822   |mul_17ns_10s_27_1_1   |        0|   1|  0|   5|    0|
    +----------------------------+----------------------+---------+----+---+----+-----+
    |Total                       |                      |        0| 120|  0| 600|    0|
    +----------------------------+----------------------+---------+----+---+----+-----+

    * DSP: 
    N/A

    * Memory: 
    N/A

    * FIFO: 
    N/A

    * Expression: 
    +---------------------------+----------+----+---+----+------------+------------+
    |       Variable Name       | Operation| DSP| FF| LUT| Bitwidth P0| Bitwidth P1|
    +---------------------------+----------+----+---+----+------------+------------+
    |add_ln42_1_fu_62054_p2     |         +|   0|  0|  28|          21|          21|
    |add_ln42_2_fu_62240_p2     |         +|   0|  0|  30|          23|          23|
    |add_ln42_fu_62006_p2       |         +|   0|  0|  29|          22|          22|
    |add_ln58_4018_fu_62873_p2  |         +|   0|  0|  34|          27|          27|
    |add_ln58_4019_fu_62883_p2  |         +|   0|  0|  35|          28|          28|
    |add_ln58_4020_fu_62889_p2  |         +|   0|  0|  28|          28|          28|
    |add_ln58_4021_fu_62895_p2  |         +|   0|  0|  28|          28|          28|
    |add_ln58_4022_fu_62901_p2  |         +|   0|  0|  28|          28|          28|
    |add_ln58_4023_fu_62907_p2  |         +|   0|  0|  28|          28|          28|
    |add_ln58_4024_fu_62913_p2  |         +|   0|  0|  34|          27|          27|
    |add_ln58_4025_fu_63662_p2  |         +|   0|  0|  28|          28|          28|
    |add_ln58_4026_fu_62919_p2  |         +|   0|  0|  34|          27|          27|
    |add_ln58_4027_fu_62929_p2  |         +|   0|  0|  34|          27|          27|
    |add_ln58_4028_fu_62939_p2  |         +|   0|  0|  35|          28|          28|
    |add_ln58_4029_fu_63668_p2  |         +|   0|  0|  28|          28|          28|
    |add_ln58_4030_fu_63673_p2  |         +|   0|  0|  28|          28|          28|
    |add_ln58_4031_fu_62945_p2  |         +|   0|  0|  33|          26|          26|
    |add_ln58_4032_fu_62955_p2  |         +|   0|  0|  34|          27|          27|
    |add_ln58_4033_fu_62961_p2  |         +|   0|  0|  33|          26|          26|
    |add_ln58_4034_fu_62971_p2  |         +|   0|  0|  34|          27|          27|
    |add_ln58_4035_fu_63684_p2  |         +|   0|  0|  28|          28|          28|
    |add_ln58_4036_fu_62977_p2  |         +|   0|  0|  32|          25|          25|
    |add_ln58_4037_fu_62987_p2  |         +|   0|  0|  33|          26|          26|
    |add_ln58_4038_fu_62993_p2  |         +|   0|  0|  32|          25|          25|
    |add_ln58_4039_fu_63003_p2  |         +|   0|  0|  29|          22|          22|
    |add_ln58_4040_fu_63013_p2  |         +|   0|  0|  33|          26|          26|
    |add_ln58_4041_fu_63696_p2  |         +|   0|  0|  34|          27|          27|
    |add_ln58_4042_fu_63706_p2  |         +|   0|  0|  28|          28|          28|
    |add_ln58_4043_fu_63712_p2  |         +|   0|  0|  28|          28|          28|
    |add_ln58_4044_fu_63019_p2  |         +|   0|  0|  31|          24|          20|
    |add_ln58_4045_fu_63029_p2  |         +|   0|  0|  33|          26|          26|
    |add_ln58_4046_fu_63039_p2  |         +|   0|  0|  34|          27|          27|
    |add_ln58_4047_fu_63045_p2  |         +|   0|  0|  25|          25|          25|
    |add_ln58_4048_fu_63051_p2  |         +|   0|  0|  25|          25|          25|
    |add_ln58_4049_fu_63721_p2  |         +|   0|  0|  27|          27|          27|
    |add_ln58_4050_fu_63057_p2  |         +|   0|  0|  30|          23|          23|
    |add_ln58_4051_fu_63067_p2  |         +|   0|  0|  31|          24|          24|
    |add_ln58_4052_fu_63077_p2  |         +|   0|  0|  21|          21|          21|
    |add_ln58_4053_fu_63087_p2  |         +|   0|  0|  30|          23|          23|
    |add_ln58_4054_fu_63097_p2  |         +|   0|  0|  32|          25|          25|
    |add_ln58_4055_fu_63729_p2  |         +|   0|  0|  27|          27|          27|
    |add_ln58_4056_fu_63103_p2  |         +|   0|  0|  33|          26|          26|
    |add_ln58_4057_fu_63742_p2  |         +|   0|  0|  35|          28|          28|
    |add_ln58_4058_fu_63109_p2  |         +|   0|  0|  34|          27|          27|
    |add_ln58_4059_fu_63757_p2  |         +|   0|  0|  28|          28|          28|
    |add_ln58_4060_fu_63115_p2  |         +|   0|  0|  33|          26|          26|
    |add_ln58_4061_fu_63125_p2  |         +|   0|  0|  34|          27|          27|
    |add_ln58_4062_fu_63766_p2  |         +|   0|  0|  28|          28|          28|
    |add_ln58_4063_fu_63131_p2  |         +|   0|  0|  26|          26|          26|
    |add_ln58_4064_fu_63137_p2  |         +|   0|  0|  26|          26|          26|
    |add_ln58_4065_fu_63143_p2  |         +|   0|  0|  33|          26|          26|
    |add_ln58_4066_fu_63153_p2  |         +|   0|  0|  31|          24|          24|
    |add_ln58_4067_fu_63163_p2  |         +|   0|  0|  34|          27|          27|
    |add_ln58_4068_fu_63778_p2  |         +|   0|  0|  35|          28|          28|
    |add_ln58_4069_fu_63784_p2  |         +|   0|  0|  28|          28|          28|
    |add_ln58_4070_fu_61784_p2  |         +|   0|  0|  31|          24|          18|
    |add_ln58_4071_fu_61794_p2  |         +|   0|  0|  33|          26|          26|
    |add_ln58_4072_fu_63172_p2  |         +|   0|  0|  35|          28|          28|
    |add_ln58_4073_fu_63178_p2  |         +|   0|  0|  28|          28|          28|
    |add_ln58_4074_fu_63184_p2  |         +|   0|  0|  28|          28|          28|
    |add_ln58_4075_fu_63190_p2  |         +|   0|  0|  34|          27|          27|
    |add_ln58_4076_fu_63200_p2  |         +|   0|  0|  28|          28|          28|
    |add_ln58_4077_fu_63206_p2  |         +|   0|  0|  28|          28|          28|
    |add_ln58_4078_fu_63212_p2  |         +|   0|  0|  34|          27|          27|
    |add_ln58_4079_fu_63218_p2  |         +|   0|  0|  33|          26|          26|
    |add_ln58_4080_fu_63796_p2  |         +|   0|  0|  28|          28|          28|
    |add_ln58_4081_fu_63224_p2  |         +|   0|  0|  32|          25|          25|
    |add_ln58_4082_fu_63234_p2  |         +|   0|  0|  31|          24|          24|
    |add_ln58_4083_fu_63244_p2  |         +|   0|  0|  33|          26|          26|
    |add_ln58_4084_fu_63805_p2  |         +|   0|  0|  28|          28|          28|
    |add_ln58_4085_fu_63811_p2  |         +|   0|  0|  28|          28|          28|
    |add_ln58_4086_fu_63822_p2  |         +|   0|  0|  28|          28|          28|
    |add_ln58_4087_fu_63828_p2  |         +|   0|  0|  28|          28|          28|
    |add_ln58_4088_fu_63250_p2  |         +|   0|  0|  28|          28|          28|
    |add_ln58_4089_fu_63256_p2  |         +|   0|  0|  28|          28|          28|
    |add_ln58_4090_fu_63834_p2  |         +|   0|  0|  28|          28|          28|
    |add_ln58_4091_fu_63262_p2  |         +|   0|  0|  27|          27|          27|
    |add_ln58_4092_fu_63268_p2  |         +|   0|  0|  27|          27|          27|
    |add_ln58_4093_fu_63274_p2  |         +|   0|  0|  33|          26|          26|
    |add_ln58_4094_fu_63284_p2  |         +|   0|  0|  33|          26|          26|
    |add_ln58_4095_fu_63294_p2  |         +|   0|  0|  34|          27|          27|
    |add_ln58_4096_fu_63845_p2  |         +|   0|  0|  35|          28|          28|
    |add_ln58_4097_fu_63851_p2  |         +|   0|  0|  28|          28|          28|
    |add_ln58_4098_fu_63315_p2  |         +|   0|  0|  33|          26|          19|
    |add_ln58_4099_fu_63325_p2  |         +|   0|  0|  27|          27|          27|
    |add_ln58_4100_fu_63331_p2  |         +|   0|  0|  35|          28|          28|
    |add_ln58_4101_fu_63857_p2  |         +|   0|  0|  28|          28|          28|
    |add_ln58_4102_fu_63337_p2  |         +|   0|  0|  27|          27|          27|
    |add_ln58_4103_fu_63347_p2  |         +|   0|  0|  35|          28|          28|
    |add_ln58_4104_fu_63862_p2  |         +|   0|  0|  28|          28|          28|
    |add_ln58_4105_fu_63353_p2  |         +|   0|  0|  26|          26|          26|
    |add_ln58_4106_fu_63870_p2  |         +|   0|  0|  28|          28|          28|
    |add_ln58_4107_fu_63359_p2  |         +|   0|  0|  34|          27|          27|
    |add_ln58_4108_fu_63365_p2  |         +|   0|  0|  33|          26|          26|
    |add_ln58_4109_fu_63882_p2  |         +|   0|  0|  35|          28|          28|
    |add_ln58_4110_fu_63888_p2  |         +|   0|  0|  28|          28|          28|
    |add_ln58_4111_fu_63894_p2  |         +|   0|  0|  28|          28|          28|
    |add_ln58_4112_fu_63371_p2  |         +|   0|  0|  33|          26|          26|
    |add_ln58_4113_fu_63381_p2  |         +|   0|  0|  34|          27|          27|
    |add_ln58_4114_fu_63387_p2  |         +|   0|  0|  33|          26|          26|
    |add_ln58_4115_fu_63397_p2  |         +|   0|  0|  34|          27|          27|
    |add_ln58_4116_fu_63906_p2  |         +|   0|  0|  28|          28|          28|
    |add_ln58_4117_fu_63403_p2  |         +|   0|  0|  26|          26|          26|
    |add_ln58_4118_fu_63409_p2  |         +|   0|  0|  26|          26|          26|
    |add_ln58_4119_fu_63419_p2  |         +|   0|  0|  25|          25|          25|
    |add_ln58_4120_fu_63425_p2  |         +|   0|  0|  28|          21|          21|
    |add_ln58_4121_fu_63435_p2  |         +|   0|  0|  25|          25|          25|
    |add_ln58_4122_fu_63445_p2  |         +|   0|  0|  34|          27|          27|
    |add_ln58_4123_fu_63915_p2  |         +|   0|  0|  28|          28|          28|
    |add_ln58_4124_fu_63921_p2  |         +|   0|  0|  28|          28|          28|
    |add_ln58_4125_fu_63451_p2  |         +|   0|  0|  32|          25|          20|
    |add_ln58_4126_fu_63461_p2  |         +|   0|  0|  34|          27|          27|
    |add_ln58_4127_fu_63471_p2  |         +|   0|  0|  35|          28|          28|
    |add_ln58_4128_fu_63477_p2  |         +|   0|  0|  28|          28|          28|
    |add_ln58_4129_fu_63483_p2  |         +|   0|  0|  28|          28|          28|
    |add_ln58_4130_fu_63489_p2  |         +|   0|  0|  28|          28|          28|
    |add_ln58_4131_fu_63495_p2  |         +|   0|  0|  28|          28|          28|
    |add_ln58_4132_fu_63501_p2  |         +|   0|  0|  35|          28|          28|
    |add_ln58_4133_fu_63927_p2  |         +|   0|  0|  28|          28|          28|
    |add_ln58_4134_fu_63507_p2  |         +|   0|  0|  28|          28|          28|
    |add_ln58_4135_fu_63513_p2  |         +|   0|  0|  34|          27|          27|
    |add_ln58_4136_fu_63523_p2  |         +|   0|  0|  28|          28|          28|
    |add_ln58_4137_fu_63932_p2  |         +|   0|  0|  28|          28|          28|
    |add_ln58_4138_fu_63937_p2  |         +|   0|  0|  28|          28|          28|
    |add_ln58_4139_fu_63529_p2  |         +|   0|  0|  26|          26|          26|
    |add_ln58_4140_fu_63535_p2  |         +|   0|  0|  26|          26|          26|
    |add_ln58_4141_fu_63541_p2  |         +|   0|  0|  33|          26|          26|
    |add_ln58_4142_fu_63551_p2  |         +|   0|  0|  32|          25|          25|
    |add_ln58_4143_fu_63561_p2  |         +|   0|  0|  34|          27|          27|
    |add_ln58_4144_fu_63948_p2  |         +|   0|  0|  28|          28|          28|
    |add_ln58_4145_fu_63567_p2  |         +|   0|  0|  32|          25|          25|
    |add_ln58_4146_fu_63577_p2  |         +|   0|  0|  33|          26|          26|
    |add_ln58_4147_fu_63583_p2  |         +|   0|  0|  32|          25|          25|
    |add_ln58_4148_fu_63593_p2  |         +|   0|  0|  31|          24|          24|
    |add_ln58_4149_fu_63603_p2  |         +|   0|  0|  33|          26|          26|
    |add_ln58_4150_fu_63960_p2  |         +|   0|  0|  34|          27|          27|
    |add_ln58_4151_fu_63970_p2  |         +|   0|  0|  28|          28|          28|
    |add_ln58_4152_fu_63976_p2  |         +|   0|  0|  28|          28|          28|
    |add_ln58_fu_62863_p2       |         +|   0|  0|  32|          25|          17|
    |tmp410_fu_63300_p2         |         +|   0|  0|  24|          17|          17|
    |tmp_fu_62857_p2            |         +|   0|  0|  24|          17|          17|
    |sub_ln42_10_fu_62847_p2    |         -|   0|  0|  26|          26|          26|
    |sub_ln42_11_fu_62458_p2    |         -|   0|  0|  26|          19|          19|
    |sub_ln42_1_fu_61866_p2     |         -|   0|  0|  21|          21|          21|
    |sub_ln42_2_fu_62079_p2     |         -|   0|  0|  33|           1|          26|
    |sub_ln42_3_fu_62100_p2     |         -|   0|  0|  34|          27|          27|
    |sub_ln42_4_fu_62125_p2     |         -|   0|  0|  34|          27|          27|
    |sub_ln42_5_fu_62276_p2     |         -|   0|  0|  33|           1|          26|
    |sub_ln42_6_fu_62297_p2     |         -|   0|  0|  34|          27|          27|
    |sub_ln42_7_fu_62330_p2     |         -|   0|  0|  28|           1|          21|
    |sub_ln42_8_fu_62351_p2     |         -|   0|  0|  29|          22|          22|
    |sub_ln42_9_fu_62756_p2     |         -|   0|  0|  32|          25|          25|
    |sub_ln42_fu_61856_p2       |         -|   0|  0|  27|           1|          20|
    |sub_ln58_1_fu_63816_p2     |         -|   0|  0|  28|          28|          28|
    |sub_ln58_fu_63748_p2       |         -|   0|  0|  28|          28|          28|
    |ap_block_pp0_stage0_11001  |        or|   0|  0|   2|           1|           1|
    |ap_enable_pp0              |       xor|   0|  0|   2|           1|           2|
    +---------------------------+----------+----+---+----+------------+------------+
    |Total                      |          |   0|  0|4689|        3989|        4049|
    +---------------------------+----------+----+---+----+------------+------------+

    * Multiplexer: 
    +-------------+----+-----------+-----+-----------+
    |     Name    | LUT| Input Size| Bits| Total Bits|
    +-------------+----+-----------+-----+-----------+
    |ap_done      |   9|          2|    1|          2|
    |ap_return_0  |   9|          2|   28|         56|
    |ap_return_1  |   9|          2|   28|         56|
    |ap_return_2  |   9|          2|   28|         56|
    |ap_return_3  |   9|          2|   28|         56|
    |ap_return_4  |   9|          2|   28|         56|
    +-------------+----+-----------+-----+-----------+
    |Total        |  54|         12|  141|        282|
    +-------------+----+-----------+-----+-----------+

    * Register: 
    +------------------------------------+----+----+-----+-----------+
    |                Name                | FF | LUT| Bits| Const Bits|
    +------------------------------------+----+----+-----+-----------+
    |add_ln58_4023_reg_64242             |  28|   0|   28|          0|
    |add_ln58_4024_reg_64247             |  27|   0|   27|          0|
    |add_ln58_4028_reg_64252             |  28|   0|   28|          0|
    |add_ln58_4032_reg_64257             |  27|   0|   27|          0|
    |add_ln58_4034_reg_64262             |  27|   0|   27|          0|
    |add_ln58_4037_reg_64267             |  26|   0|   26|          0|
    |add_ln58_4040_reg_64272             |  26|   0|   26|          0|
    |add_ln58_4046_reg_64277             |  27|   0|   27|          0|
    |add_ln58_4048_reg_64282             |  25|   0|   25|          0|
    |add_ln58_4054_reg_64287             |  25|   0|   25|          0|
    |add_ln58_4056_reg_64292             |  26|   0|   26|          0|
    |add_ln58_4058_reg_64297             |  27|   0|   27|          0|
    |add_ln58_4061_reg_64302             |  27|   0|   27|          0|
    |add_ln58_4064_reg_64307             |  26|   0|   26|          0|
    |add_ln58_4067_reg_64312             |  27|   0|   27|          0|
    |add_ln58_4071_reg_64222             |  19|   0|   26|          7|
    |add_ln58_4077_reg_64317             |  28|   0|   28|          0|
    |add_ln58_4078_reg_64322             |  27|   0|   27|          0|
    |add_ln58_4079_reg_64327             |  26|   0|   26|          0|
    |add_ln58_4083_reg_64332             |  26|   0|   26|          0|
    |add_ln58_4089_reg_64337             |  28|   0|   28|          0|
    |add_ln58_4092_reg_64342             |  27|   0|   27|          0|
    |add_ln58_4095_reg_64347             |  27|   0|   27|          0|
    |add_ln58_4100_reg_64352             |  28|   0|   28|          0|
    |add_ln58_4103_reg_64357             |  28|   0|   28|          0|
    |add_ln58_4105_reg_64362             |  26|   0|   26|          0|
    |add_ln58_4107_reg_64367             |  27|   0|   27|          0|
    |add_ln58_4108_reg_64372             |  26|   0|   26|          0|
    |add_ln58_4113_reg_64377             |  27|   0|   27|          0|
    |add_ln58_4115_reg_64382             |  27|   0|   27|          0|
    |add_ln58_4122_reg_64387             |  27|   0|   27|          0|
    |add_ln58_4131_reg_64392             |  28|   0|   28|          0|
    |add_ln58_4132_reg_64397             |  28|   0|   28|          0|
    |add_ln58_4136_reg_64402             |  28|   0|   28|          0|
    |add_ln58_4140_reg_64407             |  26|   0|   26|          0|
    |add_ln58_4143_reg_64412             |  27|   0|   27|          0|
    |add_ln58_4146_reg_64417             |  26|   0|   26|          0|
    |add_ln58_4149_reg_64422             |  26|   0|   26|          0|
    |ap_CS_fsm                           |   1|   0|    1|          0|
    |ap_done_reg                         |   1|   0|    1|          0|
    |ap_enable_reg_pp0_iter1             |   1|   0|    1|          0|
    |ap_enable_reg_pp0_iter2             |   1|   0|    1|          0|
    |ap_return_0_preg                    |  28|   0|   28|          0|
    |ap_return_1_preg                    |  28|   0|   28|          0|
    |ap_return_2_preg                    |  28|   0|   28|          0|
    |ap_return_3_preg                    |  28|   0|   28|          0|
    |ap_return_4_preg                    |  28|   0|   28|          0|
    |mul_ln42_15_reg_5729                |  26|   0|   26|          0|
    |mul_ln42_19_reg_5733                |  22|   0|   22|          0|
    |mul_ln42_1_reg_5709                 |  23|   0|   23|          0|
    |mul_ln42_2_reg_5713                 |  25|   0|   25|          0|
    |mul_ln42_3_reg_5717                 |  25|   0|   25|          0|
    |mul_ln42_49_reg_5737                |  21|   0|   21|          0|
    |mul_ln42_4_reg_5721                 |  24|   0|   24|          0|
    |mul_ln42_8_reg_5725                 |  27|   0|   27|          0|
    |mul_ln42_reg_5705                   |  27|   0|   27|          0|
    |p_read1038_reg_64142                |  16|   0|   16|          0|
    |p_read1139_reg_64134                |  16|   0|   16|          0|
    |p_read1240_reg_64126                |  16|   0|   16|          0|
    |p_read1240_reg_64126_pp0_iter1_reg  |  16|   0|   16|          0|
    |p_read129_reg_64216                 |  16|   0|   16|          0|
    |p_read1341_reg_64119                |  16|   0|   16|          0|
    |p_read2048_reg_64067                |  16|   0|   16|          0|
    |p_read2048_reg_64067_pp0_iter1_reg  |  16|   0|   16|          0|
    |p_read2149_reg_64059                |  16|   0|   16|          0|
    |p_read2250_reg_64051                |  16|   0|   16|          0|
    |p_read230_reg_64208                 |  16|   0|   16|          0|
    |p_read2351_reg_64044                |  16|   0|   16|          0|
    |p_read331_reg_64201                 |  16|   0|   16|          0|
    |p_read432_reg_64193                 |  16|   0|   16|          0|
    |p_read533_reg_64187                 |  16|   0|   16|          0|
    |p_read634_reg_64178                 |  16|   0|   16|          0|
    |p_read735_reg_64167                 |  16|   0|   16|          0|
    |p_read836_reg_64159                 |  16|   0|   16|          0|
    |p_read937_reg_64151                 |  16|   0|   16|          0|
    |p_read937_reg_64151_pp0_iter1_reg   |  16|   0|   16|          0|
    |p_read_378_reg_64012                |  16|   0|   16|          0|
    |p_read_379_reg_64020                |  16|   0|   16|          0|
    |p_read_380_reg_64028                |  16|   0|   16|          0|
    |p_read_381_reg_64038                |  16|   0|   16|          0|
    |p_read_382_reg_64074                |  16|   0|   16|          0|
    |p_read_383_reg_64081                |  16|   0|   16|          0|
    |p_read_384_reg_64089                |  16|   0|   16|          0|
    |p_read_385_reg_64096                |  16|   0|   16|          0|
    |p_read_386_reg_64105                |  16|   0|   16|          0|
    |p_read_386_reg_64105_pp0_iter1_reg  |  16|   0|   16|          0|
    |p_read_387_reg_64113                |  16|   0|   16|          0|
    |tmp_reg_64237                       |  17|   0|   17|          0|
    |zext_ln42_21_reg_64227              |  16|   0|   26|         10|
    |zext_ln73_17_reg_64232              |  16|   0|   28|         12|
    +------------------------------------+----+----+-----+-----------+
    |Total                               |1921|   0| 1950|         29|
    +------------------------------------+----+----+-----+-----------+



================================================================
== Interface
================================================================
* Summary: 
+-------------+-----+-----+------------+------------------------------------------------------------------------------+--------------+
|  RTL Ports  | Dir | Bits|  Protocol  |                                 Source Object                                |    C Type    |
+-------------+-----+-----+------------+------------------------------------------------------------------------------+--------------+
|ap_clk       |   in|    1|  ap_ctrl_hs|  dense_latency<ap_ufixed<16, 6, 4, 0, 0>, ap_fixed<28, 9, 5, 3, 0>, config16>|  return value|
|ap_rst       |   in|    1|  ap_ctrl_hs|  dense_latency<ap_ufixed<16, 6, 4, 0, 0>, ap_fixed<28, 9, 5, 3, 0>, config16>|  return value|
|ap_start     |   in|    1|  ap_ctrl_hs|  dense_latency<ap_ufixed<16, 6, 4, 0, 0>, ap_fixed<28, 9, 5, 3, 0>, config16>|  return value|
|ap_done      |  out|    1|  ap_ctrl_hs|  dense_latency<ap_ufixed<16, 6, 4, 0, 0>, ap_fixed<28, 9, 5, 3, 0>, config16>|  return value|
|ap_continue  |   in|    1|  ap_ctrl_hs|  dense_latency<ap_ufixed<16, 6, 4, 0, 0>, ap_fixed<28, 9, 5, 3, 0>, config16>|  return value|
|ap_idle      |  out|    1|  ap_ctrl_hs|  dense_latency<ap_ufixed<16, 6, 4, 0, 0>, ap_fixed<28, 9, 5, 3, 0>, config16>|  return value|
|ap_ready     |  out|    1|  ap_ctrl_hs|  dense_latency<ap_ufixed<16, 6, 4, 0, 0>, ap_fixed<28, 9, 5, 3, 0>, config16>|  return value|
|ap_return_0  |  out|   28|  ap_ctrl_hs|  dense_latency<ap_ufixed<16, 6, 4, 0, 0>, ap_fixed<28, 9, 5, 3, 0>, config16>|  return value|
|ap_return_1  |  out|   28|  ap_ctrl_hs|  dense_latency<ap_ufixed<16, 6, 4, 0, 0>, ap_fixed<28, 9, 5, 3, 0>, config16>|  return value|
|ap_return_2  |  out|   28|  ap_ctrl_hs|  dense_latency<ap_ufixed<16, 6, 4, 0, 0>, ap_fixed<28, 9, 5, 3, 0>, config16>|  return value|
|ap_return_3  |  out|   28|  ap_ctrl_hs|  dense_latency<ap_ufixed<16, 6, 4, 0, 0>, ap_fixed<28, 9, 5, 3, 0>, config16>|  return value|
|ap_return_4  |  out|   28|  ap_ctrl_hs|  dense_latency<ap_ufixed<16, 6, 4, 0, 0>, ap_fixed<28, 9, 5, 3, 0>, config16>|  return value|
|p_read       |   in|   16|     ap_none|                                                                        p_read|        scalar|
|p_read1      |   in|   16|     ap_none|                                                                       p_read1|        scalar|
|p_read2      |   in|   16|     ap_none|                                                                       p_read2|        scalar|
|p_read3      |   in|   16|     ap_none|                                                                       p_read3|        scalar|
|p_read4      |   in|   16|     ap_none|                                                                       p_read4|        scalar|
|p_read5      |   in|   16|     ap_none|                                                                       p_read5|        scalar|
|p_read6      |   in|   16|     ap_none|                                                                       p_read6|        scalar|
|p_read7      |   in|   16|     ap_none|                                                                       p_read7|        scalar|
|p_read8      |   in|   16|     ap_none|                                                                       p_read8|        scalar|
|p_read9      |   in|   16|     ap_none|                                                                       p_read9|        scalar|
|p_read10     |   in|   16|     ap_none|                                                                      p_read10|        scalar|
|p_read11     |   in|   16|     ap_none|                                                                      p_read11|        scalar|
|p_read12     |   in|   16|     ap_none|                                                                      p_read12|        scalar|
|p_read13     |   in|   16|     ap_none|                                                                      p_read13|        scalar|
|p_read14     |   in|   16|     ap_none|                                                                      p_read14|        scalar|
|p_read15     |   in|   16|     ap_none|                                                                      p_read15|        scalar|
|p_read16     |   in|   16|     ap_none|                                                                      p_read16|        scalar|
|p_read17     |   in|   16|     ap_none|                                                                      p_read17|        scalar|
|p_read18     |   in|   16|     ap_none|                                                                      p_read18|        scalar|
|p_read19     |   in|   16|     ap_none|                                                                      p_read19|        scalar|
|p_read20     |   in|   16|     ap_none|                                                                      p_read20|        scalar|
|p_read21     |   in|   16|     ap_none|                                                                      p_read21|        scalar|
|p_read22     |   in|   16|     ap_none|                                                                      p_read22|        scalar|
|p_read23     |   in|   16|     ap_none|                                                                      p_read23|        scalar|
|p_read24     |   in|   16|     ap_none|                                                                      p_read24|        scalar|
|p_read25     |   in|   16|     ap_none|                                                                      p_read25|        scalar|
|p_read26     |   in|   16|     ap_none|                                                                      p_read26|        scalar|
|p_read27     |   in|   16|     ap_none|                                                                      p_read27|        scalar|
+-------------+-----+-----+------------+------------------------------------------------------------------------------+--------------+

