#-----------------------------------------------------------
# Vivado v2023.1 (64-bit)
# SW Build 3865809 on Sun May  7 15:04:56 MDT 2023
# IP Build 3864474 on Sun May  7 20:36:21 MDT 2023
# SharedData Build 3865790 on Sun May 07 13:33:03 MDT 2023
# Start of session at: Sat Jul 19 04:19:32 2025
# Process ID: 51828
# Current directory: /home/coder/sparse-pixels/hls_proj/scaling/8b/reduction/reduction-in100/reduction-in100-out15
# Command line: vivado -mode batch -source vivado_synth.tcl
# Log file: /home/coder/sparse-pixels/hls_proj/scaling/8b/reduction/reduction-in100/reduction-in100-out15/vivado.log
# Journal file: /home/coder/sparse-pixels/hls_proj/scaling/8b/reduction/reduction-in100/reduction-in100-out15/vivado.jou
# Running On: coder-hftsoi-hls4, OS: Linux, CPU Frequency: 2250.000 MHz, CPU Physical cores: 24, Host memory: 540863 MB
#-----------------------------------------------------------
source vivado_synth.tcl
# set tcldir [file dirname [info script]]
# source [file join $tcldir project.tcl]
## variable project_name
## set project_name "hls_dummy"
## variable backend
## set backend "vitis"
## variable part
## set part "xcu250-figd2104-2L-e"
## variable clock_period
## set clock_period 5
## variable clock_uncertainty
## set clock_uncertainty 27%
## variable version
## set version "1.0.0"
## variable maximum_size
## set maximum_size 4096
# add_files ${project_name}_prj/solution1/syn/verilog
add_files: Time (s): cpu = 00:00:08 ; elapsed = 00:00:08 . Memory (MB): peak = 2408.082 ; gain = 114.992 ; free physical = 244137 ; free virtual = 372474
# synth_design -top ${project_name} -part $part
Command: synth_design -top hls_dummy -part xcu250-figd2104-2L-e
Starting synth_design
Attempting to get a license for feature 'Synthesis' and/or device 'xcu250'
INFO: [Common 17-349] Got license for feature 'Synthesis' and/or device 'xcu250'
INFO: [Synth 8-7079] Multithreading enabled for synth_design using a maximum of 4 processes.
INFO: [Synth 8-7078] Launching helper process for spawning children vivado processes
INFO: [Synth 8-7075] Helper process launched with PID 51839
---------------------------------------------------------------------------------
Starting Synthesize : Time (s): cpu = 00:00:04 ; elapsed = 00:00:04 . Memory (MB): peak = 2822.570 ; gain = 390.664 ; free physical = 236509 ; free virtual = 364846
---------------------------------------------------------------------------------
INFO: [Synth 8-6157] synthesizing module 'hls_dummy' [/home/coder/sparse-pixels/hls_proj/scaling/8b/reduction/reduction-in100/reduction-in100-out15/hls_dummy_prj/solution1/syn/verilog/hls_dummy.v:9]
INFO: [Synth 8-6157] synthesizing module 'hls_dummy_sparse_input_reduce_ap_fixed_8_2_5_3_0_ap_uint_10_10_10_1_15_4' [/home/coder/sparse-pixels/hls_proj/scaling/8b/reduction/reduction-in100/reduction-in100-out15/hls_dummy_prj/solution1/syn/verilog/hls_dummy_sparse_input_reduce_ap_fixed_8_2_5_3_0_ap_uint_10_10_10_1_15_4.v:9]
INFO: [Synth 8-6157] synthesizing module 'hls_dummy_operator_s' [/home/coder/sparse-pixels/hls_proj/scaling/8b/reduction/reduction-in100/reduction-in100-out15/hls_dummy_prj/solution1/syn/verilog/hls_dummy_operator_s.v:9]
INFO: [Synth 8-6155] done synthesizing module 'hls_dummy_operator_s' (0#1) [/home/coder/sparse-pixels/hls_proj/scaling/8b/reduction/reduction-in100/reduction-in100-out15/hls_dummy_prj/solution1/syn/verilog/hls_dummy_operator_s.v:9]
INFO: [Synth 8-6155] done synthesizing module 'hls_dummy_sparse_input_reduce_ap_fixed_8_2_5_3_0_ap_uint_10_10_10_1_15_4' (0#1) [/home/coder/sparse-pixels/hls_proj/scaling/8b/reduction/reduction-in100/reduction-in100-out15/hls_dummy_prj/solution1/syn/verilog/hls_dummy_sparse_input_reduce_ap_fixed_8_2_5_3_0_ap_uint_10_10_10_1_15_4.v:9]
INFO: [Synth 8-6157] synthesizing module 'hls_dummy_Block_entry24_proc' [/home/coder/sparse-pixels/hls_proj/scaling/8b/reduction/reduction-in100/reduction-in100-out15/hls_dummy_prj/solution1/syn/verilog/hls_dummy_Block_entry24_proc.v:9]
INFO: [Synth 8-6155] done synthesizing module 'hls_dummy_Block_entry24_proc' (0#1) [/home/coder/sparse-pixels/hls_proj/scaling/8b/reduction/reduction-in100/reduction-in100-out15/hls_dummy_prj/solution1/syn/verilog/hls_dummy_Block_entry24_proc.v:9]
INFO: [Synth 8-6157] synthesizing module 'hls_dummy_fifo_w8_d2_S' [/home/coder/sparse-pixels/hls_proj/scaling/8b/reduction/reduction-in100/reduction-in100-out15/hls_dummy_prj/solution1/syn/verilog/hls_dummy_fifo_w8_d2_S.v:11]
INFO: [Synth 8-6157] synthesizing module 'hls_dummy_fifo_w8_d2_S_ShiftReg' [/home/coder/sparse-pixels/hls_proj/scaling/8b/reduction/reduction-in100/reduction-in100-out15/hls_dummy_prj/solution1/syn/verilog/hls_dummy_fifo_w8_d2_S.v:120]
	Parameter DATA_WIDTH bound to: 8 - type: integer 
	Parameter ADDR_WIDTH bound to: 1 - type: integer 
	Parameter DEPTH bound to: 2 - type: integer 
INFO: [Synth 8-6155] done synthesizing module 'hls_dummy_fifo_w8_d2_S_ShiftReg' (0#1) [/home/coder/sparse-pixels/hls_proj/scaling/8b/reduction/reduction-in100/reduction-in100-out15/hls_dummy_prj/solution1/syn/verilog/hls_dummy_fifo_w8_d2_S.v:120]
INFO: [Synth 8-6155] done synthesizing module 'hls_dummy_fifo_w8_d2_S' (0#1) [/home/coder/sparse-pixels/hls_proj/scaling/8b/reduction/reduction-in100/reduction-in100-out15/hls_dummy_prj/solution1/syn/verilog/hls_dummy_fifo_w8_d2_S.v:11]
INFO: [Synth 8-6155] done synthesizing module 'hls_dummy' (0#1) [/home/coder/sparse-pixels/hls_proj/scaling/8b/reduction/reduction-in100/reduction-in100-out15/hls_dummy_prj/solution1/syn/verilog/hls_dummy.v:9]
WARNING: [Synth 8-7129] Port reset in module hls_dummy_fifo_w8_d2_S_ShiftReg is either unconnected or has no load
---------------------------------------------------------------------------------
Finished Synthesize : Time (s): cpu = 00:00:06 ; elapsed = 00:00:06 . Memory (MB): peak = 2917.508 ; gain = 485.602 ; free physical = 243544 ; free virtual = 371882
---------------------------------------------------------------------------------
---------------------------------------------------------------------------------
Finished Constraint Validation : Time (s): cpu = 00:00:06 ; elapsed = 00:00:07 . Memory (MB): peak = 2929.383 ; gain = 497.477 ; free physical = 243341 ; free virtual = 371679
---------------------------------------------------------------------------------
---------------------------------------------------------------------------------
Start Loading Part and Timing Information
---------------------------------------------------------------------------------
Loading part: xcu250-figd2104-2L-e
INFO: [Synth 8-6742] Reading net delay rules and data
---------------------------------------------------------------------------------
INFO: [Device 21-403] Loading part xcu250-figd2104-2L-e
Finished Loading Part and Timing Information : Time (s): cpu = 00:00:06 ; elapsed = 00:00:07 . Memory (MB): peak = 2946.293 ; gain = 514.387 ; free physical = 243380 ; free virtual = 371718
---------------------------------------------------------------------------------
INFO: [Synth 8-4490] FSM extraction disabled for register 'ap_CS_fsm_reg' through user attribute
INFO: [Synth 8-4490] FSM extraction disabled for register 'ap_CS_fsm_reg' through user attribute
---------------------------------------------------------------------------------
Finished RTL Optimization Phase 2 : Time (s): cpu = 00:00:08 ; elapsed = 00:00:08 . Memory (MB): peak = 2946.293 ; gain = 514.387 ; free physical = 243398 ; free virtual = 371736
---------------------------------------------------------------------------------
No constraint files found.
---------------------------------------------------------------------------------
Start RTL Component Statistics 
---------------------------------------------------------------------------------
Detailed RTL Component Info : 
+---Adders : 
	   2 Input    4 Bit       Adders := 1     
	   2 Input    2 Bit       Adders := 30    
+---XORs : 
	   2 Input      1 Bit         XORs := 30    
+---Registers : 
	               12 Bit    Registers := 26    
	                8 Bit    Registers := 186   
	                4 Bit    Registers := 3     
	                2 Bit    Registers := 15    
	                1 Bit    Registers := 51    
+---Muxes : 
	   2 Input   12 Bit        Muxes := 187   
	   2 Input    8 Bit        Muxes := 186   
	   2 Input    7 Bit        Muxes := 154   
	   7 Input    4 Bit        Muxes := 1     
	   2 Input    2 Bit        Muxes := 16    
	   2 Input    1 Bit        Muxes := 72    
---------------------------------------------------------------------------------
Finished RTL Component Statistics 
---------------------------------------------------------------------------------
---------------------------------------------------------------------------------
Start Part Resource Summary
---------------------------------------------------------------------------------
Part Resources:
DSPs: 12288 (col length:96)
BRAMs: 5376 (col length: RAMB18 384 RAMB36 192)
---------------------------------------------------------------------------------
Finished Part Resource Summary
---------------------------------------------------------------------------------
No constraint files found.
---------------------------------------------------------------------------------
Start Cross Boundary and Area Optimization
---------------------------------------------------------------------------------
WARNING: [Synth 8-7080] Parallel synthesis criteria is not met
---------------------------------------------------------------------------------
Finished Cross Boundary and Area Optimization : Time (s): cpu = 00:00:25 ; elapsed = 00:00:27 . Memory (MB): peak = 4003.566 ; gain = 1571.660 ; free physical = 242405 ; free virtual = 370749
---------------------------------------------------------------------------------
No constraint files found.
---------------------------------------------------------------------------------
Start Timing Optimization
---------------------------------------------------------------------------------
---------------------------------------------------------------------------------
Finished Timing Optimization : Time (s): cpu = 00:00:26 ; elapsed = 00:00:27 . Memory (MB): peak = 4003.566 ; gain = 1571.660 ; free physical = 242397 ; free virtual = 370741
---------------------------------------------------------------------------------
---------------------------------------------------------------------------------
Start Technology Mapping
---------------------------------------------------------------------------------
---------------------------------------------------------------------------------
Finished Technology Mapping : Time (s): cpu = 00:00:27 ; elapsed = 00:00:28 . Memory (MB): peak = 4003.566 ; gain = 1571.660 ; free physical = 242259 ; free virtual = 370603
---------------------------------------------------------------------------------
---------------------------------------------------------------------------------
Start IO Insertion
---------------------------------------------------------------------------------
---------------------------------------------------------------------------------
Start Flattening Before IO Insertion
---------------------------------------------------------------------------------
---------------------------------------------------------------------------------
Finished Flattening Before IO Insertion
---------------------------------------------------------------------------------
---------------------------------------------------------------------------------
Start Final Netlist Cleanup
---------------------------------------------------------------------------------
---------------------------------------------------------------------------------
Finished Final Netlist Cleanup
---------------------------------------------------------------------------------
---------------------------------------------------------------------------------
Finished IO Insertion : Time (s): cpu = 00:00:31 ; elapsed = 00:00:33 . Memory (MB): peak = 4003.566 ; gain = 1571.660 ; free physical = 237534 ; free virtual = 365877
---------------------------------------------------------------------------------
---------------------------------------------------------------------------------
Start Renaming Generated Instances
---------------------------------------------------------------------------------
---------------------------------------------------------------------------------
Finished Renaming Generated Instances : Time (s): cpu = 00:00:31 ; elapsed = 00:00:33 . Memory (MB): peak = 4003.566 ; gain = 1571.660 ; free physical = 237904 ; free virtual = 366247
---------------------------------------------------------------------------------
---------------------------------------------------------------------------------
Start Rebuilding User Hierarchy
---------------------------------------------------------------------------------
---------------------------------------------------------------------------------
Finished Rebuilding User Hierarchy : Time (s): cpu = 00:00:31 ; elapsed = 00:00:33 . Memory (MB): peak = 4003.566 ; gain = 1571.660 ; free physical = 240432 ; free virtual = 368775
---------------------------------------------------------------------------------
---------------------------------------------------------------------------------
Start Renaming Generated Ports
---------------------------------------------------------------------------------
---------------------------------------------------------------------------------
Finished Renaming Generated Ports : Time (s): cpu = 00:00:31 ; elapsed = 00:00:33 . Memory (MB): peak = 4003.566 ; gain = 1571.660 ; free physical = 240696 ; free virtual = 369040
---------------------------------------------------------------------------------
---------------------------------------------------------------------------------
Start Handling Custom Attributes
---------------------------------------------------------------------------------
---------------------------------------------------------------------------------
Finished Handling Custom Attributes : Time (s): cpu = 00:00:32 ; elapsed = 00:00:34 . Memory (MB): peak = 4003.566 ; gain = 1571.660 ; free physical = 242382 ; free virtual = 370726
---------------------------------------------------------------------------------
---------------------------------------------------------------------------------
Start Renaming Generated Nets
---------------------------------------------------------------------------------
---------------------------------------------------------------------------------
Finished Renaming Generated Nets : Time (s): cpu = 00:00:32 ; elapsed = 00:00:34 . Memory (MB): peak = 4003.566 ; gain = 1571.660 ; free physical = 242382 ; free virtual = 370726
---------------------------------------------------------------------------------
---------------------------------------------------------------------------------
Start Writing Synthesis Report
---------------------------------------------------------------------------------

Report BlackBoxes: 
+-+--------------+----------+
| |BlackBox name |Instances |
+-+--------------+----------+
+-+--------------+----------+

Report Cell Usage: 
+------+------+------+
|      |Cell  |Count |
+------+------+------+
|1     |BUFG  |     1|
|2     |LUT1  |    16|
|3     |LUT2  |    92|
|4     |LUT3  |    57|
|5     |LUT4  |  1202|
|6     |LUT5  |   303|
|7     |LUT6  |   948|
|8     |MUXF7 |    14|
|9     |FDRE  |  1562|
|10    |FDSE  |    46|
|11    |IBUF  |   804|
|12    |OBUF  |   138|
+------+------+------+

Report Instance Areas: 
+------+--------------------------------------------------------------------+-------------------------------------------------------------------------+------+
|      |Instance                                                            |Module                                                                   |Cells |
+------+--------------------------------------------------------------------+-------------------------------------------------------------------------+------+
|1     |top                                                                 |                                                                         |  5183|
|2     |  Block_entry24_proc_U0                                             |hls_dummy_Block_entry24_proc                                             |   105|
|3     |  sparse_arr_feat_reduce_out_10_U                                   |hls_dummy_fifo_w8_d2_S                                                   |    30|
|4     |    U_hls_dummy_fifo_w8_d2_S_ShiftReg                               |hls_dummy_fifo_w8_d2_S_ShiftReg_27                                       |    21|
|5     |  sparse_arr_feat_reduce_out_11_U                                   |hls_dummy_fifo_w8_d2_S_0                                                 |    30|
|6     |    U_hls_dummy_fifo_w8_d2_S_ShiftReg                               |hls_dummy_fifo_w8_d2_S_ShiftReg_26                                       |    21|
|7     |  sparse_arr_feat_reduce_out_12_U                                   |hls_dummy_fifo_w8_d2_S_1                                                 |    30|
|8     |    U_hls_dummy_fifo_w8_d2_S_ShiftReg                               |hls_dummy_fifo_w8_d2_S_ShiftReg_25                                       |    21|
|9     |  sparse_arr_feat_reduce_out_13_U                                   |hls_dummy_fifo_w8_d2_S_2                                                 |    30|
|10    |    U_hls_dummy_fifo_w8_d2_S_ShiftReg                               |hls_dummy_fifo_w8_d2_S_ShiftReg_24                                       |    21|
|11    |  sparse_arr_feat_reduce_out_14_U                                   |hls_dummy_fifo_w8_d2_S_3                                                 |    32|
|12    |    U_hls_dummy_fifo_w8_d2_S_ShiftReg                               |hls_dummy_fifo_w8_d2_S_ShiftReg_23                                       |    21|
|13    |  sparse_arr_feat_reduce_out_1_U                                    |hls_dummy_fifo_w8_d2_S_4                                                 |    30|
|14    |    U_hls_dummy_fifo_w8_d2_S_ShiftReg                               |hls_dummy_fifo_w8_d2_S_ShiftReg_22                                       |    21|
|15    |  sparse_arr_feat_reduce_out_2_U                                    |hls_dummy_fifo_w8_d2_S_5                                                 |    30|
|16    |    U_hls_dummy_fifo_w8_d2_S_ShiftReg                               |hls_dummy_fifo_w8_d2_S_ShiftReg_21                                       |    21|
|17    |  sparse_arr_feat_reduce_out_3_U                                    |hls_dummy_fifo_w8_d2_S_6                                                 |    32|
|18    |    U_hls_dummy_fifo_w8_d2_S_ShiftReg                               |hls_dummy_fifo_w8_d2_S_ShiftReg_20                                       |    21|
|19    |  sparse_arr_feat_reduce_out_4_U                                    |hls_dummy_fifo_w8_d2_S_7                                                 |    32|
|20    |    U_hls_dummy_fifo_w8_d2_S_ShiftReg                               |hls_dummy_fifo_w8_d2_S_ShiftReg_19                                       |    21|
|21    |  sparse_arr_feat_reduce_out_5_U                                    |hls_dummy_fifo_w8_d2_S_8                                                 |    30|
|22    |    U_hls_dummy_fifo_w8_d2_S_ShiftReg                               |hls_dummy_fifo_w8_d2_S_ShiftReg_18                                       |    21|
|23    |  sparse_arr_feat_reduce_out_6_U                                    |hls_dummy_fifo_w8_d2_S_9                                                 |    30|
|24    |    U_hls_dummy_fifo_w8_d2_S_ShiftReg                               |hls_dummy_fifo_w8_d2_S_ShiftReg_17                                       |    21|
|25    |  sparse_arr_feat_reduce_out_7_U                                    |hls_dummy_fifo_w8_d2_S_10                                                |    30|
|26    |    U_hls_dummy_fifo_w8_d2_S_ShiftReg                               |hls_dummy_fifo_w8_d2_S_ShiftReg_16                                       |    21|
|27    |  sparse_arr_feat_reduce_out_8_U                                    |hls_dummy_fifo_w8_d2_S_11                                                |    32|
|28    |    U_hls_dummy_fifo_w8_d2_S_ShiftReg                               |hls_dummy_fifo_w8_d2_S_ShiftReg_15                                       |    21|
|29    |  sparse_arr_feat_reduce_out_9_U                                    |hls_dummy_fifo_w8_d2_S_12                                                |    30|
|30    |    U_hls_dummy_fifo_w8_d2_S_ShiftReg                               |hls_dummy_fifo_w8_d2_S_ShiftReg_14                                       |    21|
|31    |  sparse_arr_feat_reduce_out_U                                      |hls_dummy_fifo_w8_d2_S_13                                                |    31|
|32    |    U_hls_dummy_fifo_w8_d2_S_ShiftReg                               |hls_dummy_fifo_w8_d2_S_ShiftReg                                          |    21|
|33    |  sparse_input_reduce_ap_fixed_8_2_5_3_0_ap_uint_10_10_10_1_15_4_U0 |hls_dummy_sparse_input_reduce_ap_fixed_8_2_5_3_0_ap_uint_10_10_10_1_15_4 |  3661|
+------+--------------------------------------------------------------------+-------------------------------------------------------------------------+------+
---------------------------------------------------------------------------------
Finished Writing Synthesis Report : Time (s): cpu = 00:00:32 ; elapsed = 00:00:34 . Memory (MB): peak = 4003.566 ; gain = 1571.660 ; free physical = 242382 ; free virtual = 370726
---------------------------------------------------------------------------------
Synthesis finished with 0 errors, 0 critical warnings and 2 warnings.
Synthesis Optimization Runtime : Time (s): cpu = 00:00:32 ; elapsed = 00:00:34 . Memory (MB): peak = 4003.566 ; gain = 1571.660 ; free physical = 242386 ; free virtual = 370730
Synthesis Optimization Complete : Time (s): cpu = 00:00:32 ; elapsed = 00:00:34 . Memory (MB): peak = 4003.574 ; gain = 1571.660 ; free physical = 242386 ; free virtual = 370730
INFO: [Project 1-571] Translating synthesized netlist
Netlist sorting complete. Time (s): cpu = 00:00:00.03 ; elapsed = 00:00:00.03 . Memory (MB): peak = 4014.535 ; gain = 0.000 ; free physical = 242657 ; free virtual = 371001
INFO: [Netlist 29-17] Analyzing 819 Unisim elements for replacement
INFO: [Netlist 29-28] Unisim Transformation completed in 0 CPU seconds
INFO: [Project 1-570] Preparing netlist for logic optimization
INFO: [Opt 31-138] Pushed 0 inverter(s) to 0 load pin(s).
Netlist sorting complete. Time (s): cpu = 00:00:00 ; elapsed = 00:00:00 . Memory (MB): peak = 4111.188 ; gain = 0.000 ; free physical = 242440 ; free virtual = 370784
INFO: [Project 1-111] Unisim Transformation Summary:
  A total of 805 instances were transformed.
  BUFG => BUFGCE: 1 instance 
  IBUF => IBUF (IBUFCTRL, INBUF): 804 instances

Synth Design complete | Checksum: f346c86e
INFO: [Common 17-83] Releasing license: Synthesis
27 Infos, 2 Warnings, 0 Critical Warnings and 0 Errors encountered.
synth_design completed successfully
synth_design: Time (s): cpu = 00:00:40 ; elapsed = 00:00:39 . Memory (MB): peak = 4111.188 ; gain = 1703.105 ; free physical = 242535 ; free virtual = 370879
INFO: [Common 17-2834] synth_design peak Physical Memory [PSS] (MB): overall = 3657.170; main = 3420.523; forked = 369.827
INFO: [Common 17-2834] synth_design peak Virtual Memory [VSS] (MB): overall = 4970.801; main = 4111.191; forked = 967.230
# opt_design -retarget -propconst -sweep -bram_power_opt -shift_register_opt
Command: opt_design -retarget -propconst -sweep -bram_power_opt -shift_register_opt
Attempting to get a license for feature 'Implementation' and/or device 'xcu250'
INFO: [Common 17-349] Got license for feature 'Implementation' and/or device 'xcu250'
Running DRC as a precondition to command opt_design

Starting DRC Task
INFO: [DRC 23-27] Running DRC with 8 threads
INFO: [Project 1-461] DRC finished with 0 Errors
INFO: [Project 1-462] Please refer to the DRC report (report_drc) for more information.

Time (s): cpu = 00:00:02 ; elapsed = 00:00:01 . Memory (MB): peak = 4175.219 ; gain = 64.031 ; free physical = 242532 ; free virtual = 370876

Starting Cache Timing Information Task
INFO: [Timing 38-35] Done setting XDC timing constraints.
Ending Cache Timing Information Task | Checksum: 14aee408f

Time (s): cpu = 00:00:02 ; elapsed = 00:00:02 . Memory (MB): peak = 4241.609 ; gain = 66.391 ; free physical = 241810 ; free virtual = 370154

Starting Logic Optimization Task

Phase 1 Retarget
INFO: [Opt 31-138] Pushed 0 inverter(s) to 0 load pin(s).
INFO: [Opt 31-49] Retargeted 0 cell(s).
Phase 1 Retarget | Checksum: 17a8c0717

Time (s): cpu = 00:00:00.33 ; elapsed = 00:00:00.2 . Memory (MB): peak = 4455.609 ; gain = 0.000 ; free physical = 240117 ; free virtual = 368460
INFO: [Opt 31-389] Phase Retarget created 3 cells and removed 3 cells

Phase 2 Constant propagation
INFO: [Opt 31-138] Pushed 0 inverter(s) to 0 load pin(s).
Phase 2 Constant propagation | Checksum: 11b981f50

Time (s): cpu = 00:00:00.38 ; elapsed = 00:00:00.25 . Memory (MB): peak = 4455.609 ; gain = 0.000 ; free physical = 239976 ; free virtual = 368320
INFO: [Opt 31-389] Phase Constant propagation created 8 cells and removed 21 cells

Phase 3 Sweep
Phase 3 Sweep | Checksum: e75ddf8f

Time (s): cpu = 00:00:00.45 ; elapsed = 00:00:00.32 . Memory (MB): peak = 4455.609 ; gain = 0.000 ; free physical = 239588 ; free virtual = 367932
INFO: [Opt 31-389] Phase Sweep created 1 cells and removed 0 cells

Phase 4 Shift Register Optimization
INFO: [Opt 31-1064] SRL Remap converted 0 SRLs to 0 registers and converted 0 registers of register chains to 0 SRLs
Phase 4 Shift Register Optimization | Checksum: 8651fc35

Time (s): cpu = 00:00:00.74 ; elapsed = 00:00:00.56 . Memory (MB): peak = 4455.609 ; gain = 0.000 ; free physical = 238385 ; free virtual = 366728
INFO: [Opt 31-389] Phase Shift Register Optimization created 0 cells and removed 0 cells

Phase 5 Post Processing Netlist
Phase 5 Post Processing Netlist | Checksum: 8651fc35

Time (s): cpu = 00:00:00.75 ; elapsed = 00:00:00.58 . Memory (MB): peak = 4455.609 ; gain = 0.000 ; free physical = 238694 ; free virtual = 367038
INFO: [Opt 31-389] Phase Post Processing Netlist created 0 cells and removed 0 cells
Opt_design Change Summary
=========================


-------------------------------------------------------------------------------------------------------------------------
|  Phase                        |  #Cells created  |  #Cells Removed  |  #Constrained objects preventing optimizations  |
-------------------------------------------------------------------------------------------------------------------------
|  Retarget                     |               3  |               3  |                                              0  |
|  Constant propagation         |               8  |              21  |                                              0  |
|  Sweep                        |               1  |               0  |                                              0  |
|  Shift Register Optimization  |               0  |               0  |                                              0  |
|  Post Processing Netlist      |               0  |               0  |                                              0  |
-------------------------------------------------------------------------------------------------------------------------


Ending Logic Optimization Task | Checksum: 8651fc35

Time (s): cpu = 00:00:00.76 ; elapsed = 00:00:00.59 . Memory (MB): peak = 4455.609 ; gain = 0.000 ; free physical = 238840 ; free virtual = 367183

Starting Power Optimization Task
INFO: [Pwropt 34-132] Skipping clock gating for clocks with a period < 2.00 ns.
Ending Power Optimization Task | Checksum: 8651fc35

Time (s): cpu = 00:00:00.01 ; elapsed = 00:00:00.01 . Memory (MB): peak = 4455.609 ; gain = 0.000 ; free physical = 238416 ; free virtual = 366759

Starting Final Cleanup Task
Ending Final Cleanup Task | Checksum: 8651fc35

Time (s): cpu = 00:00:00 ; elapsed = 00:00:00 . Memory (MB): peak = 4455.609 ; gain = 0.000 ; free physical = 238412 ; free virtual = 366756

Starting Netlist Obfuscation Task
Netlist sorting complete. Time (s): cpu = 00:00:00 ; elapsed = 00:00:00 . Memory (MB): peak = 4455.609 ; gain = 0.000 ; free physical = 238432 ; free virtual = 366775
Ending Netlist Obfuscation Task | Checksum: 8651fc35

Time (s): cpu = 00:00:00 ; elapsed = 00:00:00 . Memory (MB): peak = 4455.609 ; gain = 0.000 ; free physical = 238428 ; free virtual = 366771
INFO: [Common 17-83] Releasing license: Implementation
16 Infos, 0 Warnings, 0 Critical Warnings and 0 Errors encountered.
opt_design completed successfully
opt_design: Time (s): cpu = 00:00:08 ; elapsed = 00:00:06 . Memory (MB): peak = 4455.609 ; gain = 344.422 ; free physical = 238425 ; free virtual = 366769
# report_utilization -file vivado_synth.rpt -hierarchical -hierarchical_depth 1
INFO: [Common 17-206] Exiting Vivado at Sat Jul 19 04:20:33 2025...
