Copyright 1986-2022 Xilinx, Inc. All Rights Reserved. Copyright 2022-2023 Advanced Micro Devices, Inc. All Rights Reserved.
---------------------------------------------------------------------------------------------------------------------------------------------
| Tool Version : Vivado v.2023.1 (lin64) Build 3865809 Sun May  7 15:04:56 MDT 2023
| Date         : Mon Jul 21 17:14:50 2025
| Host         : coder-hftsoi-hls3 running 64-bit Ubuntu 20.04.6 LTS
| Command      : report_utilization -file vivado_synth.rpt -hierarchical -hierarchical_depth 1
| Design       : hls_dummy
| Device       : xcu250-figd2104-2L-e
| Speed File   : -2L
| Design State : Optimized
---------------------------------------------------------------------------------------------------------------------------------------------

Utilization Design Information

Table of Contents
-----------------
1. Utilization by Hierarchy

1. Utilization by Hierarchy
---------------------------

+----------------------------------------------------------------------+-----------------------------------------------------------------------------+------------+------------+---------+------+------+--------+--------+------+------------+
|                               Instance                               |                                    Module                                   | Total LUTs | Logic LUTs | LUTRAMs | SRLs |  FFs | RAMB36 | RAMB18 | URAM | DSP Blocks |
+----------------------------------------------------------------------+-----------------------------------------------------------------------------+------------+------------+---------+------+------+--------+--------+------+------------+
| hls_dummy                                                            |                                                                       (top) |      11260 |      11260 |       0 |    0 | 3435 |      0 |      0 |    0 |         45 |
|   (hls_dummy)                                                        |                                                                       (top) |          0 |          0 |       0 |    0 |   35 |      0 |      0 |    0 |          0 |
|   Block_entry28_proc_U0                                              |                                                hls_dummy_Block_entry28_proc |          0 |          0 |       0 |    0 |   40 |      0 |      0 |    0 |          0 |
|   sparse_arr_feat_conv1_out_10_U                                     |                                                      hls_dummy_fifo_w8_d2_S |         23 |         23 |       0 |    0 |   20 |      0 |      0 |    0 |          0 |
|   sparse_arr_feat_conv1_out_11_U                                     |                                                    hls_dummy_fifo_w8_d2_S_0 |         28 |         28 |       0 |    0 |   20 |      0 |      0 |    0 |          0 |
|   sparse_arr_feat_conv1_out_12_U                                     |                                                    hls_dummy_fifo_w8_d2_S_1 |        140 |        140 |       0 |    0 |   20 |      0 |      0 |    0 |          0 |
|   sparse_arr_feat_conv1_out_13_U                                     |                                                    hls_dummy_fifo_w8_d2_S_2 |         26 |         26 |       0 |    0 |   20 |      0 |      0 |    0 |          0 |
|   sparse_arr_feat_conv1_out_14_U                                     |                                                    hls_dummy_fifo_w8_d2_S_3 |         29 |         29 |       0 |    0 |   20 |      0 |      0 |    0 |          0 |
|   sparse_arr_feat_conv1_out_1_U                                      |                                                    hls_dummy_fifo_w8_d2_S_4 |         17 |         17 |       0 |    0 |   20 |      0 |      0 |    0 |          0 |
|   sparse_arr_feat_conv1_out_2_U                                      |                                                    hls_dummy_fifo_w8_d2_S_5 |         23 |         23 |       0 |    0 |   20 |      0 |      0 |    0 |          0 |
|   sparse_arr_feat_conv1_out_3_U                                      |                                                    hls_dummy_fifo_w8_d2_S_6 |        224 |        224 |       0 |    0 |   20 |      0 |      0 |    0 |          0 |
|   sparse_arr_feat_conv1_out_4_U                                      |                                                    hls_dummy_fifo_w8_d2_S_7 |         12 |         12 |       0 |    0 |   20 |      0 |      0 |    0 |          0 |
|   sparse_arr_feat_conv1_out_5_U                                      |                                                    hls_dummy_fifo_w8_d2_S_8 |         28 |         28 |       0 |    0 |   20 |      0 |      0 |    0 |          0 |
|   sparse_arr_feat_conv1_out_6_U                                      |                                                    hls_dummy_fifo_w8_d2_S_9 |        196 |        196 |       0 |    0 |   20 |      0 |      0 |    0 |          0 |
|   sparse_arr_feat_conv1_out_7_U                                      |                                                   hls_dummy_fifo_w8_d2_S_10 |         13 |         13 |       0 |    0 |   20 |      0 |      0 |    0 |          0 |
|   sparse_arr_feat_conv1_out_8_U                                      |                                                   hls_dummy_fifo_w8_d2_S_11 |         28 |         28 |       0 |    0 |   20 |      0 |      0 |    0 |          0 |
|   sparse_arr_feat_conv1_out_9_U                                      |                                                   hls_dummy_fifo_w8_d2_S_12 |        167 |        167 |       0 |    0 |   20 |      0 |      0 |    0 |          0 |
|   sparse_arr_feat_conv1_out_U                                        |                                                   hls_dummy_fifo_w8_d2_S_13 |        254 |        254 |       0 |    0 |   20 |      0 |      0 |    0 |          0 |
|   sparse_arr_feat_conv2_out_1_U                                      |                                                   hls_dummy_fifo_w8_d2_S_14 |         20 |         20 |       0 |    0 |   20 |      0 |      0 |    0 |          0 |
|   sparse_arr_feat_conv2_out_2_U                                      |                                                   hls_dummy_fifo_w8_d2_S_15 |         19 |         19 |       0 |    0 |   20 |      0 |      0 |    0 |          0 |
|   sparse_arr_feat_conv2_out_3_U                                      |                                                   hls_dummy_fifo_w8_d2_S_16 |         21 |         21 |       0 |    0 |   20 |      0 |      0 |    0 |          0 |
|   sparse_arr_feat_conv2_out_4_U                                      |                                                   hls_dummy_fifo_w8_d2_S_17 |         19 |         19 |       0 |    0 |   20 |      0 |      0 |    0 |          0 |
|   sparse_arr_feat_conv2_out_U                                        |                                                   hls_dummy_fifo_w8_d2_S_18 |         19 |         19 |       0 |    0 |   20 |      0 |      0 |    0 |          0 |
|   sparse_arr_feat_reduce_out_1_U                                     |                                                   hls_dummy_fifo_w8_d2_S_19 |        477 |        477 |       0 |    0 |   24 |      0 |      0 |    0 |          0 |
|   sparse_arr_feat_reduce_out_2_U                                     |                                                   hls_dummy_fifo_w8_d2_S_20 |        448 |        448 |       0 |    0 |   22 |      0 |      0 |    0 |          0 |
|   sparse_arr_feat_reduce_out_3_U                                     |                                                   hls_dummy_fifo_w8_d2_S_21 |        422 |        422 |       0 |    0 |   20 |      0 |      0 |    0 |          0 |
|   sparse_arr_feat_reduce_out_4_U                                     |                                                   hls_dummy_fifo_w8_d2_S_22 |        401 |        401 |       0 |    0 |   21 |      0 |      0 |    0 |          0 |
|   sparse_arr_feat_reduce_out_U                                       |                                                   hls_dummy_fifo_w8_d2_S_23 |        504 |        504 |       0 |    0 |   24 |      0 |      0 |    0 |          0 |
|   sparse_arr_hash_reduce_out_1_c13_channel_U                         |                                                      hls_dummy_fifo_w4_d2_S |         63 |         63 |       0 |    0 |   12 |      0 |      0 |    0 |          0 |
|   sparse_arr_hash_reduce_out_1_c_U                                   |                                                   hls_dummy_fifo_w4_d2_S_24 |         10 |         10 |       0 |    0 |   12 |      0 |      0 |    0 |          0 |
|   sparse_arr_hash_reduce_out_2_c14_channel_U                         |                                                   hls_dummy_fifo_w4_d2_S_25 |         23 |         23 |       0 |    0 |   12 |      0 |      0 |    0 |          0 |
|   sparse_arr_hash_reduce_out_2_c_U                                   |                                                   hls_dummy_fifo_w4_d2_S_26 |         10 |         10 |       0 |    0 |   12 |      0 |      0 |    0 |          0 |
|   sparse_arr_hash_reduce_out_3_c15_channel_U                         |                                                   hls_dummy_fifo_w4_d2_S_27 |         39 |         39 |       0 |    0 |   12 |      0 |      0 |    0 |          0 |
|   sparse_arr_hash_reduce_out_3_c_U                                   |                                                   hls_dummy_fifo_w4_d2_S_28 |         10 |         10 |       0 |    0 |   12 |      0 |      0 |    0 |          0 |
|   sparse_arr_hash_reduce_out_4_c16_channel_U                         |                                                   hls_dummy_fifo_w4_d2_S_29 |         43 |         43 |       0 |    0 |   12 |      0 |      0 |    0 |          0 |
|   sparse_arr_hash_reduce_out_4_c_U                                   |                                                   hls_dummy_fifo_w4_d2_S_30 |         12 |         12 |       0 |    0 |   12 |      0 |      0 |    0 |          0 |
|   sparse_arr_hash_reduce_out_5_c17_channel_U                         |                                                   hls_dummy_fifo_w4_d2_S_31 |         54 |         54 |       0 |    0 |   12 |      0 |      0 |    0 |          0 |
|   sparse_arr_hash_reduce_out_5_c_U                                   |                                                   hls_dummy_fifo_w4_d2_S_32 |         12 |         12 |       0 |    0 |   12 |      0 |      0 |    0 |          0 |
|   sparse_arr_hash_reduce_out_6_c18_channel_U                         |                                                   hls_dummy_fifo_w4_d2_S_33 |         65 |         65 |       0 |    0 |   12 |      0 |      0 |    0 |          0 |
|   sparse_arr_hash_reduce_out_6_c_U                                   |                                                   hls_dummy_fifo_w4_d2_S_34 |         10 |         10 |       0 |    0 |   12 |      0 |      0 |    0 |          0 |
|   sparse_arr_hash_reduce_out_7_c19_channel_U                         |                                                   hls_dummy_fifo_w4_d2_S_35 |         69 |         69 |       0 |    0 |   12 |      0 |      0 |    0 |          0 |
|   sparse_arr_hash_reduce_out_7_c_U                                   |                                                   hls_dummy_fifo_w4_d2_S_36 |         11 |         11 |       0 |    0 |   12 |      0 |      0 |    0 |          0 |
|   sparse_arr_hash_reduce_out_8_c20_channel_U                         |                                                   hls_dummy_fifo_w4_d2_S_37 |         33 |         33 |       0 |    0 |   12 |      0 |      0 |    0 |          0 |
|   sparse_arr_hash_reduce_out_8_c_U                                   |                                                   hls_dummy_fifo_w4_d2_S_38 |         10 |         10 |       0 |    0 |   12 |      0 |      0 |    0 |          0 |
|   sparse_arr_hash_reduce_out_9_c21_channel_U                         |                                                   hls_dummy_fifo_w4_d2_S_39 |         46 |         46 |       0 |    0 |   12 |      0 |      0 |    0 |          0 |
|   sparse_arr_hash_reduce_out_9_c_U                                   |                                                   hls_dummy_fifo_w4_d2_S_40 |         10 |         10 |       0 |    0 |   12 |      0 |      0 |    0 |          0 |
|   sparse_arr_hash_reduce_out_c12_channel_U                           |                                                   hls_dummy_fifo_w4_d2_S_41 |         55 |         55 |       0 |    0 |   12 |      0 |      0 |    0 |          0 |
|   sparse_arr_hash_reduce_out_c_U                                     |                                                   hls_dummy_fifo_w4_d2_S_42 |         10 |         10 |       0 |    0 |   12 |      0 |      0 |    0 |          0 |
|   sparse_conv_ap_fixed_ap_fixed_ap_uint_ap_fixed_ap_fixed_5_1_3_3_U0 | hls_dummy_sparse_conv_ap_fixed_ap_fixed_ap_uint_ap_fixed_ap_fixed_5_1_3_3_s |       3289 |       3289 |       0 |    0 | 1000 |      0 |      0 |    0 |          0 |
|   sparse_conv_ap_fixed_ap_fixed_ap_uint_ap_fixed_ap_fixed_5_3_1_3_U0 | hls_dummy_sparse_conv_ap_fixed_ap_fixed_ap_uint_ap_fixed_ap_fixed_5_3_1_3_s |       1601 |       1601 |       0 |    0 |  581 |      0 |      0 |    0 |         45 |
|   sparse_input_reduce_ap_fixed_8_2_5_3_0_ap_uint_10_10_10_1_5_4_U0   |     hls_dummy_sparse_input_reduce_ap_fixed_8_2_5_3_0_ap_uint_10_10_10_1_5_4 |       2527 |       2527 |       0 |    0 | 1028 |      0 |      0 |    0 |          0 |
+----------------------------------------------------------------------+-----------------------------------------------------------------------------+------------+------------+---------+------+------+--------+--------+------+------------+


