

================================================================
== Vivado HLS Report for 'myhls'
================================================================
* Date:           Sun Jul 27 17:12:17 2025

* Version:        2020.1 (Build 2897737 on Wed May 27 20:21:37 MDT 2020)
* Project:        myhls_prj
* Solution:       solution1
* Product family: virtexuplus
* Target device:  xcu250-figd2104-2L-e


================================================================
== Performance Estimates
================================================================
+ Timing: 
    * Summary: 
    +--------+---------+----------+------------+
    |  Clock |  Target | Estimated| Uncertainty|
    +--------+---------+----------+------------+
    |ap_clk  | 5.00 ns | 4.375 ns |   0.62 ns  |
    +--------+---------+----------+------------+

+ Latency: 
    * Summary: 
    +---------+---------+----------+----------+-----+-----+----------+
    |  Latency (cycles) |  Latency (absolute) |  Interval | Pipeline |
    |   min   |   max   |    min   |    max   | min | max |   Type   |
    +---------+---------+----------+----------+-----+-----+----------+
    |     1671|     1671| 8.355 us | 8.355 us |  892|  892| dataflow |
    +---------+---------+----------+----------+-----+-----+----------+

    + Detail: 
        * Instance: 
        +------------------------------------------------------------------------+-----------------------------------------------------------------------+---------+---------+-----------+-----------+-----+-----+----------+
        |                                                                        |                                                                       |  Latency (cycles) |   Latency (absolute)  |  Interval | Pipeline |
        |                                Instance                                |                                 Module                                |   min   |   max   |    min    |    max    | min | max |   Type   |
        +------------------------------------------------------------------------+-----------------------------------------------------------------------+---------+---------+-----------+-----------+-----+-----+----------+
        |dense_array_ap_ufixed_1u_array_ap_fixed_25_12_5_3_0_28u_config13_U0     |dense_array_ap_ufixed_1u_array_ap_fixed_25_12_5_3_0_28u_config13_s     |      151|      151|  0.755 us |  0.755 us |  151|  151|   none   |
        |conv_2d_cl_array_ap_ufixed_3u_array_ap_fixed_24_11_5_3_0_2u_config5_U0  |conv_2d_cl_array_ap_ufixed_3u_array_ap_fixed_24_11_5_3_0_2u_config5_s  |      790|      790|  3.950 us |  3.950 us |  790|  790|   none   |
        |dense_array_ap_ufixed_28u_array_ap_fixed_22_9_5_3_0_5u_config16_U0      |dense_array_ap_ufixed_28u_array_ap_fixed_22_9_5_3_0_5u_config16_s      |        3|        3| 15.000 ns | 15.000 ns |    3|    3|   none   |
        |conv_2d_cl_array_ap_ufixed_1u_array_ap_fixed_22_9_5_3_0_3u_config2_U0   |conv_2d_cl_array_ap_ufixed_1u_array_ap_fixed_22_9_5_3_0_3u_config2_s   |      789|      789|  3.945 us |  3.945 us |  789|  789|   none   |
        |conv_2d_cl_array_ap_ufixed_2u_array_ap_fixed_23_10_5_3_0_1u_config8_U0  |conv_2d_cl_array_ap_ufixed_2u_array_ap_fixed_23_10_5_3_0_1u_config8_s  |      789|      789|  3.945 us |  3.945 us |  789|  789|   none   |
        |relu_array_ap_fixed_28u_array_ap_ufixed_8_1_4_0_0_28u_relu_config15_U0  |relu_array_ap_fixed_28u_array_ap_ufixed_8_1_4_0_0_28u_relu_config15_s  |        1|        1|  5.000 ns |  5.000 ns |    1|    1| function |
        |softmax_array_array_ap_fixed_16_6_5_3_0_5u_softmax_config18_U0          |softmax_array_array_ap_fixed_16_6_5_3_0_5u_softmax_config18_s          |        5|        5| 25.000 ns | 25.000 ns |    5|    5|   none   |
        |pooling2d_cl_array_array_ap_ufixed_8_1_4_0_0_1u_config11_U0             |pooling2d_cl_array_array_ap_ufixed_8_1_4_0_0_1u_config11_s             |      579|      579|  2.895 us |  2.895 us |  579|  579|   none   |
        |relu_array_ap_fixed_3u_array_ap_ufixed_8_1_4_0_0_3u_relu_config4_U0     |relu_array_ap_fixed_3u_array_ap_ufixed_8_1_4_0_0_3u_relu_config4_s     |      579|      579|  2.895 us |  2.895 us |  579|  579|   none   |
        |relu_array_ap_fixed_2u_array_ap_ufixed_8_1_4_0_0_2u_relu_config7_U0     |relu_array_ap_fixed_2u_array_ap_ufixed_8_1_4_0_0_2u_relu_config7_s     |      579|      579|  2.895 us |  2.895 us |  579|  579|   none   |
        |zeropad2d_cl_array_array_ap_ufixed_8_1_4_0_0_3u_config20_U0             |zeropad2d_cl_array_array_ap_ufixed_8_1_4_0_0_3u_config20_s             |      891|      891|  4.455 us |  4.455 us |  891|  891|   none   |
        |zeropad2d_cl_array_array_ap_ufixed_8_1_4_0_0_2u_config21_U0             |zeropad2d_cl_array_array_ap_ufixed_8_1_4_0_0_2u_config21_s             |      891|      891|  4.455 us |  4.455 us |  891|  891|   none   |
        |zeropad2d_cl_array_array_ap_ufixed_8_1_5_3_0_1u_config19_U0             |zeropad2d_cl_array_array_ap_ufixed_8_1_5_3_0_1u_config19_s             |      891|      891|  4.455 us |  4.455 us |  891|  891|   none   |
        |relu_array_ap_fixed_1u_array_ap_ufixed_8_1_4_0_0_1u_relu_config10_U0    |relu_array_ap_fixed_1u_array_ap_ufixed_8_1_4_0_0_1u_relu_config10_s    |      579|      579|  2.895 us |  2.895 us |  579|  579|   none   |
        +------------------------------------------------------------------------+-----------------------------------------------------------------------+---------+---------+-----------+-----------+-----+-----+----------+

        * Loop: 
        N/A



================================================================
== Utilization Estimates
================================================================
* Summary: 
+---------------------+---------+-------+---------+---------+------+
|         Name        | BRAM_18K| DSP48E|    FF   |   LUT   | URAM |
+---------------------+---------+-------+---------+---------+------+
|DSP                  |        -|      -|        -|        -|     -|
|Expression           |        -|      -|        0|        2|     -|
|FIFO                 |       25|      -|     1108|     2905|     -|
|Instance             |        4|      5|    25248|   194504|     -|
|Memory               |        -|      -|        -|        -|     -|
|Multiplexer          |        -|      -|        -|        -|     -|
|Register             |        -|      -|        -|        -|     -|
+---------------------+---------+-------+---------+---------+------+
|Total                |       29|      5|    26356|   197411|     0|
+---------------------+---------+-------+---------+---------+------+
|Available SLR        |     1344|   3072|   864000|   432000|   320|
+---------------------+---------+-------+---------+---------+------+
|Utilization SLR (%)  |        2|   ~0  |        3|       45|     0|
+---------------------+---------+-------+---------+---------+------+
|Available            |     5376|  12288|  3456000|  1728000|  1280|
+---------------------+---------+-------+---------+---------+------+
|Utilization (%)      |    ~0   |   ~0  |    ~0   |       11|     0|
+---------------------+---------+-------+---------+---------+------+

+ Detail: 
    * Instance: 
    +------------------------------------------------------------------------+-----------------------------------------------------------------------+---------+-------+-------+--------+-----+
    |                                Instance                                |                                 Module                                | BRAM_18K| DSP48E|   FF  |   LUT  | URAM|
    +------------------------------------------------------------------------+-----------------------------------------------------------------------+---------+-------+-------+--------+-----+
    |conv_2d_cl_array_ap_ufixed_1u_array_ap_fixed_22_9_5_3_0_3u_config2_U0   |conv_2d_cl_array_ap_ufixed_1u_array_ap_fixed_22_9_5_3_0_3u_config2_s   |        0|      0|   1356|    4337|    0|
    |conv_2d_cl_array_ap_ufixed_2u_array_ap_fixed_23_10_5_3_0_1u_config8_U0  |conv_2d_cl_array_ap_ufixed_2u_array_ap_fixed_23_10_5_3_0_1u_config8_s  |        0|      0|   1715|    3278|    0|
    |conv_2d_cl_array_ap_ufixed_3u_array_ap_fixed_24_11_5_3_0_2u_config5_U0  |conv_2d_cl_array_ap_ufixed_3u_array_ap_fixed_24_11_5_3_0_2u_config5_s  |        0|      0|   3367|    8116|    0|
    |dense_array_ap_ufixed_1u_array_ap_fixed_25_12_5_3_0_28u_config13_U0     |dense_array_ap_ufixed_1u_array_ap_fixed_25_12_5_3_0_28u_config13_s     |        0|      0|  16793|  164052|    0|
    |dense_array_ap_ufixed_28u_array_ap_fixed_22_9_5_3_0_5u_config16_U0      |dense_array_ap_ufixed_28u_array_ap_fixed_22_9_5_3_0_5u_config16_s      |        0|      0|    902|    7434|    0|
    |pooling2d_cl_array_array_ap_ufixed_8_1_4_0_0_1u_config11_U0             |pooling2d_cl_array_array_ap_ufixed_8_1_4_0_0_1u_config11_s             |        0|      0|    310|     667|    0|
    |relu_array_ap_fixed_1u_array_ap_ufixed_8_1_4_0_0_1u_relu_config10_U0    |relu_array_ap_fixed_1u_array_ap_ufixed_8_1_4_0_0_1u_relu_config10_s    |        0|      0|     28|     224|    0|
    |relu_array_ap_fixed_28u_array_ap_ufixed_8_1_4_0_0_28u_relu_config15_U0  |relu_array_ap_fixed_28u_array_ap_ufixed_8_1_4_0_0_28u_relu_config15_s  |        0|      0|    228|    3276|    0|
    |relu_array_ap_fixed_2u_array_ap_ufixed_8_1_4_0_0_2u_relu_config7_U0     |relu_array_ap_fixed_2u_array_ap_ufixed_8_1_4_0_0_2u_relu_config7_s     |        0|      0|     36|     344|    0|
    |relu_array_ap_fixed_3u_array_ap_ufixed_8_1_4_0_0_3u_relu_config4_U0     |relu_array_ap_fixed_3u_array_ap_ufixed_8_1_4_0_0_3u_relu_config4_s     |        0|      0|     44|     448|    0|
    |softmax_array_array_ap_fixed_16_6_5_3_0_5u_softmax_config18_U0          |softmax_array_array_ap_fixed_16_6_5_3_0_5u_softmax_config18_s          |        4|      5|    325|    1147|    0|
    |zeropad2d_cl_array_array_ap_ufixed_8_1_4_0_0_2u_config21_U0             |zeropad2d_cl_array_array_ap_ufixed_8_1_4_0_0_2u_config21_s             |        0|      0|     48|     395|    0|
    |zeropad2d_cl_array_array_ap_ufixed_8_1_4_0_0_3u_config20_U0             |zeropad2d_cl_array_array_ap_ufixed_8_1_4_0_0_3u_config20_s             |        0|      0|     48|     428|    0|
    |zeropad2d_cl_array_array_ap_ufixed_8_1_5_3_0_1u_config19_U0             |zeropad2d_cl_array_array_ap_ufixed_8_1_5_3_0_1u_config19_s             |        0|      0|     48|     358|    0|
    +------------------------------------------------------------------------+-----------------------------------------------------------------------+---------+-------+-------+--------+-----+
    |Total                                                                   |                                                                       |        4|      5|  25248|  194504|    0|
    +------------------------------------------------------------------------+-----------------------------------------------------------------------+---------+-------+-------+--------+-----+

    * DSP48E: 
    N/A

    * Memory: 
    N/A

    * FIFO: 
    +---------------------------+---------+----+----+-----+------+-----+---------+
    |            Name           | BRAM_18K| FF | LUT| URAM| Depth| Bits| Size:D*B|
    +---------------------------+---------+----+----+-----+------+-----+---------+
    |layer10_out_V_data_0_V_U   |        1|  37|   0|    -|   576|    8|     4608|
    |layer11_out_V_data_0_V_U   |        1|  30|   0|    -|   144|    8|     1152|
    |layer13_out_V_data_0_V_U   |        0|   5|   0|    -|     1|   25|       25|
    |layer13_out_V_data_10_V_U  |        0|   5|   0|    -|     1|   25|       25|
    |layer13_out_V_data_11_V_U  |        0|   5|   0|    -|     1|   25|       25|
    |layer13_out_V_data_12_V_U  |        0|   5|   0|    -|     1|   25|       25|
    |layer13_out_V_data_13_V_U  |        0|   5|   0|    -|     1|   25|       25|
    |layer13_out_V_data_14_V_U  |        0|   5|   0|    -|     1|   25|       25|
    |layer13_out_V_data_15_V_U  |        0|   5|   0|    -|     1|   25|       25|
    |layer13_out_V_data_16_V_U  |        0|   5|   0|    -|     1|   25|       25|
    |layer13_out_V_data_17_V_U  |        0|   5|   0|    -|     1|   25|       25|
    |layer13_out_V_data_18_V_U  |        0|   5|   0|    -|     1|   25|       25|
    |layer13_out_V_data_19_V_U  |        0|   5|   0|    -|     1|   25|       25|
    |layer13_out_V_data_1_V_U   |        0|   5|   0|    -|     1|   25|       25|
    |layer13_out_V_data_20_V_U  |        0|   5|   0|    -|     1|   25|       25|
    |layer13_out_V_data_21_V_U  |        0|   5|   0|    -|     1|   25|       25|
    |layer13_out_V_data_22_V_U  |        0|   5|   0|    -|     1|   25|       25|
    |layer13_out_V_data_23_V_U  |        0|   5|   0|    -|     1|   25|       25|
    |layer13_out_V_data_24_V_U  |        0|   5|   0|    -|     1|   25|       25|
    |layer13_out_V_data_25_V_U  |        0|   5|   0|    -|     1|   25|       25|
    |layer13_out_V_data_26_V_U  |        0|   5|   0|    -|     1|   25|       25|
    |layer13_out_V_data_27_V_U  |        0|   5|   0|    -|     1|   25|       25|
    |layer13_out_V_data_2_V_U   |        0|   5|   0|    -|     1|   25|       25|
    |layer13_out_V_data_3_V_U   |        0|   5|   0|    -|     1|   25|       25|
    |layer13_out_V_data_4_V_U   |        0|   5|   0|    -|     1|   25|       25|
    |layer13_out_V_data_5_V_U   |        0|   5|   0|    -|     1|   25|       25|
    |layer13_out_V_data_6_V_U   |        0|   5|   0|    -|     1|   25|       25|
    |layer13_out_V_data_7_V_U   |        0|   5|   0|    -|     1|   25|       25|
    |layer13_out_V_data_8_V_U   |        0|   5|   0|    -|     1|   25|       25|
    |layer13_out_V_data_9_V_U   |        0|   5|   0|    -|     1|   25|       25|
    |layer15_out_V_data_0_V_U   |        0|   5|   0|    -|     1|    8|        8|
    |layer15_out_V_data_10_V_U  |        0|   5|   0|    -|     1|    8|        8|
    |layer15_out_V_data_11_V_U  |        0|   5|   0|    -|     1|    8|        8|
    |layer15_out_V_data_12_V_U  |        0|   5|   0|    -|     1|    8|        8|
    |layer15_out_V_data_13_V_U  |        0|   5|   0|    -|     1|    8|        8|
    |layer15_out_V_data_14_V_U  |        0|   5|   0|    -|     1|    8|        8|
    |layer15_out_V_data_15_V_U  |        0|   5|   0|    -|     1|    8|        8|
    |layer15_out_V_data_16_V_U  |        0|   5|   0|    -|     1|    8|        8|
    |layer15_out_V_data_17_V_U  |        0|   5|   0|    -|     1|    8|        8|
    |layer15_out_V_data_18_V_U  |        0|   5|   0|    -|     1|    8|        8|
    |layer15_out_V_data_19_V_U  |        0|   5|   0|    -|     1|    8|        8|
    |layer15_out_V_data_1_V_U   |        0|   5|   0|    -|     1|    8|        8|
    |layer15_out_V_data_20_V_U  |        0|   5|   0|    -|     1|    8|        8|
    |layer15_out_V_data_21_V_U  |        0|   5|   0|    -|     1|    8|        8|
    |layer15_out_V_data_22_V_U  |        0|   5|   0|    -|     1|    8|        8|
    |layer15_out_V_data_23_V_U  |        0|   5|   0|    -|     1|    8|        8|
    |layer15_out_V_data_24_V_U  |        0|   5|   0|    -|     1|    8|        8|
    |layer15_out_V_data_25_V_U  |        0|   5|   0|    -|     1|    8|        8|
    |layer15_out_V_data_26_V_U  |        0|   5|   0|    -|     1|    8|        8|
    |layer15_out_V_data_27_V_U  |        0|   5|   0|    -|     1|    8|        8|
    |layer15_out_V_data_2_V_U   |        0|   5|   0|    -|     1|    8|        8|
    |layer15_out_V_data_3_V_U   |        0|   5|   0|    -|     1|    8|        8|
    |layer15_out_V_data_4_V_U   |        0|   5|   0|    -|     1|    8|        8|
    |layer15_out_V_data_5_V_U   |        0|   5|   0|    -|     1|    8|        8|
    |layer15_out_V_data_6_V_U   |        0|   5|   0|    -|     1|    8|        8|
    |layer15_out_V_data_7_V_U   |        0|   5|   0|    -|     1|    8|        8|
    |layer15_out_V_data_8_V_U   |        0|   5|   0|    -|     1|    8|        8|
    |layer15_out_V_data_9_V_U   |        0|   5|   0|    -|     1|    8|        8|
    |layer16_out_V_data_0_V_U   |        0|   5|   0|    -|     1|   22|       22|
    |layer16_out_V_data_1_V_U   |        0|   5|   0|    -|     1|   22|       22|
    |layer16_out_V_data_2_V_U   |        0|   5|   0|    -|     1|   22|       22|
    |layer16_out_V_data_3_V_U   |        0|   5|   0|    -|     1|   22|       22|
    |layer16_out_V_data_4_V_U   |        0|   5|   0|    -|     1|   22|       22|
    |layer19_out_V_data_0_V_U   |        1|  40|   0|    -|   784|    8|     6272|
    |layer20_out_V_data_0_V_U   |        1|  40|   0|    -|   784|    8|     6272|
    |layer20_out_V_data_1_V_U   |        1|  40|   0|    -|   784|    8|     6272|
    |layer20_out_V_data_2_V_U   |        1|  40|   0|    -|   784|    8|     6272|
    |layer21_out_V_data_0_V_U   |        1|  40|   0|    -|   784|    8|     6272|
    |layer21_out_V_data_1_V_U   |        1|  40|   0|    -|   784|    8|     6272|
    |layer2_out_V_data_0_V_U    |        2|  51|   0|    -|   576|   22|    12672|
    |layer2_out_V_data_1_V_U    |        2|  51|   0|    -|   576|   22|    12672|
    |layer2_out_V_data_2_V_U    |        2|  51|   0|    -|   576|   22|    12672|
    |layer4_out_V_data_0_V_U    |        1|  37|   0|    -|   576|    8|     4608|
    |layer4_out_V_data_1_V_U    |        1|  37|   0|    -|   576|    8|     4608|
    |layer4_out_V_data_2_V_U    |        1|  37|   0|    -|   576|    8|     4608|
    |layer5_out_V_data_0_V_U    |        2|  53|   0|    -|   576|   24|    13824|
    |layer5_out_V_data_1_V_U    |        2|  53|   0|    -|   576|   24|    13824|
    |layer7_out_V_data_0_V_U    |        1|  37|   0|    -|   576|    8|     4608|
    |layer7_out_V_data_1_V_U    |        1|  37|   0|    -|   576|    8|     4608|
    |layer8_out_V_data_0_V_U    |        2|  52|   0|    -|   576|   23|    13248|
    +---------------------------+---------+----+----+-----+------+-----+---------+
    |Total                      |       25|1108|   0|    0| 11821| 1275|   146378|
    +---------------------------+---------+----+----+-----+------+-----+---------+

    * Expression: 
    +--------------+----------+-------+---+----+------------+------------+
    | Variable Name| Operation| DSP48E| FF| LUT| Bitwidth P0| Bitwidth P1|
    +--------------+----------+-------+---+----+------------+------------+
    |ap_idle       |    and   |      0|  0|   2|           1|           1|
    +--------------+----------+-------+---+----+------------+------------+
    |Total         |          |      0|  0|   2|           1|           1|
    +--------------+----------+-------+---+----+------------+------------+

    * Multiplexer: 
    N/A

    * Register: 
    N/A



================================================================
== Interface
================================================================
* Summary: 
+-------------------------------+-----+-----+------------+------------------------+--------------+
|           RTL Ports           | Dir | Bits|  Protocol  |      Source Object     |    C Type    |
+-------------------------------+-----+-----+------------+------------------------+--------------+
|x_in_V_data_0_V_TDATA          |  in |    8|    axis    |     x_in_V_data_0_V    |    pointer   |
|x_in_V_data_0_V_TVALID         |  in |    1|    axis    |     x_in_V_data_0_V    |    pointer   |
|x_in_V_data_0_V_TREADY         | out |    1|    axis    |     x_in_V_data_0_V    |    pointer   |
|layer18_out_V_data_0_V_TDATA   | out |   16|    axis    | layer18_out_V_data_0_V |    pointer   |
|layer18_out_V_data_0_V_TVALID  | out |    1|    axis    | layer18_out_V_data_0_V |    pointer   |
|layer18_out_V_data_0_V_TREADY  |  in |    1|    axis    | layer18_out_V_data_0_V |    pointer   |
|layer18_out_V_data_1_V_TDATA   | out |   16|    axis    | layer18_out_V_data_1_V |    pointer   |
|layer18_out_V_data_1_V_TVALID  | out |    1|    axis    | layer18_out_V_data_1_V |    pointer   |
|layer18_out_V_data_1_V_TREADY  |  in |    1|    axis    | layer18_out_V_data_1_V |    pointer   |
|layer18_out_V_data_2_V_TDATA   | out |   16|    axis    | layer18_out_V_data_2_V |    pointer   |
|layer18_out_V_data_2_V_TVALID  | out |    1|    axis    | layer18_out_V_data_2_V |    pointer   |
|layer18_out_V_data_2_V_TREADY  |  in |    1|    axis    | layer18_out_V_data_2_V |    pointer   |
|layer18_out_V_data_3_V_TDATA   | out |   16|    axis    | layer18_out_V_data_3_V |    pointer   |
|layer18_out_V_data_3_V_TVALID  | out |    1|    axis    | layer18_out_V_data_3_V |    pointer   |
|layer18_out_V_data_3_V_TREADY  |  in |    1|    axis    | layer18_out_V_data_3_V |    pointer   |
|layer18_out_V_data_4_V_TDATA   | out |   16|    axis    | layer18_out_V_data_4_V |    pointer   |
|layer18_out_V_data_4_V_TVALID  | out |    1|    axis    | layer18_out_V_data_4_V |    pointer   |
|layer18_out_V_data_4_V_TREADY  |  in |    1|    axis    | layer18_out_V_data_4_V |    pointer   |
|ap_clk                         |  in |    1| ap_ctrl_hs |          myhls         | return value |
|ap_rst_n                       |  in |    1| ap_ctrl_hs |          myhls         | return value |
|ap_start                       |  in |    1| ap_ctrl_hs |          myhls         | return value |
|ap_done                        | out |    1| ap_ctrl_hs |          myhls         | return value |
|ap_ready                       | out |    1| ap_ctrl_hs |          myhls         | return value |
|ap_idle                        | out |    1| ap_ctrl_hs |          myhls         | return value |
+-------------------------------+-----+-----+------------+------------------------+--------------+

