Copyright 1986-2022 Xilinx, Inc. All Rights Reserved. Copyright 2022-2023 Advanced Micro Devices, Inc. All Rights Reserved.
---------------------------------------------------------------------------------------------------------------------------------------------
| Tool Version : Vivado v.2023.1 (lin64) Build 3865809 Sun May  7 15:04:56 MDT 2023
| Date         : Wed Jul  9 05:28:25 2025
| Host         : coder-hftsoi-hls running 64-bit Ubuntu 20.04.6 LTS
| Command      : report_utilization -file vivado_synth.rpt -hierarchical -hierarchical_depth 1
| Design       : hls_dummy
| Device       : xcu250-figd2104-2L-e
| Speed File   : -2L
| Design State : Optimized
---------------------------------------------------------------------------------------------------------------------------------------------

Utilization Design Information

Table of Contents
-----------------
1. Utilization by Hierarchy

1. Utilization by Hierarchy
---------------------------

+---------------------------------------------------------------------+----------------------------------------------------------------------------+------------+------------+---------+------+-------+--------+--------+------+------------+
|                               Instance                              |                                   Module                                   | Total LUTs | Logic LUTs | LUTRAMs | SRLs |  FFs  | RAMB36 | RAMB18 | URAM | DSP Blocks |
+---------------------------------------------------------------------+----------------------------------------------------------------------------+------------+------------+---------+------+-------+--------+--------+------+------------+
| hls_dummy                                                           |                                                                      (top) |      89405 |      89405 |       0 |    0 | 15179 |      0 |      0 |    0 |          0 |
|   (hls_dummy)                                                       |                                                                      (top) |          0 |          0 |       0 |    0 |   180 |      0 |      0 |    0 |          0 |
|   Block_entry28_proc_U0                                             |                                               hls_dummy_Block_entry28_proc |          0 |          0 |       0 |    0 |   800 |      0 |      0 |    0 |          0 |
|   flatten_out_10_U                                                  |                                                    hls_dummy_fifo_w10_d2_S |         28 |         28 |       0 |    0 |    24 |      0 |      0 |    0 |          0 |
|   flatten_out_11_U                                                  |                                                  hls_dummy_fifo_w10_d2_S_0 |         25 |         25 |       0 |    0 |    24 |      0 |      0 |    0 |          0 |
|   flatten_out_12_U                                                  |                                                  hls_dummy_fifo_w10_d2_S_1 |         25 |         25 |       0 |    0 |    24 |      0 |      0 |    0 |          0 |
|   flatten_out_13_U                                                  |                                                  hls_dummy_fifo_w10_d2_S_2 |         25 |         25 |       0 |    0 |    24 |      0 |      0 |    0 |          0 |
|   flatten_out_14_U                                                  |                                                  hls_dummy_fifo_w10_d2_S_3 |         26 |         26 |       0 |    0 |    24 |      0 |      0 |    0 |          0 |
|   flatten_out_15_U                                                  |                                                  hls_dummy_fifo_w10_d2_S_4 |         25 |         25 |       0 |    0 |    24 |      0 |      0 |    0 |          0 |
|   flatten_out_16_U                                                  |                                                  hls_dummy_fifo_w10_d2_S_5 |         27 |         27 |       0 |    0 |    24 |      0 |      0 |    0 |          0 |
|   flatten_out_17_U                                                  |                                                  hls_dummy_fifo_w10_d2_S_6 |         25 |         25 |       0 |    0 |    24 |      0 |      0 |    0 |          0 |
|   flatten_out_18_U                                                  |                                                  hls_dummy_fifo_w10_d2_S_7 |         26 |         26 |       0 |    0 |    24 |      0 |      0 |    0 |          0 |
|   flatten_out_19_U                                                  |                                                  hls_dummy_fifo_w10_d2_S_8 |         25 |         25 |       0 |    0 |    24 |      0 |      0 |    0 |          0 |
|   flatten_out_1_U                                                   |                                                  hls_dummy_fifo_w10_d2_S_9 |         25 |         25 |       0 |    0 |    24 |      0 |      0 |    0 |          0 |
|   flatten_out_20_U                                                  |                                                 hls_dummy_fifo_w10_d2_S_10 |         25 |         25 |       0 |    0 |    24 |      0 |      0 |    0 |          0 |
|   flatten_out_21_U                                                  |                                                 hls_dummy_fifo_w10_d2_S_11 |         26 |         26 |       0 |    0 |    24 |      0 |      0 |    0 |          0 |
|   flatten_out_22_U                                                  |                                                 hls_dummy_fifo_w10_d2_S_12 |         29 |         29 |       0 |    0 |    24 |      0 |      0 |    0 |          0 |
|   flatten_out_23_U                                                  |                                                 hls_dummy_fifo_w10_d2_S_13 |         26 |         26 |       0 |    0 |    24 |      0 |      0 |    0 |          0 |
|   flatten_out_24_U                                                  |                                                 hls_dummy_fifo_w10_d2_S_14 |         25 |         25 |       0 |    0 |    24 |      0 |      0 |    0 |          0 |
|   flatten_out_25_U                                                  |                                                 hls_dummy_fifo_w10_d2_S_15 |         26 |         26 |       0 |    0 |    24 |      0 |      0 |    0 |          0 |
|   flatten_out_26_U                                                  |                                                 hls_dummy_fifo_w10_d2_S_16 |         25 |         25 |       0 |    0 |    24 |      0 |      0 |    0 |          0 |
|   flatten_out_27_U                                                  |                                                 hls_dummy_fifo_w10_d2_S_17 |         25 |         25 |       0 |    0 |    24 |      0 |      0 |    0 |          0 |
|   flatten_out_28_U                                                  |                                                 hls_dummy_fifo_w10_d2_S_18 |         27 |         27 |       0 |    0 |    24 |      0 |      0 |    0 |          0 |
|   flatten_out_29_U                                                  |                                                 hls_dummy_fifo_w10_d2_S_19 |         26 |         26 |       0 |    0 |    24 |      0 |      0 |    0 |          0 |
|   flatten_out_2_U                                                   |                                                 hls_dummy_fifo_w10_d2_S_20 |         25 |         25 |       0 |    0 |    24 |      0 |      0 |    0 |          0 |
|   flatten_out_30_U                                                  |                                                 hls_dummy_fifo_w10_d2_S_21 |         25 |         25 |       0 |    0 |    24 |      0 |      0 |    0 |          0 |
|   flatten_out_31_U                                                  |                                                 hls_dummy_fifo_w10_d2_S_22 |         25 |         25 |       0 |    0 |    24 |      0 |      0 |    0 |          0 |
|   flatten_out_32_U                                                  |                                                 hls_dummy_fifo_w10_d2_S_23 |         26 |         26 |       0 |    0 |    24 |      0 |      0 |    0 |          0 |
|   flatten_out_33_U                                                  |                                                 hls_dummy_fifo_w10_d2_S_24 |         25 |         25 |       0 |    0 |    24 |      0 |      0 |    0 |          0 |
|   flatten_out_34_U                                                  |                                                 hls_dummy_fifo_w10_d2_S_25 |         27 |         27 |       0 |    0 |    24 |      0 |      0 |    0 |          0 |
|   flatten_out_35_U                                                  |                                                 hls_dummy_fifo_w10_d2_S_26 |         25 |         25 |       0 |    0 |    24 |      0 |      0 |    0 |          0 |
|   flatten_out_36_U                                                  |                                                 hls_dummy_fifo_w10_d2_S_27 |         26 |         26 |       0 |    0 |    24 |      0 |      0 |    0 |          0 |
|   flatten_out_37_U                                                  |                                                 hls_dummy_fifo_w10_d2_S_28 |         25 |         25 |       0 |    0 |    24 |      0 |      0 |    0 |          0 |
|   flatten_out_38_U                                                  |                                                 hls_dummy_fifo_w10_d2_S_29 |         26 |         26 |       0 |    0 |    24 |      0 |      0 |    0 |          0 |
|   flatten_out_39_U                                                  |                                                 hls_dummy_fifo_w10_d2_S_30 |         25 |         25 |       0 |    0 |    24 |      0 |      0 |    0 |          0 |
|   flatten_out_3_U                                                   |                                                 hls_dummy_fifo_w10_d2_S_31 |         25 |         25 |       0 |    0 |    24 |      0 |      0 |    0 |          0 |
|   flatten_out_40_U                                                  |                                                 hls_dummy_fifo_w10_d2_S_32 |         29 |         29 |       0 |    0 |    24 |      0 |      0 |    0 |          0 |
|   flatten_out_41_U                                                  |                                                 hls_dummy_fifo_w10_d2_S_33 |         26 |         26 |       0 |    0 |    24 |      0 |      0 |    0 |          0 |
|   flatten_out_42_U                                                  |                                                 hls_dummy_fifo_w10_d2_S_34 |         25 |         25 |       0 |    0 |    24 |      0 |      0 |    0 |          0 |
|   flatten_out_43_U                                                  |                                                 hls_dummy_fifo_w10_d2_S_35 |         25 |         25 |       0 |    0 |    24 |      0 |      0 |    0 |          0 |
|   flatten_out_44_U                                                  |                                                 hls_dummy_fifo_w10_d2_S_36 |         25 |         25 |       0 |    0 |    24 |      0 |      0 |    0 |          0 |
|   flatten_out_45_U                                                  |                                                 hls_dummy_fifo_w10_d2_S_37 |         26 |         26 |       0 |    0 |    24 |      0 |      0 |    0 |          0 |
|   flatten_out_46_U                                                  |                                                 hls_dummy_fifo_w10_d2_S_38 |         28 |         28 |       0 |    0 |    24 |      0 |      0 |    0 |          0 |
|   flatten_out_47_U                                                  |                                                 hls_dummy_fifo_w10_d2_S_39 |         25 |         25 |       0 |    0 |    24 |      0 |      0 |    0 |          0 |
|   flatten_out_48_U                                                  |                                                 hls_dummy_fifo_w10_d2_S_40 |         25 |         25 |       0 |    0 |    24 |      0 |      0 |    0 |          0 |
|   flatten_out_49_U                                                  |                                                 hls_dummy_fifo_w10_d2_S_41 |         26 |         26 |       0 |    0 |    24 |      0 |      0 |    0 |          0 |
|   flatten_out_4_U                                                   |                                                 hls_dummy_fifo_w10_d2_S_42 |         29 |         29 |       0 |    0 |    24 |      0 |      0 |    0 |          0 |
|   flatten_out_50_U                                                  |                                                 hls_dummy_fifo_w10_d2_S_43 |         25 |         25 |       0 |    0 |    24 |      0 |      0 |    0 |          0 |
|   flatten_out_51_U                                                  |                                                 hls_dummy_fifo_w10_d2_S_44 |         25 |         25 |       0 |    0 |    24 |      0 |      0 |    0 |          0 |
|   flatten_out_52_U                                                  |                                                 hls_dummy_fifo_w10_d2_S_45 |         28 |         28 |       0 |    0 |    24 |      0 |      0 |    0 |          0 |
|   flatten_out_53_U                                                  |                                                 hls_dummy_fifo_w10_d2_S_46 |         25 |         25 |       0 |    0 |    24 |      0 |      0 |    0 |          0 |
|   flatten_out_54_U                                                  |                                                 hls_dummy_fifo_w10_d2_S_47 |         26 |         26 |       0 |    0 |    24 |      0 |      0 |    0 |          0 |
|   flatten_out_55_U                                                  |                                                 hls_dummy_fifo_w10_d2_S_48 |         25 |         25 |       0 |    0 |    24 |      0 |      0 |    0 |          0 |
|   flatten_out_56_U                                                  |                                                 hls_dummy_fifo_w10_d2_S_49 |         25 |         25 |       0 |    0 |    24 |      0 |      0 |    0 |          0 |
|   flatten_out_57_U                                                  |                                                 hls_dummy_fifo_w10_d2_S_50 |         25 |         25 |       0 |    0 |    24 |      0 |      0 |    0 |          0 |
|   flatten_out_58_U                                                  |                                                 hls_dummy_fifo_w10_d2_S_51 |         28 |         28 |       0 |    0 |    24 |      0 |      0 |    0 |          0 |
|   flatten_out_59_U                                                  |                                                 hls_dummy_fifo_w10_d2_S_52 |         25 |         25 |       0 |    0 |    24 |      0 |      0 |    0 |          0 |
|   flatten_out_5_U                                                   |                                                 hls_dummy_fifo_w10_d2_S_53 |         25 |         25 |       0 |    0 |    24 |      0 |      0 |    0 |          0 |
|   flatten_out_60_U                                                  |                                                 hls_dummy_fifo_w10_d2_S_54 |         25 |         25 |       0 |    0 |    24 |      0 |      0 |    0 |          0 |
|   flatten_out_61_U                                                  |                                                 hls_dummy_fifo_w10_d2_S_55 |         26 |         26 |       0 |    0 |    24 |      0 |      0 |    0 |          0 |
|   flatten_out_62_U                                                  |                                                 hls_dummy_fifo_w10_d2_S_56 |         25 |         25 |       0 |    0 |    24 |      0 |      0 |    0 |          0 |
|   flatten_out_63_U                                                  |                                                 hls_dummy_fifo_w10_d2_S_57 |         25 |         25 |       0 |    0 |    24 |      0 |      0 |    0 |          0 |
|   flatten_out_64_U                                                  |                                                 hls_dummy_fifo_w10_d2_S_58 |         27 |         27 |       0 |    0 |    24 |      0 |      0 |    0 |          0 |
|   flatten_out_65_U                                                  |                                                 hls_dummy_fifo_w10_d2_S_59 |         26 |         26 |       0 |    0 |    24 |      0 |      0 |    0 |          0 |
|   flatten_out_66_U                                                  |                                                 hls_dummy_fifo_w10_d2_S_60 |         25 |         25 |       0 |    0 |    24 |      0 |      0 |    0 |          0 |
|   flatten_out_67_U                                                  |                                                 hls_dummy_fifo_w10_d2_S_61 |         25 |         25 |       0 |    0 |    24 |      0 |      0 |    0 |          0 |
|   flatten_out_68_U                                                  |                                                 hls_dummy_fifo_w10_d2_S_62 |         26 |         26 |       0 |    0 |    24 |      0 |      0 |    0 |          0 |
|   flatten_out_69_U                                                  |                                                 hls_dummy_fifo_w10_d2_S_63 |         25 |         25 |       0 |    0 |    24 |      0 |      0 |    0 |          0 |
|   flatten_out_6_U                                                   |                                                 hls_dummy_fifo_w10_d2_S_64 |         25 |         25 |       0 |    0 |    24 |      0 |      0 |    0 |          0 |
|   flatten_out_70_U                                                  |                                                 hls_dummy_fifo_w10_d2_S_65 |         27 |         27 |       0 |    0 |    24 |      0 |      0 |    0 |          0 |
|   flatten_out_71_U                                                  |                                                 hls_dummy_fifo_w10_d2_S_66 |         26 |         26 |       0 |    0 |    24 |      0 |      0 |    0 |          0 |
|   flatten_out_72_U                                                  |                                                 hls_dummy_fifo_w10_d2_S_67 |         25 |         25 |       0 |    0 |    24 |      0 |      0 |    0 |          0 |
|   flatten_out_73_U                                                  |                                                 hls_dummy_fifo_w10_d2_S_68 |         25 |         25 |       0 |    0 |    24 |      0 |      0 |    0 |          0 |
|   flatten_out_74_U                                                  |                                                 hls_dummy_fifo_w10_d2_S_69 |         25 |         25 |       0 |    0 |    24 |      0 |      0 |    0 |          0 |
|   flatten_out_75_U                                                  |                                                 hls_dummy_fifo_w10_d2_S_70 |         26 |         26 |       0 |    0 |    24 |      0 |      0 |    0 |          0 |
|   flatten_out_76_U                                                  |                                                 hls_dummy_fifo_w10_d2_S_71 |         27 |         27 |       0 |    0 |    24 |      0 |      0 |    0 |          0 |
|   flatten_out_77_U                                                  |                                                 hls_dummy_fifo_w10_d2_S_72 |         26 |         26 |       0 |    0 |    24 |      0 |      0 |    0 |          0 |
|   flatten_out_78_U                                                  |                                                 hls_dummy_fifo_w10_d2_S_73 |         25 |         25 |       0 |    0 |    24 |      0 |      0 |    0 |          0 |
|   flatten_out_79_U                                                  |                                                 hls_dummy_fifo_w10_d2_S_74 |         25 |         25 |       0 |    0 |    24 |      0 |      0 |    0 |          0 |
|   flatten_out_7_U                                                   |                                                 hls_dummy_fifo_w10_d2_S_75 |         25 |         25 |       0 |    0 |    24 |      0 |      0 |    0 |          0 |
|   flatten_out_8_U                                                   |                                                 hls_dummy_fifo_w10_d2_S_76 |         25 |         25 |       0 |    0 |    24 |      0 |      0 |    0 |          0 |
|   flatten_out_9_U                                                   |                                                 hls_dummy_fifo_w10_d2_S_77 |         25 |         25 |       0 |    0 |    24 |      0 |      0 |    0 |          0 |
|   flatten_out_U                                                     |                                                 hls_dummy_fifo_w10_d2_S_78 |         26 |         26 |       0 |    0 |    24 |      0 |      0 |    0 |          0 |
|   sparse_arr_feat_conv1_out_10_U                                    |                                                 hls_dummy_fifo_w10_d2_S_79 |         16 |         16 |       0 |    0 |    24 |      0 |      0 |    0 |          0 |
|   sparse_arr_feat_conv1_out_11_U                                    |                                                 hls_dummy_fifo_w10_d2_S_80 |         17 |         17 |       0 |    0 |    24 |      0 |      0 |    0 |          0 |
|   sparse_arr_feat_conv1_out_12_U                                    |                                                 hls_dummy_fifo_w10_d2_S_81 |          6 |          6 |       0 |    0 |    24 |      0 |      0 |    0 |          0 |
|   sparse_arr_feat_conv1_out_13_U                                    |                                                 hls_dummy_fifo_w10_d2_S_82 |          6 |          6 |       0 |    0 |    24 |      0 |      0 |    0 |          0 |
|   sparse_arr_feat_conv1_out_14_U                                    |                                                 hls_dummy_fifo_w10_d2_S_83 |          6 |          6 |       0 |    0 |    24 |      0 |      0 |    0 |          0 |
|   sparse_arr_feat_conv1_out_15_U                                    |                                                 hls_dummy_fifo_w10_d2_S_84 |          7 |          7 |       0 |    0 |    24 |      0 |      0 |    0 |          0 |
|   sparse_arr_feat_conv1_out_16_U                                    |                                                 hls_dummy_fifo_w10_d2_S_85 |         15 |         15 |       0 |    0 |    24 |      0 |      0 |    0 |          0 |
|   sparse_arr_feat_conv1_out_17_U                                    |                                                 hls_dummy_fifo_w10_d2_S_86 |         16 |         16 |       0 |    0 |    24 |      0 |      0 |    0 |          0 |
|   sparse_arr_feat_conv1_out_18_U                                    |                                                 hls_dummy_fifo_w10_d2_S_87 |         16 |         16 |       0 |    0 |    24 |      0 |      0 |    0 |          0 |
|   sparse_arr_feat_conv1_out_19_U                                    |                                                 hls_dummy_fifo_w10_d2_S_88 |         15 |         15 |       0 |    0 |    24 |      0 |      0 |    0 |          0 |
|   sparse_arr_feat_conv1_out_1_U                                     |                                                 hls_dummy_fifo_w10_d2_S_89 |         16 |         16 |       0 |    0 |    24 |      0 |      0 |    0 |          0 |
|   sparse_arr_feat_conv1_out_20_U                                    |                                                 hls_dummy_fifo_w10_d2_S_90 |          5 |          5 |       0 |    0 |    24 |      0 |      0 |    0 |          0 |
|   sparse_arr_feat_conv1_out_21_U                                    |                                                 hls_dummy_fifo_w10_d2_S_91 |          7 |          7 |       0 |    0 |    24 |      0 |      0 |    0 |          0 |
|   sparse_arr_feat_conv1_out_22_U                                    |                                                 hls_dummy_fifo_w10_d2_S_92 |          5 |          5 |       0 |    0 |    24 |      0 |      0 |    0 |          0 |
|   sparse_arr_feat_conv1_out_23_U                                    |                                                 hls_dummy_fifo_w10_d2_S_93 |          6 |          6 |       0 |    0 |    24 |      0 |      0 |    0 |          0 |
|   sparse_arr_feat_conv1_out_24_U                                    |                                                 hls_dummy_fifo_w10_d2_S_94 |         15 |         15 |       0 |    0 |    24 |      0 |      0 |    0 |          0 |
|   sparse_arr_feat_conv1_out_2_U                                     |                                                 hls_dummy_fifo_w10_d2_S_95 |         15 |         15 |       0 |    0 |    24 |      0 |      0 |    0 |          0 |
|   sparse_arr_feat_conv1_out_3_U                                     |                                                 hls_dummy_fifo_w10_d2_S_96 |         18 |         18 |       0 |    0 |    24 |      0 |      0 |    0 |          0 |
|   sparse_arr_feat_conv1_out_4_U                                     |                                                 hls_dummy_fifo_w10_d2_S_97 |          5 |          5 |       0 |    0 |    24 |      0 |      0 |    0 |          0 |
|   sparse_arr_feat_conv1_out_5_U                                     |                                                 hls_dummy_fifo_w10_d2_S_98 |          7 |          7 |       0 |    0 |    24 |      0 |      0 |    0 |          0 |
|   sparse_arr_feat_conv1_out_6_U                                     |                                                 hls_dummy_fifo_w10_d2_S_99 |          5 |          5 |       0 |    0 |    24 |      0 |      0 |    0 |          0 |
|   sparse_arr_feat_conv1_out_7_U                                     |                                                hls_dummy_fifo_w10_d2_S_100 |          5 |          5 |       0 |    0 |    24 |      0 |      0 |    0 |          0 |
|   sparse_arr_feat_conv1_out_8_U                                     |                                                hls_dummy_fifo_w10_d2_S_101 |         15 |         15 |       0 |    0 |    24 |      0 |      0 |    0 |          0 |
|   sparse_arr_feat_conv1_out_9_U                                     |                                                hls_dummy_fifo_w10_d2_S_102 |         16 |         16 |       0 |    0 |    24 |      0 |      0 |    0 |          0 |
|   sparse_arr_feat_conv1_out_U                                       |                                                hls_dummy_fifo_w10_d2_S_103 |         16 |         16 |       0 |    0 |    24 |      0 |      0 |    0 |          0 |
|   sparse_arr_feat_reduce_out_10_U                                   |                                                hls_dummy_fifo_w10_d2_S_104 |       1504 |       1504 |       0 |    0 |    22 |      0 |      0 |    0 |          0 |
|   sparse_arr_feat_reduce_out_11_U                                   |                                                hls_dummy_fifo_w10_d2_S_105 |       1502 |       1502 |       0 |    0 |    22 |      0 |      0 |    0 |          0 |
|   sparse_arr_feat_reduce_out_12_U                                   |                                                hls_dummy_fifo_w10_d2_S_106 |       1502 |       1502 |       0 |    0 |    22 |      0 |      0 |    0 |          0 |
|   sparse_arr_feat_reduce_out_13_U                                   |                                                hls_dummy_fifo_w10_d2_S_107 |       1443 |       1443 |       0 |    0 |    22 |      0 |      0 |    0 |          0 |
|   sparse_arr_feat_reduce_out_14_U                                   |                                                hls_dummy_fifo_w10_d2_S_108 |       1483 |       1483 |       0 |    0 |    22 |      0 |      0 |    0 |          0 |
|   sparse_arr_feat_reduce_out_15_U                                   |                                                hls_dummy_fifo_w10_d2_S_109 |       1501 |       1501 |       0 |    0 |    22 |      0 |      0 |    0 |          0 |
|   sparse_arr_feat_reduce_out_16_U                                   |                                                hls_dummy_fifo_w10_d2_S_110 |       1472 |       1472 |       0 |    0 |    22 |      0 |      0 |    0 |          0 |
|   sparse_arr_feat_reduce_out_17_U                                   |                                                hls_dummy_fifo_w10_d2_S_111 |       1384 |       1384 |       0 |    0 |    22 |      0 |      0 |    0 |          0 |
|   sparse_arr_feat_reduce_out_18_U                                   |                                                hls_dummy_fifo_w10_d2_S_112 |       1461 |       1461 |       0 |    0 |    22 |      0 |      0 |    0 |          0 |
|   sparse_arr_feat_reduce_out_19_U                                   |                                                hls_dummy_fifo_w10_d2_S_113 |       1502 |       1502 |       0 |    0 |    22 |      0 |      0 |    0 |          0 |
|   sparse_arr_feat_reduce_out_1_U                                    |                                                hls_dummy_fifo_w10_d2_S_114 |       1391 |       1391 |       0 |    0 |    22 |      0 |      0 |    0 |          0 |
|   sparse_arr_feat_reduce_out_20_U                                   |                                                hls_dummy_fifo_w10_d2_S_115 |       1501 |       1501 |       0 |    0 |    22 |      0 |      0 |    0 |          0 |
|   sparse_arr_feat_reduce_out_21_U                                   |                                                hls_dummy_fifo_w10_d2_S_116 |       1498 |       1498 |       0 |    0 |    22 |      0 |      0 |    0 |          0 |
|   sparse_arr_feat_reduce_out_22_U                                   |                                                hls_dummy_fifo_w10_d2_S_117 |       1501 |       1501 |       0 |    0 |    22 |      0 |      0 |    0 |          0 |
|   sparse_arr_feat_reduce_out_23_U                                   |                                                hls_dummy_fifo_w10_d2_S_118 |       1480 |       1480 |       0 |    0 |    22 |      0 |      0 |    0 |          0 |
|   sparse_arr_feat_reduce_out_24_U                                   |                                                hls_dummy_fifo_w10_d2_S_119 |       1489 |       1489 |       0 |    0 |    22 |      0 |      0 |    0 |          0 |
|   sparse_arr_feat_reduce_out_2_U                                    |                                                hls_dummy_fifo_w10_d2_S_120 |       1390 |       1390 |       0 |    0 |    22 |      0 |      0 |    0 |          0 |
|   sparse_arr_feat_reduce_out_3_U                                    |                                                hls_dummy_fifo_w10_d2_S_121 |       1411 |       1411 |       0 |    0 |    22 |      0 |      0 |    0 |          0 |
|   sparse_arr_feat_reduce_out_4_U                                    |                                                hls_dummy_fifo_w10_d2_S_122 |       1289 |       1289 |       0 |    0 |    22 |      0 |      0 |    0 |          0 |
|   sparse_arr_feat_reduce_out_5_U                                    |                                                hls_dummy_fifo_w10_d2_S_123 |       1370 |       1370 |       0 |    0 |    22 |      0 |      0 |    0 |          0 |
|   sparse_arr_feat_reduce_out_6_U                                    |                                                hls_dummy_fifo_w10_d2_S_124 |       1349 |       1349 |       0 |    0 |    22 |      0 |      0 |    0 |          0 |
|   sparse_arr_feat_reduce_out_7_U                                    |                                                hls_dummy_fifo_w10_d2_S_125 |       1502 |       1502 |       0 |    0 |    22 |      0 |      0 |    0 |          0 |
|   sparse_arr_feat_reduce_out_8_U                                    |                                                hls_dummy_fifo_w10_d2_S_126 |       1501 |       1501 |       0 |    0 |    22 |      0 |      0 |    0 |          0 |
|   sparse_arr_feat_reduce_out_9_U                                    |                                                hls_dummy_fifo_w10_d2_S_127 |       1472 |       1472 |       0 |    0 |    22 |      0 |      0 |    0 |          0 |
|   sparse_arr_feat_reduce_out_U                                      |                                                hls_dummy_fifo_w10_d2_S_128 |       1518 |       1518 |       0 |    0 |    22 |      0 |      0 |    0 |          0 |
|   sparse_arr_hash_reduce_out_10_c22_channel_U                       |                                                     hls_dummy_fifo_w4_d2_S |        126 |        126 |       0 |    0 |    12 |      0 |      0 |    0 |          0 |
|   sparse_arr_hash_reduce_out_10_c_U                                 |                                                 hls_dummy_fifo_w4_d2_S_129 |         10 |         10 |       0 |    0 |    12 |      0 |      0 |    0 |          0 |
|   sparse_arr_hash_reduce_out_11_c23_channel_U                       |                                                 hls_dummy_fifo_w4_d2_S_130 |        156 |        156 |       0 |    0 |    12 |      0 |      0 |    0 |          0 |
|   sparse_arr_hash_reduce_out_11_c_U                                 |                                                 hls_dummy_fifo_w4_d2_S_131 |         12 |         12 |       0 |    0 |    12 |      0 |      0 |    0 |          0 |
|   sparse_arr_hash_reduce_out_12_c24_channel_U                       |                                                 hls_dummy_fifo_w4_d2_S_132 |        136 |        136 |       0 |    0 |    12 |      0 |      0 |    0 |          0 |
|   sparse_arr_hash_reduce_out_12_c_U                                 |                                                 hls_dummy_fifo_w4_d2_S_133 |         11 |         11 |       0 |    0 |    12 |      0 |      0 |    0 |          0 |
|   sparse_arr_hash_reduce_out_13_c25_channel_U                       |                                                 hls_dummy_fifo_w4_d2_S_134 |        117 |        117 |       0 |    0 |    12 |      0 |      0 |    0 |          0 |
|   sparse_arr_hash_reduce_out_13_c_U                                 |                                                 hls_dummy_fifo_w4_d2_S_135 |         13 |         13 |       0 |    0 |    12 |      0 |      0 |    0 |          0 |
|   sparse_arr_hash_reduce_out_14_c26_channel_U                       |                                                 hls_dummy_fifo_w4_d2_S_136 |        117 |        117 |       0 |    0 |    12 |      0 |      0 |    0 |          0 |
|   sparse_arr_hash_reduce_out_14_c_U                                 |                                                 hls_dummy_fifo_w4_d2_S_137 |         10 |         10 |       0 |    0 |    12 |      0 |      0 |    0 |          0 |
|   sparse_arr_hash_reduce_out_15_c27_channel_U                       |                                                 hls_dummy_fifo_w4_d2_S_138 |        140 |        140 |       0 |    0 |    12 |      0 |      0 |    0 |          0 |
|   sparse_arr_hash_reduce_out_15_c_U                                 |                                                 hls_dummy_fifo_w4_d2_S_139 |         10 |         10 |       0 |    0 |    12 |      0 |      0 |    0 |          0 |
|   sparse_arr_hash_reduce_out_16_c28_channel_U                       |                                                 hls_dummy_fifo_w4_d2_S_140 |        107 |        107 |       0 |    0 |    12 |      0 |      0 |    0 |          0 |
|   sparse_arr_hash_reduce_out_16_c_U                                 |                                                 hls_dummy_fifo_w4_d2_S_141 |         11 |         11 |       0 |    0 |    12 |      0 |      0 |    0 |          0 |
|   sparse_arr_hash_reduce_out_17_c29_channel_U                       |                                                 hls_dummy_fifo_w4_d2_S_142 |        121 |        121 |       0 |    0 |    12 |      0 |      0 |    0 |          0 |
|   sparse_arr_hash_reduce_out_17_c_U                                 |                                                 hls_dummy_fifo_w4_d2_S_143 |         11 |         11 |       0 |    0 |    12 |      0 |      0 |    0 |          0 |
|   sparse_arr_hash_reduce_out_18_c30_channel_U                       |                                                 hls_dummy_fifo_w4_d2_S_144 |         79 |         79 |       0 |    0 |    12 |      0 |      0 |    0 |          0 |
|   sparse_arr_hash_reduce_out_18_c_U                                 |                                                 hls_dummy_fifo_w4_d2_S_145 |         10 |         10 |       0 |    0 |    12 |      0 |      0 |    0 |          0 |
|   sparse_arr_hash_reduce_out_19_c31_channel_U                       |                                                 hls_dummy_fifo_w4_d2_S_146 |        114 |        114 |       0 |    0 |    12 |      0 |      0 |    0 |          0 |
|   sparse_arr_hash_reduce_out_19_c_U                                 |                                                 hls_dummy_fifo_w4_d2_S_147 |         10 |         10 |       0 |    0 |    12 |      0 |      0 |    0 |          0 |
|   sparse_arr_hash_reduce_out_1_c13_channel_U                        |                                                 hls_dummy_fifo_w4_d2_S_148 |        151 |        151 |       0 |    0 |    12 |      0 |      0 |    0 |          0 |
|   sparse_arr_hash_reduce_out_1_c_U                                  |                                                 hls_dummy_fifo_w4_d2_S_149 |         11 |         11 |       0 |    0 |    12 |      0 |      0 |    0 |          0 |
|   sparse_arr_hash_reduce_out_20_c32_channel_U                       |                                                 hls_dummy_fifo_w4_d2_S_150 |         99 |         99 |       0 |    0 |    12 |      0 |      0 |    0 |          0 |
|   sparse_arr_hash_reduce_out_20_c_U                                 |                                                 hls_dummy_fifo_w4_d2_S_151 |         10 |         10 |       0 |    0 |    12 |      0 |      0 |    0 |          0 |
|   sparse_arr_hash_reduce_out_21_c33_channel_U                       |                                                 hls_dummy_fifo_w4_d2_S_152 |        121 |        121 |       0 |    0 |    12 |      0 |      0 |    0 |          0 |
|   sparse_arr_hash_reduce_out_21_c_U                                 |                                                 hls_dummy_fifo_w4_d2_S_153 |         11 |         11 |       0 |    0 |    12 |      0 |      0 |    0 |          0 |
|   sparse_arr_hash_reduce_out_22_c34_channel_U                       |                                                 hls_dummy_fifo_w4_d2_S_154 |         83 |         83 |       0 |    0 |    12 |      0 |      0 |    0 |          0 |
|   sparse_arr_hash_reduce_out_22_c_U                                 |                                                 hls_dummy_fifo_w4_d2_S_155 |         11 |         11 |       0 |    0 |    12 |      0 |      0 |    0 |          0 |
|   sparse_arr_hash_reduce_out_23_c35_channel_U                       |                                                 hls_dummy_fifo_w4_d2_S_156 |        128 |        128 |       0 |    0 |    12 |      0 |      0 |    0 |          0 |
|   sparse_arr_hash_reduce_out_23_c_U                                 |                                                 hls_dummy_fifo_w4_d2_S_157 |         16 |         16 |       0 |    0 |    12 |      0 |      0 |    0 |          0 |
|   sparse_arr_hash_reduce_out_24_c36_channel_U                       |                                                 hls_dummy_fifo_w4_d2_S_158 |        121 |        121 |       0 |    0 |    12 |      0 |      0 |    0 |          0 |
|   sparse_arr_hash_reduce_out_24_c_U                                 |                                                 hls_dummy_fifo_w4_d2_S_159 |         10 |         10 |       0 |    0 |    12 |      0 |      0 |    0 |          0 |
|   sparse_arr_hash_reduce_out_25_c37_channel_U                       |                                                 hls_dummy_fifo_w4_d2_S_160 |        164 |        164 |       0 |    0 |    12 |      0 |      0 |    0 |          0 |
|   sparse_arr_hash_reduce_out_25_c_U                                 |                                                 hls_dummy_fifo_w4_d2_S_161 |         10 |         10 |       0 |    0 |    12 |      0 |      0 |    0 |          0 |
|   sparse_arr_hash_reduce_out_26_c38_channel_U                       |                                                 hls_dummy_fifo_w4_d2_S_162 |        128 |        128 |       0 |    0 |    12 |      0 |      0 |    0 |          0 |
|   sparse_arr_hash_reduce_out_26_c_U                                 |                                                 hls_dummy_fifo_w4_d2_S_163 |         10 |         10 |       0 |    0 |    12 |      0 |      0 |    0 |          0 |
|   sparse_arr_hash_reduce_out_27_c39_channel_U                       |                                                 hls_dummy_fifo_w4_d2_S_164 |        139 |        139 |       0 |    0 |    12 |      0 |      0 |    0 |          0 |
|   sparse_arr_hash_reduce_out_27_c_U                                 |                                                 hls_dummy_fifo_w4_d2_S_165 |         11 |         11 |       0 |    0 |    12 |      0 |      0 |    0 |          0 |
|   sparse_arr_hash_reduce_out_28_c40_channel_U                       |                                                 hls_dummy_fifo_w4_d2_S_166 |         83 |         83 |       0 |    0 |    12 |      0 |      0 |    0 |          0 |
|   sparse_arr_hash_reduce_out_28_c_U                                 |                                                 hls_dummy_fifo_w4_d2_S_167 |         10 |         10 |       0 |    0 |    12 |      0 |      0 |    0 |          0 |
|   sparse_arr_hash_reduce_out_29_c41_channel_U                       |                                                 hls_dummy_fifo_w4_d2_S_168 |        128 |        128 |       0 |    0 |    12 |      0 |      0 |    0 |          0 |
|   sparse_arr_hash_reduce_out_29_c_U                                 |                                                 hls_dummy_fifo_w4_d2_S_169 |         13 |         13 |       0 |    0 |    12 |      0 |      0 |    0 |          0 |
|   sparse_arr_hash_reduce_out_2_c14_channel_U                        |                                                 hls_dummy_fifo_w4_d2_S_170 |        121 |        121 |       0 |    0 |    12 |      0 |      0 |    0 |          0 |
|   sparse_arr_hash_reduce_out_2_c_U                                  |                                                 hls_dummy_fifo_w4_d2_S_171 |         11 |         11 |       0 |    0 |    12 |      0 |      0 |    0 |          0 |
|   sparse_arr_hash_reduce_out_30_c42_channel_U                       |                                                 hls_dummy_fifo_w4_d2_S_172 |         79 |         79 |       0 |    0 |    12 |      0 |      0 |    0 |          0 |
|   sparse_arr_hash_reduce_out_30_c_U                                 |                                                 hls_dummy_fifo_w4_d2_S_173 |         11 |         11 |       0 |    0 |    12 |      0 |      0 |    0 |          0 |
|   sparse_arr_hash_reduce_out_31_c43_channel_U                       |                                                 hls_dummy_fifo_w4_d2_S_174 |        127 |        127 |       0 |    0 |    12 |      0 |      0 |    0 |          0 |
|   sparse_arr_hash_reduce_out_31_c_U                                 |                                                 hls_dummy_fifo_w4_d2_S_175 |         10 |         10 |       0 |    0 |    12 |      0 |      0 |    0 |          0 |
|   sparse_arr_hash_reduce_out_32_c44_channel_U                       |                                                 hls_dummy_fifo_w4_d2_S_176 |         86 |         86 |       0 |    0 |    12 |      0 |      0 |    0 |          0 |
|   sparse_arr_hash_reduce_out_32_c_U                                 |                                                 hls_dummy_fifo_w4_d2_S_177 |         11 |         11 |       0 |    0 |    12 |      0 |      0 |    0 |          0 |
|   sparse_arr_hash_reduce_out_33_c45_channel_U                       |                                                 hls_dummy_fifo_w4_d2_S_178 |        116 |        116 |       0 |    0 |    12 |      0 |      0 |    0 |          0 |
|   sparse_arr_hash_reduce_out_33_c_U                                 |                                                 hls_dummy_fifo_w4_d2_S_179 |         11 |         11 |       0 |    0 |    12 |      0 |      0 |    0 |          0 |
|   sparse_arr_hash_reduce_out_34_c46_channel_U                       |                                                 hls_dummy_fifo_w4_d2_S_180 |         76 |         76 |       0 |    0 |    12 |      0 |      0 |    0 |          0 |
|   sparse_arr_hash_reduce_out_34_c_U                                 |                                                 hls_dummy_fifo_w4_d2_S_181 |         10 |         10 |       0 |    0 |    12 |      0 |      0 |    0 |          0 |
|   sparse_arr_hash_reduce_out_35_c47_channel_U                       |                                                 hls_dummy_fifo_w4_d2_S_182 |        123 |        123 |       0 |    0 |    12 |      0 |      0 |    0 |          0 |
|   sparse_arr_hash_reduce_out_35_c_U                                 |                                                 hls_dummy_fifo_w4_d2_S_183 |         10 |         10 |       0 |    0 |    12 |      0 |      0 |    0 |          0 |
|   sparse_arr_hash_reduce_out_36_c48_channel_U                       |                                                 hls_dummy_fifo_w4_d2_S_184 |         85 |         85 |       0 |    0 |    12 |      0 |      0 |    0 |          0 |
|   sparse_arr_hash_reduce_out_36_c_U                                 |                                                 hls_dummy_fifo_w4_d2_S_185 |         10 |         10 |       0 |    0 |    12 |      0 |      0 |    0 |          0 |
|   sparse_arr_hash_reduce_out_37_c49_channel_U                       |                                                 hls_dummy_fifo_w4_d2_S_186 |        132 |        132 |       0 |    0 |    12 |      0 |      0 |    0 |          0 |
|   sparse_arr_hash_reduce_out_37_c_U                                 |                                                 hls_dummy_fifo_w4_d2_S_187 |         13 |         13 |       0 |    0 |    12 |      0 |      0 |    0 |          0 |
|   sparse_arr_hash_reduce_out_38_c50_channel_U                       |                                                 hls_dummy_fifo_w4_d2_S_188 |        110 |        110 |       0 |    0 |    12 |      0 |      0 |    0 |          0 |
|   sparse_arr_hash_reduce_out_38_c_U                                 |                                                 hls_dummy_fifo_w4_d2_S_189 |         11 |         11 |       0 |    0 |    12 |      0 |      0 |    0 |          0 |
|   sparse_arr_hash_reduce_out_39_c51_channel_U                       |                                                 hls_dummy_fifo_w4_d2_S_190 |        127 |        127 |       0 |    0 |    12 |      0 |      0 |    0 |          0 |
|   sparse_arr_hash_reduce_out_39_c_U                                 |                                                 hls_dummy_fifo_w4_d2_S_191 |         12 |         12 |       0 |    0 |    12 |      0 |      0 |    0 |          0 |
|   sparse_arr_hash_reduce_out_3_c15_channel_U                        |                                                 hls_dummy_fifo_w4_d2_S_192 |        133 |        133 |       0 |    0 |    12 |      0 |      0 |    0 |          0 |
|   sparse_arr_hash_reduce_out_3_c_U                                  |                                                 hls_dummy_fifo_w4_d2_S_193 |         10 |         10 |       0 |    0 |    12 |      0 |      0 |    0 |          0 |
|   sparse_arr_hash_reduce_out_40_c52_channel_U                       |                                                 hls_dummy_fifo_w4_d2_S_194 |        128 |        128 |       0 |    0 |    12 |      0 |      0 |    0 |          0 |
|   sparse_arr_hash_reduce_out_40_c_U                                 |                                                 hls_dummy_fifo_w4_d2_S_195 |         12 |         12 |       0 |    0 |    12 |      0 |      0 |    0 |          0 |
|   sparse_arr_hash_reduce_out_41_c53_channel_U                       |                                                 hls_dummy_fifo_w4_d2_S_196 |        117 |        117 |       0 |    0 |    12 |      0 |      0 |    0 |          0 |
|   sparse_arr_hash_reduce_out_41_c_U                                 |                                                 hls_dummy_fifo_w4_d2_S_197 |         11 |         11 |       0 |    0 |    12 |      0 |      0 |    0 |          0 |
|   sparse_arr_hash_reduce_out_42_c54_channel_U                       |                                                 hls_dummy_fifo_w4_d2_S_198 |        133 |        133 |       0 |    0 |    12 |      0 |      0 |    0 |          0 |
|   sparse_arr_hash_reduce_out_42_c_U                                 |                                                 hls_dummy_fifo_w4_d2_S_199 |         12 |         12 |       0 |    0 |    12 |      0 |      0 |    0 |          0 |
|   sparse_arr_hash_reduce_out_43_c55_channel_U                       |                                                 hls_dummy_fifo_w4_d2_S_200 |        133 |        133 |       0 |    0 |    12 |      0 |      0 |    0 |          0 |
|   sparse_arr_hash_reduce_out_43_c_U                                 |                                                 hls_dummy_fifo_w4_d2_S_201 |         10 |         10 |       0 |    0 |    12 |      0 |      0 |    0 |          0 |
|   sparse_arr_hash_reduce_out_44_c56_channel_U                       |                                                 hls_dummy_fifo_w4_d2_S_202 |        140 |        140 |       0 |    0 |    12 |      0 |      0 |    0 |          0 |
|   sparse_arr_hash_reduce_out_44_c_U                                 |                                                 hls_dummy_fifo_w4_d2_S_203 |         11 |         11 |       0 |    0 |    12 |      0 |      0 |    0 |          0 |
|   sparse_arr_hash_reduce_out_45_c57_channel_U                       |                                                 hls_dummy_fifo_w4_d2_S_204 |        151 |        151 |       0 |    0 |    12 |      0 |      0 |    0 |          0 |
|   sparse_arr_hash_reduce_out_45_c_U                                 |                                                 hls_dummy_fifo_w4_d2_S_205 |         12 |         12 |       0 |    0 |    12 |      0 |      0 |    0 |          0 |
|   sparse_arr_hash_reduce_out_46_c58_channel_U                       |                                                 hls_dummy_fifo_w4_d2_S_206 |        118 |        118 |       0 |    0 |    12 |      0 |      0 |    0 |          0 |
|   sparse_arr_hash_reduce_out_46_c_U                                 |                                                 hls_dummy_fifo_w4_d2_S_207 |         11 |         11 |       0 |    0 |    12 |      0 |      0 |    0 |          0 |
|   sparse_arr_hash_reduce_out_47_c59_channel_U                       |                                                 hls_dummy_fifo_w4_d2_S_208 |        135 |        135 |       0 |    0 |    12 |      0 |      0 |    0 |          0 |
|   sparse_arr_hash_reduce_out_47_c_U                                 |                                                 hls_dummy_fifo_w4_d2_S_209 |         10 |         10 |       0 |    0 |    12 |      0 |      0 |    0 |          0 |
|   sparse_arr_hash_reduce_out_48_c60_channel_U                       |                                                 hls_dummy_fifo_w4_d2_S_210 |        151 |        151 |       0 |    0 |    12 |      0 |      0 |    0 |          0 |
|   sparse_arr_hash_reduce_out_48_c_U                                 |                                                 hls_dummy_fifo_w4_d2_S_211 |         10 |         10 |       0 |    0 |    12 |      0 |      0 |    0 |          0 |
|   sparse_arr_hash_reduce_out_49_c61_channel_U                       |                                                 hls_dummy_fifo_w4_d2_S_212 |        210 |        210 |       0 |    0 |    12 |      0 |      0 |    0 |          0 |
|   sparse_arr_hash_reduce_out_49_c_U                                 |                                                 hls_dummy_fifo_w4_d2_S_213 |         10 |         10 |       0 |    0 |    12 |      0 |      0 |    0 |          0 |
|   sparse_arr_hash_reduce_out_4_c16_channel_U                        |                                                 hls_dummy_fifo_w4_d2_S_214 |        105 |        105 |       0 |    0 |    12 |      0 |      0 |    0 |          0 |
|   sparse_arr_hash_reduce_out_4_c_U                                  |                                                 hls_dummy_fifo_w4_d2_S_215 |         11 |         11 |       0 |    0 |    12 |      0 |      0 |    0 |          0 |
|   sparse_arr_hash_reduce_out_5_c17_channel_U                        |                                                 hls_dummy_fifo_w4_d2_S_216 |        104 |        104 |       0 |    0 |    12 |      0 |      0 |    0 |          0 |
|   sparse_arr_hash_reduce_out_5_c_U                                  |                                                 hls_dummy_fifo_w4_d2_S_217 |         12 |         12 |       0 |    0 |    12 |      0 |      0 |    0 |          0 |
|   sparse_arr_hash_reduce_out_6_c18_channel_U                        |                                                 hls_dummy_fifo_w4_d2_S_218 |        122 |        122 |       0 |    0 |    12 |      0 |      0 |    0 |          0 |
|   sparse_arr_hash_reduce_out_6_c_U                                  |                                                 hls_dummy_fifo_w4_d2_S_219 |         10 |         10 |       0 |    0 |    12 |      0 |      0 |    0 |          0 |
|   sparse_arr_hash_reduce_out_7_c19_channel_U                        |                                                 hls_dummy_fifo_w4_d2_S_220 |        117 |        117 |       0 |    0 |    12 |      0 |      0 |    0 |          0 |
|   sparse_arr_hash_reduce_out_7_c_U                                  |                                                 hls_dummy_fifo_w4_d2_S_221 |         11 |         11 |       0 |    0 |    12 |      0 |      0 |    0 |          0 |
|   sparse_arr_hash_reduce_out_8_c20_channel_U                        |                                                 hls_dummy_fifo_w4_d2_S_222 |         86 |         86 |       0 |    0 |    12 |      0 |      0 |    0 |          0 |
|   sparse_arr_hash_reduce_out_8_c_U                                  |                                                 hls_dummy_fifo_w4_d2_S_223 |         10 |         10 |       0 |    0 |    12 |      0 |      0 |    0 |          0 |
|   sparse_arr_hash_reduce_out_9_c21_channel_U                        |                                                 hls_dummy_fifo_w4_d2_S_224 |        139 |        139 |       0 |    0 |    12 |      0 |      0 |    0 |          0 |
|   sparse_arr_hash_reduce_out_9_c_U                                  |                                                 hls_dummy_fifo_w4_d2_S_225 |         12 |         12 |       0 |    0 |    12 |      0 |      0 |    0 |          0 |
|   sparse_arr_hash_reduce_out_c12_channel_U                          |                                                 hls_dummy_fifo_w4_d2_S_226 |         84 |         84 |       0 |    0 |    12 |      0 |      0 |    0 |          0 |
|   sparse_arr_hash_reduce_out_c_U                                    |                                                 hls_dummy_fifo_w4_d2_S_227 |         11 |         11 |       0 |    0 |    12 |      0 |      0 |    0 |          0 |
|   sparse_conv_ap_fixed_ap_fixed_ap_uint_ap_fixed_ap_fixed_25_1_1_U0 | hls_dummy_sparse_conv_ap_fixed_ap_fixed_ap_uint_ap_fixed_ap_fixed_25_1_1_s |      37989 |      37989 |       0 |    0 |  5663 |      0 |      0 |    0 |          0 |
|   sparse_flatten_ap_fixed_10_2_5_3_0_ap_uint_10_10_8_1_25_U0        |        hls_dummy_sparse_flatten_ap_fixed_10_2_5_3_0_ap_uint_10_10_8_1_25_s |       5116 |       5116 |       0 |    0 |  2749 |      0 |      0 |    0 |          0 |
|   sparse_input_reduce_ap_fixed_10_2_5_3_0_ap_uint_10_10_8_1_25_4_U0 |   hls_dummy_sparse_input_reduce_ap_fixed_10_2_5_3_0_ap_uint_10_10_8_1_25_4 |       2190 |       2190 |       0 |    0 |  1517 |      0 |      0 |    0 |          0 |
+---------------------------------------------------------------------+----------------------------------------------------------------------------+------------+------------+---------+------+-------+--------+--------+------+------------+


