Copyright 1986-2022 Xilinx, Inc. All Rights Reserved. Copyright 2022-2023 Advanced Micro Devices, Inc. All Rights Reserved.
---------------------------------------------------------------------------------------------------------------------------------------------
| Tool Version : Vivado v.2023.1 (lin64) Build 3865809 Sun May  7 15:04:56 MDT 2023
| Date         : Fri Jul 11 02:52:22 2025
| Host         : coder-hftsoi-hls running 64-bit Ubuntu 20.04.6 LTS
| Command      : report_utilization -file vivado_synth.rpt -hierarchical -hierarchical_depth 1
| Design       : hls_dummy
| Device       : xcu250-figd2104-2L-e
| Speed File   : -2L
| Design State : Optimized
---------------------------------------------------------------------------------------------------------------------------------------------

Utilization Design Information

Table of Contents
-----------------
1. Utilization by Hierarchy

1. Utilization by Hierarchy
---------------------------

+----------------------------------------------------------------------+----------------------------------------------------------------------------+------------+------------+---------+------+-------+--------+--------+------+------------+
|                               Instance                               |                                   Module                                   | Total LUTs | Logic LUTs | LUTRAMs | SRLs |  FFs  | RAMB36 | RAMB18 | URAM | DSP Blocks |
+----------------------------------------------------------------------+----------------------------------------------------------------------------+------------+------------+---------+------+-------+--------+--------+------+------------+
| hls_dummy                                                            |                                                                      (top) |     348269 |     348269 |       0 |    0 | 24953 |      0 |      0 |    0 |       1275 |
|   (hls_dummy)                                                        |                                                                      (top) |          0 |          0 |       0 |    0 |   175 |      0 |      0 |    0 |          0 |
|   Block_entry28_proc_U0                                              |                                               hls_dummy_Block_entry28_proc |          0 |          0 |       0 |    0 |   500 |      0 |      0 |    0 |          0 |
|   sparse_arr_feat_conv1_out_10_U                                     |                                                    hls_dummy_fifo_w10_d2_S |       2951 |       2951 |       0 |    0 |    24 |      0 |      0 |    0 |          0 |
|   sparse_arr_feat_conv1_out_11_U                                     |                                                  hls_dummy_fifo_w10_d2_S_0 |         67 |         67 |       0 |    0 |    24 |      0 |      0 |    0 |          0 |
|   sparse_arr_feat_conv1_out_12_U                                     |                                                  hls_dummy_fifo_w10_d2_S_1 |       2659 |       2659 |       0 |    0 |    24 |      0 |      0 |    0 |          0 |
|   sparse_arr_feat_conv1_out_13_U                                     |                                                  hls_dummy_fifo_w10_d2_S_2 |         63 |         63 |       0 |    0 |    24 |      0 |      0 |    0 |          0 |
|   sparse_arr_feat_conv1_out_14_U                                     |                                                  hls_dummy_fifo_w10_d2_S_3 |       2390 |       2390 |       0 |    0 |    24 |      0 |      0 |    0 |          0 |
|   sparse_arr_feat_conv1_out_15_U                                     |                                                  hls_dummy_fifo_w10_d2_S_4 |         64 |         64 |       0 |    0 |    24 |      0 |      0 |    0 |          0 |
|   sparse_arr_feat_conv1_out_16_U                                     |                                                  hls_dummy_fifo_w10_d2_S_5 |       2587 |       2587 |       0 |    0 |    24 |      0 |      0 |    0 |          0 |
|   sparse_arr_feat_conv1_out_17_U                                     |                                                  hls_dummy_fifo_w10_d2_S_6 |         63 |         63 |       0 |    0 |    24 |      0 |      0 |    0 |          0 |
|   sparse_arr_feat_conv1_out_18_U                                     |                                                  hls_dummy_fifo_w10_d2_S_7 |       2935 |       2935 |       0 |    0 |    24 |      0 |      0 |    0 |          0 |
|   sparse_arr_feat_conv1_out_19_U                                     |                                                  hls_dummy_fifo_w10_d2_S_8 |         65 |         65 |       0 |    0 |    24 |      0 |      0 |    0 |          0 |
|   sparse_arr_feat_conv1_out_1_U                                      |                                                  hls_dummy_fifo_w10_d2_S_9 |         62 |         62 |       0 |    0 |    24 |      0 |      0 |    0 |          0 |
|   sparse_arr_feat_conv1_out_20_U                                     |                                                 hls_dummy_fifo_w10_d2_S_10 |       3111 |       3111 |       0 |    0 |    24 |      0 |      0 |    0 |          0 |
|   sparse_arr_feat_conv1_out_21_U                                     |                                                 hls_dummy_fifo_w10_d2_S_11 |         63 |         63 |       0 |    0 |    24 |      0 |      0 |    0 |          0 |
|   sparse_arr_feat_conv1_out_22_U                                     |                                                 hls_dummy_fifo_w10_d2_S_12 |       2363 |       2363 |       0 |    0 |    24 |      0 |      0 |    0 |          0 |
|   sparse_arr_feat_conv1_out_23_U                                     |                                                 hls_dummy_fifo_w10_d2_S_13 |         64 |         64 |       0 |    0 |    24 |      0 |      0 |    0 |          0 |
|   sparse_arr_feat_conv1_out_24_U                                     |                                                 hls_dummy_fifo_w10_d2_S_14 |       2412 |       2412 |       0 |    0 |    24 |      0 |      0 |    0 |          0 |
|   sparse_arr_feat_conv1_out_25_U                                     |                                                 hls_dummy_fifo_w10_d2_S_15 |         63 |         63 |       0 |    0 |    24 |      0 |      0 |    0 |          0 |
|   sparse_arr_feat_conv1_out_26_U                                     |                                                 hls_dummy_fifo_w10_d2_S_16 |       2631 |       2631 |       0 |    0 |    24 |      0 |      0 |    0 |          0 |
|   sparse_arr_feat_conv1_out_27_U                                     |                                                 hls_dummy_fifo_w10_d2_S_17 |         65 |         65 |       0 |    0 |    24 |      0 |      0 |    0 |          0 |
|   sparse_arr_feat_conv1_out_28_U                                     |                                                 hls_dummy_fifo_w10_d2_S_18 |       2814 |       2814 |       0 |    0 |    24 |      0 |      0 |    0 |          0 |
|   sparse_arr_feat_conv1_out_29_U                                     |                                                 hls_dummy_fifo_w10_d2_S_19 |         63 |         63 |       0 |    0 |    24 |      0 |      0 |    0 |          0 |
|   sparse_arr_feat_conv1_out_2_U                                      |                                                 hls_dummy_fifo_w10_d2_S_20 |       2974 |       2974 |       0 |    0 |    24 |      0 |      0 |    0 |          0 |
|   sparse_arr_feat_conv1_out_30_U                                     |                                                 hls_dummy_fifo_w10_d2_S_21 |       3034 |       3034 |       0 |    0 |    24 |      0 |      0 |    0 |          0 |
|   sparse_arr_feat_conv1_out_31_U                                     |                                                 hls_dummy_fifo_w10_d2_S_22 |         63 |         63 |       0 |    0 |    24 |      0 |      0 |    0 |          0 |
|   sparse_arr_feat_conv1_out_32_U                                     |                                                 hls_dummy_fifo_w10_d2_S_23 |       3067 |       3067 |       0 |    0 |    24 |      0 |      0 |    0 |          0 |
|   sparse_arr_feat_conv1_out_33_U                                     |                                                 hls_dummy_fifo_w10_d2_S_24 |         64 |         64 |       0 |    0 |    24 |      0 |      0 |    0 |          0 |
|   sparse_arr_feat_conv1_out_34_U                                     |                                                 hls_dummy_fifo_w10_d2_S_25 |       2446 |       2446 |       0 |    0 |    24 |      0 |      0 |    0 |          0 |
|   sparse_arr_feat_conv1_out_35_U                                     |                                                 hls_dummy_fifo_w10_d2_S_26 |         65 |         65 |       0 |    0 |    24 |      0 |      0 |    0 |          0 |
|   sparse_arr_feat_conv1_out_36_U                                     |                                                 hls_dummy_fifo_w10_d2_S_27 |       2920 |       2920 |       0 |    0 |    24 |      0 |      0 |    0 |          0 |
|   sparse_arr_feat_conv1_out_37_U                                     |                                                 hls_dummy_fifo_w10_d2_S_28 |         64 |         64 |       0 |    0 |    24 |      0 |      0 |    0 |          0 |
|   sparse_arr_feat_conv1_out_38_U                                     |                                                 hls_dummy_fifo_w10_d2_S_29 |       2863 |       2863 |       0 |    0 |    24 |      0 |      0 |    0 |          0 |
|   sparse_arr_feat_conv1_out_39_U                                     |                                                 hls_dummy_fifo_w10_d2_S_30 |         63 |         63 |       0 |    0 |    24 |      0 |      0 |    0 |          0 |
|   sparse_arr_feat_conv1_out_3_U                                      |                                                 hls_dummy_fifo_w10_d2_S_31 |         65 |         65 |       0 |    0 |    24 |      0 |      0 |    0 |          0 |
|   sparse_arr_feat_conv1_out_40_U                                     |                                                 hls_dummy_fifo_w10_d2_S_32 |       2798 |       2798 |       0 |    0 |    24 |      0 |      0 |    0 |          0 |
|   sparse_arr_feat_conv1_out_41_U                                     |                                                 hls_dummy_fifo_w10_d2_S_33 |         63 |         63 |       0 |    0 |    24 |      0 |      0 |    0 |          0 |
|   sparse_arr_feat_conv1_out_42_U                                     |                                                 hls_dummy_fifo_w10_d2_S_34 |       2801 |       2801 |       0 |    0 |    24 |      0 |      0 |    0 |          0 |
|   sparse_arr_feat_conv1_out_43_U                                     |                                                 hls_dummy_fifo_w10_d2_S_35 |         65 |         65 |       0 |    0 |    24 |      0 |      0 |    0 |          0 |
|   sparse_arr_feat_conv1_out_44_U                                     |                                                 hls_dummy_fifo_w10_d2_S_36 |       2427 |       2427 |       0 |    0 |    24 |      0 |      0 |    0 |          0 |
|   sparse_arr_feat_conv1_out_45_U                                     |                                                 hls_dummy_fifo_w10_d2_S_37 |         65 |         65 |       0 |    0 |    24 |      0 |      0 |    0 |          0 |
|   sparse_arr_feat_conv1_out_46_U                                     |                                                 hls_dummy_fifo_w10_d2_S_38 |       2790 |       2790 |       0 |    0 |    24 |      0 |      0 |    0 |          0 |
|   sparse_arr_feat_conv1_out_47_U                                     |                                                 hls_dummy_fifo_w10_d2_S_39 |         63 |         63 |       0 |    0 |    24 |      0 |      0 |    0 |          0 |
|   sparse_arr_feat_conv1_out_48_U                                     |                                                 hls_dummy_fifo_w10_d2_S_40 |       2994 |       2994 |       0 |    0 |    24 |      0 |      0 |    0 |          0 |
|   sparse_arr_feat_conv1_out_49_U                                     |                                                 hls_dummy_fifo_w10_d2_S_41 |         63 |         63 |       0 |    0 |    24 |      0 |      0 |    0 |          0 |
|   sparse_arr_feat_conv1_out_4_U                                      |                                                 hls_dummy_fifo_w10_d2_S_42 |       3057 |       3057 |       0 |    0 |    24 |      0 |      0 |    0 |          0 |
|   sparse_arr_feat_conv1_out_5_U                                      |                                                 hls_dummy_fifo_w10_d2_S_43 |         63 |         63 |       0 |    0 |    24 |      0 |      0 |    0 |          0 |
|   sparse_arr_feat_conv1_out_6_U                                      |                                                 hls_dummy_fifo_w10_d2_S_44 |       3099 |       3099 |       0 |    0 |    24 |      0 |      0 |    0 |          0 |
|   sparse_arr_feat_conv1_out_7_U                                      |                                                 hls_dummy_fifo_w10_d2_S_45 |         65 |         65 |       0 |    0 |    24 |      0 |      0 |    0 |          0 |
|   sparse_arr_feat_conv1_out_8_U                                      |                                                 hls_dummy_fifo_w10_d2_S_46 |       2964 |       2964 |       0 |    0 |    24 |      0 |      0 |    0 |          0 |
|   sparse_arr_feat_conv1_out_9_U                                      |                                                 hls_dummy_fifo_w10_d2_S_47 |         64 |         64 |       0 |    0 |    24 |      0 |      0 |    0 |          0 |
|   sparse_arr_feat_conv1_out_U                                        |                                                 hls_dummy_fifo_w10_d2_S_48 |       3030 |       3030 |       0 |    0 |    24 |      0 |      0 |    0 |          0 |
|   sparse_arr_feat_conv2_out_10_U                                     |                                                 hls_dummy_fifo_w10_d2_S_49 |         25 |         25 |       0 |    0 |    24 |      0 |      0 |    0 |          0 |
|   sparse_arr_feat_conv2_out_11_U                                     |                                                 hls_dummy_fifo_w10_d2_S_50 |         26 |         26 |       0 |    0 |    24 |      0 |      0 |    0 |          0 |
|   sparse_arr_feat_conv2_out_12_U                                     |                                                 hls_dummy_fifo_w10_d2_S_51 |         25 |         25 |       0 |    0 |    24 |      0 |      0 |    0 |          0 |
|   sparse_arr_feat_conv2_out_13_U                                     |                                                 hls_dummy_fifo_w10_d2_S_52 |         25 |         25 |       0 |    0 |    24 |      0 |      0 |    0 |          0 |
|   sparse_arr_feat_conv2_out_14_U                                     |                                                 hls_dummy_fifo_w10_d2_S_53 |         26 |         26 |       0 |    0 |    24 |      0 |      0 |    0 |          0 |
|   sparse_arr_feat_conv2_out_15_U                                     |                                                 hls_dummy_fifo_w10_d2_S_54 |         26 |         26 |       0 |    0 |    24 |      0 |      0 |    0 |          0 |
|   sparse_arr_feat_conv2_out_16_U                                     |                                                 hls_dummy_fifo_w10_d2_S_55 |         29 |         29 |       0 |    0 |    24 |      0 |      0 |    0 |          0 |
|   sparse_arr_feat_conv2_out_17_U                                     |                                                 hls_dummy_fifo_w10_d2_S_56 |         26 |         26 |       0 |    0 |    24 |      0 |      0 |    0 |          0 |
|   sparse_arr_feat_conv2_out_18_U                                     |                                                 hls_dummy_fifo_w10_d2_S_57 |         25 |         25 |       0 |    0 |    24 |      0 |      0 |    0 |          0 |
|   sparse_arr_feat_conv2_out_19_U                                     |                                                 hls_dummy_fifo_w10_d2_S_58 |         26 |         26 |       0 |    0 |    24 |      0 |      0 |    0 |          0 |
|   sparse_arr_feat_conv2_out_1_U                                      |                                                 hls_dummy_fifo_w10_d2_S_59 |         26 |         26 |       0 |    0 |    24 |      0 |      0 |    0 |          0 |
|   sparse_arr_feat_conv2_out_20_U                                     |                                                 hls_dummy_fifo_w10_d2_S_60 |         26 |         26 |       0 |    0 |    24 |      0 |      0 |    0 |          0 |
|   sparse_arr_feat_conv2_out_21_U                                     |                                                 hls_dummy_fifo_w10_d2_S_61 |         25 |         25 |       0 |    0 |    24 |      0 |      0 |    0 |          0 |
|   sparse_arr_feat_conv2_out_22_U                                     |                                                 hls_dummy_fifo_w10_d2_S_62 |         26 |         26 |       0 |    0 |    24 |      0 |      0 |    0 |          0 |
|   sparse_arr_feat_conv2_out_23_U                                     |                                                 hls_dummy_fifo_w10_d2_S_63 |         26 |         26 |       0 |    0 |    24 |      0 |      0 |    0 |          0 |
|   sparse_arr_feat_conv2_out_24_U                                     |                                                 hls_dummy_fifo_w10_d2_S_64 |         25 |         25 |       0 |    0 |    24 |      0 |      0 |    0 |          0 |
|   sparse_arr_feat_conv2_out_25_U                                     |                                                 hls_dummy_fifo_w10_d2_S_65 |         27 |         27 |       0 |    0 |    24 |      0 |      0 |    0 |          0 |
|   sparse_arr_feat_conv2_out_26_U                                     |                                                 hls_dummy_fifo_w10_d2_S_66 |         26 |         26 |       0 |    0 |    24 |      0 |      0 |    0 |          0 |
|   sparse_arr_feat_conv2_out_27_U                                     |                                                 hls_dummy_fifo_w10_d2_S_67 |         25 |         25 |       0 |    0 |    24 |      0 |      0 |    0 |          0 |
|   sparse_arr_feat_conv2_out_28_U                                     |                                                 hls_dummy_fifo_w10_d2_S_68 |         25 |         25 |       0 |    0 |    24 |      0 |      0 |    0 |          0 |
|   sparse_arr_feat_conv2_out_29_U                                     |                                                 hls_dummy_fifo_w10_d2_S_69 |         25 |         25 |       0 |    0 |    24 |      0 |      0 |    0 |          0 |
|   sparse_arr_feat_conv2_out_2_U                                      |                                                 hls_dummy_fifo_w10_d2_S_70 |         25 |         25 |       0 |    0 |    24 |      0 |      0 |    0 |          0 |
|   sparse_arr_feat_conv2_out_30_U                                     |                                                 hls_dummy_fifo_w10_d2_S_71 |         28 |         28 |       0 |    0 |    24 |      0 |      0 |    0 |          0 |
|   sparse_arr_feat_conv2_out_31_U                                     |                                                 hls_dummy_fifo_w10_d2_S_72 |         25 |         25 |       0 |    0 |    24 |      0 |      0 |    0 |          0 |
|   sparse_arr_feat_conv2_out_32_U                                     |                                                 hls_dummy_fifo_w10_d2_S_73 |         25 |         25 |       0 |    0 |    24 |      0 |      0 |    0 |          0 |
|   sparse_arr_feat_conv2_out_33_U                                     |                                                 hls_dummy_fifo_w10_d2_S_74 |         27 |         27 |       0 |    0 |    24 |      0 |      0 |    0 |          0 |
|   sparse_arr_feat_conv2_out_34_U                                     |                                                 hls_dummy_fifo_w10_d2_S_75 |         25 |         25 |       0 |    0 |    24 |      0 |      0 |    0 |          0 |
|   sparse_arr_feat_conv2_out_35_U                                     |                                                 hls_dummy_fifo_w10_d2_S_76 |         26 |         26 |       0 |    0 |    24 |      0 |      0 |    0 |          0 |
|   sparse_arr_feat_conv2_out_36_U                                     |                                                 hls_dummy_fifo_w10_d2_S_77 |         25 |         25 |       0 |    0 |    24 |      0 |      0 |    0 |          0 |
|   sparse_arr_feat_conv2_out_37_U                                     |                                                 hls_dummy_fifo_w10_d2_S_78 |         26 |         26 |       0 |    0 |    24 |      0 |      0 |    0 |          0 |
|   sparse_arr_feat_conv2_out_38_U                                     |                                                 hls_dummy_fifo_w10_d2_S_79 |         26 |         26 |       0 |    0 |    24 |      0 |      0 |    0 |          0 |
|   sparse_arr_feat_conv2_out_39_U                                     |                                                 hls_dummy_fifo_w10_d2_S_80 |         25 |         25 |       0 |    0 |    24 |      0 |      0 |    0 |          0 |
|   sparse_arr_feat_conv2_out_3_U                                      |                                                 hls_dummy_fifo_w10_d2_S_81 |         26 |         26 |       0 |    0 |    24 |      0 |      0 |    0 |          0 |
|   sparse_arr_feat_conv2_out_40_U                                     |                                                 hls_dummy_fifo_w10_d2_S_82 |         26 |         26 |       0 |    0 |    24 |      0 |      0 |    0 |          0 |
|   sparse_arr_feat_conv2_out_41_U                                     |                                                 hls_dummy_fifo_w10_d2_S_83 |         27 |         27 |       0 |    0 |    24 |      0 |      0 |    0 |          0 |
|   sparse_arr_feat_conv2_out_42_U                                     |                                                 hls_dummy_fifo_w10_d2_S_84 |         25 |         25 |       0 |    0 |    24 |      0 |      0 |    0 |          0 |
|   sparse_arr_feat_conv2_out_43_U                                     |                                                 hls_dummy_fifo_w10_d2_S_85 |         25 |         25 |       0 |    0 |    24 |      0 |      0 |    0 |          0 |
|   sparse_arr_feat_conv2_out_44_U                                     |                                                 hls_dummy_fifo_w10_d2_S_86 |         26 |         26 |       0 |    0 |    24 |      0 |      0 |    0 |          0 |
|   sparse_arr_feat_conv2_out_45_U                                     |                                                 hls_dummy_fifo_w10_d2_S_87 |         27 |         27 |       0 |    0 |    24 |      0 |      0 |    0 |          0 |
|   sparse_arr_feat_conv2_out_46_U                                     |                                                 hls_dummy_fifo_w10_d2_S_88 |         26 |         26 |       0 |    0 |    24 |      0 |      0 |    0 |          0 |
|   sparse_arr_feat_conv2_out_47_U                                     |                                                 hls_dummy_fifo_w10_d2_S_89 |         25 |         25 |       0 |    0 |    24 |      0 |      0 |    0 |          0 |
|   sparse_arr_feat_conv2_out_48_U                                     |                                                 hls_dummy_fifo_w10_d2_S_90 |         26 |         26 |       0 |    0 |    24 |      0 |      0 |    0 |          0 |
|   sparse_arr_feat_conv2_out_49_U                                     |                                                 hls_dummy_fifo_w10_d2_S_91 |         25 |         25 |       0 |    0 |    24 |      0 |      0 |    0 |          0 |
|   sparse_arr_feat_conv2_out_4_U                                      |                                                 hls_dummy_fifo_w10_d2_S_92 |         26 |         26 |       0 |    0 |    24 |      0 |      0 |    0 |          0 |
|   sparse_arr_feat_conv2_out_5_U                                      |                                                 hls_dummy_fifo_w10_d2_S_93 |         25 |         25 |       0 |    0 |    24 |      0 |      0 |    0 |          0 |
|   sparse_arr_feat_conv2_out_6_U                                      |                                                 hls_dummy_fifo_w10_d2_S_94 |         25 |         25 |       0 |    0 |    24 |      0 |      0 |    0 |          0 |
|   sparse_arr_feat_conv2_out_7_U                                      |                                                 hls_dummy_fifo_w10_d2_S_95 |         27 |         27 |       0 |    0 |    24 |      0 |      0 |    0 |          0 |
|   sparse_arr_feat_conv2_out_8_U                                      |                                                 hls_dummy_fifo_w10_d2_S_96 |         25 |         25 |       0 |    0 |    24 |      0 |      0 |    0 |          0 |
|   sparse_arr_feat_conv2_out_9_U                                      |                                                 hls_dummy_fifo_w10_d2_S_97 |         29 |         29 |       0 |    0 |    24 |      0 |      0 |    0 |          0 |
|   sparse_arr_feat_conv2_out_U                                        |                                                 hls_dummy_fifo_w10_d2_S_98 |         25 |         25 |       0 |    0 |    24 |      0 |      0 |    0 |          0 |
|   sparse_arr_feat_reduce_out_10_U                                    |                                                 hls_dummy_fifo_w10_d2_S_99 |       2963 |       2963 |       0 |    0 |    22 |      0 |      0 |    0 |          0 |
|   sparse_arr_feat_reduce_out_11_U                                    |                                                hls_dummy_fifo_w10_d2_S_100 |       2959 |       2959 |       0 |    0 |    22 |      0 |      0 |    0 |          0 |
|   sparse_arr_feat_reduce_out_12_U                                    |                                                hls_dummy_fifo_w10_d2_S_101 |       2688 |       2688 |       0 |    0 |    22 |      0 |      0 |    0 |          0 |
|   sparse_arr_feat_reduce_out_13_U                                    |                                                hls_dummy_fifo_w10_d2_S_102 |       2460 |       2460 |       0 |    0 |    22 |      0 |      0 |    0 |          0 |
|   sparse_arr_feat_reduce_out_14_U                                    |                                                hls_dummy_fifo_w10_d2_S_103 |       2500 |       2500 |       0 |    0 |    22 |      0 |      0 |    0 |          0 |
|   sparse_arr_feat_reduce_out_15_U                                    |                                                hls_dummy_fifo_w10_d2_S_104 |       2944 |       2944 |       0 |    0 |    22 |      0 |      0 |    0 |          0 |
|   sparse_arr_feat_reduce_out_16_U                                    |                                                hls_dummy_fifo_w10_d2_S_105 |       2944 |       2944 |       0 |    0 |    22 |      0 |      0 |    0 |          0 |
|   sparse_arr_feat_reduce_out_17_U                                    |                                                hls_dummy_fifo_w10_d2_S_106 |       2973 |       2973 |       0 |    0 |    22 |      0 |      0 |    0 |          0 |
|   sparse_arr_feat_reduce_out_18_U                                    |                                                hls_dummy_fifo_w10_d2_S_107 |       2816 |       2816 |       0 |    0 |    22 |      0 |      0 |    0 |          0 |
|   sparse_arr_feat_reduce_out_19_U                                    |                                                hls_dummy_fifo_w10_d2_S_108 |       2809 |       2809 |       0 |    0 |    22 |      0 |      0 |    0 |          0 |
|   sparse_arr_feat_reduce_out_1_U                                     |                                                hls_dummy_fifo_w10_d2_S_109 |       2728 |       2728 |       0 |    0 |    22 |      0 |      0 |    0 |          0 |
|   sparse_arr_feat_reduce_out_20_U                                    |                                                hls_dummy_fifo_w10_d2_S_110 |       2861 |       2861 |       0 |    0 |    22 |      0 |      0 |    0 |          0 |
|   sparse_arr_feat_reduce_out_21_U                                    |                                                hls_dummy_fifo_w10_d2_S_111 |       2452 |       2452 |       0 |    0 |    22 |      0 |      0 |    0 |          0 |
|   sparse_arr_feat_reduce_out_22_U                                    |                                                hls_dummy_fifo_w10_d2_S_112 |       2873 |       2873 |       0 |    0 |    22 |      0 |      0 |    0 |          0 |
|   sparse_arr_feat_reduce_out_23_U                                    |                                                hls_dummy_fifo_w10_d2_S_113 |       2483 |       2483 |       0 |    0 |    22 |      0 |      0 |    0 |          0 |
|   sparse_arr_feat_reduce_out_24_U                                    |                                                hls_dummy_fifo_w10_d2_S_114 |       3037 |       3037 |       0 |    0 |    22 |      0 |      0 |    0 |          0 |
|   sparse_arr_feat_reduce_out_2_U                                     |                                                hls_dummy_fifo_w10_d2_S_115 |       2827 |       2827 |       0 |    0 |    22 |      0 |      0 |    0 |          0 |
|   sparse_arr_feat_reduce_out_3_U                                     |                                                hls_dummy_fifo_w10_d2_S_116 |       2752 |       2752 |       0 |    0 |    22 |      0 |      0 |    0 |          0 |
|   sparse_arr_feat_reduce_out_4_U                                     |                                                hls_dummy_fifo_w10_d2_S_117 |       2788 |       2788 |       0 |    0 |    22 |      0 |      0 |    0 |          0 |
|   sparse_arr_feat_reduce_out_5_U                                     |                                                hls_dummy_fifo_w10_d2_S_118 |       2960 |       2960 |       0 |    0 |    22 |      0 |      0 |    0 |          0 |
|   sparse_arr_feat_reduce_out_6_U                                     |                                                hls_dummy_fifo_w10_d2_S_119 |       2620 |       2620 |       0 |    0 |    22 |      0 |      0 |    0 |          0 |
|   sparse_arr_feat_reduce_out_7_U                                     |                                                hls_dummy_fifo_w10_d2_S_120 |       2512 |       2512 |       0 |    0 |    22 |      0 |      0 |    0 |          0 |
|   sparse_arr_feat_reduce_out_8_U                                     |                                                hls_dummy_fifo_w10_d2_S_121 |       2828 |       2828 |       0 |    0 |    22 |      0 |      0 |    0 |          0 |
|   sparse_arr_feat_reduce_out_9_U                                     |                                                hls_dummy_fifo_w10_d2_S_122 |       2957 |       2957 |       0 |    0 |    22 |      0 |      0 |    0 |          0 |
|   sparse_arr_feat_reduce_out_U                                       |                                                hls_dummy_fifo_w10_d2_S_123 |       2767 |       2767 |       0 |    0 |    22 |      0 |      0 |    0 |          0 |
|   sparse_arr_hash_reduce_out_10_c22_channel_U                        |                                                     hls_dummy_fifo_w4_d2_S |        210 |        210 |       0 |    0 |    12 |      0 |      0 |    0 |          0 |
|   sparse_arr_hash_reduce_out_10_c_U                                  |                                                 hls_dummy_fifo_w4_d2_S_124 |        141 |        141 |       0 |    0 |    12 |      0 |      0 |    0 |          0 |
|   sparse_arr_hash_reduce_out_11_c23_channel_U                        |                                                 hls_dummy_fifo_w4_d2_S_125 |        192 |        192 |       0 |    0 |    12 |      0 |      0 |    0 |          0 |
|   sparse_arr_hash_reduce_out_11_c_U                                  |                                                 hls_dummy_fifo_w4_d2_S_126 |        132 |        132 |       0 |    0 |    12 |      0 |      0 |    0 |          0 |
|   sparse_arr_hash_reduce_out_12_c24_channel_U                        |                                                 hls_dummy_fifo_w4_d2_S_127 |        167 |        167 |       0 |    0 |    12 |      0 |      0 |    0 |          0 |
|   sparse_arr_hash_reduce_out_12_c_U                                  |                                                 hls_dummy_fifo_w4_d2_S_128 |        144 |        144 |       0 |    0 |    12 |      0 |      0 |    0 |          0 |
|   sparse_arr_hash_reduce_out_13_c25_channel_U                        |                                                 hls_dummy_fifo_w4_d2_S_129 |        149 |        149 |       0 |    0 |    12 |      0 |      0 |    0 |          0 |
|   sparse_arr_hash_reduce_out_13_c_U                                  |                                                 hls_dummy_fifo_w4_d2_S_130 |        140 |        140 |       0 |    0 |    12 |      0 |      0 |    0 |          0 |
|   sparse_arr_hash_reduce_out_14_c26_channel_U                        |                                                 hls_dummy_fifo_w4_d2_S_131 |        228 |        228 |       0 |    0 |    12 |      0 |      0 |    0 |          0 |
|   sparse_arr_hash_reduce_out_14_c_U                                  |                                                 hls_dummy_fifo_w4_d2_S_132 |        150 |        150 |       0 |    0 |    12 |      0 |      0 |    0 |          0 |
|   sparse_arr_hash_reduce_out_15_c27_channel_U                        |                                                 hls_dummy_fifo_w4_d2_S_133 |        211 |        211 |       0 |    0 |    12 |      0 |      0 |    0 |          0 |
|   sparse_arr_hash_reduce_out_15_c_U                                  |                                                 hls_dummy_fifo_w4_d2_S_134 |        163 |        163 |       0 |    0 |    12 |      0 |      0 |    0 |          0 |
|   sparse_arr_hash_reduce_out_16_c28_channel_U                        |                                                 hls_dummy_fifo_w4_d2_S_135 |        179 |        179 |       0 |    0 |    12 |      0 |      0 |    0 |          0 |
|   sparse_arr_hash_reduce_out_16_c_U                                  |                                                 hls_dummy_fifo_w4_d2_S_136 |        154 |        154 |       0 |    0 |    12 |      0 |      0 |    0 |          0 |
|   sparse_arr_hash_reduce_out_17_c29_channel_U                        |                                                 hls_dummy_fifo_w4_d2_S_137 |        198 |        198 |       0 |    0 |    12 |      0 |      0 |    0 |          0 |
|   sparse_arr_hash_reduce_out_17_c_U                                  |                                                 hls_dummy_fifo_w4_d2_S_138 |        145 |        145 |       0 |    0 |    12 |      0 |      0 |    0 |          0 |
|   sparse_arr_hash_reduce_out_18_c30_channel_U                        |                                                 hls_dummy_fifo_w4_d2_S_139 |        211 |        211 |       0 |    0 |    12 |      0 |      0 |    0 |          0 |
|   sparse_arr_hash_reduce_out_18_c_U                                  |                                                 hls_dummy_fifo_w4_d2_S_140 |        135 |        135 |       0 |    0 |    12 |      0 |      0 |    0 |          0 |
|   sparse_arr_hash_reduce_out_19_c31_channel_U                        |                                                 hls_dummy_fifo_w4_d2_S_141 |        252 |        252 |       0 |    0 |    12 |      0 |      0 |    0 |          0 |
|   sparse_arr_hash_reduce_out_19_c_U                                  |                                                 hls_dummy_fifo_w4_d2_S_142 |        144 |        144 |       0 |    0 |    12 |      0 |      0 |    0 |          0 |
|   sparse_arr_hash_reduce_out_1_c13_channel_U                         |                                                 hls_dummy_fifo_w4_d2_S_143 |        171 |        171 |       0 |    0 |    12 |      0 |      0 |    0 |          0 |
|   sparse_arr_hash_reduce_out_1_c_U                                   |                                                 hls_dummy_fifo_w4_d2_S_144 |        140 |        140 |       0 |    0 |    12 |      0 |      0 |    0 |          0 |
|   sparse_arr_hash_reduce_out_20_c32_channel_U                        |                                                 hls_dummy_fifo_w4_d2_S_145 |        176 |        176 |       0 |    0 |    12 |      0 |      0 |    0 |          0 |
|   sparse_arr_hash_reduce_out_20_c_U                                  |                                                 hls_dummy_fifo_w4_d2_S_146 |        127 |        127 |       0 |    0 |    12 |      0 |      0 |    0 |          0 |
|   sparse_arr_hash_reduce_out_21_c33_channel_U                        |                                                 hls_dummy_fifo_w4_d2_S_147 |        221 |        221 |       0 |    0 |    12 |      0 |      0 |    0 |          0 |
|   sparse_arr_hash_reduce_out_21_c_U                                  |                                                 hls_dummy_fifo_w4_d2_S_148 |        128 |        128 |       0 |    0 |    12 |      0 |      0 |    0 |          0 |
|   sparse_arr_hash_reduce_out_22_c34_channel_U                        |                                                 hls_dummy_fifo_w4_d2_S_149 |        145 |        145 |       0 |    0 |    12 |      0 |      0 |    0 |          0 |
|   sparse_arr_hash_reduce_out_22_c_U                                  |                                                 hls_dummy_fifo_w4_d2_S_150 |        157 |        157 |       0 |    0 |    12 |      0 |      0 |    0 |          0 |
|   sparse_arr_hash_reduce_out_23_c35_channel_U                        |                                                 hls_dummy_fifo_w4_d2_S_151 |        141 |        141 |       0 |    0 |    12 |      0 |      0 |    0 |          0 |
|   sparse_arr_hash_reduce_out_23_c_U                                  |                                                 hls_dummy_fifo_w4_d2_S_152 |        166 |        166 |       0 |    0 |    12 |      0 |      0 |    0 |          0 |
|   sparse_arr_hash_reduce_out_24_c36_channel_U                        |                                                 hls_dummy_fifo_w4_d2_S_153 |        103 |        103 |       0 |    0 |    12 |      0 |      0 |    0 |          0 |
|   sparse_arr_hash_reduce_out_24_c_U                                  |                                                 hls_dummy_fifo_w4_d2_S_154 |        163 |        163 |       0 |    0 |    12 |      0 |      0 |    0 |          0 |
|   sparse_arr_hash_reduce_out_25_c37_channel_U                        |                                                 hls_dummy_fifo_w4_d2_S_155 |        108 |        108 |       0 |    0 |    12 |      0 |      0 |    0 |          0 |
|   sparse_arr_hash_reduce_out_25_c_U                                  |                                                 hls_dummy_fifo_w4_d2_S_156 |        155 |        155 |       0 |    0 |    12 |      0 |      0 |    0 |          0 |
|   sparse_arr_hash_reduce_out_26_c38_channel_U                        |                                                 hls_dummy_fifo_w4_d2_S_157 |        186 |        186 |       0 |    0 |    12 |      0 |      0 |    0 |          0 |
|   sparse_arr_hash_reduce_out_26_c_U                                  |                                                 hls_dummy_fifo_w4_d2_S_158 |        129 |        129 |       0 |    0 |    12 |      0 |      0 |    0 |          0 |
|   sparse_arr_hash_reduce_out_27_c39_channel_U                        |                                                 hls_dummy_fifo_w4_d2_S_159 |        189 |        189 |       0 |    0 |    12 |      0 |      0 |    0 |          0 |
|   sparse_arr_hash_reduce_out_27_c_U                                  |                                                 hls_dummy_fifo_w4_d2_S_160 |        129 |        129 |       0 |    0 |    12 |      0 |      0 |    0 |          0 |
|   sparse_arr_hash_reduce_out_28_c40_channel_U                        |                                                 hls_dummy_fifo_w4_d2_S_161 |        207 |        207 |       0 |    0 |    12 |      0 |      0 |    0 |          0 |
|   sparse_arr_hash_reduce_out_28_c_U                                  |                                                 hls_dummy_fifo_w4_d2_S_162 |        157 |        157 |       0 |    0 |    12 |      0 |      0 |    0 |          0 |
|   sparse_arr_hash_reduce_out_29_c41_channel_U                        |                                                 hls_dummy_fifo_w4_d2_S_163 |        193 |        193 |       0 |    0 |    12 |      0 |      0 |    0 |          0 |
|   sparse_arr_hash_reduce_out_29_c_U                                  |                                                 hls_dummy_fifo_w4_d2_S_164 |        142 |        142 |       0 |    0 |    12 |      0 |      0 |    0 |          0 |
|   sparse_arr_hash_reduce_out_2_c14_channel_U                         |                                                 hls_dummy_fifo_w4_d2_S_165 |        156 |        156 |       0 |    0 |    12 |      0 |      0 |    0 |          0 |
|   sparse_arr_hash_reduce_out_2_c_U                                   |                                                 hls_dummy_fifo_w4_d2_S_166 |        172 |        172 |       0 |    0 |    12 |      0 |      0 |    0 |          0 |
|   sparse_arr_hash_reduce_out_30_c42_channel_U                        |                                                 hls_dummy_fifo_w4_d2_S_167 |         94 |         94 |       0 |    0 |    12 |      0 |      0 |    0 |          0 |
|   sparse_arr_hash_reduce_out_30_c_U                                  |                                                 hls_dummy_fifo_w4_d2_S_168 |        181 |        181 |       0 |    0 |    12 |      0 |      0 |    0 |          0 |
|   sparse_arr_hash_reduce_out_31_c43_channel_U                        |                                                 hls_dummy_fifo_w4_d2_S_169 |        131 |        131 |       0 |    0 |    12 |      0 |      0 |    0 |          0 |
|   sparse_arr_hash_reduce_out_31_c_U                                  |                                                 hls_dummy_fifo_w4_d2_S_170 |        190 |        190 |       0 |    0 |    12 |      0 |      0 |    0 |          0 |
|   sparse_arr_hash_reduce_out_32_c44_channel_U                        |                                                 hls_dummy_fifo_w4_d2_S_171 |        132 |        132 |       0 |    0 |    12 |      0 |      0 |    0 |          0 |
|   sparse_arr_hash_reduce_out_32_c_U                                  |                                                 hls_dummy_fifo_w4_d2_S_172 |        175 |        175 |       0 |    0 |    12 |      0 |      0 |    0 |          0 |
|   sparse_arr_hash_reduce_out_33_c45_channel_U                        |                                                 hls_dummy_fifo_w4_d2_S_173 |        145 |        145 |       0 |    0 |    12 |      0 |      0 |    0 |          0 |
|   sparse_arr_hash_reduce_out_33_c_U                                  |                                                 hls_dummy_fifo_w4_d2_S_174 |        162 |        162 |       0 |    0 |    12 |      0 |      0 |    0 |          0 |
|   sparse_arr_hash_reduce_out_34_c46_channel_U                        |                                                 hls_dummy_fifo_w4_d2_S_175 |        149 |        149 |       0 |    0 |    12 |      0 |      0 |    0 |          0 |
|   sparse_arr_hash_reduce_out_34_c_U                                  |                                                 hls_dummy_fifo_w4_d2_S_176 |        154 |        154 |       0 |    0 |    12 |      0 |      0 |    0 |          0 |
|   sparse_arr_hash_reduce_out_35_c47_channel_U                        |                                                 hls_dummy_fifo_w4_d2_S_177 |        207 |        207 |       0 |    0 |    12 |      0 |      0 |    0 |          0 |
|   sparse_arr_hash_reduce_out_35_c_U                                  |                                                 hls_dummy_fifo_w4_d2_S_178 |        227 |        227 |       0 |    0 |    12 |      0 |      0 |    0 |          0 |
|   sparse_arr_hash_reduce_out_36_c48_channel_U                        |                                                 hls_dummy_fifo_w4_d2_S_179 |        203 |        203 |       0 |    0 |    12 |      0 |      0 |    0 |          0 |
|   sparse_arr_hash_reduce_out_36_c_U                                  |                                                 hls_dummy_fifo_w4_d2_S_180 |        150 |        150 |       0 |    0 |    12 |      0 |      0 |    0 |          0 |
|   sparse_arr_hash_reduce_out_37_c49_channel_U                        |                                                 hls_dummy_fifo_w4_d2_S_181 |        200 |        200 |       0 |    0 |    12 |      0 |      0 |    0 |          0 |
|   sparse_arr_hash_reduce_out_37_c_U                                  |                                                 hls_dummy_fifo_w4_d2_S_182 |        138 |        138 |       0 |    0 |    12 |      0 |      0 |    0 |          0 |
|   sparse_arr_hash_reduce_out_38_c50_channel_U                        |                                                 hls_dummy_fifo_w4_d2_S_183 |        190 |        190 |       0 |    0 |    12 |      0 |      0 |    0 |          0 |
|   sparse_arr_hash_reduce_out_38_c_U                                  |                                                 hls_dummy_fifo_w4_d2_S_184 |        144 |        144 |       0 |    0 |    12 |      0 |      0 |    0 |          0 |
|   sparse_arr_hash_reduce_out_39_c51_channel_U                        |                                                 hls_dummy_fifo_w4_d2_S_185 |        157 |        157 |       0 |    0 |    12 |      0 |      0 |    0 |          0 |
|   sparse_arr_hash_reduce_out_39_c_U                                  |                                                 hls_dummy_fifo_w4_d2_S_186 |        142 |        142 |       0 |    0 |    12 |      0 |      0 |    0 |          0 |
|   sparse_arr_hash_reduce_out_3_c15_channel_U                         |                                                 hls_dummy_fifo_w4_d2_S_187 |        100 |        100 |       0 |    0 |    12 |      0 |      0 |    0 |          0 |
|   sparse_arr_hash_reduce_out_3_c_U                                   |                                                 hls_dummy_fifo_w4_d2_S_188 |        139 |        139 |       0 |    0 |    12 |      0 |      0 |    0 |          0 |
|   sparse_arr_hash_reduce_out_40_c52_channel_U                        |                                                 hls_dummy_fifo_w4_d2_S_189 |        130 |        130 |       0 |    0 |    12 |      0 |      0 |    0 |          0 |
|   sparse_arr_hash_reduce_out_40_c_U                                  |                                                 hls_dummy_fifo_w4_d2_S_190 |        149 |        149 |       0 |    0 |    12 |      0 |      0 |    0 |          0 |
|   sparse_arr_hash_reduce_out_41_c53_channel_U                        |                                                 hls_dummy_fifo_w4_d2_S_191 |        180 |        180 |       0 |    0 |    12 |      0 |      0 |    0 |          0 |
|   sparse_arr_hash_reduce_out_41_c_U                                  |                                                 hls_dummy_fifo_w4_d2_S_192 |        139 |        139 |       0 |    0 |    12 |      0 |      0 |    0 |          0 |
|   sparse_arr_hash_reduce_out_42_c54_channel_U                        |                                                 hls_dummy_fifo_w4_d2_S_193 |        199 |        199 |       0 |    0 |    12 |      0 |      0 |    0 |          0 |
|   sparse_arr_hash_reduce_out_42_c_U                                  |                                                 hls_dummy_fifo_w4_d2_S_194 |        146 |        146 |       0 |    0 |    12 |      0 |      0 |    0 |          0 |
|   sparse_arr_hash_reduce_out_43_c55_channel_U                        |                                                 hls_dummy_fifo_w4_d2_S_195 |        185 |        185 |       0 |    0 |    12 |      0 |      0 |    0 |          0 |
|   sparse_arr_hash_reduce_out_43_c_U                                  |                                                 hls_dummy_fifo_w4_d2_S_196 |        122 |        122 |       0 |    0 |    12 |      0 |      0 |    0 |          0 |
|   sparse_arr_hash_reduce_out_44_c56_channel_U                        |                                                 hls_dummy_fifo_w4_d2_S_197 |        200 |        200 |       0 |    0 |    12 |      0 |      0 |    0 |          0 |
|   sparse_arr_hash_reduce_out_44_c_U                                  |                                                 hls_dummy_fifo_w4_d2_S_198 |        120 |        120 |       0 |    0 |    12 |      0 |      0 |    0 |          0 |
|   sparse_arr_hash_reduce_out_45_c57_channel_U                        |                                                 hls_dummy_fifo_w4_d2_S_199 |        196 |        196 |       0 |    0 |    12 |      0 |      0 |    0 |          0 |
|   sparse_arr_hash_reduce_out_45_c_U                                  |                                                 hls_dummy_fifo_w4_d2_S_200 |        140 |        140 |       0 |    0 |    12 |      0 |      0 |    0 |          0 |
|   sparse_arr_hash_reduce_out_46_c58_channel_U                        |                                                 hls_dummy_fifo_w4_d2_S_201 |         81 |         81 |       0 |    0 |    12 |      0 |      0 |    0 |          0 |
|   sparse_arr_hash_reduce_out_46_c_U                                  |                                                 hls_dummy_fifo_w4_d2_S_202 |        156 |        156 |       0 |    0 |    12 |      0 |      0 |    0 |          0 |
|   sparse_arr_hash_reduce_out_47_c59_channel_U                        |                                                 hls_dummy_fifo_w4_d2_S_203 |         85 |         85 |       0 |    0 |    12 |      0 |      0 |    0 |          0 |
|   sparse_arr_hash_reduce_out_47_c_U                                  |                                                 hls_dummy_fifo_w4_d2_S_204 |        164 |        164 |       0 |    0 |    12 |      0 |      0 |    0 |          0 |
|   sparse_arr_hash_reduce_out_48_c60_channel_U                        |                                                 hls_dummy_fifo_w4_d2_S_205 |        302 |        302 |       0 |    0 |    12 |      0 |      0 |    0 |          0 |
|   sparse_arr_hash_reduce_out_48_c_U                                  |                                                 hls_dummy_fifo_w4_d2_S_206 |        153 |        153 |       0 |    0 |    12 |      0 |      0 |    0 |          0 |
|   sparse_arr_hash_reduce_out_49_c61_channel_U                        |                                                 hls_dummy_fifo_w4_d2_S_207 |        385 |        385 |       0 |    0 |    12 |      0 |      0 |    0 |          0 |
|   sparse_arr_hash_reduce_out_49_c_U                                  |                                                 hls_dummy_fifo_w4_d2_S_208 |        150 |        150 |       0 |    0 |    12 |      0 |      0 |    0 |          0 |
|   sparse_arr_hash_reduce_out_4_c16_channel_U                         |                                                 hls_dummy_fifo_w4_d2_S_209 |        206 |        206 |       0 |    0 |    12 |      0 |      0 |    0 |          0 |
|   sparse_arr_hash_reduce_out_4_c_U                                   |                                                 hls_dummy_fifo_w4_d2_S_210 |        116 |        116 |       0 |    0 |    12 |      0 |      0 |    0 |          0 |
|   sparse_arr_hash_reduce_out_5_c17_channel_U                         |                                                 hls_dummy_fifo_w4_d2_S_211 |        159 |        159 |       0 |    0 |    12 |      0 |      0 |    0 |          0 |
|   sparse_arr_hash_reduce_out_5_c_U                                   |                                                 hls_dummy_fifo_w4_d2_S_212 |        147 |        147 |       0 |    0 |    12 |      0 |      0 |    0 |          0 |
|   sparse_arr_hash_reduce_out_6_c18_channel_U                         |                                                 hls_dummy_fifo_w4_d2_S_213 |        139 |        139 |       0 |    0 |    12 |      0 |      0 |    0 |          0 |
|   sparse_arr_hash_reduce_out_6_c_U                                   |                                                 hls_dummy_fifo_w4_d2_S_214 |        174 |        174 |       0 |    0 |    12 |      0 |      0 |    0 |          0 |
|   sparse_arr_hash_reduce_out_7_c19_channel_U                         |                                                 hls_dummy_fifo_w4_d2_S_215 |        157 |        157 |       0 |    0 |    12 |      0 |      0 |    0 |          0 |
|   sparse_arr_hash_reduce_out_7_c_U                                   |                                                 hls_dummy_fifo_w4_d2_S_216 |        163 |        163 |       0 |    0 |    12 |      0 |      0 |    0 |          0 |
|   sparse_arr_hash_reduce_out_8_c20_channel_U                         |                                                 hls_dummy_fifo_w4_d2_S_217 |        212 |        212 |       0 |    0 |    12 |      0 |      0 |    0 |          0 |
|   sparse_arr_hash_reduce_out_8_c_U                                   |                                                 hls_dummy_fifo_w4_d2_S_218 |        173 |        173 |       0 |    0 |    12 |      0 |      0 |    0 |          0 |
|   sparse_arr_hash_reduce_out_9_c21_channel_U                         |                                                 hls_dummy_fifo_w4_d2_S_219 |        191 |        191 |       0 |    0 |    12 |      0 |      0 |    0 |          0 |
|   sparse_arr_hash_reduce_out_9_c_U                                   |                                                 hls_dummy_fifo_w4_d2_S_220 |        167 |        167 |       0 |    0 |    12 |      0 |      0 |    0 |          0 |
|   sparse_arr_hash_reduce_out_c12_channel_U                           |                                                 hls_dummy_fifo_w4_d2_S_221 |        201 |        201 |       0 |    0 |    12 |      0 |      0 |    0 |          0 |
|   sparse_arr_hash_reduce_out_c_U                                     |                                                 hls_dummy_fifo_w4_d2_S_222 |        139 |        139 |       0 |    0 |    12 |      0 |      0 |    0 |          0 |
|   sparse_conv_ap_fixed_ap_fixed_ap_uint_ap_fixed_ap_fixed_25_1_2_U0  | hls_dummy_sparse_conv_ap_fixed_ap_fixed_ap_uint_ap_fixed_ap_fixed_25_1_2_s |      91634 |      91634 |       0 |    0 | 10532 |      0 |      0 |    0 |         25 |
|   sparse_conv_ap_fixed_ap_fixed_ap_uint_ap_fixed_ap_fixed_25_2_2_U0  | hls_dummy_sparse_conv_ap_fixed_ap_fixed_ap_uint_ap_fixed_ap_fixed_25_2_2_s |     101210 |     101210 |       0 |    0 |  7807 |      0 |      0 |    0 |       1250 |
|   sparse_input_reduce_ap_fixed_10_2_5_3_0_ap_uint_10_10_10_1_25_4_U0 |  hls_dummy_sparse_input_reduce_ap_fixed_10_2_5_3_0_ap_uint_10_10_10_1_25_4 |       2813 |       2813 |       0 |    0 |  1789 |      0 |      0 |    0 |          0 |
+----------------------------------------------------------------------+----------------------------------------------------------------------------+------------+------------+---------+------+-------+--------+--------+------+------------+


