

================================================================
== Vivado HLS Report for 'dense_wrapper_ap_ufixed_16_6_4_0_0_ap_fixed_28_9_5_3_0_config16_s'
================================================================
* Date:           Sun Jul 27 16:44:39 2025

* Version:        2020.1 (Build 2897737 on Wed May 27 20:21:37 MDT 2020)
* Project:        myhls_prj
* Solution:       solution1
* Product family: virtexuplus
* Target device:  xcu250-figd2104-2L-e


================================================================
== Performance Estimates
================================================================
+ Timing: 
    * Summary: 
    +--------+---------+----------+------------+
    |  Clock |  Target | Estimated| Uncertainty|
    +--------+---------+----------+------------+
    |ap_clk  | 5.00 ns | 4.352 ns |   0.62 ns  |
    +--------+---------+----------+------------+

+ Latency: 
    * Summary: 
    +---------+---------+-----------+-----------+-----+-----+----------+
    |  Latency (cycles) |   Latency (absolute)  |  Interval | Pipeline |
    |   min   |   max   |    min    |    max    | min | max |   Type   |
    +---------+---------+-----------+-----------+-----+-----+----------+
    |        2|        2| 10.000 ns | 10.000 ns |    1|    1| function |
    +---------+---------+-----------+-----------+-----+-----+----------+

    + Detail: 
        * Instance: 
        N/A

        * Loop: 
        N/A



================================================================
== Utilization Estimates
================================================================
* Summary: 
+---------------------+---------+-------+---------+---------+------+
|         Name        | BRAM_18K| DSP48E|    FF   |   LUT   | URAM |
+---------------------+---------+-------+---------+---------+------+
|DSP                  |        -|      -|        -|        -|     -|
|Expression           |        -|    114|        0|     5539|     -|
|FIFO                 |        -|      -|        -|        -|     -|
|Instance             |        -|      -|        -|        -|     -|
|Memory               |        -|      -|        -|        -|     -|
|Multiplexer          |        -|      -|        -|        -|     -|
|Register             |        -|      -|     1587|        -|     -|
+---------------------+---------+-------+---------+---------+------+
|Total                |        0|    114|     1587|     5539|     0|
+---------------------+---------+-------+---------+---------+------+
|Available SLR        |     1344|   3072|   864000|   432000|   320|
+---------------------+---------+-------+---------+---------+------+
|Utilization SLR (%)  |        0|      3|    ~0   |        1|     0|
+---------------------+---------+-------+---------+---------+------+
|Available            |     5376|  12288|  3456000|  1728000|  1280|
+---------------------+---------+-------+---------+---------+------+
|Utilization (%)      |        0|   ~0  |    ~0   |    ~0   |     0|
+---------------------+---------+-------+---------+---------+------+

+ Detail: 
    * Instance: 
    N/A

    * DSP48E: 
    N/A

    * Memory: 
    N/A

    * FIFO: 
    N/A

    * Expression: 
    +----------------------------+----------+-------+---+----+------------+------------+
    |        Variable Name       | Operation| DSP48E| FF| LUT| Bitwidth P0| Bitwidth P1|
    +----------------------------+----------+-------+---+----+------------+------------+
    |mul_ln703_100_fu_537_p2     |     *    |      1|  0|   5|          16|           7|
    |mul_ln703_101_fu_507_p2     |     *    |      1|  0|   5|          16|           7|
    |mul_ln703_102_fu_637_p2     |     *    |      1|  0|   5|          16|           8|
    |mul_ln703_103_fu_536_p2     |     *    |      1|  0|   5|          16|           9|
    |mul_ln703_104_fu_562_p2     |     *    |      1|  0|   5|          16|           9|
    |mul_ln703_105_fu_627_p2     |     *    |      1|  0|   5|          16|           9|
    |mul_ln703_106_fu_561_p2     |     *    |      1|  0|   5|          16|           9|
    |mul_ln703_107_fu_626_p2     |     *    |      1|  0|   5|          16|          11|
    |mul_ln703_108_fu_524_p2     |     *    |      1|  0|   5|          16|           9|
    |mul_ln703_109_fu_529_p2     |     *    |      1|  0|   5|          16|           9|
    |mul_ln703_10_fu_567_p2      |     *    |      1|  0|   5|          16|           6|
    |mul_ln703_110_fu_639_p2     |     *    |      1|  0|   5|          16|           9|
    |mul_ln703_111_fu_635_p2     |     *    |      1|  0|   5|          16|           9|
    |mul_ln703_112_fu_531_p2     |     *    |      1|  0|   5|          16|           9|
    |mul_ln703_113_fu_514_p2     |     *    |      1|  0|   5|          16|           9|
    |mul_ln703_114_fu_543_p2     |     *    |      1|  0|   5|          16|           5|
    |mul_ln703_11_fu_573_p2      |     *    |      1|  0|   5|          16|           6|
    |mul_ln703_12_fu_631_p2      |     *    |      1|  0|   5|          16|           9|
    |mul_ln703_13_fu_519_p2      |     *    |      1|  0|   5|          16|           7|
    |mul_ln703_14_fu_559_p2      |     *    |      1|  0|   5|          16|          10|
    |mul_ln703_15_fu_619_p2      |     *    |      1|  0|   5|          16|           9|
    |mul_ln703_16_fu_533_p2      |     *    |      1|  0|   5|          16|           8|
    |mul_ln703_17_fu_592_p2      |     *    |      1|  0|   5|          16|           6|
    |mul_ln703_18_fu_523_p2      |     *    |      1|  0|   5|          16|           9|
    |mul_ln703_19_fu_589_p2      |     *    |      1|  0|   5|          16|           9|
    |mul_ln703_1_fu_505_p2       |     *    |      1|  0|   5|          16|          10|
    |mul_ln703_20_fu_628_p2      |     *    |      1|  0|   5|          16|           7|
    |mul_ln703_21_fu_556_p2      |     *    |      1|  0|   5|          16|           7|
    |mul_ln703_22_fu_553_p2      |     *    |      1|  0|   5|          16|           9|
    |mul_ln703_23_fu_598_p2      |     *    |      1|  0|   5|          16|           7|
    |mul_ln703_24_fu_641_p2      |     *    |      1|  0|   5|          16|           5|
    |mul_ln703_25_fu_602_p2      |     *    |      1|  0|   5|          16|          10|
    |mul_ln703_26_fu_511_p2      |     *    |      1|  0|   5|          16|           8|
    |mul_ln703_27_fu_565_p2      |     *    |      1|  0|   5|          16|           7|
    |mul_ln703_28_fu_604_p2      |     *    |      1|  0|   5|          16|           6|
    |mul_ln703_29_fu_512_p2      |     *    |      1|  0|   5|          16|           8|
    |mul_ln703_30_fu_596_p2      |     *    |      1|  0|   5|          16|           8|
    |mul_ln703_31_fu_530_p2      |     *    |      1|  0|   5|          16|          10|
    |mul_ln703_32_fu_623_p2      |     *    |      1|  0|   5|          16|           8|
    |mul_ln703_33_fu_611_p2      |     *    |      1|  0|   5|          16|          10|
    |mul_ln703_34_fu_583_p2      |     *    |      1|  0|   5|          16|           7|
    |mul_ln703_35_fu_591_p2      |     *    |      1|  0|   5|          16|          10|
    |mul_ln703_36_fu_527_p2      |     *    |      1|  0|   5|          16|           6|
    |mul_ln703_37_fu_571_p2      |     *    |      1|  0|   5|          16|          10|
    |mul_ln703_38_fu_608_p2      |     *    |      1|  0|   5|          16|           8|
    |mul_ln703_39_fu_550_p2      |     *    |      1|  0|   5|          16|           9|
    |mul_ln703_3_fu_622_p2       |     *    |      1|  0|   5|          16|           9|
    |mul_ln703_40_fu_634_p2      |     *    |      1|  0|   5|          16|           9|
    |mul_ln703_41_fu_594_p2      |     *    |      1|  0|   5|          16|           9|
    |mul_ln703_42_fu_595_p2      |     *    |      1|  0|   5|          16|           9|
    |mul_ln703_43_fu_579_p2      |     *    |      1|  0|   5|          16|           7|
    |mul_ln703_44_fu_557_p2      |     *    |      1|  0|   5|          16|           7|
    |mul_ln703_45_fu_515_p2      |     *    |      1|  0|   5|          16|          10|
    |mul_ln703_46_fu_516_p2      |     *    |      1|  0|   5|          16|           7|
    |mul_ln703_47_fu_590_p2      |     *    |      1|  0|   5|          16|           7|
    |mul_ln703_48_fu_521_p2      |     *    |      1|  0|   5|          16|           6|
    |mul_ln703_49_fu_576_p2      |     *    |      1|  0|   5|          16|           8|
    |mul_ln703_4_fu_532_p2       |     *    |      1|  0|   5|          16|           9|
    |mul_ln703_50_fu_577_p2      |     *    |      1|  0|   5|          16|           8|
    |mul_ln703_51_fu_513_p2      |     *    |      1|  0|   5|          16|           8|
    |mul_ln703_52_fu_551_p2      |     *    |      1|  0|   5|          16|           8|
    |mul_ln703_53_fu_638_p2      |     *    |      1|  0|   5|          16|           8|
    |mul_ln703_54_fu_574_p2      |     *    |      1|  0|   5|          16|          10|
    |mul_ln703_55_fu_621_p2      |     *    |      1|  0|   5|          16|          12|
    |mul_ln703_56_fu_601_p2      |     *    |      1|  0|   5|          16|           7|
    |mul_ln703_57_fu_525_p2      |     *    |      1|  0|   5|          16|           9|
    |mul_ln703_58_fu_541_p2      |     *    |      1|  0|   5|          16|           8|
    |mul_ln703_59_fu_585_p2      |     *    |      1|  0|   5|          16|          11|
    |mul_ln703_5_fu_572_p2       |     *    |      1|  0|   5|          16|           9|
    |mul_ln703_60_fu_624_p2      |     *    |      1|  0|   5|          16|          10|
    |mul_ln703_61_fu_625_p2      |     *    |      1|  0|   5|          16|           7|
    |mul_ln703_62_fu_629_p2      |     *    |      1|  0|   5|          16|           8|
    |mul_ln703_63_fu_548_p2      |     *    |      1|  0|   5|          16|           6|
    |mul_ln703_64_fu_542_p2      |     *    |      1|  0|   5|          16|           7|
    |mul_ln703_65_fu_581_p2      |     *    |      1|  0|   5|          16|           9|
    |mul_ln703_66_fu_616_p2      |     *    |      1|  0|   5|          16|           9|
    |mul_ln703_67_fu_603_p2      |     *    |      1|  0|   5|          16|           7|
    |mul_ln703_68_fu_606_p2      |     *    |      1|  0|   5|          16|           6|
    |mul_ln703_69_fu_535_p2      |     *    |      1|  0|   5|          16|           5|
    |mul_ln703_6_fu_605_p2       |     *    |      1|  0|   5|          16|           8|
    |mul_ln703_70_fu_517_p2      |     *    |      1|  0|   5|          16|           7|
    |mul_ln703_71_fu_544_p2      |     *    |      1|  0|   5|          16|           6|
    |mul_ln703_72_fu_558_p2      |     *    |      1|  0|   5|          16|           7|
    |mul_ln703_73_fu_593_p2      |     *    |      1|  0|   5|          16|           8|
    |mul_ln703_74_fu_578_p2      |     *    |      1|  0|   5|          16|           9|
    |mul_ln703_75_fu_549_p2      |     *    |      1|  0|   5|          16|           8|
    |mul_ln703_76_fu_520_p2      |     *    |      1|  0|   5|          16|          11|
    |mul_ln703_77_fu_545_p2      |     *    |      1|  0|   5|          16|           9|
    |mul_ln703_78_fu_508_p2      |     *    |      1|  0|   5|          16|           8|
    |mul_ln703_79_fu_546_p2      |     *    |      1|  0|   5|          16|           6|
    |mul_ln703_7_fu_569_p2       |     *    |      1|  0|   5|          16|           8|
    |mul_ln703_80_fu_547_p2      |     *    |      1|  0|   5|          16|           8|
    |mul_ln703_81_fu_613_p2      |     *    |      1|  0|   5|          16|           8|
    |mul_ln703_82_fu_506_p2      |     *    |      1|  0|   5|          16|           8|
    |mul_ln703_83_fu_610_p2      |     *    |      1|  0|   5|          16|           8|
    |mul_ln703_84_fu_580_p2      |     *    |      1|  0|   5|          16|          10|
    |mul_ln703_85_fu_540_p2      |     *    |      1|  0|   5|          16|          10|
    |mul_ln703_86_fu_502_p2      |     *    |      1|  0|   5|          16|          10|
    |mul_ln703_87_fu_526_p2      |     *    |      1|  0|   5|          16|           9|
    |mul_ln703_88_fu_503_p2      |     *    |      1|  0|   5|          16|           7|
    |mul_ln703_89_fu_597_p2      |     *    |      1|  0|   5|          16|           9|
    |mul_ln703_8_fu_586_p2       |     *    |      1|  0|   5|          16|           7|
    |mul_ln703_90_fu_620_p2      |     *    |      1|  0|   5|          16|          11|
    |mul_ln703_91_fu_538_p2      |     *    |      1|  0|   5|          16|          10|
    |mul_ln703_92_fu_587_p2      |     *    |      1|  0|   5|          16|           8|
    |mul_ln703_93_fu_518_p2      |     *    |      1|  0|   5|          16|           8|
    |mul_ln703_94_fu_632_p2      |     *    |      1|  0|   5|          16|          12|
    |mul_ln703_95_fu_640_p2      |     *    |      1|  0|   5|          16|           9|
    |mul_ln703_96_fu_617_p2      |     *    |      1|  0|   5|          16|          10|
    |mul_ln703_97_fu_618_p2      |     *    |      1|  0|   5|          16|           7|
    |mul_ln703_98_fu_563_p2      |     *    |      1|  0|   5|          16|           8|
    |mul_ln703_99_fu_564_p2      |     *    |      1|  0|   5|          16|           6|
    |mul_ln703_9_fu_600_p2       |     *    |      1|  0|   5|          16|           9|
    |mul_ln703_fu_599_p2         |     *    |      1|  0|   5|          16|           7|
    |add_ln703_4014_fu_56556_p2  |     +    |      0|  0|  31|          24|          24|
    |add_ln703_4015_fu_56581_p2  |     +    |      0|  0|  27|          20|          20|
    |add_ln703_4016_fu_56972_p2  |     +    |      0|  0|  31|          24|          24|
    |add_ln703_4017_fu_57083_p2  |     +    |      0|  0|  29|          22|          22|
    |add_ln703_4018_fu_56243_p2  |     +    |      0|  0|  31|          24|          18|
    |add_ln703_4019_fu_56253_p2  |     +    |      0|  0|  31|          24|          15|
    |add_ln703_4020_fu_56263_p2  |     +    |      0|  0|  30|          23|          18|
    |add_ln703_4021_fu_56273_p2  |     +    |      0|  0|  32|          25|          25|
    |add_ln703_4022_fu_56279_p2  |     +    |      0|  0|  33|          26|          26|
    |add_ln703_4023_fu_56285_p2  |     +    |      0|  0|  29|          22|          16|
    |add_ln703_4024_fu_56295_p2  |     +    |      0|  0|  28|          26|          26|
    |add_ln703_4025_fu_56301_p2  |     +    |      0|  0|  32|          25|          25|
    |add_ln703_4026_fu_56311_p2  |     +    |      0|  0|  29|          22|          19|
    |add_ln703_4027_fu_56321_p2  |     +    |      0|  0|  33|          26|          26|
    |add_ln703_4028_fu_57364_p2  |     +    |      0|  0|  33|          26|          26|
    |add_ln703_4029_fu_56331_p2  |     +    |      0|  0|  32|          25|          25|
    |add_ln703_4030_fu_56337_p2  |     +    |      0|  0|  32|          25|          25|
    |add_ln703_4031_fu_56343_p2  |     +    |      0|  0|  28|          25|          25|
    |add_ln703_4032_fu_56349_p2  |     +    |      0|  0|  28|          25|          25|
    |add_ln703_4033_fu_57377_p2  |     +    |      0|  0|  33|          26|          26|
    |add_ln703_4034_fu_57387_p2  |     +    |      0|  0|  34|          27|          27|
    |add_ln703_4035_fu_57393_p2  |     +    |      0|  0|  32|          25|          25|
    |add_ln703_4036_fu_57403_p2  |     +    |      0|  0|  28|          27|          27|
    |add_ln703_4037_fu_56355_p2  |     +    |      0|  0|  32|          25|          25|
    |add_ln703_4038_fu_56361_p2  |     +    |      0|  0|  28|          25|          25|
    |add_ln703_4039_fu_56367_p2  |     +    |      0|  0|  28|          24|          24|
    |add_ln703_4040_fu_56373_p2  |     +    |      0|  0|  28|          21|          21|
    |add_ln703_4041_fu_56383_p2  |     +    |      0|  0|  28|          24|          24|
    |add_ln703_4042_fu_56393_p2  |     +    |      0|  0|  28|          25|          25|
    |add_ln703_4043_fu_56399_p2  |     +    |      0|  0|  28|          26|          26|
    |add_ln703_4044_fu_56409_p2  |     +    |      0|  0|  28|          27|          27|
    |add_ln703_4045_fu_56415_p2  |     +    |      0|  0|  30|          23|          23|
    |add_ln703_4046_fu_56425_p2  |     +    |      0|  0|  31|          24|          24|
    |add_ln703_4047_fu_56435_p2  |     +    |      0|  0|  28|          27|          27|
    |add_ln703_4048_fu_57415_p2  |     +    |      0|  0|  34|          27|          27|
    |add_ln703_4049_fu_57421_p2  |     +    |      0|  0|  32|          25|          25|
    |add_ln703_4050_fu_57431_p2  |     +    |      0|  0|  28|          27|          27|
    |add_ln703_4051_fu_57437_p2  |     +    |      0|  0|  33|          26|          26|
    |add_ln703_4052_fu_57443_p2  |     +    |      0|  0|  31|          24|          24|
    |add_ln703_4053_fu_57453_p2  |     +    |      0|  0|  28|          26|          26|
    |add_ln703_4054_fu_56441_p2  |     +    |      0|  0|  28|          27|          27|
    |add_ln703_4055_fu_56447_p2  |     +    |      0|  0|  32|          25|          25|
    |add_ln703_4056_fu_56457_p2  |     +    |      0|  0|  28|          27|          27|
    |add_ln703_4057_fu_56463_p2  |     +    |      0|  0|  28|          23|          23|
    |add_ln703_4058_fu_56473_p2  |     +    |      0|  0|  29|          22|          22|
    |add_ln703_4059_fu_56483_p2  |     +    |      0|  0|  31|          24|          24|
    |add_ln703_4060_fu_57462_p2  |     +    |      0|  0|  28|          27|          27|
    |add_ln703_4061_fu_57467_p2  |     +    |      0|  0|  28|          26|          26|
    |add_ln703_4062_fu_57477_p2  |     +    |      0|  0|  28|          26|          26|
    |add_ln703_4063_fu_57483_p2  |     +    |      0|  0|  28|          26|          26|
    |add_ln703_4064_fu_57493_p2  |     +    |      0|  0|  28|          27|          27|
    |add_ln703_4065_fu_57499_p2  |     +    |      0|  0|  28|          25|          25|
    |add_ln703_4066_fu_57505_p2  |     +    |      0|  0|  27|          20|          20|
    |add_ln703_4067_fu_57515_p2  |     +    |      0|  0|  30|          23|          23|
    |add_ln703_4068_fu_57525_p2  |     +    |      0|  0|  28|          25|          25|
    |add_ln703_4069_fu_57535_p2  |     +    |      0|  0|  28|          27|          27|
    |add_ln703_4070_fu_57541_p2  |     +    |      0|  0|  28|          27|          27|
    |add_ln703_4071_fu_57551_p2  |     +    |      0|  0|  34|          27|          27|
    |add_ln703_4072_fu_57561_p2  |     +    |      0|  0|  28|          28|          28|
    |add_ln703_4073_fu_57567_p2  |     +    |      0|  0|  33|          26|          26|
    |add_ln703_4074_fu_57577_p2  |     +    |      0|  0|  33|          26|          26|
    |add_ln703_4075_fu_57587_p2  |     +    |      0|  0|  28|          27|          27|
    |add_ln703_4076_fu_57593_p2  |     +    |      0|  0|  28|          27|          27|
    |add_ln703_4077_fu_57603_p2  |     +    |      0|  0|  28|          28|          28|
    |add_ln703_4078_fu_57609_p2  |     +    |      0|  0|  32|          25|          25|
    |add_ln703_4079_fu_57619_p2  |     +    |      0|  0|  31|          24|          24|
    |add_ln703_4080_fu_57629_p2  |     +    |      0|  0|  28|          26|          26|
    |add_ln703_4081_fu_57635_p2  |     +    |      0|  0|  28|          25|          25|
    |add_ln703_4082_fu_57641_p2  |     +    |      0|  0|  28|          21|          21|
    |add_ln703_4083_fu_57651_p2  |     +    |      0|  0|  30|          23|          23|
    |add_ln703_4084_fu_57661_p2  |     +    |      0|  0|  28|          25|          25|
    |add_ln703_4085_fu_57671_p2  |     +    |      0|  0|  28|          26|          26|
    |add_ln703_4086_fu_58122_p2  |     +    |      0|  0|  28|          28|          28|
    |add_ln703_4087_fu_57677_p2  |     +    |      0|  0|  28|          27|          27|
    |add_ln703_4088_fu_57683_p2  |     +    |      0|  0|  33|          26|          26|
    |add_ln703_4089_fu_57693_p2  |     +    |      0|  0|  34|          27|          27|
    |add_ln703_4090_fu_58139_p2  |     +    |      0|  0|  35|          28|          28|
    |add_ln703_4091_fu_57699_p2  |     +    |      0|  0|  33|          26|          26|
    |add_ln703_4092_fu_57705_p2  |     +    |      0|  0|  32|          25|          25|
    |add_ln703_4093_fu_57715_p2  |     +    |      0|  0|  33|          26|          26|
    |add_ln703_4094_fu_58151_p2  |     +    |      0|  0|  34|          27|          27|
    |add_ln703_4095_fu_58161_p2  |     +    |      0|  0|  28|          28|          28|
    |add_ln703_4096_fu_57721_p2  |     +    |      0|  0|  32|          25|          25|
    |add_ln703_4097_fu_57731_p2  |     +    |      0|  0|  31|          24|          24|
    |add_ln703_4098_fu_57741_p2  |     +    |      0|  0|  32|          25|          25|
    |add_ln703_4099_fu_57751_p2  |     +    |      0|  0|  28|          26|          26|
    |add_ln703_4100_fu_57757_p2  |     +    |      0|  0|  31|          24|          24|
    |add_ln703_4101_fu_57767_p2  |     +    |      0|  0|  28|          22|          22|
    |add_ln703_4102_fu_57773_p2  |     +    |      0|  0|  28|          22|          22|
    |add_ln703_4103_fu_57783_p2  |     +    |      0|  0|  32|          25|          25|
    |add_ln703_4104_fu_57793_p2  |     +    |      0|  0|  28|          26|          26|
    |add_ln703_4105_fu_58170_p2  |     +    |      0|  0|  28|          28|          28|
    |add_ln703_4106_fu_58176_p2  |     +    |      0|  0|  35|          28|          28|
    |add_ln703_4107_fu_57799_p2  |     +    |      0|  0|  33|          26|          26|
    |add_ln703_4108_fu_57809_p2  |     +    |      0|  0|  34|          27|          27|
    |add_ln703_4109_fu_58185_p2  |     +    |      0|  0|  28|          28|          28|
    |add_ln703_4110_fu_57815_p2  |     +    |      0|  0|  32|          25|          25|
    |add_ln703_4111_fu_57821_p2  |     +    |      0|  0|  29|          22|          22|
    |add_ln703_4112_fu_57831_p2  |     +    |      0|  0|  30|          23|          23|
    |add_ln703_4113_fu_58197_p2  |     +    |      0|  0|  33|          26|          26|
    |add_ln703_4114_fu_58207_p2  |     +    |      0|  0|  28|          28|          28|
    |add_ln703_4115_fu_57837_p2  |     +    |      0|  0|  35|          28|          28|
    |add_ln703_4116_fu_57843_p2  |     +    |      0|  0|  34|          27|          27|
    |add_ln703_4117_fu_57853_p2  |     +    |      0|  0|  28|          28|          28|
    |add_ln703_4118_fu_57859_p2  |     +    |      0|  0|  28|          28|          28|
    |add_ln703_4119_fu_57865_p2  |     +    |      0|  0|  34|          27|          27|
    |add_ln703_4120_fu_57871_p2  |     +    |      0|  0|  33|          26|          26|
    |add_ln703_4121_fu_58219_p2  |     +    |      0|  0|  34|          27|          27|
    |add_ln703_4122_fu_58229_p2  |     +    |      0|  0|  35|          28|          28|
    |add_ln703_4123_fu_58235_p2  |     +    |      0|  0|  28|          28|          28|
    |add_ln703_4124_fu_57877_p2  |     +    |      0|  0|  33|          26|          26|
    |add_ln703_4125_fu_57887_p2  |     +    |      0|  0|  28|          25|          25|
    |add_ln703_4126_fu_57893_p2  |     +    |      0|  0|  28|          25|          25|
    |add_ln703_4127_fu_57903_p2  |     +    |      0|  0|  28|          27|          27|
    |add_ln703_4128_fu_57909_p2  |     +    |      0|  0|  31|          24|          24|
    |add_ln703_4129_fu_57919_p2  |     +    |      0|  0|  28|          25|          25|
    |add_ln703_4130_fu_57925_p2  |     +    |      0|  0|  28|          24|          24|
    |add_ln703_4131_fu_57931_p2  |     +    |      0|  0|  28|          24|          24|
    |add_ln703_4132_fu_57941_p2  |     +    |      0|  0|  28|          25|          25|
    |add_ln703_4133_fu_57951_p2  |     +    |      0|  0|  28|          27|          27|
    |add_ln703_4134_fu_58243_p2  |     +    |      0|  0|  28|          28|          28|
    |add_ln703_4135_fu_57957_p2  |     +    |      0|  0|  28|          28|          28|
    |add_ln703_4136_fu_57963_p2  |     +    |      0|  0|  28|          27|          27|
    |add_ln703_4137_fu_57973_p2  |     +    |      0|  0|  28|          28|          28|
    |add_ln703_4138_fu_57979_p2  |     +    |      0|  0|  28|          27|          27|
    |add_ln703_4139_fu_57985_p2  |     +    |      0|  0|  28|          26|          26|
    |add_ln703_4140_fu_57991_p2  |     +    |      0|  0|  28|          26|          26|
    |add_ln703_4141_fu_58001_p2  |     +    |      0|  0|  28|          27|          27|
    |add_ln703_4142_fu_58252_p2  |     +    |      0|  0|  28|          28|          28|
    |add_ln703_4143_fu_58007_p2  |     +    |      0|  0|  33|          26|          26|
    |add_ln703_4144_fu_58013_p2  |     +    |      0|  0|  28|          25|          25|
    |add_ln703_4145_fu_58019_p2  |     +    |      0|  0|  28|          25|          25|
    |add_ln703_4146_fu_58029_p2  |     +    |      0|  0|  28|          26|          26|
    |add_ln703_4147_fu_58035_p2  |     +    |      0|  0|  30|          23|          23|
    |add_ln703_4148_fu_58045_p2  |     +    |      0|  0|  28|          23|          23|
    |add_ln703_4149_fu_58051_p2  |     +    |      0|  0|  28|          23|          23|
    |add_ln703_4150_fu_58061_p2  |     +    |      0|  0|  32|          25|          25|
    |add_ln703_4151_fu_58071_p2  |     +    |      0|  0|  28|          26|          26|
    |add_ln703_4152_fu_58260_p2  |     +    |      0|  0|  28|          28|          28|
    |add_ln703_4153_fu_58266_p2  |     +    |      0|  0|  28|          28|          28|
    |add_ln703_4154_fu_58077_p2  |     +    |      0|  0|  30|          23|          23|
    |add_ln703_4155_fu_58087_p2  |     +    |      0|  0|  32|          25|          25|
    |add_ln703_4156_fu_58275_p2  |     +    |      0|  0|  28|          28|          28|
    |add_ln703_fu_56014_p2       |     +    |      0|  0|  31|          24|          24|
    |sub_ln703_10_fu_56721_p2    |     -    |      0|  0|  26|          19|          19|
    |sub_ln703_11_fu_56775_p2    |     -    |      0|  0|  31|          24|          24|
    |sub_ln703_12_fu_56815_p2    |     -    |      0|  0|  26|          19|          19|
    |sub_ln703_13_fu_56836_p2    |     -    |      0|  0|  30|           1|          23|
    |sub_ln703_14_fu_56857_p2    |     -    |      0|  0|  31|          24|          24|
    |sub_ln703_15_fu_56893_p2    |     -    |      0|  0|  31|          24|          24|
    |sub_ln703_16_fu_57043_p2    |     -    |      0|  0|  30|          23|          23|
    |sub_ln703_17_fu_57118_p2    |     -    |      0|  0|  30|          23|          23|
    |sub_ln703_18_fu_57220_p2    |     -    |      0|  0|  27|           1|          20|
    |sub_ln703_19_fu_57241_p2    |     -    |      0|  0|  28|          21|          21|
    |sub_ln703_1_fu_55970_p2     |     -    |      0|  0|  29|          22|          22|
    |sub_ln703_20_fu_58127_p2    |     -    |      0|  0|  28|          28|          28|
    |sub_ln703_21_fu_55948_p2    |     -    |      0|  0|  30|          23|          23|
    |sub_ln703_22_fu_56661_p2    |     -    |      0|  0|  28|          21|          21|
    |sub_ln703_2_fu_56044_p2     |     -    |      0|  0|  31|          24|          24|
    |sub_ln703_3_fu_56080_p2     |     -    |      0|  0|  27|           1|          20|
    |sub_ln703_4_fu_56090_p2     |     -    |      0|  0|  28|          21|          21|
    |sub_ln703_5_fu_56117_p2     |     -    |      0|  0|  28|           1|          21|
    |sub_ln703_6_fu_56143_p2     |     -    |      0|  0|  29|          22|          22|
    |sub_ln703_7_fu_56177_p2     |     -    |      0|  0|  30|          23|          23|
    |sub_ln703_8_fu_56191_p2     |     -    |      0|  0|  28|          23|          23|
    |sub_ln703_9_fu_56640_p2     |     -    |      0|  0|  27|          20|          20|
    |sub_ln703_fu_55894_p2       |     -    |      0|  0|  30|          23|          23|
    +----------------------------+----------+-------+---+----+------------+------------+
    |Total                       |          |    114|  0|5539|        5926|        5093|
    +----------------------------+----------+-------+---+----+------------+------------+

    * Multiplexer: 
    N/A

    * Register: 
    +------------------------------------------+----+----+-----+-----------+
    |                   Name                   | FF | LUT| Bits| Const Bits|
    +------------------------------------------+----+----+-----+-----------+
    |add_ln703_4021_reg_58504                  |  25|   0|   25|          0|
    |add_ln703_4032_reg_58509                  |  25|   0|   25|          0|
    |add_ln703_4042_reg_58514                  |  25|   0|   25|          0|
    |add_ln703_4047_reg_58519                  |  27|   0|   27|          0|
    |add_ln703_4056_reg_58524                  |  27|   0|   27|          0|
    |add_ln703_4059_reg_58529                  |  24|   0|   24|          0|
    |add_ln703_4069_reg_58545                  |  27|   0|   27|          0|
    |add_ln703_4077_reg_58550                  |  28|   0|   28|          0|
    |add_ln703_4085_reg_58555                  |  26|   0|   26|          0|
    |add_ln703_4087_reg_58560                  |  27|   0|   27|          0|
    |add_ln703_4089_reg_58565                  |  27|   0|   27|          0|
    |add_ln703_4091_reg_58570                  |  25|   0|   26|          1|
    |add_ln703_4093_reg_58575                  |  25|   0|   26|          1|
    |add_ln703_4104_reg_58580                  |  26|   0|   26|          0|
    |add_ln703_4108_reg_58585                  |  27|   0|   27|          0|
    |add_ln703_4110_reg_58590                  |  25|   0|   25|          0|
    |add_ln703_4112_reg_58595                  |  23|   0|   23|          0|
    |add_ln703_4118_reg_58600                  |  28|   0|   28|          0|
    |add_ln703_4119_reg_58605                  |  27|   0|   27|          0|
    |add_ln703_4120_reg_58610                  |  24|   0|   26|          2|
    |add_ln703_4133_reg_58615                  |  27|   0|   27|          0|
    |add_ln703_4137_reg_58620                  |  28|   0|   28|          0|
    |add_ln703_4141_reg_58625                  |  27|   0|   27|          0|
    |add_ln703_4151_reg_58630                  |  26|   0|   26|          0|
    |add_ln703_4155_reg_58635                  |  25|   0|   25|          0|
    |data_0_V_read_int_reg                     |  16|   0|   16|          0|
    |data_10_V_read_2_reg_58447                |  16|   0|   16|          0|
    |data_10_V_read_int_reg                    |  16|   0|   16|          0|
    |data_11_V_read_2_reg_58438                |  16|   0|   16|          0|
    |data_11_V_read_int_reg                    |  16|   0|   16|          0|
    |data_12_V_read_2_reg_58430                |  16|   0|   16|          0|
    |data_12_V_read_int_reg                    |  16|   0|   16|          0|
    |data_13_V_read_2_reg_58418                |  16|   0|   16|          0|
    |data_13_V_read_int_reg                    |  16|   0|   16|          0|
    |data_14_V_read_2_reg_58411                |  16|   0|   16|          0|
    |data_14_V_read_int_reg                    |  16|   0|   16|          0|
    |data_15_V_read_2_reg_58402                |  16|   0|   16|          0|
    |data_15_V_read_int_reg                    |  16|   0|   16|          0|
    |data_16_V_read_2_reg_58395                |  16|   0|   16|          0|
    |data_16_V_read_int_reg                    |  16|   0|   16|          0|
    |data_17_V_read_2_reg_58385                |  16|   0|   16|          0|
    |data_17_V_read_int_reg                    |  16|   0|   16|          0|
    |data_18_V_read21_reg_58378                |  16|   0|   16|          0|
    |data_18_V_read_int_reg                    |  16|   0|   16|          0|
    |data_19_V_read_2_reg_58370                |  16|   0|   16|          0|
    |data_19_V_read_int_reg                    |  16|   0|   16|          0|
    |data_1_V_read_int_reg                     |  16|   0|   16|          0|
    |data_20_V_read_2_reg_58363                |  16|   0|   16|          0|
    |data_20_V_read_int_reg                    |  16|   0|   16|          0|
    |data_21_V_read_2_reg_58357                |  16|   0|   16|          0|
    |data_21_V_read_int_reg                    |  16|   0|   16|          0|
    |data_22_V_read_2_reg_58348                |  16|   0|   16|          0|
    |data_22_V_read_int_reg                    |  16|   0|   16|          0|
    |data_23_V_read_2_reg_58340                |  16|   0|   16|          0|
    |data_23_V_read_2_reg_58340_pp0_iter1_reg  |  16|   0|   16|          0|
    |data_23_V_read_int_reg                    |  16|   0|   16|          0|
    |data_24_V_read_2_reg_58332                |  16|   0|   16|          0|
    |data_24_V_read_int_reg                    |  16|   0|   16|          0|
    |data_25_V_read_2_reg_58325                |  16|   0|   16|          0|
    |data_25_V_read_int_reg                    |  16|   0|   16|          0|
    |data_26_V_read_2_reg_58318                |  16|   0|   16|          0|
    |data_26_V_read_int_reg                    |  16|   0|   16|          0|
    |data_27_V_read_2_reg_58311                |  16|   0|   16|          0|
    |data_27_V_read_int_reg                    |  16|   0|   16|          0|
    |data_2_V_read_int_reg                     |  16|   0|   16|          0|
    |data_3_V_read_2_reg_58489                 |  16|   0|   16|          0|
    |data_3_V_read_int_reg                     |  16|   0|   16|          0|
    |data_4_V_read_2_reg_58484                 |  16|   0|   16|          0|
    |data_4_V_read_int_reg                     |  16|   0|   16|          0|
    |data_5_V_read_int_reg                     |  16|   0|   16|          0|
    |data_6_V_read_2_reg_58479                 |  16|   0|   16|          0|
    |data_6_V_read_int_reg                     |  16|   0|   16|          0|
    |data_7_V_read_2_reg_58470                 |  16|   0|   16|          0|
    |data_7_V_read_int_reg                     |  16|   0|   16|          0|
    |data_8_V_read11_reg_58463                 |  16|   0|   16|          0|
    |data_8_V_read_int_reg                     |  16|   0|   16|          0|
    |data_9_V_read_2_reg_58453                 |  16|   0|   16|          0|
    |data_9_V_read_int_reg                     |  16|   0|   16|          0|
    |mul_ln703_12_reg_13647                    |  24|   0|   25|          1|
    |zext_ln703_190_reg_58534                  |  16|   0|   26|         10|
    |zext_ln703_224_reg_58540                  |  16|   0|   26|         10|
    |zext_ln703_60_reg_58494                   |  16|   0|   24|          8|
    |zext_ln703_94_reg_58499                   |  16|   0|   24|          8|
    +------------------------------------------+----+----+-----+-----------+
    |Total                                     |1587|   0| 1628|         41|
    +------------------------------------------+----+----+-----+-----------+



================================================================
== Interface
================================================================
* Summary: 
+----------------+-----+-----+------------+------------------------------------------------------------------------------+--------------+
|    RTL Ports   | Dir | Bits|  Protocol  |                                 Source Object                                |    C Type    |
+----------------+-----+-----+------------+------------------------------------------------------------------------------+--------------+
|ap_clk          |  in |    1| ap_ctrl_hs | dense_wrapper<ap_ufixed<16, 6, 4, 0, 0>, ap_fixed<28, 9, 5, 3, 0>, config16> | return value |
|ap_rst          |  in |    1| ap_ctrl_hs | dense_wrapper<ap_ufixed<16, 6, 4, 0, 0>, ap_fixed<28, 9, 5, 3, 0>, config16> | return value |
|ap_return_0     | out |   28| ap_ctrl_hs | dense_wrapper<ap_ufixed<16, 6, 4, 0, 0>, ap_fixed<28, 9, 5, 3, 0>, config16> | return value |
|ap_return_1     | out |   28| ap_ctrl_hs | dense_wrapper<ap_ufixed<16, 6, 4, 0, 0>, ap_fixed<28, 9, 5, 3, 0>, config16> | return value |
|ap_return_2     | out |   28| ap_ctrl_hs | dense_wrapper<ap_ufixed<16, 6, 4, 0, 0>, ap_fixed<28, 9, 5, 3, 0>, config16> | return value |
|ap_return_3     | out |   28| ap_ctrl_hs | dense_wrapper<ap_ufixed<16, 6, 4, 0, 0>, ap_fixed<28, 9, 5, 3, 0>, config16> | return value |
|ap_return_4     | out |   28| ap_ctrl_hs | dense_wrapper<ap_ufixed<16, 6, 4, 0, 0>, ap_fixed<28, 9, 5, 3, 0>, config16> | return value |
|data_0_V_read   |  in |   16|   ap_none  |                                 data_0_V_read                                |    scalar    |
|data_1_V_read   |  in |   16|   ap_none  |                                 data_1_V_read                                |    scalar    |
|data_2_V_read   |  in |   16|   ap_none  |                                 data_2_V_read                                |    scalar    |
|data_3_V_read   |  in |   16|   ap_none  |                                 data_3_V_read                                |    scalar    |
|data_4_V_read   |  in |   16|   ap_none  |                                 data_4_V_read                                |    scalar    |
|data_5_V_read   |  in |   16|   ap_none  |                                 data_5_V_read                                |    scalar    |
|data_6_V_read   |  in |   16|   ap_none  |                                 data_6_V_read                                |    scalar    |
|data_7_V_read   |  in |   16|   ap_none  |                                 data_7_V_read                                |    scalar    |
|data_8_V_read   |  in |   16|   ap_none  |                                 data_8_V_read                                |    scalar    |
|data_9_V_read   |  in |   16|   ap_none  |                                 data_9_V_read                                |    scalar    |
|data_10_V_read  |  in |   16|   ap_none  |                                data_10_V_read                                |    scalar    |
|data_11_V_read  |  in |   16|   ap_none  |                                data_11_V_read                                |    scalar    |
|data_12_V_read  |  in |   16|   ap_none  |                                data_12_V_read                                |    scalar    |
|data_13_V_read  |  in |   16|   ap_none  |                                data_13_V_read                                |    scalar    |
|data_14_V_read  |  in |   16|   ap_none  |                                data_14_V_read                                |    scalar    |
|data_15_V_read  |  in |   16|   ap_none  |                                data_15_V_read                                |    scalar    |
|data_16_V_read  |  in |   16|   ap_none  |                                data_16_V_read                                |    scalar    |
|data_17_V_read  |  in |   16|   ap_none  |                                data_17_V_read                                |    scalar    |
|data_18_V_read  |  in |   16|   ap_none  |                                data_18_V_read                                |    scalar    |
|data_19_V_read  |  in |   16|   ap_none  |                                data_19_V_read                                |    scalar    |
|data_20_V_read  |  in |   16|   ap_none  |                                data_20_V_read                                |    scalar    |
|data_21_V_read  |  in |   16|   ap_none  |                                data_21_V_read                                |    scalar    |
|data_22_V_read  |  in |   16|   ap_none  |                                data_22_V_read                                |    scalar    |
|data_23_V_read  |  in |   16|   ap_none  |                                data_23_V_read                                |    scalar    |
|data_24_V_read  |  in |   16|   ap_none  |                                data_24_V_read                                |    scalar    |
|data_25_V_read  |  in |   16|   ap_none  |                                data_25_V_read                                |    scalar    |
|data_26_V_read  |  in |   16|   ap_none  |                                data_26_V_read                                |    scalar    |
|data_27_V_read  |  in |   16|   ap_none  |                                data_27_V_read                                |    scalar    |
+----------------+-----+-----+------------+------------------------------------------------------------------------------+--------------+

