#-----------------------------------------------------------
# Vivado v2023.1 (64-bit)
# SW Build 3865809 on Sun May  7 15:04:56 MDT 2023
# IP Build 3864474 on Sun May  7 20:36:21 MDT 2023
# SharedData Build 3865790 on Sun May 07 13:33:03 MDT 2023
# Start of session at: Fri Jul 11 00:33:48 2025
# Process ID: 31185
# Current directory: /home/coder/sparse-pixels/hls_proj/scaling/reduction/reduction-in400/reduction-in400-out20
# Command line: vivado -mode batch -source vivado_synth.tcl
# Log file: /home/coder/sparse-pixels/hls_proj/scaling/reduction/reduction-in400/reduction-in400-out20/vivado.log
# Journal file: /home/coder/sparse-pixels/hls_proj/scaling/reduction/reduction-in400/reduction-in400-out20/vivado.jou
# Running On: coder-hftsoi-hls, OS: Linux, CPU Frequency: 2250.000 MHz, CPU Physical cores: 28, Host memory: 946737 MB
#-----------------------------------------------------------
source vivado_synth.tcl
# set tcldir [file dirname [info script]]
# source [file join $tcldir project.tcl]
## variable project_name
## set project_name "hls_dummy"
## variable backend
## set backend "vitis"
## variable part
## set part "xcu250-figd2104-2L-e"
## variable clock_period
## set clock_period 5
## variable clock_uncertainty
## set clock_uncertainty 27%
## variable version
## set version "1.0.0"
## variable maximum_size
## set maximum_size 4096
# add_files ${project_name}_prj/solution1/syn/verilog
add_files: Time (s): cpu = 00:00:08 ; elapsed = 00:00:08 . Memory (MB): peak = 2408.113 ; gain = 113.992 ; free physical = 448750 ; free virtual = 847653
# synth_design -top ${project_name} -part $part
Command: synth_design -top hls_dummy -part xcu250-figd2104-2L-e
Starting synth_design
Attempting to get a license for feature 'Synthesis' and/or device 'xcu250'
INFO: [Common 17-349] Got license for feature 'Synthesis' and/or device 'xcu250'
INFO: [Synth 8-7079] Multithreading enabled for synth_design using a maximum of 4 processes.
INFO: [Synth 8-7078] Launching helper process for spawning children vivado processes
INFO: [Synth 8-7075] Helper process launched with PID 31196
---------------------------------------------------------------------------------
Starting Synthesize : Time (s): cpu = 00:00:04 ; elapsed = 00:00:04 . Memory (MB): peak = 2823.602 ; gain = 391.652 ; free physical = 448069 ; free virtual = 846973
---------------------------------------------------------------------------------
INFO: [Synth 8-6157] synthesizing module 'hls_dummy' [/home/coder/sparse-pixels/hls_proj/scaling/reduction/reduction-in400/reduction-in400-out20/hls_dummy_prj/solution1/syn/verilog/hls_dummy.v:9]
INFO: [Synth 8-6157] synthesizing module 'hls_dummy_sparse_input_reduce_ap_fixed_10_2_5_3_0_ap_uint_10_20_20_1_20_4' [/home/coder/sparse-pixels/hls_proj/scaling/reduction/reduction-in400/reduction-in400-out20/hls_dummy_prj/solution1/syn/verilog/hls_dummy_sparse_input_reduce_ap_fixed_10_2_5_3_0_ap_uint_10_20_20_1_20_4.v:9]
INFO: [Synth 8-6157] synthesizing module 'hls_dummy_operator_s' [/home/coder/sparse-pixels/hls_proj/scaling/reduction/reduction-in400/reduction-in400-out20/hls_dummy_prj/solution1/syn/verilog/hls_dummy_operator_s.v:9]
INFO: [Synth 8-6155] done synthesizing module 'hls_dummy_operator_s' (0#1) [/home/coder/sparse-pixels/hls_proj/scaling/reduction/reduction-in400/reduction-in400-out20/hls_dummy_prj/solution1/syn/verilog/hls_dummy_operator_s.v:9]
INFO: [Synth 8-6155] done synthesizing module 'hls_dummy_sparse_input_reduce_ap_fixed_10_2_5_3_0_ap_uint_10_20_20_1_20_4' (0#1) [/home/coder/sparse-pixels/hls_proj/scaling/reduction/reduction-in400/reduction-in400-out20/hls_dummy_prj/solution1/syn/verilog/hls_dummy_sparse_input_reduce_ap_fixed_10_2_5_3_0_ap_uint_10_20_20_1_20_4.v:9]
INFO: [Synth 8-6157] synthesizing module 'hls_dummy_Block_entry24_proc' [/home/coder/sparse-pixels/hls_proj/scaling/reduction/reduction-in400/reduction-in400-out20/hls_dummy_prj/solution1/syn/verilog/hls_dummy_Block_entry24_proc.v:9]
INFO: [Synth 8-6155] done synthesizing module 'hls_dummy_Block_entry24_proc' (0#1) [/home/coder/sparse-pixels/hls_proj/scaling/reduction/reduction-in400/reduction-in400-out20/hls_dummy_prj/solution1/syn/verilog/hls_dummy_Block_entry24_proc.v:9]
INFO: [Synth 8-6157] synthesizing module 'hls_dummy_fifo_w10_d2_S' [/home/coder/sparse-pixels/hls_proj/scaling/reduction/reduction-in400/reduction-in400-out20/hls_dummy_prj/solution1/syn/verilog/hls_dummy_fifo_w10_d2_S.v:11]
INFO: [Synth 8-6157] synthesizing module 'hls_dummy_fifo_w10_d2_S_ShiftReg' [/home/coder/sparse-pixels/hls_proj/scaling/reduction/reduction-in400/reduction-in400-out20/hls_dummy_prj/solution1/syn/verilog/hls_dummy_fifo_w10_d2_S.v:120]
	Parameter DATA_WIDTH bound to: 10 - type: integer 
	Parameter ADDR_WIDTH bound to: 1 - type: integer 
	Parameter DEPTH bound to: 2 - type: integer 
INFO: [Synth 8-6155] done synthesizing module 'hls_dummy_fifo_w10_d2_S_ShiftReg' (0#1) [/home/coder/sparse-pixels/hls_proj/scaling/reduction/reduction-in400/reduction-in400-out20/hls_dummy_prj/solution1/syn/verilog/hls_dummy_fifo_w10_d2_S.v:120]
INFO: [Synth 8-6155] done synthesizing module 'hls_dummy_fifo_w10_d2_S' (0#1) [/home/coder/sparse-pixels/hls_proj/scaling/reduction/reduction-in400/reduction-in400-out20/hls_dummy_prj/solution1/syn/verilog/hls_dummy_fifo_w10_d2_S.v:11]
INFO: [Synth 8-6155] done synthesizing module 'hls_dummy' (0#1) [/home/coder/sparse-pixels/hls_proj/scaling/reduction/reduction-in400/reduction-in400-out20/hls_dummy_prj/solution1/syn/verilog/hls_dummy.v:9]
WARNING: [Synth 8-7129] Port reset in module hls_dummy_fifo_w10_d2_S_ShiftReg is either unconnected or has no load
---------------------------------------------------------------------------------
Finished Synthesize : Time (s): cpu = 00:00:07 ; elapsed = 00:00:08 . Memory (MB): peak = 2985.695 ; gain = 553.746 ; free physical = 447853 ; free virtual = 846759
---------------------------------------------------------------------------------
---------------------------------------------------------------------------------
Finished Constraint Validation : Time (s): cpu = 00:00:08 ; elapsed = 00:00:09 . Memory (MB): peak = 2985.695 ; gain = 553.746 ; free physical = 447805 ; free virtual = 846710
---------------------------------------------------------------------------------
---------------------------------------------------------------------------------
Start Loading Part and Timing Information
---------------------------------------------------------------------------------
Loading part: xcu250-figd2104-2L-e
INFO: [Synth 8-6742] Reading net delay rules and data
---------------------------------------------------------------------------------
INFO: [Device 21-403] Loading part xcu250-figd2104-2L-e
Finished Loading Part and Timing Information : Time (s): cpu = 00:00:08 ; elapsed = 00:00:09 . Memory (MB): peak = 2999.637 ; gain = 567.688 ; free physical = 447805 ; free virtual = 846710
---------------------------------------------------------------------------------
INFO: [Synth 8-4490] FSM extraction disabled for register 'ap_CS_fsm_reg' through user attribute
INFO: [Synth 8-4490] FSM extraction disabled for register 'ap_CS_fsm_reg' through user attribute
---------------------------------------------------------------------------------
Finished RTL Optimization Phase 2 : Time (s): cpu = 00:00:13 ; elapsed = 00:00:11 . Memory (MB): peak = 3136.949 ; gain = 705.000 ; free physical = 447700 ; free virtual = 846608
---------------------------------------------------------------------------------
No constraint files found.
---------------------------------------------------------------------------------
Start RTL Component Statistics 
---------------------------------------------------------------------------------
Detailed RTL Component Info : 
+---Adders : 
	   2 Input    5 Bit       Adders := 1     
	   2 Input    2 Bit       Adders := 40    
+---XORs : 
	   2 Input      1 Bit         XORs := 40    
+---Registers : 
	               12 Bit    Registers := 106   
	               10 Bit    Registers := 586   
	                5 Bit    Registers := 3     
	                2 Bit    Registers := 20    
	                1 Bit    Registers := 66    
+---Muxes : 
	   2 Input   12 Bit        Muxes := 752   
	   2 Input   10 Bit        Muxes := 646   
	   2 Input    9 Bit        Muxes := 590   
	   3 Input    5 Bit        Muxes := 1     
	   6 Input    5 Bit        Muxes := 1     
	   2 Input    2 Bit        Muxes := 21    
	   2 Input    1 Bit        Muxes := 104   
---------------------------------------------------------------------------------
Finished RTL Component Statistics 
---------------------------------------------------------------------------------
---------------------------------------------------------------------------------
Start Part Resource Summary
---------------------------------------------------------------------------------
Part Resources:
DSPs: 12288 (col length:96)
BRAMs: 5376 (col length: RAMB18 384 RAMB36 192)
---------------------------------------------------------------------------------
Finished Part Resource Summary
---------------------------------------------------------------------------------
No constraint files found.
---------------------------------------------------------------------------------
Start Cross Boundary and Area Optimization
---------------------------------------------------------------------------------
WARNING: [Synth 8-7080] Parallel synthesis criteria is not met
---------------------------------------------------------------------------------
Finished Cross Boundary and Area Optimization : Time (s): cpu = 00:01:39 ; elapsed = 00:01:39 . Memory (MB): peak = 4303.762 ; gain = 1871.812 ; free physical = 450208 ; free virtual = 849057
---------------------------------------------------------------------------------
No constraint files found.
---------------------------------------------------------------------------------
Start Timing Optimization
---------------------------------------------------------------------------------
---------------------------------------------------------------------------------
Finished Timing Optimization : Time (s): cpu = 00:01:41 ; elapsed = 00:01:41 . Memory (MB): peak = 4306.730 ; gain = 1874.781 ; free physical = 450198 ; free virtual = 849047
---------------------------------------------------------------------------------
---------------------------------------------------------------------------------
Start Technology Mapping
---------------------------------------------------------------------------------
---------------------------------------------------------------------------------
Finished Technology Mapping : Time (s): cpu = 00:01:45 ; elapsed = 00:01:46 . Memory (MB): peak = 4314.738 ; gain = 1882.789 ; free physical = 450141 ; free virtual = 848990
---------------------------------------------------------------------------------
---------------------------------------------------------------------------------
Start IO Insertion
---------------------------------------------------------------------------------
---------------------------------------------------------------------------------
Start Flattening Before IO Insertion
---------------------------------------------------------------------------------
---------------------------------------------------------------------------------
Finished Flattening Before IO Insertion
---------------------------------------------------------------------------------
---------------------------------------------------------------------------------
Start Final Netlist Cleanup
---------------------------------------------------------------------------------
---------------------------------------------------------------------------------
Finished Final Netlist Cleanup
---------------------------------------------------------------------------------
---------------------------------------------------------------------------------
Finished IO Insertion : Time (s): cpu = 00:01:50 ; elapsed = 00:01:51 . Memory (MB): peak = 4314.738 ; gain = 1882.789 ; free physical = 450115 ; free virtual = 849001
---------------------------------------------------------------------------------
---------------------------------------------------------------------------------
Start Renaming Generated Instances
---------------------------------------------------------------------------------
---------------------------------------------------------------------------------
Finished Renaming Generated Instances : Time (s): cpu = 00:01:50 ; elapsed = 00:01:51 . Memory (MB): peak = 4314.738 ; gain = 1882.789 ; free physical = 450115 ; free virtual = 849001
---------------------------------------------------------------------------------
---------------------------------------------------------------------------------
Start Rebuilding User Hierarchy
---------------------------------------------------------------------------------
---------------------------------------------------------------------------------
Finished Rebuilding User Hierarchy : Time (s): cpu = 00:01:51 ; elapsed = 00:01:51 . Memory (MB): peak = 4314.738 ; gain = 1882.789 ; free physical = 450115 ; free virtual = 849001
---------------------------------------------------------------------------------
---------------------------------------------------------------------------------
Start Renaming Generated Ports
---------------------------------------------------------------------------------
---------------------------------------------------------------------------------
Finished Renaming Generated Ports : Time (s): cpu = 00:01:51 ; elapsed = 00:01:51 . Memory (MB): peak = 4314.738 ; gain = 1882.789 ; free physical = 450114 ; free virtual = 849001
---------------------------------------------------------------------------------
---------------------------------------------------------------------------------
Start Handling Custom Attributes
---------------------------------------------------------------------------------
---------------------------------------------------------------------------------
Finished Handling Custom Attributes : Time (s): cpu = 00:01:58 ; elapsed = 00:01:59 . Memory (MB): peak = 4314.738 ; gain = 1882.789 ; free physical = 450008 ; free virtual = 848920
---------------------------------------------------------------------------------
---------------------------------------------------------------------------------
Start Renaming Generated Nets
---------------------------------------------------------------------------------
---------------------------------------------------------------------------------
Finished Renaming Generated Nets : Time (s): cpu = 00:01:58 ; elapsed = 00:01:59 . Memory (MB): peak = 4314.738 ; gain = 1882.789 ; free physical = 450008 ; free virtual = 848920
---------------------------------------------------------------------------------
---------------------------------------------------------------------------------
Start Writing Synthesis Report
---------------------------------------------------------------------------------

Report BlackBoxes: 
+-+--------------+----------+
| |BlackBox name |Instances |
+-+--------------+----------+
+-+--------------+----------+

Report Cell Usage: 
+------+------+------+
|      |Cell  |Count |
+------+------+------+
|1     |BUFG  |     1|
|2     |LUT1  |    21|
|3     |LUT2  |   419|
|4     |LUT3  |   522|
|5     |LUT4  |  2932|
|6     |LUT5  |  4524|
|7     |LUT6  |  3679|
|8     |MUXF7 |    43|
|9     |FDRE  |  6260|
|10    |FDSE  |    61|
|11    |IBUF  |  4004|
|12    |OBUF  |   223|
+------+------+------+

Report Instance Areas: 
+------+---------------------------------------------------------------------+--------------------------------------------------------------------------+------+
|      |Instance                                                             |Module                                                                    |Cells |
+------+---------------------------------------------------------------------+--------------------------------------------------------------------------+------+
|1     |top                                                                  |                                                                          | 22689|
|2     |  Block_entry24_proc_U0                                              |hls_dummy_Block_entry24_proc                                              |   180|
|3     |  sparse_arr_feat_reduce_out_10_U                                    |hls_dummy_fifo_w10_d2_S                                                   |    48|
|4     |    U_hls_dummy_fifo_w10_d2_S_ShiftReg                               |hls_dummy_fifo_w10_d2_S_ShiftReg_37                                       |    37|
|5     |  sparse_arr_feat_reduce_out_11_U                                    |hls_dummy_fifo_w10_d2_S_0                                                 |    46|
|6     |    U_hls_dummy_fifo_w10_d2_S_ShiftReg                               |hls_dummy_fifo_w10_d2_S_ShiftReg_36                                       |    37|
|7     |  sparse_arr_feat_reduce_out_12_U                                    |hls_dummy_fifo_w10_d2_S_1                                                 |    46|
|8     |    U_hls_dummy_fifo_w10_d2_S_ShiftReg                               |hls_dummy_fifo_w10_d2_S_ShiftReg_35                                       |    37|
|9     |  sparse_arr_feat_reduce_out_13_U                                    |hls_dummy_fifo_w10_d2_S_2                                                 |    47|
|10    |    U_hls_dummy_fifo_w10_d2_S_ShiftReg                               |hls_dummy_fifo_w10_d2_S_ShiftReg_34                                       |    37|
|11    |  sparse_arr_feat_reduce_out_14_U                                    |hls_dummy_fifo_w10_d2_S_3                                                 |    48|
|12    |    U_hls_dummy_fifo_w10_d2_S_ShiftReg                               |hls_dummy_fifo_w10_d2_S_ShiftReg_33                                       |    37|
|13    |  sparse_arr_feat_reduce_out_15_U                                    |hls_dummy_fifo_w10_d2_S_4                                                 |    46|
|14    |    U_hls_dummy_fifo_w10_d2_S_ShiftReg                               |hls_dummy_fifo_w10_d2_S_ShiftReg_32                                       |    37|
|15    |  sparse_arr_feat_reduce_out_16_U                                    |hls_dummy_fifo_w10_d2_S_5                                                 |    46|
|16    |    U_hls_dummy_fifo_w10_d2_S_ShiftReg                               |hls_dummy_fifo_w10_d2_S_ShiftReg_31                                       |    37|
|17    |  sparse_arr_feat_reduce_out_17_U                                    |hls_dummy_fifo_w10_d2_S_6                                                 |    48|
|18    |    U_hls_dummy_fifo_w10_d2_S_ShiftReg                               |hls_dummy_fifo_w10_d2_S_ShiftReg_30                                       |    37|
|19    |  sparse_arr_feat_reduce_out_18_U                                    |hls_dummy_fifo_w10_d2_S_7                                                 |    47|
|20    |    U_hls_dummy_fifo_w10_d2_S_ShiftReg                               |hls_dummy_fifo_w10_d2_S_ShiftReg_29                                       |    37|
|21    |  sparse_arr_feat_reduce_out_19_U                                    |hls_dummy_fifo_w10_d2_S_8                                                 |    46|
|22    |    U_hls_dummy_fifo_w10_d2_S_ShiftReg                               |hls_dummy_fifo_w10_d2_S_ShiftReg_28                                       |    37|
|23    |  sparse_arr_feat_reduce_out_1_U                                     |hls_dummy_fifo_w10_d2_S_9                                                 |    48|
|24    |    U_hls_dummy_fifo_w10_d2_S_ShiftReg                               |hls_dummy_fifo_w10_d2_S_ShiftReg_27                                       |    37|
|25    |  sparse_arr_feat_reduce_out_2_U                                     |hls_dummy_fifo_w10_d2_S_10                                                |    46|
|26    |    U_hls_dummy_fifo_w10_d2_S_ShiftReg                               |hls_dummy_fifo_w10_d2_S_ShiftReg_26                                       |    37|
|27    |  sparse_arr_feat_reduce_out_3_U                                     |hls_dummy_fifo_w10_d2_S_11                                                |    49|
|28    |    U_hls_dummy_fifo_w10_d2_S_ShiftReg                               |hls_dummy_fifo_w10_d2_S_ShiftReg_25                                       |    37|
|29    |  sparse_arr_feat_reduce_out_4_U                                     |hls_dummy_fifo_w10_d2_S_12                                                |    46|
|30    |    U_hls_dummy_fifo_w10_d2_S_ShiftReg                               |hls_dummy_fifo_w10_d2_S_ShiftReg_24                                       |    37|
|31    |  sparse_arr_feat_reduce_out_5_U                                     |hls_dummy_fifo_w10_d2_S_13                                                |    47|
|32    |    U_hls_dummy_fifo_w10_d2_S_ShiftReg                               |hls_dummy_fifo_w10_d2_S_ShiftReg_23                                       |    37|
|33    |  sparse_arr_feat_reduce_out_6_U                                     |hls_dummy_fifo_w10_d2_S_14                                                |    47|
|34    |    U_hls_dummy_fifo_w10_d2_S_ShiftReg                               |hls_dummy_fifo_w10_d2_S_ShiftReg_22                                       |    37|
|35    |  sparse_arr_feat_reduce_out_7_U                                     |hls_dummy_fifo_w10_d2_S_15                                                |    48|
|36    |    U_hls_dummy_fifo_w10_d2_S_ShiftReg                               |hls_dummy_fifo_w10_d2_S_ShiftReg_21                                       |    37|
|37    |  sparse_arr_feat_reduce_out_8_U                                     |hls_dummy_fifo_w10_d2_S_16                                                |    46|
|38    |    U_hls_dummy_fifo_w10_d2_S_ShiftReg                               |hls_dummy_fifo_w10_d2_S_ShiftReg_20                                       |    37|
|39    |  sparse_arr_feat_reduce_out_9_U                                     |hls_dummy_fifo_w10_d2_S_17                                                |    47|
|40    |    U_hls_dummy_fifo_w10_d2_S_ShiftReg                               |hls_dummy_fifo_w10_d2_S_ShiftReg_19                                       |    37|
|41    |  sparse_arr_feat_reduce_out_U                                       |hls_dummy_fifo_w10_d2_S_18                                                |    46|
|42    |    U_hls_dummy_fifo_w10_d2_S_ShiftReg                               |hls_dummy_fifo_w10_d2_S_ShiftReg                                          |    37|
|43    |  sparse_input_reduce_ap_fixed_10_2_5_3_0_ap_uint_10_20_20_1_20_4_U0 |hls_dummy_sparse_input_reduce_ap_fixed_10_2_5_3_0_ap_uint_10_20_20_1_20_4 | 17323|
+------+---------------------------------------------------------------------+--------------------------------------------------------------------------+------+
---------------------------------------------------------------------------------
Finished Writing Synthesis Report : Time (s): cpu = 00:01:58 ; elapsed = 00:01:59 . Memory (MB): peak = 4314.738 ; gain = 1882.789 ; free physical = 450008 ; free virtual = 848920
---------------------------------------------------------------------------------
Synthesis finished with 0 errors, 0 critical warnings and 2 warnings.
Synthesis Optimization Runtime : Time (s): cpu = 00:01:58 ; elapsed = 00:01:59 . Memory (MB): peak = 4314.738 ; gain = 1882.789 ; free physical = 450008 ; free virtual = 848920
Synthesis Optimization Complete : Time (s): cpu = 00:01:58 ; elapsed = 00:01:59 . Memory (MB): peak = 4314.746 ; gain = 1882.789 ; free physical = 450008 ; free virtual = 848920
INFO: [Project 1-571] Translating synthesized netlist
Netlist sorting complete. Time (s): cpu = 00:00:00.14 ; elapsed = 00:00:00.14 . Memory (MB): peak = 4322.738 ; gain = 0.000 ; free physical = 450332 ; free virtual = 849244
INFO: [Netlist 29-17] Analyzing 4048 Unisim elements for replacement
INFO: [Netlist 29-28] Unisim Transformation completed in 0 CPU seconds
INFO: [Project 1-570] Preparing netlist for logic optimization
INFO: [Opt 31-138] Pushed 0 inverter(s) to 0 load pin(s).
Netlist sorting complete. Time (s): cpu = 00:00:00 ; elapsed = 00:00:00 . Memory (MB): peak = 4407.484 ; gain = 0.000 ; free physical = 450325 ; free virtual = 849238
INFO: [Project 1-111] Unisim Transformation Summary:
  A total of 4005 instances were transformed.
  BUFG => BUFGCE: 1 instance 
  IBUF => IBUF (IBUFCTRL, INBUF): 4004 instances

Synth Design complete | Checksum: 9b6ace20
INFO: [Common 17-83] Releasing license: Synthesis
27 Infos, 2 Warnings, 0 Critical Warnings and 0 Errors encountered.
synth_design completed successfully
synth_design: Time (s): cpu = 00:02:09 ; elapsed = 00:02:07 . Memory (MB): peak = 4407.484 ; gain = 1999.371 ; free physical = 450324 ; free virtual = 849239
INFO: [Common 17-2834] synth_design peak Physical Memory [PSS] (MB): overall = 3965.420; main = 3713.067; forked = 369.283
INFO: [Common 17-2834] synth_design peak Virtual Memory [VSS] (MB): overall = 5282.105; main = 4407.488; forked = 967.363
# opt_design -retarget -propconst -sweep -bram_power_opt -shift_register_opt
Command: opt_design -retarget -propconst -sweep -bram_power_opt -shift_register_opt
Attempting to get a license for feature 'Implementation' and/or device 'xcu250'
INFO: [Common 17-349] Got license for feature 'Implementation' and/or device 'xcu250'
Running DRC as a precondition to command opt_design

Starting DRC Task
INFO: [DRC 23-27] Running DRC with 8 threads
INFO: [Project 1-461] DRC finished with 0 Errors
INFO: [Project 1-462] Please refer to the DRC report (report_drc) for more information.

Time (s): cpu = 00:00:02 ; elapsed = 00:00:01 . Memory (MB): peak = 4471.516 ; gain = 64.031 ; free physical = 450334 ; free virtual = 849250

Starting Cache Timing Information Task
INFO: [Timing 38-35] Done setting XDC timing constraints.
Ending Cache Timing Information Task | Checksum: 10eeead2d

Time (s): cpu = 00:00:05 ; elapsed = 00:00:03 . Memory (MB): peak = 4533.906 ; gain = 62.391 ; free physical = 450244 ; free virtual = 849160

Starting Logic Optimization Task

Phase 1 Retarget
INFO: [Opt 31-138] Pushed 0 inverter(s) to 0 load pin(s).
INFO: [Opt 31-49] Retargeted 0 cell(s).
Phase 1 Retarget | Checksum: 120179157

Time (s): cpu = 00:00:02 ; elapsed = 00:00:01 . Memory (MB): peak = 4588.859 ; gain = 0.000 ; free physical = 448924 ; free virtual = 847840
INFO: [Opt 31-389] Phase Retarget created 14 cells and removed 14 cells

Phase 2 Constant propagation
INFO: [Opt 31-138] Pushed 0 inverter(s) to 0 load pin(s).
Phase 2 Constant propagation | Checksum: 90bcdd9e

Time (s): cpu = 00:00:02 ; elapsed = 00:00:01 . Memory (MB): peak = 4588.859 ; gain = 0.000 ; free physical = 448907 ; free virtual = 847823
INFO: [Opt 31-389] Phase Constant propagation created 14 cells and removed 36 cells

Phase 3 Sweep
Phase 3 Sweep | Checksum: e375cc93

Time (s): cpu = 00:00:03 ; elapsed = 00:00:02 . Memory (MB): peak = 4588.859 ; gain = 0.000 ; free physical = 448877 ; free virtual = 847793
INFO: [Opt 31-389] Phase Sweep created 1 cells and removed 0 cells

Phase 4 Shift Register Optimization
INFO: [Opt 31-1064] SRL Remap converted 0 SRLs to 0 registers and converted 0 registers of register chains to 0 SRLs
Phase 4 Shift Register Optimization | Checksum: 7d254613

Time (s): cpu = 00:00:03 ; elapsed = 00:00:02 . Memory (MB): peak = 4588.859 ; gain = 0.000 ; free physical = 448858 ; free virtual = 847774
INFO: [Opt 31-389] Phase Shift Register Optimization created 0 cells and removed 0 cells

Phase 5 Post Processing Netlist
Phase 5 Post Processing Netlist | Checksum: 42144ed5

Time (s): cpu = 00:00:03 ; elapsed = 00:00:02 . Memory (MB): peak = 4588.859 ; gain = 0.000 ; free physical = 448858 ; free virtual = 847774
INFO: [Opt 31-389] Phase Post Processing Netlist created 0 cells and removed 0 cells
Opt_design Change Summary
=========================


-------------------------------------------------------------------------------------------------------------------------
|  Phase                        |  #Cells created  |  #Cells Removed  |  #Constrained objects preventing optimizations  |
-------------------------------------------------------------------------------------------------------------------------
|  Retarget                     |              14  |              14  |                                              0  |
|  Constant propagation         |              14  |              36  |                                              0  |
|  Sweep                        |               1  |               0  |                                              0  |
|  Shift Register Optimization  |               0  |               0  |                                              0  |
|  Post Processing Netlist      |               0  |               0  |                                              0  |
-------------------------------------------------------------------------------------------------------------------------


Ending Logic Optimization Task | Checksum: de222e56

Time (s): cpu = 00:00:03 ; elapsed = 00:00:03 . Memory (MB): peak = 4588.859 ; gain = 0.000 ; free physical = 448858 ; free virtual = 847774

Starting Power Optimization Task
INFO: [Pwropt 34-132] Skipping clock gating for clocks with a period < 2.00 ns.
Ending Power Optimization Task | Checksum: de222e56

Time (s): cpu = 00:00:00.02 ; elapsed = 00:00:00.03 . Memory (MB): peak = 4588.859 ; gain = 0.000 ; free physical = 448836 ; free virtual = 847752

Starting Final Cleanup Task
Ending Final Cleanup Task | Checksum: de222e56

Time (s): cpu = 00:00:00 ; elapsed = 00:00:00 . Memory (MB): peak = 4588.859 ; gain = 0.000 ; free physical = 448836 ; free virtual = 847752

Starting Netlist Obfuscation Task
Netlist sorting complete. Time (s): cpu = 00:00:00.01 ; elapsed = 00:00:00 . Memory (MB): peak = 4588.859 ; gain = 0.000 ; free physical = 448837 ; free virtual = 847753
Ending Netlist Obfuscation Task | Checksum: de222e56

Time (s): cpu = 00:00:00.01 ; elapsed = 00:00:00.01 . Memory (MB): peak = 4588.859 ; gain = 0.000 ; free physical = 448838 ; free virtual = 847754
INFO: [Common 17-83] Releasing license: Implementation
16 Infos, 0 Warnings, 0 Critical Warnings and 0 Errors encountered.
opt_design completed successfully
opt_design: Time (s): cpu = 00:00:13 ; elapsed = 00:00:09 . Memory (MB): peak = 4588.859 ; gain = 181.375 ; free physical = 448838 ; free virtual = 847754
# report_utilization -file vivado_synth.rpt -hierarchical -hierarchical_depth 1
INFO: [Common 17-206] Exiting Vivado at Fri Jul 11 00:36:19 2025...
