Copyright 1986-2022 Xilinx, Inc. All Rights Reserved. Copyright 2022-2023 Advanced Micro Devices, Inc. All Rights Reserved.
---------------------------------------------------------------------------------------------------------------------------------------------
| Tool Version : Vivado v.2023.1 (lin64) Build 3865809 Sun May  7 15:04:56 MDT 2023
| Date         : Mon Jul  7 06:09:18 2025
| Host         : coder-hftsoi-hls running 64-bit Ubuntu 20.04.6 LTS
| Command      : report_utilization -file vivado_synth.rpt -hierarchical -hierarchical_depth 1
| Design       : hls_dummy
| Device       : xcu250-figd2104-2L-e
| Speed File   : -2L
| Design State : Optimized
---------------------------------------------------------------------------------------------------------------------------------------------

Utilization Design Information

Table of Contents
-----------------
1. Utilization by Hierarchy

1. Utilization by Hierarchy
---------------------------

+----------------------------------------------------------------------+---------------------------------------------------------------------------+------------+------------+---------+------+-------+--------+--------+------+------------+
|                               Instance                               |                                   Module                                  | Total LUTs | Logic LUTs | LUTRAMs | SRLs |  FFs  | RAMB36 | RAMB18 | URAM | DSP Blocks |
+----------------------------------------------------------------------+---------------------------------------------------------------------------+------------+------------+---------+------+-------+--------+--------+------+------------+
| hls_dummy                                                            |                                                                     (top) |      40463 |      40463 |       0 |    0 | 18855 |      0 |      0 |    0 |          0 |
|   (hls_dummy)                                                        |                                                                     (top) |          0 |          0 |       0 |    0 |    30 |      0 |      0 |    0 |          0 |
|   Block_entry24_proc_U0                                              |                                              hls_dummy_Block_entry24_proc |          0 |          0 |       0 |    0 |   270 |      0 |      0 |    0 |          0 |
|   sparse_arr_feat_reduce_out_10_U                                    |                                                   hls_dummy_fifo_w10_d2_S |         14 |         14 |       0 |    0 |    22 |      0 |      0 |    0 |          0 |
|   sparse_arr_feat_reduce_out_11_U                                    |                                                 hls_dummy_fifo_w10_d2_S_0 |         13 |         13 |       0 |    0 |    22 |      0 |      0 |    0 |          0 |
|   sparse_arr_feat_reduce_out_12_U                                    |                                                 hls_dummy_fifo_w10_d2_S_1 |         14 |         14 |       0 |    0 |    22 |      0 |      0 |    0 |          0 |
|   sparse_arr_feat_reduce_out_13_U                                    |                                                 hls_dummy_fifo_w10_d2_S_2 |         14 |         14 |       0 |    0 |    22 |      0 |      0 |    0 |          0 |
|   sparse_arr_feat_reduce_out_14_U                                    |                                                 hls_dummy_fifo_w10_d2_S_3 |         13 |         13 |       0 |    0 |    22 |      0 |      0 |    0 |          0 |
|   sparse_arr_feat_reduce_out_15_U                                    |                                                 hls_dummy_fifo_w10_d2_S_4 |         13 |         13 |       0 |    0 |    22 |      0 |      0 |    0 |          0 |
|   sparse_arr_feat_reduce_out_16_U                                    |                                                 hls_dummy_fifo_w10_d2_S_5 |         15 |         15 |       0 |    0 |    22 |      0 |      0 |    0 |          0 |
|   sparse_arr_feat_reduce_out_17_U                                    |                                                 hls_dummy_fifo_w10_d2_S_6 |         16 |         16 |       0 |    0 |    22 |      0 |      0 |    0 |          0 |
|   sparse_arr_feat_reduce_out_18_U                                    |                                                 hls_dummy_fifo_w10_d2_S_7 |         14 |         14 |       0 |    0 |    22 |      0 |      0 |    0 |          0 |
|   sparse_arr_feat_reduce_out_19_U                                    |                                                 hls_dummy_fifo_w10_d2_S_8 |         13 |         13 |       0 |    0 |    22 |      0 |      0 |    0 |          0 |
|   sparse_arr_feat_reduce_out_1_U                                     |                                                 hls_dummy_fifo_w10_d2_S_9 |         15 |         15 |       0 |    0 |    22 |      0 |      0 |    0 |          0 |
|   sparse_arr_feat_reduce_out_20_U                                    |                                                hls_dummy_fifo_w10_d2_S_10 |         13 |         13 |       0 |    0 |    22 |      0 |      0 |    0 |          0 |
|   sparse_arr_feat_reduce_out_21_U                                    |                                                hls_dummy_fifo_w10_d2_S_11 |         14 |         14 |       0 |    0 |    22 |      0 |      0 |    0 |          0 |
|   sparse_arr_feat_reduce_out_22_U                                    |                                                hls_dummy_fifo_w10_d2_S_12 |         16 |         16 |       0 |    0 |    22 |      0 |      0 |    0 |          0 |
|   sparse_arr_feat_reduce_out_23_U                                    |                                                hls_dummy_fifo_w10_d2_S_13 |         13 |         13 |       0 |    0 |    22 |      0 |      0 |    0 |          0 |
|   sparse_arr_feat_reduce_out_24_U                                    |                                                hls_dummy_fifo_w10_d2_S_14 |         13 |         13 |       0 |    0 |    22 |      0 |      0 |    0 |          0 |
|   sparse_arr_feat_reduce_out_25_U                                    |                                                hls_dummy_fifo_w10_d2_S_15 |         14 |         14 |       0 |    0 |    22 |      0 |      0 |    0 |          0 |
|   sparse_arr_feat_reduce_out_26_U                                    |                                                hls_dummy_fifo_w10_d2_S_16 |         14 |         14 |       0 |    0 |    22 |      0 |      0 |    0 |          0 |
|   sparse_arr_feat_reduce_out_27_U                                    |                                                hls_dummy_fifo_w10_d2_S_17 |         14 |         14 |       0 |    0 |    22 |      0 |      0 |    0 |          0 |
|   sparse_arr_feat_reduce_out_28_U                                    |                                                hls_dummy_fifo_w10_d2_S_18 |         13 |         13 |       0 |    0 |    22 |      0 |      0 |    0 |          0 |
|   sparse_arr_feat_reduce_out_29_U                                    |                                                hls_dummy_fifo_w10_d2_S_19 |         13 |         13 |       0 |    0 |    22 |      0 |      0 |    0 |          0 |
|   sparse_arr_feat_reduce_out_2_U                                     |                                                hls_dummy_fifo_w10_d2_S_20 |         13 |         13 |       0 |    0 |    22 |      0 |      0 |    0 |          0 |
|   sparse_arr_feat_reduce_out_3_U                                     |                                                hls_dummy_fifo_w10_d2_S_21 |         13 |         13 |       0 |    0 |    22 |      0 |      0 |    0 |          0 |
|   sparse_arr_feat_reduce_out_4_U                                     |                                                hls_dummy_fifo_w10_d2_S_22 |         13 |         13 |       0 |    0 |    22 |      0 |      0 |    0 |          0 |
|   sparse_arr_feat_reduce_out_5_U                                     |                                                hls_dummy_fifo_w10_d2_S_23 |         21 |         21 |       0 |    0 |    22 |      0 |      0 |    0 |          0 |
|   sparse_arr_feat_reduce_out_6_U                                     |                                                hls_dummy_fifo_w10_d2_S_24 |         14 |         14 |       0 |    0 |    22 |      0 |      0 |    0 |          0 |
|   sparse_arr_feat_reduce_out_7_U                                     |                                                hls_dummy_fifo_w10_d2_S_25 |         13 |         13 |       0 |    0 |    22 |      0 |      0 |    0 |          0 |
|   sparse_arr_feat_reduce_out_8_U                                     |                                                hls_dummy_fifo_w10_d2_S_26 |         13 |         13 |       0 |    0 |    22 |      0 |      0 |    0 |          0 |
|   sparse_arr_feat_reduce_out_9_U                                     |                                                hls_dummy_fifo_w10_d2_S_27 |         14 |         14 |       0 |    0 |    22 |      0 |      0 |    0 |          0 |
|   sparse_arr_feat_reduce_out_U                                       |                                                hls_dummy_fifo_w10_d2_S_28 |         16 |         16 |       0 |    0 |    22 |      0 |      0 |    0 |          0 |
|   sparse_input_reduce_ap_fixed_10_2_5_3_0_ap_uint_10_50_30_1_30_4_U0 | hls_dummy_sparse_input_reduce_ap_fixed_10_2_5_3_0_ap_uint_10_50_30_1_30_4 |      40042 |      40042 |       0 |    0 | 17895 |      0 |      0 |    0 |          0 |
+----------------------------------------------------------------------+---------------------------------------------------------------------------+------------+------------+---------+------+-------+--------+--------+------+------------+


