Copyright 1986-2022 Xilinx, Inc. All Rights Reserved. Copyright 2022-2023 Advanced Micro Devices, Inc. All Rights Reserved.
---------------------------------------------------------------------------------------------------------------------------------------------
| Tool Version : Vivado v.2023.1 (lin64) Build 3865809 Sun May  7 15:04:56 MDT 2023
| Date         : Mon Sep  8 23:08:08 2025
| Host         : coder-hftsoi-hls1 running 64-bit Ubuntu 20.04.6 LTS
| Command      : report_utilization -file vivado_synth.rpt -hierarchical -hierarchical_depth 1
| Design       : hls_dummy
| Device       : xcu250-figd2104-2L-e
| Speed File   : -2L
| Design State : Optimized
---------------------------------------------------------------------------------------------------------------------------------------------

Utilization Design Information

Table of Contents
-----------------
1. Utilization by Hierarchy

1. Utilization by Hierarchy
---------------------------

+----------------------------------------------------------------------+-----------------------------------------------------------------------------+------------+------------+---------+------+------+--------+--------+------+------------+
|                               Instance                               |                                    Module                                   | Total LUTs | Logic LUTs | LUTRAMs | SRLs |  FFs | RAMB36 | RAMB18 | URAM | DSP Blocks |
+----------------------------------------------------------------------+-----------------------------------------------------------------------------+------------+------------+---------+------+------+--------+--------+------+------------+
| hls_dummy                                                            |                                                                       (top) |       8313 |       8313 |       0 |    0 | 3677 |      0 |      0 |    0 |        100 |
|   (hls_dummy)                                                        |                                                                       (top) |          0 |          0 |       0 |    0 |   30 |      0 |      0 |    0 |          0 |
|   Block_entry28_proc_U0                                              |                                                hls_dummy_Block_entry28_proc |          0 |          0 |       0 |    0 |   80 |      0 |      0 |    0 |          0 |
|   sparse_arr_feat_conv1_out_1_U                                      |                                                     hls_dummy_fifo_w16_d2_S |         24 |         24 |       0 |    0 |   36 |      0 |      0 |    0 |          0 |
|   sparse_arr_feat_conv1_out_2_U                                      |                                                   hls_dummy_fifo_w16_d2_S_0 |         24 |         24 |       0 |    0 |   36 |      0 |      0 |    0 |          0 |
|   sparse_arr_feat_conv1_out_3_U                                      |                                                   hls_dummy_fifo_w16_d2_S_1 |         23 |         23 |       0 |    0 |   36 |      0 |      0 |    0 |          0 |
|   sparse_arr_feat_conv1_out_4_U                                      |                                                   hls_dummy_fifo_w16_d2_S_2 |         24 |         24 |       0 |    0 |   36 |      0 |      0 |    0 |          0 |
|   sparse_arr_feat_conv1_out_5_U                                      |                                                   hls_dummy_fifo_w16_d2_S_3 |         24 |         24 |       0 |    0 |   36 |      0 |      0 |    0 |          0 |
|   sparse_arr_feat_conv1_out_6_U                                      |                                                   hls_dummy_fifo_w16_d2_S_4 |         24 |         24 |       0 |    0 |   36 |      0 |      0 |    0 |          0 |
|   sparse_arr_feat_conv1_out_7_U                                      |                                                   hls_dummy_fifo_w16_d2_S_5 |         23 |         23 |       0 |    0 |   36 |      0 |      0 |    0 |          0 |
|   sparse_arr_feat_conv1_out_8_U                                      |                                                   hls_dummy_fifo_w16_d2_S_6 |         25 |         25 |       0 |    0 |   36 |      0 |      0 |    0 |          0 |
|   sparse_arr_feat_conv1_out_9_U                                      |                                                   hls_dummy_fifo_w16_d2_S_7 |         23 |         23 |       0 |    0 |   36 |      0 |      0 |    0 |          0 |
|   sparse_arr_feat_conv1_out_U                                        |                                                   hls_dummy_fifo_w16_d2_S_8 |         26 |         26 |       0 |    0 |   36 |      0 |      0 |    0 |          0 |
|   sparse_arr_feat_conv2_out_1_U                                      |                                                   hls_dummy_fifo_w16_d2_S_9 |         35 |         35 |       0 |    0 |   36 |      0 |      0 |    0 |          0 |
|   sparse_arr_feat_conv2_out_2_U                                      |                                                  hls_dummy_fifo_w16_d2_S_10 |         35 |         35 |       0 |    0 |   36 |      0 |      0 |    0 |          0 |
|   sparse_arr_feat_conv2_out_3_U                                      |                                                  hls_dummy_fifo_w16_d2_S_11 |         40 |         40 |       0 |    0 |   36 |      0 |      0 |    0 |          0 |
|   sparse_arr_feat_conv2_out_4_U                                      |                                                  hls_dummy_fifo_w16_d2_S_12 |         35 |         35 |       0 |    0 |   36 |      0 |      0 |    0 |          0 |
|   sparse_arr_feat_conv2_out_U                                        |                                                  hls_dummy_fifo_w16_d2_S_13 |         35 |         35 |       0 |    0 |   36 |      0 |      0 |    0 |          0 |
|   sparse_arr_feat_reduce_out_1_U                                     |                                                  hls_dummy_fifo_w16_d2_S_14 |         20 |         20 |       0 |    0 |   34 |      0 |      0 |    0 |          0 |
|   sparse_arr_feat_reduce_out_2_U                                     |                                                  hls_dummy_fifo_w16_d2_S_15 |         19 |         19 |       0 |    0 |   34 |      0 |      0 |    0 |          0 |
|   sparse_arr_feat_reduce_out_3_U                                     |                                                  hls_dummy_fifo_w16_d2_S_16 |         19 |         19 |       0 |    0 |   34 |      0 |      0 |    0 |          0 |
|   sparse_arr_feat_reduce_out_4_U                                     |                                                  hls_dummy_fifo_w16_d2_S_17 |         19 |         19 |       0 |    0 |   34 |      0 |      0 |    0 |          0 |
|   sparse_arr_feat_reduce_out_U                                       |                                                  hls_dummy_fifo_w16_d2_S_18 |         19 |         19 |       0 |    0 |   34 |      0 |      0 |    0 |          0 |
|   sparse_arr_hash_reduce_out_1_c13_channel_U                         |                                                      hls_dummy_fifo_w4_d2_S |         75 |         75 |       0 |    0 |   12 |      0 |      0 |    0 |          0 |
|   sparse_arr_hash_reduce_out_1_c_U                                   |                                                   hls_dummy_fifo_w4_d2_S_19 |         10 |         10 |       0 |    0 |   12 |      0 |      0 |    0 |          0 |
|   sparse_arr_hash_reduce_out_2_c14_channel_U                         |                                                   hls_dummy_fifo_w4_d2_S_20 |         51 |         51 |       0 |    0 |   12 |      0 |      0 |    0 |          0 |
|   sparse_arr_hash_reduce_out_2_c_U                                   |                                                   hls_dummy_fifo_w4_d2_S_21 |         11 |         11 |       0 |    0 |   12 |      0 |      0 |    0 |          0 |
|   sparse_arr_hash_reduce_out_3_c15_channel_U                         |                                                   hls_dummy_fifo_w4_d2_S_22 |        111 |        111 |       0 |    0 |   12 |      0 |      0 |    0 |          0 |
|   sparse_arr_hash_reduce_out_3_c_U                                   |                                                   hls_dummy_fifo_w4_d2_S_23 |         12 |         12 |       0 |    0 |   12 |      0 |      0 |    0 |          0 |
|   sparse_arr_hash_reduce_out_4_c16_channel_U                         |                                                   hls_dummy_fifo_w4_d2_S_24 |         73 |         73 |       0 |    0 |   12 |      0 |      0 |    0 |          0 |
|   sparse_arr_hash_reduce_out_4_c_U                                   |                                                   hls_dummy_fifo_w4_d2_S_25 |         11 |         11 |       0 |    0 |   12 |      0 |      0 |    0 |          0 |
|   sparse_arr_hash_reduce_out_5_c17_channel_U                         |                                                   hls_dummy_fifo_w4_d2_S_26 |         52 |         52 |       0 |    0 |   12 |      0 |      0 |    0 |          0 |
|   sparse_arr_hash_reduce_out_5_c_U                                   |                                                   hls_dummy_fifo_w4_d2_S_27 |         10 |         10 |       0 |    0 |   12 |      0 |      0 |    0 |          0 |
|   sparse_arr_hash_reduce_out_6_c18_channel_U                         |                                                   hls_dummy_fifo_w4_d2_S_28 |         40 |         40 |       0 |    0 |   12 |      0 |      0 |    0 |          0 |
|   sparse_arr_hash_reduce_out_6_c_U                                   |                                                   hls_dummy_fifo_w4_d2_S_29 |         10 |         10 |       0 |    0 |   12 |      0 |      0 |    0 |          0 |
|   sparse_arr_hash_reduce_out_7_c19_channel_U                         |                                                   hls_dummy_fifo_w4_d2_S_30 |        169 |        169 |       0 |    0 |   12 |      0 |      0 |    0 |          0 |
|   sparse_arr_hash_reduce_out_7_c_U                                   |                                                   hls_dummy_fifo_w4_d2_S_31 |         10 |         10 |       0 |    0 |   12 |      0 |      0 |    0 |          0 |
|   sparse_arr_hash_reduce_out_8_c20_channel_U                         |                                                   hls_dummy_fifo_w4_d2_S_32 |         45 |         45 |       0 |    0 |   12 |      0 |      0 |    0 |          0 |
|   sparse_arr_hash_reduce_out_8_c_U                                   |                                                   hls_dummy_fifo_w4_d2_S_33 |         10 |         10 |       0 |    0 |   12 |      0 |      0 |    0 |          0 |
|   sparse_arr_hash_reduce_out_9_c21_channel_U                         |                                                   hls_dummy_fifo_w4_d2_S_34 |         24 |         24 |       0 |    0 |   12 |      0 |      0 |    0 |          0 |
|   sparse_arr_hash_reduce_out_9_c_U                                   |                                                   hls_dummy_fifo_w4_d2_S_35 |         10 |         10 |       0 |    0 |   12 |      0 |      0 |    0 |          0 |
|   sparse_arr_hash_reduce_out_c12_channel_U                           |                                                   hls_dummy_fifo_w4_d2_S_36 |         79 |         79 |       0 |    0 |   12 |      0 |      0 |    0 |          0 |
|   sparse_arr_hash_reduce_out_c_U                                     |                                                   hls_dummy_fifo_w4_d2_S_37 |         10 |         10 |       0 |    0 |   12 |      0 |      0 |    0 |          0 |
|   sparse_conv_ap_fixed_ap_fixed_ap_uint_ap_fixed_ap_fixed_5_1_2_3_U0 | hls_dummy_sparse_conv_ap_fixed_ap_fixed_ap_uint_ap_fixed_ap_fixed_5_1_2_3_s |        830 |        830 |       0 |    0 |  180 |      0 |      0 |    0 |         50 |
|   sparse_conv_ap_fixed_ap_fixed_ap_uint_ap_fixed_ap_fixed_5_2_1_3_U0 | hls_dummy_sparse_conv_ap_fixed_ap_fixed_ap_uint_ap_fixed_ap_fixed_5_2_1_3_s |        998 |        998 |       0 |    0 |  208 |      0 |      0 |    0 |         50 |
|   sparse_input_reduce_ap_fixed_16_6_5_3_0_ap_uint_10_10_10_1_5_4_U0  |    hls_dummy_sparse_input_reduce_ap_fixed_16_6_5_3_0_ap_uint_10_10_10_1_5_4 |       5146 |       5146 |       0 |    0 | 2229 |      0 |      0 |    0 |          0 |
+----------------------------------------------------------------------+-----------------------------------------------------------------------------+------------+------------+---------+------+------+--------+--------+------+------------+


