#-----------------------------------------------------------
# Vivado v2023.1 (64-bit)
# SW Build 3865809 on Sun May  7 15:04:56 MDT 2023
# IP Build 3864474 on Sun May  7 20:36:21 MDT 2023
# SharedData Build 3865790 on Sun May 07 13:33:03 MDT 2023
# Start of session at: Sat Jul 19 07:37:44 2025
# Process ID: 58832
# Current directory: /home/coder/sparse-pixels/hls_proj/scaling/8b/reduction/reduction-in1500/reduction-in1500-out5
# Command line: vivado -mode batch -source vivado_synth.tcl
# Log file: /home/coder/sparse-pixels/hls_proj/scaling/8b/reduction/reduction-in1500/reduction-in1500-out5/vivado.log
# Journal file: /home/coder/sparse-pixels/hls_proj/scaling/8b/reduction/reduction-in1500/reduction-in1500-out5/vivado.jou
# Running On: coder-hftsoi-hls4, OS: Linux, CPU Frequency: 3061.938 MHz, CPU Physical cores: 24, Host memory: 540863 MB
#-----------------------------------------------------------
source vivado_synth.tcl
# set tcldir [file dirname [info script]]
# source [file join $tcldir project.tcl]
## variable project_name
## set project_name "hls_dummy"
## variable backend
## set backend "vitis"
## variable part
## set part "xcu250-figd2104-2L-e"
## variable clock_period
## set clock_period 5
## variable clock_uncertainty
## set clock_uncertainty 27%
## variable version
## set version "1.0.0"
## variable maximum_size
## set maximum_size 4096
# add_files ${project_name}_prj/solution1/syn/verilog
add_files: Time (s): cpu = 00:00:08 ; elapsed = 00:00:08 . Memory (MB): peak = 2408.020 ; gain = 114.992 ; free physical = 256967 ; free virtual = 384826
# synth_design -top ${project_name} -part $part
Command: synth_design -top hls_dummy -part xcu250-figd2104-2L-e
Starting synth_design
Attempting to get a license for feature 'Synthesis' and/or device 'xcu250'
INFO: [Common 17-349] Got license for feature 'Synthesis' and/or device 'xcu250'
INFO: [Synth 8-7079] Multithreading enabled for synth_design using a maximum of 4 processes.
INFO: [Synth 8-7078] Launching helper process for spawning children vivado processes
INFO: [Synth 8-7075] Helper process launched with PID 58844
---------------------------------------------------------------------------------
Starting Synthesize : Time (s): cpu = 00:00:04 ; elapsed = 00:00:04 . Memory (MB): peak = 2824.508 ; gain = 392.586 ; free physical = 245818 ; free virtual = 373677
---------------------------------------------------------------------------------
INFO: [Synth 8-6157] synthesizing module 'hls_dummy' [/home/coder/sparse-pixels/hls_proj/scaling/8b/reduction/reduction-in1500/reduction-in1500-out5/hls_dummy_prj/solution1/syn/verilog/hls_dummy.v:9]
INFO: [Synth 8-6157] synthesizing module 'hls_dummy_sparse_input_reduce_ap_fixed_8_2_5_3_0_ap_uint_10_50_30_1_5_4' [/home/coder/sparse-pixels/hls_proj/scaling/8b/reduction/reduction-in1500/reduction-in1500-out5/hls_dummy_prj/solution1/syn/verilog/hls_dummy_sparse_input_reduce_ap_fixed_8_2_5_3_0_ap_uint_10_50_30_1_5_4.v:9]
INFO: [Synth 8-6157] synthesizing module 'hls_dummy_operator_s' [/home/coder/sparse-pixels/hls_proj/scaling/8b/reduction/reduction-in1500/reduction-in1500-out5/hls_dummy_prj/solution1/syn/verilog/hls_dummy_operator_s.v:9]
INFO: [Synth 8-6155] done synthesizing module 'hls_dummy_operator_s' (0#1) [/home/coder/sparse-pixels/hls_proj/scaling/8b/reduction/reduction-in1500/reduction-in1500-out5/hls_dummy_prj/solution1/syn/verilog/hls_dummy_operator_s.v:9]
INFO: [Synth 8-6155] done synthesizing module 'hls_dummy_sparse_input_reduce_ap_fixed_8_2_5_3_0_ap_uint_10_50_30_1_5_4' (0#1) [/home/coder/sparse-pixels/hls_proj/scaling/8b/reduction/reduction-in1500/reduction-in1500-out5/hls_dummy_prj/solution1/syn/verilog/hls_dummy_sparse_input_reduce_ap_fixed_8_2_5_3_0_ap_uint_10_50_30_1_5_4.v:9]
INFO: [Synth 8-6157] synthesizing module 'hls_dummy_Block_entry24_proc' [/home/coder/sparse-pixels/hls_proj/scaling/8b/reduction/reduction-in1500/reduction-in1500-out5/hls_dummy_prj/solution1/syn/verilog/hls_dummy_Block_entry24_proc.v:9]
INFO: [Synth 8-6155] done synthesizing module 'hls_dummy_Block_entry24_proc' (0#1) [/home/coder/sparse-pixels/hls_proj/scaling/8b/reduction/reduction-in1500/reduction-in1500-out5/hls_dummy_prj/solution1/syn/verilog/hls_dummy_Block_entry24_proc.v:9]
INFO: [Synth 8-6157] synthesizing module 'hls_dummy_fifo_w8_d2_S' [/home/coder/sparse-pixels/hls_proj/scaling/8b/reduction/reduction-in1500/reduction-in1500-out5/hls_dummy_prj/solution1/syn/verilog/hls_dummy_fifo_w8_d2_S.v:11]
INFO: [Synth 8-6157] synthesizing module 'hls_dummy_fifo_w8_d2_S_ShiftReg' [/home/coder/sparse-pixels/hls_proj/scaling/8b/reduction/reduction-in1500/reduction-in1500-out5/hls_dummy_prj/solution1/syn/verilog/hls_dummy_fifo_w8_d2_S.v:120]
	Parameter DATA_WIDTH bound to: 8 - type: integer 
	Parameter ADDR_WIDTH bound to: 1 - type: integer 
	Parameter DEPTH bound to: 2 - type: integer 
INFO: [Synth 8-6155] done synthesizing module 'hls_dummy_fifo_w8_d2_S_ShiftReg' (0#1) [/home/coder/sparse-pixels/hls_proj/scaling/8b/reduction/reduction-in1500/reduction-in1500-out5/hls_dummy_prj/solution1/syn/verilog/hls_dummy_fifo_w8_d2_S.v:120]
INFO: [Synth 8-6155] done synthesizing module 'hls_dummy_fifo_w8_d2_S' (0#1) [/home/coder/sparse-pixels/hls_proj/scaling/8b/reduction/reduction-in1500/reduction-in1500-out5/hls_dummy_prj/solution1/syn/verilog/hls_dummy_fifo_w8_d2_S.v:11]
INFO: [Synth 8-6155] done synthesizing module 'hls_dummy' (0#1) [/home/coder/sparse-pixels/hls_proj/scaling/8b/reduction/reduction-in1500/reduction-in1500-out5/hls_dummy_prj/solution1/syn/verilog/hls_dummy.v:9]
WARNING: [Synth 8-7129] Port reset in module hls_dummy_fifo_w8_d2_S_ShiftReg is either unconnected or has no load
---------------------------------------------------------------------------------
Finished Synthesize : Time (s): cpu = 00:00:15 ; elapsed = 00:00:16 . Memory (MB): peak = 3420.805 ; gain = 988.883 ; free physical = 251298 ; free virtual = 379164
---------------------------------------------------------------------------------
---------------------------------------------------------------------------------
Finished Constraint Validation : Time (s): cpu = 00:00:17 ; elapsed = 00:00:21 . Memory (MB): peak = 3420.805 ; gain = 988.883 ; free physical = 255744 ; free virtual = 383610
---------------------------------------------------------------------------------
---------------------------------------------------------------------------------
Start Loading Part and Timing Information
---------------------------------------------------------------------------------
Loading part: xcu250-figd2104-2L-e
INFO: [Synth 8-6742] Reading net delay rules and data
---------------------------------------------------------------------------------
INFO: [Device 21-403] Loading part xcu250-figd2104-2L-e
Finished Loading Part and Timing Information : Time (s): cpu = 00:00:18 ; elapsed = 00:00:21 . Memory (MB): peak = 3428.809 ; gain = 996.887 ; free physical = 255748 ; free virtual = 383614
---------------------------------------------------------------------------------
INFO: [Synth 8-4490] FSM extraction disabled for register 'ap_CS_fsm_reg' through user attribute
INFO: [Synth 8-4490] FSM extraction disabled for register 'ap_CS_fsm_reg' through user attribute
---------------------------------------------------------------------------------
Finished RTL Optimization Phase 2 : Time (s): cpu = 00:00:38 ; elapsed = 00:00:33 . Memory (MB): peak = 4030.832 ; gain = 1598.910 ; free physical = 254986 ; free virtual = 382860
---------------------------------------------------------------------------------
No constraint files found.
---------------------------------------------------------------------------------
Start RTL Component Statistics 
---------------------------------------------------------------------------------
Detailed RTL Component Info : 
+---Adders : 
	   2 Input    3 Bit       Adders := 1     
	   2 Input    2 Bit       Adders := 10    
+---XORs : 
	   2 Input      1 Bit         XORs := 10    
+---Registers : 
	               12 Bit    Registers := 190   
	                8 Bit    Registers := 1710  
	                5 Bit    Registers := 1     
	                3 Bit    Registers := 2     
	                2 Bit    Registers := 5     
	                1 Bit    Registers := 21    
+---Muxes : 
	   2 Input   12 Bit        Muxes := 2820  
	   2 Input   11 Bit        Muxes := 2     
	   2 Input    8 Bit        Muxes := 1713  
	   2 Input    7 Bit        Muxes := 2624  
	   2 Input    5 Bit        Muxes := 2     
	   6 Input    5 Bit        Muxes := 1     
	   2 Input    2 Bit        Muxes := 6     
	   2 Input    1 Bit        Muxes := 32    
---------------------------------------------------------------------------------
Finished RTL Component Statistics 
---------------------------------------------------------------------------------
---------------------------------------------------------------------------------
Start Part Resource Summary
---------------------------------------------------------------------------------
Part Resources:
DSPs: 12288 (col length:96)
BRAMs: 5376 (col length: RAMB18 384 RAMB36 192)
---------------------------------------------------------------------------------
Finished Part Resource Summary
---------------------------------------------------------------------------------
No constraint files found.
---------------------------------------------------------------------------------
Start Cross Boundary and Area Optimization
---------------------------------------------------------------------------------
INFO: [Synth 8-3886] merging instance 'agg_tmp_i71_i_i_i539_i539_i_i_i_reg_89960_reg[7]' (FDE) to 'agg_tmp3_i73_i73_i_i74_i_i_i_reg_91290_reg[7]'
INFO: [Synth 8-3886] merging instance 'agg_tmp_i71_i71_i_i72_i_i_i_1_reg_91285_reg[3]' (FDE) to 'agg_tmp3_i73_i73_i_i74_i_i_i_reg_91290_reg[7]'
INFO: [Synth 8-3886] merging instance 'agg_tmp3_i73_i73_i_i74_i_i_i_1_reg_91295_reg[3]' (FDE) to 'agg_tmp3_i73_i73_i_i74_i_i_i_1_reg_91295_reg[4]'
INFO: [Synth 8-3886] merging instance 'agg_tmp_i71_i71_i_i72_i_i_i_1_reg_91285_reg[4]' (FDE) to 'agg_tmp_i71_i71_i_i72_i_i_i_1_reg_91285_reg[5]'
INFO: [Synth 8-3886] merging instance 'agg_tmp3_i73_i73_i_i74_i_i_i_1_reg_91295_reg[4]' (FDE) to 'agg_tmp3_i73_i73_i_i74_i_i_i_1_reg_91295_reg[5]'
INFO: [Synth 8-3886] merging instance 'agg_tmp_i71_i71_i_i72_i_i_i_1_reg_91285_reg[5]' (FDE) to 'agg_tmp_i71_i71_i_i72_i_i_i_1_reg_91285_reg[7]'
INFO: [Synth 8-3886] merging instance 'agg_tmp3_i73_i73_i_i74_i_i_i_1_reg_91295_reg[5]' (FDE) to 'agg_tmp3_i73_i73_i_i74_i_i_i_1_reg_91295_reg[7]'
INFO: [Synth 8-3886] merging instance 'agg_tmp_i71_i71_i_i72_i_i_i_1_reg_91285_reg[6]' (FDE) to 'agg_tmp3_i73_i73_i_i74_i_i_i_reg_91290_reg[7]'
INFO: [Synth 8-3886] merging instance 'agg_tmp3_i73_i73_i_i74_i_i_i_1_reg_91295_reg[6]' (FDE) to 'agg_tmp3_i73_i73_i_i74_i_i_i_reg_91290_reg[7]'
INFO: [Synth 8-3886] merging instance 'agg_tmp_i71_i71_i_i72_i_i_i_1_reg_91285_reg[7]' (FDE) to 'agg_tmp_i71_i71_i_i72_i_i_i_1_reg_91285_reg[8]'
INFO: [Synth 8-3886] merging instance 'agg_tmp3_i73_i73_i_i74_i_i_i_1_reg_91295_reg[7]' (FDE) to 'agg_tmp3_i73_i73_i_i74_i_i_i_1_reg_91295_reg[8]'
INFO: [Synth 8-3886] merging instance 'agg_tmp_i71_i71_i_i72_i_i_i_1_reg_91285_reg[8]' (FDE) to 'agg_tmp_i71_i71_i_i72_i_i_i_1_reg_91285_reg[10]'
INFO: [Synth 8-3886] merging instance 'agg_tmp3_i73_i73_i_i74_i_i_i_1_reg_91295_reg[8]' (FDE) to 'agg_tmp3_i73_i73_i_i74_i_i_i_1_reg_91295_reg[10]'
INFO: [Synth 8-3886] merging instance 'agg_tmp_i71_i71_i_i72_i_i_i_1_reg_91285_reg[9]' (FDE) to 'agg_tmp3_i73_i73_i_i74_i_i_i_reg_91290_reg[7]'
INFO: [Synth 8-3886] merging instance 'agg_tmp3_i73_i73_i_i74_i_i_i_1_reg_91295_reg[9]' (FDE) to 'agg_tmp3_i73_i73_i_i74_i_i_i_reg_91290_reg[7]'
INFO: [Synth 8-3886] merging instance 'agg_tmp_i71_i71_i_i72_i_i_i_1_reg_91285_reg[11]' (FDE) to 'agg_tmp3_i73_i73_i_i74_i_i_i_reg_91290_reg[7]'
INFO: [Synth 8-3886] merging instance 'agg_tmp3_i73_i73_i_i74_i_i_i_1_reg_91295_reg[11]' (FDE) to 'agg_tmp3_i73_i73_i_i74_i_i_i_reg_91290_reg[7]'
INFO: [Synth 8-3886] merging instance 'agg_tmp3_i73_i73_i_i74_i_i_i_reg_91290_reg[7]' (FDE) to 'agg_tmp_i71_i71_i_i72_i_i_i_reg_91280_reg[7]'
INFO: [Synth 8-3886] merging instance 'agg_tmp_i71_i71_i_i72_i_i_i_reg_91280_reg[7]' (FDE) to 'agg_tmp3_i73_i73_i73_i_i74_i_i_reg_91210_reg[7]'
INFO: [Synth 8-3886] merging instance 'agg_tmp_i_i_i299_i_i300_i_i_1_reg_91145_reg[3]' (FDE) to 'agg_tmp3_i73_i73_i73_i_i74_i_i_reg_91210_reg[7]'
INFO: [Synth 8-3886] merging instance 'agg_tmp3_i_i_i301_i_i302_i_i_1_reg_91155_reg[3]' (FDE) to 'agg_tmp3_i_i_i301_i_i302_i_i_1_reg_91155_reg[6]'
INFO: [Synth 8-3886] merging instance 'agg_tmp_i_i145_i145_i_i146_i_i_1_reg_91185_reg[3]' (FDE) to 'agg_tmp3_i73_i73_i73_i_i74_i_i_reg_91210_reg[7]'
INFO: [Synth 8-3886] merging instance 'agg_tmp3_i_i147_i147_i_i148_i_i_1_reg_91195_reg[3]' (FDE) to 'agg_tmp3_i_i147_i147_i_i148_i_i_1_reg_91195_reg[5]'
INFO: [Synth 8-3886] merging instance 'agg_tmp_i71_i71_i71_i_i72_i_i_1_reg_91205_reg[3]' (FDE) to 'agg_tmp3_i73_i73_i73_i_i74_i_i_reg_91210_reg[7]'
INFO: [Synth 8-3886] merging instance 'agg_tmp3_i73_i73_i73_i_i74_i_i_1_reg_91215_reg[3]' (FDE) to 'agg_tmp3_i73_i73_i73_i_i74_i_i_1_reg_91215_reg[4]'
INFO: [Synth 8-3886] merging instance 'agg_tmp_i_i_i299_i_i300_i_i_1_reg_91145_reg[4]' (FDE) to 'agg_tmp3_i73_i73_i73_i_i74_i_i_reg_91210_reg[7]'
INFO: [Synth 8-3886] merging instance 'agg_tmp3_i_i_i301_i_i302_i_i_1_reg_91155_reg[4]' (FDE) to 'agg_tmp3_i73_i73_i73_i_i74_i_i_reg_91210_reg[7]'
INFO: [Synth 8-3886] merging instance 'agg_tmp_i_i145_i145_i_i146_i_i_1_reg_91185_reg[4]' (FDE) to 'agg_tmp3_i73_i73_i73_i_i74_i_i_reg_91210_reg[7]'
INFO: [Synth 8-3886] merging instance 'agg_tmp3_i_i147_i147_i_i148_i_i_1_reg_91195_reg[4]' (FDE) to 'agg_tmp3_i73_i73_i73_i_i74_i_i_reg_91210_reg[7]'
INFO: [Synth 8-3886] merging instance 'agg_tmp_i71_i71_i71_i_i72_i_i_1_reg_91205_reg[4]' (FDE) to 'agg_tmp_i71_i71_i71_i_i72_i_i_1_reg_91205_reg[5]'
INFO: [Synth 8-3886] merging instance 'agg_tmp3_i73_i73_i73_i_i74_i_i_1_reg_91215_reg[4]' (FDE) to 'agg_tmp3_i73_i73_i73_i_i74_i_i_1_reg_91215_reg[5]'
INFO: [Synth 8-3886] merging instance 'agg_tmp_i_i_i299_i_i300_i_i_1_reg_91145_reg[5]' (FDE) to 'agg_tmp3_i73_i73_i73_i_i74_i_i_reg_91210_reg[7]'
INFO: [Synth 8-3886] merging instance 'agg_tmp3_i_i_i301_i_i302_i_i_1_reg_91155_reg[5]' (FDE) to 'agg_tmp3_i73_i73_i73_i_i74_i_i_reg_91210_reg[7]'
INFO: [Synth 8-3886] merging instance 'agg_tmp_i_i145_i145_i_i146_i_i_1_reg_91185_reg[5]' (FDE) to 'agg_tmp_i_i145_i145_i_i146_i_i_1_reg_91185_reg[6]'
INFO: [Synth 8-3886] merging instance 'agg_tmp3_i_i147_i147_i_i148_i_i_1_reg_91195_reg[5]' (FDE) to 'agg_tmp3_i_i147_i147_i_i148_i_i_1_reg_91195_reg[6]'
INFO: [Synth 8-3886] merging instance 'agg_tmp_i71_i71_i71_i_i72_i_i_1_reg_91205_reg[5]' (FDE) to 'agg_tmp_i71_i71_i71_i_i72_i_i_1_reg_91205_reg[6]'
INFO: [Synth 8-3886] merging instance 'agg_tmp3_i73_i73_i73_i_i74_i_i_1_reg_91215_reg[5]' (FDE) to 'agg_tmp3_i73_i73_i73_i_i74_i_i_1_reg_91215_reg[6]'
INFO: [Synth 8-3886] merging instance 'agg_tmp_i_i_i299_i_i300_i_i_1_reg_91145_reg[6]' (FDE) to 'agg_tmp_i_i_i299_i_i300_i_i_1_reg_91145_reg[8]'
INFO: [Synth 8-3886] merging instance 'agg_tmp3_i_i_i301_i_i302_i_i_1_reg_91155_reg[6]' (FDE) to 'agg_tmp3_i_i_i301_i_i302_i_i_1_reg_91155_reg[8]'
INFO: [Synth 8-3886] merging instance 'agg_tmp_i_i145_i145_i_i146_i_i_1_reg_91185_reg[6]' (FDE) to 'agg_tmp_i_i145_i145_i_i146_i_i_1_reg_91185_reg[8]'
INFO: [Synth 8-3886] merging instance 'agg_tmp3_i_i147_i147_i_i148_i_i_1_reg_91195_reg[6]' (FDE) to 'agg_tmp3_i_i147_i147_i_i148_i_i_1_reg_91195_reg[8]'
INFO: [Synth 8-3886] merging instance 'agg_tmp_i71_i71_i71_i_i72_i_i_1_reg_91205_reg[6]' (FDE) to 'agg_tmp_i71_i71_i71_i_i72_i_i_1_reg_91205_reg[8]'
INFO: [Synth 8-3886] merging instance 'agg_tmp3_i73_i73_i73_i_i74_i_i_1_reg_91215_reg[6]' (FDE) to 'agg_tmp3_i73_i73_i73_i_i74_i_i_1_reg_91215_reg[8]'
INFO: [Synth 8-3886] merging instance 'agg_tmp_i_i_i299_i_i300_i_i_1_reg_91145_reg[7]' (FDE) to 'agg_tmp3_i73_i73_i73_i_i74_i_i_reg_91210_reg[7]'
INFO: [Synth 8-3886] merging instance 'agg_tmp3_i_i_i301_i_i302_i_i_1_reg_91155_reg[7]' (FDE) to 'agg_tmp3_i73_i73_i73_i_i74_i_i_reg_91210_reg[7]'
INFO: [Synth 8-3886] merging instance 'agg_tmp_i_i145_i145_i_i146_i_i_1_reg_91185_reg[7]' (FDE) to 'agg_tmp3_i73_i73_i73_i_i74_i_i_reg_91210_reg[7]'
INFO: [Synth 8-3886] merging instance 'agg_tmp3_i_i147_i147_i_i148_i_i_1_reg_91195_reg[7]' (FDE) to 'agg_tmp3_i73_i73_i73_i_i74_i_i_reg_91210_reg[7]'
INFO: [Synth 8-3886] merging instance 'agg_tmp_i71_i71_i71_i_i72_i_i_1_reg_91205_reg[7]' (FDE) to 'agg_tmp3_i73_i73_i73_i_i74_i_i_reg_91210_reg[7]'
INFO: [Synth 8-3886] merging instance 'agg_tmp3_i73_i73_i73_i_i74_i_i_1_reg_91215_reg[7]' (FDE) to 'agg_tmp3_i73_i73_i73_i_i74_i_i_reg_91210_reg[7]'
INFO: [Synth 8-3886] merging instance 'agg_tmp_i_i_i299_i_i300_i_i_1_reg_91145_reg[8]' (FDE) to 'agg_tmp_i_i_i299_i_i300_i_i_1_reg_91145_reg[10]'
INFO: [Synth 8-3886] merging instance 'agg_tmp3_i_i_i301_i_i302_i_i_1_reg_91155_reg[8]' (FDE) to 'agg_tmp3_i_i_i301_i_i302_i_i_1_reg_91155_reg[10]'
INFO: [Synth 8-3886] merging instance 'agg_tmp_i_i145_i145_i_i146_i_i_1_reg_91185_reg[8]' (FDE) to 'agg_tmp_i_i145_i145_i_i146_i_i_1_reg_91185_reg[10]'
INFO: [Synth 8-3886] merging instance 'agg_tmp3_i_i147_i147_i_i148_i_i_1_reg_91195_reg[8]' (FDE) to 'agg_tmp3_i_i147_i147_i_i148_i_i_1_reg_91195_reg[10]'
INFO: [Synth 8-3886] merging instance 'agg_tmp_i71_i71_i71_i_i72_i_i_1_reg_91205_reg[8]' (FDE) to 'agg_tmp_i71_i71_i71_i_i72_i_i_1_reg_91205_reg[10]'
INFO: [Synth 8-3886] merging instance 'agg_tmp3_i73_i73_i73_i_i74_i_i_1_reg_91215_reg[8]' (FDE) to 'agg_tmp3_i73_i73_i73_i_i74_i_i_1_reg_91215_reg[10]'
INFO: [Synth 8-3886] merging instance 'agg_tmp_i_i_i299_i_i300_i_i_1_reg_91145_reg[9]' (FDE) to 'agg_tmp3_i73_i73_i73_i_i74_i_i_reg_91210_reg[7]'
INFO: [Synth 8-3886] merging instance 'agg_tmp3_i_i_i301_i_i302_i_i_1_reg_91155_reg[9]' (FDE) to 'agg_tmp3_i73_i73_i73_i_i74_i_i_reg_91210_reg[7]'
INFO: [Synth 8-3886] merging instance 'agg_tmp_i_i145_i145_i_i146_i_i_1_reg_91185_reg[9]' (FDE) to 'agg_tmp3_i73_i73_i73_i_i74_i_i_reg_91210_reg[7]'
INFO: [Synth 8-3886] merging instance 'agg_tmp3_i_i147_i147_i_i148_i_i_1_reg_91195_reg[9]' (FDE) to 'agg_tmp3_i73_i73_i73_i_i74_i_i_reg_91210_reg[7]'
INFO: [Synth 8-3886] merging instance 'agg_tmp_i71_i71_i71_i_i72_i_i_1_reg_91205_reg[9]' (FDE) to 'agg_tmp3_i73_i73_i73_i_i74_i_i_reg_91210_reg[7]'
INFO: [Synth 8-3886] merging instance 'agg_tmp3_i73_i73_i73_i_i74_i_i_1_reg_91215_reg[9]' (FDE) to 'agg_tmp3_i73_i73_i73_i_i74_i_i_reg_91210_reg[7]'
INFO: [Synth 8-3886] merging instance 'agg_tmp_i_i_i299_i_i300_i_i_1_reg_91145_reg[11]' (FDE) to 'agg_tmp3_i73_i73_i73_i_i74_i_i_reg_91210_reg[7]'
INFO: [Synth 8-3886] merging instance 'agg_tmp3_i_i_i301_i_i302_i_i_1_reg_91155_reg[11]' (FDE) to 'agg_tmp3_i73_i73_i73_i_i74_i_i_reg_91210_reg[7]'
INFO: [Synth 8-3886] merging instance 'agg_tmp_i_i145_i145_i_i146_i_i_1_reg_91185_reg[11]' (FDE) to 'agg_tmp3_i73_i73_i73_i_i74_i_i_reg_91210_reg[7]'
INFO: [Synth 8-3886] merging instance 'agg_tmp3_i_i147_i147_i_i148_i_i_1_reg_91195_reg[11]' (FDE) to 'agg_tmp3_i73_i73_i73_i_i74_i_i_reg_91210_reg[7]'
INFO: [Synth 8-3886] merging instance 'agg_tmp_i71_i71_i71_i_i72_i_i_1_reg_91205_reg[11]' (FDE) to 'agg_tmp3_i73_i73_i73_i_i74_i_i_reg_91210_reg[7]'
INFO: [Synth 8-3886] merging instance 'agg_tmp3_i73_i73_i73_i_i74_i_i_1_reg_91215_reg[11]' (FDE) to 'agg_tmp3_i73_i73_i73_i_i74_i_i_reg_91210_reg[7]'
INFO: [Synth 8-3886] merging instance 'agg_tmp3_i73_i73_i73_i_i74_i_i_reg_91210_reg[7]' (FDE) to 'agg_tmp_i71_i71_i71_i_i72_i_i_reg_91200_reg[7]'
INFO: [Synth 8-3886] merging instance 'agg_tmp_i71_i71_i71_i_i72_i_i_reg_91200_reg[7]' (FDE) to 'agg_tmp3_i_i147_i147_i_i148_i_i_reg_91190_reg[7]'
INFO: [Synth 8-3886] merging instance 'agg_tmp3_i_i147_i147_i_i148_i_i_reg_91190_reg[7]' (FDE) to 'agg_tmp_i_i145_i145_i_i146_i_i_reg_91180_reg[7]'
INFO: [Synth 8-3886] merging instance 'agg_tmp_i_i145_i145_i_i146_i_i_reg_91180_reg[7]' (FDE) to 'agg_tmp_i_i_i299_i_i933_i933_i_i_1_reg_90505_reg[3]'
INFO: [Synth 8-3886] merging instance 'agg_tmp3_i_i_i301_i_i302_i_i_reg_91150_reg[7]' (FDE) to 'agg_tmp_i_i_i299_i_i933_i933_i_i_1_reg_90505_reg[3]'
INFO: [Synth 8-3886] merging instance 'agg_tmp_i_i_i299_i_i300_i_i_reg_91140_reg[7]' (FDE) to 'agg_tmp_i_i_i299_i_i933_i933_i_i_1_reg_90505_reg[3]'
INFO: [Synth 8-3886] merging instance 'agg_tmp_i_i_i299_i299_i_i_i_1_reg_90985_reg[3]' (FDE) to 'agg_tmp_i_i_i299_i_i933_i933_i_i_1_reg_90505_reg[3]'
INFO: [Synth 8-3886] merging instance 'agg_tmp3_i_i_i301_i301_i_i_i_1_reg_90995_reg[3]' (FDE) to 'agg_tmp3_i_i_i301_i301_i_i_i_1_reg_90995_reg[6]'
INFO: [Synth 8-3886] merging instance 'agg_tmp3_i73_i_i227_i227_i_i_i_1_reg_91015_reg[3]' (FDE) to 'agg_tmp3_i73_i_i227_i227_i_i_i_1_reg_91015_reg[4]'
INFO: [Synth 8-3886] merging instance 'agg_tmp_i_i145_i145_i145_i_i_i_1_reg_91025_reg[3]' (FDE) to 'agg_tmp_i_i_i299_i_i933_i933_i_i_1_reg_90505_reg[3]'
INFO: [Synth 8-3886] merging instance 'agg_tmp_i_i_i299_i299_i_i_i_1_reg_90985_reg[4]' (FDE) to 'agg_tmp_i_i_i299_i_i933_i933_i_i_1_reg_90505_reg[3]'
INFO: [Synth 8-3886] merging instance 'agg_tmp3_i_i_i301_i301_i_i_i_1_reg_90995_reg[4]' (FDE) to 'agg_tmp_i_i_i299_i_i933_i933_i_i_1_reg_90505_reg[3]'
INFO: [Synth 8-3886] merging instance 'agg_tmp3_i73_i_i227_i227_i_i_i_1_reg_91015_reg[4]' (FDE) to 'agg_tmp3_i73_i_i227_i227_i_i_i_1_reg_91015_reg[6]'
INFO: [Synth 8-3886] merging instance 'agg_tmp_i_i145_i145_i145_i_i_i_1_reg_91025_reg[4]' (FDE) to 'agg_tmp_i_i_i299_i_i933_i933_i_i_1_reg_90505_reg[3]'
INFO: [Synth 8-3886] merging instance 'agg_tmp_i_i_i299_i299_i_i_i_1_reg_90985_reg[5]' (FDE) to 'agg_tmp_i_i_i299_i_i933_i933_i_i_1_reg_90505_reg[3]'
INFO: [Synth 8-3886] merging instance 'agg_tmp3_i_i_i301_i301_i_i_i_1_reg_90995_reg[5]' (FDE) to 'agg_tmp_i_i_i299_i_i933_i933_i_i_1_reg_90505_reg[3]'
INFO: [Synth 8-3886] merging instance 'agg_tmp3_i73_i_i227_i227_i_i_i_1_reg_91015_reg[5]' (FDE) to 'agg_tmp_i_i_i299_i_i933_i933_i_i_1_reg_90505_reg[3]'
INFO: [Synth 8-3886] merging instance 'agg_tmp_i_i145_i145_i145_i_i_i_1_reg_91025_reg[5]' (FDE) to 'agg_tmp_i_i145_i145_i145_i_i_i_1_reg_91025_reg[6]'
INFO: [Synth 8-3886] merging instance 'agg_tmp_i_i_i299_i299_i_i_i_1_reg_90985_reg[6]' (FDE) to 'agg_tmp_i_i_i299_i299_i_i_i_1_reg_90985_reg[7]'
INFO: [Synth 8-3886] merging instance 'agg_tmp3_i_i_i301_i301_i_i_i_1_reg_90995_reg[6]' (FDE) to 'agg_tmp3_i_i_i301_i301_i_i_i_1_reg_90995_reg[7]'
INFO: [Synth 8-3886] merging instance 'agg_tmp3_i73_i_i227_i227_i_i_i_1_reg_91015_reg[6]' (FDE) to 'agg_tmp3_i73_i_i227_i227_i_i_i_1_reg_91015_reg[7]'
INFO: [Synth 8-3886] merging instance 'agg_tmp_i_i145_i145_i145_i_i_i_1_reg_91025_reg[6]' (FDE) to 'agg_tmp_i_i145_i145_i145_i_i_i_1_reg_91025_reg[7]'
INFO: [Synth 8-3886] merging instance 'agg_tmp_i_i_i299_i299_i_i_i_1_reg_90985_reg[7]' (FDE) to 'agg_tmp_i_i_i299_i299_i_i_i_1_reg_90985_reg[10]'
INFO: [Synth 8-3886] merging instance 'agg_tmp3_i_i_i301_i301_i_i_i_1_reg_90995_reg[7]' (FDE) to 'agg_tmp3_i_i_i301_i301_i_i_i_1_reg_90995_reg[10]'
INFO: [Synth 8-3886] merging instance 'agg_tmp3_i73_i_i227_i227_i_i_i_1_reg_91015_reg[7]' (FDE) to 'agg_tmp3_i73_i_i227_i227_i_i_i_1_reg_91015_reg[10]'
INFO: [Synth 8-3886] merging instance 'agg_tmp_i_i145_i145_i145_i_i_i_1_reg_91025_reg[7]' (FDE) to 'agg_tmp_i_i145_i145_i145_i_i_i_1_reg_91025_reg[10]'
INFO: [Synth 8-3886] merging instance 'agg_tmp_i_i_i299_i299_i_i_i_1_reg_90985_reg[8]' (FDE) to 'agg_tmp_i_i_i299_i_i933_i933_i_i_1_reg_90505_reg[3]'
INFO: [Synth 8-3886] merging instance 'agg_tmp3_i_i_i301_i301_i_i_i_1_reg_90995_reg[8]' (FDE) to 'agg_tmp_i_i_i299_i_i933_i933_i_i_1_reg_90505_reg[3]'
INFO: [Synth 8-3886] merging instance 'agg_tmp3_i73_i_i227_i227_i_i_i_1_reg_91015_reg[8]' (FDE) to 'agg_tmp_i_i_i299_i_i933_i933_i_i_1_reg_90505_reg[3]'
INFO: [Synth 8-3886] merging instance 'agg_tmp_i_i145_i145_i145_i_i_i_1_reg_91025_reg[8]' (FDE) to 'agg_tmp_i_i_i299_i_i933_i933_i_i_1_reg_90505_reg[3]'
INFO: [Synth 8-3886] merging instance 'agg_tmp_i_i_i299_i299_i_i_i_1_reg_90985_reg[9]' (FDE) to 'agg_tmp_i_i_i299_i_i933_i933_i_i_1_reg_90505_reg[3]'
INFO: [Synth 8-3886] merging instance 'agg_tmp3_i_i_i301_i301_i_i_i_1_reg_90995_reg[9]' (FDE) to 'agg_tmp_i_i_i299_i_i933_i933_i_i_1_reg_90505_reg[3]'
INFO: [Synth 8-3886] merging instance 'agg_tmp3_i73_i_i227_i227_i_i_i_1_reg_91015_reg[9]' (FDE) to 'agg_tmp_i_i_i299_i_i933_i933_i_i_1_reg_90505_reg[3]'
INFO: [Common 17-14] Message 'Synth 8-3886' appears 100 times and further instances of the messages will be disabled. Use the Tcl command set_msg_config to change the current settings.
INFO: [Common 17-14] Message 'Synth 8-3886' appears 100 times and further instances of the messages will be disabled. Use the Tcl command set_msg_config to change the current settings.
INFO: [Synth 8-3333] propagating constant 0 across sequential element (\agg_tmp3_i_i147_i147_i147_i147_i_i_i_reg_90070_reg[7] )
INFO: [Synth 8-3333] propagating constant 0 across sequential element (\agg_tmp_i71_i_i225_i225_i_i1499_i_i_reg_90360_reg[7] )
INFO: [Synth 8-3333] propagating constant 0 across sequential element (\agg_tmp_i_i145_i145_i145_i_i_i_i_reg_89740_reg[7] )
INFO: [Synth 8-3333] propagating constant 0 across sequential element (\reg_31790_reg[7] )
INFO: [Synth 8-3333] propagating constant 0 across sequential element (\agg_tmp3_i73_i_i_i_i_i_i_reg_90770_reg[7] )
INFO: [Synth 8-3333] propagating constant 0 across sequential element (\agg_tmp3_i_i_i_i615_i615_i_i_i_1_reg_89955_reg[11] )
INFO: [Common 17-14] Message 'Synth 8-3886' appears 100 times and further instances of the messages will be disabled. Use the Tcl command set_msg_config to change the current settings.
INFO: [Synth 8-3333] propagating constant 0 across sequential element (\agg_tmp3_i73_i73_i73_i73_i73_i_i_i_1_reg_90095_reg[11] )
INFO: [Common 17-14] Message 'Synth 8-3886' appears 100 times and further instances of the messages will be disabled. Use the Tcl command set_msg_config to change the current settings.
INFO: [Synth 8-3333] propagating constant 0 across sequential element (\reg_31770_reg[7] )
INFO: [Synth 8-3333] propagating constant 0 across sequential element (\agg_tmp_i_i145_i145_i145_i145_i_i_i_1_reg_90065_reg[11] )
INFO: [Synth 8-3333] propagating constant 0 across sequential element (\reg_31785_reg[11] )
INFO: [Common 17-14] Message 'Synth 8-3886' appears 100 times and further instances of the messages will be disabled. Use the Tcl command set_msg_config to change the current settings.
INFO: [Synth 8-3333] propagating constant 0 across sequential element (\reg_31800_reg[7] )
INFO: [Synth 8-3333] propagating constant 0 across sequential element (\agg_tmp3_i73_i73_i_i_i388_i_i_1_reg_91135_reg[11] )
INFO: [Synth 8-3333] propagating constant 0 across sequential element (\reg_31845_reg[11] )
---------------------------------------------------------------------------------
Finished Cross Boundary and Area Optimization : Time (s): cpu = 00:01:05 ; elapsed = 00:01:39 . Memory (MB): peak = 4110.875 ; gain = 1678.953 ; free physical = 242201 ; free virtual = 370137
---------------------------------------------------------------------------------
No constraint files found.
---------------------------------------------------------------------------------
Start Timing Optimization
---------------------------------------------------------------------------------
---------------------------------------------------------------------------------
Finished Timing Optimization : Time (s): cpu = 00:01:13 ; elapsed = 00:01:48 . Memory (MB): peak = 4112.891 ; gain = 1680.969 ; free physical = 241709 ; free virtual = 369702
---------------------------------------------------------------------------------
---------------------------------------------------------------------------------
Start Technology Mapping
---------------------------------------------------------------------------------
---------------------------------------------------------------------------------
Finished Technology Mapping : Time (s): cpu = 00:01:19 ; elapsed = 00:01:54 . Memory (MB): peak = 4150.809 ; gain = 1718.887 ; free physical = 235443 ; free virtual = 363442
---------------------------------------------------------------------------------
---------------------------------------------------------------------------------
Start IO Insertion
---------------------------------------------------------------------------------
---------------------------------------------------------------------------------
Start Flattening Before IO Insertion
---------------------------------------------------------------------------------
---------------------------------------------------------------------------------
Finished Flattening Before IO Insertion
---------------------------------------------------------------------------------
---------------------------------------------------------------------------------
Start Final Netlist Cleanup
---------------------------------------------------------------------------------
---------------------------------------------------------------------------------
Finished Final Netlist Cleanup
---------------------------------------------------------------------------------
---------------------------------------------------------------------------------
Finished IO Insertion : Time (s): cpu = 00:01:30 ; elapsed = 00:02:05 . Memory (MB): peak = 4154.902 ; gain = 1722.980 ; free physical = 241486 ; free virtual = 369521
---------------------------------------------------------------------------------
---------------------------------------------------------------------------------
Start Renaming Generated Instances
---------------------------------------------------------------------------------
---------------------------------------------------------------------------------
Finished Renaming Generated Instances : Time (s): cpu = 00:01:30 ; elapsed = 00:02:06 . Memory (MB): peak = 4154.902 ; gain = 1722.980 ; free physical = 241501 ; free virtual = 369536
---------------------------------------------------------------------------------
---------------------------------------------------------------------------------
Start Rebuilding User Hierarchy
---------------------------------------------------------------------------------
---------------------------------------------------------------------------------
Finished Rebuilding User Hierarchy : Time (s): cpu = 00:01:32 ; elapsed = 00:02:08 . Memory (MB): peak = 4154.902 ; gain = 1722.980 ; free physical = 240868 ; free virtual = 368903
---------------------------------------------------------------------------------
---------------------------------------------------------------------------------
Start Renaming Generated Ports
---------------------------------------------------------------------------------
---------------------------------------------------------------------------------
Finished Renaming Generated Ports : Time (s): cpu = 00:01:32 ; elapsed = 00:02:08 . Memory (MB): peak = 4154.902 ; gain = 1722.980 ; free physical = 240442 ; free virtual = 368477
---------------------------------------------------------------------------------
---------------------------------------------------------------------------------
Start Handling Custom Attributes
---------------------------------------------------------------------------------
---------------------------------------------------------------------------------
Finished Handling Custom Attributes : Time (s): cpu = 00:02:00 ; elapsed = 00:02:36 . Memory (MB): peak = 4154.902 ; gain = 1722.980 ; free physical = 241508 ; free virtual = 369543
---------------------------------------------------------------------------------
---------------------------------------------------------------------------------
Start Renaming Generated Nets
---------------------------------------------------------------------------------
---------------------------------------------------------------------------------
Finished Renaming Generated Nets : Time (s): cpu = 00:02:00 ; elapsed = 00:02:36 . Memory (MB): peak = 4154.902 ; gain = 1722.980 ; free physical = 241508 ; free virtual = 369543
---------------------------------------------------------------------------------
---------------------------------------------------------------------------------
Start Writing Synthesis Report
---------------------------------------------------------------------------------

Report BlackBoxes: 
+-+--------------+----------+
| |BlackBox name |Instances |
+-+--------------+----------+
+-+--------------+----------+

Report Cell Usage: 
+------+------+------+
|      |Cell  |Count |
+------+------+------+
|1     |BUFG  |     1|
|2     |LUT1  |     6|
|3     |LUT2  |  1919|
|4     |LUT3  |  2951|
|5     |LUT4  |  8259|
|6     |LUT5  | 14245|
|7     |LUT6  | 13159|
|8     |MUXF7 |    19|
|9     |FDRE  | 14370|
|10    |FDSE  |    16|
|11    |IBUF  | 12004|
|12    |OBUF  |    48|
+------+------+------+

Report Instance Areas: 
+------+-------------------------------------------------------------------+------------------------------------------------------------------------+------+
|      |Instance                                                           |Module                                                                  |Cells |
+------+-------------------------------------------------------------------+------------------------------------------------------------------------+------+
|1     |top                                                                |                                                                        | 66997|
|2     |  Block_entry24_proc_U0                                            |hls_dummy_Block_entry24_proc                                            |    35|
|3     |  sparse_arr_feat_reduce_out_1_U                                   |hls_dummy_fifo_w8_d2_S                                                  |    37|
|4     |    U_hls_dummy_fifo_w8_d2_S_ShiftReg                              |hls_dummy_fifo_w8_d2_S_ShiftReg_7                                       |    29|
|5     |  sparse_arr_feat_reduce_out_2_U                                   |hls_dummy_fifo_w8_d2_S_0                                                |    37|
|6     |    U_hls_dummy_fifo_w8_d2_S_ShiftReg                              |hls_dummy_fifo_w8_d2_S_ShiftReg_6                                       |    29|
|7     |  sparse_arr_feat_reduce_out_3_U                                   |hls_dummy_fifo_w8_d2_S_1                                                |    43|
|8     |    U_hls_dummy_fifo_w8_d2_S_ShiftReg                              |hls_dummy_fifo_w8_d2_S_ShiftReg_5                                       |    29|
|9     |  sparse_arr_feat_reduce_out_4_U                                   |hls_dummy_fifo_w8_d2_S_2                                                |    42|
|10    |    U_hls_dummy_fifo_w8_d2_S_ShiftReg                              |hls_dummy_fifo_w8_d2_S_ShiftReg_4                                       |    29|
|11    |  sparse_arr_feat_reduce_out_U                                     |hls_dummy_fifo_w8_d2_S_3                                                |    38|
|12    |    U_hls_dummy_fifo_w8_d2_S_ShiftReg                              |hls_dummy_fifo_w8_d2_S_ShiftReg                                         |    29|
|13    |  sparse_input_reduce_ap_fixed_8_2_5_3_0_ap_uint_10_50_30_1_5_4_U0 |hls_dummy_sparse_input_reduce_ap_fixed_8_2_5_3_0_ap_uint_10_50_30_1_5_4 | 54707|
+------+-------------------------------------------------------------------+------------------------------------------------------------------------+------+
---------------------------------------------------------------------------------
Finished Writing Synthesis Report : Time (s): cpu = 00:02:01 ; elapsed = 00:02:36 . Memory (MB): peak = 4154.902 ; gain = 1722.980 ; free physical = 241508 ; free virtual = 369543
---------------------------------------------------------------------------------
Synthesis finished with 0 errors, 0 critical warnings and 1 warnings.
Synthesis Optimization Runtime : Time (s): cpu = 00:02:03 ; elapsed = 00:02:39 . Memory (MB): peak = 4158.812 ; gain = 1726.891 ; free physical = 250546 ; free virtual = 378582
Synthesis Optimization Complete : Time (s): cpu = 00:02:03 ; elapsed = 00:02:39 . Memory (MB): peak = 4158.812 ; gain = 1726.891 ; free physical = 250536 ; free virtual = 378560
INFO: [Project 1-571] Translating synthesized netlist
Netlist sorting complete. Time (s): cpu = 00:00:00.52 ; elapsed = 00:00:00.52 . Memory (MB): peak = 4162.902 ; gain = 0.000 ; free physical = 255246 ; free virtual = 383270
INFO: [Netlist 29-17] Analyzing 12024 Unisim elements for replacement
INFO: [Netlist 29-28] Unisim Transformation completed in 1 CPU seconds
WARNING: [Netlist 29-101] Netlist 'hls_dummy' is not ideal for floorplanning, since the cellview 'hls_dummy_sparse_input_reduce_ap_fixed_8_2_5_3_0_ap_uint_10_50_30_1_5_4' contains a large number of primitives.  Please consider enabling hierarchy in synthesis if you want to do floorplanning.
INFO: [Project 1-570] Preparing netlist for logic optimization
INFO: [Opt 31-138] Pushed 0 inverter(s) to 0 load pin(s).
Netlist sorting complete. Time (s): cpu = 00:00:00.02 ; elapsed = 00:00:00.02 . Memory (MB): peak = 4349.176 ; gain = 0.000 ; free physical = 252533 ; free virtual = 380557
INFO: [Project 1-111] Unisim Transformation Summary:
  A total of 12005 instances were transformed.
  BUFG => BUFGCE: 1 instance 
  IBUF => IBUF (IBUFCTRL, INBUF): 12004 instances

Synth Design complete | Checksum: e0ce4405
INFO: [Common 17-83] Releasing license: Synthesis
145 Infos, 2 Warnings, 0 Critical Warnings and 0 Errors encountered.
synth_design completed successfully
synth_design: Time (s): cpu = 00:02:21 ; elapsed = 00:02:56 . Memory (MB): peak = 4349.176 ; gain = 1941.156 ; free physical = 249258 ; free virtual = 377283
INFO: [Common 17-2834] synth_design peak Physical Memory [PSS] (MB): overall = 17090.077; main = 3626.557; forked = 13820.754
INFO: [Common 17-2834] synth_design peak Virtual Memory [VSS] (MB): overall = 22128.512; main = 4349.180; forked = 17973.605
# opt_design -retarget -propconst -sweep -bram_power_opt -shift_register_opt
Command: opt_design -retarget -propconst -sweep -bram_power_opt -shift_register_opt
Attempting to get a license for feature 'Implementation' and/or device 'xcu250'
INFO: [Common 17-349] Got license for feature 'Implementation' and/or device 'xcu250'
Running DRC as a precondition to command opt_design

Starting DRC Task
INFO: [DRC 23-27] Running DRC with 8 threads
INFO: [Project 1-461] DRC finished with 0 Errors
INFO: [Project 1-462] Please refer to the DRC report (report_drc) for more information.

Time (s): cpu = 00:00:03 ; elapsed = 00:00:01 . Memory (MB): peak = 4413.207 ; gain = 64.031 ; free physical = 244533 ; free virtual = 372557

Starting Cache Timing Information Task
INFO: [Timing 38-35] Done setting XDC timing constraints.
Ending Cache Timing Information Task | Checksum: 123982a02

Time (s): cpu = 00:00:10 ; elapsed = 00:00:04 . Memory (MB): peak = 4490.598 ; gain = 77.391 ; free physical = 254987 ; free virtual = 383011

Starting Logic Optimization Task

Phase 1 Retarget
INFO: [Opt 31-138] Pushed 0 inverter(s) to 0 load pin(s).
INFO: [Opt 31-49] Retargeted 0 cell(s).
Phase 1 Retarget | Checksum: 123982a02

Time (s): cpu = 00:00:04 ; elapsed = 00:00:03 . Memory (MB): peak = 4664.473 ; gain = 0.000 ; free physical = 254790 ; free virtual = 382814
INFO: [Opt 31-389] Phase Retarget created 0 cells and removed 0 cells

Phase 2 Constant propagation
INFO: [Opt 31-138] Pushed 0 inverter(s) to 0 load pin(s).
Phase 2 Constant propagation | Checksum: 123982a02

Time (s): cpu = 00:00:05 ; elapsed = 00:00:03 . Memory (MB): peak = 4664.473 ; gain = 0.000 ; free physical = 254076 ; free virtual = 382100
INFO: [Opt 31-389] Phase Constant propagation created 0 cells and removed 0 cells

Phase 3 Sweep
Phase 3 Sweep | Checksum: 131778358

Time (s): cpu = 00:00:06 ; elapsed = 00:00:04 . Memory (MB): peak = 4664.473 ; gain = 0.000 ; free physical = 250433 ; free virtual = 378457
INFO: [Opt 31-389] Phase Sweep created 1 cells and removed 0 cells

Phase 4 Shift Register Optimization
INFO: [Opt 31-1064] SRL Remap converted 0 SRLs to 0 registers and converted 0 registers of register chains to 0 SRLs
Phase 4 Shift Register Optimization | Checksum: 119c3adb4

Time (s): cpu = 00:00:07 ; elapsed = 00:00:05 . Memory (MB): peak = 4664.473 ; gain = 0.000 ; free physical = 254727 ; free virtual = 382751
INFO: [Opt 31-389] Phase Shift Register Optimization created 0 cells and removed 0 cells

Phase 5 Post Processing Netlist
Phase 5 Post Processing Netlist | Checksum: 10a3a8f17

Time (s): cpu = 00:00:07 ; elapsed = 00:00:06 . Memory (MB): peak = 4664.473 ; gain = 0.000 ; free physical = 254869 ; free virtual = 382894
INFO: [Opt 31-389] Phase Post Processing Netlist created 0 cells and removed 0 cells
Opt_design Change Summary
=========================


-------------------------------------------------------------------------------------------------------------------------
|  Phase                        |  #Cells created  |  #Cells Removed  |  #Constrained objects preventing optimizations  |
-------------------------------------------------------------------------------------------------------------------------
|  Retarget                     |               0  |               0  |                                              0  |
|  Constant propagation         |               0  |               0  |                                              0  |
|  Sweep                        |               1  |               0  |                                              0  |
|  Shift Register Optimization  |               0  |               0  |                                              0  |
|  Post Processing Netlist      |               0  |               0  |                                              0  |
-------------------------------------------------------------------------------------------------------------------------


Ending Logic Optimization Task | Checksum: 11e6c9e7b

Time (s): cpu = 00:00:07 ; elapsed = 00:00:06 . Memory (MB): peak = 4664.473 ; gain = 0.000 ; free physical = 254869 ; free virtual = 382894

Starting Power Optimization Task
INFO: [Pwropt 34-132] Skipping clock gating for clocks with a period < 2.00 ns.
Ending Power Optimization Task | Checksum: 11e6c9e7b

Time (s): cpu = 00:00:00.08 ; elapsed = 00:00:00.09 . Memory (MB): peak = 4664.473 ; gain = 0.000 ; free physical = 254869 ; free virtual = 382894

Starting Final Cleanup Task
Ending Final Cleanup Task | Checksum: 11e6c9e7b

Time (s): cpu = 00:00:00 ; elapsed = 00:00:00.01 . Memory (MB): peak = 4664.473 ; gain = 0.000 ; free physical = 254869 ; free virtual = 382894

Starting Netlist Obfuscation Task
Netlist sorting complete. Time (s): cpu = 00:00:00.02 ; elapsed = 00:00:00.02 . Memory (MB): peak = 4664.473 ; gain = 0.000 ; free physical = 254866 ; free virtual = 382890
Ending Netlist Obfuscation Task | Checksum: 11e6c9e7b

Time (s): cpu = 00:00:00.03 ; elapsed = 00:00:00.04 . Memory (MB): peak = 4664.473 ; gain = 0.000 ; free physical = 254866 ; free virtual = 382890
INFO: [Common 17-83] Releasing license: Implementation
16 Infos, 0 Warnings, 0 Critical Warnings and 0 Errors encountered.
opt_design completed successfully
opt_design: Time (s): cpu = 00:00:22 ; elapsed = 00:00:14 . Memory (MB): peak = 4664.473 ; gain = 315.297 ; free physical = 254866 ; free virtual = 382890
# report_utilization -file vivado_synth.rpt -hierarchical -hierarchical_depth 1
INFO: [Common 17-206] Exiting Vivado at Sat Jul 19 07:41:10 2025...
