

================================================================
== Vivado HLS Report for 'compute_output_buffer_2d_array_array_ap_fixed_23_12_5_3_0_3u_config5_s'
================================================================
* Date:           Sun Aug 31 17:16:13 2025

* Version:        2020.1 (Build 2897737 on Wed May 27 20:21:37 MDT 2020)
* Project:        myhls_prj
* Solution:       solution1
* Product family: virtexuplus
* Target device:  xcu250-figd2104-2L-e


================================================================
== Performance Estimates
================================================================
+ Timing: 
    * Summary: 
    +--------+---------+----------+------------+
    |  Clock |  Target | Estimated| Uncertainty|
    +--------+---------+----------+------------+
    |ap_clk  | 5.00 ns | 4.347 ns |   0.62 ns  |
    +--------+---------+----------+------------+

+ Latency: 
    * Summary: 
    +---------+---------+-----------+-----------+-----+-----+----------+
    |  Latency (cycles) |   Latency (absolute)  |  Interval | Pipeline |
    |   min   |   max   |    min    |    max    | min | max |   Type   |
    +---------+---------+-----------+-----------+-----+-----+----------+
    |        4|        4| 20.000 ns | 20.000 ns |    1|    1| function |
    +---------+---------+-----------+-----------+-----+-----+----------+

    + Detail: 
        * Instance: 
        +------------------------------------------------------------------------------+-------------------------------------------------------------------+---------+---------+-----------+-----------+-----+-----+----------+
        |                                                                              |                                                                   |  Latency (cycles) |   Latency (absolute)  |  Interval | Pipeline |
        |                                   Instance                                   |                               Module                              |   min   |   max   |    min    |    max    | min | max |   Type   |
        +------------------------------------------------------------------------------+-------------------------------------------------------------------+---------+---------+-----------+-----------+-----+-----+----------+
        |grp_dense_latency_ap_ufixed_ap_fixed_23_12_5_3_0_config5_mult_0_0_0_0_fu_204  |dense_latency_ap_ufixed_ap_fixed_23_12_5_3_0_config5_mult_0_0_0_0  |        2|        2| 10.000 ns | 10.000 ns |    1|    1| function |
        |call_ret1_shift_line_buffer_array_ap_ufixed_8_2_4_0_0_1u_config5_s_fu_257     |shift_line_buffer_array_ap_ufixed_8_2_4_0_0_1u_config5_s           |        0|        0|    0 ns   |    0 ns   |    1|    1| function |
        +------------------------------------------------------------------------------+-------------------------------------------------------------------+---------+---------+-----------+-----------+-----+-----+----------+

        * Loop: 
        N/A



================================================================
== Utilization Estimates
================================================================
* Summary: 
+---------------------+---------+-------+---------+---------+------+
|         Name        | BRAM_18K| DSP48E|    FF   |   LUT   | URAM |
+---------------------+---------+-------+---------+---------+------+
|DSP                  |        -|      -|        -|        -|     -|
|Expression           |        -|      -|        0|      360|     -|
|FIFO                 |        -|      -|        -|        -|     -|
|Instance             |        0|      0|     1321|     6981|     -|
|Memory               |        -|      -|        -|        -|     -|
|Multiplexer          |        -|      -|        -|       78|     -|
|Register             |        0|      -|      991|       32|     -|
+---------------------+---------+-------+---------+---------+------+
|Total                |        0|      0|     2312|     7451|     0|
+---------------------+---------+-------+---------+---------+------+
|Available SLR        |     1344|   3072|   864000|   432000|   320|
+---------------------+---------+-------+---------+---------+------+
|Utilization SLR (%)  |        0|      0|    ~0   |        1|     0|
+---------------------+---------+-------+---------+---------+------+
|Available            |     5376|  12288|  3456000|  1728000|  1280|
+---------------------+---------+-------+---------+---------+------+
|Utilization (%)      |        0|      0|    ~0   |    ~0   |     0|
+---------------------+---------+-------+---------+---------+------+

+ Detail: 
    * Instance: 
    +------------------------------------------------------------------------------+-------------------------------------------------------------------+---------+-------+-----+------+-----+
    |                                   Instance                                   |                               Module                              | BRAM_18K| DSP48E|  FF |  LUT | URAM|
    +------------------------------------------------------------------------------+-------------------------------------------------------------------+---------+-------+-----+------+-----+
    |grp_dense_latency_ap_ufixed_ap_fixed_23_12_5_3_0_config5_mult_0_0_0_0_fu_204  |dense_latency_ap_ufixed_ap_fixed_23_12_5_3_0_config5_mult_0_0_0_0  |        0|      0|  936|  6435|    0|
    |call_ret1_shift_line_buffer_array_ap_ufixed_8_2_4_0_0_1u_config5_s_fu_257     |shift_line_buffer_array_ap_ufixed_8_2_4_0_0_1u_config5_s           |        0|      0|  385|   546|    0|
    +------------------------------------------------------------------------------+-------------------------------------------------------------------+---------+-------+-----+------+-----+
    |Total                                                                         |                                                                   |        0|      0| 1321|  6981|    0|
    +------------------------------------------------------------------------------+-------------------------------------------------------------------+---------+-------+-----+------+-----+

    * DSP48E: 
    N/A

    * Memory: 
    N/A

    * FIFO: 
    N/A

    * Expression: 
    +----------------------------------+----------+-------+---+----+------------+------------+
    |           Variable Name          | Operation| DSP48E| FF| LUT| Bitwidth P0| Bitwidth P1|
    +----------------------------------+----------+-------+---+----+------------+------------+
    |add_ln311_fu_1089_p2              |     +    |      0|  0|  39|          32|           1|
    |add_ln313_fu_1101_p2              |     +    |      0|  0|  39|          32|           1|
    |add_ln316_fu_1039_p2              |     +    |      0|  0|  39|          32|           1|
    |add_ln318_fu_1051_p2              |     +    |      0|  0|  39|          32|           1|
    |and_ln284_1_fu_1021_p2            |    and   |      0|  0|   2|           1|           1|
    |and_ln284_2_fu_1027_p2            |    and   |      0|  0|   2|           1|           1|
    |and_ln284_fu_1015_p2              |    and   |      0|  0|   2|           1|           1|
    |ap_block_state5_pp0_stage0_iter4  |    and   |      0|  0|   2|           1|           1|
    |ap_condition_644                  |    and   |      0|  0|   2|           1|           1|
    |ap_condition_818                  |    and   |      0|  0|   2|           1|           1|
    |io_acc_block_signal_op183         |    and   |      0|  0|   2|           1|           1|
    |icmp_ln284_1_fu_989_p2            |   icmp   |      0|  0|  20|          32|           3|
    |icmp_ln284_2_fu_999_p2            |   icmp   |      0|  0|  20|          32|           3|
    |icmp_ln284_3_fu_1009_p2           |   icmp   |      0|  0|  20|          32|           3|
    |icmp_ln284_fu_979_p2              |   icmp   |      0|  0|  20|          32|           3|
    |icmp_ln303_fu_1033_p2             |   icmp   |      0|  0|  20|          32|           7|
    |icmp_ln307_fu_1083_p2             |   icmp   |      0|  0|  20|          32|           7|
    |ap_block_pp0_stage0_01001         |    or    |      0|  0|   2|           1|           1|
    |ap_block_pp0_stage0_subdone       |    or    |      0|  0|   2|           1|           1|
    |select_ln313_fu_1107_p3           |  select  |      0|  0|  32|           1|           3|
    |select_ln318_fu_1057_p3           |  select  |      0|  0|  32|           1|           3|
    |ap_enable_pp0                     |    xor   |      0|  0|   2|           1|           2|
    +----------------------------------+----------+-------+---+----+------------+------------+
    |Total                             |          |      0|  0| 360|         332|          47|
    +----------------------------------+----------+-------+---+----+------------+------------+

    * Multiplexer: 
    +-----------------------------------------+----+-----------+-----+-----------+
    |                   Name                  | LUT| Input Size| Bits| Total Bits|
    +-----------------------------------------+----+-----------+-----+-----------+
    |ap_phi_reg_pp0_iter2_storemerge_reg_193  |  15|          3|   32|         96|
    |ap_sig_allocacmp_sY_1_load               |   9|          2|   32|         64|
    |pX_1                                     |   9|          2|   32|         64|
    |pY_1                                     |   9|          2|   32|         64|
    |res_stream_V_data_0_V_blk_n              |   9|          2|    1|          2|
    |res_stream_V_data_1_V_blk_n              |   9|          2|    1|          2|
    |res_stream_V_data_2_V_blk_n              |   9|          2|    1|          2|
    |sX_1                                     |   9|          2|   32|         64|
    +-----------------------------------------+----+-----------+-----+-----------+
    |Total                                    |  78|         17|  163|        358|
    +-----------------------------------------+----+-----------+-----+-----------+

    * Register: 
    +-----------------------------------------+----+----+-----+-----------+
    |                   Name                  | FF | LUT| Bits| Const Bits|
    +-----------------------------------------+----+----+-----+-----------+
    |and_ln284_2_reg_1387                     |   1|   0|    1|          0|
    |ap_CS_fsm                                |   1|   0|    1|          0|
    |ap_enable_reg_pp0_iter1                  |   1|   0|    1|          0|
    |ap_enable_reg_pp0_iter2                  |   1|   0|    1|          0|
    |ap_enable_reg_pp0_iter3                  |   1|   0|    1|          0|
    |ap_enable_reg_pp0_iter4                  |   1|   0|    1|          0|
    |ap_phi_reg_pp0_iter1_storemerge_reg_193  |  32|   0|   32|          0|
    |ap_phi_reg_pp0_iter2_storemerge_reg_193  |  32|   0|   32|          0|
    |icmp_ln303_reg_1391                      |   1|   0|    1|          0|
    |kernel_data_V_1_0_ret_reg_1172           |   8|   0|    8|          0|
    |kernel_data_V_1_1                        |   8|   0|    8|          0|
    |kernel_data_V_1_10                       |   8|   0|    8|          0|
    |kernel_data_V_1_10_ret_reg_1217          |   8|   0|    8|          0|
    |kernel_data_V_1_11                       |   8|   0|    8|          0|
    |kernel_data_V_1_11_ret_reg_1222          |   8|   0|    8|          0|
    |kernel_data_V_1_12                       |   8|   0|    8|          0|
    |kernel_data_V_1_12_ret_reg_1227          |   8|   0|    8|          0|
    |kernel_data_V_1_13                       |   8|   0|    8|          0|
    |kernel_data_V_1_13_ret_reg_1232          |   8|   0|    8|          0|
    |kernel_data_V_1_14_ret_reg_1162          |   8|   0|    8|          0|
    |kernel_data_V_1_15                       |   8|   0|    8|          0|
    |kernel_data_V_1_15_ret_reg_1237          |   8|   0|    8|          0|
    |kernel_data_V_1_16                       |   8|   0|    8|          0|
    |kernel_data_V_1_16_ret_reg_1242          |   8|   0|    8|          0|
    |kernel_data_V_1_17                       |   8|   0|    8|          0|
    |kernel_data_V_1_17_ret_reg_1247          |   8|   0|    8|          0|
    |kernel_data_V_1_18                       |   8|   0|    8|          0|
    |kernel_data_V_1_18_ret_reg_1252          |   8|   0|    8|          0|
    |kernel_data_V_1_19                       |   8|   0|    8|          0|
    |kernel_data_V_1_19_ret_reg_1257          |   8|   0|    8|          0|
    |kernel_data_V_1_1_ret_reg_1177           |   8|   0|    8|          0|
    |kernel_data_V_1_2                        |   8|   0|    8|          0|
    |kernel_data_V_1_20                       |   8|   0|    8|          0|
    |kernel_data_V_1_20_ret_reg_1262          |   8|   0|    8|          0|
    |kernel_data_V_1_21_ret_reg_1157          |   8|   0|    8|          0|
    |kernel_data_V_1_22                       |   8|   0|    8|          0|
    |kernel_data_V_1_22_ret_reg_1267          |   8|   0|    8|          0|
    |kernel_data_V_1_23                       |   8|   0|    8|          0|
    |kernel_data_V_1_23_ret_reg_1272          |   8|   0|    8|          0|
    |kernel_data_V_1_24                       |   8|   0|    8|          0|
    |kernel_data_V_1_24_ret_reg_1277          |   8|   0|    8|          0|
    |kernel_data_V_1_25                       |   8|   0|    8|          0|
    |kernel_data_V_1_25_ret_reg_1282          |   8|   0|    8|          0|
    |kernel_data_V_1_26                       |   8|   0|    8|          0|
    |kernel_data_V_1_26_ret_reg_1287          |   8|   0|    8|          0|
    |kernel_data_V_1_27                       |   8|   0|    8|          0|
    |kernel_data_V_1_27_ret_reg_1292          |   8|   0|    8|          0|
    |kernel_data_V_1_28_ret_reg_1152          |   8|   0|    8|          0|
    |kernel_data_V_1_29                       |   8|   0|    8|          0|
    |kernel_data_V_1_29_ret_reg_1297          |   8|   0|    8|          0|
    |kernel_data_V_1_2_ret_reg_1182           |   8|   0|    8|          0|
    |kernel_data_V_1_3                        |   8|   0|    8|          0|
    |kernel_data_V_1_30                       |   8|   0|    8|          0|
    |kernel_data_V_1_30_ret_reg_1302          |   8|   0|    8|          0|
    |kernel_data_V_1_31                       |   8|   0|    8|          0|
    |kernel_data_V_1_31_ret_reg_1307          |   8|   0|    8|          0|
    |kernel_data_V_1_32                       |   8|   0|    8|          0|
    |kernel_data_V_1_32_ret_reg_1312          |   8|   0|    8|          0|
    |kernel_data_V_1_33                       |   8|   0|    8|          0|
    |kernel_data_V_1_33_ret_reg_1317          |   8|   0|    8|          0|
    |kernel_data_V_1_34                       |   8|   0|    8|          0|
    |kernel_data_V_1_34_ret_reg_1322          |   8|   0|    8|          0|
    |kernel_data_V_1_35_ret_reg_1147          |   8|   0|    8|          0|
    |kernel_data_V_1_36                       |   8|   0|    8|          0|
    |kernel_data_V_1_36_ret_reg_1327          |   8|   0|    8|          0|
    |kernel_data_V_1_37                       |   8|   0|    8|          0|
    |kernel_data_V_1_37_ret_reg_1332          |   8|   0|    8|          0|
    |kernel_data_V_1_38                       |   8|   0|    8|          0|
    |kernel_data_V_1_38_ret_reg_1337          |   8|   0|    8|          0|
    |kernel_data_V_1_39                       |   8|   0|    8|          0|
    |kernel_data_V_1_39_ret_reg_1342          |   8|   0|    8|          0|
    |kernel_data_V_1_3_ret_reg_1187           |   8|   0|    8|          0|
    |kernel_data_V_1_4                        |   8|   0|    8|          0|
    |kernel_data_V_1_40                       |   8|   0|    8|          0|
    |kernel_data_V_1_40_ret_reg_1347          |   8|   0|    8|          0|
    |kernel_data_V_1_41                       |   8|   0|    8|          0|
    |kernel_data_V_1_41_ret_reg_1352          |   8|   0|    8|          0|
    |kernel_data_V_1_42_ret_reg_1142          |   8|   0|    8|          0|
    |kernel_data_V_1_43                       |   8|   0|    8|          0|
    |kernel_data_V_1_43_ret_reg_1357          |   8|   0|    8|          0|
    |kernel_data_V_1_44                       |   8|   0|    8|          0|
    |kernel_data_V_1_44_ret_reg_1362          |   8|   0|    8|          0|
    |kernel_data_V_1_45                       |   8|   0|    8|          0|
    |kernel_data_V_1_45_ret_reg_1367          |   8|   0|    8|          0|
    |kernel_data_V_1_46                       |   8|   0|    8|          0|
    |kernel_data_V_1_46_ret_reg_1372          |   8|   0|    8|          0|
    |kernel_data_V_1_47                       |   8|   0|    8|          0|
    |kernel_data_V_1_47_ret_reg_1377          |   8|   0|    8|          0|
    |kernel_data_V_1_48                       |   8|   0|    8|          0|
    |kernel_data_V_1_48_ret_reg_1382          |   8|   0|    8|          0|
    |kernel_data_V_1_4_ret_reg_1192           |   8|   0|    8|          0|
    |kernel_data_V_1_5                        |   8|   0|    8|          0|
    |kernel_data_V_1_5_ret_reg_1197           |   8|   0|    8|          0|
    |kernel_data_V_1_6                        |   8|   0|    8|          0|
    |kernel_data_V_1_6_ret_reg_1202           |   8|   0|    8|          0|
    |kernel_data_V_1_7_ret_reg_1167           |   8|   0|    8|          0|
    |kernel_data_V_1_8                        |   8|   0|    8|          0|
    |kernel_data_V_1_8_ret_reg_1207           |   8|   0|    8|          0|
    |kernel_data_V_1_9                        |   8|   0|    8|          0|
    |kernel_data_V_1_9_ret_reg_1212           |   8|   0|    8|          0|
    |pX_1                                     |  32|   0|   32|          0|
    |pY_1                                     |  32|   0|   32|          0|
    |sX_1                                     |  32|   0|   32|          0|
    |sY_1                                     |  32|   0|   32|          0|
    |and_ln284_2_reg_1387                     |  64|  32|    1|          0|
    +-----------------------------------------+----+----+-----+-----------+
    |Total                                    | 991|  32|  928|          0|
    +-----------------------------------------+----+----+-----+-----------+



================================================================
== Interface
================================================================
* Summary: 
+------------------------------+-----+-----+------------+-------------------------------------------------------------------------+--------------+
|           RTL Ports          | Dir | Bits|  Protocol  |                              Source Object                              |    C Type    |
+------------------------------+-----+-----+------------+-------------------------------------------------------------------------+--------------+
|ap_clk                        |  in |    1| ap_ctrl_hs | compute_output_buffer_2d<array,array<ap_fixed<23,12,5,3,0>,3u>,config5> | return value |
|ap_rst                        |  in |    1| ap_ctrl_hs | compute_output_buffer_2d<array,array<ap_fixed<23,12,5,3,0>,3u>,config5> | return value |
|ap_start                      |  in |    1| ap_ctrl_hs | compute_output_buffer_2d<array,array<ap_fixed<23,12,5,3,0>,3u>,config5> | return value |
|ap_done                       | out |    1| ap_ctrl_hs | compute_output_buffer_2d<array,array<ap_fixed<23,12,5,3,0>,3u>,config5> | return value |
|ap_idle                       | out |    1| ap_ctrl_hs | compute_output_buffer_2d<array,array<ap_fixed<23,12,5,3,0>,3u>,config5> | return value |
|ap_ready                      | out |    1| ap_ctrl_hs | compute_output_buffer_2d<array,array<ap_fixed<23,12,5,3,0>,3u>,config5> | return value |
|ap_ce                         |  in |    1| ap_ctrl_hs | compute_output_buffer_2d<array,array<ap_fixed<23,12,5,3,0>,3u>,config5> | return value |
|res_stream_V_data_0_V_blk_n   | out |    1| ap_ctrl_hs | compute_output_buffer_2d<array,array<ap_fixed<23,12,5,3,0>,3u>,config5> | return value |
|res_stream_V_data_1_V_blk_n   | out |    1| ap_ctrl_hs | compute_output_buffer_2d<array,array<ap_fixed<23,12,5,3,0>,3u>,config5> | return value |
|res_stream_V_data_2_V_blk_n   | out |    1| ap_ctrl_hs | compute_output_buffer_2d<array,array<ap_fixed<23,12,5,3,0>,3u>,config5> | return value |
|res_stream_V_data_0_V_din     | out |   23|   ap_fifo  |                          res_stream_V_data_0_V                          |    pointer   |
|res_stream_V_data_0_V_full_n  |  in |    1|   ap_fifo  |                          res_stream_V_data_0_V                          |    pointer   |
|res_stream_V_data_0_V_write   | out |    1|   ap_fifo  |                          res_stream_V_data_0_V                          |    pointer   |
|res_stream_V_data_1_V_din     | out |   23|   ap_fifo  |                          res_stream_V_data_1_V                          |    pointer   |
|res_stream_V_data_1_V_full_n  |  in |    1|   ap_fifo  |                          res_stream_V_data_1_V                          |    pointer   |
|res_stream_V_data_1_V_write   | out |    1|   ap_fifo  |                          res_stream_V_data_1_V                          |    pointer   |
|res_stream_V_data_2_V_din     | out |   23|   ap_fifo  |                          res_stream_V_data_2_V                          |    pointer   |
|res_stream_V_data_2_V_full_n  |  in |    1|   ap_fifo  |                          res_stream_V_data_2_V                          |    pointer   |
|res_stream_V_data_2_V_write   | out |    1|   ap_fifo  |                          res_stream_V_data_2_V                          |    pointer   |
|in_elem_data_V_read           |  in |    8|   ap_none  |                           in_elem_data_V_read                           |    scalar    |
+------------------------------+-----+-----+------------+-------------------------------------------------------------------------+--------------+

