Copyright 1986-2022 Xilinx, Inc. All Rights Reserved. Copyright 2022-2023 Advanced Micro Devices, Inc. All Rights Reserved.
---------------------------------------------------------------------------------------------------------------------------------------------
| Tool Version : Vivado v.2023.1 (lin64) Build 3865809 Sun May  7 15:04:56 MDT 2023
| Date         : Wed Jul 23 17:31:28 2025
| Host         : coder-hftsoi-hls1 running 64-bit Ubuntu 20.04.6 LTS
| Command      : report_utilization -file vivado_synth.rpt -hierarchical -hierarchical_depth 1
| Design       : hls_dummy
| Device       : xcu250-figd2104-2L-e
| Speed File   : -2L
| Design State : Optimized
---------------------------------------------------------------------------------------------------------------------------------------------

Utilization Design Information

Table of Contents
-----------------
1. Utilization by Hierarchy

1. Utilization by Hierarchy
---------------------------

+-----------------------------------------------------------------------+------------------------------------------------------------------------------+------------+------------+---------+------+-------+--------+--------+------+------------+
|                                Instance                               |                                    Module                                    | Total LUTs | Logic LUTs | LUTRAMs | SRLs |  FFs  | RAMB36 | RAMB18 | URAM | DSP Blocks |
+-----------------------------------------------------------------------+------------------------------------------------------------------------------+------------+------------+---------+------+-------+--------+--------+------+------------+
| hls_dummy                                                             |                                                                        (top) |      80968 |      80968 |       0 |    0 | 15478 |      0 |      0 |    0 |          0 |
|   (hls_dummy)                                                         |                                                                        (top) |          0 |          0 |       0 |    0 |   150 |      0 |      0 |    0 |          0 |
|   Block_entry3238_proc_U0                                             |                                               hls_dummy_Block_entry3238_proc |          0 |          0 |       0 |    0 |   210 |      0 |      0 |    0 |          0 |
|   sparse_arr_feat_act1_out_10_U                                       |                                                       hls_dummy_fifo_w7_d2_S |         19 |         19 |       0 |    0 |    18 |      0 |      0 |    0 |          0 |
|   sparse_arr_feat_act1_out_11_U                                       |                                                     hls_dummy_fifo_w7_d2_S_0 |         19 |         19 |       0 |    0 |    18 |      0 |      0 |    0 |          0 |
|   sparse_arr_feat_act1_out_12_U                                       |                                                     hls_dummy_fifo_w7_d2_S_1 |         19 |         19 |       0 |    0 |    18 |      0 |      0 |    0 |          0 |
|   sparse_arr_feat_act1_out_13_U                                       |                                                     hls_dummy_fifo_w7_d2_S_2 |         23 |         23 |       0 |    0 |    18 |      0 |      0 |    0 |          0 |
|   sparse_arr_feat_act1_out_14_U                                       |                                                     hls_dummy_fifo_w7_d2_S_3 |         19 |         19 |       0 |    0 |    18 |      0 |      0 |    0 |          0 |
|   sparse_arr_feat_act1_out_15_U                                       |                                                     hls_dummy_fifo_w7_d2_S_4 |         19 |         19 |       0 |    0 |    18 |      0 |      0 |    0 |          0 |
|   sparse_arr_feat_act1_out_16_U                                       |                                                     hls_dummy_fifo_w7_d2_S_5 |         19 |         19 |       0 |    0 |    18 |      0 |      0 |    0 |          0 |
|   sparse_arr_feat_act1_out_17_U                                       |                                                     hls_dummy_fifo_w7_d2_S_6 |         20 |         20 |       0 |    0 |    18 |      0 |      0 |    0 |          0 |
|   sparse_arr_feat_act1_out_18_U                                       |                                                     hls_dummy_fifo_w7_d2_S_7 |         20 |         20 |       0 |    0 |    18 |      0 |      0 |    0 |          0 |
|   sparse_arr_feat_act1_out_19_U                                       |                                                     hls_dummy_fifo_w7_d2_S_8 |         19 |         19 |       0 |    0 |    18 |      0 |      0 |    0 |          0 |
|   sparse_arr_feat_act1_out_1_U                                        |                                                     hls_dummy_fifo_w7_d2_S_9 |         21 |         21 |       0 |    0 |    18 |      0 |      0 |    0 |          0 |
|   sparse_arr_feat_act1_out_20_U                                       |                                                    hls_dummy_fifo_w7_d2_S_10 |         19 |         19 |       0 |    0 |    18 |      0 |      0 |    0 |          0 |
|   sparse_arr_feat_act1_out_21_U                                       |                                                    hls_dummy_fifo_w7_d2_S_11 |         20 |         20 |       0 |    0 |    18 |      0 |      0 |    0 |          0 |
|   sparse_arr_feat_act1_out_22_U                                       |                                                    hls_dummy_fifo_w7_d2_S_12 |         18 |         18 |       0 |    0 |    18 |      0 |      0 |    0 |          0 |
|   sparse_arr_feat_act1_out_23_U                                       |                                                    hls_dummy_fifo_w7_d2_S_13 |         21 |         21 |       0 |    0 |    18 |      0 |      0 |    0 |          0 |
|   sparse_arr_feat_act1_out_24_U                                       |                                                    hls_dummy_fifo_w7_d2_S_14 |         20 |         20 |       0 |    0 |    18 |      0 |      0 |    0 |          0 |
|   sparse_arr_feat_act1_out_25_U                                       |                                                    hls_dummy_fifo_w7_d2_S_15 |         19 |         19 |       0 |    0 |    18 |      0 |      0 |    0 |          0 |
|   sparse_arr_feat_act1_out_26_U                                       |                                                    hls_dummy_fifo_w7_d2_S_16 |         19 |         19 |       0 |    0 |    18 |      0 |      0 |    0 |          0 |
|   sparse_arr_feat_act1_out_27_U                                       |                                                    hls_dummy_fifo_w7_d2_S_17 |         20 |         20 |       0 |    0 |    18 |      0 |      0 |    0 |          0 |
|   sparse_arr_feat_act1_out_28_U                                       |                                                    hls_dummy_fifo_w7_d2_S_18 |         20 |         20 |       0 |    0 |    18 |      0 |      0 |    0 |          0 |
|   sparse_arr_feat_act1_out_29_U                                       |                                                    hls_dummy_fifo_w7_d2_S_19 |         19 |         19 |       0 |    0 |    18 |      0 |      0 |    0 |          0 |
|   sparse_arr_feat_act1_out_2_U                                        |                                                    hls_dummy_fifo_w7_d2_S_20 |         22 |         22 |       0 |    0 |    18 |      0 |      0 |    0 |          0 |
|   sparse_arr_feat_act1_out_3_U                                        |                                                    hls_dummy_fifo_w7_d2_S_21 |         19 |         19 |       0 |    0 |    18 |      0 |      0 |    0 |          0 |
|   sparse_arr_feat_act1_out_4_U                                        |                                                    hls_dummy_fifo_w7_d2_S_22 |         19 |         19 |       0 |    0 |    18 |      0 |      0 |    0 |          0 |
|   sparse_arr_feat_act1_out_5_U                                        |                                                    hls_dummy_fifo_w7_d2_S_23 |         22 |         22 |       0 |    0 |    18 |      0 |      0 |    0 |          0 |
|   sparse_arr_feat_act1_out_6_U                                        |                                                    hls_dummy_fifo_w7_d2_S_24 |         50 |         50 |       0 |    0 |    18 |      0 |      0 |    0 |          0 |
|   sparse_arr_feat_act1_out_7_U                                        |                                                    hls_dummy_fifo_w7_d2_S_25 |         19 |         19 |       0 |    0 |    18 |      0 |      0 |    0 |          0 |
|   sparse_arr_feat_act1_out_8_U                                        |                                                    hls_dummy_fifo_w7_d2_S_26 |         21 |         21 |       0 |    0 |    18 |      0 |      0 |    0 |          0 |
|   sparse_arr_feat_act1_out_9_U                                        |                                                    hls_dummy_fifo_w7_d2_S_27 |         21 |         21 |       0 |    0 |    18 |      0 |      0 |    0 |          0 |
|   sparse_arr_feat_act1_out_U                                          |                                                    hls_dummy_fifo_w7_d2_S_28 |         20 |         20 |       0 |    0 |    18 |      0 |      0 |    0 |          0 |
|   sparse_arr_feat_conv1_out_10_U                                      |                                                       hls_dummy_fifo_w8_d2_S |         13 |         13 |       0 |    0 |    20 |      0 |      0 |    0 |          0 |
|   sparse_arr_feat_conv1_out_11_U                                      |                                                    hls_dummy_fifo_w8_d2_S_29 |         13 |         13 |       0 |    0 |    20 |      0 |      0 |    0 |          0 |
|   sparse_arr_feat_conv1_out_12_U                                      |                                                    hls_dummy_fifo_w8_d2_S_30 |         12 |         12 |       0 |    0 |    20 |      0 |      0 |    0 |          0 |
|   sparse_arr_feat_conv1_out_13_U                                      |                                                    hls_dummy_fifo_w8_d2_S_31 |         12 |         12 |       0 |    0 |    20 |      0 |      0 |    0 |          0 |
|   sparse_arr_feat_conv1_out_14_U                                      |                                                    hls_dummy_fifo_w8_d2_S_32 |         13 |         13 |       0 |    0 |    20 |      0 |      0 |    0 |          0 |
|   sparse_arr_feat_conv1_out_15_U                                      |                                                    hls_dummy_fifo_w8_d2_S_33 |         15 |         15 |       0 |    0 |    20 |      0 |      0 |    0 |          0 |
|   sparse_arr_feat_conv1_out_16_U                                      |                                                    hls_dummy_fifo_w8_d2_S_34 |         15 |         15 |       0 |    0 |    20 |      0 |      0 |    0 |          0 |
|   sparse_arr_feat_conv1_out_17_U                                      |                                                    hls_dummy_fifo_w8_d2_S_35 |         13 |         13 |       0 |    0 |    20 |      0 |      0 |    0 |          0 |
|   sparse_arr_feat_conv1_out_18_U                                      |                                                    hls_dummy_fifo_w8_d2_S_36 |         17 |         17 |       0 |    0 |    20 |      0 |      0 |    0 |          0 |
|   sparse_arr_feat_conv1_out_19_U                                      |                                                    hls_dummy_fifo_w8_d2_S_37 |         13 |         13 |       0 |    0 |    20 |      0 |      0 |    0 |          0 |
|   sparse_arr_feat_conv1_out_1_U                                       |                                                    hls_dummy_fifo_w8_d2_S_38 |         12 |         12 |       0 |    0 |    20 |      0 |      0 |    0 |          0 |
|   sparse_arr_feat_conv1_out_20_U                                      |                                                    hls_dummy_fifo_w8_d2_S_39 |         13 |         13 |       0 |    0 |    20 |      0 |      0 |    0 |          0 |
|   sparse_arr_feat_conv1_out_21_U                                      |                                                    hls_dummy_fifo_w8_d2_S_40 |         13 |         13 |       0 |    0 |    20 |      0 |      0 |    0 |          0 |
|   sparse_arr_feat_conv1_out_22_U                                      |                                                    hls_dummy_fifo_w8_d2_S_41 |         13 |         13 |       0 |    0 |    20 |      0 |      0 |    0 |          0 |
|   sparse_arr_feat_conv1_out_23_U                                      |                                                    hls_dummy_fifo_w8_d2_S_42 |         12 |         12 |       0 |    0 |    20 |      0 |      0 |    0 |          0 |
|   sparse_arr_feat_conv1_out_24_U                                      |                                                    hls_dummy_fifo_w8_d2_S_43 |         13 |         13 |       0 |    0 |    20 |      0 |      0 |    0 |          0 |
|   sparse_arr_feat_conv1_out_25_U                                      |                                                    hls_dummy_fifo_w8_d2_S_44 |         13 |         13 |       0 |    0 |    20 |      0 |      0 |    0 |          0 |
|   sparse_arr_feat_conv1_out_26_U                                      |                                                    hls_dummy_fifo_w8_d2_S_45 |         15 |         15 |       0 |    0 |    20 |      0 |      0 |    0 |          0 |
|   sparse_arr_feat_conv1_out_27_U                                      |                                                    hls_dummy_fifo_w8_d2_S_46 |         12 |         12 |       0 |    0 |    20 |      0 |      0 |    0 |          0 |
|   sparse_arr_feat_conv1_out_28_U                                      |                                                    hls_dummy_fifo_w8_d2_S_47 |         12 |         12 |       0 |    0 |    20 |      0 |      0 |    0 |          0 |
|   sparse_arr_feat_conv1_out_29_U                                      |                                                    hls_dummy_fifo_w8_d2_S_48 |         14 |         14 |       0 |    0 |    20 |      0 |      0 |    0 |          0 |
|   sparse_arr_feat_conv1_out_2_U                                       |                                                    hls_dummy_fifo_w8_d2_S_49 |         12 |         12 |       0 |    0 |    20 |      0 |      0 |    0 |          0 |
|   sparse_arr_feat_conv1_out_3_U                                       |                                                    hls_dummy_fifo_w8_d2_S_50 |         14 |         14 |       0 |    0 |    20 |      0 |      0 |    0 |          0 |
|   sparse_arr_feat_conv1_out_4_U                                       |                                                    hls_dummy_fifo_w8_d2_S_51 |         14 |         14 |       0 |    0 |    20 |      0 |      0 |    0 |          0 |
|   sparse_arr_feat_conv1_out_5_U                                       |                                                    hls_dummy_fifo_w8_d2_S_52 |         15 |         15 |       0 |    0 |    20 |      0 |      0 |    0 |          0 |
|   sparse_arr_feat_conv1_out_6_U                                       |                                                    hls_dummy_fifo_w8_d2_S_53 |         14 |         14 |       0 |    0 |    20 |      0 |      0 |    0 |          0 |
|   sparse_arr_feat_conv1_out_7_U                                       |                                                    hls_dummy_fifo_w8_d2_S_54 |         13 |         13 |       0 |    0 |    20 |      0 |      0 |    0 |          0 |
|   sparse_arr_feat_conv1_out_8_U                                       |                                                    hls_dummy_fifo_w8_d2_S_55 |         13 |         13 |       0 |    0 |    20 |      0 |      0 |    0 |          0 |
|   sparse_arr_feat_conv1_out_9_U                                       |                                                    hls_dummy_fifo_w8_d2_S_56 |         13 |         13 |       0 |    0 |    20 |      0 |      0 |    0 |          0 |
|   sparse_arr_feat_conv1_out_U                                         |                                                    hls_dummy_fifo_w8_d2_S_57 |         13 |         13 |       0 |    0 |    20 |      0 |      0 |    0 |          0 |
|   sparse_arr_feat_reduce_out_10_U                                     |                                                    hls_dummy_fifo_w8_d2_S_58 |        882 |        882 |       0 |    0 |    18 |      0 |      0 |    0 |          0 |
|   sparse_arr_feat_reduce_out_11_U                                     |                                                    hls_dummy_fifo_w8_d2_S_59 |        639 |        639 |       0 |    0 |    18 |      0 |      0 |    0 |          0 |
|   sparse_arr_feat_reduce_out_12_U                                     |                                                    hls_dummy_fifo_w8_d2_S_60 |        234 |        234 |       0 |    0 |    18 |      0 |      0 |    0 |          0 |
|   sparse_arr_feat_reduce_out_13_U                                     |                                                    hls_dummy_fifo_w8_d2_S_61 |        836 |        836 |       0 |    0 |    18 |      0 |      0 |    0 |          0 |
|   sparse_arr_feat_reduce_out_14_U                                     |                                                    hls_dummy_fifo_w8_d2_S_62 |        819 |        819 |       0 |    0 |    18 |      0 |      0 |    0 |          0 |
|   sparse_arr_feat_reduce_out_15_U                                     |                                                    hls_dummy_fifo_w8_d2_S_63 |        802 |        802 |       0 |    0 |    18 |      0 |      0 |    0 |          0 |
|   sparse_arr_feat_reduce_out_16_U                                     |                                                    hls_dummy_fifo_w8_d2_S_64 |        787 |        787 |       0 |    0 |    18 |      0 |      0 |    0 |          0 |
|   sparse_arr_feat_reduce_out_17_U                                     |                                                    hls_dummy_fifo_w8_d2_S_65 |        770 |        770 |       0 |    0 |    18 |      0 |      0 |    0 |          0 |
|   sparse_arr_feat_reduce_out_18_U                                     |                                                    hls_dummy_fifo_w8_d2_S_66 |        388 |        388 |       0 |    0 |    18 |      0 |      0 |    0 |          0 |
|   sparse_arr_feat_reduce_out_19_U                                     |                                                    hls_dummy_fifo_w8_d2_S_67 |        742 |        742 |       0 |    0 |    18 |      0 |      0 |    0 |          0 |
|   sparse_arr_feat_reduce_out_1_U                                      |                                                    hls_dummy_fifo_w8_d2_S_68 |       1027 |       1027 |       0 |    0 |    18 |      0 |      0 |    0 |          0 |
|   sparse_arr_feat_reduce_out_20_U                                     |                                                    hls_dummy_fifo_w8_d2_S_69 |        725 |        725 |       0 |    0 |    18 |      0 |      0 |    0 |          0 |
|   sparse_arr_feat_reduce_out_21_U                                     |                                                    hls_dummy_fifo_w8_d2_S_70 |        404 |        404 |       0 |    0 |    18 |      0 |      0 |    0 |          0 |
|   sparse_arr_feat_reduce_out_22_U                                     |                                                    hls_dummy_fifo_w8_d2_S_71 |        693 |        693 |       0 |    0 |    18 |      0 |      0 |    0 |          0 |
|   sparse_arr_feat_reduce_out_23_U                                     |                                                    hls_dummy_fifo_w8_d2_S_72 |        217 |        217 |       0 |    0 |    18 |      0 |      0 |    0 |          0 |
|   sparse_arr_feat_reduce_out_24_U                                     |                                                    hls_dummy_fifo_w8_d2_S_73 |        463 |        463 |       0 |    0 |    18 |      0 |      0 |    0 |          0 |
|   sparse_arr_feat_reduce_out_25_U                                     |                                                    hls_dummy_fifo_w8_d2_S_74 |        645 |        645 |       0 |    0 |    18 |      0 |      0 |    0 |          0 |
|   sparse_arr_feat_reduce_out_26_U                                     |                                                    hls_dummy_fifo_w8_d2_S_75 |        629 |        629 |       0 |    0 |    18 |      0 |      0 |    0 |          0 |
|   sparse_arr_feat_reduce_out_27_U                                     |                                                    hls_dummy_fifo_w8_d2_S_76 |        614 |        614 |       0 |    0 |    18 |      0 |      0 |    0 |          0 |
|   sparse_arr_feat_reduce_out_28_U                                     |                                                    hls_dummy_fifo_w8_d2_S_77 |         48 |         48 |       0 |    0 |    18 |      0 |      0 |    0 |          0 |
|   sparse_arr_feat_reduce_out_29_U                                     |                                                    hls_dummy_fifo_w8_d2_S_78 |        581 |        581 |       0 |    0 |    18 |      0 |      0 |    0 |          0 |
|   sparse_arr_feat_reduce_out_2_U                                      |                                                    hls_dummy_fifo_w8_d2_S_79 |       1010 |       1010 |       0 |    0 |    18 |      0 |      0 |    0 |          0 |
|   sparse_arr_feat_reduce_out_3_U                                      |                                                    hls_dummy_fifo_w8_d2_S_80 |        994 |        994 |       0 |    0 |    18 |      0 |      0 |    0 |          0 |
|   sparse_arr_feat_reduce_out_4_U                                      |                                                    hls_dummy_fifo_w8_d2_S_81 |        883 |        883 |       0 |    0 |    18 |      0 |      0 |    0 |          0 |
|   sparse_arr_feat_reduce_out_5_U                                      |                                                    hls_dummy_fifo_w8_d2_S_82 |        963 |        963 |       0 |    0 |    18 |      0 |      0 |    0 |          0 |
|   sparse_arr_feat_reduce_out_6_U                                      |                                                    hls_dummy_fifo_w8_d2_S_83 |        120 |        120 |       0 |    0 |    18 |      0 |      0 |    0 |          0 |
|   sparse_arr_feat_reduce_out_7_U                                      |                                                    hls_dummy_fifo_w8_d2_S_84 |        932 |        932 |       0 |    0 |    18 |      0 |      0 |    0 |          0 |
|   sparse_arr_feat_reduce_out_8_U                                      |                                                    hls_dummy_fifo_w8_d2_S_85 |        914 |        914 |       0 |    0 |    18 |      0 |      0 |    0 |          0 |
|   sparse_arr_feat_reduce_out_9_U                                      |                                                    hls_dummy_fifo_w8_d2_S_86 |        898 |        898 |       0 |    0 |    18 |      0 |      0 |    0 |          0 |
|   sparse_arr_feat_reduce_out_U                                        |                                                    hls_dummy_fifo_w8_d2_S_87 |       1042 |       1042 |       0 |    0 |    18 |      0 |      0 |    0 |          0 |
|   sparse_arr_hash_reduce_out_10_U                                     |                                                       hls_dummy_fifo_w4_d2_S |        169 |        169 |       0 |    0 |    12 |      0 |      0 |    0 |          0 |
|   sparse_arr_hash_reduce_out_11_U                                     |                                                    hls_dummy_fifo_w4_d2_S_88 |        125 |        125 |       0 |    0 |    12 |      0 |      0 |    0 |          0 |
|   sparse_arr_hash_reduce_out_12_U                                     |                                                    hls_dummy_fifo_w4_d2_S_89 |         79 |         79 |       0 |    0 |    12 |      0 |      0 |    0 |          0 |
|   sparse_arr_hash_reduce_out_13_U                                     |                                                    hls_dummy_fifo_w4_d2_S_90 |         50 |         50 |       0 |    0 |    12 |      0 |      0 |    0 |          0 |
|   sparse_arr_hash_reduce_out_14_U                                     |                                                    hls_dummy_fifo_w4_d2_S_91 |         42 |         42 |       0 |    0 |    12 |      0 |      0 |    0 |          0 |
|   sparse_arr_hash_reduce_out_15_U                                     |                                                    hls_dummy_fifo_w4_d2_S_92 |         35 |         35 |       0 |    0 |    12 |      0 |      0 |    0 |          0 |
|   sparse_arr_hash_reduce_out_16_U                                     |                                                    hls_dummy_fifo_w4_d2_S_93 |         33 |         33 |       0 |    0 |    12 |      0 |      0 |    0 |          0 |
|   sparse_arr_hash_reduce_out_17_U                                     |                                                    hls_dummy_fifo_w4_d2_S_94 |         28 |         28 |       0 |    0 |    12 |      0 |      0 |    0 |          0 |
|   sparse_arr_hash_reduce_out_18_U                                     |                                                    hls_dummy_fifo_w4_d2_S_95 |         29 |         29 |       0 |    0 |    12 |      0 |      0 |    0 |          0 |
|   sparse_arr_hash_reduce_out_19_U                                     |                                                    hls_dummy_fifo_w4_d2_S_96 |         36 |         36 |       0 |    0 |    12 |      0 |      0 |    0 |          0 |
|   sparse_arr_hash_reduce_out_1_U                                      |                                                    hls_dummy_fifo_w4_d2_S_97 |         41 |         41 |       0 |    0 |    12 |      0 |      0 |    0 |          0 |
|   sparse_arr_hash_reduce_out_20_U                                     |                                                    hls_dummy_fifo_w4_d2_S_98 |         40 |         40 |       0 |    0 |    12 |      0 |      0 |    0 |          0 |
|   sparse_arr_hash_reduce_out_21_U                                     |                                                    hls_dummy_fifo_w4_d2_S_99 |         43 |         43 |       0 |    0 |    12 |      0 |      0 |    0 |          0 |
|   sparse_arr_hash_reduce_out_22_U                                     |                                                   hls_dummy_fifo_w4_d2_S_100 |        148 |        148 |       0 |    0 |    12 |      0 |      0 |    0 |          0 |
|   sparse_arr_hash_reduce_out_23_U                                     |                                                   hls_dummy_fifo_w4_d2_S_101 |         82 |         82 |       0 |    0 |    12 |      0 |      0 |    0 |          0 |
|   sparse_arr_hash_reduce_out_24_U                                     |                                                   hls_dummy_fifo_w4_d2_S_102 |        132 |        132 |       0 |    0 |    12 |      0 |      0 |    0 |          0 |
|   sparse_arr_hash_reduce_out_25_U                                     |                                                   hls_dummy_fifo_w4_d2_S_103 |         67 |         67 |       0 |    0 |    12 |      0 |      0 |    0 |          0 |
|   sparse_arr_hash_reduce_out_26_U                                     |                                                   hls_dummy_fifo_w4_d2_S_104 |         37 |         37 |       0 |    0 |    12 |      0 |      0 |    0 |          0 |
|   sparse_arr_hash_reduce_out_27_U                                     |                                                   hls_dummy_fifo_w4_d2_S_105 |         38 |         38 |       0 |    0 |    12 |      0 |      0 |    0 |          0 |
|   sparse_arr_hash_reduce_out_28_U                                     |                                                   hls_dummy_fifo_w4_d2_S_106 |         27 |         27 |       0 |    0 |    12 |      0 |      0 |    0 |          0 |
|   sparse_arr_hash_reduce_out_29_U                                     |                                                   hls_dummy_fifo_w4_d2_S_107 |         39 |         39 |       0 |    0 |    12 |      0 |      0 |    0 |          0 |
|   sparse_arr_hash_reduce_out_2_U                                      |                                                   hls_dummy_fifo_w4_d2_S_108 |         36 |         36 |       0 |    0 |    12 |      0 |      0 |    0 |          0 |
|   sparse_arr_hash_reduce_out_30_U                                     |                                                   hls_dummy_fifo_w4_d2_S_109 |         34 |         34 |       0 |    0 |    12 |      0 |      0 |    0 |          0 |
|   sparse_arr_hash_reduce_out_31_U                                     |                                                   hls_dummy_fifo_w4_d2_S_110 |         32 |         32 |       0 |    0 |    12 |      0 |      0 |    0 |          0 |
|   sparse_arr_hash_reduce_out_32_U                                     |                                                   hls_dummy_fifo_w4_d2_S_111 |         40 |         40 |       0 |    0 |    12 |      0 |      0 |    0 |          0 |
|   sparse_arr_hash_reduce_out_33_U                                     |                                                   hls_dummy_fifo_w4_d2_S_112 |         35 |         35 |       0 |    0 |    12 |      0 |      0 |    0 |          0 |
|   sparse_arr_hash_reduce_out_34_U                                     |                                                   hls_dummy_fifo_w4_d2_S_113 |         34 |         34 |       0 |    0 |    12 |      0 |      0 |    0 |          0 |
|   sparse_arr_hash_reduce_out_35_U                                     |                                                   hls_dummy_fifo_w4_d2_S_114 |         40 |         40 |       0 |    0 |    12 |      0 |      0 |    0 |          0 |
|   sparse_arr_hash_reduce_out_36_U                                     |                                                   hls_dummy_fifo_w4_d2_S_115 |         89 |         89 |       0 |    0 |    12 |      0 |      0 |    0 |          0 |
|   sparse_arr_hash_reduce_out_37_U                                     |                                                   hls_dummy_fifo_w4_d2_S_116 |         65 |         65 |       0 |    0 |    12 |      0 |      0 |    0 |          0 |
|   sparse_arr_hash_reduce_out_38_U                                     |                                                   hls_dummy_fifo_w4_d2_S_117 |        207 |        207 |       0 |    0 |    12 |      0 |      0 |    0 |          0 |
|   sparse_arr_hash_reduce_out_39_U                                     |                                                   hls_dummy_fifo_w4_d2_S_118 |        126 |        126 |       0 |    0 |    12 |      0 |      0 |    0 |          0 |
|   sparse_arr_hash_reduce_out_3_U                                      |                                                   hls_dummy_fifo_w4_d2_S_119 |         28 |         28 |       0 |    0 |    12 |      0 |      0 |    0 |          0 |
|   sparse_arr_hash_reduce_out_40_U                                     |                                                   hls_dummy_fifo_w4_d2_S_120 |        194 |        194 |       0 |    0 |    12 |      0 |      0 |    0 |          0 |
|   sparse_arr_hash_reduce_out_41_U                                     |                                                   hls_dummy_fifo_w4_d2_S_121 |        123 |        123 |       0 |    0 |    12 |      0 |      0 |    0 |          0 |
|   sparse_arr_hash_reduce_out_42_U                                     |                                                   hls_dummy_fifo_w4_d2_S_122 |        177 |        177 |       0 |    0 |    12 |      0 |      0 |    0 |          0 |
|   sparse_arr_hash_reduce_out_43_U                                     |                                                   hls_dummy_fifo_w4_d2_S_123 |         92 |         92 |       0 |    0 |    12 |      0 |      0 |    0 |          0 |
|   sparse_arr_hash_reduce_out_44_U                                     |                                                   hls_dummy_fifo_w4_d2_S_124 |         34 |         34 |       0 |    0 |    12 |      0 |      0 |    0 |          0 |
|   sparse_arr_hash_reduce_out_45_U                                     |                                                   hls_dummy_fifo_w4_d2_S_125 |         41 |         41 |       0 |    0 |    12 |      0 |      0 |    0 |          0 |
|   sparse_arr_hash_reduce_out_46_U                                     |                                                   hls_dummy_fifo_w4_d2_S_126 |         67 |         67 |       0 |    0 |    12 |      0 |      0 |    0 |          0 |
|   sparse_arr_hash_reduce_out_47_U                                     |                                                   hls_dummy_fifo_w4_d2_S_127 |         59 |         59 |       0 |    0 |    12 |      0 |      0 |    0 |          0 |
|   sparse_arr_hash_reduce_out_48_U                                     |                                                   hls_dummy_fifo_w4_d2_S_128 |        214 |        214 |       0 |    0 |    12 |      0 |      0 |    0 |          0 |
|   sparse_arr_hash_reduce_out_49_U                                     |                                                   hls_dummy_fifo_w4_d2_S_129 |        101 |        101 |       0 |    0 |    12 |      0 |      0 |    0 |          0 |
|   sparse_arr_hash_reduce_out_4_U                                      |                                                   hls_dummy_fifo_w4_d2_S_130 |         36 |         36 |       0 |    0 |    12 |      0 |      0 |    0 |          0 |
|   sparse_arr_hash_reduce_out_50_U                                     |                                                   hls_dummy_fifo_w4_d2_S_131 |         38 |         38 |       0 |    0 |    12 |      0 |      0 |    0 |          0 |
|   sparse_arr_hash_reduce_out_51_U                                     |                                                   hls_dummy_fifo_w4_d2_S_132 |         35 |         35 |       0 |    0 |    12 |      0 |      0 |    0 |          0 |
|   sparse_arr_hash_reduce_out_52_U                                     |                                                   hls_dummy_fifo_w4_d2_S_133 |         45 |         45 |       0 |    0 |    12 |      0 |      0 |    0 |          0 |
|   sparse_arr_hash_reduce_out_53_U                                     |                                                   hls_dummy_fifo_w4_d2_S_134 |         33 |         33 |       0 |    0 |    12 |      0 |      0 |    0 |          0 |
|   sparse_arr_hash_reduce_out_54_U                                     |                                                   hls_dummy_fifo_w4_d2_S_135 |         46 |         46 |       0 |    0 |    12 |      0 |      0 |    0 |          0 |
|   sparse_arr_hash_reduce_out_55_U                                     |                                                   hls_dummy_fifo_w4_d2_S_136 |         38 |         38 |       0 |    0 |    12 |      0 |      0 |    0 |          0 |
|   sparse_arr_hash_reduce_out_56_U                                     |                                                   hls_dummy_fifo_w4_d2_S_137 |         38 |         38 |       0 |    0 |    12 |      0 |      0 |    0 |          0 |
|   sparse_arr_hash_reduce_out_57_U                                     |                                                   hls_dummy_fifo_w4_d2_S_138 |         40 |         40 |       0 |    0 |    12 |      0 |      0 |    0 |          0 |
|   sparse_arr_hash_reduce_out_58_U                                     |                                                   hls_dummy_fifo_w4_d2_S_139 |        181 |        181 |       0 |    0 |    12 |      0 |      0 |    0 |          0 |
|   sparse_arr_hash_reduce_out_59_U                                     |                                                   hls_dummy_fifo_w4_d2_S_140 |        123 |        123 |       0 |    0 |    12 |      0 |      0 |    0 |          0 |
|   sparse_arr_hash_reduce_out_5_U                                      |                                                   hls_dummy_fifo_w4_d2_S_141 |         25 |         25 |       0 |    0 |    12 |      0 |      0 |    0 |          0 |
|   sparse_arr_hash_reduce_out_6_U                                      |                                                   hls_dummy_fifo_w4_d2_S_142 |         26 |         26 |       0 |    0 |    12 |      0 |      0 |    0 |          0 |
|   sparse_arr_hash_reduce_out_7_U                                      |                                                   hls_dummy_fifo_w4_d2_S_143 |         40 |         40 |       0 |    0 |    12 |      0 |      0 |    0 |          0 |
|   sparse_arr_hash_reduce_out_8_U                                      |                                                   hls_dummy_fifo_w4_d2_S_144 |        178 |        178 |       0 |    0 |    12 |      0 |      0 |    0 |          0 |
|   sparse_arr_hash_reduce_out_9_U                                      |                                                   hls_dummy_fifo_w4_d2_S_145 |        104 |        104 |       0 |    0 |    12 |      0 |      0 |    0 |          0 |
|   sparse_arr_hash_reduce_out_U                                        |                                                   hls_dummy_fifo_w4_d2_S_146 |         32 |         32 |       0 |    0 |    12 |      0 |      0 |    0 |          0 |
|   sparse_conv_ap_fixed_ap_fixed_ap_uint_ap_fixed_ap_fixed_30_1_1_3_U0 | hls_dummy_sparse_conv_ap_fixed_ap_fixed_ap_uint_ap_fixed_ap_fixed_30_1_1_3_s |      56260 |      56260 |       0 |    0 | 10941 |      0 |      0 |    0 |          0 |
|   sparse_input_reduce_ap_fixed_8_2_5_3_0_ap_uint_10_10_10_1_30_4_U0   |     hls_dummy_sparse_input_reduce_ap_fixed_8_2_5_3_0_ap_uint_10_10_10_1_30_4 |       2535 |       2535 |       0 |    0 |  1564 |      0 |      0 |    0 |          0 |
|   sparse_relu_ap_fixed_8_2_5_3_0_ap_fixed_8_2_5_3_0_30_1_U0           |           hls_dummy_sparse_relu_ap_fixed_8_2_5_3_0_ap_fixed_8_2_5_3_0_30_1_s |        239 |        239 |       0 |    0 |   213 |      0 |      0 |    0 |          0 |
+-----------------------------------------------------------------------+------------------------------------------------------------------------------+------------+------------+---------+------+-------+--------+--------+------+------------+


