

================================================================
== Vitis HLS Report for 'dense_latency_ap_ufixed_8_4_4_0_0_ap_fixed_22_8_5_3_0_config13_s'
================================================================
* Date:           Mon Sep  1 00:20:23 2025

* Version:        2023.1 (Build 3854077 on May  4 2023)
* Project:        myhls_prj
* Solution:       solution1 (Vivado IP Flow Target)
* Product family: virtexuplus
* Target device:  xcu250-figd2104-2L-e


================================================================
== Performance Estimates
================================================================
+ Timing: 
    * Summary: 
    +--------+---------+----------+------------+
    |  Clock |  Target | Estimated| Uncertainty|
    +--------+---------+----------+------------+
    |ap_clk  |  5.00 ns|  3.647 ns|     1.35 ns|
    +--------+---------+----------+------------+

+ Latency: 
    * Summary: 
    +---------+---------+-----------+-----------+-----+-----+---------+
    |  Latency (cycles) |   Latency (absolute)  |  Interval | Pipeline|
    |   min   |   max   |    min    |    max    | min | max |   Type  |
    +---------+---------+-----------+-----------+-----+-----+---------+
    |        2|        2|  10.000 ns|  10.000 ns|    1|    1|      yes|
    +---------+---------+-----------+-----------+-----+-----+---------+

    + Detail: 
        * Instance: 
        N/A

        * Loop: 
        N/A



================================================================
== Utilization Estimates
================================================================
* Summary: 
+---------------------+---------+-------+---------+---------+------+
|         Name        | BRAM_18K|  DSP  |    FF   |   LUT   | URAM |
+---------------------+---------+-------+---------+---------+------+
|DSP                  |        -|      -|        -|        -|     -|
|Expression           |        -|      -|        0|     2786|     -|
|FIFO                 |        -|      -|        -|        -|     -|
|Instance             |        -|      0|        0|      160|     -|
|Memory               |        -|      -|        -|        -|     -|
|Multiplexer          |        -|      -|        -|       54|     -|
|Register             |        -|      -|      570|        -|     -|
+---------------------+---------+-------+---------+---------+------+
|Total                |        0|      0|      570|     3000|     0|
+---------------------+---------+-------+---------+---------+------+
|Available SLR        |     1344|   3072|   864000|   432000|   320|
+---------------------+---------+-------+---------+---------+------+
|Utilization SLR (%)  |        0|      0|       ~0|       ~0|     0|
+---------------------+---------+-------+---------+---------+------+
|Available            |     5376|  12288|  3456000|  1728000|  1280|
+---------------------+---------+-------+---------+---------+------+
|Utilization (%)      |        0|      0|       ~0|       ~0|     0|
+---------------------+---------+-------+---------+---------+------+

+ Detail: 
    * Instance: 
    +--------------------------+--------------------+---------+----+---+----+-----+
    |         Instance         |       Module       | BRAM_18K| DSP| FF| LUT| URAM|
    +--------------------------+--------------------+---------+----+---+----+-----+
    |mul_8ns_5ns_12_1_1_U3852  |mul_8ns_5ns_12_1_1  |        0|   0|  0|  40|    0|
    |mul_8ns_5s_13_1_1_U3853   |mul_8ns_5s_13_1_1   |        0|   0|  0|  40|    0|
    |mul_8ns_6s_14_1_1_U3851   |mul_8ns_6s_14_1_1   |        0|   0|  0|  40|    0|
    |mul_8ns_7ns_14_1_1_U3854  |mul_8ns_7ns_14_1_1  |        0|   0|  0|  40|    0|
    +--------------------------+--------------------+---------+----+---+----+-----+
    |Total                     |                    |        0|   0|  0| 160|    0|
    +--------------------------+--------------------+---------+----+---+----+-----+

    * DSP: 
    N/A

    * Memory: 
    N/A

    * FIFO: 
    N/A

    * Expression: 
    +---------------------------+----------+----+---+----+------------+------------+
    |       Variable Name       | Operation| DSP| FF| LUT| Bitwidth P0| Bitwidth P1|
    +---------------------------+----------+----+---+----+------------+------------+
    |add_ln58_3787_fu_3630_p2   |         +|   0|  0|  28|          21|          21|
    |add_ln58_3788_fu_3640_p2   |         +|   0|  0|  26|          19|          14|
    |add_ln58_3789_fu_3650_p2   |         +|   0|  0|  22|          22|          22|
    |add_ln58_3790_fu_3656_p2   |         +|   0|  0|  22|          22|          22|
    |add_ln58_3791_fu_3669_p2   |         +|   0|  0|  27|          20|          20|
    |add_ln58_3792_fu_3679_p2   |         +|   0|  0|  28|          21|          21|
    |add_ln58_3793_fu_3689_p2   |         +|   0|  0|  29|          22|          22|
    |add_ln58_3794_fu_3695_p2   |         +|   0|  0|  23|          16|          13|
    |add_ln58_3795_fu_3705_p2   |         +|   0|  0|  22|          22|          22|
    |add_ln58_3796_fu_3711_p2   |         +|   0|  0|  22|          22|          22|
    |add_ln58_3797_fu_3767_p2   |         +|   0|  0|  25|          18|          16|
    |add_ln58_3798_fu_3777_p2   |         +|   0|  0|  22|          22|          22|
    |add_ln58_3799_fu_3783_p2   |         +|   0|  0|  26|          19|          19|
    |add_ln58_3800_fu_3793_p2   |         +|   0|  0|  27|          20|          20|
    |add_ln58_3801_fu_3803_p2   |         +|   0|  0|  22|          22|          22|
    |add_ln58_3802_fu_3887_p2   |         +|   0|  0|  24|          17|          17|
    |add_ln58_3803_fu_3897_p2   |         +|   0|  0|  22|          22|          15|
    |add_ln58_3804_fu_3903_p2   |         +|   0|  0|  22|          22|          22|
    |add_ln58_3805_fu_3943_p2   |         +|   0|  0|  25|          18|          16|
    |add_ln58_3806_fu_3953_p2   |         +|   0|  0|  29|          22|          22|
    |add_ln58_fu_3620_p2        |         +|   0|  0|  27|          20|          20|
    |add_ln73_353_fu_3067_p2    |         +|   0|  0|  19|          12|          12|
    |add_ln73_354_fu_3146_p2    |         +|   0|  0|  17|          12|          12|
    |add_ln73_355_fu_3843_p2    |         +|   0|  0|  18|          11|          11|
    |add_ln73_356_fu_1964_p2    |         +|   0|  0|  19|          12|          12|
    |add_ln73_fu_2741_p2        |         +|   0|  0|  19|          12|          12|
    |empty_117_fu_2610_p2       |         +|   0|  0|  16|          14|          14|
    |empty_120_fu_2649_p2       |         +|   0|  0|  19|          12|          12|
    |empty_121_fu_2696_p2       |         +|   0|  0|  16|          14|          14|
    |empty_123_fu_1948_p2       |         +|   0|  0|  17|          12|          12|
    |empty_125_fu_2850_p2       |         +|   0|  0|  16|          14|          14|
    |empty_126_fu_2938_p2       |         +|   0|  0|  19|          12|          12|
    |empty_127_fu_2982_p2       |         +|   0|  0|  16|          15|          15|
    |empty_129_fu_3738_p2       |         +|   0|  0|  16|          15|          15|
    |empty_131_fu_3134_p2       |         +|   0|  0|  16|          15|          15|
    |empty_133_fu_3162_p2       |         +|   0|  0|  16|          15|          15|
    |empty_136_fu_3184_p2       |         +|   0|  0|  19|          12|          12|
    |empty_137_fu_3821_p2       |         +|   0|  0|  16|          15|          15|
    |empty_139_fu_3837_p2       |         +|   0|  0|  16|          15|          15|
    |empty_141_fu_1954_p2       |         +|   0|  0|  19|          12|          12|
    |empty_142_fu_1974_p2       |         +|   0|  0|  20|          13|          13|
    |empty_145_fu_3225_p2       |         +|   0|  0|  16|          14|          14|
    |empty_147_fu_3247_p2       |         +|   0|  0|  16|          14|          14|
    |empty_149_fu_3311_p2       |         +|   0|  0|  16|          15|          15|
    |empty_151_fu_3917_p2       |         +|   0|  0|  16|          15|          15|
    |empty_fu_1924_p2           |         +|   0|  0|  17|          12|          12|
    |tmp25_fu_2670_p2           |         +|   0|  0|  16|          14|          14|
    |tmp26_fu_2686_p2           |         +|   0|  0|  19|          12|          12|
    |tmp27_fu_2676_p2           |         +|   0|  0|  17|          10|          10|
    |tmp32_fu_2818_p2           |         +|   0|  0|  16|          14|          14|
    |tmp33_fu_2802_p2           |         +|   0|  0|  21|          14|          14|
    |tmp34_fu_2808_p2           |         +|   0|  0|  20|          13|          13|
    |tmp35_fu_2840_p2           |         +|   0|  0|  17|          13|          13|
    |tmp36_fu_2824_p2           |         +|   0|  0|  17|          13|          13|
    |tmp3709_fu_3606_p2         |         +|   0|  0|  22|          15|          15|
    |tmp37_fu_2830_p2           |         +|   0|  0|  17|          11|          11|
    |tmp3857_fu_2924_p2         |         +|   0|  0|  16|          15|          15|
    |tmp38_fu_2898_p2           |         +|   0|  0|  16|          15|          15|
    |tmp39_fu_2888_p2           |         +|   0|  0|  20|          13|          13|
    |tmp4015_fu_3753_p2         |         +|   0|  0|  16|          15|          15|
    |tmp40_fu_2914_p2           |         +|   0|  0|  21|          14|          14|
    |tmp4183_fu_3873_p2         |         +|   0|  0|  16|          15|          15|
    |tmp41_fu_2904_p2           |         +|   0|  0|  20|          13|          13|
    |tmp47_fu_2956_p2           |         +|   0|  0|  16|          15|          15|
    |tmp48_fu_2972_p2           |         +|   0|  0|  21|          14|          14|
    |tmp49_fu_2962_p2           |         +|   0|  0|  20|          13|          13|
    |tmp50_fu_3730_p2           |         +|   0|  0|  16|          15|          15|
    |tmp51_fu_3035_p2           |         +|   0|  0|  16|          15|          15|
    |tmp52_fu_3724_p2           |         +|   0|  0|  22|          15|          15|
    |tmp53_fu_3061_p2           |         +|   0|  0|  21|          14|          14|
    |tmp54_fu_3041_p2           |         +|   0|  0|  17|          12|          12|
    |tmp55_fu_3051_p2           |         +|   0|  0|  20|          13|          13|
    |tmp56_fu_3081_p2           |         +|   0|  0|  20|          13|          13|
    |tmp60_fu_3118_p2           |         +|   0|  0|  16|          15|          15|
    |tmp61_fu_3124_p2           |         +|   0|  0|  20|          13|          13|
    |tmp62_fu_3152_p2           |         +|   0|  0|  17|          12|          12|
    |tmp63_fu_3813_p2           |         +|   0|  0|  16|          15|          15|
    |tmp64_fu_3194_p2           |         +|   0|  0|  21|          14|          14|
    |tmp65_fu_3863_p2           |         +|   0|  0|  20|          13|          13|
    |tmp68_fu_3237_p2           |         +|   0|  0|  20|          13|          13|
    |tmp69_fu_3295_p2           |         +|   0|  0|  16|          15|          15|
    |tmp70_fu_3301_p2           |         +|   0|  0|  17|          13|          13|
    |tmp_fu_2600_p2             |         +|   0|  0|  20|          13|          13|
    |empty_116_fu_2590_p2       |         -|   0|  0|  20|          13|          13|
    |empty_118_fu_2616_p2       |         -|   0|  0|  16|          14|          14|
    |empty_119_fu_2643_p2       |         -|   0|  0|  16|          14|          14|
    |empty_122_fu_2702_p2       |         -|   0|  0|  16|          14|          14|
    |empty_124_fu_2721_p2       |         -|   0|  0|  20|          13|          13|
    |empty_128_fu_3009_p2       |         -|   0|  0|  16|          15|          15|
    |empty_130_fu_3744_p2       |         -|   0|  0|  16|          15|          15|
    |empty_132_fu_3140_p2       |         -|   0|  0|  16|          15|          15|
    |empty_134_fu_3168_p2       |         -|   0|  0|  16|          15|          15|
    |empty_135_fu_3178_p2       |         -|   0|  0|  16|          15|          15|
    |empty_138_fu_3831_p2       |         -|   0|  0|  16|          15|          15|
    |empty_140_fu_3853_p2       |         -|   0|  0|  16|          15|          15|
    |empty_143_fu_3203_p2       |         -|   0|  0|  21|          14|          14|
    |empty_144_fu_3219_p2       |         -|   0|  0|  16|          14|          14|
    |empty_146_fu_3231_p2       |         -|   0|  0|  16|          14|          14|
    |empty_148_fu_3268_p2       |         -|   0|  0|  22|          15|          15|
    |empty_150_fu_3912_p2       |         -|   0|  0|  16|          15|          15|
    |empty_152_fu_3923_p2       |         -|   0|  0|  16|          15|          15|
    |sub_ln42_1_fu_3368_p2      |         -|   0|  0|  16|           1|           9|
    |sub_ln42_2_fu_3458_p2      |         -|   0|  0|  19|          12|          12|
    |sub_ln42_3_fu_3516_p2      |         -|   0|  0|  16|           1|           9|
    |sub_ln42_4_fu_2116_p2      |         -|   0|  0|  20|          13|          13|
    |sub_ln42_fu_2203_p2        |         -|   0|  0|  18|          11|          11|
    |sub_ln73_1683_fu_1887_p2   |         -|   0|  0|  18|           1|          11|
    |sub_ln73_1684_fu_2033_p2   |         -|   0|  0|  19|          12|          12|
    |sub_ln73_1685_fu_2055_p2   |         -|   0|  0|  19|           1|          12|
    |sub_ln73_1686_fu_2091_p2   |         -|   0|  0|  19|           1|          12|
    |sub_ln73_1688_fu_2122_p2   |         -|   0|  0|  19|          12|          12|
    |sub_ln73_1689_fu_2309_p2   |         -|   0|  0|  18|           1|          11|
    |sub_ln73_1690_fu_2350_p2   |         -|   0|  0|  19|          12|          12|
    |sub_ln73_1691_fu_2382_p2   |         -|   0|  0|  19|           1|          12|
    |sub_ln73_1692_fu_2392_p2   |         -|   0|  0|  20|          13|          13|
    |sub_ln73_1693_fu_3412_p2   |         -|   0|  0|  20|          13|          13|
    |sub_ln73_1694_fu_2423_p2   |         -|   0|  0|  19|          12|          12|
    |sub_ln73_1695_fu_2451_p2   |         -|   0|  0|  17|          13|          13|
    |sub_ln73_1696_fu_3498_p2   |         -|   0|  0|  21|          14|          14|
    |sub_ln73_1697_fu_2479_p2   |         -|   0|  0|  19|          12|          12|
    |sub_ln73_1698_fu_2515_p2   |         -|   0|  0|  19|          12|          12|
    |sub_ln73_1699_fu_2532_p2   |         -|   0|  0|  19|           1|          12|
    |sub_ln73_1700_fu_2542_p2   |         -|   0|  0|  20|          13|          13|
    |sub_ln73_1701_fu_3552_p2   |         -|   0|  0|  19|          12|          12|
    |sub_ln73_1702_fu_3583_p2   |         -|   0|  0|  19|          12|          12|
    |sub_ln73_1703_fu_1918_p2   |         -|   0|  0|  17|          12|          12|
    |sub_ln73_1704_fu_2711_p2   |         -|   0|  0|  20|          13|          13|
    |sub_ln73_1705_fu_2731_p2   |         -|   0|  0|  19|          12|          12|
    |sub_ln73_1706_fu_2768_p2   |         -|   0|  0|  19|          12|          12|
    |sub_ln73_1707_fu_3019_p2   |         -|   0|  0|  19|          12|          12|
    |sub_ln73_1708_fu_3025_p2   |         -|   0|  0|  17|          12|          12|
    |sub_ln73_1709_fu_3087_p2   |         -|   0|  0|  22|          15|          15|
    |sub_ln73_1710_fu_3104_p2   |         -|   0|  0|  19|          12|          12|
    |sub_ln73_1711_fu_3209_p2   |         -|   0|  0|  18|          11|          11|
    |sub_ln73_1893_fu_2580_p2   |         -|   0|  0|  19|          12|          12|
    |sub_ln73_1894_fu_2633_p2   |         -|   0|  0|  18|          11|          11|
    |sub_ln73_1895_fu_1942_p2   |         -|   0|  0|  17|          12|          12|
    |sub_ln73_1896_fu_2762_p2   |         -|   0|  0|  17|          11|          11|
    |sub_ln73_1897_fu_2778_p2   |         -|   0|  0|  19|          12|          12|
    |sub_ln73_1898_fu_2792_p2   |         -|   0|  0|  19|          12|          12|
    |sub_ln73_1899_fu_2868_p2   |         -|   0|  0|  19|          12|          12|
    |sub_ln73_1900_fu_2878_p2   |         -|   0|  0|  19|          12|          12|
    |sub_ln73_1901_fu_2999_p2   |         -|   0|  0|  21|          14|          14|
    |sub_ln73_1902_fu_3285_p2   |         -|   0|  0|  20|          13|          13|
    |sub_ln73_fu_1998_p2        |         -|   0|  0|  21|           1|          14|
    |tmp4341_fu_3929_p2         |         -|   0|  0|  16|          15|          15|
    |ap_block_pp0_stage0_11001  |        or|   0|  0|   2|           1|           1|
    |ap_enable_pp0              |       xor|   0|  0|   2|           1|           2|
    +---------------------------+----------+----+---+----+------------+------------+
    |Total                      |          |   0|  0|2786|        1983|        2058|
    +---------------------------+----------+----+---+----+------------+------------+

    * Multiplexer: 
    +-------------+----+-----------+-----+-----------+
    |     Name    | LUT| Input Size| Bits| Total Bits|
    +-------------+----+-----------+-----+-----------+
    |ap_done      |   9|          2|    1|          2|
    |ap_return_0  |   9|          2|   15|         30|
    |ap_return_1  |   9|          2|   15|         30|
    |ap_return_2  |   9|          2|   15|         30|
    |ap_return_3  |   9|          2|   15|         30|
    |ap_return_4  |   9|          2|   15|         30|
    +-------------+----+-----------+-----+-----------+
    |Total        |  54|         12|   76|        152|
    +-------------+----+-----------+-----+-----------+

    * Register: 
    +-----------------------------------+----+----+-----+-----------+
    |                Name               | FF | LUT| Bits| Const Bits|
    +-----------------------------------+----+----+-----+-----------+
    |ap_CS_fsm                          |   1|   0|    1|          0|
    |ap_done_reg                        |   1|   0|    1|          0|
    |ap_enable_reg_pp0_iter1            |   1|   0|    1|          0|
    |ap_enable_reg_pp0_iter2            |   1|   0|    1|          0|
    |ap_return_0_preg                   |  15|   0|   22|          7|
    |ap_return_1_preg                   |  15|   0|   22|          7|
    |ap_return_2_preg                   |  15|   0|   22|          7|
    |ap_return_3_preg                   |  15|   0|   22|          7|
    |ap_return_4_preg                   |  15|   0|   22|          7|
    |empty_122_reg_4209                 |  14|   0|   14|          0|
    |empty_123_reg_4159                 |  12|   0|   12|          0|
    |empty_135_reg_4234                 |  15|   0|   15|          0|
    |empty_142_reg_4164                 |  13|   0|   13|          0|
    |empty_149_reg_4244                 |  15|   0|   15|          0|
    |empty_reg_4154                     |  12|   0|   12|          0|
    |mul_ln73_839_reg_713               |  13|   0|   13|          0|
    |p_read10146_reg_4064               |   8|   0|    8|          0|
    |p_read1137_reg_4136                |   8|   0|    8|          0|
    |p_read1137_reg_4136_pp0_iter1_reg  |   8|   0|    8|          0|
    |p_read136_reg_4142                 |   8|   0|    8|          0|
    |p_read2138_reg_4129                |   8|   0|    8|          0|
    |p_read3139_reg_4121                |   8|   0|    8|          0|
    |p_read4140_reg_4115                |   8|   0|    8|          0|
    |p_read5141_reg_4105                |   8|   0|    8|          0|
    |p_read6142_reg_4096                |   8|   0|    8|          0|
    |p_read7143_reg_4088                |   8|   0|    8|          0|
    |p_read8144_reg_4080                |   8|   0|    8|          0|
    |p_read8144_reg_4080_pp0_iter1_reg  |   8|   0|    8|          0|
    |p_read9145_reg_4072                |   8|   0|    8|          0|
    |p_read9145_reg_4072_pp0_iter1_reg  |   8|   0|    8|          0|
    |p_read_433_reg_3989                |   8|   0|    8|          0|
    |p_read_433_reg_3989_pp0_iter1_reg  |   8|   0|    8|          0|
    |p_read_434_reg_3997                |   8|   0|    8|          0|
    |p_read_434_reg_3997_pp0_iter1_reg  |   8|   0|    8|          0|
    |p_read_435_reg_4006                |   8|   0|    8|          0|
    |p_read_435_reg_4006_pp0_iter1_reg  |   8|   0|    8|          0|
    |p_read_436_reg_4014                |   8|   0|    8|          0|
    |p_read_436_reg_4014_pp0_iter1_reg  |   8|   0|    8|          0|
    |p_read_437_reg_4021                |   8|   0|    8|          0|
    |p_read_437_reg_4021_pp0_iter1_reg  |   8|   0|    8|          0|
    |p_read_438_reg_4029                |   8|   0|    8|          0|
    |p_read_438_reg_4029_pp0_iter1_reg  |   8|   0|    8|          0|
    |p_read_439_reg_4036                |   8|   0|    8|          0|
    |p_read_440_reg_4045                |   8|   0|    8|          0|
    |p_read_440_reg_4045_pp0_iter1_reg  |   8|   0|    8|          0|
    |p_read_441_reg_4053                |   8|   0|    8|          0|
    |shl_ln73_957_reg_4184              |   8|   0|   11|          3|
    |shl_ln73_958_reg_4189              |   8|   0|    9|          1|
    |sub_ln42_4_reg_4169                |  12|   0|   13|          1|
    |sub_ln42_reg_4174                  |  11|   0|   11|          0|
    |sub_ln73_1692_reg_4179             |  12|   0|   13|          1|
    |sub_ln73_1700_reg_4194             |  12|   0|   13|          1|
    |tmp3857_reg_4214                   |  15|   0|   15|          0|
    |tmp51_reg_4219                     |  15|   0|   15|          0|
    |tmp53_reg_4224                     |  14|   0|   14|          0|
    |tmp56_reg_4229                     |  13|   0|   13|          0|
    |tmp64_reg_4239                     |  13|   0|   14|          1|
    |zext_ln73_2424_reg_4149            |   8|   0|   12|          4|
    |zext_ln73_2479_reg_4199            |   8|   0|   12|          4|
    |zext_ln73_2482_reg_4204            |   8|   0|   12|          4|
    +-----------------------------------+----+----+-----+-----------+
    |Total                              | 570|   0|  625|         55|
    +-----------------------------------+----+----+-----+-----------+



================================================================
== Interface
================================================================
* Summary: 
+-------------+-----+-----+------------+-----------------------------------------------------------------------------+--------------+
|  RTL Ports  | Dir | Bits|  Protocol  |                                Source Object                                |    C Type    |
+-------------+-----+-----+------------+-----------------------------------------------------------------------------+--------------+
|ap_clk       |   in|    1|  ap_ctrl_hs|  dense_latency<ap_ufixed<8, 4, 4, 0, 0>, ap_fixed<22, 8, 5, 3, 0>, config13>|  return value|
|ap_rst       |   in|    1|  ap_ctrl_hs|  dense_latency<ap_ufixed<8, 4, 4, 0, 0>, ap_fixed<22, 8, 5, 3, 0>, config13>|  return value|
|ap_start     |   in|    1|  ap_ctrl_hs|  dense_latency<ap_ufixed<8, 4, 4, 0, 0>, ap_fixed<22, 8, 5, 3, 0>, config13>|  return value|
|ap_done      |  out|    1|  ap_ctrl_hs|  dense_latency<ap_ufixed<8, 4, 4, 0, 0>, ap_fixed<22, 8, 5, 3, 0>, config13>|  return value|
|ap_continue  |   in|    1|  ap_ctrl_hs|  dense_latency<ap_ufixed<8, 4, 4, 0, 0>, ap_fixed<22, 8, 5, 3, 0>, config13>|  return value|
|ap_idle      |  out|    1|  ap_ctrl_hs|  dense_latency<ap_ufixed<8, 4, 4, 0, 0>, ap_fixed<22, 8, 5, 3, 0>, config13>|  return value|
|ap_ready     |  out|    1|  ap_ctrl_hs|  dense_latency<ap_ufixed<8, 4, 4, 0, 0>, ap_fixed<22, 8, 5, 3, 0>, config13>|  return value|
|ap_return_0  |  out|   22|  ap_ctrl_hs|  dense_latency<ap_ufixed<8, 4, 4, 0, 0>, ap_fixed<22, 8, 5, 3, 0>, config13>|  return value|
|ap_return_1  |  out|   22|  ap_ctrl_hs|  dense_latency<ap_ufixed<8, 4, 4, 0, 0>, ap_fixed<22, 8, 5, 3, 0>, config13>|  return value|
|ap_return_2  |  out|   22|  ap_ctrl_hs|  dense_latency<ap_ufixed<8, 4, 4, 0, 0>, ap_fixed<22, 8, 5, 3, 0>, config13>|  return value|
|ap_return_3  |  out|   22|  ap_ctrl_hs|  dense_latency<ap_ufixed<8, 4, 4, 0, 0>, ap_fixed<22, 8, 5, 3, 0>, config13>|  return value|
|ap_return_4  |  out|   22|  ap_ctrl_hs|  dense_latency<ap_ufixed<8, 4, 4, 0, 0>, ap_fixed<22, 8, 5, 3, 0>, config13>|  return value|
|p_read       |   in|    8|     ap_none|                                                                       p_read|        scalar|
|p_read1      |   in|    8|     ap_none|                                                                      p_read1|        scalar|
|p_read2      |   in|    8|     ap_none|                                                                      p_read2|        scalar|
|p_read3      |   in|    8|     ap_none|                                                                      p_read3|        scalar|
|p_read4      |   in|    8|     ap_none|                                                                      p_read4|        scalar|
|p_read5      |   in|    8|     ap_none|                                                                      p_read5|        scalar|
|p_read6      |   in|    8|     ap_none|                                                                      p_read6|        scalar|
|p_read7      |   in|    8|     ap_none|                                                                      p_read7|        scalar|
|p_read8      |   in|    8|     ap_none|                                                                      p_read8|        scalar|
|p_read9      |   in|    8|     ap_none|                                                                      p_read9|        scalar|
|p_read10     |   in|    8|     ap_none|                                                                     p_read10|        scalar|
|p_read11     |   in|    8|     ap_none|                                                                     p_read11|        scalar|
|p_read12     |   in|    8|     ap_none|                                                                     p_read12|        scalar|
|p_read13     |   in|    8|     ap_none|                                                                     p_read13|        scalar|
|p_read14     |   in|    8|     ap_none|                                                                     p_read14|        scalar|
|p_read15     |   in|    8|     ap_none|                                                                     p_read15|        scalar|
|p_read16     |   in|    8|     ap_none|                                                                     p_read16|        scalar|
|p_read17     |   in|    8|     ap_none|                                                                     p_read17|        scalar|
|p_read18     |   in|    8|     ap_none|                                                                     p_read18|        scalar|
|p_read19     |   in|    8|     ap_none|                                                                     p_read19|        scalar|
+-------------+-----+-----+------------+-----------------------------------------------------------------------------+--------------+

