

================================================================
== Vitis HLS Report for 'sparse_conv_ap_fixed_ap_fixed_ap_uint_ap_fixed_ap_fixed_5_2_3_5_s'
================================================================
* Date:           Tue Sep  9 11:14:50 2025

* Version:        2023.1 (Build 3854077 on May  4 2023)
* Project:        hls_dummy_prj
* Solution:       solution1 (Vivado IP Flow Target)
* Product family: virtexuplus
* Target device:  xcu250-figd2104-2L-e


================================================================
== Performance Estimates
================================================================
+ Timing: 
    * Summary: 
    +--------+---------+----------+------------+
    |  Clock |  Target | Estimated| Uncertainty|
    +--------+---------+----------+------------+
    |ap_clk  |  5.00 ns|  3.646 ns|     1.35 ns|
    +--------+---------+----------+------------+

+ Latency: 
    * Summary: 
    +---------+---------+-----------+-----------+-----+-----+---------+
    |  Latency (cycles) |   Latency (absolute)  |  Interval | Pipeline|
    |   min   |   max   |    min    |    max    | min | max |   Type  |
    +---------+---------+-----------+-----------+-----+-----+---------+
    |        4|        4|  20.000 ns|  20.000 ns|    4|    4|       no|
    +---------+---------+-----------+-----------+-----+-----+---------+

    + Detail: 
        * Instance: 
        N/A

        * Loop: 
        N/A



================================================================
== Utilization Estimates
================================================================
* Summary: 
+---------------------+---------+-------+---------+---------+------+
|         Name        | BRAM_18K|  DSP  |    FF   |   LUT   | URAM |
+---------------------+---------+-------+---------+---------+------+
|DSP                  |        -|     75|        -|        -|     -|
|Expression           |        -|      -|        0|     7507|     -|
|FIFO                 |        -|      -|        -|        -|     -|
|Instance             |        -|     75|        0|      375|     -|
|Memory               |       60|      -|        0|        0|     -|
|Multiplexer          |        -|      -|        -|      130|     -|
|Register             |        -|      -|     3031|        -|     -|
+---------------------+---------+-------+---------+---------+------+
|Total                |       60|    150|     3031|     8012|     0|
+---------------------+---------+-------+---------+---------+------+
|Available SLR        |     1344|   3072|   864000|   432000|   320|
+---------------------+---------+-------+---------+---------+------+
|Utilization SLR (%)  |        4|      4|       ~0|        1|     0|
+---------------------+---------+-------+---------+---------+------+
|Available            |     5376|  12288|  3456000|  1728000|  1280|
+---------------------+---------+-------+---------+---------+------+
|Utilization (%)      |        1|      1|       ~0|       ~0|     0|
+---------------------+---------+-------+---------+---------+------+

+ Detail: 
    * Instance: 
    +-------------------------+--------------------+---------+----+---+----+-----+
    |         Instance        |       Module       | BRAM_18K| DSP| FF| LUT| URAM|
    +-------------------------+--------------------+---------+----+---+----+-----+
    |mul_16s_13s_26_1_1_U88   |mul_16s_13s_26_1_1  |        0|   1|  0|   5|    0|
    |mul_16s_13s_26_1_1_U104  |mul_16s_13s_26_1_1  |        0|   1|  0|   5|    0|
    |mul_16s_13s_26_1_1_U120  |mul_16s_13s_26_1_1  |        0|   1|  0|   5|    0|
    |mul_16s_13s_26_1_1_U136  |mul_16s_13s_26_1_1  |        0|   1|  0|   5|    0|
    |mul_16s_13s_26_1_1_U152  |mul_16s_13s_26_1_1  |        0|   1|  0|   5|    0|
    |mul_16s_14s_26_1_1_U98   |mul_16s_14s_26_1_1  |        0|   1|  0|   5|    0|
    |mul_16s_14s_26_1_1_U114  |mul_16s_14s_26_1_1  |        0|   1|  0|   5|    0|
    |mul_16s_14s_26_1_1_U130  |mul_16s_14s_26_1_1  |        0|   1|  0|   5|    0|
    |mul_16s_14s_26_1_1_U146  |mul_16s_14s_26_1_1  |        0|   1|  0|   5|    0|
    |mul_16s_14s_26_1_1_U162  |mul_16s_14s_26_1_1  |        0|   1|  0|   5|    0|
    |mul_16s_15s_26_1_1_U89   |mul_16s_15s_26_1_1  |        0|   1|  0|   5|    0|
    |mul_16s_15s_26_1_1_U90   |mul_16s_15s_26_1_1  |        0|   1|  0|   5|    0|
    |mul_16s_15s_26_1_1_U91   |mul_16s_15s_26_1_1  |        0|   1|  0|   5|    0|
    |mul_16s_15s_26_1_1_U92   |mul_16s_15s_26_1_1  |        0|   1|  0|   5|    0|
    |mul_16s_15s_26_1_1_U93   |mul_16s_15s_26_1_1  |        0|   1|  0|   5|    0|
    |mul_16s_15s_26_1_1_U94   |mul_16s_15s_26_1_1  |        0|   1|  0|   5|    0|
    |mul_16s_15s_26_1_1_U95   |mul_16s_15s_26_1_1  |        0|   1|  0|   5|    0|
    |mul_16s_15s_26_1_1_U96   |mul_16s_15s_26_1_1  |        0|   1|  0|   5|    0|
    |mul_16s_15s_26_1_1_U97   |mul_16s_15s_26_1_1  |        0|   1|  0|   5|    0|
    |mul_16s_15s_26_1_1_U99   |mul_16s_15s_26_1_1  |        0|   1|  0|   5|    0|
    |mul_16s_15s_26_1_1_U100  |mul_16s_15s_26_1_1  |        0|   1|  0|   5|    0|
    |mul_16s_15s_26_1_1_U101  |mul_16s_15s_26_1_1  |        0|   1|  0|   5|    0|
    |mul_16s_15s_26_1_1_U102  |mul_16s_15s_26_1_1  |        0|   1|  0|   5|    0|
    |mul_16s_15s_26_1_1_U103  |mul_16s_15s_26_1_1  |        0|   1|  0|   5|    0|
    |mul_16s_15s_26_1_1_U105  |mul_16s_15s_26_1_1  |        0|   1|  0|   5|    0|
    |mul_16s_15s_26_1_1_U106  |mul_16s_15s_26_1_1  |        0|   1|  0|   5|    0|
    |mul_16s_15s_26_1_1_U107  |mul_16s_15s_26_1_1  |        0|   1|  0|   5|    0|
    |mul_16s_15s_26_1_1_U108  |mul_16s_15s_26_1_1  |        0|   1|  0|   5|    0|
    |mul_16s_15s_26_1_1_U109  |mul_16s_15s_26_1_1  |        0|   1|  0|   5|    0|
    |mul_16s_15s_26_1_1_U110  |mul_16s_15s_26_1_1  |        0|   1|  0|   5|    0|
    |mul_16s_15s_26_1_1_U111  |mul_16s_15s_26_1_1  |        0|   1|  0|   5|    0|
    |mul_16s_15s_26_1_1_U112  |mul_16s_15s_26_1_1  |        0|   1|  0|   5|    0|
    |mul_16s_15s_26_1_1_U113  |mul_16s_15s_26_1_1  |        0|   1|  0|   5|    0|
    |mul_16s_15s_26_1_1_U115  |mul_16s_15s_26_1_1  |        0|   1|  0|   5|    0|
    |mul_16s_15s_26_1_1_U116  |mul_16s_15s_26_1_1  |        0|   1|  0|   5|    0|
    |mul_16s_15s_26_1_1_U117  |mul_16s_15s_26_1_1  |        0|   1|  0|   5|    0|
    |mul_16s_15s_26_1_1_U118  |mul_16s_15s_26_1_1  |        0|   1|  0|   5|    0|
    |mul_16s_15s_26_1_1_U119  |mul_16s_15s_26_1_1  |        0|   1|  0|   5|    0|
    |mul_16s_15s_26_1_1_U121  |mul_16s_15s_26_1_1  |        0|   1|  0|   5|    0|
    |mul_16s_15s_26_1_1_U122  |mul_16s_15s_26_1_1  |        0|   1|  0|   5|    0|
    |mul_16s_15s_26_1_1_U123  |mul_16s_15s_26_1_1  |        0|   1|  0|   5|    0|
    |mul_16s_15s_26_1_1_U124  |mul_16s_15s_26_1_1  |        0|   1|  0|   5|    0|
    |mul_16s_15s_26_1_1_U125  |mul_16s_15s_26_1_1  |        0|   1|  0|   5|    0|
    |mul_16s_15s_26_1_1_U126  |mul_16s_15s_26_1_1  |        0|   1|  0|   5|    0|
    |mul_16s_15s_26_1_1_U127  |mul_16s_15s_26_1_1  |        0|   1|  0|   5|    0|
    |mul_16s_15s_26_1_1_U128  |mul_16s_15s_26_1_1  |        0|   1|  0|   5|    0|
    |mul_16s_15s_26_1_1_U129  |mul_16s_15s_26_1_1  |        0|   1|  0|   5|    0|
    |mul_16s_15s_26_1_1_U131  |mul_16s_15s_26_1_1  |        0|   1|  0|   5|    0|
    |mul_16s_15s_26_1_1_U132  |mul_16s_15s_26_1_1  |        0|   1|  0|   5|    0|
    |mul_16s_15s_26_1_1_U133  |mul_16s_15s_26_1_1  |        0|   1|  0|   5|    0|
    |mul_16s_15s_26_1_1_U134  |mul_16s_15s_26_1_1  |        0|   1|  0|   5|    0|
    |mul_16s_15s_26_1_1_U135  |mul_16s_15s_26_1_1  |        0|   1|  0|   5|    0|
    |mul_16s_15s_26_1_1_U137  |mul_16s_15s_26_1_1  |        0|   1|  0|   5|    0|
    |mul_16s_15s_26_1_1_U138  |mul_16s_15s_26_1_1  |        0|   1|  0|   5|    0|
    |mul_16s_15s_26_1_1_U139  |mul_16s_15s_26_1_1  |        0|   1|  0|   5|    0|
    |mul_16s_15s_26_1_1_U140  |mul_16s_15s_26_1_1  |        0|   1|  0|   5|    0|
    |mul_16s_15s_26_1_1_U141  |mul_16s_15s_26_1_1  |        0|   1|  0|   5|    0|
    |mul_16s_15s_26_1_1_U142  |mul_16s_15s_26_1_1  |        0|   1|  0|   5|    0|
    |mul_16s_15s_26_1_1_U143  |mul_16s_15s_26_1_1  |        0|   1|  0|   5|    0|
    |mul_16s_15s_26_1_1_U144  |mul_16s_15s_26_1_1  |        0|   1|  0|   5|    0|
    |mul_16s_15s_26_1_1_U145  |mul_16s_15s_26_1_1  |        0|   1|  0|   5|    0|
    |mul_16s_15s_26_1_1_U147  |mul_16s_15s_26_1_1  |        0|   1|  0|   5|    0|
    |mul_16s_15s_26_1_1_U148  |mul_16s_15s_26_1_1  |        0|   1|  0|   5|    0|
    |mul_16s_15s_26_1_1_U149  |mul_16s_15s_26_1_1  |        0|   1|  0|   5|    0|
    |mul_16s_15s_26_1_1_U150  |mul_16s_15s_26_1_1  |        0|   1|  0|   5|    0|
    |mul_16s_15s_26_1_1_U151  |mul_16s_15s_26_1_1  |        0|   1|  0|   5|    0|
    |mul_16s_15s_26_1_1_U153  |mul_16s_15s_26_1_1  |        0|   1|  0|   5|    0|
    |mul_16s_15s_26_1_1_U154  |mul_16s_15s_26_1_1  |        0|   1|  0|   5|    0|
    |mul_16s_15s_26_1_1_U155  |mul_16s_15s_26_1_1  |        0|   1|  0|   5|    0|
    |mul_16s_15s_26_1_1_U156  |mul_16s_15s_26_1_1  |        0|   1|  0|   5|    0|
    |mul_16s_15s_26_1_1_U157  |mul_16s_15s_26_1_1  |        0|   1|  0|   5|    0|
    |mul_16s_15s_26_1_1_U158  |mul_16s_15s_26_1_1  |        0|   1|  0|   5|    0|
    |mul_16s_15s_26_1_1_U159  |mul_16s_15s_26_1_1  |        0|   1|  0|   5|    0|
    |mul_16s_15s_26_1_1_U160  |mul_16s_15s_26_1_1  |        0|   1|  0|   5|    0|
    |mul_16s_15s_26_1_1_U161  |mul_16s_15s_26_1_1  |        0|   1|  0|   5|    0|
    +-------------------------+--------------------+---------+----+---+----+-----+
    |Total                    |                    |        0|  75|  0| 375|    0|
    +-------------------------+--------------------+---------+----+---+----+-----+

    * DSP: 
    +--------------------------------------+---------------------------------+--------------+
    |               Instance               |              Module             |  Expression  |
    +--------------------------------------+---------------------------------+--------------+
    |mac_muladd_16s_11ns_26ns_26_1_1_U168  |mac_muladd_16s_11ns_26ns_26_1_1  |  i0 + i1 * i2|
    |mac_muladd_16s_11ns_26ns_26_1_1_U184  |mac_muladd_16s_11ns_26ns_26_1_1  |  i0 + i1 * i2|
    |mac_muladd_16s_11ns_26ns_26_1_1_U200  |mac_muladd_16s_11ns_26ns_26_1_1  |  i0 + i1 * i2|
    |mac_muladd_16s_11ns_26ns_26_1_1_U216  |mac_muladd_16s_11ns_26ns_26_1_1  |  i0 + i1 * i2|
    |mac_muladd_16s_11ns_26ns_26_1_1_U232  |mac_muladd_16s_11ns_26ns_26_1_1  |  i0 + i1 * i2|
    |mac_muladd_16s_13ns_26ns_26_1_1_U163  |mac_muladd_16s_13ns_26ns_26_1_1  |  i0 + i1 * i2|
    |mac_muladd_16s_13ns_26ns_26_1_1_U179  |mac_muladd_16s_13ns_26ns_26_1_1  |  i0 + i1 * i2|
    |mac_muladd_16s_13ns_26ns_26_1_1_U195  |mac_muladd_16s_13ns_26ns_26_1_1  |  i0 + i1 * i2|
    |mac_muladd_16s_13ns_26ns_26_1_1_U211  |mac_muladd_16s_13ns_26ns_26_1_1  |  i0 + i1 * i2|
    |mac_muladd_16s_13ns_26ns_26_1_1_U227  |mac_muladd_16s_13ns_26ns_26_1_1  |  i0 + i1 * i2|
    |mac_muladd_16s_14ns_26ns_26_1_1_U173  |mac_muladd_16s_14ns_26ns_26_1_1  |  i0 + i1 * i2|
    |mac_muladd_16s_14ns_26ns_26_1_1_U189  |mac_muladd_16s_14ns_26ns_26_1_1  |  i0 + i1 * i2|
    |mac_muladd_16s_14ns_26ns_26_1_1_U205  |mac_muladd_16s_14ns_26ns_26_1_1  |  i0 + i1 * i2|
    |mac_muladd_16s_14ns_26ns_26_1_1_U221  |mac_muladd_16s_14ns_26ns_26_1_1  |  i0 + i1 * i2|
    |mac_muladd_16s_14ns_26ns_26_1_1_U237  |mac_muladd_16s_14ns_26ns_26_1_1  |  i0 + i1 * i2|
    |mac_muladd_16s_15s_26ns_26_1_1_U164   |mac_muladd_16s_15s_26ns_26_1_1   |  i0 + i1 * i2|
    |mac_muladd_16s_15s_26ns_26_1_1_U165   |mac_muladd_16s_15s_26ns_26_1_1   |  i0 + i1 * i2|
    |mac_muladd_16s_15s_26ns_26_1_1_U166   |mac_muladd_16s_15s_26ns_26_1_1   |  i0 + i1 * i2|
    |mac_muladd_16s_15s_26ns_26_1_1_U167   |mac_muladd_16s_15s_26ns_26_1_1   |  i0 + i1 * i2|
    |mac_muladd_16s_15s_26ns_26_1_1_U169   |mac_muladd_16s_15s_26ns_26_1_1   |  i0 + i1 * i2|
    |mac_muladd_16s_15s_26ns_26_1_1_U170   |mac_muladd_16s_15s_26ns_26_1_1   |  i0 + i1 * i2|
    |mac_muladd_16s_15s_26ns_26_1_1_U171   |mac_muladd_16s_15s_26ns_26_1_1   |  i0 + i1 * i2|
    |mac_muladd_16s_15s_26ns_26_1_1_U172   |mac_muladd_16s_15s_26ns_26_1_1   |  i0 + i1 * i2|
    |mac_muladd_16s_15s_26ns_26_1_1_U174   |mac_muladd_16s_15s_26ns_26_1_1   |  i0 + i1 * i2|
    |mac_muladd_16s_15s_26ns_26_1_1_U175   |mac_muladd_16s_15s_26ns_26_1_1   |  i0 + i1 * i2|
    |mac_muladd_16s_15s_26ns_26_1_1_U176   |mac_muladd_16s_15s_26ns_26_1_1   |  i0 + i1 * i2|
    |mac_muladd_16s_15s_26ns_26_1_1_U177   |mac_muladd_16s_15s_26ns_26_1_1   |  i0 + i1 * i2|
    |mac_muladd_16s_15s_26ns_26_1_1_U178   |mac_muladd_16s_15s_26ns_26_1_1   |  i0 + i1 * i2|
    |mac_muladd_16s_15s_26ns_26_1_1_U180   |mac_muladd_16s_15s_26ns_26_1_1   |  i0 + i1 * i2|
    |mac_muladd_16s_15s_26ns_26_1_1_U181   |mac_muladd_16s_15s_26ns_26_1_1   |  i0 + i1 * i2|
    |mac_muladd_16s_15s_26ns_26_1_1_U182   |mac_muladd_16s_15s_26ns_26_1_1   |  i0 + i1 * i2|
    |mac_muladd_16s_15s_26ns_26_1_1_U183   |mac_muladd_16s_15s_26ns_26_1_1   |  i0 + i1 * i2|
    |mac_muladd_16s_15s_26ns_26_1_1_U185   |mac_muladd_16s_15s_26ns_26_1_1   |  i0 + i1 * i2|
    |mac_muladd_16s_15s_26ns_26_1_1_U186   |mac_muladd_16s_15s_26ns_26_1_1   |  i0 + i1 * i2|
    |mac_muladd_16s_15s_26ns_26_1_1_U187   |mac_muladd_16s_15s_26ns_26_1_1   |  i0 + i1 * i2|
    |mac_muladd_16s_15s_26ns_26_1_1_U188   |mac_muladd_16s_15s_26ns_26_1_1   |  i0 + i1 * i2|
    |mac_muladd_16s_15s_26ns_26_1_1_U190   |mac_muladd_16s_15s_26ns_26_1_1   |  i0 + i1 * i2|
    |mac_muladd_16s_15s_26ns_26_1_1_U191   |mac_muladd_16s_15s_26ns_26_1_1   |  i0 + i1 * i2|
    |mac_muladd_16s_15s_26ns_26_1_1_U192   |mac_muladd_16s_15s_26ns_26_1_1   |  i0 + i1 * i2|
    |mac_muladd_16s_15s_26ns_26_1_1_U193   |mac_muladd_16s_15s_26ns_26_1_1   |  i0 + i1 * i2|
    |mac_muladd_16s_15s_26ns_26_1_1_U194   |mac_muladd_16s_15s_26ns_26_1_1   |  i0 + i1 * i2|
    |mac_muladd_16s_15s_26ns_26_1_1_U196   |mac_muladd_16s_15s_26ns_26_1_1   |  i0 + i1 * i2|
    |mac_muladd_16s_15s_26ns_26_1_1_U197   |mac_muladd_16s_15s_26ns_26_1_1   |  i0 + i1 * i2|
    |mac_muladd_16s_15s_26ns_26_1_1_U198   |mac_muladd_16s_15s_26ns_26_1_1   |  i0 + i1 * i2|
    |mac_muladd_16s_15s_26ns_26_1_1_U199   |mac_muladd_16s_15s_26ns_26_1_1   |  i0 + i1 * i2|
    |mac_muladd_16s_15s_26ns_26_1_1_U201   |mac_muladd_16s_15s_26ns_26_1_1   |  i0 + i1 * i2|
    |mac_muladd_16s_15s_26ns_26_1_1_U202   |mac_muladd_16s_15s_26ns_26_1_1   |  i0 + i1 * i2|
    |mac_muladd_16s_15s_26ns_26_1_1_U203   |mac_muladd_16s_15s_26ns_26_1_1   |  i0 + i1 * i2|
    |mac_muladd_16s_15s_26ns_26_1_1_U204   |mac_muladd_16s_15s_26ns_26_1_1   |  i0 + i1 * i2|
    |mac_muladd_16s_15s_26ns_26_1_1_U206   |mac_muladd_16s_15s_26ns_26_1_1   |  i0 + i1 * i2|
    |mac_muladd_16s_15s_26ns_26_1_1_U207   |mac_muladd_16s_15s_26ns_26_1_1   |  i0 + i1 * i2|
    |mac_muladd_16s_15s_26ns_26_1_1_U208   |mac_muladd_16s_15s_26ns_26_1_1   |  i0 + i1 * i2|
    |mac_muladd_16s_15s_26ns_26_1_1_U209   |mac_muladd_16s_15s_26ns_26_1_1   |  i0 + i1 * i2|
    |mac_muladd_16s_15s_26ns_26_1_1_U210   |mac_muladd_16s_15s_26ns_26_1_1   |  i0 + i1 * i2|
    |mac_muladd_16s_15s_26ns_26_1_1_U212   |mac_muladd_16s_15s_26ns_26_1_1   |  i0 + i1 * i2|
    |mac_muladd_16s_15s_26ns_26_1_1_U213   |mac_muladd_16s_15s_26ns_26_1_1   |  i0 + i1 * i2|
    |mac_muladd_16s_15s_26ns_26_1_1_U214   |mac_muladd_16s_15s_26ns_26_1_1   |  i0 + i1 * i2|
    |mac_muladd_16s_15s_26ns_26_1_1_U215   |mac_muladd_16s_15s_26ns_26_1_1   |  i0 + i1 * i2|
    |mac_muladd_16s_15s_26ns_26_1_1_U217   |mac_muladd_16s_15s_26ns_26_1_1   |  i0 + i1 * i2|
    |mac_muladd_16s_15s_26ns_26_1_1_U218   |mac_muladd_16s_15s_26ns_26_1_1   |  i0 + i1 * i2|
    |mac_muladd_16s_15s_26ns_26_1_1_U219   |mac_muladd_16s_15s_26ns_26_1_1   |  i0 + i1 * i2|
    |mac_muladd_16s_15s_26ns_26_1_1_U220   |mac_muladd_16s_15s_26ns_26_1_1   |  i0 + i1 * i2|
    |mac_muladd_16s_15s_26ns_26_1_1_U222   |mac_muladd_16s_15s_26ns_26_1_1   |  i0 + i1 * i2|
    |mac_muladd_16s_15s_26ns_26_1_1_U223   |mac_muladd_16s_15s_26ns_26_1_1   |  i0 + i1 * i2|
    |mac_muladd_16s_15s_26ns_26_1_1_U224   |mac_muladd_16s_15s_26ns_26_1_1   |  i0 + i1 * i2|
    |mac_muladd_16s_15s_26ns_26_1_1_U225   |mac_muladd_16s_15s_26ns_26_1_1   |  i0 + i1 * i2|
    |mac_muladd_16s_15s_26ns_26_1_1_U226   |mac_muladd_16s_15s_26ns_26_1_1   |  i0 + i1 * i2|
    |mac_muladd_16s_15s_26ns_26_1_1_U228   |mac_muladd_16s_15s_26ns_26_1_1   |  i0 + i1 * i2|
    |mac_muladd_16s_15s_26ns_26_1_1_U229   |mac_muladd_16s_15s_26ns_26_1_1   |  i0 + i1 * i2|
    |mac_muladd_16s_15s_26ns_26_1_1_U230   |mac_muladd_16s_15s_26ns_26_1_1   |  i0 + i1 * i2|
    |mac_muladd_16s_15s_26ns_26_1_1_U231   |mac_muladd_16s_15s_26ns_26_1_1   |  i0 + i1 * i2|
    |mac_muladd_16s_15s_26ns_26_1_1_U233   |mac_muladd_16s_15s_26ns_26_1_1   |  i0 + i1 * i2|
    |mac_muladd_16s_15s_26ns_26_1_1_U234   |mac_muladd_16s_15s_26ns_26_1_1   |  i0 + i1 * i2|
    |mac_muladd_16s_15s_26ns_26_1_1_U235   |mac_muladd_16s_15s_26ns_26_1_1   |  i0 + i1 * i2|
    |mac_muladd_16s_15s_26ns_26_1_1_U236   |mac_muladd_16s_15s_26ns_26_1_1   |  i0 + i1 * i2|
    +--------------------------------------+---------------------------------+--------------+

    * Memory: 
    +-------+----------------------------------------------------------------------------------+---------+---+----+-----+------+-----+------+-------------+
    | Memory|                                      Module                                      | BRAM_18K| FF| LUT| URAM| Words| Bits| Banks| W*Bits*Banks|
    +-------+----------------------------------------------------------------------------------+---------+---+----+-----+------+-----+------+-------------+
    |w4_U   |sparse_conv_ap_fixed_ap_fixed_ap_uint_ap_fixed_ap_fixed_5_2_3_5_s_w4_ROM_AUTOcud  |       60|  0|   0|    0|   150|   15|     1|         2250|
    +-------+----------------------------------------------------------------------------------+---------+---+----+-----+------+-----+------+-------------+
    |Total  |                                                                                  |       60|  0|   0|    0|   150|   15|     1|         2250|
    +-------+----------------------------------------------------------------------------------+---------+---+----+-----+------+-----+------+-------------+

    * FIFO: 
    N/A

    * Expression: 
    +----------------------------+----------+----+---+----+------------+------------+
    |        Variable Name       | Operation| DSP| FF| LUT| Bitwidth P0| Bitwidth P1|
    +----------------------------+----------+----+---+----+------------+------------+
    |acc_103_fu_9399_p2          |         +|   0|  0|  16|          16|          16|
    |acc_104_fu_9410_p2          |         +|   0|  0|  23|          16|          14|
    |acc_113_fu_9435_p2          |         +|   0|  0|  16|          16|          16|
    |acc_114_fu_9446_p2          |         +|   0|  0|  23|          16|          15|
    |acc_123_fu_9471_p2          |         +|   0|  0|  16|          16|          16|
    |acc_124_fu_9482_p2          |         +|   0|  0|  23|          16|          13|
    |acc_133_fu_9507_p2          |         +|   0|  0|  16|          16|          16|
    |acc_134_fu_9518_p2          |         +|   0|  0|  23|          16|          14|
    |acc_143_fu_9543_p2          |         +|   0|  0|  16|          16|          16|
    |acc_144_fu_9554_p2          |         +|   0|  0|  23|          16|          15|
    |acc_14_fu_9075_p2           |         +|   0|  0|  16|          16|          16|
    |acc_15_fu_9086_p2           |         +|   0|  0|  23|          16|          14|
    |acc_23_fu_9111_p2           |         +|   0|  0|  16|          16|          16|
    |acc_24_fu_9122_p2           |         +|   0|  0|  23|          16|          15|
    |acc_33_fu_9147_p2           |         +|   0|  0|  16|          16|          16|
    |acc_34_fu_9158_p2           |         +|   0|  0|  23|          16|          13|
    |acc_43_fu_9183_p2           |         +|   0|  0|  16|          16|          16|
    |acc_44_fu_9194_p2           |         +|   0|  0|  23|          16|          14|
    |acc_53_fu_9219_p2           |         +|   0|  0|  16|          16|          16|
    |acc_54_fu_9230_p2           |         +|   0|  0|  23|          16|          15|
    |acc_5_fu_9039_p2            |         +|   0|  0|  16|          16|          16|
    |acc_63_fu_9255_p2           |         +|   0|  0|  16|          16|          16|
    |acc_64_fu_9266_p2           |         +|   0|  0|  23|          16|          13|
    |acc_6_fu_9050_p2            |         +|   0|  0|  23|          16|          13|
    |acc_73_fu_9291_p2           |         +|   0|  0|  16|          16|          16|
    |acc_74_fu_9302_p2           |         +|   0|  0|  23|          16|          14|
    |acc_83_fu_9327_p2           |         +|   0|  0|  16|          16|          16|
    |acc_84_fu_9338_p2           |         +|   0|  0|  23|          16|          15|
    |acc_93_fu_9363_p2           |         +|   0|  0|  16|          16|          16|
    |acc_94_fu_9374_p2           |         +|   0|  0|  23|          16|          13|
    |add_ln134_10_fu_2165_p2     |         +|   0|  0|  13|           6|           2|
    |add_ln134_11_fu_2177_p2     |         +|   0|  0|  13|           6|           2|
    |add_ln134_12_fu_2249_p2     |         +|   0|  0|  13|           6|           2|
    |add_ln134_13_fu_2261_p2     |         +|   0|  0|  13|           6|           2|
    |add_ln134_14_fu_2333_p2     |         +|   0|  0|  13|           6|           2|
    |add_ln134_15_fu_2345_p2     |         +|   0|  0|  13|           6|           2|
    |add_ln134_16_fu_2417_p2     |         +|   0|  0|  13|           6|           2|
    |add_ln134_17_fu_2429_p2     |         +|   0|  0|  13|           6|           2|
    |add_ln134_18_fu_2501_p2     |         +|   0|  0|  13|           6|           2|
    |add_ln134_19_fu_2513_p2     |         +|   0|  0|  13|           6|           2|
    |add_ln134_1_fu_1733_p2      |         +|   0|  0|  13|           6|           2|
    |add_ln134_20_fu_2585_p2     |         +|   0|  0|  13|           6|           2|
    |add_ln134_21_fu_2597_p2     |         +|   0|  0|  13|           6|           2|
    |add_ln134_22_fu_2669_p2     |         +|   0|  0|  13|           6|           2|
    |add_ln134_23_fu_2681_p2     |         +|   0|  0|  13|           6|           2|
    |add_ln134_24_fu_2753_p2     |         +|   0|  0|  13|           6|           2|
    |add_ln134_25_fu_2765_p2     |         +|   0|  0|  13|           6|           2|
    |add_ln134_26_fu_2837_p2     |         +|   0|  0|  13|           6|           2|
    |add_ln134_27_fu_2849_p2     |         +|   0|  0|  13|           6|           2|
    |add_ln134_28_fu_2921_p2     |         +|   0|  0|  13|           6|           2|
    |add_ln134_29_fu_2933_p2     |         +|   0|  0|  13|           6|           2|
    |add_ln134_2_fu_1813_p2      |         +|   0|  0|  13|           6|           2|
    |add_ln134_30_fu_3005_p2     |         +|   0|  0|  13|           6|           2|
    |add_ln134_31_fu_3017_p2     |         +|   0|  0|  13|           6|           2|
    |add_ln134_32_fu_3089_p2     |         +|   0|  0|  13|           6|           2|
    |add_ln134_33_fu_3101_p2     |         +|   0|  0|  13|           6|           2|
    |add_ln134_34_fu_3173_p2     |         +|   0|  0|  13|           6|           2|
    |add_ln134_35_fu_3185_p2     |         +|   0|  0|  13|           6|           2|
    |add_ln134_36_fu_3257_p2     |         +|   0|  0|  13|           6|           2|
    |add_ln134_37_fu_3269_p2     |         +|   0|  0|  13|           6|           2|
    |add_ln134_38_fu_3341_p2     |         +|   0|  0|  13|           6|           2|
    |add_ln134_39_fu_3353_p2     |         +|   0|  0|  13|           6|           2|
    |add_ln134_3_fu_1825_p2      |         +|   0|  0|  13|           6|           2|
    |add_ln134_4_fu_1905_p2      |         +|   0|  0|  13|           6|           2|
    |add_ln134_5_fu_1917_p2      |         +|   0|  0|  13|           6|           2|
    |add_ln134_6_fu_1997_p2      |         +|   0|  0|  13|           6|           2|
    |add_ln134_7_fu_2009_p2      |         +|   0|  0|  13|           6|           2|
    |add_ln134_8_fu_2081_p2      |         +|   0|  0|  13|           6|           2|
    |add_ln134_9_fu_2093_p2      |         +|   0|  0|  13|           6|           2|
    |add_ln134_fu_1721_p2        |         +|   0|  0|  13|           6|           2|
    |add_ln138_10_fu_2223_p2     |         +|   0|  0|  12|           5|           5|
    |add_ln138_12_fu_2307_p2     |         +|   0|  0|  12|           5|           5|
    |add_ln138_14_fu_2391_p2     |         +|   0|  0|  12|           5|           5|
    |add_ln138_16_fu_2475_p2     |         +|   0|  0|  12|           5|           5|
    |add_ln138_18_fu_2559_p2     |         +|   0|  0|  12|           5|           5|
    |add_ln138_20_fu_2643_p2     |         +|   0|  0|  12|           5|           5|
    |add_ln138_22_fu_2727_p2     |         +|   0|  0|  12|           5|           5|
    |add_ln138_24_fu_2811_p2     |         +|   0|  0|  12|           5|           5|
    |add_ln138_26_fu_2895_p2     |         +|   0|  0|  12|           5|           5|
    |add_ln138_28_fu_2979_p2     |         +|   0|  0|  12|           5|           5|
    |add_ln138_2_fu_1871_p2      |         +|   0|  0|  12|           5|           5|
    |add_ln138_30_fu_3063_p2     |         +|   0|  0|  12|           5|           5|
    |add_ln138_32_fu_3147_p2     |         +|   0|  0|  12|           5|           5|
    |add_ln138_34_fu_3231_p2     |         +|   0|  0|  12|           5|           5|
    |add_ln138_36_fu_3315_p2     |         +|   0|  0|  12|           5|           5|
    |add_ln138_38_fu_3399_p2     |         +|   0|  0|  12|           5|           5|
    |add_ln138_4_fu_1963_p2      |         +|   0|  0|  12|           5|           5|
    |add_ln138_6_fu_2055_p2      |         +|   0|  0|  12|           5|           5|
    |add_ln138_8_fu_2139_p2      |         +|   0|  0|  12|           5|           5|
    |add_ln138_fu_1779_p2        |         +|   0|  0|  12|           5|           5|
    |add_ln148_101_fu_5464_p2    |         +|   0|  0|  15|           8|           2|
    |add_ln148_103_fu_5486_p2    |         +|   0|  0|  15|           8|           2|
    |add_ln148_106_fu_5508_p2    |         +|   0|  0|  15|           8|           3|
    |add_ln148_108_fu_5530_p2    |         +|   0|  0|  15|           8|           3|
    |add_ln148_10_fu_3720_p2     |         +|   0|  0|  15|           8|           2|
    |add_ln148_110_fu_5552_p2    |         +|   0|  0|  15|           8|           3|
    |add_ln148_112_fu_5574_p2    |         +|   0|  0|  15|           8|           3|
    |add_ln148_12_fu_3742_p2     |         +|   0|  0|  15|           8|           2|
    |add_ln148_15_fu_3764_p2     |         +|   0|  0|  15|           8|           3|
    |add_ln148_17_fu_3786_p2     |         +|   0|  0|  15|           8|           3|
    |add_ln148_19_fu_3808_p2     |         +|   0|  0|  15|           8|           3|
    |add_ln148_21_fu_3830_p2     |         +|   0|  0|  15|           8|           3|
    |add_ln148_28_fu_4112_p2     |         +|   0|  0|  15|           8|           2|
    |add_ln148_31_fu_4134_p2     |         +|   0|  0|  15|           8|           2|
    |add_ln148_33_fu_4156_p2     |         +|   0|  0|  15|           8|           2|
    |add_ln148_35_fu_4178_p2     |         +|   0|  0|  15|           8|           2|
    |add_ln148_37_fu_4200_p2     |         +|   0|  0|  15|           8|           3|
    |add_ln148_40_fu_4222_p2     |         +|   0|  0|  15|           8|           3|
    |add_ln148_42_fu_4244_p2     |         +|   0|  0|  15|           8|           3|
    |add_ln148_44_fu_4266_p2     |         +|   0|  0|  15|           8|           3|
    |add_ln148_51_fu_4548_p2     |         +|   0|  0|  15|           8|           2|
    |add_ln148_53_fu_4570_p2     |         +|   0|  0|  15|           8|           2|
    |add_ln148_56_fu_4592_p2     |         +|   0|  0|  15|           8|           2|
    |add_ln148_58_fu_4614_p2     |         +|   0|  0|  15|           8|           2|
    |add_ln148_60_fu_4636_p2     |         +|   0|  0|  15|           8|           3|
    |add_ln148_62_fu_4658_p2     |         +|   0|  0|  15|           8|           3|
    |add_ln148_65_fu_4680_p2     |         +|   0|  0|  15|           8|           3|
    |add_ln148_67_fu_4702_p2     |         +|   0|  0|  15|           8|           3|
    |add_ln148_6_fu_3676_p2      |         +|   0|  0|  15|           8|           2|
    |add_ln148_74_fu_4984_p2     |         +|   0|  0|  15|           8|           2|
    |add_ln148_76_fu_5006_p2     |         +|   0|  0|  15|           8|           2|
    |add_ln148_78_fu_5028_p2     |         +|   0|  0|  15|           8|           2|
    |add_ln148_81_fu_5050_p2     |         +|   0|  0|  15|           8|           2|
    |add_ln148_83_fu_5072_p2     |         +|   0|  0|  15|           8|           3|
    |add_ln148_85_fu_5094_p2     |         +|   0|  0|  15|           8|           3|
    |add_ln148_87_fu_5116_p2     |         +|   0|  0|  15|           8|           3|
    |add_ln148_8_fu_3698_p2      |         +|   0|  0|  15|           8|           2|
    |add_ln148_90_fu_5138_p2     |         +|   0|  0|  15|           8|           3|
    |add_ln148_97_fu_5420_p2     |         +|   0|  0|  15|           8|           2|
    |add_ln148_99_fu_5442_p2     |         +|   0|  0|  15|           8|           2|
    |add_ln194_10_fu_7445_p2     |         +|   0|  0|  16|          16|          16|
    |add_ln194_12_fu_9143_p2     |         +|   0|  0|  16|          16|          16|
    |add_ln194_13_fu_7571_p2     |         +|   0|  0|  16|          16|          16|
    |add_ln194_14_fu_7577_p2     |         +|   0|  0|  16|          16|          16|
    |add_ln194_16_fu_9179_p2     |         +|   0|  0|  16|          16|          16|
    |add_ln194_17_fu_7703_p2     |         +|   0|  0|  16|          16|          16|
    |add_ln194_18_fu_7709_p2     |         +|   0|  0|  16|          16|          16|
    |add_ln194_1_fu_7175_p2      |         +|   0|  0|  16|          16|          16|
    |add_ln194_20_fu_9215_p2     |         +|   0|  0|  16|          16|          16|
    |add_ln194_21_fu_7835_p2     |         +|   0|  0|  16|          16|          16|
    |add_ln194_22_fu_7841_p2     |         +|   0|  0|  16|          16|          16|
    |add_ln194_24_fu_9251_p2     |         +|   0|  0|  16|          16|          16|
    |add_ln194_25_fu_7967_p2     |         +|   0|  0|  16|          16|          16|
    |add_ln194_26_fu_7973_p2     |         +|   0|  0|  16|          16|          16|
    |add_ln194_28_fu_9287_p2     |         +|   0|  0|  16|          16|          16|
    |add_ln194_29_fu_8099_p2     |         +|   0|  0|  16|          16|          16|
    |add_ln194_2_fu_7181_p2      |         +|   0|  0|  16|          16|          16|
    |add_ln194_30_fu_8105_p2     |         +|   0|  0|  16|          16|          16|
    |add_ln194_32_fu_9323_p2     |         +|   0|  0|  16|          16|          16|
    |add_ln194_33_fu_8231_p2     |         +|   0|  0|  16|          16|          16|
    |add_ln194_34_fu_8237_p2     |         +|   0|  0|  16|          16|          16|
    |add_ln194_36_fu_9359_p2     |         +|   0|  0|  16|          16|          16|
    |add_ln194_37_fu_8363_p2     |         +|   0|  0|  16|          16|          16|
    |add_ln194_38_fu_8369_p2     |         +|   0|  0|  16|          16|          16|
    |add_ln194_40_fu_9395_p2     |         +|   0|  0|  16|          16|          16|
    |add_ln194_41_fu_8495_p2     |         +|   0|  0|  16|          16|          16|
    |add_ln194_42_fu_8501_p2     |         +|   0|  0|  16|          16|          16|
    |add_ln194_44_fu_9431_p2     |         +|   0|  0|  16|          16|          16|
    |add_ln194_45_fu_8627_p2     |         +|   0|  0|  16|          16|          16|
    |add_ln194_46_fu_8633_p2     |         +|   0|  0|  16|          16|          16|
    |add_ln194_48_fu_9467_p2     |         +|   0|  0|  16|          16|          16|
    |add_ln194_49_fu_8759_p2     |         +|   0|  0|  16|          16|          16|
    |add_ln194_4_fu_9071_p2      |         +|   0|  0|  16|          16|          16|
    |add_ln194_50_fu_8765_p2     |         +|   0|  0|  16|          16|          16|
    |add_ln194_52_fu_9503_p2     |         +|   0|  0|  16|          16|          16|
    |add_ln194_53_fu_8891_p2     |         +|   0|  0|  16|          16|          16|
    |add_ln194_54_fu_8897_p2     |         +|   0|  0|  16|          16|          16|
    |add_ln194_56_fu_9539_p2     |         +|   0|  0|  16|          16|          16|
    |add_ln194_57_fu_9023_p2     |         +|   0|  0|  16|          16|          16|
    |add_ln194_58_fu_9029_p2     |         +|   0|  0|  16|          16|          16|
    |add_ln194_5_fu_7307_p2      |         +|   0|  0|  16|          16|          16|
    |add_ln194_6_fu_7313_p2      |         +|   0|  0|  16|          16|          16|
    |add_ln194_8_fu_9107_p2      |         +|   0|  0|  16|          16|          16|
    |add_ln194_9_fu_7439_p2      |         +|   0|  0|  16|          16|          16|
    |add_ln194_fu_9035_p2        |         +|   0|  0|  16|          16|          16|
    |pos_10_fu_4427_p2           |         +|   0|  0|  14|           7|           7|
    |pos_11_fu_4489_p2           |         +|   0|  0|  14|           7|           7|
    |pos_12_fu_4739_p2           |         +|   0|  0|  14|           7|           7|
    |pos_13_fu_4801_p2           |         +|   0|  0|  14|           7|           7|
    |pos_14_fu_4863_p2           |         +|   0|  0|  14|           7|           7|
    |pos_15_fu_4925_p2           |         +|   0|  0|  14|           7|           7|
    |pos_16_fu_5175_p2           |         +|   0|  0|  14|           7|           7|
    |pos_17_fu_5237_p2           |         +|   0|  0|  14|           7|           7|
    |pos_18_fu_5299_p2           |         +|   0|  0|  14|           7|           7|
    |pos_19_fu_5361_p2           |         +|   0|  0|  14|           7|           7|
    |pos_1_fu_3493_p2            |         +|   0|  0|  14|           7|           7|
    |pos_2_fu_3555_p2            |         +|   0|  0|  14|           7|           7|
    |pos_3_fu_3617_p2            |         +|   0|  0|  14|           7|           7|
    |pos_4_fu_3867_p2            |         +|   0|  0|  14|           7|           7|
    |pos_5_fu_3929_p2            |         +|   0|  0|  14|           7|           7|
    |pos_6_fu_3991_p2            |         +|   0|  0|  14|           7|           7|
    |pos_7_fu_4053_p2            |         +|   0|  0|  14|           7|           7|
    |pos_8_fu_4303_p2            |         +|   0|  0|  14|           7|           7|
    |pos_9_fu_4365_p2            |         +|   0|  0|  14|           7|           7|
    |pos_fu_3431_p2              |         +|   0|  0|  14|           7|           7|
    |w_idx_10_fu_3797_p2         |         +|   0|  0|  15|           8|           3|
    |w_idx_11_fu_3819_p2         |         +|   0|  0|  15|           8|           3|
    |w_idx_16_fu_4101_p2         |         +|   0|  0|  15|           8|           2|
    |w_idx_17_fu_4123_p2         |         +|   0|  0|  15|           8|           2|
    |w_idx_18_fu_4145_p2         |         +|   0|  0|  15|           8|           2|
    |w_idx_19_fu_4167_p2         |         +|   0|  0|  15|           8|           2|
    |w_idx_20_fu_4189_p2         |         +|   0|  0|  15|           8|           3|
    |w_idx_21_fu_4211_p2         |         +|   0|  0|  15|           8|           3|
    |w_idx_22_fu_4233_p2         |         +|   0|  0|  15|           8|           3|
    |w_idx_23_fu_4255_p2         |         +|   0|  0|  15|           8|           3|
    |w_idx_28_fu_4537_p2         |         +|   0|  0|  15|           8|           2|
    |w_idx_29_fu_4559_p2         |         +|   0|  0|  15|           8|           2|
    |w_idx_30_fu_4581_p2         |         +|   0|  0|  15|           8|           2|
    |w_idx_31_fu_4603_p2         |         +|   0|  0|  15|           8|           2|
    |w_idx_32_fu_4625_p2         |         +|   0|  0|  15|           8|           3|
    |w_idx_33_fu_4647_p2         |         +|   0|  0|  15|           8|           3|
    |w_idx_34_fu_4669_p2         |         +|   0|  0|  15|           8|           3|
    |w_idx_35_fu_4691_p2         |         +|   0|  0|  15|           8|           3|
    |w_idx_40_fu_4973_p2         |         +|   0|  0|  15|           8|           2|
    |w_idx_41_fu_4995_p2         |         +|   0|  0|  15|           8|           2|
    |w_idx_42_fu_5017_p2         |         +|   0|  0|  15|           8|           2|
    |w_idx_43_fu_5039_p2         |         +|   0|  0|  15|           8|           2|
    |w_idx_44_fu_5061_p2         |         +|   0|  0|  15|           8|           3|
    |w_idx_45_fu_5083_p2         |         +|   0|  0|  15|           8|           3|
    |w_idx_46_fu_5105_p2         |         +|   0|  0|  15|           8|           3|
    |w_idx_47_fu_5127_p2         |         +|   0|  0|  15|           8|           3|
    |w_idx_4_fu_3665_p2          |         +|   0|  0|  15|           8|           2|
    |w_idx_52_fu_5409_p2         |         +|   0|  0|  15|           8|           2|
    |w_idx_53_fu_5431_p2         |         +|   0|  0|  15|           8|           2|
    |w_idx_54_fu_5453_p2         |         +|   0|  0|  15|           8|           2|
    |w_idx_55_fu_5475_p2         |         +|   0|  0|  15|           8|           2|
    |w_idx_56_fu_5497_p2         |         +|   0|  0|  15|           8|           3|
    |w_idx_57_fu_5519_p2         |         +|   0|  0|  15|           8|           3|
    |w_idx_58_fu_5541_p2         |         +|   0|  0|  15|           8|           3|
    |w_idx_59_fu_5563_p2         |         +|   0|  0|  15|           8|           3|
    |w_idx_5_fu_3687_p2          |         +|   0|  0|  15|           8|           2|
    |w_idx_6_fu_3709_p2          |         +|   0|  0|  15|           8|           2|
    |w_idx_7_fu_3731_p2          |         +|   0|  0|  15|           8|           2|
    |w_idx_8_fu_3753_p2          |         +|   0|  0|  15|           8|           3|
    |w_idx_9_fu_3775_p2          |         +|   0|  0|  15|           8|           3|
    |col_10_fu_2629_p2           |         -|   0|  0|  12|           2|           4|
    |col_11_fu_2713_p2           |         -|   0|  0|  12|           2|           4|
    |col_12_fu_2797_p2           |         -|   0|  0|  12|           2|           4|
    |col_13_fu_2881_p2           |         -|   0|  0|  12|           2|           4|
    |col_14_fu_2965_p2           |         -|   0|  0|  12|           2|           4|
    |col_15_fu_3049_p2           |         -|   0|  0|  12|           2|           4|
    |col_16_fu_3133_p2           |         -|   0|  0|  12|           2|           4|
    |col_17_fu_3217_p2           |         -|   0|  0|  12|           2|           4|
    |col_18_fu_3301_p2           |         -|   0|  0|  12|           2|           4|
    |col_19_fu_3385_p2           |         -|   0|  0|  12|           2|           4|
    |col_1_fu_1857_p2            |         -|   0|  0|  12|           2|           4|
    |col_2_fu_1949_p2            |         -|   0|  0|  12|           2|           4|
    |col_3_fu_2041_p2            |         -|   0|  0|  12|           2|           4|
    |col_4_fu_2125_p2            |         -|   0|  0|  12|           2|           4|
    |col_5_fu_2209_p2            |         -|   0|  0|  12|           2|           4|
    |col_6_fu_2293_p2            |         -|   0|  0|  12|           2|           4|
    |col_7_fu_2377_p2            |         -|   0|  0|  12|           2|           4|
    |col_8_fu_2461_p2            |         -|   0|  0|  12|           2|           4|
    |col_9_fu_2545_p2            |         -|   0|  0|  12|           2|           4|
    |col_fu_1765_p2              |         -|   0|  0|  12|           2|           4|
    |offset_h_10_fu_2565_p2      |         -|   0|  0|  12|           5|           5|
    |offset_h_11_fu_2649_p2      |         -|   0|  0|  12|           5|           5|
    |offset_h_12_fu_2733_p2      |         -|   0|  0|  12|           5|           5|
    |offset_h_13_fu_2817_p2      |         -|   0|  0|  12|           5|           5|
    |offset_h_14_fu_2901_p2      |         -|   0|  0|  12|           5|           5|
    |offset_h_15_fu_2985_p2      |         -|   0|  0|  12|           5|           5|
    |offset_h_16_fu_3069_p2      |         -|   0|  0|  12|           5|           5|
    |offset_h_17_fu_3153_p2      |         -|   0|  0|  12|           5|           5|
    |offset_h_18_fu_3237_p2      |         -|   0|  0|  12|           5|           5|
    |offset_h_19_fu_3321_p2      |         -|   0|  0|  12|           5|           5|
    |offset_h_1_fu_1789_p2       |         -|   0|  0|  12|           5|           5|
    |offset_h_2_fu_1881_p2       |         -|   0|  0|  12|           5|           5|
    |offset_h_3_fu_1973_p2       |         -|   0|  0|  12|           5|           5|
    |offset_h_4_fu_2061_p2       |         -|   0|  0|  12|           5|           5|
    |offset_h_5_fu_2145_p2       |         -|   0|  0|  12|           5|           5|
    |offset_h_6_fu_2229_p2       |         -|   0|  0|  12|           5|           5|
    |offset_h_7_fu_2313_p2       |         -|   0|  0|  12|           5|           5|
    |offset_h_8_fu_2397_p2       |         -|   0|  0|  12|           5|           5|
    |offset_h_9_fu_2481_p2       |         -|   0|  0|  12|           5|           5|
    |offset_h_fu_1693_p2         |         -|   0|  0|  12|           5|           5|
    |offset_w_10_fu_2575_p2      |         -|   0|  0|  12|           5|           5|
    |offset_w_11_fu_2659_p2      |         -|   0|  0|  12|           5|           5|
    |offset_w_12_fu_2743_p2      |         -|   0|  0|  12|           5|           5|
    |offset_w_13_fu_2827_p2      |         -|   0|  0|  12|           5|           5|
    |offset_w_14_fu_2911_p2      |         -|   0|  0|  12|           5|           5|
    |offset_w_15_fu_2995_p2      |         -|   0|  0|  12|           5|           5|
    |offset_w_16_fu_3079_p2      |         -|   0|  0|  12|           5|           5|
    |offset_w_17_fu_3163_p2      |         -|   0|  0|  12|           5|           5|
    |offset_w_18_fu_3247_p2      |         -|   0|  0|  12|           5|           5|
    |offset_w_19_fu_3331_p2      |         -|   0|  0|  12|           5|           5|
    |offset_w_1_fu_1803_p2       |         -|   0|  0|  12|           5|           5|
    |offset_w_2_fu_1895_p2       |         -|   0|  0|  12|           5|           5|
    |offset_w_3_fu_1987_p2       |         -|   0|  0|  12|           5|           5|
    |offset_w_4_fu_2071_p2       |         -|   0|  0|  12|           5|           5|
    |offset_w_5_fu_2155_p2       |         -|   0|  0|  12|           5|           5|
    |offset_w_6_fu_2239_p2       |         -|   0|  0|  12|           5|           5|
    |offset_w_7_fu_2323_p2       |         -|   0|  0|  12|           5|           5|
    |offset_w_8_fu_2407_p2       |         -|   0|  0|  12|           5|           5|
    |offset_w_9_fu_2491_p2       |         -|   0|  0|  12|           5|           5|
    |offset_w_fu_1711_p2         |         -|   0|  0|  12|           5|           5|
    |row_10_fu_2619_p2           |         -|   0|  0|  12|           2|           4|
    |row_11_fu_2703_p2           |         -|   0|  0|  12|           2|           4|
    |row_12_fu_2787_p2           |         -|   0|  0|  12|           2|           4|
    |row_13_fu_2871_p2           |         -|   0|  0|  12|           2|           4|
    |row_14_fu_2955_p2           |         -|   0|  0|  12|           2|           4|
    |row_15_fu_3039_p2           |         -|   0|  0|  12|           2|           4|
    |row_16_fu_3123_p2           |         -|   0|  0|  12|           2|           4|
    |row_17_fu_3207_p2           |         -|   0|  0|  12|           2|           4|
    |row_18_fu_3291_p2           |         -|   0|  0|  12|           2|           4|
    |row_19_fu_3375_p2           |         -|   0|  0|  12|           2|           4|
    |row_1_fu_1847_p2            |         -|   0|  0|  12|           2|           4|
    |row_2_fu_1939_p2            |         -|   0|  0|  12|           2|           4|
    |row_3_fu_2031_p2            |         -|   0|  0|  12|           2|           4|
    |row_4_fu_2115_p2            |         -|   0|  0|  12|           2|           4|
    |row_5_fu_2199_p2            |         -|   0|  0|  12|           2|           4|
    |row_6_fu_2283_p2            |         -|   0|  0|  12|           2|           4|
    |row_7_fu_2367_p2            |         -|   0|  0|  12|           2|           4|
    |row_8_fu_2451_p2            |         -|   0|  0|  12|           2|           4|
    |row_9_fu_2535_p2            |         -|   0|  0|  12|           2|           4|
    |row_fu_1755_p2              |         -|   0|  0|  12|           2|           4|
    |w_idx_12_fu_3893_p2         |         -|   0|  0|  15|           8|           8|
    |w_idx_13_fu_3955_p2         |         -|   0|  0|  15|           8|           8|
    |w_idx_14_fu_4017_p2         |         -|   0|  0|  15|           8|           8|
    |w_idx_15_fu_4079_p2         |         -|   0|  0|  15|           8|           8|
    |w_idx_1_fu_3519_p2          |         -|   0|  0|  15|           8|           8|
    |w_idx_24_fu_4329_p2         |         -|   0|  0|  15|           8|           8|
    |w_idx_25_fu_4391_p2         |         -|   0|  0|  15|           8|           8|
    |w_idx_26_fu_4453_p2         |         -|   0|  0|  15|           8|           8|
    |w_idx_27_fu_4515_p2         |         -|   0|  0|  15|           8|           8|
    |w_idx_2_fu_3581_p2          |         -|   0|  0|  15|           8|           8|
    |w_idx_36_fu_4765_p2         |         -|   0|  0|  15|           8|           8|
    |w_idx_37_fu_4827_p2         |         -|   0|  0|  15|           8|           8|
    |w_idx_38_fu_4889_p2         |         -|   0|  0|  15|           8|           8|
    |w_idx_39_fu_4951_p2         |         -|   0|  0|  15|           8|           8|
    |w_idx_3_fu_3643_p2          |         -|   0|  0|  15|           8|           8|
    |w_idx_48_fu_5201_p2         |         -|   0|  0|  15|           8|           8|
    |w_idx_49_fu_5263_p2         |         -|   0|  0|  15|           8|           8|
    |w_idx_50_fu_5325_p2         |         -|   0|  0|  15|           8|           8|
    |w_idx_51_fu_5387_p2         |         -|   0|  0|  15|           8|           8|
    |w_idx_fu_3457_p2            |         -|   0|  0|  15|           8|           8|
    |icmp_ln134_10_fu_2171_p2    |      icmp|   0|  0|  13|           6|           3|
    |icmp_ln134_11_fu_2183_p2    |      icmp|   0|  0|  13|           6|           3|
    |icmp_ln134_12_fu_2255_p2    |      icmp|   0|  0|  13|           6|           3|
    |icmp_ln134_13_fu_2267_p2    |      icmp|   0|  0|  13|           6|           3|
    |icmp_ln134_14_fu_2339_p2    |      icmp|   0|  0|  13|           6|           3|
    |icmp_ln134_15_fu_2351_p2    |      icmp|   0|  0|  13|           6|           3|
    |icmp_ln134_16_fu_2423_p2    |      icmp|   0|  0|  13|           6|           3|
    |icmp_ln134_17_fu_2435_p2    |      icmp|   0|  0|  13|           6|           3|
    |icmp_ln134_18_fu_2507_p2    |      icmp|   0|  0|  13|           6|           3|
    |icmp_ln134_19_fu_2519_p2    |      icmp|   0|  0|  13|           6|           3|
    |icmp_ln134_1_fu_1739_p2     |      icmp|   0|  0|  13|           6|           3|
    |icmp_ln134_20_fu_2591_p2    |      icmp|   0|  0|  13|           6|           3|
    |icmp_ln134_21_fu_2603_p2    |      icmp|   0|  0|  13|           6|           3|
    |icmp_ln134_22_fu_2675_p2    |      icmp|   0|  0|  13|           6|           3|
    |icmp_ln134_23_fu_2687_p2    |      icmp|   0|  0|  13|           6|           3|
    |icmp_ln134_24_fu_2759_p2    |      icmp|   0|  0|  13|           6|           3|
    |icmp_ln134_25_fu_2771_p2    |      icmp|   0|  0|  13|           6|           3|
    |icmp_ln134_26_fu_2843_p2    |      icmp|   0|  0|  13|           6|           3|
    |icmp_ln134_27_fu_2855_p2    |      icmp|   0|  0|  13|           6|           3|
    |icmp_ln134_28_fu_2927_p2    |      icmp|   0|  0|  13|           6|           3|
    |icmp_ln134_29_fu_2939_p2    |      icmp|   0|  0|  13|           6|           3|
    |icmp_ln134_2_fu_1819_p2     |      icmp|   0|  0|  13|           6|           3|
    |icmp_ln134_30_fu_3011_p2    |      icmp|   0|  0|  13|           6|           3|
    |icmp_ln134_31_fu_3023_p2    |      icmp|   0|  0|  13|           6|           3|
    |icmp_ln134_32_fu_3095_p2    |      icmp|   0|  0|  13|           6|           3|
    |icmp_ln134_33_fu_3107_p2    |      icmp|   0|  0|  13|           6|           3|
    |icmp_ln134_34_fu_3179_p2    |      icmp|   0|  0|  13|           6|           3|
    |icmp_ln134_35_fu_3191_p2    |      icmp|   0|  0|  13|           6|           3|
    |icmp_ln134_36_fu_3263_p2    |      icmp|   0|  0|  13|           6|           3|
    |icmp_ln134_37_fu_3275_p2    |      icmp|   0|  0|  13|           6|           3|
    |icmp_ln134_38_fu_3347_p2    |      icmp|   0|  0|  13|           6|           3|
    |icmp_ln134_39_fu_3359_p2    |      icmp|   0|  0|  13|           6|           3|
    |icmp_ln134_3_fu_1831_p2     |      icmp|   0|  0|  13|           6|           3|
    |icmp_ln134_4_fu_1911_p2     |      icmp|   0|  0|  13|           6|           3|
    |icmp_ln134_5_fu_1923_p2     |      icmp|   0|  0|  13|           6|           3|
    |icmp_ln134_6_fu_2003_p2     |      icmp|   0|  0|  13|           6|           3|
    |icmp_ln134_7_fu_2015_p2     |      icmp|   0|  0|  13|           6|           3|
    |icmp_ln134_8_fu_2087_p2     |      icmp|   0|  0|  13|           6|           3|
    |icmp_ln134_9_fu_2099_p2     |      icmp|   0|  0|  13|           6|           3|
    |icmp_ln134_fu_1727_p2       |      icmp|   0|  0|  13|           6|           3|
    |icmp_ln198_10_fu_9404_p2    |      icmp|   0|  0|  23|          16|           1|
    |icmp_ln198_11_fu_9440_p2    |      icmp|   0|  0|  23|          16|           1|
    |icmp_ln198_12_fu_9476_p2    |      icmp|   0|  0|  23|          16|           1|
    |icmp_ln198_13_fu_9512_p2    |      icmp|   0|  0|  23|          16|           1|
    |icmp_ln198_14_fu_9548_p2    |      icmp|   0|  0|  23|          16|           1|
    |icmp_ln198_1_fu_9080_p2     |      icmp|   0|  0|  23|          16|           1|
    |icmp_ln198_2_fu_9116_p2     |      icmp|   0|  0|  23|          16|           1|
    |icmp_ln198_3_fu_9152_p2     |      icmp|   0|  0|  23|          16|           1|
    |icmp_ln198_4_fu_9188_p2     |      icmp|   0|  0|  23|          16|           1|
    |icmp_ln198_5_fu_9224_p2     |      icmp|   0|  0|  23|          16|           1|
    |icmp_ln198_6_fu_9260_p2     |      icmp|   0|  0|  23|          16|           1|
    |icmp_ln198_7_fu_9296_p2     |      icmp|   0|  0|  23|          16|           1|
    |icmp_ln198_8_fu_9332_p2     |      icmp|   0|  0|  23|          16|           1|
    |icmp_ln198_9_fu_9368_p2     |      icmp|   0|  0|  23|          16|           1|
    |icmp_ln198_fu_9044_p2       |      icmp|   0|  0|  23|          16|           1|
    |nonzero_1_fu_3847_p2        |      icmp|   0|  0|  23|          16|           1|
    |nonzero_2_fu_4283_p2        |      icmp|   0|  0|  23|          16|           1|
    |nonzero_3_fu_4719_p2        |      icmp|   0|  0|  23|          16|           1|
    |nonzero_4_fu_5155_p2        |      icmp|   0|  0|  23|          16|           1|
    |nonzero_fu_3411_p2          |      icmp|   0|  0|  23|          16|           1|
    |ap_block_state1             |        or|   0|  0|   2|           1|           1|
    |or_ln134_10_fu_2609_p2      |        or|   0|  0|   2|           1|           1|
    |or_ln134_11_fu_2693_p2      |        or|   0|  0|   2|           1|           1|
    |or_ln134_12_fu_2777_p2      |        or|   0|  0|   2|           1|           1|
    |or_ln134_13_fu_2861_p2      |        or|   0|  0|   2|           1|           1|
    |or_ln134_14_fu_2945_p2      |        or|   0|  0|   2|           1|           1|
    |or_ln134_15_fu_3029_p2      |        or|   0|  0|   2|           1|           1|
    |or_ln134_16_fu_3113_p2      |        or|   0|  0|   2|           1|           1|
    |or_ln134_17_fu_3197_p2      |        or|   0|  0|   2|           1|           1|
    |or_ln134_18_fu_3281_p2      |        or|   0|  0|   2|           1|           1|
    |or_ln134_19_fu_3365_p2      |        or|   0|  0|   2|           1|           1|
    |or_ln134_1_fu_1837_p2       |        or|   0|  0|   2|           1|           1|
    |or_ln134_2_fu_1929_p2       |        or|   0|  0|   2|           1|           1|
    |or_ln134_3_fu_2021_p2       |        or|   0|  0|   2|           1|           1|
    |or_ln134_4_fu_2105_p2       |        or|   0|  0|   2|           1|           1|
    |or_ln134_5_fu_2189_p2       |        or|   0|  0|   2|           1|           1|
    |or_ln134_6_fu_2273_p2       |        or|   0|  0|   2|           1|           1|
    |or_ln134_7_fu_2357_p2       |        or|   0|  0|   2|           1|           1|
    |or_ln134_8_fu_2441_p2       |        or|   0|  0|   2|           1|           1|
    |or_ln134_9_fu_2525_p2       |        or|   0|  0|   2|           1|           1|
    |or_ln134_fu_1745_p2         |        or|   0|  0|   2|           1|           1|
    |or_ln148_10_fu_4464_p2      |        or|   0|  0|   8|           8|           1|
    |or_ln148_11_fu_4526_p2      |        or|   0|  0|   8|           8|           1|
    |or_ln148_12_fu_4776_p2      |        or|   0|  0|   8|           8|           1|
    |or_ln148_13_fu_4838_p2      |        or|   0|  0|   8|           8|           1|
    |or_ln148_14_fu_4900_p2      |        or|   0|  0|   8|           8|           1|
    |or_ln148_15_fu_4962_p2      |        or|   0|  0|   8|           8|           1|
    |or_ln148_16_fu_5212_p2      |        or|   0|  0|   8|           8|           1|
    |or_ln148_17_fu_5274_p2      |        or|   0|  0|   8|           8|           1|
    |or_ln148_18_fu_5336_p2      |        or|   0|  0|   8|           8|           1|
    |or_ln148_19_fu_5398_p2      |        or|   0|  0|   8|           8|           1|
    |or_ln148_1_fu_3530_p2       |        or|   0|  0|   8|           8|           1|
    |or_ln148_2_fu_3592_p2       |        or|   0|  0|   8|           8|           1|
    |or_ln148_3_fu_3654_p2       |        or|   0|  0|   8|           8|           1|
    |or_ln148_4_fu_3904_p2       |        or|   0|  0|   8|           8|           1|
    |or_ln148_5_fu_3966_p2       |        or|   0|  0|   8|           8|           1|
    |or_ln148_6_fu_4028_p2       |        or|   0|  0|   8|           8|           1|
    |or_ln148_7_fu_4090_p2       |        or|   0|  0|   8|           8|           1|
    |or_ln148_8_fu_4340_p2       |        or|   0|  0|   8|           8|           1|
    |or_ln148_9_fu_4402_p2       |        or|   0|  0|   8|           8|           1|
    |or_ln148_fu_3468_p2         |        or|   0|  0|   8|           8|           1|
    |or_ln176_1_fu_3841_p2       |        or|   0|  0|  16|          16|          16|
    |or_ln176_2_fu_4277_p2       |        or|   0|  0|  16|          16|          16|
    |or_ln176_3_fu_4713_p2       |        or|   0|  0|  16|          16|          16|
    |or_ln176_4_fu_5149_p2       |        or|   0|  0|  16|          16|          16|
    |or_ln176_fu_3405_p2         |        or|   0|  0|  16|          16|          16|
    |acc_105_fu_9416_p3          |    select|   0|  0|  16|           1|           1|
    |acc_106_fu_9424_p3          |    select|   0|  0|  16|           1|          16|
    |acc_108_fu_8526_p3          |    select|   0|  0|  16|           1|           1|
    |acc_115_fu_9452_p3          |    select|   0|  0|  16|           1|           1|
    |acc_116_fu_9460_p3          |    select|   0|  0|  16|           1|          16|
    |acc_118_fu_8658_p3          |    select|   0|  0|  16|           1|           1|
    |acc_125_fu_9488_p3          |    select|   0|  0|  16|           1|           1|
    |acc_126_fu_9496_p3          |    select|   0|  0|  16|           1|          16|
    |acc_128_fu_8790_p3          |    select|   0|  0|  16|           1|           1|
    |acc_135_fu_9524_p3          |    select|   0|  0|  16|           1|           1|
    |acc_136_fu_9532_p3          |    select|   0|  0|  16|           1|          16|
    |acc_138_fu_8922_p3          |    select|   0|  0|  16|           1|           1|
    |acc_145_fu_9560_p3          |    select|   0|  0|  16|           1|           1|
    |acc_146_fu_9568_p3          |    select|   0|  0|  16|           1|          16|
    |acc_16_fu_9092_p3           |    select|   0|  0|  16|           1|           1|
    |acc_17_fu_9100_p3           |    select|   0|  0|  16|           1|          16|
    |acc_25_fu_9128_p3           |    select|   0|  0|  16|           1|           1|
    |acc_26_fu_9136_p3           |    select|   0|  0|  16|           1|          16|
    |acc_28_fu_7470_p3           |    select|   0|  0|  16|           1|           1|
    |acc_35_fu_9164_p3           |    select|   0|  0|  16|           1|           1|
    |acc_36_fu_9172_p3           |    select|   0|  0|  16|           1|          16|
    |acc_38_fu_7602_p3           |    select|   0|  0|  16|           1|           1|
    |acc_45_fu_9200_p3           |    select|   0|  0|  16|           1|           1|
    |acc_46_fu_9208_p3           |    select|   0|  0|  16|           1|          16|
    |acc_48_fu_7734_p3           |    select|   0|  0|  16|           1|           1|
    |acc_55_fu_9236_p3           |    select|   0|  0|  16|           1|           1|
    |acc_56_fu_9244_p3           |    select|   0|  0|  16|           1|          16|
    |acc_58_fu_7866_p3           |    select|   0|  0|  16|           1|           1|
    |acc_65_fu_9272_p3           |    select|   0|  0|  16|           1|           1|
    |acc_66_fu_9280_p3           |    select|   0|  0|  16|           1|          16|
    |acc_68_fu_7998_p3           |    select|   0|  0|  16|           1|           1|
    |acc_75_fu_9308_p3           |    select|   0|  0|  16|           1|           1|
    |acc_76_fu_9316_p3           |    select|   0|  0|  16|           1|          16|
    |acc_78_fu_8130_p3           |    select|   0|  0|  16|           1|           1|
    |acc_7_fu_9056_p3            |    select|   0|  0|  16|           1|           1|
    |acc_85_fu_9344_p3           |    select|   0|  0|  16|           1|           1|
    |acc_86_fu_9352_p3           |    select|   0|  0|  16|           1|          16|
    |acc_88_fu_8262_p3           |    select|   0|  0|  16|           1|           1|
    |acc_8_fu_9064_p3            |    select|   0|  0|  16|           1|          16|
    |acc_95_fu_9380_p3           |    select|   0|  0|  16|           1|           1|
    |acc_96_fu_9388_p3           |    select|   0|  0|  16|           1|          16|
    |acc_98_fu_8394_p3           |    select|   0|  0|  16|           1|           1|
    |select_ln134_10_fu_7406_p3  |    select|   0|  0|  16|           1|           1|
    |select_ln134_11_fu_7432_p3  |    select|   0|  0|  16|           1|           1|
    |select_ln134_13_fu_7512_p3  |    select|   0|  0|  16|           1|           1|
    |select_ln134_14_fu_7538_p3  |    select|   0|  0|  16|           1|           1|
    |select_ln134_15_fu_7564_p3  |    select|   0|  0|  16|           1|           1|
    |select_ln134_17_fu_7644_p3  |    select|   0|  0|  16|           1|           1|
    |select_ln134_18_fu_7670_p3  |    select|   0|  0|  16|           1|           1|
    |select_ln134_19_fu_7696_p3  |    select|   0|  0|  16|           1|           1|
    |select_ln134_1_fu_7110_p3   |    select|   0|  0|  16|           1|           1|
    |select_ln134_21_fu_7776_p3  |    select|   0|  0|  16|           1|           1|
    |select_ln134_22_fu_7802_p3  |    select|   0|  0|  16|           1|           1|
    |select_ln134_23_fu_7828_p3  |    select|   0|  0|  16|           1|           1|
    |select_ln134_25_fu_7892_p3  |    select|   0|  0|  16|           1|           1|
    |select_ln134_26_fu_7934_p3  |    select|   0|  0|  16|           1|           1|
    |select_ln134_27_fu_7960_p3  |    select|   0|  0|  16|           1|           1|
    |select_ln134_29_fu_8024_p3  |    select|   0|  0|  16|           1|           1|
    |select_ln134_2_fu_7139_p3   |    select|   0|  0|  16|           1|           1|
    |select_ln134_30_fu_8066_p3  |    select|   0|  0|  16|           1|           1|
    |select_ln134_31_fu_8092_p3  |    select|   0|  0|  16|           1|           1|
    |select_ln134_33_fu_8156_p3  |    select|   0|  0|  16|           1|           1|
    |select_ln134_34_fu_8198_p3  |    select|   0|  0|  16|           1|           1|
    |select_ln134_35_fu_8224_p3  |    select|   0|  0|  16|           1|           1|
    |select_ln134_37_fu_8288_p3  |    select|   0|  0|  16|           1|           1|
    |select_ln134_38_fu_8314_p3  |    select|   0|  0|  16|           1|           1|
    |select_ln134_39_fu_8356_p3  |    select|   0|  0|  16|           1|           1|
    |select_ln134_3_fu_7168_p3   |    select|   0|  0|  16|           1|           1|
    |select_ln134_41_fu_8420_p3  |    select|   0|  0|  16|           1|           1|
    |select_ln134_42_fu_8446_p3  |    select|   0|  0|  16|           1|           1|
    |select_ln134_43_fu_8488_p3  |    select|   0|  0|  16|           1|           1|
    |select_ln134_45_fu_8552_p3  |    select|   0|  0|  16|           1|           1|
    |select_ln134_46_fu_8578_p3  |    select|   0|  0|  16|           1|           1|
    |select_ln134_47_fu_8620_p3  |    select|   0|  0|  16|           1|           1|
    |select_ln134_49_fu_8684_p3  |    select|   0|  0|  16|           1|           1|
    |select_ln134_4_fu_7222_p3   |    select|   0|  0|  16|           1|           1|
    |select_ln134_50_fu_8710_p3  |    select|   0|  0|  16|           1|           1|
    |select_ln134_51_fu_8736_p3  |    select|   0|  0|  16|           1|           1|
    |select_ln134_53_fu_8816_p3  |    select|   0|  0|  16|           1|           1|
    |select_ln134_54_fu_8842_p3  |    select|   0|  0|  16|           1|           1|
    |select_ln134_55_fu_8868_p3  |    select|   0|  0|  16|           1|           1|
    |select_ln134_57_fu_8948_p3  |    select|   0|  0|  16|           1|           1|
    |select_ln134_58_fu_8974_p3  |    select|   0|  0|  16|           1|           1|
    |select_ln134_59_fu_9000_p3  |    select|   0|  0|  16|           1|           1|
    |select_ln134_5_fu_7248_p3   |    select|   0|  0|  16|           1|           1|
    |select_ln134_6_fu_7274_p3   |    select|   0|  0|  16|           1|           1|
    |select_ln134_7_fu_7300_p3   |    select|   0|  0|  16|           1|           1|
    |select_ln134_8_fu_7354_p3   |    select|   0|  0|  16|           1|           1|
    |select_ln134_9_fu_7380_p3   |    select|   0|  0|  16|           1|           1|
    |select_ln134_fu_7081_p3     |    select|   0|  0|  16|           1|           1|
    +----------------------------+----------+----+---+----+------------+------------+
    |Total                       |          |   0|  0|7507|        3671|        2786|
    +----------------------------+----------+----+---+----+------------+------------+

    * Multiplexer: 
    +-------------------------+----+-----------+-----+-----------+
    |           Name          | LUT| Input Size| Bits| Total Bits|
    +-------------------------+----+-----------+-----+-----------+
    |ap_NS_fsm                |  31|          6|    1|          6|
    |ap_done                  |   9|          2|    1|          2|
    |sparse_arr_hash_0_blk_n  |   9|          2|    1|          2|
    |sparse_arr_hash_1_blk_n  |   9|          2|    1|          2|
    |sparse_arr_hash_2_blk_n  |   9|          2|    1|          2|
    |sparse_arr_hash_3_blk_n  |   9|          2|    1|          2|
    |sparse_arr_hash_4_blk_n  |   9|          2|    1|          2|
    |sparse_arr_hash_5_blk_n  |   9|          2|    1|          2|
    |sparse_arr_hash_6_blk_n  |   9|          2|    1|          2|
    |sparse_arr_hash_7_blk_n  |   9|          2|    1|          2|
    |sparse_arr_hash_8_blk_n  |   9|          2|    1|          2|
    |sparse_arr_hash_9_blk_n  |   9|          2|    1|          2|
    +-------------------------+----+-----------+-----+-----------+
    |Total                    | 130|         28|   12|         28|
    +-------------------------+----+-----------+-----+-----------+

    * Register: 
    +---------------------------+----+----+-----+-----------+
    |            Name           | FF | LUT| Bits| Const Bits|
    +---------------------------+----+----+-----+-----------+
    |add_ln138_10_reg_10437     |   5|   0|    5|          0|
    |add_ln138_12_reg_10454     |   5|   0|    5|          0|
    |add_ln138_14_reg_10471     |   5|   0|    5|          0|
    |add_ln138_16_reg_10488     |   5|   0|    5|          0|
    |add_ln138_18_reg_10505     |   5|   0|    5|          0|
    |add_ln138_20_reg_10522     |   5|   0|    5|          0|
    |add_ln138_22_reg_10539     |   5|   0|    5|          0|
    |add_ln138_24_reg_10556     |   5|   0|    5|          0|
    |add_ln138_26_reg_10573     |   5|   0|    5|          0|
    |add_ln138_28_reg_10590     |   5|   0|    5|          0|
    |add_ln138_2_reg_10369      |   5|   0|    5|          0|
    |add_ln138_30_reg_10607     |   5|   0|    5|          0|
    |add_ln138_32_reg_10624     |   5|   0|    5|          0|
    |add_ln138_34_reg_10641     |   5|   0|    5|          0|
    |add_ln138_36_reg_10658     |   5|   0|    5|          0|
    |add_ln138_38_reg_10675     |   5|   0|    5|          0|
    |add_ln138_4_reg_10386      |   5|   0|    5|          0|
    |add_ln138_6_reg_10403      |   5|   0|    5|          0|
    |add_ln138_8_reg_10420      |   5|   0|    5|          0|
    |add_ln138_reg_10352        |   5|   0|    5|          0|
    |add_ln194_10_reg_12080     |  16|   0|   16|          0|
    |add_ln194_14_reg_12095     |  16|   0|   16|          0|
    |add_ln194_18_reg_12110     |  16|   0|   16|          0|
    |add_ln194_22_reg_12125     |  16|   0|   16|          0|
    |add_ln194_26_reg_12140     |  16|   0|   16|          0|
    |add_ln194_2_reg_12050      |  16|   0|   16|          0|
    |add_ln194_30_reg_12155     |  16|   0|   16|          0|
    |add_ln194_34_reg_12170     |  16|   0|   16|          0|
    |add_ln194_38_reg_12185     |  16|   0|   16|          0|
    |add_ln194_42_reg_12200     |  16|   0|   16|          0|
    |add_ln194_46_reg_12215     |  16|   0|   16|          0|
    |add_ln194_50_reg_12230     |  16|   0|   16|          0|
    |add_ln194_54_reg_12245     |  16|   0|   16|          0|
    |add_ln194_58_reg_12260     |  16|   0|   16|          0|
    |add_ln194_6_reg_12065      |  16|   0|   16|          0|
    |ap_CS_fsm                  |   5|   0|    5|          0|
    |ap_done_reg                |   1|   0|    1|          0|
    |nonzero_1_reg_10857        |   1|   0|    1|          0|
    |nonzero_2_reg_10984        |   1|   0|    1|          0|
    |nonzero_3_reg_11111        |   1|   0|    1|          0|
    |nonzero_4_reg_11238        |   1|   0|    1|          0|
    |nonzero_reg_10730          |   1|   0|    1|          0|
    |or_ln134_10_reg_10510      |   1|   0|    1|          0|
    |or_ln134_11_reg_10527      |   1|   0|    1|          0|
    |or_ln134_12_reg_10544      |   1|   0|    1|          0|
    |or_ln134_13_reg_10561      |   1|   0|    1|          0|
    |or_ln134_14_reg_10578      |   1|   0|    1|          0|
    |or_ln134_15_reg_10595      |   1|   0|    1|          0|
    |or_ln134_16_reg_10612      |   1|   0|    1|          0|
    |or_ln134_17_reg_10629      |   1|   0|    1|          0|
    |or_ln134_18_reg_10646      |   1|   0|    1|          0|
    |or_ln134_19_reg_10663      |   1|   0|    1|          0|
    |or_ln134_1_reg_10357       |   1|   0|    1|          0|
    |or_ln134_2_reg_10374       |   1|   0|    1|          0|
    |or_ln134_3_reg_10391       |   1|   0|    1|          0|
    |or_ln134_4_reg_10408       |   1|   0|    1|          0|
    |or_ln134_5_reg_10425       |   1|   0|    1|          0|
    |or_ln134_6_reg_10442       |   1|   0|    1|          0|
    |or_ln134_7_reg_10459       |   1|   0|    1|          0|
    |or_ln134_8_reg_10476       |   1|   0|    1|          0|
    |or_ln134_9_reg_10493       |   1|   0|    1|          0|
    |or_ln134_reg_10340         |   1|   0|    1|          0|
    |row_10_reg_10517           |   4|   0|    4|          0|
    |row_11_reg_10534           |   4|   0|    4|          0|
    |row_12_reg_10551           |   4|   0|    4|          0|
    |row_13_reg_10568           |   4|   0|    4|          0|
    |row_14_reg_10585           |   4|   0|    4|          0|
    |row_15_reg_10602           |   4|   0|    4|          0|
    |row_16_reg_10619           |   4|   0|    4|          0|
    |row_17_reg_10636           |   4|   0|    4|          0|
    |row_18_reg_10653           |   4|   0|    4|          0|
    |row_19_reg_10670           |   4|   0|    4|          0|
    |row_1_reg_10364            |   4|   0|    4|          0|
    |row_2_reg_10381            |   4|   0|    4|          0|
    |row_3_reg_10398            |   4|   0|    4|          0|
    |row_4_reg_10415            |   4|   0|    4|          0|
    |row_5_reg_10432            |   4|   0|    4|          0|
    |row_6_reg_10449            |   4|   0|    4|          0|
    |row_7_reg_10466            |   4|   0|    4|          0|
    |row_8_reg_10483            |   4|   0|    4|          0|
    |row_9_reg_10500            |   4|   0|    4|          0|
    |row_reg_10347              |   4|   0|    4|          0|
    |select_ln134_10_reg_12075  |  16|   0|   16|          0|
    |select_ln134_13_reg_12085  |  16|   0|   16|          0|
    |select_ln134_14_reg_12090  |  16|   0|   16|          0|
    |select_ln134_17_reg_12100  |  16|   0|   16|          0|
    |select_ln134_18_reg_12105  |  16|   0|   16|          0|
    |select_ln134_1_reg_12040   |  16|   0|   16|          0|
    |select_ln134_21_reg_12115  |  16|   0|   16|          0|
    |select_ln134_22_reg_12120  |  16|   0|   16|          0|
    |select_ln134_25_reg_12130  |  16|   0|   16|          0|
    |select_ln134_26_reg_12135  |  16|   0|   16|          0|
    |select_ln134_29_reg_12145  |  16|   0|   16|          0|
    |select_ln134_2_reg_12045   |  16|   0|   16|          0|
    |select_ln134_30_reg_12150  |  16|   0|   16|          0|
    |select_ln134_33_reg_12160  |  16|   0|   16|          0|
    |select_ln134_34_reg_12165  |  16|   0|   16|          0|
    |select_ln134_37_reg_12175  |  16|   0|   16|          0|
    |select_ln134_38_reg_12180  |  16|   0|   16|          0|
    |select_ln134_41_reg_12190  |  16|   0|   16|          0|
    |select_ln134_42_reg_12195  |  16|   0|   16|          0|
    |select_ln134_45_reg_12205  |  16|   0|   16|          0|
    |select_ln134_46_reg_12210  |  16|   0|   16|          0|
    |select_ln134_49_reg_12220  |  16|   0|   16|          0|
    |select_ln134_50_reg_12225  |  16|   0|   16|          0|
    |select_ln134_53_reg_12235  |  16|   0|   16|          0|
    |select_ln134_54_reg_12240  |  16|   0|   16|          0|
    |select_ln134_57_reg_12250  |  16|   0|   16|          0|
    |select_ln134_58_reg_12255  |  16|   0|   16|          0|
    |select_ln134_5_reg_12055   |  16|   0|   16|          0|
    |select_ln134_6_reg_12060   |  16|   0|   16|          0|
    |select_ln134_9_reg_12070   |  16|   0|   16|          0|
    |tmp_10_reg_11460           |  16|   0|   16|          0|
    |tmp_11_reg_11470           |  16|   0|   16|          0|
    |tmp_12_reg_11480           |  16|   0|   16|          0|
    |tmp_13_reg_11490           |  16|   0|   16|          0|
    |tmp_14_reg_11500           |  16|   0|   16|          0|
    |tmp_15_reg_11510           |  16|   0|   16|          0|
    |tmp_16_reg_11515           |  16|   0|   16|          0|
    |tmp_17_reg_11525           |  16|   0|   16|          0|
    |tmp_18_reg_11535           |  16|   0|   16|          0|
    |tmp_19_reg_11545           |  16|   0|   16|          0|
    |tmp_1_reg_11425            |  16|   0|   16|          0|
    |tmp_20_reg_11555           |  16|   0|   16|          0|
    |tmp_21_reg_11560           |  16|   0|   16|          0|
    |tmp_22_reg_11570           |  16|   0|   16|          0|
    |tmp_23_reg_11580           |  16|   0|   16|          0|
    |tmp_24_reg_11590           |  16|   0|   16|          0|
    |tmp_25_reg_11600           |  16|   0|   16|          0|
    |tmp_26_reg_11605           |  16|   0|   16|          0|
    |tmp_27_reg_11615           |  16|   0|   16|          0|
    |tmp_28_reg_11625           |  16|   0|   16|          0|
    |tmp_29_reg_11635           |  16|   0|   16|          0|
    |tmp_2_reg_11370            |  16|   0|   16|          0|
    |tmp_30_reg_11645           |  16|   0|   16|          0|
    |tmp_31_reg_11655           |  16|   0|   16|          0|
    |tmp_32_reg_11660           |  16|   0|   16|          0|
    |tmp_33_reg_11670           |  16|   0|   16|          0|
    |tmp_34_reg_11680           |  16|   0|   16|          0|
    |tmp_35_reg_11690           |  16|   0|   16|          0|
    |tmp_36_reg_11700           |  16|   0|   16|          0|
    |tmp_37_reg_11705           |  16|   0|   16|          0|
    |tmp_38_reg_11715           |  16|   0|   16|          0|
    |tmp_39_reg_11725           |  16|   0|   16|          0|
    |tmp_3_reg_11435            |  16|   0|   16|          0|
    |tmp_40_reg_11735           |  16|   0|   16|          0|
    |tmp_41_reg_11745           |  16|   0|   16|          0|
    |tmp_42_reg_11750           |  16|   0|   16|          0|
    |tmp_43_reg_11760           |  16|   0|   16|          0|
    |tmp_44_reg_11770           |  16|   0|   16|          0|
    |tmp_45_reg_11780           |  16|   0|   16|          0|
    |tmp_46_reg_11790           |  16|   0|   16|          0|
    |tmp_47_reg_11800           |  16|   0|   16|          0|
    |tmp_48_reg_11805           |  16|   0|   16|          0|
    |tmp_49_reg_11815           |  16|   0|   16|          0|
    |tmp_4_reg_11380            |  16|   0|   16|          0|
    |tmp_50_reg_11825           |  16|   0|   16|          0|
    |tmp_51_reg_11835           |  16|   0|   16|          0|
    |tmp_52_reg_11845           |  16|   0|   16|          0|
    |tmp_53_reg_11850           |  16|   0|   16|          0|
    |tmp_54_reg_11860           |  16|   0|   16|          0|
    |tmp_55_reg_11870           |  16|   0|   16|          0|
    |tmp_56_reg_11880           |  16|   0|   16|          0|
    |tmp_57_reg_11890           |  16|   0|   16|          0|
    |tmp_58_reg_11895           |  16|   0|   16|          0|
    |tmp_59_reg_11905           |  16|   0|   16|          0|
    |tmp_5_reg_11445            |  16|   0|   16|          0|
    |tmp_60_reg_11915           |  16|   0|   16|          0|
    |tmp_61_reg_11925           |  16|   0|   16|          0|
    |tmp_62_reg_11935           |  16|   0|   16|          0|
    |tmp_63_reg_11945           |  16|   0|   16|          0|
    |tmp_64_reg_11950           |  16|   0|   16|          0|
    |tmp_65_reg_11960           |  16|   0|   16|          0|
    |tmp_66_reg_11970           |  16|   0|   16|          0|
    |tmp_67_reg_11980           |  16|   0|   16|          0|
    |tmp_68_reg_11990           |  16|   0|   16|          0|
    |tmp_69_reg_11995           |  16|   0|   16|          0|
    |tmp_6_reg_11390            |  16|   0|   16|          0|
    |tmp_70_reg_12005           |  16|   0|   16|          0|
    |tmp_71_reg_12015           |  16|   0|   16|          0|
    |tmp_72_reg_12025           |  16|   0|   16|          0|
    |tmp_73_reg_12035           |  16|   0|   16|          0|
    |tmp_7_reg_11455            |  16|   0|   16|          0|
    |tmp_8_reg_11400            |  16|   0|   16|          0|
    |tmp_9_reg_11410            |  16|   0|   16|          0|
    |tmp_reg_11365              |  16|   0|   16|          0|
    |tmp_s_reg_11415            |  16|   0|   16|          0|
    |w4_load_101_reg_11930      |  15|   0|   15|          0|
    |w4_load_103_reg_11940      |  15|   0|   15|          0|
    |w4_load_105_reg_11955      |  15|   0|   15|          0|
    |w4_load_107_reg_11965      |  15|   0|   15|          0|
    |w4_load_109_reg_11975      |  15|   0|   15|          0|
    |w4_load_111_reg_11985      |  15|   0|   15|          0|
    |w4_load_113_reg_12000      |  15|   0|   15|          0|
    |w4_load_115_reg_12010      |  15|   0|   15|          0|
    |w4_load_117_reg_12020      |  15|   0|   15|          0|
    |w4_load_119_reg_12030      |  15|   0|   15|          0|
    |w4_load_11_reg_11430       |  15|   0|   15|          0|
    |w4_load_13_reg_11440       |  15|   0|   15|          0|
    |w4_load_15_reg_11450       |  15|   0|   15|          0|
    |w4_load_17_reg_11465       |  15|   0|   15|          0|
    |w4_load_19_reg_11475       |  15|   0|   15|          0|
    |w4_load_1_reg_11375        |  15|   0|   15|          0|
    |w4_load_21_reg_11485       |  15|   0|   15|          0|
    |w4_load_23_reg_11495       |  15|   0|   15|          0|
    |w4_load_25_reg_11505       |  15|   0|   15|          0|
    |w4_load_27_reg_11520       |  15|   0|   15|          0|
    |w4_load_29_reg_11530       |  15|   0|   15|          0|
    |w4_load_31_reg_11540       |  15|   0|   15|          0|
    |w4_load_33_reg_11550       |  15|   0|   15|          0|
    |w4_load_35_reg_11565       |  15|   0|   15|          0|
    |w4_load_37_reg_11575       |  15|   0|   15|          0|
    |w4_load_39_reg_11585       |  15|   0|   15|          0|
    |w4_load_3_reg_11385        |  15|   0|   15|          0|
    |w4_load_41_reg_11595       |  15|   0|   15|          0|
    |w4_load_43_reg_11610       |  15|   0|   15|          0|
    |w4_load_45_reg_11620       |  15|   0|   15|          0|
    |w4_load_47_reg_11630       |  15|   0|   15|          0|
    |w4_load_49_reg_11640       |  15|   0|   15|          0|
    |w4_load_51_reg_11650       |  15|   0|   15|          0|
    |w4_load_53_reg_11665       |  15|   0|   15|          0|
    |w4_load_55_reg_11675       |  15|   0|   15|          0|
    |w4_load_57_reg_11685       |  15|   0|   15|          0|
    |w4_load_59_reg_11695       |  15|   0|   15|          0|
    |w4_load_5_reg_11395        |  15|   0|   15|          0|
    |w4_load_61_reg_11710       |  15|   0|   15|          0|
    |w4_load_63_reg_11720       |  15|   0|   15|          0|
    |w4_load_65_reg_11730       |  15|   0|   15|          0|
    |w4_load_67_reg_11740       |  15|   0|   15|          0|
    |w4_load_69_reg_11755       |  15|   0|   15|          0|
    |w4_load_71_reg_11765       |  15|   0|   15|          0|
    |w4_load_73_reg_11775       |  15|   0|   15|          0|
    |w4_load_75_reg_11785       |  15|   0|   15|          0|
    |w4_load_77_reg_11795       |  15|   0|   15|          0|
    |w4_load_79_reg_11810       |  15|   0|   15|          0|
    |w4_load_7_reg_11405        |  15|   0|   15|          0|
    |w4_load_81_reg_11820       |  15|   0|   15|          0|
    |w4_load_83_reg_11830       |  15|   0|   15|          0|
    |w4_load_85_reg_11840       |  15|   0|   15|          0|
    |w4_load_87_reg_11855       |  15|   0|   15|          0|
    |w4_load_89_reg_11865       |  15|   0|   15|          0|
    |w4_load_91_reg_11875       |  15|   0|   15|          0|
    |w4_load_93_reg_11885       |  15|   0|   15|          0|
    |w4_load_95_reg_11900       |  15|   0|   15|          0|
    |w4_load_97_reg_11910       |  15|   0|   15|          0|
    |w4_load_99_reg_11920       |  15|   0|   15|          0|
    |w4_load_9_reg_11420        |  15|   0|   15|          0|
    +---------------------------+----+----+-----+-----------+
    |Total                      |3031|   0| 3031|          0|
    +---------------------------+----+----+-----+-----------+



================================================================
== Interface
================================================================
* Summary: 
+----------------------------------+-----+-----+------------+------------------------------------------------------------------+--------------+
|             RTL Ports            | Dir | Bits|  Protocol  |                           Source Object                          |    C Type    |
+----------------------------------+-----+-----+------------+------------------------------------------------------------------+--------------+
|ap_clk                            |   in|    1|  ap_ctrl_hs|  sparse_conv<ap_fixed,ap_fixed,ap_uint,ap_fixed,ap_fixed,5,2,3,5>|  return value|
|ap_rst                            |   in|    1|  ap_ctrl_hs|  sparse_conv<ap_fixed,ap_fixed,ap_uint,ap_fixed,ap_fixed,5,2,3,5>|  return value|
|ap_start                          |   in|    1|  ap_ctrl_hs|  sparse_conv<ap_fixed,ap_fixed,ap_uint,ap_fixed,ap_fixed,5,2,3,5>|  return value|
|ap_done                           |  out|    1|  ap_ctrl_hs|  sparse_conv<ap_fixed,ap_fixed,ap_uint,ap_fixed,ap_fixed,5,2,3,5>|  return value|
|ap_continue                       |   in|    1|  ap_ctrl_hs|  sparse_conv<ap_fixed,ap_fixed,ap_uint,ap_fixed,ap_fixed,5,2,3,5>|  return value|
|ap_idle                           |  out|    1|  ap_ctrl_hs|  sparse_conv<ap_fixed,ap_fixed,ap_uint,ap_fixed,ap_fixed,5,2,3,5>|  return value|
|ap_ready                          |  out|    1|  ap_ctrl_hs|  sparse_conv<ap_fixed,ap_fixed,ap_uint,ap_fixed,ap_fixed,5,2,3,5>|  return value|
|ap_return_0                       |  out|   16|  ap_ctrl_hs|  sparse_conv<ap_fixed,ap_fixed,ap_uint,ap_fixed,ap_fixed,5,2,3,5>|  return value|
|ap_return_1                       |  out|   16|  ap_ctrl_hs|  sparse_conv<ap_fixed,ap_fixed,ap_uint,ap_fixed,ap_fixed,5,2,3,5>|  return value|
|ap_return_2                       |  out|   16|  ap_ctrl_hs|  sparse_conv<ap_fixed,ap_fixed,ap_uint,ap_fixed,ap_fixed,5,2,3,5>|  return value|
|ap_return_3                       |  out|   16|  ap_ctrl_hs|  sparse_conv<ap_fixed,ap_fixed,ap_uint,ap_fixed,ap_fixed,5,2,3,5>|  return value|
|ap_return_4                       |  out|   16|  ap_ctrl_hs|  sparse_conv<ap_fixed,ap_fixed,ap_uint,ap_fixed,ap_fixed,5,2,3,5>|  return value|
|ap_return_5                       |  out|   16|  ap_ctrl_hs|  sparse_conv<ap_fixed,ap_fixed,ap_uint,ap_fixed,ap_fixed,5,2,3,5>|  return value|
|ap_return_6                       |  out|   16|  ap_ctrl_hs|  sparse_conv<ap_fixed,ap_fixed,ap_uint,ap_fixed,ap_fixed,5,2,3,5>|  return value|
|ap_return_7                       |  out|   16|  ap_ctrl_hs|  sparse_conv<ap_fixed,ap_fixed,ap_uint,ap_fixed,ap_fixed,5,2,3,5>|  return value|
|ap_return_8                       |  out|   16|  ap_ctrl_hs|  sparse_conv<ap_fixed,ap_fixed,ap_uint,ap_fixed,ap_fixed,5,2,3,5>|  return value|
|ap_return_9                       |  out|   16|  ap_ctrl_hs|  sparse_conv<ap_fixed,ap_fixed,ap_uint,ap_fixed,ap_fixed,5,2,3,5>|  return value|
|ap_return_10                      |  out|   16|  ap_ctrl_hs|  sparse_conv<ap_fixed,ap_fixed,ap_uint,ap_fixed,ap_fixed,5,2,3,5>|  return value|
|ap_return_11                      |  out|   16|  ap_ctrl_hs|  sparse_conv<ap_fixed,ap_fixed,ap_uint,ap_fixed,ap_fixed,5,2,3,5>|  return value|
|ap_return_12                      |  out|   16|  ap_ctrl_hs|  sparse_conv<ap_fixed,ap_fixed,ap_uint,ap_fixed,ap_fixed,5,2,3,5>|  return value|
|ap_return_13                      |  out|   16|  ap_ctrl_hs|  sparse_conv<ap_fixed,ap_fixed,ap_uint,ap_fixed,ap_fixed,5,2,3,5>|  return value|
|ap_return_14                      |  out|   16|  ap_ctrl_hs|  sparse_conv<ap_fixed,ap_fixed,ap_uint,ap_fixed,ap_fixed,5,2,3,5>|  return value|
|p_read                            |   in|   16|     ap_none|                                                            p_read|        scalar|
|p_read1                           |   in|   16|     ap_none|                                                           p_read1|        scalar|
|p_read2                           |   in|   16|     ap_none|                                                           p_read2|        scalar|
|p_read3                           |   in|   16|     ap_none|                                                           p_read3|        scalar|
|p_read4                           |   in|   16|     ap_none|                                                           p_read4|        scalar|
|p_read5                           |   in|   16|     ap_none|                                                           p_read5|        scalar|
|p_read6                           |   in|   16|     ap_none|                                                           p_read6|        scalar|
|p_read7                           |   in|   16|     ap_none|                                                           p_read7|        scalar|
|p_read8                           |   in|   16|     ap_none|                                                           p_read8|        scalar|
|p_read9                           |   in|   16|     ap_none|                                                           p_read9|        scalar|
|sparse_arr_hash_0_dout            |   in|    4|     ap_fifo|                                                 sparse_arr_hash_0|       pointer|
|sparse_arr_hash_0_num_data_valid  |   in|    2|     ap_fifo|                                                 sparse_arr_hash_0|       pointer|
|sparse_arr_hash_0_fifo_cap        |   in|    2|     ap_fifo|                                                 sparse_arr_hash_0|       pointer|
|sparse_arr_hash_0_empty_n         |   in|    1|     ap_fifo|                                                 sparse_arr_hash_0|       pointer|
|sparse_arr_hash_0_read            |  out|    1|     ap_fifo|                                                 sparse_arr_hash_0|       pointer|
|sparse_arr_hash_1_dout            |   in|    4|     ap_fifo|                                                 sparse_arr_hash_1|       pointer|
|sparse_arr_hash_1_num_data_valid  |   in|    2|     ap_fifo|                                                 sparse_arr_hash_1|       pointer|
|sparse_arr_hash_1_fifo_cap        |   in|    2|     ap_fifo|                                                 sparse_arr_hash_1|       pointer|
|sparse_arr_hash_1_empty_n         |   in|    1|     ap_fifo|                                                 sparse_arr_hash_1|       pointer|
|sparse_arr_hash_1_read            |  out|    1|     ap_fifo|                                                 sparse_arr_hash_1|       pointer|
|sparse_arr_hash_2_dout            |   in|    4|     ap_fifo|                                                 sparse_arr_hash_2|       pointer|
|sparse_arr_hash_2_num_data_valid  |   in|    2|     ap_fifo|                                                 sparse_arr_hash_2|       pointer|
|sparse_arr_hash_2_fifo_cap        |   in|    2|     ap_fifo|                                                 sparse_arr_hash_2|       pointer|
|sparse_arr_hash_2_empty_n         |   in|    1|     ap_fifo|                                                 sparse_arr_hash_2|       pointer|
|sparse_arr_hash_2_read            |  out|    1|     ap_fifo|                                                 sparse_arr_hash_2|       pointer|
|sparse_arr_hash_3_dout            |   in|    4|     ap_fifo|                                                 sparse_arr_hash_3|       pointer|
|sparse_arr_hash_3_num_data_valid  |   in|    2|     ap_fifo|                                                 sparse_arr_hash_3|       pointer|
|sparse_arr_hash_3_fifo_cap        |   in|    2|     ap_fifo|                                                 sparse_arr_hash_3|       pointer|
|sparse_arr_hash_3_empty_n         |   in|    1|     ap_fifo|                                                 sparse_arr_hash_3|       pointer|
|sparse_arr_hash_3_read            |  out|    1|     ap_fifo|                                                 sparse_arr_hash_3|       pointer|
|sparse_arr_hash_4_dout            |   in|    4|     ap_fifo|                                                 sparse_arr_hash_4|       pointer|
|sparse_arr_hash_4_num_data_valid  |   in|    2|     ap_fifo|                                                 sparse_arr_hash_4|       pointer|
|sparse_arr_hash_4_fifo_cap        |   in|    2|     ap_fifo|                                                 sparse_arr_hash_4|       pointer|
|sparse_arr_hash_4_empty_n         |   in|    1|     ap_fifo|                                                 sparse_arr_hash_4|       pointer|
|sparse_arr_hash_4_read            |  out|    1|     ap_fifo|                                                 sparse_arr_hash_4|       pointer|
|sparse_arr_hash_5_dout            |   in|    4|     ap_fifo|                                                 sparse_arr_hash_5|       pointer|
|sparse_arr_hash_5_num_data_valid  |   in|    2|     ap_fifo|                                                 sparse_arr_hash_5|       pointer|
|sparse_arr_hash_5_fifo_cap        |   in|    2|     ap_fifo|                                                 sparse_arr_hash_5|       pointer|
|sparse_arr_hash_5_empty_n         |   in|    1|     ap_fifo|                                                 sparse_arr_hash_5|       pointer|
|sparse_arr_hash_5_read            |  out|    1|     ap_fifo|                                                 sparse_arr_hash_5|       pointer|
|sparse_arr_hash_6_dout            |   in|    4|     ap_fifo|                                                 sparse_arr_hash_6|       pointer|
|sparse_arr_hash_6_num_data_valid  |   in|    2|     ap_fifo|                                                 sparse_arr_hash_6|       pointer|
|sparse_arr_hash_6_fifo_cap        |   in|    2|     ap_fifo|                                                 sparse_arr_hash_6|       pointer|
|sparse_arr_hash_6_empty_n         |   in|    1|     ap_fifo|                                                 sparse_arr_hash_6|       pointer|
|sparse_arr_hash_6_read            |  out|    1|     ap_fifo|                                                 sparse_arr_hash_6|       pointer|
|sparse_arr_hash_7_dout            |   in|    4|     ap_fifo|                                                 sparse_arr_hash_7|       pointer|
|sparse_arr_hash_7_num_data_valid  |   in|    2|     ap_fifo|                                                 sparse_arr_hash_7|       pointer|
|sparse_arr_hash_7_fifo_cap        |   in|    2|     ap_fifo|                                                 sparse_arr_hash_7|       pointer|
|sparse_arr_hash_7_empty_n         |   in|    1|     ap_fifo|                                                 sparse_arr_hash_7|       pointer|
|sparse_arr_hash_7_read            |  out|    1|     ap_fifo|                                                 sparse_arr_hash_7|       pointer|
|sparse_arr_hash_8_dout            |   in|    4|     ap_fifo|                                                 sparse_arr_hash_8|       pointer|
|sparse_arr_hash_8_num_data_valid  |   in|    2|     ap_fifo|                                                 sparse_arr_hash_8|       pointer|
|sparse_arr_hash_8_fifo_cap        |   in|    2|     ap_fifo|                                                 sparse_arr_hash_8|       pointer|
|sparse_arr_hash_8_empty_n         |   in|    1|     ap_fifo|                                                 sparse_arr_hash_8|       pointer|
|sparse_arr_hash_8_read            |  out|    1|     ap_fifo|                                                 sparse_arr_hash_8|       pointer|
|sparse_arr_hash_9_dout            |   in|    4|     ap_fifo|                                                 sparse_arr_hash_9|       pointer|
|sparse_arr_hash_9_num_data_valid  |   in|    2|     ap_fifo|                                                 sparse_arr_hash_9|       pointer|
|sparse_arr_hash_9_fifo_cap        |   in|    2|     ap_fifo|                                                 sparse_arr_hash_9|       pointer|
|sparse_arr_hash_9_empty_n         |   in|    1|     ap_fifo|                                                 sparse_arr_hash_9|       pointer|
|sparse_arr_hash_9_read            |  out|    1|     ap_fifo|                                                 sparse_arr_hash_9|       pointer|
+----------------------------------+-----+-----+------------+------------------------------------------------------------------+--------------+

