================================================================
== Design Size Report
================================================================

* Instructions per Function for each Compilation Phase
+-----------------------------------------+--------------------------+-------------------+------------------------+----------------------+-------------------+
| Function                                | Location                 | Compile/Link      | Unroll/Inline          | Performance/Pipeline | Optimizations     |
+-----------------------------------------+--------------------------+-------------------+------------------------+----------------------+-------------------+
| + hls_full                              | hls_full.cpp:7           | 208,842 *         | 1,939,815 *            | 337,419 *            | 327,939 *         |
|  + conv_2d_cl<ap_fixed<16, 6, A...      | nnet_conv2d.h:42         | 102,232           |   567,379              |  63,829              |  63,834           |
|   + conv_2d_latency_cl<ap_fixed<...     | nnet_conv2d_latency.h:11 | 102,230           |   567,377              |  63,826              |  63,831           |
|      fill_buffer                        | nnet_code_gen.h:17       | 101,519           |    58,541              |                      |                   |
|      product                            | nnet_mult.h:70           |     155           |                        |                      |                   |
|      cast<ap_fixed<16, 6, AP_TRN,...    | nnet_mult.h:110          |       3           |     2,400 (800 calls)  |                      |                   |
|    relu<ap_fixed<27, 12, AP_TRN...      | nnet_activation.h:39     |     833           |   136,001              |  84,801              |  84,802           |
|  + pooling2d_cl<ap_ufixed<6, 0,...      | nnet_pooling.h:173       |   1,204           |   150,433              |  30,001              |  30,002           |
|     pool_op_limit<config5>              | nnet_pooling.h:168       |       1           |                        |                      |                   |
|     pad_val<ap_ufixed<6, 0, AP_R...     | nnet_pooling.h:45        |     311           |    17,600 (1600 calls) |                      |                   |
|   + pool_op<ap_ufixed<6, 0, AP_R...     | nnet_pooling.h:31        |     373           |    69,600 (400 calls)  |                      |                   |
|      avg<ap_ufixed<6, 0, AP_RND_C...    | nnet_pooling.h:20        |     371           |    68,800 (400 calls)  |                      |                   |
|  + conv_2d_cl<ap_ufixed<6, 0, A...      | nnet_conv2d.h:42         |  92,824           |   142,401              |  15,635              |  15,640           |
|   + conv_2d_latency_cl<ap_ufixed...     | nnet_conv2d_latency.h:11 |  92,822           |   142,399              |  15,233              |  15,238           |
|      fill_buffer                        | nnet_code_gen.h:1633     |  92,111           |    18,363              |                      |                   |
|      product                            | nnet_mult.h:70           |     155           |                        |                      |                   |
|      cast<ap_ufixed<6, 0, AP_RND_...    | nnet_mult.h:110          |       3           |       600 (200 calls)  |                      |                   |
|    relu<ap_fixed<17, 6, AP_TRN,...      | nnet_activation.h:39     |     833           |    34,001              |  21,201              |  21,202           |
|  + pooling2d_cl<ap_ufixed<6, 0,...      | nnet_pooling.h:173       |   1,204           |    37,623              |   7,501              |   7,502           |
|     pool_op_limit<config9>              | nnet_pooling.h:168       |       1           |                        |                      |                   |
|     pad_val<ap_ufixed<6, 0, AP_R...     | nnet_pooling.h:45        |     311           |     4,400 (400 calls)  |                      |                   |
|   + pool_op<ap_ufixed<6, 0, AP_R...     | nnet_pooling.h:31        |     373           |    17,400 (100 calls)  |                      |                   |
|      avg<ap_ufixed<6, 0, AP_RND_C...    | nnet_pooling.h:20        |     371           |    17,200 (100 calls)  |                      |                   |
|  + dense<ap_ufixed<6, 0, AP_RND...      | nnet_dense.h:41          |     658           |                        |                      |                   |
|   + dense                               | nnet_dense.h:50          |     656           |                        |                      |                   |
|    + dense_latency<ap_ufixed<6, 0...    | nnet_dense_latency.h:13  |     654           |                        |                      |                   |
|       product                           | nnet_mult.h:70           |     155           |                        |                      |                   |
|       cast<ap_ufixed<6, 0, AP_RND_...   | nnet_mult.h:110          |       3           |                        |                      |                   |
|    relu<ap_fixed<20, 9, AP_TRN,...      | nnet_activation.h:39     |     833           |    10,881              |   6,785              |   6,786           |
|  + dense<ap_ufixed<6, 0, AP_RND...      | nnet_dense.h:41          |     658           |                        |                      |                   |
|   + dense                               | nnet_dense.h:50          |     656           |                        |                      |                   |
|    + dense_latency<ap_ufixed<6, 0...    | nnet_dense_latency.h:13  |     654           |                        |                      |                   |
|       product                           | nnet_mult.h:70           |     155           |                        |                      |                   |
|       cast<ap_ufixed<6, 0, AP_RND_...   | nnet_mult.h:110          |       3           |                        |                      |                   |
|  + softmax<ap_fixed<20, 9, AP_T...      | nnet_activation.h:379    |   7,292           |                        |                      |                   |
|   + softmax_stable<ap_fixed<20, ...     | nnet_activation.h:216    |   7,290           |                        |                      |                   |
|    + init_exp_table<ap_fixed<20, ...    | nnet_activation.h:149    |   1,223           |                        |                      |                   |
|       softmax_real_val_from_idx<ap...   | nnet_activation.h:133    |     446           |                        |                      |                   |
|       exp_fcn_float                     | nnet_activation.h:131    |       4           |                        |                      |                   |
|    + init_invert_table<ap_fixed<1...    | nnet_activation.h:160    |   1,471           |                        |                      |                   |
|       softmax_real_val_from_idx<ap...   | nnet_activation.h:133    |     698           |                        |                      |                   |
|    + reduce<ap_fixed<20, 9, AP_TR...    | nnet_common.h:36         |     266           |                        |                      |                   |
|     + reduce<ap_fixed<20, 9, AP_TR...   | nnet_common.h:36         |     207           |                        |                      |                   |
|      + reduce<ap_fixed<20, 9, AP_TR...  | nnet_common.h:36         |     178 (2 calls) |                        |                      |                   |
|       + reduce<ap_fixed<20, 9, AP_TR... | nnet_common.h:36         |     120 (4 calls) |                        |                      |                   |
|          operator()                     | nnet_common.h:65         |      80 (4 calls) |                        |                      |                   |
|         operator()                      | nnet_common.h:65         |      40 (2 calls) |                        |                      |                   |
|        operator()                       | nnet_common.h:65         |      20           |                        |                      |                   |
|     + reduce<ap_fixed<20, 9, AP_TR...   | nnet_common.h:36         |      30           |                        |                      |                   |
|        operator()                       | nnet_common.h:65         |      20           |                        |                      |                   |
|       operator()                        | nnet_common.h:65         |      20           |                        |                      |                   |
|      softmax_idx_from_real_val<ap...    | nnet_activation.h:141    |     110           |                        |                      |                   |
|    + reduce<ap_fixed<18, 8, AP_RN...    | nnet_common.h:36         |   3,020           |                        |                      |                   |
|     + reduce<ap_fixed<18, 8, AP_RN...   | nnet_common.h:36         |   2,349           |                        |                      |                   |
|      + reduce<ap_fixed<18, 8, AP_RN...  | nnet_common.h:36         |   2,014 (2 calls) |                        |                      |                   |
|       + reduce<ap_fixed<18, 8, AP_RN... | nnet_common.h:36         |   1,344 (4 calls) |                        |                      |                   |
|          operator()                     | nnet_common.h:50         |   1,304 (4 calls) |                        |                      |                   |
|         operator()                      | nnet_common.h:50         |     652 (2 calls) |                        |                      |                   |
|        operator()                       | nnet_common.h:50         |     326           |                        |                      |                   |
|     + reduce<ap_fixed<18, 8, AP_RN...   | nnet_common.h:36         |     336           |                        |                      |                   |
|        operator()                       | nnet_common.h:50         |     326           |                        |                      |                   |
|       operator()                        | nnet_common.h:50         |     326           |                        |                      |                   |
|      softmax_idx_from_real_val<ap...    | nnet_activation.h:141    |     110           |                        |                      |                   |
|  + dense_latency<ap_ufixed<6, 0...      | nnet_dense_latency.h:13  |                   |   779,836              |  80,981              |  80,982           |
|     cast<ap_ufixed<6, 0, AP_RND_...     | nnet_mult.h:110          |                   |       384 (128 calls)  |                      |                   |
|  + dense_latency<ap_ufixed<6, 0...      | nnet_dense_latency.h:13  |                   |    78,952              |  11,764              |  11,765           |
|     cast<ap_ufixed<6, 0, AP_RND_...     | nnet_mult.h:110          |                   |        30 (10 calls)   |                      |                   |
|  + softmax_stable<ap_fixed<20, ...      | nnet_activation.h:216    |                   |     2,163              |     635              |     622           |
|   + reduce<ap_fixed<20, 9, AP_TR...     | nnet_common.h:36         |                   |       190              |      20              |      20           |
|    + reduce<ap_fixed<20, 9, AP_TR...    | nnet_common.h:36         |                   |       147              |                      |                   |
|     + reduce<ap_fixed<20, 9, AP_TR...   | nnet_common.h:36         |                   |       126 (2 calls)    |                      |                   |
|      + reduce<ap_fixed<20, 9, AP_TR...  | nnet_common.h:36         |                   |        84 (4 calls)    |                      |                   |
|         operator()                      | nnet_common.h:65         |                   |        64 (4 calls)    |                      |                   |
|        operator()                       | nnet_common.h:65         |                   |        32 (2 calls)    |                      |                   |
|       operator()                        | nnet_common.h:65         |                   |        16              |                      |                   |
|    + reduce<ap_fixed<20, 9, AP_TR...    | nnet_common.h:36         |                   |        21              |                      |                   |
|       operator()                        | nnet_common.h:65         |                   |        16              |                      |                   |
|      operator()                         | nnet_common.h:65         |                   |        17              |                      |                   |
|     softmax_idx_from_real_val<ap...     | nnet_activation.h:141    |                   |        80 (10 calls)   |                      |                   |
|   + reduce<ap_fixed<18, 8, AP_RN...     | nnet_common.h:36         |                   |       730              |     250              |     244           |
|    + reduce<ap_fixed<18, 8, AP_RN...    | nnet_common.h:36         |                   |       568              |                      |                   |
|     + reduce<ap_fixed<18, 8, AP_RN...   | nnet_common.h:36         |                   |       488 (2 calls)    |                      |                   |
|      + reduce<ap_fixed<18, 8, AP_RN...  | nnet_common.h:36         |                   |       328 (4 calls)    |                      |                   |
|         operator()                      | nnet_common.h:50         |                   |       292 (4 calls)    |                      |                   |
|        operator()                       | nnet_common.h:50         |                   |       146 (2 calls)    |                      |                   |
|       operator()                        | nnet_common.h:50         |                   |        73              |                      |                   |
|    + reduce<ap_fixed<18, 8, AP_RN...    | nnet_common.h:36         |                   |        82              |                      |                   |
|       operator()                        | nnet_common.h:50         |                   |        73              |                      |                   |
|      operator()                         | nnet_common.h:50         |                   |        73              |                      |                   |
|      reduce<ap_fixed<18, 8, AP_RN...    | nnet_common.h:36         |                   |                        |     162 (2 calls)    |     162 (2 calls) |
|     softmax_idx_from_real_val<ap...     | nnet_activation.h:141    |                   |         8              |                      |                   |
+-----------------------------------------+--------------------------+-------------------+------------------------+----------------------+-------------------+
    * - Exceeded design size warning message threshold

* Description of Compilation Phases
+----------------------+------------------------------------------------------------+
| Compilation Phase    | Description                                                |
+----------------------+------------------------------------------------------------+
| Compile/Link         | All functions are compiled and linked into a single design |
| Unroll/Inline        | After user unroll and inline pragmas are applied           |
| Performance/Pipeline | After performance and pipeline pragmas are applied         |
| Optimizations        | After high level synthesis optimizations                   |
+----------------------+------------------------------------------------------------+

* Design Size Message Settings
+---------------------------------------------+--------+------------------------------------------------------------------+
| Message Setting                             | Value  | Description                                                      |
+---------------------------------------------+--------+------------------------------------------------------------------+
| config_compile -design_size_maximum_warning | 100000 | Show a warning when total design instructions exceeds this value |
+---------------------------------------------+--------+------------------------------------------------------------------+


