

================================================================
== Vitis HLS Report for 'Block_entry26_proc'
================================================================
* Date:           Mon Sep  8 20:26:06 2025

* Version:        2023.1 (Build 3854077 on May  4 2023)
* Project:        hls_dummy_prj
* Solution:       solution1 (Vivado IP Flow Target)
* Product family: virtexuplus
* Target device:  xcu250-figd2104-2L-e


================================================================
== Performance Estimates
================================================================
+ Timing: 
    * Summary: 
    +--------+---------+----------+------------+
    |  Clock |  Target | Estimated| Uncertainty|
    +--------+---------+----------+------------+
    |ap_clk  |  5.00 ns|  1.429 ns|     1.35 ns|
    +--------+---------+----------+------------+

+ Latency: 
    * Summary: 
    +---------+---------+----------+----------+-----+-----+---------+
    |  Latency (cycles) |  Latency (absolute) |  Interval | Pipeline|
    |   min   |   max   |    min   |    max   | min | max |   Type  |
    +---------+---------+----------+----------+-----+-----+---------+
    |        0|        0|      0 ns|      0 ns|    0|    0|       no|
    +---------+---------+----------+----------+-----+-----+---------+

    + Detail: 
        * Instance: 
        N/A

        * Loop: 
        N/A



================================================================
== Utilization Estimates
================================================================
* Summary: 
+---------------------+---------+-------+---------+---------+------+
|         Name        | BRAM_18K|  DSP  |    FF   |   LUT   | URAM |
+---------------------+---------+-------+---------+---------+------+
|DSP                  |        -|      -|        -|        -|     -|
|Expression           |        -|      -|        0|        2|     -|
|FIFO                 |        -|      -|        -|        -|     -|
|Instance             |        -|      -|        -|        -|     -|
|Memory               |        -|      -|        -|        -|     -|
|Multiplexer          |        -|      -|        -|      549|     -|
|Register             |        -|      -|      962|        -|     -|
+---------------------+---------+-------+---------+---------+------+
|Total                |        0|      0|      962|      551|     0|
+---------------------+---------+-------+---------+---------+------+
|Available SLR        |     1344|   3072|   864000|   432000|   320|
+---------------------+---------+-------+---------+---------+------+
|Utilization SLR (%)  |        0|      0|       ~0|       ~0|     0|
+---------------------+---------+-------+---------+---------+------+
|Available            |     5376|  12288|  3456000|  1728000|  1280|
+---------------------+---------+-------+---------+---------+------+
|Utilization (%)      |        0|      0|       ~0|       ~0|     0|
+---------------------+---------+-------+---------+---------+------+

+ Detail: 
    * Instance: 
    N/A

    * DSP: 
    N/A

    * Memory: 
    N/A

    * FIFO: 
    N/A

    * Expression: 
    +-----------------+----------+----+---+----+------------+------------+
    |  Variable Name  | Operation| DSP| FF| LUT| Bitwidth P0| Bitwidth P1|
    +-----------------+----------+----+---+----+------------+------------+
    |ap_block_state1  |        or|   0|  0|   2|           1|           1|
    +-----------------+----------+----+---+----+------------+------------+
    |Total            |          |   0|  0|   2|           1|           1|
    +-----------------+----------+----+---+----+------------+------------+

    * Multiplexer: 
    +---------------+----+-----------+-----+-----------+
    |      Name     | LUT| Input Size| Bits| Total Bits|
    +---------------+----+-----------+-----+-----------+
    |ap_done        |   9|          2|    1|          2|
    |layer2_out_0   |   9|          2|   16|         32|
    |layer2_out_1   |   9|          2|   16|         32|
    |layer2_out_10  |   9|          2|   16|         32|
    |layer2_out_11  |   9|          2|   16|         32|
    |layer2_out_12  |   9|          2|   16|         32|
    |layer2_out_13  |   9|          2|   16|         32|
    |layer2_out_14  |   9|          2|   16|         32|
    |layer2_out_15  |   9|          2|   16|         32|
    |layer2_out_16  |   9|          2|   16|         32|
    |layer2_out_17  |   9|          2|   16|         32|
    |layer2_out_18  |   9|          2|   16|         32|
    |layer2_out_19  |   9|          2|   16|         32|
    |layer2_out_2   |   9|          2|   16|         32|
    |layer2_out_20  |   9|          2|   16|         32|
    |layer2_out_21  |   9|          2|   16|         32|
    |layer2_out_22  |   9|          2|   16|         32|
    |layer2_out_23  |   9|          2|   16|         32|
    |layer2_out_24  |   9|          2|   16|         32|
    |layer2_out_25  |   9|          2|   16|         32|
    |layer2_out_26  |   9|          2|   16|         32|
    |layer2_out_27  |   9|          2|   16|         32|
    |layer2_out_28  |   9|          2|   16|         32|
    |layer2_out_29  |   9|          2|   16|         32|
    |layer2_out_3   |   9|          2|   16|         32|
    |layer2_out_30  |   9|          2|   16|         32|
    |layer2_out_31  |   9|          2|   16|         32|
    |layer2_out_32  |   9|          2|   16|         32|
    |layer2_out_33  |   9|          2|   16|         32|
    |layer2_out_34  |   9|          2|   16|         32|
    |layer2_out_35  |   9|          2|   16|         32|
    |layer2_out_36  |   9|          2|   16|         32|
    |layer2_out_37  |   9|          2|   16|         32|
    |layer2_out_38  |   9|          2|   16|         32|
    |layer2_out_39  |   9|          2|   16|         32|
    |layer2_out_4   |   9|          2|   16|         32|
    |layer2_out_40  |   9|          2|   16|         32|
    |layer2_out_41  |   9|          2|   16|         32|
    |layer2_out_42  |   9|          2|   16|         32|
    |layer2_out_43  |   9|          2|   16|         32|
    |layer2_out_44  |   9|          2|   16|         32|
    |layer2_out_45  |   9|          2|   16|         32|
    |layer2_out_46  |   9|          2|   16|         32|
    |layer2_out_47  |   9|          2|   16|         32|
    |layer2_out_48  |   9|          2|   16|         32|
    |layer2_out_49  |   9|          2|   16|         32|
    |layer2_out_5   |   9|          2|   16|         32|
    |layer2_out_50  |   9|          2|   16|         32|
    |layer2_out_51  |   9|          2|   16|         32|
    |layer2_out_52  |   9|          2|   16|         32|
    |layer2_out_53  |   9|          2|   16|         32|
    |layer2_out_54  |   9|          2|   16|         32|
    |layer2_out_55  |   9|          2|   16|         32|
    |layer2_out_56  |   9|          2|   16|         32|
    |layer2_out_57  |   9|          2|   16|         32|
    |layer2_out_58  |   9|          2|   16|         32|
    |layer2_out_59  |   9|          2|   16|         32|
    |layer2_out_6   |   9|          2|   16|         32|
    |layer2_out_7   |   9|          2|   16|         32|
    |layer2_out_8   |   9|          2|   16|         32|
    |layer2_out_9   |   9|          2|   16|         32|
    +---------------+----+-----------+-----+-----------+
    |Total          | 549|        122|  961|       1922|
    +---------------+----+-----------+-----+-----------+

    * Register: 
    +--------------------+----+----+-----+-----------+
    |        Name        | FF | LUT| Bits| Const Bits|
    +--------------------+----+----+-----+-----------+
    |ap_CS_fsm           |   1|   0|    1|          0|
    |ap_done_reg         |   1|   0|    1|          0|
    |layer2_out_0_preg   |  16|   0|   16|          0|
    |layer2_out_10_preg  |  16|   0|   16|          0|
    |layer2_out_11_preg  |  16|   0|   16|          0|
    |layer2_out_12_preg  |  16|   0|   16|          0|
    |layer2_out_13_preg  |  16|   0|   16|          0|
    |layer2_out_14_preg  |  16|   0|   16|          0|
    |layer2_out_15_preg  |  16|   0|   16|          0|
    |layer2_out_16_preg  |  16|   0|   16|          0|
    |layer2_out_17_preg  |  16|   0|   16|          0|
    |layer2_out_18_preg  |  16|   0|   16|          0|
    |layer2_out_19_preg  |  16|   0|   16|          0|
    |layer2_out_1_preg   |  16|   0|   16|          0|
    |layer2_out_20_preg  |  16|   0|   16|          0|
    |layer2_out_21_preg  |  16|   0|   16|          0|
    |layer2_out_22_preg  |  16|   0|   16|          0|
    |layer2_out_23_preg  |  16|   0|   16|          0|
    |layer2_out_24_preg  |  16|   0|   16|          0|
    |layer2_out_25_preg  |  16|   0|   16|          0|
    |layer2_out_26_preg  |  16|   0|   16|          0|
    |layer2_out_27_preg  |  16|   0|   16|          0|
    |layer2_out_28_preg  |  16|   0|   16|          0|
    |layer2_out_29_preg  |  16|   0|   16|          0|
    |layer2_out_2_preg   |  16|   0|   16|          0|
    |layer2_out_30_preg  |  16|   0|   16|          0|
    |layer2_out_31_preg  |  16|   0|   16|          0|
    |layer2_out_32_preg  |  16|   0|   16|          0|
    |layer2_out_33_preg  |  16|   0|   16|          0|
    |layer2_out_34_preg  |  16|   0|   16|          0|
    |layer2_out_35_preg  |  16|   0|   16|          0|
    |layer2_out_36_preg  |  16|   0|   16|          0|
    |layer2_out_37_preg  |  16|   0|   16|          0|
    |layer2_out_38_preg  |  16|   0|   16|          0|
    |layer2_out_39_preg  |  16|   0|   16|          0|
    |layer2_out_3_preg   |  16|   0|   16|          0|
    |layer2_out_40_preg  |  16|   0|   16|          0|
    |layer2_out_41_preg  |  16|   0|   16|          0|
    |layer2_out_42_preg  |  16|   0|   16|          0|
    |layer2_out_43_preg  |  16|   0|   16|          0|
    |layer2_out_44_preg  |  16|   0|   16|          0|
    |layer2_out_45_preg  |  16|   0|   16|          0|
    |layer2_out_46_preg  |  16|   0|   16|          0|
    |layer2_out_47_preg  |  16|   0|   16|          0|
    |layer2_out_48_preg  |  16|   0|   16|          0|
    |layer2_out_49_preg  |  16|   0|   16|          0|
    |layer2_out_4_preg   |  16|   0|   16|          0|
    |layer2_out_50_preg  |  16|   0|   16|          0|
    |layer2_out_51_preg  |  16|   0|   16|          0|
    |layer2_out_52_preg  |  16|   0|   16|          0|
    |layer2_out_53_preg  |  16|   0|   16|          0|
    |layer2_out_54_preg  |  16|   0|   16|          0|
    |layer2_out_55_preg  |  16|   0|   16|          0|
    |layer2_out_56_preg  |  16|   0|   16|          0|
    |layer2_out_57_preg  |  16|   0|   16|          0|
    |layer2_out_58_preg  |  16|   0|   16|          0|
    |layer2_out_59_preg  |  16|   0|   16|          0|
    |layer2_out_5_preg   |  16|   0|   16|          0|
    |layer2_out_6_preg   |  16|   0|   16|          0|
    |layer2_out_7_preg   |  16|   0|   16|          0|
    |layer2_out_8_preg   |  16|   0|   16|          0|
    |layer2_out_9_preg   |  16|   0|   16|          0|
    +--------------------+----+----+-----+-----------+
    |Total               | 962|   0|  962|          0|
    +--------------------+----+----+-----+-----------+



================================================================
== Interface
================================================================
* Summary: 
+----------------------+-----+-----+------------+--------------------+--------------+
|       RTL Ports      | Dir | Bits|  Protocol  |    Source Object   |    C Type    |
+----------------------+-----+-----+------------+--------------------+--------------+
|ap_clk                |   in|    1|  ap_ctrl_hs|  Block_entry26_proc|  return value|
|ap_rst                |   in|    1|  ap_ctrl_hs|  Block_entry26_proc|  return value|
|ap_start              |   in|    1|  ap_ctrl_hs|  Block_entry26_proc|  return value|
|ap_done               |  out|    1|  ap_ctrl_hs|  Block_entry26_proc|  return value|
|ap_continue           |   in|    1|  ap_ctrl_hs|  Block_entry26_proc|  return value|
|ap_idle               |  out|    1|  ap_ctrl_hs|  Block_entry26_proc|  return value|
|ap_ready              |  out|    1|  ap_ctrl_hs|  Block_entry26_proc|  return value|
|p_read                |   in|   16|     ap_none|              p_read|        scalar|
|p_read1               |   in|   16|     ap_none|             p_read1|        scalar|
|p_read2               |   in|   16|     ap_none|             p_read2|        scalar|
|p_read3               |   in|   16|     ap_none|             p_read3|        scalar|
|p_read4               |   in|   16|     ap_none|             p_read4|        scalar|
|p_read5               |   in|   16|     ap_none|             p_read5|        scalar|
|p_read6               |   in|   16|     ap_none|             p_read6|        scalar|
|p_read7               |   in|   16|     ap_none|             p_read7|        scalar|
|p_read8               |   in|   16|     ap_none|             p_read8|        scalar|
|p_read9               |   in|   16|     ap_none|             p_read9|        scalar|
|p_read10              |   in|   16|     ap_none|            p_read10|        scalar|
|p_read11              |   in|   16|     ap_none|            p_read11|        scalar|
|p_read12              |   in|   16|     ap_none|            p_read12|        scalar|
|p_read13              |   in|   16|     ap_none|            p_read13|        scalar|
|p_read14              |   in|   16|     ap_none|            p_read14|        scalar|
|p_read15              |   in|   16|     ap_none|            p_read15|        scalar|
|p_read16              |   in|   16|     ap_none|            p_read16|        scalar|
|p_read17              |   in|   16|     ap_none|            p_read17|        scalar|
|p_read18              |   in|   16|     ap_none|            p_read18|        scalar|
|p_read19              |   in|   16|     ap_none|            p_read19|        scalar|
|p_read20              |   in|   16|     ap_none|            p_read20|        scalar|
|p_read21              |   in|   16|     ap_none|            p_read21|        scalar|
|p_read22              |   in|   16|     ap_none|            p_read22|        scalar|
|p_read23              |   in|   16|     ap_none|            p_read23|        scalar|
|p_read24              |   in|   16|     ap_none|            p_read24|        scalar|
|p_read25              |   in|   16|     ap_none|            p_read25|        scalar|
|p_read26              |   in|   16|     ap_none|            p_read26|        scalar|
|p_read27              |   in|   16|     ap_none|            p_read27|        scalar|
|p_read28              |   in|   16|     ap_none|            p_read28|        scalar|
|p_read29              |   in|   16|     ap_none|            p_read29|        scalar|
|p_read30              |   in|   16|     ap_none|            p_read30|        scalar|
|p_read31              |   in|   16|     ap_none|            p_read31|        scalar|
|p_read32              |   in|   16|     ap_none|            p_read32|        scalar|
|p_read33              |   in|   16|     ap_none|            p_read33|        scalar|
|p_read34              |   in|   16|     ap_none|            p_read34|        scalar|
|p_read35              |   in|   16|     ap_none|            p_read35|        scalar|
|p_read36              |   in|   16|     ap_none|            p_read36|        scalar|
|p_read37              |   in|   16|     ap_none|            p_read37|        scalar|
|p_read38              |   in|   16|     ap_none|            p_read38|        scalar|
|p_read39              |   in|   16|     ap_none|            p_read39|        scalar|
|p_read40              |   in|   16|     ap_none|            p_read40|        scalar|
|p_read41              |   in|   16|     ap_none|            p_read41|        scalar|
|p_read42              |   in|   16|     ap_none|            p_read42|        scalar|
|p_read43              |   in|   16|     ap_none|            p_read43|        scalar|
|p_read44              |   in|   16|     ap_none|            p_read44|        scalar|
|p_read45              |   in|   16|     ap_none|            p_read45|        scalar|
|p_read46              |   in|   16|     ap_none|            p_read46|        scalar|
|p_read47              |   in|   16|     ap_none|            p_read47|        scalar|
|p_read48              |   in|   16|     ap_none|            p_read48|        scalar|
|p_read49              |   in|   16|     ap_none|            p_read49|        scalar|
|p_read50              |   in|   16|     ap_none|            p_read50|        scalar|
|p_read51              |   in|   16|     ap_none|            p_read51|        scalar|
|p_read52              |   in|   16|     ap_none|            p_read52|        scalar|
|p_read53              |   in|   16|     ap_none|            p_read53|        scalar|
|p_read54              |   in|   16|     ap_none|            p_read54|        scalar|
|p_read55              |   in|   16|     ap_none|            p_read55|        scalar|
|p_read56              |   in|   16|     ap_none|            p_read56|        scalar|
|p_read57              |   in|   16|     ap_none|            p_read57|        scalar|
|p_read58              |   in|   16|     ap_none|            p_read58|        scalar|
|p_read59              |   in|   16|     ap_none|            p_read59|        scalar|
|layer2_out_0          |  out|   16|      ap_vld|        layer2_out_0|       pointer|
|layer2_out_0_ap_vld   |  out|    1|      ap_vld|        layer2_out_0|       pointer|
|layer2_out_1          |  out|   16|      ap_vld|        layer2_out_1|       pointer|
|layer2_out_1_ap_vld   |  out|    1|      ap_vld|        layer2_out_1|       pointer|
|layer2_out_2          |  out|   16|      ap_vld|        layer2_out_2|       pointer|
|layer2_out_2_ap_vld   |  out|    1|      ap_vld|        layer2_out_2|       pointer|
|layer2_out_3          |  out|   16|      ap_vld|        layer2_out_3|       pointer|
|layer2_out_3_ap_vld   |  out|    1|      ap_vld|        layer2_out_3|       pointer|
|layer2_out_4          |  out|   16|      ap_vld|        layer2_out_4|       pointer|
|layer2_out_4_ap_vld   |  out|    1|      ap_vld|        layer2_out_4|       pointer|
|layer2_out_5          |  out|   16|      ap_vld|        layer2_out_5|       pointer|
|layer2_out_5_ap_vld   |  out|    1|      ap_vld|        layer2_out_5|       pointer|
|layer2_out_6          |  out|   16|      ap_vld|        layer2_out_6|       pointer|
|layer2_out_6_ap_vld   |  out|    1|      ap_vld|        layer2_out_6|       pointer|
|layer2_out_7          |  out|   16|      ap_vld|        layer2_out_7|       pointer|
|layer2_out_7_ap_vld   |  out|    1|      ap_vld|        layer2_out_7|       pointer|
|layer2_out_8          |  out|   16|      ap_vld|        layer2_out_8|       pointer|
|layer2_out_8_ap_vld   |  out|    1|      ap_vld|        layer2_out_8|       pointer|
|layer2_out_9          |  out|   16|      ap_vld|        layer2_out_9|       pointer|
|layer2_out_9_ap_vld   |  out|    1|      ap_vld|        layer2_out_9|       pointer|
|layer2_out_10         |  out|   16|      ap_vld|       layer2_out_10|       pointer|
|layer2_out_10_ap_vld  |  out|    1|      ap_vld|       layer2_out_10|       pointer|
|layer2_out_11         |  out|   16|      ap_vld|       layer2_out_11|       pointer|
|layer2_out_11_ap_vld  |  out|    1|      ap_vld|       layer2_out_11|       pointer|
|layer2_out_12         |  out|   16|      ap_vld|       layer2_out_12|       pointer|
|layer2_out_12_ap_vld  |  out|    1|      ap_vld|       layer2_out_12|       pointer|
|layer2_out_13         |  out|   16|      ap_vld|       layer2_out_13|       pointer|
|layer2_out_13_ap_vld  |  out|    1|      ap_vld|       layer2_out_13|       pointer|
|layer2_out_14         |  out|   16|      ap_vld|       layer2_out_14|       pointer|
|layer2_out_14_ap_vld  |  out|    1|      ap_vld|       layer2_out_14|       pointer|
|layer2_out_15         |  out|   16|      ap_vld|       layer2_out_15|       pointer|
|layer2_out_15_ap_vld  |  out|    1|      ap_vld|       layer2_out_15|       pointer|
|layer2_out_16         |  out|   16|      ap_vld|       layer2_out_16|       pointer|
|layer2_out_16_ap_vld  |  out|    1|      ap_vld|       layer2_out_16|       pointer|
|layer2_out_17         |  out|   16|      ap_vld|       layer2_out_17|       pointer|
|layer2_out_17_ap_vld  |  out|    1|      ap_vld|       layer2_out_17|       pointer|
|layer2_out_18         |  out|   16|      ap_vld|       layer2_out_18|       pointer|
|layer2_out_18_ap_vld  |  out|    1|      ap_vld|       layer2_out_18|       pointer|
|layer2_out_19         |  out|   16|      ap_vld|       layer2_out_19|       pointer|
|layer2_out_19_ap_vld  |  out|    1|      ap_vld|       layer2_out_19|       pointer|
|layer2_out_20         |  out|   16|      ap_vld|       layer2_out_20|       pointer|
|layer2_out_20_ap_vld  |  out|    1|      ap_vld|       layer2_out_20|       pointer|
|layer2_out_21         |  out|   16|      ap_vld|       layer2_out_21|       pointer|
|layer2_out_21_ap_vld  |  out|    1|      ap_vld|       layer2_out_21|       pointer|
|layer2_out_22         |  out|   16|      ap_vld|       layer2_out_22|       pointer|
|layer2_out_22_ap_vld  |  out|    1|      ap_vld|       layer2_out_22|       pointer|
|layer2_out_23         |  out|   16|      ap_vld|       layer2_out_23|       pointer|
|layer2_out_23_ap_vld  |  out|    1|      ap_vld|       layer2_out_23|       pointer|
|layer2_out_24         |  out|   16|      ap_vld|       layer2_out_24|       pointer|
|layer2_out_24_ap_vld  |  out|    1|      ap_vld|       layer2_out_24|       pointer|
|layer2_out_25         |  out|   16|      ap_vld|       layer2_out_25|       pointer|
|layer2_out_25_ap_vld  |  out|    1|      ap_vld|       layer2_out_25|       pointer|
|layer2_out_26         |  out|   16|      ap_vld|       layer2_out_26|       pointer|
|layer2_out_26_ap_vld  |  out|    1|      ap_vld|       layer2_out_26|       pointer|
|layer2_out_27         |  out|   16|      ap_vld|       layer2_out_27|       pointer|
|layer2_out_27_ap_vld  |  out|    1|      ap_vld|       layer2_out_27|       pointer|
|layer2_out_28         |  out|   16|      ap_vld|       layer2_out_28|       pointer|
|layer2_out_28_ap_vld  |  out|    1|      ap_vld|       layer2_out_28|       pointer|
|layer2_out_29         |  out|   16|      ap_vld|       layer2_out_29|       pointer|
|layer2_out_29_ap_vld  |  out|    1|      ap_vld|       layer2_out_29|       pointer|
|layer2_out_30         |  out|   16|      ap_vld|       layer2_out_30|       pointer|
|layer2_out_30_ap_vld  |  out|    1|      ap_vld|       layer2_out_30|       pointer|
|layer2_out_31         |  out|   16|      ap_vld|       layer2_out_31|       pointer|
|layer2_out_31_ap_vld  |  out|    1|      ap_vld|       layer2_out_31|       pointer|
|layer2_out_32         |  out|   16|      ap_vld|       layer2_out_32|       pointer|
|layer2_out_32_ap_vld  |  out|    1|      ap_vld|       layer2_out_32|       pointer|
|layer2_out_33         |  out|   16|      ap_vld|       layer2_out_33|       pointer|
|layer2_out_33_ap_vld  |  out|    1|      ap_vld|       layer2_out_33|       pointer|
|layer2_out_34         |  out|   16|      ap_vld|       layer2_out_34|       pointer|
|layer2_out_34_ap_vld  |  out|    1|      ap_vld|       layer2_out_34|       pointer|
|layer2_out_35         |  out|   16|      ap_vld|       layer2_out_35|       pointer|
|layer2_out_35_ap_vld  |  out|    1|      ap_vld|       layer2_out_35|       pointer|
|layer2_out_36         |  out|   16|      ap_vld|       layer2_out_36|       pointer|
|layer2_out_36_ap_vld  |  out|    1|      ap_vld|       layer2_out_36|       pointer|
|layer2_out_37         |  out|   16|      ap_vld|       layer2_out_37|       pointer|
|layer2_out_37_ap_vld  |  out|    1|      ap_vld|       layer2_out_37|       pointer|
|layer2_out_38         |  out|   16|      ap_vld|       layer2_out_38|       pointer|
|layer2_out_38_ap_vld  |  out|    1|      ap_vld|       layer2_out_38|       pointer|
|layer2_out_39         |  out|   16|      ap_vld|       layer2_out_39|       pointer|
|layer2_out_39_ap_vld  |  out|    1|      ap_vld|       layer2_out_39|       pointer|
|layer2_out_40         |  out|   16|      ap_vld|       layer2_out_40|       pointer|
|layer2_out_40_ap_vld  |  out|    1|      ap_vld|       layer2_out_40|       pointer|
|layer2_out_41         |  out|   16|      ap_vld|       layer2_out_41|       pointer|
|layer2_out_41_ap_vld  |  out|    1|      ap_vld|       layer2_out_41|       pointer|
|layer2_out_42         |  out|   16|      ap_vld|       layer2_out_42|       pointer|
|layer2_out_42_ap_vld  |  out|    1|      ap_vld|       layer2_out_42|       pointer|
|layer2_out_43         |  out|   16|      ap_vld|       layer2_out_43|       pointer|
|layer2_out_43_ap_vld  |  out|    1|      ap_vld|       layer2_out_43|       pointer|
|layer2_out_44         |  out|   16|      ap_vld|       layer2_out_44|       pointer|
|layer2_out_44_ap_vld  |  out|    1|      ap_vld|       layer2_out_44|       pointer|
|layer2_out_45         |  out|   16|      ap_vld|       layer2_out_45|       pointer|
|layer2_out_45_ap_vld  |  out|    1|      ap_vld|       layer2_out_45|       pointer|
|layer2_out_46         |  out|   16|      ap_vld|       layer2_out_46|       pointer|
|layer2_out_46_ap_vld  |  out|    1|      ap_vld|       layer2_out_46|       pointer|
|layer2_out_47         |  out|   16|      ap_vld|       layer2_out_47|       pointer|
|layer2_out_47_ap_vld  |  out|    1|      ap_vld|       layer2_out_47|       pointer|
|layer2_out_48         |  out|   16|      ap_vld|       layer2_out_48|       pointer|
|layer2_out_48_ap_vld  |  out|    1|      ap_vld|       layer2_out_48|       pointer|
|layer2_out_49         |  out|   16|      ap_vld|       layer2_out_49|       pointer|
|layer2_out_49_ap_vld  |  out|    1|      ap_vld|       layer2_out_49|       pointer|
|layer2_out_50         |  out|   16|      ap_vld|       layer2_out_50|       pointer|
|layer2_out_50_ap_vld  |  out|    1|      ap_vld|       layer2_out_50|       pointer|
|layer2_out_51         |  out|   16|      ap_vld|       layer2_out_51|       pointer|
|layer2_out_51_ap_vld  |  out|    1|      ap_vld|       layer2_out_51|       pointer|
|layer2_out_52         |  out|   16|      ap_vld|       layer2_out_52|       pointer|
|layer2_out_52_ap_vld  |  out|    1|      ap_vld|       layer2_out_52|       pointer|
|layer2_out_53         |  out|   16|      ap_vld|       layer2_out_53|       pointer|
|layer2_out_53_ap_vld  |  out|    1|      ap_vld|       layer2_out_53|       pointer|
|layer2_out_54         |  out|   16|      ap_vld|       layer2_out_54|       pointer|
|layer2_out_54_ap_vld  |  out|    1|      ap_vld|       layer2_out_54|       pointer|
|layer2_out_55         |  out|   16|      ap_vld|       layer2_out_55|       pointer|
|layer2_out_55_ap_vld  |  out|    1|      ap_vld|       layer2_out_55|       pointer|
|layer2_out_56         |  out|   16|      ap_vld|       layer2_out_56|       pointer|
|layer2_out_56_ap_vld  |  out|    1|      ap_vld|       layer2_out_56|       pointer|
|layer2_out_57         |  out|   16|      ap_vld|       layer2_out_57|       pointer|
|layer2_out_57_ap_vld  |  out|    1|      ap_vld|       layer2_out_57|       pointer|
|layer2_out_58         |  out|   16|      ap_vld|       layer2_out_58|       pointer|
|layer2_out_58_ap_vld  |  out|    1|      ap_vld|       layer2_out_58|       pointer|
|layer2_out_59         |  out|   16|      ap_vld|       layer2_out_59|       pointer|
|layer2_out_59_ap_vld  |  out|    1|      ap_vld|       layer2_out_59|       pointer|
+----------------------+-----+-----+------------+--------------------+--------------+

