

================================================================
== Vitis HLS Report for 'sparse_input_reduce_ap_fixed_10_2_5_3_0_ap_uint_10_10_10_1_5_4'
================================================================
* Date:           Thu Jul 10 20:11:43 2025

* Version:        2023.1 (Build 3854077 on May  4 2023)
* Project:        hls_dummy_prj
* Solution:       solution1 (Vivado IP Flow Target)
* Product family: virtexuplus
* Target device:  xcu250-figd2104-2L-e


================================================================
== Performance Estimates
================================================================
+ Timing: 
    * Summary: 
    +--------+---------+----------+------------+
    |  Clock |  Target | Estimated| Uncertainty|
    +--------+---------+----------+------------+
    |ap_clk  |  5.00 ns|  3.084 ns|     1.35 ns|
    +--------+---------+----------+------------+

+ Latency: 
    * Summary: 
    +---------+---------+-----------+-----------+-----+-----+---------+
    |  Latency (cycles) |   Latency (absolute)  |  Interval | Pipeline|
    |   min   |   max   |    min    |    max    | min | max |   Type  |
    +---------+---------+-----------+-----------+-----+-----+---------+
    |       12|       12|  60.000 ns|  60.000 ns|   12|   12|       no|
    +---------+---------+-----------+-----------+-----+-----+---------+

    + Detail: 
        * Instance: 
        +-------------------------------+------------+---------+---------+----------+----------+-----+-----+---------+
        |                               |            |  Latency (cycles) |  Latency (absolute) |  Interval | Pipeline|
        |            Instance           |   Module   |   min   |   max   |    min   |    max   | min | max |   Type  |
        +-------------------------------+------------+---------+---------+----------+----------+-----+-----+---------+
        |grp_operator_s_fu_1388         |operator_s  |        0|        0|      0 ns|      0 ns|    1|    1|      yes|
        |grp_operator_s_fu_1398         |operator_s  |        0|        0|      0 ns|      0 ns|    1|    1|      yes|
        |grp_operator_s_fu_1408         |operator_s  |        0|        0|      0 ns|      0 ns|    1|    1|      yes|
        |grp_operator_s_fu_1416         |operator_s  |        0|        0|      0 ns|      0 ns|    1|    1|      yes|
        |grp_operator_s_fu_1426         |operator_s  |        0|        0|      0 ns|      0 ns|    1|    1|      yes|
        |grp_operator_s_fu_1436         |operator_s  |        0|        0|      0 ns|      0 ns|    1|    1|      yes|
        |grp_operator_s_fu_1444         |operator_s  |        0|        0|      0 ns|      0 ns|    1|    1|      yes|
        |grp_operator_s_fu_1454         |operator_s  |        0|        0|      0 ns|      0 ns|    1|    1|      yes|
        |grp_operator_s_fu_1464         |operator_s  |        0|        0|      0 ns|      0 ns|    1|    1|      yes|
        |grp_operator_s_fu_1472         |operator_s  |        0|        0|      0 ns|      0 ns|    1|    1|      yes|
        |grp_operator_s_fu_1482         |operator_s  |        0|        0|      0 ns|      0 ns|    1|    1|      yes|
        |grp_operator_s_fu_1492         |operator_s  |        0|        0|      0 ns|      0 ns|    1|    1|      yes|
        |grp_operator_s_fu_1500         |operator_s  |        0|        0|      0 ns|      0 ns|    1|    1|      yes|
        |grp_operator_s_fu_1510         |operator_s  |        0|        0|      0 ns|      0 ns|    1|    1|      yes|
        |grp_operator_s_fu_1520         |operator_s  |        0|        0|      0 ns|      0 ns|    1|    1|      yes|
        |grp_operator_s_fu_1528         |operator_s  |        0|        0|      0 ns|      0 ns|    1|    1|      yes|
        |grp_operator_s_fu_1538         |operator_s  |        0|        0|      0 ns|      0 ns|    1|    1|      yes|
        |grp_operator_s_fu_1548         |operator_s  |        0|        0|      0 ns|      0 ns|    1|    1|      yes|
        |grp_operator_s_fu_1556         |operator_s  |        0|        0|      0 ns|      0 ns|    1|    1|      yes|
        |grp_operator_s_fu_1566         |operator_s  |        0|        0|      0 ns|      0 ns|    1|    1|      yes|
        |grp_operator_s_fu_1576         |operator_s  |        0|        0|      0 ns|      0 ns|    1|    1|      yes|
        |grp_operator_s_fu_1584         |operator_s  |        0|        0|      0 ns|      0 ns|    1|    1|      yes|
        |grp_operator_s_fu_1594         |operator_s  |        0|        0|      0 ns|      0 ns|    1|    1|      yes|
        |grp_operator_s_fu_1604         |operator_s  |        0|        0|      0 ns|      0 ns|    1|    1|      yes|
        |call_ret32_operator_s_fu_1612  |operator_s  |        0|        0|      0 ns|      0 ns|    1|    1|      yes|
        |call_ret33_operator_s_fu_1622  |operator_s  |        0|        0|      0 ns|      0 ns|    1|    1|      yes|
        |call_ret34_operator_s_fu_1632  |operator_s  |        0|        0|      0 ns|      0 ns|    1|    1|      yes|
        |call_ret35_operator_s_fu_1640  |operator_s  |        0|        0|      0 ns|      0 ns|    1|    1|      yes|
        |call_ret36_operator_s_fu_1650  |operator_s  |        0|        0|      0 ns|      0 ns|    1|    1|      yes|
        |call_ret37_operator_s_fu_1660  |operator_s  |        0|        0|      0 ns|      0 ns|    1|    1|      yes|
        |call_ret39_operator_s_fu_1668  |operator_s  |        0|        0|      0 ns|      0 ns|    1|    1|      yes|
        |call_ret40_operator_s_fu_1678  |operator_s  |        0|        0|      0 ns|      0 ns|    1|    1|      yes|
        |call_ret41_operator_s_fu_1688  |operator_s  |        0|        0|      0 ns|      0 ns|    1|    1|      yes|
        |call_ret42_operator_s_fu_1696  |operator_s  |        0|        0|      0 ns|      0 ns|    1|    1|      yes|
        |call_ret43_operator_s_fu_1706  |operator_s  |        0|        0|      0 ns|      0 ns|    1|    1|      yes|
        |call_ret44_operator_s_fu_1716  |operator_s  |        0|        0|      0 ns|      0 ns|    1|    1|      yes|
        |call_ret47_operator_s_fu_1724  |operator_s  |        0|        0|      0 ns|      0 ns|    1|    1|      yes|
        |call_ret48_operator_s_fu_1734  |operator_s  |        0|        0|      0 ns|      0 ns|    1|    1|      yes|
        |call_ret49_operator_s_fu_1744  |operator_s  |        0|        0|      0 ns|      0 ns|    1|    1|      yes|
        |call_ret50_operator_s_fu_1752  |operator_s  |        0|        0|      0 ns|      0 ns|    1|    1|      yes|
        |call_ret51_operator_s_fu_1762  |operator_s  |        0|        0|      0 ns|      0 ns|    1|    1|      yes|
        |call_ret52_operator_s_fu_1772  |operator_s  |        0|        0|      0 ns|      0 ns|    1|    1|      yes|
        |call_ret54_operator_s_fu_1780  |operator_s  |        0|        0|      0 ns|      0 ns|    1|    1|      yes|
        |call_ret55_operator_s_fu_1790  |operator_s  |        0|        0|      0 ns|      0 ns|    1|    1|      yes|
        |call_ret56_operator_s_fu_1800  |operator_s  |        0|        0|      0 ns|      0 ns|    1|    1|      yes|
        |call_ret57_operator_s_fu_1808  |operator_s  |        0|        0|      0 ns|      0 ns|    1|    1|      yes|
        |call_ret58_operator_s_fu_1818  |operator_s  |        0|        0|      0 ns|      0 ns|    1|    1|      yes|
        |call_ret59_operator_s_fu_1828  |operator_s  |        0|        0|      0 ns|      0 ns|    1|    1|      yes|
        |call_ret64_operator_s_fu_1836  |operator_s  |        0|        0|      0 ns|      0 ns|    1|    1|      yes|
        |call_ret65_operator_s_fu_1846  |operator_s  |        0|        0|      0 ns|      0 ns|    1|    1|      yes|
        |call_ret66_operator_s_fu_1856  |operator_s  |        0|        0|      0 ns|      0 ns|    1|    1|      yes|
        |call_ret67_operator_s_fu_1864  |operator_s  |        0|        0|      0 ns|      0 ns|    1|    1|      yes|
        |call_ret68_operator_s_fu_1874  |operator_s  |        0|        0|      0 ns|      0 ns|    1|    1|      yes|
        |call_ret69_operator_s_fu_1884  |operator_s  |        0|        0|      0 ns|      0 ns|    1|    1|      yes|
        |call_ret71_operator_s_fu_1892  |operator_s  |        0|        0|      0 ns|      0 ns|    1|    1|      yes|
        |call_ret72_operator_s_fu_1902  |operator_s  |        0|        0|      0 ns|      0 ns|    1|    1|      yes|
        |call_ret73_operator_s_fu_1912  |operator_s  |        0|        0|      0 ns|      0 ns|    1|    1|      yes|
        |call_ret74_operator_s_fu_1920  |operator_s  |        0|        0|      0 ns|      0 ns|    1|    1|      yes|
        |call_ret75_operator_s_fu_1930  |operator_s  |        0|        0|      0 ns|      0 ns|    1|    1|      yes|
        |call_ret76_operator_s_fu_1940  |operator_s  |        0|        0|      0 ns|      0 ns|    1|    1|      yes|
        |call_ret79_operator_s_fu_1948  |operator_s  |        0|        0|      0 ns|      0 ns|    1|    1|      yes|
        |call_ret80_operator_s_fu_1958  |operator_s  |        0|        0|      0 ns|      0 ns|    1|    1|      yes|
        |call_ret81_operator_s_fu_1968  |operator_s  |        0|        0|      0 ns|      0 ns|    1|    1|      yes|
        |call_ret82_operator_s_fu_1976  |operator_s  |        0|        0|      0 ns|      0 ns|    1|    1|      yes|
        |call_ret83_operator_s_fu_1986  |operator_s  |        0|        0|      0 ns|      0 ns|    1|    1|      yes|
        |call_ret84_operator_s_fu_1996  |operator_s  |        0|        0|      0 ns|      0 ns|    1|    1|      yes|
        |call_ret86_operator_s_fu_2004  |operator_s  |        0|        0|      0 ns|      0 ns|    1|    1|      yes|
        |call_ret87_operator_s_fu_2014  |operator_s  |        0|        0|      0 ns|      0 ns|    1|    1|      yes|
        |call_ret88_operator_s_fu_2024  |operator_s  |        0|        0|      0 ns|      0 ns|    1|    1|      yes|
        |call_ret89_operator_s_fu_2032  |operator_s  |        0|        0|      0 ns|      0 ns|    1|    1|      yes|
        |call_ret90_operator_s_fu_2042  |operator_s  |        0|        0|      0 ns|      0 ns|    1|    1|      yes|
        |call_ret91_operator_s_fu_2052  |operator_s  |        0|        0|      0 ns|      0 ns|    1|    1|      yes|
        |call_ret63_operator_s_fu_2064  |operator_s  |        0|        0|      0 ns|      0 ns|    1|    1|      yes|
        |call_ret98_operator_s_fu_2072  |operator_s  |        0|        0|      0 ns|      0 ns|    1|    1|      yes|
        |call_ret_operator_s_fu_2080    |operator_s  |        0|        0|      0 ns|      0 ns|    1|    1|      yes|
        +-------------------------------+------------+---------+---------+----------+----------+-----+-----+---------+

        * Loop: 
        +-----------------+---------+---------+----------+-----------+-----------+------+----------+
        |                 |  Latency (cycles) | Iteration|  Initiation Interval  | Trip |          |
        |    Loop Name    |   min   |   max   |  Latency |  achieved |   target  | Count| Pipelined|
        +-----------------+---------+---------+----------+-----------+-----------+------+----------+
        |- MaxPixelsLoop  |       10|       10|         3|          2|          1|     5|       yes|
        +-----------------+---------+---------+----------+-----------+-----------+------+----------+



================================================================
== Utilization Estimates
================================================================
* Summary: 
+---------------------+---------+-------+---------+---------+------+
|         Name        | BRAM_18K|  DSP  |    FF   |   LUT   | URAM |
+---------------------+---------+-------+---------+---------+------+
|DSP                  |        -|      -|        -|        -|     -|
|Expression           |        -|      -|        0|       28|     -|
|FIFO                 |        -|      -|        -|        -|     -|
|Instance             |        -|      -|        0|     6698|     -|
|Memory               |        -|      -|        -|        -|     -|
|Multiplexer          |        -|      -|        -|     2974|     -|
|Register             |        -|      -|     1676|        -|     -|
+---------------------+---------+-------+---------+---------+------+
|Total                |        0|      0|     1676|     9700|     0|
+---------------------+---------+-------+---------+---------+------+
|Available SLR        |     1344|   3072|   864000|   432000|   320|
+---------------------+---------+-------+---------+---------+------+
|Utilization SLR (%)  |        0|      0|       ~0|        2|     0|
+---------------------+---------+-------+---------+---------+------+
|Available            |     5376|  12288|  3456000|  1728000|  1280|
+---------------------+---------+-------+---------+---------+------+
|Utilization (%)      |        0|      0|       ~0|       ~0|     0|
+---------------------+---------+-------+---------+---------+------+

+ Detail: 
    * Instance: 
    +-------------------------------+-----------------+---------+----+---+-----+-----+
    |            Instance           |      Module     | BRAM_18K| DSP| FF| LUT | URAM|
    +-------------------------------+-----------------+---------+----+---+-----+-----+
    |mux_100_7_4_1_1_U5             |mux_100_7_4_1_1  |        0|   0|  0|  499|    0|
    |mux_100_7_4_1_1_U6             |mux_100_7_4_1_1  |        0|   0|  0|  499|    0|
    |grp_operator_s_fu_1388         |operator_s       |        0|   0|  0|   76|    0|
    |grp_operator_s_fu_1398         |operator_s       |        0|   0|  0|   76|    0|
    |grp_operator_s_fu_1408         |operator_s       |        0|   0|  0|   76|    0|
    |grp_operator_s_fu_1416         |operator_s       |        0|   0|  0|   76|    0|
    |grp_operator_s_fu_1426         |operator_s       |        0|   0|  0|   76|    0|
    |grp_operator_s_fu_1436         |operator_s       |        0|   0|  0|   76|    0|
    |grp_operator_s_fu_1444         |operator_s       |        0|   0|  0|   76|    0|
    |grp_operator_s_fu_1454         |operator_s       |        0|   0|  0|   76|    0|
    |grp_operator_s_fu_1464         |operator_s       |        0|   0|  0|   76|    0|
    |grp_operator_s_fu_1472         |operator_s       |        0|   0|  0|   76|    0|
    |grp_operator_s_fu_1482         |operator_s       |        0|   0|  0|   76|    0|
    |grp_operator_s_fu_1492         |operator_s       |        0|   0|  0|   76|    0|
    |grp_operator_s_fu_1500         |operator_s       |        0|   0|  0|   76|    0|
    |grp_operator_s_fu_1510         |operator_s       |        0|   0|  0|   76|    0|
    |grp_operator_s_fu_1520         |operator_s       |        0|   0|  0|   76|    0|
    |grp_operator_s_fu_1528         |operator_s       |        0|   0|  0|   76|    0|
    |grp_operator_s_fu_1538         |operator_s       |        0|   0|  0|   76|    0|
    |grp_operator_s_fu_1548         |operator_s       |        0|   0|  0|   76|    0|
    |grp_operator_s_fu_1556         |operator_s       |        0|   0|  0|   76|    0|
    |grp_operator_s_fu_1566         |operator_s       |        0|   0|  0|   76|    0|
    |grp_operator_s_fu_1576         |operator_s       |        0|   0|  0|   76|    0|
    |grp_operator_s_fu_1584         |operator_s       |        0|   0|  0|   76|    0|
    |grp_operator_s_fu_1594         |operator_s       |        0|   0|  0|   76|    0|
    |grp_operator_s_fu_1604         |operator_s       |        0|   0|  0|   76|    0|
    |call_ret32_operator_s_fu_1612  |operator_s       |        0|   0|  0|   76|    0|
    |call_ret33_operator_s_fu_1622  |operator_s       |        0|   0|  0|   76|    0|
    |call_ret34_operator_s_fu_1632  |operator_s       |        0|   0|  0|   76|    0|
    |call_ret35_operator_s_fu_1640  |operator_s       |        0|   0|  0|   76|    0|
    |call_ret36_operator_s_fu_1650  |operator_s       |        0|   0|  0|   76|    0|
    |call_ret37_operator_s_fu_1660  |operator_s       |        0|   0|  0|   76|    0|
    |call_ret39_operator_s_fu_1668  |operator_s       |        0|   0|  0|   76|    0|
    |call_ret40_operator_s_fu_1678  |operator_s       |        0|   0|  0|   76|    0|
    |call_ret41_operator_s_fu_1688  |operator_s       |        0|   0|  0|   76|    0|
    |call_ret42_operator_s_fu_1696  |operator_s       |        0|   0|  0|   76|    0|
    |call_ret43_operator_s_fu_1706  |operator_s       |        0|   0|  0|   76|    0|
    |call_ret44_operator_s_fu_1716  |operator_s       |        0|   0|  0|   76|    0|
    |call_ret47_operator_s_fu_1724  |operator_s       |        0|   0|  0|   76|    0|
    |call_ret48_operator_s_fu_1734  |operator_s       |        0|   0|  0|   76|    0|
    |call_ret49_operator_s_fu_1744  |operator_s       |        0|   0|  0|   76|    0|
    |call_ret50_operator_s_fu_1752  |operator_s       |        0|   0|  0|   76|    0|
    |call_ret51_operator_s_fu_1762  |operator_s       |        0|   0|  0|   76|    0|
    |call_ret52_operator_s_fu_1772  |operator_s       |        0|   0|  0|   76|    0|
    |call_ret54_operator_s_fu_1780  |operator_s       |        0|   0|  0|   76|    0|
    |call_ret55_operator_s_fu_1790  |operator_s       |        0|   0|  0|   76|    0|
    |call_ret56_operator_s_fu_1800  |operator_s       |        0|   0|  0|   76|    0|
    |call_ret57_operator_s_fu_1808  |operator_s       |        0|   0|  0|   76|    0|
    |call_ret58_operator_s_fu_1818  |operator_s       |        0|   0|  0|   76|    0|
    |call_ret59_operator_s_fu_1828  |operator_s       |        0|   0|  0|   76|    0|
    |call_ret64_operator_s_fu_1836  |operator_s       |        0|   0|  0|   76|    0|
    |call_ret65_operator_s_fu_1846  |operator_s       |        0|   0|  0|   76|    0|
    |call_ret66_operator_s_fu_1856  |operator_s       |        0|   0|  0|   76|    0|
    |call_ret67_operator_s_fu_1864  |operator_s       |        0|   0|  0|   76|    0|
    |call_ret68_operator_s_fu_1874  |operator_s       |        0|   0|  0|   76|    0|
    |call_ret69_operator_s_fu_1884  |operator_s       |        0|   0|  0|   76|    0|
    |call_ret71_operator_s_fu_1892  |operator_s       |        0|   0|  0|   76|    0|
    |call_ret72_operator_s_fu_1902  |operator_s       |        0|   0|  0|   76|    0|
    |call_ret73_operator_s_fu_1912  |operator_s       |        0|   0|  0|   76|    0|
    |call_ret74_operator_s_fu_1920  |operator_s       |        0|   0|  0|   76|    0|
    |call_ret75_operator_s_fu_1930  |operator_s       |        0|   0|  0|   76|    0|
    |call_ret76_operator_s_fu_1940  |operator_s       |        0|   0|  0|   76|    0|
    |call_ret79_operator_s_fu_1948  |operator_s       |        0|   0|  0|   76|    0|
    |call_ret80_operator_s_fu_1958  |operator_s       |        0|   0|  0|   76|    0|
    |call_ret81_operator_s_fu_1968  |operator_s       |        0|   0|  0|   76|    0|
    |call_ret82_operator_s_fu_1976  |operator_s       |        0|   0|  0|   76|    0|
    |call_ret83_operator_s_fu_1986  |operator_s       |        0|   0|  0|   76|    0|
    |call_ret84_operator_s_fu_1996  |operator_s       |        0|   0|  0|   76|    0|
    |call_ret86_operator_s_fu_2004  |operator_s       |        0|   0|  0|   76|    0|
    |call_ret87_operator_s_fu_2014  |operator_s       |        0|   0|  0|   76|    0|
    |call_ret88_operator_s_fu_2024  |operator_s       |        0|   0|  0|   76|    0|
    |call_ret89_operator_s_fu_2032  |operator_s       |        0|   0|  0|   76|    0|
    |call_ret90_operator_s_fu_2042  |operator_s       |        0|   0|  0|   76|    0|
    |call_ret91_operator_s_fu_2052  |operator_s       |        0|   0|  0|   76|    0|
    |call_ret63_operator_s_fu_2064  |operator_s       |        0|   0|  0|   76|    0|
    |call_ret98_operator_s_fu_2072  |operator_s       |        0|   0|  0|   76|    0|
    |call_ret_operator_s_fu_2080    |operator_s       |        0|   0|  0|   76|    0|
    +-------------------------------+-----------------+---------+----+---+-----+-----+
    |Total                          |                 |        0|   0|  0| 6698|    0|
    +-------------------------------+-----------------+---------+----+---+-----+-----+

    * DSP: 
    N/A

    * Memory: 
    N/A

    * FIFO: 
    N/A

    * Expression: 
    +----------------------+----------+----+---+----+------------+------------+
    |     Variable Name    | Operation| DSP| FF| LUT| Bitwidth P0| Bitwidth P1|
    +----------------------+----------+----+---+----+------------+------------+
    |add_ln94_fu_3870_p2   |         +|   0|  0|  10|           3|           1|
    |ap_condition_4005     |       and|   0|  0|   2|           1|           1|
    |ap_condition_4009     |       and|   0|  0|   2|           1|           1|
    |icmp_ln94_fu_3864_p2  |      icmp|   0|  0|  10|           3|           3|
    |ap_block_state1       |        or|   0|  0|   2|           1|           1|
    |ap_enable_pp0         |       xor|   0|  0|   2|           1|           2|
    +----------------------+----------+----+---+----+------------+------------+
    |Total                 |          |   0|  0|  28|          10|           9|
    +----------------------+----------+----+---+----+------------+------------+

    * Multiplexer: 
    +-----------------------------------------+----+-----------+-----+-----------+
    |                   Name                  | LUT| Input Size| Bits| Total Bits|
    +-----------------------------------------+----+-----------+-----+-----------+
    |ap_NS_fsm                                |  26|          5|    1|          5|
    |ap_done                                  |   9|          2|    1|          2|
    |ap_enable_reg_pp0_iter1                  |   9|          2|    1|          2|
    |ap_sig_allocacmp_pair_arr_value_10_load  |   9|          2|   10|         20|
    |ap_sig_allocacmp_pair_arr_value_11_load  |   9|          2|   10|         20|
    |ap_sig_allocacmp_pair_arr_value_12_load  |   9|          2|   10|         20|
    |ap_sig_allocacmp_pair_arr_value_13_load  |   9|          2|   10|         20|
    |ap_sig_allocacmp_pair_arr_value_14_load  |   9|          2|   10|         20|
    |ap_sig_allocacmp_pair_arr_value_15_load  |   9|          2|   10|         20|
    |ap_sig_allocacmp_pair_arr_value_16_load  |   9|          2|   10|         20|
    |ap_sig_allocacmp_pair_arr_value_17_load  |   9|          2|   10|         20|
    |ap_sig_allocacmp_pair_arr_value_18_load  |   9|          2|   10|         20|
    |ap_sig_allocacmp_pair_arr_value_19_load  |   9|          2|   10|         20|
    |ap_sig_allocacmp_pair_arr_value_1_load   |   9|          2|   10|         20|
    |ap_sig_allocacmp_pair_arr_value_20_load  |   9|          2|   10|         20|
    |ap_sig_allocacmp_pair_arr_value_21_load  |   9|          2|   10|         20|
    |ap_sig_allocacmp_pair_arr_value_22_load  |   9|          2|   10|         20|
    |ap_sig_allocacmp_pair_arr_value_23_load  |   9|          2|   10|         20|
    |ap_sig_allocacmp_pair_arr_value_24_load  |   9|          2|   10|         20|
    |ap_sig_allocacmp_pair_arr_value_25_load  |   9|          2|   10|         20|
    |ap_sig_allocacmp_pair_arr_value_26_load  |   9|          2|   10|         20|
    |ap_sig_allocacmp_pair_arr_value_27_load  |   9|          2|   10|         20|
    |ap_sig_allocacmp_pair_arr_value_28_load  |   9|          2|   10|         20|
    |ap_sig_allocacmp_pair_arr_value_29_load  |   9|          2|   10|         20|
    |ap_sig_allocacmp_pair_arr_value_2_load   |   9|          2|   10|         20|
    |ap_sig_allocacmp_pair_arr_value_30_load  |   9|          2|   10|         20|
    |ap_sig_allocacmp_pair_arr_value_31_load  |   9|          2|   10|         20|
    |ap_sig_allocacmp_pair_arr_value_32_load  |   9|          2|   10|         20|
    |ap_sig_allocacmp_pair_arr_value_33_load  |   9|          2|   10|         20|
    |ap_sig_allocacmp_pair_arr_value_34_load  |   9|          2|   10|         20|
    |ap_sig_allocacmp_pair_arr_value_35_load  |   9|          2|   10|         20|
    |ap_sig_allocacmp_pair_arr_value_36_load  |   9|          2|   10|         20|
    |ap_sig_allocacmp_pair_arr_value_37_load  |   9|          2|   10|         20|
    |ap_sig_allocacmp_pair_arr_value_38_load  |   9|          2|   10|         20|
    |ap_sig_allocacmp_pair_arr_value_39_load  |   9|          2|   10|         20|
    |ap_sig_allocacmp_pair_arr_value_3_load   |   9|          2|   10|         20|
    |ap_sig_allocacmp_pair_arr_value_40_load  |   9|          2|   10|         20|
    |ap_sig_allocacmp_pair_arr_value_41_load  |   9|          2|   10|         20|
    |ap_sig_allocacmp_pair_arr_value_42_load  |   9|          2|   10|         20|
    |ap_sig_allocacmp_pair_arr_value_43_load  |   9|          2|   10|         20|
    |ap_sig_allocacmp_pair_arr_value_44_load  |   9|          2|   10|         20|
    |ap_sig_allocacmp_pair_arr_value_45_load  |   9|          2|   10|         20|
    |ap_sig_allocacmp_pair_arr_value_46_load  |   9|          2|   10|         20|
    |ap_sig_allocacmp_pair_arr_value_47_load  |   9|          2|   10|         20|
    |ap_sig_allocacmp_pair_arr_value_48_load  |   9|          2|   10|         20|
    |ap_sig_allocacmp_pair_arr_value_49_load  |   9|          2|   10|         20|
    |ap_sig_allocacmp_pair_arr_value_4_load   |   9|          2|   10|         20|
    |ap_sig_allocacmp_pair_arr_value_50_load  |   9|          2|   10|         20|
    |ap_sig_allocacmp_pair_arr_value_51_load  |   9|          2|   10|         20|
    |ap_sig_allocacmp_pair_arr_value_52_load  |   9|          2|   10|         20|
    |ap_sig_allocacmp_pair_arr_value_53_load  |   9|          2|   10|         20|
    |ap_sig_allocacmp_pair_arr_value_54_load  |   9|          2|   10|         20|
    |ap_sig_allocacmp_pair_arr_value_55_load  |   9|          2|   10|         20|
    |ap_sig_allocacmp_pair_arr_value_56_load  |   9|          2|   10|         20|
    |ap_sig_allocacmp_pair_arr_value_57_load  |   9|          2|   10|         20|
    |ap_sig_allocacmp_pair_arr_value_58_load  |   9|          2|   10|         20|
    |ap_sig_allocacmp_pair_arr_value_59_load  |   9|          2|   10|         20|
    |ap_sig_allocacmp_pair_arr_value_5_load   |   9|          2|   10|         20|
    |ap_sig_allocacmp_pair_arr_value_60_load  |   9|          2|   10|         20|
    |ap_sig_allocacmp_pair_arr_value_61_load  |   9|          2|   10|         20|
    |ap_sig_allocacmp_pair_arr_value_62_load  |   9|          2|   10|         20|
    |ap_sig_allocacmp_pair_arr_value_63_load  |   9|          2|   10|         20|
    |ap_sig_allocacmp_pair_arr_value_64_load  |   9|          2|   10|         20|
    |ap_sig_allocacmp_pair_arr_value_65_load  |   9|          2|   10|         20|
    |ap_sig_allocacmp_pair_arr_value_66_load  |   9|          2|   10|         20|
    |ap_sig_allocacmp_pair_arr_value_67_load  |   9|          2|   10|         20|
    |ap_sig_allocacmp_pair_arr_value_68_load  |   9|          2|   10|         20|
    |ap_sig_allocacmp_pair_arr_value_69_load  |   9|          2|   10|         20|
    |ap_sig_allocacmp_pair_arr_value_6_load   |   9|          2|   10|         20|
    |ap_sig_allocacmp_pair_arr_value_70_load  |   9|          2|   10|         20|
    |ap_sig_allocacmp_pair_arr_value_71_load  |   9|          2|   10|         20|
    |ap_sig_allocacmp_pair_arr_value_72_load  |   9|          2|   10|         20|
    |ap_sig_allocacmp_pair_arr_value_73_load  |   9|          2|   10|         20|
    |ap_sig_allocacmp_pair_arr_value_74_load  |   9|          2|   10|         20|
    |ap_sig_allocacmp_pair_arr_value_75_load  |   9|          2|   10|         20|
    |ap_sig_allocacmp_pair_arr_value_76_load  |   9|          2|   10|         20|
    |ap_sig_allocacmp_pair_arr_value_77_load  |   9|          2|   10|         20|
    |ap_sig_allocacmp_pair_arr_value_78_load  |   9|          2|   10|         20|
    |ap_sig_allocacmp_pair_arr_value_79_load  |   9|          2|   10|         20|
    |ap_sig_allocacmp_pair_arr_value_7_load   |   9|          2|   10|         20|
    |ap_sig_allocacmp_pair_arr_value_80_load  |   9|          2|   10|         20|
    |ap_sig_allocacmp_pair_arr_value_81_load  |   9|          2|   10|         20|
    |ap_sig_allocacmp_pair_arr_value_82_load  |   9|          2|   10|         20|
    |ap_sig_allocacmp_pair_arr_value_83_load  |   9|          2|   10|         20|
    |ap_sig_allocacmp_pair_arr_value_84_load  |   9|          2|   10|         20|
    |ap_sig_allocacmp_pair_arr_value_85_load  |   9|          2|   10|         20|
    |ap_sig_allocacmp_pair_arr_value_86_load  |   9|          2|   10|         20|
    |ap_sig_allocacmp_pair_arr_value_87_load  |   9|          2|   10|         20|
    |ap_sig_allocacmp_pair_arr_value_88_load  |   9|          2|   10|         20|
    |ap_sig_allocacmp_pair_arr_value_89_load  |   9|          2|   10|         20|
    |ap_sig_allocacmp_pair_arr_value_8_load   |   9|          2|   10|         20|
    |ap_sig_allocacmp_pair_arr_value_90_load  |   9|          2|   10|         20|
    |ap_sig_allocacmp_pair_arr_value_91_load  |   9|          2|   10|         20|
    |ap_sig_allocacmp_pair_arr_value_92_load  |   9|          2|   10|         20|
    |ap_sig_allocacmp_pair_arr_value_93_load  |   9|          2|   10|         20|
    |ap_sig_allocacmp_pair_arr_value_94_load  |   9|          2|   10|         20|
    |ap_sig_allocacmp_pair_arr_value_95_load  |   9|          2|   10|         20|
    |ap_sig_allocacmp_pair_arr_value_9_load   |   9|          2|   10|         20|
    |ap_sig_allocacmp_pair_arr_value_load     |   9|          2|   10|         20|
    |grp_operator_s_fu_1388_a_0_val           |  14|          3|   10|         30|
    |grp_operator_s_fu_1388_a_1_val           |  14|          3|   12|         36|
    |grp_operator_s_fu_1388_b_0_val           |  14|          3|   10|         30|
    |grp_operator_s_fu_1388_b_1_val           |  14|          3|   12|         36|
    |grp_operator_s_fu_1398_a_0_val           |  14|          3|   10|         30|
    |grp_operator_s_fu_1398_a_1_val           |  14|          3|   12|         36|
    |grp_operator_s_fu_1398_b_0_val           |  14|          3|   10|         30|
    |grp_operator_s_fu_1398_b_1_val           |  14|          3|   12|         36|
    |grp_operator_s_fu_1416_a_0_val           |  14|          3|   10|         30|
    |grp_operator_s_fu_1416_a_1_val           |  14|          3|   12|         36|
    |grp_operator_s_fu_1416_b_0_val           |  14|          3|   10|         30|
    |grp_operator_s_fu_1416_b_1_val           |  14|          3|   12|         36|
    |grp_operator_s_fu_1426_a_0_val           |  14|          3|   10|         30|
    |grp_operator_s_fu_1426_a_1_val           |  14|          3|   12|         36|
    |grp_operator_s_fu_1426_b_0_val           |  14|          3|   10|         30|
    |grp_operator_s_fu_1426_b_1_val           |  14|          3|   12|         36|
    |grp_operator_s_fu_1444_a_0_val           |  14|          3|   10|         30|
    |grp_operator_s_fu_1444_a_1_val           |  14|          3|   12|         36|
    |grp_operator_s_fu_1444_b_0_val           |  14|          3|   10|         30|
    |grp_operator_s_fu_1444_b_1_val           |  14|          3|   12|         36|
    |grp_operator_s_fu_1454_a_0_val           |  14|          3|   10|         30|
    |grp_operator_s_fu_1454_a_1_val           |  14|          3|   12|         36|
    |grp_operator_s_fu_1454_b_0_val           |  14|          3|   10|         30|
    |grp_operator_s_fu_1454_b_1_val           |  14|          3|   12|         36|
    |grp_operator_s_fu_1464_a_0_val           |  14|          3|   10|         30|
    |grp_operator_s_fu_1464_a_1_val           |  14|          3|   12|         36|
    |grp_operator_s_fu_1464_b_0_val           |  14|          3|   10|         30|
    |grp_operator_s_fu_1464_b_1_val           |  14|          3|   12|         36|
    |grp_operator_s_fu_1472_a_0_val           |  14|          3|   10|         30|
    |grp_operator_s_fu_1472_a_1_val           |  14|          3|   12|         36|
    |grp_operator_s_fu_1472_b_0_val           |  14|          3|   10|         30|
    |grp_operator_s_fu_1472_b_1_val           |  14|          3|   12|         36|
    |grp_operator_s_fu_1482_a_0_val           |  14|          3|   10|         30|
    |grp_operator_s_fu_1482_a_1_val           |  14|          3|   12|         36|
    |grp_operator_s_fu_1482_b_0_val           |  14|          3|   10|         30|
    |grp_operator_s_fu_1482_b_1_val           |  14|          3|   12|         36|
    |grp_operator_s_fu_1492_a_0_val           |  14|          3|   10|         30|
    |grp_operator_s_fu_1492_a_1_val           |  14|          3|   12|         36|
    |grp_operator_s_fu_1492_b_0_val           |  14|          3|   10|         30|
    |grp_operator_s_fu_1492_b_1_val           |  14|          3|   12|         36|
    |grp_operator_s_fu_1500_a_0_val           |  14|          3|   10|         30|
    |grp_operator_s_fu_1500_a_1_val           |  14|          3|   12|         36|
    |grp_operator_s_fu_1500_b_0_val           |  14|          3|   10|         30|
    |grp_operator_s_fu_1500_b_1_val           |  14|          3|   12|         36|
    |grp_operator_s_fu_1510_a_0_val           |  14|          3|   10|         30|
    |grp_operator_s_fu_1510_a_1_val           |  14|          3|   12|         36|
    |grp_operator_s_fu_1510_b_0_val           |  14|          3|   10|         30|
    |grp_operator_s_fu_1510_b_1_val           |  14|          3|   12|         36|
    |grp_operator_s_fu_1520_a_0_val           |  14|          3|   10|         30|
    |grp_operator_s_fu_1520_a_1_val           |  14|          3|   12|         36|
    |grp_operator_s_fu_1520_b_0_val           |  14|          3|   10|         30|
    |grp_operator_s_fu_1520_b_1_val           |  14|          3|   12|         36|
    |grp_operator_s_fu_1528_a_0_val           |  14|          3|   10|         30|
    |grp_operator_s_fu_1528_a_1_val           |  14|          3|   12|         36|
    |grp_operator_s_fu_1528_b_0_val           |  14|          3|   10|         30|
    |grp_operator_s_fu_1528_b_1_val           |  14|          3|   12|         36|
    |grp_operator_s_fu_1538_a_0_val           |  14|          3|   10|         30|
    |grp_operator_s_fu_1538_a_1_val           |  14|          3|   12|         36|
    |grp_operator_s_fu_1538_b_0_val           |  14|          3|   10|         30|
    |grp_operator_s_fu_1538_b_1_val           |  14|          3|   12|         36|
    |grp_operator_s_fu_1548_a_0_val           |  14|          3|   10|         30|
    |grp_operator_s_fu_1548_a_1_val           |  14|          3|   12|         36|
    |grp_operator_s_fu_1548_b_0_val           |  14|          3|   10|         30|
    |grp_operator_s_fu_1548_b_1_val           |  14|          3|   12|         36|
    |grp_operator_s_fu_1556_a_0_val           |  14|          3|   10|         30|
    |grp_operator_s_fu_1556_a_1_val           |  14|          3|   12|         36|
    |grp_operator_s_fu_1556_b_0_val           |  14|          3|   10|         30|
    |grp_operator_s_fu_1556_b_1_val           |  14|          3|   12|         36|
    |grp_operator_s_fu_1566_a_0_val           |  14|          3|   10|         30|
    |grp_operator_s_fu_1566_a_1_val           |  14|          3|   12|         36|
    |grp_operator_s_fu_1566_b_0_val           |  14|          3|   10|         30|
    |grp_operator_s_fu_1566_b_1_val           |  14|          3|   12|         36|
    |grp_operator_s_fu_1576_a_0_val           |  14|          3|   10|         30|
    |grp_operator_s_fu_1576_a_1_val           |  14|          3|   12|         36|
    |grp_operator_s_fu_1584_a_0_val           |  14|          3|   10|         30|
    |grp_operator_s_fu_1584_a_1_val           |  14|          3|   12|         36|
    |grp_operator_s_fu_1584_b_0_val           |  14|          3|   10|         30|
    |grp_operator_s_fu_1584_b_1_val           |  14|          3|   12|         36|
    |grp_operator_s_fu_1594_a_0_val           |  14|          3|   10|         30|
    |grp_operator_s_fu_1594_a_1_val           |  14|          3|   12|         36|
    |grp_operator_s_fu_1594_b_0_val           |  14|          3|   10|         30|
    |grp_operator_s_fu_1594_b_1_val           |  14|          3|   12|         36|
    |i_fu_858                                 |   9|          2|    3|          6|
    |pair_arr_value_10_fu_902                 |   9|          2|   10|         20|
    |pair_arr_value_11_fu_906                 |   9|          2|   10|         20|
    |pair_arr_value_12_fu_910                 |   9|          2|   10|         20|
    |pair_arr_value_13_fu_914                 |   9|          2|   10|         20|
    |pair_arr_value_14_fu_918                 |   9|          2|   10|         20|
    |pair_arr_value_15_fu_922                 |   9|          2|   10|         20|
    |pair_arr_value_16_fu_926                 |   9|          2|   10|         20|
    |pair_arr_value_17_fu_930                 |   9|          2|   10|         20|
    |pair_arr_value_18_fu_934                 |   9|          2|   10|         20|
    |pair_arr_value_19_fu_938                 |   9|          2|   10|         20|
    |pair_arr_value_1_fu_866                  |   9|          2|   10|         20|
    |pair_arr_value_20_fu_942                 |   9|          2|   10|         20|
    |pair_arr_value_21_fu_946                 |   9|          2|   10|         20|
    |pair_arr_value_22_fu_950                 |   9|          2|   10|         20|
    |pair_arr_value_23_fu_954                 |   9|          2|   10|         20|
    |pair_arr_value_24_fu_958                 |   9|          2|   10|         20|
    |pair_arr_value_25_fu_962                 |   9|          2|   10|         20|
    |pair_arr_value_26_fu_966                 |   9|          2|   10|         20|
    |pair_arr_value_27_fu_970                 |   9|          2|   10|         20|
    |pair_arr_value_28_fu_974                 |   9|          2|   10|         20|
    |pair_arr_value_29_fu_978                 |   9|          2|   10|         20|
    |pair_arr_value_2_fu_870                  |   9|          2|   10|         20|
    |pair_arr_value_30_fu_982                 |   9|          2|   10|         20|
    |pair_arr_value_31_fu_986                 |   9|          2|   10|         20|
    |pair_arr_value_32_fu_990                 |   9|          2|   10|         20|
    |pair_arr_value_33_fu_994                 |   9|          2|   10|         20|
    |pair_arr_value_34_fu_998                 |   9|          2|   10|         20|
    |pair_arr_value_35_fu_1002                |   9|          2|   10|         20|
    |pair_arr_value_36_fu_1006                |   9|          2|   10|         20|
    |pair_arr_value_37_fu_1010                |   9|          2|   10|         20|
    |pair_arr_value_38_fu_1014                |   9|          2|   10|         20|
    |pair_arr_value_39_fu_1018                |   9|          2|   10|         20|
    |pair_arr_value_3_fu_874                  |   9|          2|   10|         20|
    |pair_arr_value_40_fu_1022                |   9|          2|   10|         20|
    |pair_arr_value_41_fu_1026                |   9|          2|   10|         20|
    |pair_arr_value_42_fu_1030                |   9|          2|   10|         20|
    |pair_arr_value_43_fu_1034                |   9|          2|   10|         20|
    |pair_arr_value_44_fu_1038                |   9|          2|   10|         20|
    |pair_arr_value_45_fu_1042                |   9|          2|   10|         20|
    |pair_arr_value_46_fu_1046                |   9|          2|   10|         20|
    |pair_arr_value_47_fu_1050                |   9|          2|   10|         20|
    |pair_arr_value_48_fu_1054                |   9|          2|   10|         20|
    |pair_arr_value_49_fu_1058                |   9|          2|   10|         20|
    |pair_arr_value_4_fu_878                  |   9|          2|   10|         20|
    |pair_arr_value_50_fu_1062                |   9|          2|   10|         20|
    |pair_arr_value_51_fu_1066                |   9|          2|   10|         20|
    |pair_arr_value_52_fu_1070                |   9|          2|   10|         20|
    |pair_arr_value_53_fu_1074                |   9|          2|   10|         20|
    |pair_arr_value_54_fu_1078                |   9|          2|   10|         20|
    |pair_arr_value_55_fu_1082                |   9|          2|   10|         20|
    |pair_arr_value_56_fu_1086                |   9|          2|   10|         20|
    |pair_arr_value_57_fu_1090                |   9|          2|   10|         20|
    |pair_arr_value_58_fu_1094                |   9|          2|   10|         20|
    |pair_arr_value_59_fu_1098                |   9|          2|   10|         20|
    |pair_arr_value_5_fu_882                  |   9|          2|   10|         20|
    |pair_arr_value_60_fu_1102                |   9|          2|   10|         20|
    |pair_arr_value_61_fu_1106                |   9|          2|   10|         20|
    |pair_arr_value_62_fu_1110                |   9|          2|   10|         20|
    |pair_arr_value_63_fu_1114                |   9|          2|   10|         20|
    |pair_arr_value_64_fu_1118                |   9|          2|   10|         20|
    |pair_arr_value_65_fu_1122                |   9|          2|   10|         20|
    |pair_arr_value_66_fu_1126                |   9|          2|   10|         20|
    |pair_arr_value_67_fu_1130                |   9|          2|   10|         20|
    |pair_arr_value_68_fu_1134                |   9|          2|   10|         20|
    |pair_arr_value_69_fu_1138                |   9|          2|   10|         20|
    |pair_arr_value_6_fu_886                  |   9|          2|   10|         20|
    |pair_arr_value_70_fu_1142                |   9|          2|   10|         20|
    |pair_arr_value_71_fu_1146                |   9|          2|   10|         20|
    |pair_arr_value_72_fu_1150                |   9|          2|   10|         20|
    |pair_arr_value_73_fu_1154                |   9|          2|   10|         20|
    |pair_arr_value_74_fu_1158                |   9|          2|   10|         20|
    |pair_arr_value_75_fu_1162                |   9|          2|   10|         20|
    |pair_arr_value_76_fu_1166                |   9|          2|   10|         20|
    |pair_arr_value_77_fu_1170                |   9|          2|   10|         20|
    |pair_arr_value_78_fu_1174                |   9|          2|   10|         20|
    |pair_arr_value_79_fu_1178                |   9|          2|   10|         20|
    |pair_arr_value_7_fu_890                  |   9|          2|   10|         20|
    |pair_arr_value_80_fu_1182                |   9|          2|   10|         20|
    |pair_arr_value_81_fu_1186                |   9|          2|   10|         20|
    |pair_arr_value_82_fu_1190                |   9|          2|   10|         20|
    |pair_arr_value_83_fu_1194                |   9|          2|   10|         20|
    |pair_arr_value_84_fu_1198                |   9|          2|   10|         20|
    |pair_arr_value_85_fu_1202                |   9|          2|   10|         20|
    |pair_arr_value_86_fu_1206                |   9|          2|   10|         20|
    |pair_arr_value_87_fu_1210                |   9|          2|   10|         20|
    |pair_arr_value_88_fu_1214                |   9|          2|   10|         20|
    |pair_arr_value_89_fu_1218                |   9|          2|   10|         20|
    |pair_arr_value_8_fu_894                  |   9|          2|   10|         20|
    |pair_arr_value_90_fu_1222                |   9|          2|   10|         20|
    |pair_arr_value_91_fu_1226                |   9|          2|   10|         20|
    |pair_arr_value_92_fu_1230                |   9|          2|   10|         20|
    |pair_arr_value_93_fu_1234                |   9|          2|   10|         20|
    |pair_arr_value_94_fu_1238                |   9|          2|   10|         20|
    |pair_arr_value_95_fu_1242                |   9|          2|   10|         20|
    |pair_arr_value_96_fu_1246                |   9|          2|   10|         20|
    |pair_arr_value_97_fu_1250                |   9|          2|   10|         20|
    |pair_arr_value_98_fu_1254                |   9|          2|   10|         20|
    |pair_arr_value_99_fu_1258                |   9|          2|   10|         20|
    |pair_arr_value_9_fu_898                  |   9|          2|   10|         20|
    |pair_arr_value_fu_862                    |   9|          2|   10|         20|
    |x_in_blk_n                               |   9|          2|    1|          2|
    +-----------------------------------------+----+-----------+-----+-----------+
    |Total                                    |2974|        651| 2869|       6643|
    +-----------------------------------------+----+-----------+-----+-----------+

    * Register: 
    +--------------------------------------------+----+----+-----+-----------+
    |                    Name                    | FF | LUT| Bits| Const Bits|
    +--------------------------------------------+----+----+-----+-----------+
    |agg_tmp3_i33_i33_i33_i_i_1_reg_6973         |  12|   0|   12|          0|
    |agg_tmp3_i33_i33_i33_i_i_reg_6968           |  10|   0|   10|          0|
    |agg_tmp3_i33_i33_i_i34_i_1_reg_7053         |  12|   0|   12|          0|
    |agg_tmp3_i33_i33_i_i34_i_reg_7048           |  10|   0|   10|          0|
    |agg_tmp3_i33_i_i107_i_i_1_reg_6933          |  12|   0|   12|          0|
    |agg_tmp3_i33_i_i107_i_i_reg_6928            |  10|   0|   10|          0|
    |agg_tmp3_i33_i_i_i108_i_1_reg_7013          |  12|   0|   12|          0|
    |agg_tmp3_i33_i_i_i108_i_reg_7008            |  10|   0|   10|          0|
    |agg_tmp3_i33_i_i_i_i_1_reg_6873             |  12|   0|   12|          0|
    |agg_tmp3_i33_i_i_i_i_reg_6868               |  10|   0|   10|          0|
    |agg_tmp3_i_i67_i67_i_i_1_reg_6953           |  12|   0|   12|          0|
    |agg_tmp3_i_i67_i67_i_i_reg_6948             |  10|   0|   10|          0|
    |agg_tmp3_i_i67_i_i68_i_1_reg_7033           |  12|   0|   12|          0|
    |agg_tmp3_i_i67_i_i68_i_reg_7028             |  10|   0|   10|          0|
    |agg_tmp3_i_i67_i_i_i_1_reg_6893             |  12|   0|   12|          0|
    |agg_tmp3_i_i67_i_i_i_reg_6888               |  10|   0|   10|          0|
    |agg_tmp3_i_i_1_reg_7073                     |  12|   0|   12|          0|
    |agg_tmp3_i_i_i141_i_i_1_reg_6913            |  12|   0|   12|          0|
    |agg_tmp3_i_i_i141_i_i_reg_6908              |  10|   0|   10|          0|
    |agg_tmp3_i_i_i_i142_i_1_reg_6993            |  12|   0|   12|          0|
    |agg_tmp3_i_i_i_i142_i_reg_6988              |  10|   0|   10|          0|
    |agg_tmp3_i_i_i_i_i_1_reg_6853               |  12|   0|   12|          0|
    |agg_tmp3_i_i_i_i_i_reg_6848                 |  10|   0|   10|          0|
    |agg_tmp3_i_i_reg_7068                       |  10|   0|   10|          0|
    |agg_tmp_i31_i31_i31_i_i_1_reg_6963          |  12|   0|   12|          0|
    |agg_tmp_i31_i31_i31_i_i_reg_6958            |  10|   0|   10|          0|
    |agg_tmp_i31_i31_i_i32_i_1_reg_7043          |  12|   0|   12|          0|
    |agg_tmp_i31_i31_i_i32_i_reg_7038            |  10|   0|   10|          0|
    |agg_tmp_i31_i_i105_i_i_1_reg_6923           |  12|   0|   12|          0|
    |agg_tmp_i31_i_i105_i_i_reg_6918             |  10|   0|   10|          0|
    |agg_tmp_i31_i_i_i106_i_1_reg_7003           |  12|   0|   12|          0|
    |agg_tmp_i31_i_i_i106_i_reg_6998             |  10|   0|   10|          0|
    |agg_tmp_i31_i_i_i_i_1_reg_6863              |  12|   0|   12|          0|
    |agg_tmp_i31_i_i_i_i_reg_6858                |  10|   0|   10|          0|
    |agg_tmp_i_i65_i65_i_i_1_reg_6943            |  12|   0|   12|          0|
    |agg_tmp_i_i65_i65_i_i_reg_6938              |  10|   0|   10|          0|
    |agg_tmp_i_i65_i_i66_i_1_reg_7023            |  12|   0|   12|          0|
    |agg_tmp_i_i65_i_i66_i_reg_7018              |  10|   0|   10|          0|
    |agg_tmp_i_i65_i_i_i_1_reg_6883              |  12|   0|   12|          0|
    |agg_tmp_i_i65_i_i_i_reg_6878                |  10|   0|   10|          0|
    |agg_tmp_i_i_1_reg_7063                      |  12|   0|   12|          0|
    |agg_tmp_i_i_i139_i_i_1_reg_6903             |  12|   0|   12|          0|
    |agg_tmp_i_i_i139_i_i_reg_6898               |  10|   0|   10|          0|
    |agg_tmp_i_i_i_i140_i_1_reg_6983             |  12|   0|   12|          0|
    |agg_tmp_i_i_i_i140_i_reg_6978               |  10|   0|   10|          0|
    |agg_tmp_i_i_i_i_i_1_reg_6843                |  12|   0|   12|          0|
    |agg_tmp_i_i_i_i_i_reg_6838                  |  10|   0|   10|          0|
    |agg_tmp_i_i_reg_7058                        |  10|   0|   10|          0|
    |ap_CS_fsm                                   |   4|   0|    4|          0|
    |ap_done_reg                                 |   1|   0|    1|          0|
    |ap_enable_reg_pp0_iter0                     |   1|   0|    1|          0|
    |ap_enable_reg_pp0_iter1                     |   1|   0|    1|          0|
    |i_1_reg_6830                                |   3|   0|    3|          0|
    |i_fu_858                                    |   3|   0|    3|          0|
    |icmp_ln94_reg_6834                          |   1|   0|    1|          0|
    |pair_arr_value_10_fu_902                    |  10|   0|   10|          0|
    |pair_arr_value_11_fu_906                    |  10|   0|   10|          0|
    |pair_arr_value_12_fu_910                    |  10|   0|   10|          0|
    |pair_arr_value_13_fu_914                    |  10|   0|   10|          0|
    |pair_arr_value_14_fu_918                    |  10|   0|   10|          0|
    |pair_arr_value_15_fu_922                    |  10|   0|   10|          0|
    |pair_arr_value_16_fu_926                    |  10|   0|   10|          0|
    |pair_arr_value_17_fu_930                    |  10|   0|   10|          0|
    |pair_arr_value_18_fu_934                    |  10|   0|   10|          0|
    |pair_arr_value_19_fu_938                    |  10|   0|   10|          0|
    |pair_arr_value_1_fu_866                     |  10|   0|   10|          0|
    |pair_arr_value_20_fu_942                    |  10|   0|   10|          0|
    |pair_arr_value_21_fu_946                    |  10|   0|   10|          0|
    |pair_arr_value_22_fu_950                    |  10|   0|   10|          0|
    |pair_arr_value_23_fu_954                    |  10|   0|   10|          0|
    |pair_arr_value_24_fu_958                    |  10|   0|   10|          0|
    |pair_arr_value_25_fu_962                    |  10|   0|   10|          0|
    |pair_arr_value_26_fu_966                    |  10|   0|   10|          0|
    |pair_arr_value_27_fu_970                    |  10|   0|   10|          0|
    |pair_arr_value_28_fu_974                    |  10|   0|   10|          0|
    |pair_arr_value_29_fu_978                    |  10|   0|   10|          0|
    |pair_arr_value_2_fu_870                     |  10|   0|   10|          0|
    |pair_arr_value_30_fu_982                    |  10|   0|   10|          0|
    |pair_arr_value_31_fu_986                    |  10|   0|   10|          0|
    |pair_arr_value_32_fu_990                    |  10|   0|   10|          0|
    |pair_arr_value_33_fu_994                    |  10|   0|   10|          0|
    |pair_arr_value_34_fu_998                    |  10|   0|   10|          0|
    |pair_arr_value_35_fu_1002                   |  10|   0|   10|          0|
    |pair_arr_value_36_fu_1006                   |  10|   0|   10|          0|
    |pair_arr_value_37_fu_1010                   |  10|   0|   10|          0|
    |pair_arr_value_38_fu_1014                   |  10|   0|   10|          0|
    |pair_arr_value_39_fu_1018                   |  10|   0|   10|          0|
    |pair_arr_value_3_fu_874                     |  10|   0|   10|          0|
    |pair_arr_value_40_fu_1022                   |  10|   0|   10|          0|
    |pair_arr_value_41_fu_1026                   |  10|   0|   10|          0|
    |pair_arr_value_42_fu_1030                   |  10|   0|   10|          0|
    |pair_arr_value_43_fu_1034                   |  10|   0|   10|          0|
    |pair_arr_value_44_fu_1038                   |  10|   0|   10|          0|
    |pair_arr_value_45_fu_1042                   |  10|   0|   10|          0|
    |pair_arr_value_46_fu_1046                   |  10|   0|   10|          0|
    |pair_arr_value_47_fu_1050                   |  10|   0|   10|          0|
    |pair_arr_value_48_fu_1054                   |  10|   0|   10|          0|
    |pair_arr_value_49_fu_1058                   |  10|   0|   10|          0|
    |pair_arr_value_4_fu_878                     |  10|   0|   10|          0|
    |pair_arr_value_50_fu_1062                   |  10|   0|   10|          0|
    |pair_arr_value_51_fu_1066                   |  10|   0|   10|          0|
    |pair_arr_value_52_fu_1070                   |  10|   0|   10|          0|
    |pair_arr_value_53_fu_1074                   |  10|   0|   10|          0|
    |pair_arr_value_54_fu_1078                   |  10|   0|   10|          0|
    |pair_arr_value_55_fu_1082                   |  10|   0|   10|          0|
    |pair_arr_value_56_fu_1086                   |  10|   0|   10|          0|
    |pair_arr_value_57_fu_1090                   |  10|   0|   10|          0|
    |pair_arr_value_58_fu_1094                   |  10|   0|   10|          0|
    |pair_arr_value_59_fu_1098                   |  10|   0|   10|          0|
    |pair_arr_value_5_fu_882                     |  10|   0|   10|          0|
    |pair_arr_value_60_fu_1102                   |  10|   0|   10|          0|
    |pair_arr_value_61_fu_1106                   |  10|   0|   10|          0|
    |pair_arr_value_62_fu_1110                   |  10|   0|   10|          0|
    |pair_arr_value_63_fu_1114                   |  10|   0|   10|          0|
    |pair_arr_value_64_fu_1118                   |  10|   0|   10|          0|
    |pair_arr_value_65_fu_1122                   |  10|   0|   10|          0|
    |pair_arr_value_66_fu_1126                   |  10|   0|   10|          0|
    |pair_arr_value_67_fu_1130                   |  10|   0|   10|          0|
    |pair_arr_value_68_fu_1134                   |  10|   0|   10|          0|
    |pair_arr_value_69_fu_1138                   |  10|   0|   10|          0|
    |pair_arr_value_6_fu_886                     |  10|   0|   10|          0|
    |pair_arr_value_70_fu_1142                   |  10|   0|   10|          0|
    |pair_arr_value_71_fu_1146                   |  10|   0|   10|          0|
    |pair_arr_value_72_fu_1150                   |  10|   0|   10|          0|
    |pair_arr_value_73_fu_1154                   |  10|   0|   10|          0|
    |pair_arr_value_74_fu_1158                   |  10|   0|   10|          0|
    |pair_arr_value_75_fu_1162                   |  10|   0|   10|          0|
    |pair_arr_value_76_fu_1166                   |  10|   0|   10|          0|
    |pair_arr_value_77_fu_1170                   |  10|   0|   10|          0|
    |pair_arr_value_78_fu_1174                   |  10|   0|   10|          0|
    |pair_arr_value_79_fu_1178                   |  10|   0|   10|          0|
    |pair_arr_value_7_fu_890                     |  10|   0|   10|          0|
    |pair_arr_value_80_fu_1182                   |  10|   0|   10|          0|
    |pair_arr_value_81_fu_1186                   |  10|   0|   10|          0|
    |pair_arr_value_82_fu_1190                   |  10|   0|   10|          0|
    |pair_arr_value_83_fu_1194                   |  10|   0|   10|          0|
    |pair_arr_value_84_fu_1198                   |  10|   0|   10|          0|
    |pair_arr_value_85_fu_1202                   |  10|   0|   10|          0|
    |pair_arr_value_86_fu_1206                   |  10|   0|   10|          0|
    |pair_arr_value_87_fu_1210                   |  10|   0|   10|          0|
    |pair_arr_value_88_fu_1214                   |  10|   0|   10|          0|
    |pair_arr_value_89_fu_1218                   |  10|   0|   10|          0|
    |pair_arr_value_8_fu_894                     |  10|   0|   10|          0|
    |pair_arr_value_90_fu_1222                   |  10|   0|   10|          0|
    |pair_arr_value_91_fu_1226                   |  10|   0|   10|          0|
    |pair_arr_value_92_fu_1230                   |  10|   0|   10|          0|
    |pair_arr_value_93_fu_1234                   |  10|   0|   10|          0|
    |pair_arr_value_94_fu_1238                   |  10|   0|   10|          0|
    |pair_arr_value_95_fu_1242                   |  10|   0|   10|          0|
    |pair_arr_value_96_fu_1246                   |  10|   0|   10|          0|
    |pair_arr_value_97_fu_1250                   |  10|   0|   10|          0|
    |pair_arr_value_98_fu_1254                   |  10|   0|   10|          0|
    |pair_arr_value_99_fu_1258                   |  10|   0|   10|          0|
    |pair_arr_value_9_fu_898                     |  10|   0|   10|          0|
    |pair_arr_value_fu_862                       |  10|   0|   10|          0|
    |pair_value_1_fu_1262                        |  10|   0|   10|          0|
    |pair_value_2_fu_1266                        |  10|   0|   10|          0|
    |pair_value_3_fu_1270                        |  10|   0|   10|          0|
    |pair_value_4_fu_1274                        |  10|   0|   10|          0|
    |pair_value_5_fu_1278                        |  10|   0|   10|          0|
    |reg_2338                                    |  10|   0|   10|          0|
    |reg_2344                                    |  12|   0|   12|          0|
    |reg_2350                                    |  10|   0|   10|          0|
    |reg_2356                                    |  12|   0|   12|          0|
    |sparse_arr_hash_reduce_out_1_c13_0_fu_1286  |   4|   0|    4|          0|
    |sparse_arr_hash_reduce_out_2_c14_0_fu_1290  |   4|   0|    4|          0|
    |sparse_arr_hash_reduce_out_3_c15_0_fu_1294  |   4|   0|    4|          0|
    |sparse_arr_hash_reduce_out_4_c16_0_fu_1298  |   4|   0|    4|          0|
    |sparse_arr_hash_reduce_out_5_c17_0_fu_1302  |   4|   0|    4|          0|
    |sparse_arr_hash_reduce_out_6_c18_0_fu_1306  |   4|   0|    4|          0|
    |sparse_arr_hash_reduce_out_7_c19_0_fu_1310  |   4|   0|    4|          0|
    |sparse_arr_hash_reduce_out_8_c20_0_fu_1314  |   4|   0|    4|          0|
    |sparse_arr_hash_reduce_out_9_c21_0_fu_1318  |   4|   0|    4|          0|
    |sparse_arr_hash_reduce_out_c12_0_fu_1282    |   4|   0|    4|          0|
    +--------------------------------------------+----+----+-----+-----------+
    |Total                                       |1676|   0| 1676|          0|
    +--------------------------------------------+----+----+-----+-----------+



================================================================
== Interface
================================================================
* Summary: 
+--------------+-----+------+------------+---------------------------------------------------------------------------+--------------+
|   RTL Ports  | Dir | Bits |  Protocol  |                               Source Object                               |    C Type    |
+--------------+-----+------+------------+---------------------------------------------------------------------------+--------------+
|ap_clk        |   in|     1|  ap_ctrl_hs|  sparse_input_reduce<ap_fixed<10, 2, 5, 3, 0>, ap_uint<10>, 10, 10, 1, 5>4|  return value|
|ap_rst        |   in|     1|  ap_ctrl_hs|  sparse_input_reduce<ap_fixed<10, 2, 5, 3, 0>, ap_uint<10>, 10, 10, 1, 5>4|  return value|
|ap_start      |   in|     1|  ap_ctrl_hs|  sparse_input_reduce<ap_fixed<10, 2, 5, 3, 0>, ap_uint<10>, 10, 10, 1, 5>4|  return value|
|ap_done       |  out|     1|  ap_ctrl_hs|  sparse_input_reduce<ap_fixed<10, 2, 5, 3, 0>, ap_uint<10>, 10, 10, 1, 5>4|  return value|
|ap_continue   |   in|     1|  ap_ctrl_hs|  sparse_input_reduce<ap_fixed<10, 2, 5, 3, 0>, ap_uint<10>, 10, 10, 1, 5>4|  return value|
|ap_idle       |  out|     1|  ap_ctrl_hs|  sparse_input_reduce<ap_fixed<10, 2, 5, 3, 0>, ap_uint<10>, 10, 10, 1, 5>4|  return value|
|ap_ready      |  out|     1|  ap_ctrl_hs|  sparse_input_reduce<ap_fixed<10, 2, 5, 3, 0>, ap_uint<10>, 10, 10, 1, 5>4|  return value|
|ap_return_0   |  out|    10|  ap_ctrl_hs|  sparse_input_reduce<ap_fixed<10, 2, 5, 3, 0>, ap_uint<10>, 10, 10, 1, 5>4|  return value|
|ap_return_1   |  out|    10|  ap_ctrl_hs|  sparse_input_reduce<ap_fixed<10, 2, 5, 3, 0>, ap_uint<10>, 10, 10, 1, 5>4|  return value|
|ap_return_2   |  out|    10|  ap_ctrl_hs|  sparse_input_reduce<ap_fixed<10, 2, 5, 3, 0>, ap_uint<10>, 10, 10, 1, 5>4|  return value|
|ap_return_3   |  out|    10|  ap_ctrl_hs|  sparse_input_reduce<ap_fixed<10, 2, 5, 3, 0>, ap_uint<10>, 10, 10, 1, 5>4|  return value|
|ap_return_4   |  out|    10|  ap_ctrl_hs|  sparse_input_reduce<ap_fixed<10, 2, 5, 3, 0>, ap_uint<10>, 10, 10, 1, 5>4|  return value|
|ap_return_5   |  out|     4|  ap_ctrl_hs|  sparse_input_reduce<ap_fixed<10, 2, 5, 3, 0>, ap_uint<10>, 10, 10, 1, 5>4|  return value|
|ap_return_6   |  out|     4|  ap_ctrl_hs|  sparse_input_reduce<ap_fixed<10, 2, 5, 3, 0>, ap_uint<10>, 10, 10, 1, 5>4|  return value|
|ap_return_7   |  out|     4|  ap_ctrl_hs|  sparse_input_reduce<ap_fixed<10, 2, 5, 3, 0>, ap_uint<10>, 10, 10, 1, 5>4|  return value|
|ap_return_8   |  out|     4|  ap_ctrl_hs|  sparse_input_reduce<ap_fixed<10, 2, 5, 3, 0>, ap_uint<10>, 10, 10, 1, 5>4|  return value|
|ap_return_9   |  out|     4|  ap_ctrl_hs|  sparse_input_reduce<ap_fixed<10, 2, 5, 3, 0>, ap_uint<10>, 10, 10, 1, 5>4|  return value|
|ap_return_10  |  out|     4|  ap_ctrl_hs|  sparse_input_reduce<ap_fixed<10, 2, 5, 3, 0>, ap_uint<10>, 10, 10, 1, 5>4|  return value|
|ap_return_11  |  out|     4|  ap_ctrl_hs|  sparse_input_reduce<ap_fixed<10, 2, 5, 3, 0>, ap_uint<10>, 10, 10, 1, 5>4|  return value|
|ap_return_12  |  out|     4|  ap_ctrl_hs|  sparse_input_reduce<ap_fixed<10, 2, 5, 3, 0>, ap_uint<10>, 10, 10, 1, 5>4|  return value|
|ap_return_13  |  out|     4|  ap_ctrl_hs|  sparse_input_reduce<ap_fixed<10, 2, 5, 3, 0>, ap_uint<10>, 10, 10, 1, 5>4|  return value|
|ap_return_14  |  out|     4|  ap_ctrl_hs|  sparse_input_reduce<ap_fixed<10, 2, 5, 3, 0>, ap_uint<10>, 10, 10, 1, 5>4|  return value|
|x_in          |   in|  1000|      ap_vld|                                                                       x_in|       pointer|
|x_in_ap_vld   |   in|     1|      ap_vld|                                                                       x_in|       pointer|
+--------------+-----+------+------------+---------------------------------------------------------------------------+--------------+

