Copyright 1986-2022 Xilinx, Inc. All Rights Reserved. Copyright 2022-2023 Advanced Micro Devices, Inc. All Rights Reserved.
---------------------------------------------------------------------------------------------------------------------------------------------
| Tool Version : Vivado v.2023.1 (lin64) Build 3865809 Sun May  7 15:04:56 MDT 2023
| Date         : Thu Jul 24 15:31:49 2025
| Host         : coder-hftsoi-hls1 running 64-bit Ubuntu 20.04.6 LTS
| Command      : report_utilization -file vivado_synth.rpt -hierarchical -hierarchical_depth 1
| Design       : hls_dummy
| Device       : xcu250-figd2104-2L-e
| Speed File   : -2L
| Design State : Optimized
---------------------------------------------------------------------------------------------------------------------------------------------

Utilization Design Information

Table of Contents
-----------------
1. Utilization by Hierarchy

1. Utilization by Hierarchy
---------------------------

+-----------------------------------------------------------------------+------------------------------------------------------------------------------+------------+------------+---------+------+------+--------+--------+------+------------+
|                                Instance                               |                                    Module                                    | Total LUTs | Logic LUTs | LUTRAMs | SRLs |  FFs | RAMB36 | RAMB18 | URAM | DSP Blocks |
+-----------------------------------------------------------------------+------------------------------------------------------------------------------+------------+------------+---------+------+------+--------+--------+------+------------+
| hls_dummy                                                             |                                                                        (top) |      14986 |      14970 |       0 |   16 | 6284 |      0 |      0 |    0 |          0 |
|   (hls_dummy)                                                         |                                                                        (top) |          0 |          0 |       0 |    0 |  100 |      0 |      0 |    0 |          0 |
|   Block_entry28_proc_U0                                               |                                                 hls_dummy_Block_entry28_proc |          0 |          0 |       0 |    0 |  480 |      0 |      0 |    0 |          0 |
|   flatten_out_10_U                                                    |                                                       hls_dummy_fifo_w8_d2_S |         23 |         23 |       0 |    0 |   20 |      0 |      0 |    0 |          0 |
|   flatten_out_11_U                                                    |                                                     hls_dummy_fifo_w8_d2_S_0 |         22 |         22 |       0 |    0 |   20 |      0 |      0 |    0 |          0 |
|   flatten_out_12_U                                                    |                                                     hls_dummy_fifo_w8_d2_S_1 |         22 |         22 |       0 |    0 |   20 |      0 |      0 |    0 |          0 |
|   flatten_out_13_U                                                    |                                                     hls_dummy_fifo_w8_d2_S_2 |         21 |         21 |       0 |    0 |   20 |      0 |      0 |    0 |          0 |
|   flatten_out_14_U                                                    |                                                     hls_dummy_fifo_w8_d2_S_3 |         23 |         23 |       0 |    0 |   20 |      0 |      0 |    0 |          0 |
|   flatten_out_15_U                                                    |                                                     hls_dummy_fifo_w8_d2_S_4 |         23 |         23 |       0 |    0 |   20 |      0 |      0 |    0 |          0 |
|   flatten_out_16_U                                                    |                                                     hls_dummy_fifo_w8_d2_S_5 |         23 |         23 |       0 |    0 |   20 |      0 |      0 |    0 |          0 |
|   flatten_out_17_U                                                    |                                                     hls_dummy_fifo_w8_d2_S_6 |         27 |         27 |       0 |    0 |   20 |      0 |      0 |    0 |          0 |
|   flatten_out_18_U                                                    |                                                     hls_dummy_fifo_w8_d2_S_7 |         21 |         21 |       0 |    0 |   20 |      0 |      0 |    0 |          0 |
|   flatten_out_19_U                                                    |                                                     hls_dummy_fifo_w8_d2_S_8 |         22 |         22 |       0 |    0 |   20 |      0 |      0 |    0 |          0 |
|   flatten_out_1_U                                                     |                                                     hls_dummy_fifo_w8_d2_S_9 |         23 |         23 |       0 |    0 |   20 |      0 |      0 |    0 |          0 |
|   flatten_out_20_U                                                    |                                                    hls_dummy_fifo_w8_d2_S_10 |         22 |         22 |       0 |    0 |   20 |      0 |      0 |    0 |          0 |
|   flatten_out_21_U                                                    |                                                    hls_dummy_fifo_w8_d2_S_11 |         23 |         23 |       0 |    0 |   20 |      0 |      0 |    0 |          0 |
|   flatten_out_22_U                                                    |                                                    hls_dummy_fifo_w8_d2_S_12 |         24 |         24 |       0 |    0 |   20 |      0 |      0 |    0 |          0 |
|   flatten_out_23_U                                                    |                                                    hls_dummy_fifo_w8_d2_S_13 |         23 |         23 |       0 |    0 |   20 |      0 |      0 |    0 |          0 |
|   flatten_out_24_U                                                    |                                                    hls_dummy_fifo_w8_d2_S_14 |         22 |         22 |       0 |    0 |   20 |      0 |      0 |    0 |          0 |
|   flatten_out_25_U                                                    |                                                    hls_dummy_fifo_w8_d2_S_15 |         23 |         23 |       0 |    0 |   20 |      0 |      0 |    0 |          0 |
|   flatten_out_26_U                                                    |                                                    hls_dummy_fifo_w8_d2_S_16 |         23 |         23 |       0 |    0 |   20 |      0 |      0 |    0 |          0 |
|   flatten_out_27_U                                                    |                                                    hls_dummy_fifo_w8_d2_S_17 |         22 |         22 |       0 |    0 |   20 |      0 |      0 |    0 |          0 |
|   flatten_out_28_U                                                    |                                                    hls_dummy_fifo_w8_d2_S_18 |         22 |         22 |       0 |    0 |   20 |      0 |      0 |    0 |          0 |
|   flatten_out_29_U                                                    |                                                    hls_dummy_fifo_w8_d2_S_19 |         25 |         25 |       0 |    0 |   20 |      0 |      0 |    0 |          0 |
|   flatten_out_2_U                                                     |                                                    hls_dummy_fifo_w8_d2_S_20 |         23 |         23 |       0 |    0 |   20 |      0 |      0 |    0 |          0 |
|   flatten_out_30_U                                                    |                                                    hls_dummy_fifo_w8_d2_S_21 |         23 |         23 |       0 |    0 |   20 |      0 |      0 |    0 |          0 |
|   flatten_out_31_U                                                    |                                                    hls_dummy_fifo_w8_d2_S_22 |         22 |         22 |       0 |    0 |   20 |      0 |      0 |    0 |          0 |
|   flatten_out_32_U                                                    |                                                    hls_dummy_fifo_w8_d2_S_23 |         25 |         25 |       0 |    0 |   20 |      0 |      0 |    0 |          0 |
|   flatten_out_33_U                                                    |                                                    hls_dummy_fifo_w8_d2_S_24 |         22 |         22 |       0 |    0 |   20 |      0 |      0 |    0 |          0 |
|   flatten_out_34_U                                                    |                                                    hls_dummy_fifo_w8_d2_S_25 |         23 |         23 |       0 |    0 |   20 |      0 |      0 |    0 |          0 |
|   flatten_out_35_U                                                    |                                                    hls_dummy_fifo_w8_d2_S_26 |         23 |         23 |       0 |    0 |   20 |      0 |      0 |    0 |          0 |
|   flatten_out_36_U                                                    |                                                    hls_dummy_fifo_w8_d2_S_27 |         23 |         23 |       0 |    0 |   20 |      0 |      0 |    0 |          0 |
|   flatten_out_37_U                                                    |                                                    hls_dummy_fifo_w8_d2_S_28 |         22 |         22 |       0 |    0 |   20 |      0 |      0 |    0 |          0 |
|   flatten_out_38_U                                                    |                                                    hls_dummy_fifo_w8_d2_S_29 |         24 |         24 |       0 |    0 |   20 |      0 |      0 |    0 |          0 |
|   flatten_out_39_U                                                    |                                                    hls_dummy_fifo_w8_d2_S_30 |         23 |         23 |       0 |    0 |   20 |      0 |      0 |    0 |          0 |
|   flatten_out_3_U                                                     |                                                    hls_dummy_fifo_w8_d2_S_31 |         22 |         22 |       0 |    0 |   20 |      0 |      0 |    0 |          0 |
|   flatten_out_40_U                                                    |                                                    hls_dummy_fifo_w8_d2_S_32 |         24 |         24 |       0 |    0 |   20 |      0 |      0 |    0 |          0 |
|   flatten_out_41_U                                                    |                                                    hls_dummy_fifo_w8_d2_S_33 |         23 |         23 |       0 |    0 |   20 |      0 |      0 |    0 |          0 |
|   flatten_out_42_U                                                    |                                                    hls_dummy_fifo_w8_d2_S_34 |         22 |         22 |       0 |    0 |   20 |      0 |      0 |    0 |          0 |
|   flatten_out_43_U                                                    |                                                    hls_dummy_fifo_w8_d2_S_35 |         22 |         22 |       0 |    0 |   20 |      0 |      0 |    0 |          0 |
|   flatten_out_44_U                                                    |                                                    hls_dummy_fifo_w8_d2_S_36 |         24 |         24 |       0 |    0 |   20 |      0 |      0 |    0 |          0 |
|   flatten_out_45_U                                                    |                                                    hls_dummy_fifo_w8_d2_S_37 |         23 |         23 |       0 |    0 |   20 |      0 |      0 |    0 |          0 |
|   flatten_out_46_U                                                    |                                                    hls_dummy_fifo_w8_d2_S_38 |         25 |         25 |       0 |    0 |   20 |      0 |      0 |    0 |          0 |
|   flatten_out_47_U                                                    |                                                    hls_dummy_fifo_w8_d2_S_39 |         22 |         22 |       0 |    0 |   20 |      0 |      0 |    0 |          0 |
|   flatten_out_48_U                                                    |                                                    hls_dummy_fifo_w8_d2_S_40 |         21 |         21 |       0 |    0 |   20 |      0 |      0 |    0 |          0 |
|   flatten_out_49_U                                                    |                                                    hls_dummy_fifo_w8_d2_S_41 |         22 |         22 |       0 |    0 |   20 |      0 |      0 |    0 |          0 |
|   flatten_out_4_U                                                     |                                                    hls_dummy_fifo_w8_d2_S_42 |         24 |         24 |       0 |    0 |   20 |      0 |      0 |    0 |          0 |
|   flatten_out_50_U                                                    |                                                    hls_dummy_fifo_w8_d2_S_43 |         22 |         22 |       0 |    0 |   20 |      0 |      0 |    0 |          0 |
|   flatten_out_51_U                                                    |                                                    hls_dummy_fifo_w8_d2_S_44 |         22 |         22 |       0 |    0 |   20 |      0 |      0 |    0 |          0 |
|   flatten_out_52_U                                                    |                                                    hls_dummy_fifo_w8_d2_S_45 |         24 |         24 |       0 |    0 |   20 |      0 |      0 |    0 |          0 |
|   flatten_out_53_U                                                    |                                                    hls_dummy_fifo_w8_d2_S_46 |         22 |         22 |       0 |    0 |   20 |      0 |      0 |    0 |          0 |
|   flatten_out_54_U                                                    |                                                    hls_dummy_fifo_w8_d2_S_47 |         24 |         24 |       0 |    0 |   20 |      0 |      0 |    0 |          0 |
|   flatten_out_55_U                                                    |                                                    hls_dummy_fifo_w8_d2_S_48 |         22 |         22 |       0 |    0 |   20 |      0 |      0 |    0 |          0 |
|   flatten_out_56_U                                                    |                                                    hls_dummy_fifo_w8_d2_S_49 |         22 |         22 |       0 |    0 |   20 |      0 |      0 |    0 |          0 |
|   flatten_out_57_U                                                    |                                                    hls_dummy_fifo_w8_d2_S_50 |         23 |         23 |       0 |    0 |   20 |      0 |      0 |    0 |          0 |
|   flatten_out_58_U                                                    |                                                    hls_dummy_fifo_w8_d2_S_51 |         23 |         23 |       0 |    0 |   20 |      0 |      0 |    0 |          0 |
|   flatten_out_59_U                                                    |                                                    hls_dummy_fifo_w8_d2_S_52 |         23 |         23 |       0 |    0 |   20 |      0 |      0 |    0 |          0 |
|   flatten_out_5_U                                                     |                                                    hls_dummy_fifo_w8_d2_S_53 |         21 |         21 |       0 |    0 |   20 |      0 |      0 |    0 |          0 |
|   flatten_out_6_U                                                     |                                                    hls_dummy_fifo_w8_d2_S_54 |         23 |         23 |       0 |    0 |   20 |      0 |      0 |    0 |          0 |
|   flatten_out_7_U                                                     |                                                    hls_dummy_fifo_w8_d2_S_55 |         23 |         23 |       0 |    0 |   20 |      0 |      0 |    0 |          0 |
|   flatten_out_8_U                                                     |                                                    hls_dummy_fifo_w8_d2_S_56 |         25 |         25 |       0 |    0 |   20 |      0 |      0 |    0 |          0 |
|   flatten_out_9_U                                                     |                                                    hls_dummy_fifo_w8_d2_S_57 |         22 |         22 |       0 |    0 |   20 |      0 |      0 |    0 |          0 |
|   flatten_out_U                                                       |                                                    hls_dummy_fifo_w8_d2_S_58 |         24 |         24 |       0 |    0 |   20 |      0 |      0 |    0 |          0 |
|   sparse_arr_feat_conv1_out_1_U                                       |                                                    hls_dummy_fifo_w8_d2_S_59 |         13 |         13 |       0 |    0 |   20 |      0 |      0 |    0 |          0 |
|   sparse_arr_feat_conv1_out_2_U                                       |                                                    hls_dummy_fifo_w8_d2_S_60 |         13 |         13 |       0 |    0 |   20 |      0 |      0 |    0 |          0 |
|   sparse_arr_feat_conv1_out_3_U                                       |                                                    hls_dummy_fifo_w8_d2_S_61 |         13 |         13 |       0 |    0 |   20 |      0 |      0 |    0 |          0 |
|   sparse_arr_feat_conv1_out_4_U                                       |                                                    hls_dummy_fifo_w8_d2_S_62 |         13 |         13 |       0 |    0 |   20 |      0 |      0 |    0 |          0 |
|   sparse_arr_feat_conv1_out_5_U                                       |                                                    hls_dummy_fifo_w8_d2_S_63 |         15 |         15 |       0 |    0 |   20 |      0 |      0 |    0 |          0 |
|   sparse_arr_feat_conv1_out_6_U                                       |                                                    hls_dummy_fifo_w8_d2_S_64 |         14 |         14 |       0 |    0 |   20 |      0 |      0 |    0 |          0 |
|   sparse_arr_feat_conv1_out_7_U                                       |                                                    hls_dummy_fifo_w8_d2_S_65 |         13 |         13 |       0 |    0 |   20 |      0 |      0 |    0 |          0 |
|   sparse_arr_feat_conv1_out_8_U                                       |                                                    hls_dummy_fifo_w8_d2_S_66 |         13 |         13 |       0 |    0 |   20 |      0 |      0 |    0 |          0 |
|   sparse_arr_feat_conv1_out_9_U                                       |                                                    hls_dummy_fifo_w8_d2_S_67 |         13 |         13 |       0 |    0 |   20 |      0 |      0 |    0 |          0 |
|   sparse_arr_feat_conv1_out_U                                         |                                                    hls_dummy_fifo_w8_d2_S_68 |         13 |         13 |       0 |    0 |   20 |      0 |      0 |    0 |          0 |
|   sparse_arr_feat_reduce_out_1_U                                      |                                                    hls_dummy_fifo_w8_d2_S_69 |        321 |        321 |       0 |    0 |   22 |      0 |      0 |    0 |          0 |
|   sparse_arr_feat_reduce_out_2_U                                      |                                                    hls_dummy_fifo_w8_d2_S_70 |        314 |        314 |       0 |    0 |   21 |      0 |      0 |    0 |          0 |
|   sparse_arr_feat_reduce_out_3_U                                      |                                                    hls_dummy_fifo_w8_d2_S_71 |        311 |        311 |       0 |    0 |   20 |      0 |      0 |    0 |          0 |
|   sparse_arr_feat_reduce_out_4_U                                      |                                                    hls_dummy_fifo_w8_d2_S_72 |        305 |        305 |       0 |    0 |   20 |      0 |      0 |    0 |          0 |
|   sparse_arr_feat_reduce_out_5_U                                      |                                                    hls_dummy_fifo_w8_d2_S_73 |        301 |        301 |       0 |    0 |   20 |      0 |      0 |    0 |          0 |
|   sparse_arr_feat_reduce_out_6_U                                      |                                                    hls_dummy_fifo_w8_d2_S_74 |        297 |        297 |       0 |    0 |   20 |      0 |      0 |    0 |          0 |
|   sparse_arr_feat_reduce_out_7_U                                      |                                                    hls_dummy_fifo_w8_d2_S_75 |        295 |        295 |       0 |    0 |   20 |      0 |      0 |    0 |          0 |
|   sparse_arr_feat_reduce_out_8_U                                      |                                                    hls_dummy_fifo_w8_d2_S_76 |        289 |        289 |       0 |    0 |   20 |      0 |      0 |    0 |          0 |
|   sparse_arr_feat_reduce_out_9_U                                      |                                                    hls_dummy_fifo_w8_d2_S_77 |        284 |        284 |       0 |    0 |   20 |      0 |      0 |    0 |          0 |
|   sparse_arr_feat_reduce_out_U                                        |                                                    hls_dummy_fifo_w8_d2_S_78 |        560 |        560 |       0 |    0 |   20 |      0 |      0 |    0 |          0 |
|   sparse_arr_hash_reduce_out_10_c22_channel_U                         |                                                       hls_dummy_fifo_w3_d2_S |        107 |        107 |       0 |    0 |   10 |      0 |      0 |    0 |          0 |
|   sparse_arr_hash_reduce_out_10_c_U                                   |                                                    hls_dummy_fifo_w3_d2_S_79 |         10 |         10 |       0 |    0 |   10 |      0 |      0 |    0 |          0 |
|   sparse_arr_hash_reduce_out_11_c23_channel_U                         |                                                    hls_dummy_fifo_w3_d2_S_80 |         80 |         80 |       0 |    0 |   10 |      0 |      0 |    0 |          0 |
|   sparse_arr_hash_reduce_out_11_c_U                                   |                                                    hls_dummy_fifo_w3_d2_S_81 |         11 |         11 |       0 |    0 |   10 |      0 |      0 |    0 |          0 |
|   sparse_arr_hash_reduce_out_12_c24_channel_U                         |                                                    hls_dummy_fifo_w3_d2_S_82 |        103 |        103 |       0 |    0 |   10 |      0 |      0 |    0 |          0 |
|   sparse_arr_hash_reduce_out_12_c_U                                   |                                                    hls_dummy_fifo_w3_d2_S_83 |          9 |          9 |       0 |    0 |   10 |      0 |      0 |    0 |          0 |
|   sparse_arr_hash_reduce_out_13_c25_channel_U                         |                                                    hls_dummy_fifo_w3_d2_S_84 |         74 |         74 |       0 |    0 |   10 |      0 |      0 |    0 |          0 |
|   sparse_arr_hash_reduce_out_13_c_U                                   |                                                    hls_dummy_fifo_w3_d2_S_85 |         10 |         10 |       0 |    0 |   10 |      0 |      0 |    0 |          0 |
|   sparse_arr_hash_reduce_out_14_c26_channel_U                         |                                                    hls_dummy_fifo_w3_d2_S_86 |         83 |         83 |       0 |    0 |   10 |      0 |      0 |    0 |          0 |
|   sparse_arr_hash_reduce_out_14_c_U                                   |                                                    hls_dummy_fifo_w3_d2_S_87 |          9 |          9 |       0 |    0 |   10 |      0 |      0 |    0 |          0 |
|   sparse_arr_hash_reduce_out_15_c27_channel_U                         |                                                    hls_dummy_fifo_w3_d2_S_88 |         50 |         50 |       0 |    0 |   10 |      0 |      0 |    0 |          0 |
|   sparse_arr_hash_reduce_out_15_c_U                                   |                                                    hls_dummy_fifo_w3_d2_S_89 |          9 |          9 |       0 |    0 |   10 |      0 |      0 |    0 |          0 |
|   sparse_arr_hash_reduce_out_16_c28_channel_U                         |                                                    hls_dummy_fifo_w3_d2_S_90 |        119 |        119 |       0 |    0 |   10 |      0 |      0 |    0 |          0 |
|   sparse_arr_hash_reduce_out_16_c_U                                   |                                                    hls_dummy_fifo_w3_d2_S_91 |         12 |         12 |       0 |    0 |   10 |      0 |      0 |    0 |          0 |
|   sparse_arr_hash_reduce_out_17_c29_channel_U                         |                                                    hls_dummy_fifo_w3_d2_S_92 |         42 |         42 |       0 |    0 |   10 |      0 |      0 |    0 |          0 |
|   sparse_arr_hash_reduce_out_17_c_U                                   |                                                    hls_dummy_fifo_w3_d2_S_93 |         12 |         12 |       0 |    0 |   10 |      0 |      0 |    0 |          0 |
|   sparse_arr_hash_reduce_out_18_c30_channel_U                         |                                                    hls_dummy_fifo_w3_d2_S_94 |         81 |         81 |       0 |    0 |   10 |      0 |      0 |    0 |          0 |
|   sparse_arr_hash_reduce_out_18_c_U                                   |                                                    hls_dummy_fifo_w3_d2_S_95 |          9 |          9 |       0 |    0 |   10 |      0 |      0 |    0 |          0 |
|   sparse_arr_hash_reduce_out_19_c31_channel_U                         |                                                    hls_dummy_fifo_w3_d2_S_96 |         51 |         51 |       0 |    0 |   10 |      0 |      0 |    0 |          0 |
|   sparse_arr_hash_reduce_out_19_c_U                                   |                                                    hls_dummy_fifo_w3_d2_S_97 |         10 |         10 |       0 |    0 |   10 |      0 |      0 |    0 |          0 |
|   sparse_arr_hash_reduce_out_1_c13_channel_U                          |                                                    hls_dummy_fifo_w3_d2_S_98 |        100 |        100 |       0 |    0 |   10 |      0 |      0 |    0 |          0 |
|   sparse_arr_hash_reduce_out_1_c_U                                    |                                                    hls_dummy_fifo_w3_d2_S_99 |          9 |          9 |       0 |    0 |   10 |      0 |      0 |    0 |          0 |
|   sparse_arr_hash_reduce_out_2_c14_channel_U                          |                                                   hls_dummy_fifo_w3_d2_S_100 |        104 |        104 |       0 |    0 |   10 |      0 |      0 |    0 |          0 |
|   sparse_arr_hash_reduce_out_2_c_U                                    |                                                   hls_dummy_fifo_w3_d2_S_101 |          9 |          9 |       0 |    0 |   10 |      0 |      0 |    0 |          0 |
|   sparse_arr_hash_reduce_out_3_c15_channel_U                          |                                                   hls_dummy_fifo_w3_d2_S_102 |        110 |        110 |       0 |    0 |   10 |      0 |      0 |    0 |          0 |
|   sparse_arr_hash_reduce_out_3_c_U                                    |                                                   hls_dummy_fifo_w3_d2_S_103 |         10 |         10 |       0 |    0 |   10 |      0 |      0 |    0 |          0 |
|   sparse_arr_hash_reduce_out_4_c16_channel_U                          |                                                   hls_dummy_fifo_w3_d2_S_104 |         86 |         86 |       0 |    0 |   10 |      0 |      0 |    0 |          0 |
|   sparse_arr_hash_reduce_out_4_c_U                                    |                                                   hls_dummy_fifo_w3_d2_S_105 |          9 |          9 |       0 |    0 |   10 |      0 |      0 |    0 |          0 |
|   sparse_arr_hash_reduce_out_5_c17_channel_U                          |                                                   hls_dummy_fifo_w3_d2_S_106 |        104 |        104 |       0 |    0 |   10 |      0 |      0 |    0 |          0 |
|   sparse_arr_hash_reduce_out_5_c_U                                    |                                                   hls_dummy_fifo_w3_d2_S_107 |         10 |         10 |       0 |    0 |   10 |      0 |      0 |    0 |          0 |
|   sparse_arr_hash_reduce_out_6_c18_channel_U                          |                                                   hls_dummy_fifo_w3_d2_S_108 |         89 |         89 |       0 |    0 |   10 |      0 |      0 |    0 |          0 |
|   sparse_arr_hash_reduce_out_6_c_U                                    |                                                   hls_dummy_fifo_w3_d2_S_109 |          9 |          9 |       0 |    0 |   10 |      0 |      0 |    0 |          0 |
|   sparse_arr_hash_reduce_out_7_c19_channel_U                          |                                                   hls_dummy_fifo_w3_d2_S_110 |         87 |         87 |       0 |    0 |   10 |      0 |      0 |    0 |          0 |
|   sparse_arr_hash_reduce_out_7_c_U                                    |                                                   hls_dummy_fifo_w3_d2_S_111 |          9 |          9 |       0 |    0 |   10 |      0 |      0 |    0 |          0 |
|   sparse_arr_hash_reduce_out_8_c20_channel_U                          |                                                   hls_dummy_fifo_w3_d2_S_112 |         92 |         92 |       0 |    0 |   10 |      0 |      0 |    0 |          0 |
|   sparse_arr_hash_reduce_out_8_c_U                                    |                                                   hls_dummy_fifo_w3_d2_S_113 |          9 |          9 |       0 |    0 |   10 |      0 |      0 |    0 |          0 |
|   sparse_arr_hash_reduce_out_9_c21_channel_U                          |                                                   hls_dummy_fifo_w3_d2_S_114 |        115 |        115 |       0 |    0 |   10 |      0 |      0 |    0 |          0 |
|   sparse_arr_hash_reduce_out_9_c_U                                    |                                                   hls_dummy_fifo_w3_d2_S_115 |         10 |         10 |       0 |    0 |   10 |      0 |      0 |    0 |          0 |
|   sparse_arr_hash_reduce_out_c12_channel_U                            |                                                   hls_dummy_fifo_w3_d2_S_116 |        120 |        120 |       0 |    0 |   10 |      0 |      0 |    0 |          0 |
|   sparse_arr_hash_reduce_out_c_U                                      |                                                   hls_dummy_fifo_w3_d2_S_117 |          9 |          9 |       0 |    0 |   10 |      0 |      0 |    0 |          0 |
|   sparse_conv_ap_fixed_ap_fixed_ap_uint_ap_fixed_ap_fixed_10_1_1_3_U0 | hls_dummy_sparse_conv_ap_fixed_ap_fixed_ap_uint_ap_fixed_ap_fixed_10_1_1_3_s |       4455 |       4455 |       0 |    0 | 1225 |      0 |      0 |    0 |          0 |
|   sparse_flatten_ap_fixed_8_2_5_3_0_ap_uint_10_10_6_1_10_U0           |           hls_dummy_sparse_flatten_ap_fixed_8_2_5_3_0_ap_uint_10_10_6_1_10_s |       2703 |       2687 |       0 |   16 | 1670 |      0 |      0 |    0 |          0 |
|   sparse_input_reduce_ap_fixed_8_2_5_3_0_ap_uint_10_10_6_1_10_4_U0    |      hls_dummy_sparse_input_reduce_ap_fixed_8_2_5_3_0_ap_uint_10_10_6_1_10_4 |       1372 |       1372 |       0 |    0 |  806 |      0 |      0 |    0 |          0 |
+-----------------------------------------------------------------------+------------------------------------------------------------------------------+------------+------------+---------+------+------+--------+--------+------+------------+


