Copyright 1986-2022 Xilinx, Inc. All Rights Reserved. Copyright 2022-2023 Advanced Micro Devices, Inc. All Rights Reserved.
---------------------------------------------------------------------------------------------------------------------------------------------
| Tool Version : Vivado v.2023.1 (lin64) Build 3865809 Sun May  7 15:04:56 MDT 2023
| Date         : Tue Jul 22 18:28:02 2025
| Host         : coder-hftsoi-hls2 running 64-bit Ubuntu 20.04.6 LTS
| Command      : report_utilization -file vivado_synth.rpt -hierarchical -hierarchical_depth 1
| Design       : hls_dummy
| Device       : xcu250-figd2104-2L-e
| Speed File   : -2L
| Design State : Optimized
---------------------------------------------------------------------------------------------------------------------------------------------

Utilization Design Information

Table of Contents
-----------------
1. Utilization by Hierarchy

1. Utilization by Hierarchy
---------------------------

+-----------------------------------------------------------------------+------------------------------------------------------------------------------+------------+------------+---------+------+-------+--------+--------+------+------------+
|                                Instance                               |                                    Module                                    | Total LUTs | Logic LUTs | LUTRAMs | SRLs |  FFs  | RAMB36 | RAMB18 | URAM | DSP Blocks |
+-----------------------------------------------------------------------+------------------------------------------------------------------------------+------------+------------+---------+------+-------+--------+--------+------+------------+
| hls_dummy                                                             |                                                                        (top) |      67102 |      67102 |       0 |    0 | 13415 |      0 |      0 |    0 |          0 |
|   (hls_dummy)                                                         |                                                                        (top) |          0 |          0 |       0 |    0 |   100 |      0 |      0 |    0 |          0 |
|   Block_entry26_proc_U0                                               |                                                 hls_dummy_Block_entry26_proc |          0 |          0 |       0 |    0 |   320 |      0 |      0 |    0 |          0 |
|   sparse_arr_feat_conv1_out_10_U                                      |                                                       hls_dummy_fifo_w8_d2_S |         21 |         21 |       0 |    0 |    20 |      0 |      0 |    0 |          0 |
|   sparse_arr_feat_conv1_out_11_U                                      |                                                     hls_dummy_fifo_w8_d2_S_0 |         24 |         24 |       0 |    0 |    20 |      0 |      0 |    0 |          0 |
|   sparse_arr_feat_conv1_out_12_U                                      |                                                     hls_dummy_fifo_w8_d2_S_1 |         21 |         21 |       0 |    0 |    20 |      0 |      0 |    0 |          0 |
|   sparse_arr_feat_conv1_out_13_U                                      |                                                     hls_dummy_fifo_w8_d2_S_2 |         22 |         22 |       0 |    0 |    20 |      0 |      0 |    0 |          0 |
|   sparse_arr_feat_conv1_out_14_U                                      |                                                     hls_dummy_fifo_w8_d2_S_3 |         23 |         23 |       0 |    0 |    20 |      0 |      0 |    0 |          0 |
|   sparse_arr_feat_conv1_out_15_U                                      |                                                     hls_dummy_fifo_w8_d2_S_4 |         21 |         21 |       0 |    0 |    20 |      0 |      0 |    0 |          0 |
|   sparse_arr_feat_conv1_out_16_U                                      |                                                     hls_dummy_fifo_w8_d2_S_5 |         21 |         21 |       0 |    0 |    20 |      0 |      0 |    0 |          0 |
|   sparse_arr_feat_conv1_out_17_U                                      |                                                     hls_dummy_fifo_w8_d2_S_6 |         23 |         23 |       0 |    0 |    20 |      0 |      0 |    0 |          0 |
|   sparse_arr_feat_conv1_out_18_U                                      |                                                     hls_dummy_fifo_w8_d2_S_7 |         21 |         21 |       0 |    0 |    20 |      0 |      0 |    0 |          0 |
|   sparse_arr_feat_conv1_out_19_U                                      |                                                     hls_dummy_fifo_w8_d2_S_8 |         23 |         23 |       0 |    0 |    20 |      0 |      0 |    0 |          0 |
|   sparse_arr_feat_conv1_out_1_U                                       |                                                     hls_dummy_fifo_w8_d2_S_9 |         22 |         22 |       0 |    0 |    20 |      0 |      0 |    0 |          0 |
|   sparse_arr_feat_conv1_out_20_U                                      |                                                    hls_dummy_fifo_w8_d2_S_10 |         22 |         22 |       0 |    0 |    20 |      0 |      0 |    0 |          0 |
|   sparse_arr_feat_conv1_out_21_U                                      |                                                    hls_dummy_fifo_w8_d2_S_11 |         22 |         22 |       0 |    0 |    20 |      0 |      0 |    0 |          0 |
|   sparse_arr_feat_conv1_out_22_U                                      |                                                    hls_dummy_fifo_w8_d2_S_12 |         22 |         22 |       0 |    0 |    20 |      0 |      0 |    0 |          0 |
|   sparse_arr_feat_conv1_out_23_U                                      |                                                    hls_dummy_fifo_w8_d2_S_13 |         21 |         21 |       0 |    0 |    20 |      0 |      0 |    0 |          0 |
|   sparse_arr_feat_conv1_out_24_U                                      |                                                    hls_dummy_fifo_w8_d2_S_14 |         23 |         23 |       0 |    0 |    20 |      0 |      0 |    0 |          0 |
|   sparse_arr_feat_conv1_out_25_U                                      |                                                    hls_dummy_fifo_w8_d2_S_15 |         21 |         21 |       0 |    0 |    20 |      0 |      0 |    0 |          0 |
|   sparse_arr_feat_conv1_out_26_U                                      |                                                    hls_dummy_fifo_w8_d2_S_16 |         22 |         22 |       0 |    0 |    20 |      0 |      0 |    0 |          0 |
|   sparse_arr_feat_conv1_out_27_U                                      |                                                    hls_dummy_fifo_w8_d2_S_17 |         21 |         21 |       0 |    0 |    20 |      0 |      0 |    0 |          0 |
|   sparse_arr_feat_conv1_out_28_U                                      |                                                    hls_dummy_fifo_w8_d2_S_18 |         22 |         22 |       0 |    0 |    20 |      0 |      0 |    0 |          0 |
|   sparse_arr_feat_conv1_out_29_U                                      |                                                    hls_dummy_fifo_w8_d2_S_19 |         22 |         22 |       0 |    0 |    20 |      0 |      0 |    0 |          0 |
|   sparse_arr_feat_conv1_out_2_U                                       |                                                    hls_dummy_fifo_w8_d2_S_20 |         21 |         21 |       0 |    0 |    20 |      0 |      0 |    0 |          0 |
|   sparse_arr_feat_conv1_out_30_U                                      |                                                    hls_dummy_fifo_w8_d2_S_21 |         23 |         23 |       0 |    0 |    20 |      0 |      0 |    0 |          0 |
|   sparse_arr_feat_conv1_out_31_U                                      |                                                    hls_dummy_fifo_w8_d2_S_22 |         23 |         23 |       0 |    0 |    20 |      0 |      0 |    0 |          0 |
|   sparse_arr_feat_conv1_out_32_U                                      |                                                    hls_dummy_fifo_w8_d2_S_23 |         21 |         21 |       0 |    0 |    20 |      0 |      0 |    0 |          0 |
|   sparse_arr_feat_conv1_out_33_U                                      |                                                    hls_dummy_fifo_w8_d2_S_24 |         22 |         22 |       0 |    0 |    20 |      0 |      0 |    0 |          0 |
|   sparse_arr_feat_conv1_out_34_U                                      |                                                    hls_dummy_fifo_w8_d2_S_25 |         21 |         21 |       0 |    0 |    20 |      0 |      0 |    0 |          0 |
|   sparse_arr_feat_conv1_out_35_U                                      |                                                    hls_dummy_fifo_w8_d2_S_26 |         23 |         23 |       0 |    0 |    20 |      0 |      0 |    0 |          0 |
|   sparse_arr_feat_conv1_out_36_U                                      |                                                    hls_dummy_fifo_w8_d2_S_27 |         22 |         22 |       0 |    0 |    20 |      0 |      0 |    0 |          0 |
|   sparse_arr_feat_conv1_out_37_U                                      |                                                    hls_dummy_fifo_w8_d2_S_28 |         21 |         21 |       0 |    0 |    20 |      0 |      0 |    0 |          0 |
|   sparse_arr_feat_conv1_out_38_U                                      |                                                    hls_dummy_fifo_w8_d2_S_29 |         21 |         21 |       0 |    0 |    20 |      0 |      0 |    0 |          0 |
|   sparse_arr_feat_conv1_out_39_U                                      |                                                    hls_dummy_fifo_w8_d2_S_30 |         23 |         23 |       0 |    0 |    20 |      0 |      0 |    0 |          0 |
|   sparse_arr_feat_conv1_out_3_U                                       |                                                    hls_dummy_fifo_w8_d2_S_31 |         22 |         22 |       0 |    0 |    20 |      0 |      0 |    0 |          0 |
|   sparse_arr_feat_conv1_out_4_U                                       |                                                    hls_dummy_fifo_w8_d2_S_32 |         22 |         22 |       0 |    0 |    20 |      0 |      0 |    0 |          0 |
|   sparse_arr_feat_conv1_out_5_U                                       |                                                    hls_dummy_fifo_w8_d2_S_33 |         21 |         21 |       0 |    0 |    20 |      0 |      0 |    0 |          0 |
|   sparse_arr_feat_conv1_out_6_U                                       |                                                    hls_dummy_fifo_w8_d2_S_34 |         22 |         22 |       0 |    0 |    20 |      0 |      0 |    0 |          0 |
|   sparse_arr_feat_conv1_out_7_U                                       |                                                    hls_dummy_fifo_w8_d2_S_35 |         23 |         23 |       0 |    0 |    20 |      0 |      0 |    0 |          0 |
|   sparse_arr_feat_conv1_out_8_U                                       |                                                    hls_dummy_fifo_w8_d2_S_36 |         21 |         21 |       0 |    0 |    20 |      0 |      0 |    0 |          0 |
|   sparse_arr_feat_conv1_out_9_U                                       |                                                    hls_dummy_fifo_w8_d2_S_37 |         21 |         21 |       0 |    0 |    20 |      0 |      0 |    0 |          0 |
|   sparse_arr_feat_conv1_out_U                                         |                                                    hls_dummy_fifo_w8_d2_S_38 |         21 |         21 |       0 |    0 |    20 |      0 |      0 |    0 |          0 |
|   sparse_arr_feat_reduce_out_10_U                                     |                                                    hls_dummy_fifo_w8_d2_S_39 |       1056 |       1056 |       0 |    0 |    18 |      0 |      0 |    0 |          0 |
|   sparse_arr_feat_reduce_out_11_U                                     |                                                    hls_dummy_fifo_w8_d2_S_40 |       1045 |       1045 |       0 |    0 |    18 |      0 |      0 |    0 |          0 |
|   sparse_arr_feat_reduce_out_12_U                                     |                                                    hls_dummy_fifo_w8_d2_S_41 |       1009 |       1009 |       0 |    0 |    18 |      0 |      0 |    0 |          0 |
|   sparse_arr_feat_reduce_out_13_U                                     |                                                    hls_dummy_fifo_w8_d2_S_42 |        983 |        983 |       0 |    0 |    18 |      0 |      0 |    0 |          0 |
|   sparse_arr_feat_reduce_out_14_U                                     |                                                    hls_dummy_fifo_w8_d2_S_43 |        955 |        955 |       0 |    0 |    18 |      0 |      0 |    0 |          0 |
|   sparse_arr_feat_reduce_out_15_U                                     |                                                    hls_dummy_fifo_w8_d2_S_44 |        926 |        926 |       0 |    0 |    18 |      0 |      0 |    0 |          0 |
|   sparse_arr_feat_reduce_out_16_U                                     |                                                    hls_dummy_fifo_w8_d2_S_45 |        888 |        888 |       0 |    0 |    18 |      0 |      0 |    0 |          0 |
|   sparse_arr_feat_reduce_out_17_U                                     |                                                    hls_dummy_fifo_w8_d2_S_46 |        819 |        819 |       0 |    0 |    18 |      0 |      0 |    0 |          0 |
|   sparse_arr_feat_reduce_out_18_U                                     |                                                    hls_dummy_fifo_w8_d2_S_47 |        789 |        789 |       0 |    0 |    18 |      0 |      0 |    0 |          0 |
|   sparse_arr_feat_reduce_out_19_U                                     |                                                    hls_dummy_fifo_w8_d2_S_48 |        851 |        851 |       0 |    0 |    18 |      0 |      0 |    0 |          0 |
|   sparse_arr_feat_reduce_out_1_U                                      |                                                    hls_dummy_fifo_w8_d2_S_49 |       1247 |       1247 |       0 |    0 |    18 |      0 |      0 |    0 |          0 |
|   sparse_arr_feat_reduce_out_2_U                                      |                                                    hls_dummy_fifo_w8_d2_S_50 |       1214 |       1214 |       0 |    0 |    18 |      0 |      0 |    0 |          0 |
|   sparse_arr_feat_reduce_out_3_U                                      |                                                    hls_dummy_fifo_w8_d2_S_51 |       1159 |       1159 |       0 |    0 |    18 |      0 |      0 |    0 |          0 |
|   sparse_arr_feat_reduce_out_4_U                                      |                                                    hls_dummy_fifo_w8_d2_S_52 |       1166 |       1166 |       0 |    0 |    18 |      0 |      0 |    0 |          0 |
|   sparse_arr_feat_reduce_out_5_U                                      |                                                    hls_dummy_fifo_w8_d2_S_53 |       1119 |       1119 |       0 |    0 |    18 |      0 |      0 |    0 |          0 |
|   sparse_arr_feat_reduce_out_6_U                                      |                                                    hls_dummy_fifo_w8_d2_S_54 |       1095 |       1095 |       0 |    0 |    18 |      0 |      0 |    0 |          0 |
|   sparse_arr_feat_reduce_out_7_U                                      |                                                    hls_dummy_fifo_w8_d2_S_55 |       1061 |       1061 |       0 |    0 |    18 |      0 |      0 |    0 |          0 |
|   sparse_arr_feat_reduce_out_8_U                                      |                                                    hls_dummy_fifo_w8_d2_S_56 |       1092 |       1092 |       0 |    0 |    18 |      0 |      0 |    0 |          0 |
|   sparse_arr_feat_reduce_out_9_U                                      |                                                    hls_dummy_fifo_w8_d2_S_57 |       1071 |       1071 |       0 |    0 |    18 |      0 |      0 |    0 |          0 |
|   sparse_arr_feat_reduce_out_U                                        |                                                    hls_dummy_fifo_w8_d2_S_58 |       1187 |       1187 |       0 |    0 |    18 |      0 |      0 |    0 |          0 |
|   sparse_arr_hash_reduce_out_10_U                                     |                                                       hls_dummy_fifo_w4_d2_S |        208 |        208 |       0 |    0 |    12 |      0 |      0 |    0 |          0 |
|   sparse_arr_hash_reduce_out_11_U                                     |                                                    hls_dummy_fifo_w4_d2_S_59 |        223 |        223 |       0 |    0 |    12 |      0 |      0 |    0 |          0 |
|   sparse_arr_hash_reduce_out_12_U                                     |                                                    hls_dummy_fifo_w4_d2_S_60 |        259 |        259 |       0 |    0 |    12 |      0 |      0 |    0 |          0 |
|   sparse_arr_hash_reduce_out_13_U                                     |                                                    hls_dummy_fifo_w4_d2_S_61 |        219 |        219 |       0 |    0 |    12 |      0 |      0 |    0 |          0 |
|   sparse_arr_hash_reduce_out_14_U                                     |                                                    hls_dummy_fifo_w4_d2_S_62 |        194 |        194 |       0 |    0 |    12 |      0 |      0 |    0 |          0 |
|   sparse_arr_hash_reduce_out_15_U                                     |                                                    hls_dummy_fifo_w4_d2_S_63 |        220 |        220 |       0 |    0 |    12 |      0 |      0 |    0 |          0 |
|   sparse_arr_hash_reduce_out_16_U                                     |                                                    hls_dummy_fifo_w4_d2_S_64 |        260 |        260 |       0 |    0 |    12 |      0 |      0 |    0 |          0 |
|   sparse_arr_hash_reduce_out_17_U                                     |                                                    hls_dummy_fifo_w4_d2_S_65 |        217 |        217 |       0 |    0 |    12 |      0 |      0 |    0 |          0 |
|   sparse_arr_hash_reduce_out_18_U                                     |                                                    hls_dummy_fifo_w4_d2_S_66 |        216 |        216 |       0 |    0 |    12 |      0 |      0 |    0 |          0 |
|   sparse_arr_hash_reduce_out_19_U                                     |                                                    hls_dummy_fifo_w4_d2_S_67 |        221 |        221 |       0 |    0 |    12 |      0 |      0 |    0 |          0 |
|   sparse_arr_hash_reduce_out_1_U                                      |                                                    hls_dummy_fifo_w4_d2_S_68 |        215 |        215 |       0 |    0 |    12 |      0 |      0 |    0 |          0 |
|   sparse_arr_hash_reduce_out_20_U                                     |                                                    hls_dummy_fifo_w4_d2_S_69 |        230 |        230 |       0 |    0 |    12 |      0 |      0 |    0 |          0 |
|   sparse_arr_hash_reduce_out_21_U                                     |                                                    hls_dummy_fifo_w4_d2_S_70 |        214 |        214 |       0 |    0 |    12 |      0 |      0 |    0 |          0 |
|   sparse_arr_hash_reduce_out_22_U                                     |                                                    hls_dummy_fifo_w4_d2_S_71 |        204 |        204 |       0 |    0 |    12 |      0 |      0 |    0 |          0 |
|   sparse_arr_hash_reduce_out_23_U                                     |                                                    hls_dummy_fifo_w4_d2_S_72 |        202 |        202 |       0 |    0 |    12 |      0 |      0 |    0 |          0 |
|   sparse_arr_hash_reduce_out_24_U                                     |                                                    hls_dummy_fifo_w4_d2_S_73 |        226 |        226 |       0 |    0 |    12 |      0 |      0 |    0 |          0 |
|   sparse_arr_hash_reduce_out_25_U                                     |                                                    hls_dummy_fifo_w4_d2_S_74 |        212 |        212 |       0 |    0 |    12 |      0 |      0 |    0 |          0 |
|   sparse_arr_hash_reduce_out_26_U                                     |                                                    hls_dummy_fifo_w4_d2_S_75 |        216 |        216 |       0 |    0 |    12 |      0 |      0 |    0 |          0 |
|   sparse_arr_hash_reduce_out_27_U                                     |                                                    hls_dummy_fifo_w4_d2_S_76 |        224 |        224 |       0 |    0 |    12 |      0 |      0 |    0 |          0 |
|   sparse_arr_hash_reduce_out_28_U                                     |                                                    hls_dummy_fifo_w4_d2_S_77 |        224 |        224 |       0 |    0 |    12 |      0 |      0 |    0 |          0 |
|   sparse_arr_hash_reduce_out_29_U                                     |                                                    hls_dummy_fifo_w4_d2_S_78 |        189 |        189 |       0 |    0 |    12 |      0 |      0 |    0 |          0 |
|   sparse_arr_hash_reduce_out_2_U                                      |                                                    hls_dummy_fifo_w4_d2_S_79 |        176 |        176 |       0 |    0 |    12 |      0 |      0 |    0 |          0 |
|   sparse_arr_hash_reduce_out_30_U                                     |                                                    hls_dummy_fifo_w4_d2_S_80 |        225 |        225 |       0 |    0 |    12 |      0 |      0 |    0 |          0 |
|   sparse_arr_hash_reduce_out_31_U                                     |                                                    hls_dummy_fifo_w4_d2_S_81 |        196 |        196 |       0 |    0 |    12 |      0 |      0 |    0 |          0 |
|   sparse_arr_hash_reduce_out_32_U                                     |                                                    hls_dummy_fifo_w4_d2_S_82 |        198 |        198 |       0 |    0 |    12 |      0 |      0 |    0 |          0 |
|   sparse_arr_hash_reduce_out_33_U                                     |                                                    hls_dummy_fifo_w4_d2_S_83 |        198 |        198 |       0 |    0 |    12 |      0 |      0 |    0 |          0 |
|   sparse_arr_hash_reduce_out_34_U                                     |                                                    hls_dummy_fifo_w4_d2_S_84 |        264 |        264 |       0 |    0 |    12 |      0 |      0 |    0 |          0 |
|   sparse_arr_hash_reduce_out_35_U                                     |                                                    hls_dummy_fifo_w4_d2_S_85 |        184 |        184 |       0 |    0 |    12 |      0 |      0 |    0 |          0 |
|   sparse_arr_hash_reduce_out_36_U                                     |                                                    hls_dummy_fifo_w4_d2_S_86 |        252 |        252 |       0 |    0 |    12 |      0 |      0 |    0 |          0 |
|   sparse_arr_hash_reduce_out_37_U                                     |                                                    hls_dummy_fifo_w4_d2_S_87 |        180 |        180 |       0 |    0 |    12 |      0 |      0 |    0 |          0 |
|   sparse_arr_hash_reduce_out_38_U                                     |                                                    hls_dummy_fifo_w4_d2_S_88 |        244 |        244 |       0 |    0 |    12 |      0 |      0 |    0 |          0 |
|   sparse_arr_hash_reduce_out_39_U                                     |                                                    hls_dummy_fifo_w4_d2_S_89 |        193 |        193 |       0 |    0 |    12 |      0 |      0 |    0 |          0 |
|   sparse_arr_hash_reduce_out_3_U                                      |                                                    hls_dummy_fifo_w4_d2_S_90 |        250 |        250 |       0 |    0 |    12 |      0 |      0 |    0 |          0 |
|   sparse_arr_hash_reduce_out_4_U                                      |                                                    hls_dummy_fifo_w4_d2_S_91 |        234 |        234 |       0 |    0 |    12 |      0 |      0 |    0 |          0 |
|   sparse_arr_hash_reduce_out_5_U                                      |                                                    hls_dummy_fifo_w4_d2_S_92 |        203 |        203 |       0 |    0 |    12 |      0 |      0 |    0 |          0 |
|   sparse_arr_hash_reduce_out_6_U                                      |                                                    hls_dummy_fifo_w4_d2_S_93 |        194 |        194 |       0 |    0 |    12 |      0 |      0 |    0 |          0 |
|   sparse_arr_hash_reduce_out_7_U                                      |                                                    hls_dummy_fifo_w4_d2_S_94 |        235 |        235 |       0 |    0 |    12 |      0 |      0 |    0 |          0 |
|   sparse_arr_hash_reduce_out_8_U                                      |                                                    hls_dummy_fifo_w4_d2_S_95 |        264 |        264 |       0 |    0 |    12 |      0 |      0 |    0 |          0 |
|   sparse_arr_hash_reduce_out_9_U                                      |                                                    hls_dummy_fifo_w4_d2_S_96 |        218 |        218 |       0 |    0 |    12 |      0 |      0 |    0 |          0 |
|   sparse_arr_hash_reduce_out_U                                        |                                                    hls_dummy_fifo_w4_d2_S_97 |        193 |        193 |       0 |    0 |    12 |      0 |      0 |    0 |          0 |
|   sparse_conv_ap_fixed_ap_fixed_ap_uint_ap_fixed_ap_fixed_20_1_2_5_U0 | hls_dummy_sparse_conv_ap_fixed_ap_fixed_ap_uint_ap_fixed_ap_fixed_20_1_2_5_s |      39311 |      39311 |       0 |    0 |  9943 |      0 |      0 |    0 |          0 |
|   sparse_input_reduce_ap_fixed_8_2_5_3_0_ap_uint_10_10_10_1_20_4_U0   |     hls_dummy_sparse_input_reduce_ap_fixed_8_2_5_3_0_ap_uint_10_10_10_1_20_4 |       2387 |       2387 |       0 |    0 |  1412 |      0 |      0 |    0 |          0 |
+-----------------------------------------------------------------------+------------------------------------------------------------------------------+------------+------------+---------+------+-------+--------+--------+------+------------+


