

================================================================
== Vitis HLS Report for 'sparse_input_reduce_ap_fixed_8_2_5_3_0_ap_uint_10_10_6_1_10_4'
================================================================
* Date:           Wed Jul 23 19:20:29 2025

* Version:        2023.1 (Build 3854077 on May  4 2023)
* Project:        hls_dummy_prj
* Solution:       solution1 (Vivado IP Flow Target)
* Product family: virtexuplus
* Target device:  xcu250-figd2104-2L-e


================================================================
== Performance Estimates
================================================================
+ Timing: 
    * Summary: 
    +--------+---------+----------+------------+
    |  Clock |  Target | Estimated| Uncertainty|
    +--------+---------+----------+------------+
    |ap_clk  |  5.00 ns|  3.039 ns|     1.35 ns|
    +--------+---------+----------+------------+

+ Latency: 
    * Summary: 
    +---------+---------+----------+----------+-----+-----+---------+
    |  Latency (cycles) |  Latency (absolute) |  Interval | Pipeline|
    |   min   |   max   |    min   |    max   | min | max |   Type  |
    +---------+---------+----------+----------+-----+-----+---------+
    |       23|       23|  0.115 us|  0.115 us|   23|   23|       no|
    +---------+---------+----------+----------+-----+-----+---------+

    + Detail: 
        * Instance: 
        +-------------------------------+------------+---------+---------+----------+----------+-----+-----+---------+
        |                               |            |  Latency (cycles) |  Latency (absolute) |  Interval | Pipeline|
        |            Instance           |   Module   |   min   |   max   |    min   |    max   | min | max |   Type  |
        +-------------------------------+------------+---------+---------+----------+----------+-----+-----+---------+
        |grp_operator_s_fu_1030         |operator_s  |        0|        0|      0 ns|      0 ns|    1|    1|      yes|
        |grp_operator_s_fu_1040         |operator_s  |        0|        0|      0 ns|      0 ns|    1|    1|      yes|
        |grp_operator_s_fu_1050         |operator_s  |        0|        0|      0 ns|      0 ns|    1|    1|      yes|
        |grp_operator_s_fu_1058         |operator_s  |        0|        0|      0 ns|      0 ns|    1|    1|      yes|
        |grp_operator_s_fu_1068         |operator_s  |        0|        0|      0 ns|      0 ns|    1|    1|      yes|
        |grp_operator_s_fu_1078         |operator_s  |        0|        0|      0 ns|      0 ns|    1|    1|      yes|
        |grp_operator_s_fu_1086         |operator_s  |        0|        0|      0 ns|      0 ns|    1|    1|      yes|
        |grp_operator_s_fu_1096         |operator_s  |        0|        0|      0 ns|      0 ns|    1|    1|      yes|
        |grp_operator_s_fu_1106         |operator_s  |        0|        0|      0 ns|      0 ns|    1|    1|      yes|
        |grp_operator_s_fu_1114         |operator_s  |        0|        0|      0 ns|      0 ns|    1|    1|      yes|
        |grp_operator_s_fu_1124         |operator_s  |        0|        0|      0 ns|      0 ns|    1|    1|      yes|
        |grp_operator_s_fu_1134         |operator_s  |        0|        0|      0 ns|      0 ns|    1|    1|      yes|
        |grp_operator_s_fu_1142         |operator_s  |        0|        0|      0 ns|      0 ns|    1|    1|      yes|
        |grp_operator_s_fu_1152         |operator_s  |        0|        0|      0 ns|      0 ns|    1|    1|      yes|
        |grp_operator_s_fu_1162         |operator_s  |        0|        0|      0 ns|      0 ns|    1|    1|      yes|
        |call_ret19_operator_s_fu_1170  |operator_s  |        0|        0|      0 ns|      0 ns|    1|    1|      yes|
        |call_ret20_operator_s_fu_1180  |operator_s  |        0|        0|      0 ns|      0 ns|    1|    1|      yes|
        |call_ret21_operator_s_fu_1190  |operator_s  |        0|        0|      0 ns|      0 ns|    1|    1|      yes|
        |call_ret23_operator_s_fu_1198  |operator_s  |        0|        0|      0 ns|      0 ns|    1|    1|      yes|
        |call_ret24_operator_s_fu_1208  |operator_s  |        0|        0|      0 ns|      0 ns|    1|    1|      yes|
        |call_ret25_operator_s_fu_1218  |operator_s  |        0|        0|      0 ns|      0 ns|    1|    1|      yes|
        |call_ret26_operator_s_fu_1226  |operator_s  |        0|        0|      0 ns|      0 ns|    1|    1|      yes|
        |call_ret27_operator_s_fu_1236  |operator_s  |        0|        0|      0 ns|      0 ns|    1|    1|      yes|
        |call_ret28_operator_s_fu_1246  |operator_s  |        0|        0|      0 ns|      0 ns|    1|    1|      yes|
        |call_ret32_operator_s_fu_1254  |operator_s  |        0|        0|      0 ns|      0 ns|    1|    1|      yes|
        |call_ret33_operator_s_fu_1264  |operator_s  |        0|        0|      0 ns|      0 ns|    1|    1|      yes|
        |call_ret34_operator_s_fu_1274  |operator_s  |        0|        0|      0 ns|      0 ns|    1|    1|      yes|
        |call_ret35_operator_s_fu_1282  |operator_s  |        0|        0|      0 ns|      0 ns|    1|    1|      yes|
        |call_ret36_operator_s_fu_1292  |operator_s  |        0|        0|      0 ns|      0 ns|    1|    1|      yes|
        |call_ret37_operator_s_fu_1302  |operator_s  |        0|        0|      0 ns|      0 ns|    1|    1|      yes|
        |call_ret39_operator_s_fu_1310  |operator_s  |        0|        0|      0 ns|      0 ns|    1|    1|      yes|
        |call_ret40_operator_s_fu_1320  |operator_s  |        0|        0|      0 ns|      0 ns|    1|    1|      yes|
        |call_ret41_operator_s_fu_1330  |operator_s  |        0|        0|      0 ns|      0 ns|    1|    1|      yes|
        |call_ret42_operator_s_fu_1338  |operator_s  |        0|        0|      0 ns|      0 ns|    1|    1|      yes|
        |call_ret43_operator_s_fu_1348  |operator_s  |        0|        0|      0 ns|      0 ns|    1|    1|      yes|
        |call_ret44_operator_s_fu_1358  |operator_s  |        0|        0|      0 ns|      0 ns|    1|    1|      yes|
        |call_ret47_operator_s_fu_1366  |operator_s  |        0|        0|      0 ns|      0 ns|    1|    1|      yes|
        |call_ret48_operator_s_fu_1376  |operator_s  |        0|        0|      0 ns|      0 ns|    1|    1|      yes|
        |call_ret49_operator_s_fu_1386  |operator_s  |        0|        0|      0 ns|      0 ns|    1|    1|      yes|
        |call_ret50_operator_s_fu_1394  |operator_s  |        0|        0|      0 ns|      0 ns|    1|    1|      yes|
        |call_ret51_operator_s_fu_1404  |operator_s  |        0|        0|      0 ns|      0 ns|    1|    1|      yes|
        |call_ret52_operator_s_fu_1414  |operator_s  |        0|        0|      0 ns|      0 ns|    1|    1|      yes|
        |call_ret58_operator_s_fu_1426  |operator_s  |        0|        0|      0 ns|      0 ns|    1|    1|      yes|
        |call_ret_operator_s_fu_1434    |operator_s  |        0|        0|      0 ns|      0 ns|    1|    1|      yes|
        +-------------------------------+------------+---------+---------+----------+----------+-----+-----+---------+

        * Loop: 
        +-----------------+---------+---------+----------+-----------+-----------+------+----------+
        |                 |  Latency (cycles) | Iteration|  Initiation Interval  | Trip |          |
        |    Loop Name    |   min   |   max   |  Latency |  achieved |   target  | Count| Pipelined|
        +-----------------+---------+---------+----------+-----------+-----------+------+----------+
        |- MaxPixelsLoop  |       21|       21|         3|          2|          1|    10|       yes|
        +-----------------+---------+---------+----------+-----------+-----------+------+----------+



================================================================
== Utilization Estimates
================================================================
* Summary: 
+---------------------+---------+-------+---------+---------+------+
|         Name        | BRAM_18K|  DSP  |    FF   |   LUT   | URAM |
+---------------------+---------+-------+---------+---------+------+
|DSP                  |        -|      -|        -|        -|     -|
|Expression           |        -|      -|        0|       34|     -|
|FIFO                 |        -|      -|        -|        -|     -|
|Instance             |        -|      -|        0|     3506|     -|
|Memory               |        -|      -|        -|        -|     -|
|Multiplexer          |        -|      -|        -|     1811|     -|
|Register             |        -|      -|      956|        -|     -|
+---------------------+---------+-------+---------+---------+------+
|Total                |        0|      0|      956|     5351|     0|
+---------------------+---------+-------+---------+---------+------+
|Available SLR        |     1344|   3072|   864000|   432000|   320|
+---------------------+---------+-------+---------+---------+------+
|Utilization SLR (%)  |        0|      0|       ~0|        1|     0|
+---------------------+---------+-------+---------+---------+------+
|Available            |     5376|  12288|  3456000|  1728000|  1280|
+---------------------+---------+-------+---------+---------+------+
|Utilization (%)      |        0|      0|       ~0|       ~0|     0|
+---------------------+---------+-------+---------+---------+------+

+ Detail: 
    * Instance: 
    +-------------------------------+----------------+---------+----+---+-----+-----+
    |            Instance           |     Module     | BRAM_18K| DSP| FF| LUT | URAM|
    +-------------------------------+----------------+---------+----+---+-----+-----+
    |mux_60_6_3_1_1_U5              |mux_60_6_3_1_1  |        0|   0|  0|  257|    0|
    |mux_60_6_3_1_1_U6              |mux_60_6_3_1_1  |        0|   0|  0|  257|    0|
    |grp_operator_s_fu_1030         |operator_s      |        0|   0|  0|   68|    0|
    |grp_operator_s_fu_1040         |operator_s      |        0|   0|  0|   68|    0|
    |grp_operator_s_fu_1050         |operator_s      |        0|   0|  0|   68|    0|
    |grp_operator_s_fu_1058         |operator_s      |        0|   0|  0|   68|    0|
    |grp_operator_s_fu_1068         |operator_s      |        0|   0|  0|   68|    0|
    |grp_operator_s_fu_1078         |operator_s      |        0|   0|  0|   68|    0|
    |grp_operator_s_fu_1086         |operator_s      |        0|   0|  0|   68|    0|
    |grp_operator_s_fu_1096         |operator_s      |        0|   0|  0|   68|    0|
    |grp_operator_s_fu_1106         |operator_s      |        0|   0|  0|   68|    0|
    |grp_operator_s_fu_1114         |operator_s      |        0|   0|  0|   68|    0|
    |grp_operator_s_fu_1124         |operator_s      |        0|   0|  0|   68|    0|
    |grp_operator_s_fu_1134         |operator_s      |        0|   0|  0|   68|    0|
    |grp_operator_s_fu_1142         |operator_s      |        0|   0|  0|   68|    0|
    |grp_operator_s_fu_1152         |operator_s      |        0|   0|  0|   68|    0|
    |grp_operator_s_fu_1162         |operator_s      |        0|   0|  0|   68|    0|
    |call_ret19_operator_s_fu_1170  |operator_s      |        0|   0|  0|   68|    0|
    |call_ret20_operator_s_fu_1180  |operator_s      |        0|   0|  0|   68|    0|
    |call_ret21_operator_s_fu_1190  |operator_s      |        0|   0|  0|   68|    0|
    |call_ret23_operator_s_fu_1198  |operator_s      |        0|   0|  0|   68|    0|
    |call_ret24_operator_s_fu_1208  |operator_s      |        0|   0|  0|   68|    0|
    |call_ret25_operator_s_fu_1218  |operator_s      |        0|   0|  0|   68|    0|
    |call_ret26_operator_s_fu_1226  |operator_s      |        0|   0|  0|   68|    0|
    |call_ret27_operator_s_fu_1236  |operator_s      |        0|   0|  0|   68|    0|
    |call_ret28_operator_s_fu_1246  |operator_s      |        0|   0|  0|   68|    0|
    |call_ret32_operator_s_fu_1254  |operator_s      |        0|   0|  0|   68|    0|
    |call_ret33_operator_s_fu_1264  |operator_s      |        0|   0|  0|   68|    0|
    |call_ret34_operator_s_fu_1274  |operator_s      |        0|   0|  0|   68|    0|
    |call_ret35_operator_s_fu_1282  |operator_s      |        0|   0|  0|   68|    0|
    |call_ret36_operator_s_fu_1292  |operator_s      |        0|   0|  0|   68|    0|
    |call_ret37_operator_s_fu_1302  |operator_s      |        0|   0|  0|   68|    0|
    |call_ret39_operator_s_fu_1310  |operator_s      |        0|   0|  0|   68|    0|
    |call_ret40_operator_s_fu_1320  |operator_s      |        0|   0|  0|   68|    0|
    |call_ret41_operator_s_fu_1330  |operator_s      |        0|   0|  0|   68|    0|
    |call_ret42_operator_s_fu_1338  |operator_s      |        0|   0|  0|   68|    0|
    |call_ret43_operator_s_fu_1348  |operator_s      |        0|   0|  0|   68|    0|
    |call_ret44_operator_s_fu_1358  |operator_s      |        0|   0|  0|   68|    0|
    |call_ret47_operator_s_fu_1366  |operator_s      |        0|   0|  0|   68|    0|
    |call_ret48_operator_s_fu_1376  |operator_s      |        0|   0|  0|   68|    0|
    |call_ret49_operator_s_fu_1386  |operator_s      |        0|   0|  0|   68|    0|
    |call_ret50_operator_s_fu_1394  |operator_s      |        0|   0|  0|   68|    0|
    |call_ret51_operator_s_fu_1404  |operator_s      |        0|   0|  0|   68|    0|
    |call_ret52_operator_s_fu_1414  |operator_s      |        0|   0|  0|   68|    0|
    |call_ret58_operator_s_fu_1426  |operator_s      |        0|   0|  0|   68|    0|
    |call_ret_operator_s_fu_1434    |operator_s      |        0|   0|  0|   68|    0|
    +-------------------------------+----------------+---------+----+---+-----+-----+
    |Total                          |                |        0|   0|  0| 3506|    0|
    +-------------------------------+----------------+---------+----+---+-----+-----+

    * DSP: 
    N/A

    * Memory: 
    N/A

    * FIFO: 
    N/A

    * Expression: 
    +-------------------------+----------+----+---+----+------------+------------+
    |      Variable Name      | Operation| DSP| FF| LUT| Bitwidth P0| Bitwidth P1|
    +-------------------------+----------+----+---+----+------------+------------+
    |add_ln94_fu_2992_p2      |         +|   0|  0|  12|           4|           1|
    |ap_condition_4182        |       and|   0|  0|   2|           1|           1|
    |ap_condition_4186        |       and|   0|  0|   2|           1|           1|
    |icmp_ln94_fu_2510_p2     |      icmp|   0|  0|  12|           4|           4|
    |ap_block_state1          |        or|   0|  0|   2|           1|           1|
    |ap_enable_pp0            |       xor|   0|  0|   2|           1|           2|
    |ap_enable_reg_pp0_iter1  |       xor|   0|  0|   2|           2|           1|
    +-------------------------+----------+----+---+----+------------+------------+
    |Total                    |          |   0|  0|  34|          14|          11|
    +-------------------------+----------+----+---+----+------------+------------+

    * Multiplexer: 
    +-----------------------------------------+----+-----------+-----+-----------+
    |                   Name                  | LUT| Input Size| Bits| Total Bits|
    +-----------------------------------------+----+-----------+-----+-----------+
    |ap_NS_fsm                                |  26|          5|    1|          5|
    |ap_done                                  |   9|          2|    1|          2|
    |ap_enable_reg_pp0_iter1                  |  14|          3|    1|          3|
    |ap_sig_allocacmp_pair_arr_value_10_load  |   9|          2|    8|         16|
    |ap_sig_allocacmp_pair_arr_value_11_load  |   9|          2|    8|         16|
    |ap_sig_allocacmp_pair_arr_value_12_load  |   9|          2|    8|         16|
    |ap_sig_allocacmp_pair_arr_value_13_load  |   9|          2|    8|         16|
    |ap_sig_allocacmp_pair_arr_value_14_load  |   9|          2|    8|         16|
    |ap_sig_allocacmp_pair_arr_value_15_load  |   9|          2|    8|         16|
    |ap_sig_allocacmp_pair_arr_value_16_load  |   9|          2|    8|         16|
    |ap_sig_allocacmp_pair_arr_value_17_load  |   9|          2|    8|         16|
    |ap_sig_allocacmp_pair_arr_value_18_load  |   9|          2|    8|         16|
    |ap_sig_allocacmp_pair_arr_value_19_load  |   9|          2|    8|         16|
    |ap_sig_allocacmp_pair_arr_value_1_load   |   9|          2|    8|         16|
    |ap_sig_allocacmp_pair_arr_value_20_load  |   9|          2|    8|         16|
    |ap_sig_allocacmp_pair_arr_value_21_load  |   9|          2|    8|         16|
    |ap_sig_allocacmp_pair_arr_value_22_load  |   9|          2|    8|         16|
    |ap_sig_allocacmp_pair_arr_value_23_load  |   9|          2|    8|         16|
    |ap_sig_allocacmp_pair_arr_value_24_load  |   9|          2|    8|         16|
    |ap_sig_allocacmp_pair_arr_value_25_load  |   9|          2|    8|         16|
    |ap_sig_allocacmp_pair_arr_value_26_load  |   9|          2|    8|         16|
    |ap_sig_allocacmp_pair_arr_value_27_load  |   9|          2|    8|         16|
    |ap_sig_allocacmp_pair_arr_value_28_load  |   9|          2|    8|         16|
    |ap_sig_allocacmp_pair_arr_value_29_load  |   9|          2|    8|         16|
    |ap_sig_allocacmp_pair_arr_value_2_load   |   9|          2|    8|         16|
    |ap_sig_allocacmp_pair_arr_value_30_load  |   9|          2|    8|         16|
    |ap_sig_allocacmp_pair_arr_value_31_load  |   9|          2|    8|         16|
    |ap_sig_allocacmp_pair_arr_value_32_load  |   9|          2|    8|         16|
    |ap_sig_allocacmp_pair_arr_value_33_load  |   9|          2|    8|         16|
    |ap_sig_allocacmp_pair_arr_value_34_load  |   9|          2|    8|         16|
    |ap_sig_allocacmp_pair_arr_value_35_load  |   9|          2|    8|         16|
    |ap_sig_allocacmp_pair_arr_value_36_load  |   9|          2|    8|         16|
    |ap_sig_allocacmp_pair_arr_value_37_load  |   9|          2|    8|         16|
    |ap_sig_allocacmp_pair_arr_value_38_load  |   9|          2|    8|         16|
    |ap_sig_allocacmp_pair_arr_value_39_load  |   9|          2|    8|         16|
    |ap_sig_allocacmp_pair_arr_value_3_load   |   9|          2|    8|         16|
    |ap_sig_allocacmp_pair_arr_value_40_load  |   9|          2|    8|         16|
    |ap_sig_allocacmp_pair_arr_value_41_load  |   9|          2|    8|         16|
    |ap_sig_allocacmp_pair_arr_value_42_load  |   9|          2|    8|         16|
    |ap_sig_allocacmp_pair_arr_value_43_load  |   9|          2|    8|         16|
    |ap_sig_allocacmp_pair_arr_value_44_load  |   9|          2|    8|         16|
    |ap_sig_allocacmp_pair_arr_value_45_load  |   9|          2|    8|         16|
    |ap_sig_allocacmp_pair_arr_value_46_load  |   9|          2|    8|         16|
    |ap_sig_allocacmp_pair_arr_value_47_load  |   9|          2|    8|         16|
    |ap_sig_allocacmp_pair_arr_value_48_load  |   9|          2|    8|         16|
    |ap_sig_allocacmp_pair_arr_value_49_load  |   9|          2|    8|         16|
    |ap_sig_allocacmp_pair_arr_value_4_load   |   9|          2|    8|         16|
    |ap_sig_allocacmp_pair_arr_value_50_load  |   9|          2|    8|         16|
    |ap_sig_allocacmp_pair_arr_value_51_load  |   9|          2|    8|         16|
    |ap_sig_allocacmp_pair_arr_value_52_load  |   9|          2|    8|         16|
    |ap_sig_allocacmp_pair_arr_value_53_load  |   9|          2|    8|         16|
    |ap_sig_allocacmp_pair_arr_value_54_load  |   9|          2|    8|         16|
    |ap_sig_allocacmp_pair_arr_value_55_load  |   9|          2|    8|         16|
    |ap_sig_allocacmp_pair_arr_value_5_load   |   9|          2|    8|         16|
    |ap_sig_allocacmp_pair_arr_value_6_load   |   9|          2|    8|         16|
    |ap_sig_allocacmp_pair_arr_value_7_load   |   9|          2|    8|         16|
    |ap_sig_allocacmp_pair_arr_value_8_load   |   9|          2|    8|         16|
    |ap_sig_allocacmp_pair_arr_value_9_load   |   9|          2|    8|         16|
    |ap_sig_allocacmp_pair_arr_value_load     |   9|          2|    8|         16|
    |grp_operator_s_fu_1030_a_0_val           |  14|          3|    8|         24|
    |grp_operator_s_fu_1030_a_1_val           |  14|          3|   12|         36|
    |grp_operator_s_fu_1030_b_0_val           |  14|          3|    8|         24|
    |grp_operator_s_fu_1030_b_1_val           |  14|          3|   12|         36|
    |grp_operator_s_fu_1040_a_0_val           |  14|          3|    8|         24|
    |grp_operator_s_fu_1040_a_1_val           |  14|          3|   12|         36|
    |grp_operator_s_fu_1040_b_0_val           |  14|          3|    8|         24|
    |grp_operator_s_fu_1040_b_1_val           |  14|          3|   12|         36|
    |grp_operator_s_fu_1058_a_0_val           |  14|          3|    8|         24|
    |grp_operator_s_fu_1058_a_1_val           |  14|          3|   12|         36|
    |grp_operator_s_fu_1058_b_0_val           |  14|          3|    8|         24|
    |grp_operator_s_fu_1058_b_1_val           |  14|          3|   12|         36|
    |grp_operator_s_fu_1068_a_0_val           |  14|          3|    8|         24|
    |grp_operator_s_fu_1068_a_1_val           |  14|          3|   12|         36|
    |grp_operator_s_fu_1068_b_0_val           |  14|          3|    8|         24|
    |grp_operator_s_fu_1068_b_1_val           |  14|          3|   12|         36|
    |grp_operator_s_fu_1086_a_0_val           |  14|          3|    8|         24|
    |grp_operator_s_fu_1086_a_1_val           |  14|          3|   12|         36|
    |grp_operator_s_fu_1086_b_0_val           |  14|          3|    8|         24|
    |grp_operator_s_fu_1086_b_1_val           |  14|          3|   12|         36|
    |grp_operator_s_fu_1096_a_0_val           |  14|          3|    8|         24|
    |grp_operator_s_fu_1096_a_1_val           |  14|          3|   12|         36|
    |grp_operator_s_fu_1096_b_0_val           |  14|          3|    8|         24|
    |grp_operator_s_fu_1096_b_1_val           |  14|          3|   12|         36|
    |grp_operator_s_fu_1106_a_0_val           |  14|          3|    8|         24|
    |grp_operator_s_fu_1106_a_1_val           |  14|          3|   12|         36|
    |grp_operator_s_fu_1106_b_0_val           |  14|          3|    8|         24|
    |grp_operator_s_fu_1106_b_1_val           |  14|          3|   12|         36|
    |grp_operator_s_fu_1114_a_0_val           |  14|          3|    8|         24|
    |grp_operator_s_fu_1114_a_1_val           |  14|          3|   12|         36|
    |grp_operator_s_fu_1114_b_0_val           |  14|          3|    8|         24|
    |grp_operator_s_fu_1114_b_1_val           |  14|          3|   12|         36|
    |grp_operator_s_fu_1124_a_0_val           |  14|          3|    8|         24|
    |grp_operator_s_fu_1124_a_1_val           |  14|          3|   12|         36|
    |grp_operator_s_fu_1124_b_0_val           |  14|          3|    8|         24|
    |grp_operator_s_fu_1124_b_1_val           |  14|          3|   12|         36|
    |grp_operator_s_fu_1134_a_0_val           |  14|          3|    8|         24|
    |grp_operator_s_fu_1134_a_1_val           |  14|          3|   12|         36|
    |grp_operator_s_fu_1134_b_0_val           |  14|          3|    8|         24|
    |grp_operator_s_fu_1134_b_1_val           |  14|          3|   12|         36|
    |grp_operator_s_fu_1142_a_0_val           |  14|          3|    8|         24|
    |grp_operator_s_fu_1142_a_1_val           |  14|          3|   12|         36|
    |grp_operator_s_fu_1142_b_0_val           |  14|          3|    8|         24|
    |grp_operator_s_fu_1142_b_1_val           |  14|          3|   12|         36|
    |grp_operator_s_fu_1152_a_0_val           |  14|          3|    8|         24|
    |grp_operator_s_fu_1152_a_1_val           |  14|          3|   12|         36|
    |grp_operator_s_fu_1152_b_0_val           |  14|          3|    8|         24|
    |grp_operator_s_fu_1152_b_1_val           |  14|          3|   12|         36|
    |grp_operator_s_fu_1162_a_0_val           |  14|          3|    8|         24|
    |grp_operator_s_fu_1162_a_1_val           |  14|          3|   12|         36|
    |i_fu_540                                 |   9|          2|    4|          8|
    |pair_arr_value_10_fu_584                 |   9|          2|    8|         16|
    |pair_arr_value_11_fu_588                 |   9|          2|    8|         16|
    |pair_arr_value_12_fu_592                 |   9|          2|    8|         16|
    |pair_arr_value_13_fu_596                 |   9|          2|    8|         16|
    |pair_arr_value_14_fu_600                 |   9|          2|    8|         16|
    |pair_arr_value_15_fu_604                 |   9|          2|    8|         16|
    |pair_arr_value_16_fu_608                 |   9|          2|    8|         16|
    |pair_arr_value_17_fu_612                 |   9|          2|    8|         16|
    |pair_arr_value_18_fu_616                 |   9|          2|    8|         16|
    |pair_arr_value_19_fu_620                 |   9|          2|    8|         16|
    |pair_arr_value_1_fu_548                  |   9|          2|    8|         16|
    |pair_arr_value_20_fu_624                 |   9|          2|    8|         16|
    |pair_arr_value_21_fu_628                 |   9|          2|    8|         16|
    |pair_arr_value_22_fu_632                 |   9|          2|    8|         16|
    |pair_arr_value_23_fu_636                 |   9|          2|    8|         16|
    |pair_arr_value_24_fu_640                 |   9|          2|    8|         16|
    |pair_arr_value_25_fu_644                 |   9|          2|    8|         16|
    |pair_arr_value_26_fu_648                 |   9|          2|    8|         16|
    |pair_arr_value_27_fu_652                 |   9|          2|    8|         16|
    |pair_arr_value_28_fu_656                 |   9|          2|    8|         16|
    |pair_arr_value_29_fu_660                 |   9|          2|    8|         16|
    |pair_arr_value_2_fu_552                  |   9|          2|    8|         16|
    |pair_arr_value_30_fu_664                 |   9|          2|    8|         16|
    |pair_arr_value_31_fu_668                 |   9|          2|    8|         16|
    |pair_arr_value_32_fu_672                 |   9|          2|    8|         16|
    |pair_arr_value_33_fu_676                 |   9|          2|    8|         16|
    |pair_arr_value_34_fu_680                 |   9|          2|    8|         16|
    |pair_arr_value_35_fu_684                 |   9|          2|    8|         16|
    |pair_arr_value_36_fu_688                 |   9|          2|    8|         16|
    |pair_arr_value_37_fu_692                 |   9|          2|    8|         16|
    |pair_arr_value_38_fu_696                 |   9|          2|    8|         16|
    |pair_arr_value_39_fu_700                 |   9|          2|    8|         16|
    |pair_arr_value_3_fu_556                  |   9|          2|    8|         16|
    |pair_arr_value_40_fu_704                 |   9|          2|    8|         16|
    |pair_arr_value_41_fu_708                 |   9|          2|    8|         16|
    |pair_arr_value_42_fu_712                 |   9|          2|    8|         16|
    |pair_arr_value_43_fu_716                 |   9|          2|    8|         16|
    |pair_arr_value_44_fu_720                 |   9|          2|    8|         16|
    |pair_arr_value_45_fu_724                 |   9|          2|    8|         16|
    |pair_arr_value_46_fu_728                 |   9|          2|    8|         16|
    |pair_arr_value_47_fu_732                 |   9|          2|    8|         16|
    |pair_arr_value_48_fu_736                 |   9|          2|    8|         16|
    |pair_arr_value_49_fu_740                 |   9|          2|    8|         16|
    |pair_arr_value_4_fu_560                  |   9|          2|    8|         16|
    |pair_arr_value_50_fu_744                 |   9|          2|    8|         16|
    |pair_arr_value_51_fu_748                 |   9|          2|    8|         16|
    |pair_arr_value_52_fu_752                 |   9|          2|    8|         16|
    |pair_arr_value_53_fu_756                 |   9|          2|    8|         16|
    |pair_arr_value_54_fu_760                 |   9|          2|    8|         16|
    |pair_arr_value_55_fu_764                 |   9|          2|    8|         16|
    |pair_arr_value_56_fu_768                 |   9|          2|    8|         16|
    |pair_arr_value_57_fu_772                 |   9|          2|    8|         16|
    |pair_arr_value_58_fu_776                 |   9|          2|    8|         16|
    |pair_arr_value_59_fu_780                 |   9|          2|    8|         16|
    |pair_arr_value_5_fu_564                  |   9|          2|    8|         16|
    |pair_arr_value_6_fu_568                  |   9|          2|    8|         16|
    |pair_arr_value_7_fu_572                  |   9|          2|    8|         16|
    |pair_arr_value_8_fu_576                  |   9|          2|    8|         16|
    |pair_arr_value_9_fu_580                  |   9|          2|    8|         16|
    |pair_arr_value_fu_544                    |   9|          2|    8|         16|
    |x_in_blk_n                               |   9|          2|    1|          2|
    +-----------------------------------------+----+-----------+-----+-----------+
    |Total                                    |1811|        396| 1436|       3376|
    +-----------------------------------------+----+-----------+-----+-----------+

    * Register: 
    +--------------------------------------------+----+----+-----+-----------+
    |                    Name                    | FF | LUT| Bits| Const Bits|
    +--------------------------------------------+----+----+-----+-----------+
    |agg_tmp3_i33_i33_i_i_1_reg_4993             |  12|   0|   12|          0|
    |agg_tmp3_i33_i33_i_i_reg_4988               |   8|   0|    8|          0|
    |agg_tmp3_i33_i_i34_i_1_reg_5033             |  12|   0|   12|          0|
    |agg_tmp3_i33_i_i34_i_reg_5028               |   8|   0|    8|          0|
    |agg_tmp3_i33_i_i_i_1_reg_4963               |  12|   0|   12|          0|
    |agg_tmp3_i33_i_i_i_reg_4958                 |   8|   0|    8|          0|
    |agg_tmp3_i_i34_i_i_1_reg_5053               |  12|   0|   12|          0|
    |agg_tmp3_i_i34_i_i_reg_5048                 |   8|   0|    8|          0|
    |agg_tmp3_i_i67_i_i_1_reg_4973               |  12|   0|   12|          0|
    |agg_tmp3_i_i67_i_i_reg_4968                 |   8|   0|    8|          0|
    |agg_tmp3_i_i_i68_i_1_reg_5013               |  12|   0|   12|          0|
    |agg_tmp3_i_i_i68_i_reg_5008                 |   8|   0|    8|          0|
    |agg_tmp3_i_i_i_i_1_reg_4943                 |  12|   0|   12|          0|
    |agg_tmp3_i_i_i_i_reg_4938                   |   8|   0|    8|          0|
    |agg_tmp_i31_i31_i_i_1_reg_4983              |  12|   0|   12|          0|
    |agg_tmp_i31_i31_i_i_reg_4978                |   8|   0|    8|          0|
    |agg_tmp_i31_i_i32_i_1_reg_5023              |  12|   0|   12|          0|
    |agg_tmp_i31_i_i32_i_reg_5018                |   8|   0|    8|          0|
    |agg_tmp_i31_i_i_i_1_reg_4953                |  12|   0|   12|          0|
    |agg_tmp_i31_i_i_i_reg_4948                  |   8|   0|    8|          0|
    |agg_tmp_i78_i_1_reg_5073                    |  12|   0|   12|          0|
    |agg_tmp_i78_i_reg_5068                      |   8|   0|    8|          0|
    |agg_tmp_i_1_reg_5063                        |  12|   0|   12|          0|
    |agg_tmp_i_i32_i_i_1_reg_5043                |  12|   0|   12|          0|
    |agg_tmp_i_i32_i_i_reg_5038                  |   8|   0|    8|          0|
    |agg_tmp_i_i_i66_i_1_reg_5003                |  12|   0|   12|          0|
    |agg_tmp_i_i_i66_i_reg_4998                  |   8|   0|    8|          0|
    |agg_tmp_i_i_i_i_1_reg_4933                  |  12|   0|   12|          0|
    |agg_tmp_i_i_i_i_reg_4928                    |   8|   0|    8|          0|
    |agg_tmp_i_reg_5058                          |   8|   0|    8|          0|
    |ap_CS_fsm                                   |   4|   0|    4|          0|
    |ap_done_reg                                 |   1|   0|    1|          0|
    |ap_enable_reg_pp0_iter0                     |   1|   0|    1|          0|
    |ap_enable_reg_pp0_iter1                     |   1|   0|    1|          0|
    |i_1_reg_4919                                |   4|   0|    4|          0|
    |i_fu_540                                    |   4|   0|    4|          0|
    |icmp_ln94_reg_4924                          |   1|   0|    1|          0|
    |pair_arr_value_10_fu_584                    |   8|   0|    8|          0|
    |pair_arr_value_11_fu_588                    |   8|   0|    8|          0|
    |pair_arr_value_12_fu_592                    |   8|   0|    8|          0|
    |pair_arr_value_13_fu_596                    |   8|   0|    8|          0|
    |pair_arr_value_14_fu_600                    |   8|   0|    8|          0|
    |pair_arr_value_15_fu_604                    |   8|   0|    8|          0|
    |pair_arr_value_16_fu_608                    |   8|   0|    8|          0|
    |pair_arr_value_17_fu_612                    |   8|   0|    8|          0|
    |pair_arr_value_18_fu_616                    |   8|   0|    8|          0|
    |pair_arr_value_19_fu_620                    |   8|   0|    8|          0|
    |pair_arr_value_1_fu_548                     |   8|   0|    8|          0|
    |pair_arr_value_20_fu_624                    |   8|   0|    8|          0|
    |pair_arr_value_21_fu_628                    |   8|   0|    8|          0|
    |pair_arr_value_22_fu_632                    |   8|   0|    8|          0|
    |pair_arr_value_23_fu_636                    |   8|   0|    8|          0|
    |pair_arr_value_24_fu_640                    |   8|   0|    8|          0|
    |pair_arr_value_25_fu_644                    |   8|   0|    8|          0|
    |pair_arr_value_26_fu_648                    |   8|   0|    8|          0|
    |pair_arr_value_27_fu_652                    |   8|   0|    8|          0|
    |pair_arr_value_28_fu_656                    |   8|   0|    8|          0|
    |pair_arr_value_29_fu_660                    |   8|   0|    8|          0|
    |pair_arr_value_2_fu_552                     |   8|   0|    8|          0|
    |pair_arr_value_30_fu_664                    |   8|   0|    8|          0|
    |pair_arr_value_31_fu_668                    |   8|   0|    8|          0|
    |pair_arr_value_32_fu_672                    |   8|   0|    8|          0|
    |pair_arr_value_33_fu_676                    |   8|   0|    8|          0|
    |pair_arr_value_34_fu_680                    |   8|   0|    8|          0|
    |pair_arr_value_35_fu_684                    |   8|   0|    8|          0|
    |pair_arr_value_36_fu_688                    |   8|   0|    8|          0|
    |pair_arr_value_37_fu_692                    |   8|   0|    8|          0|
    |pair_arr_value_38_fu_696                    |   8|   0|    8|          0|
    |pair_arr_value_39_fu_700                    |   8|   0|    8|          0|
    |pair_arr_value_3_fu_556                     |   8|   0|    8|          0|
    |pair_arr_value_40_fu_704                    |   8|   0|    8|          0|
    |pair_arr_value_41_fu_708                    |   8|   0|    8|          0|
    |pair_arr_value_42_fu_712                    |   8|   0|    8|          0|
    |pair_arr_value_43_fu_716                    |   8|   0|    8|          0|
    |pair_arr_value_44_fu_720                    |   8|   0|    8|          0|
    |pair_arr_value_45_fu_724                    |   8|   0|    8|          0|
    |pair_arr_value_46_fu_728                    |   8|   0|    8|          0|
    |pair_arr_value_47_fu_732                    |   8|   0|    8|          0|
    |pair_arr_value_48_fu_736                    |   8|   0|    8|          0|
    |pair_arr_value_49_fu_740                    |   8|   0|    8|          0|
    |pair_arr_value_4_fu_560                     |   8|   0|    8|          0|
    |pair_arr_value_50_fu_744                    |   8|   0|    8|          0|
    |pair_arr_value_51_fu_748                    |   8|   0|    8|          0|
    |pair_arr_value_52_fu_752                    |   8|   0|    8|          0|
    |pair_arr_value_53_fu_756                    |   8|   0|    8|          0|
    |pair_arr_value_54_fu_760                    |   8|   0|    8|          0|
    |pair_arr_value_55_fu_764                    |   8|   0|    8|          0|
    |pair_arr_value_56_fu_768                    |   8|   0|    8|          0|
    |pair_arr_value_57_fu_772                    |   8|   0|    8|          0|
    |pair_arr_value_58_fu_776                    |   8|   0|    8|          0|
    |pair_arr_value_59_fu_780                    |   8|   0|    8|          0|
    |pair_arr_value_5_fu_564                     |   8|   0|    8|          0|
    |pair_arr_value_6_fu_568                     |   8|   0|    8|          0|
    |pair_arr_value_7_fu_572                     |   8|   0|    8|          0|
    |pair_arr_value_8_fu_576                     |   8|   0|    8|          0|
    |pair_arr_value_9_fu_580                     |   8|   0|    8|          0|
    |pair_arr_value_fu_544                       |   8|   0|    8|          0|
    |pair_value_10_fu_820                        |   8|   0|    8|          0|
    |pair_value_1_fu_784                         |   8|   0|    8|          0|
    |pair_value_2_fu_788                         |   8|   0|    8|          0|
    |pair_value_3_fu_792                         |   8|   0|    8|          0|
    |pair_value_4_fu_796                         |   8|   0|    8|          0|
    |pair_value_5_fu_800                         |   8|   0|    8|          0|
    |pair_value_6_fu_804                         |   8|   0|    8|          0|
    |pair_value_7_fu_808                         |   8|   0|    8|          0|
    |pair_value_8_fu_812                         |   8|   0|    8|          0|
    |pair_value_9_fu_816                         |   8|   0|    8|          0|
    |reg_1596                                    |   8|   0|    8|          0|
    |reg_1602                                    |  12|   0|   12|          0|
    |sparse_arr_hash_reduce_out_10_c22_0_fu_864  |   3|   0|    3|          0|
    |sparse_arr_hash_reduce_out_11_c23_0_fu_868  |   3|   0|    3|          0|
    |sparse_arr_hash_reduce_out_12_c24_0_fu_872  |   3|   0|    3|          0|
    |sparse_arr_hash_reduce_out_13_c25_0_fu_876  |   3|   0|    3|          0|
    |sparse_arr_hash_reduce_out_14_c26_0_fu_880  |   3|   0|    3|          0|
    |sparse_arr_hash_reduce_out_15_c27_0_fu_884  |   3|   0|    3|          0|
    |sparse_arr_hash_reduce_out_16_c28_0_fu_888  |   3|   0|    3|          0|
    |sparse_arr_hash_reduce_out_17_c29_0_fu_892  |   3|   0|    3|          0|
    |sparse_arr_hash_reduce_out_18_c30_0_fu_896  |   3|   0|    3|          0|
    |sparse_arr_hash_reduce_out_19_c31_0_fu_900  |   3|   0|    3|          0|
    |sparse_arr_hash_reduce_out_1_c13_0_fu_828   |   3|   0|    3|          0|
    |sparse_arr_hash_reduce_out_2_c14_0_fu_832   |   3|   0|    3|          0|
    |sparse_arr_hash_reduce_out_3_c15_0_fu_836   |   3|   0|    3|          0|
    |sparse_arr_hash_reduce_out_4_c16_0_fu_840   |   3|   0|    3|          0|
    |sparse_arr_hash_reduce_out_5_c17_0_fu_844   |   3|   0|    3|          0|
    |sparse_arr_hash_reduce_out_6_c18_0_fu_848   |   3|   0|    3|          0|
    |sparse_arr_hash_reduce_out_7_c19_0_fu_852   |   3|   0|    3|          0|
    |sparse_arr_hash_reduce_out_8_c20_0_fu_856   |   3|   0|    3|          0|
    |sparse_arr_hash_reduce_out_9_c21_0_fu_860   |   3|   0|    3|          0|
    |sparse_arr_hash_reduce_out_c12_0_fu_824     |   3|   0|    3|          0|
    +--------------------------------------------+----+----+-----+-----------+
    |Total                                       | 956|   0|  956|          0|
    +--------------------------------------------+----+----+-----+-----------+



================================================================
== Interface
================================================================
* Summary: 
+--------------+-----+-----+------------+--------------------------------------------------------------------------+--------------+
|   RTL Ports  | Dir | Bits|  Protocol  |                               Source Object                              |    C Type    |
+--------------+-----+-----+------------+--------------------------------------------------------------------------+--------------+
|ap_clk        |   in|    1|  ap_ctrl_hs|  sparse_input_reduce<ap_fixed<8, 2, 5, 3, 0>, ap_uint<10>, 10, 6, 1, 10>4|  return value|
|ap_rst        |   in|    1|  ap_ctrl_hs|  sparse_input_reduce<ap_fixed<8, 2, 5, 3, 0>, ap_uint<10>, 10, 6, 1, 10>4|  return value|
|ap_start      |   in|    1|  ap_ctrl_hs|  sparse_input_reduce<ap_fixed<8, 2, 5, 3, 0>, ap_uint<10>, 10, 6, 1, 10>4|  return value|
|ap_done       |  out|    1|  ap_ctrl_hs|  sparse_input_reduce<ap_fixed<8, 2, 5, 3, 0>, ap_uint<10>, 10, 6, 1, 10>4|  return value|
|ap_continue   |   in|    1|  ap_ctrl_hs|  sparse_input_reduce<ap_fixed<8, 2, 5, 3, 0>, ap_uint<10>, 10, 6, 1, 10>4|  return value|
|ap_idle       |  out|    1|  ap_ctrl_hs|  sparse_input_reduce<ap_fixed<8, 2, 5, 3, 0>, ap_uint<10>, 10, 6, 1, 10>4|  return value|
|ap_ready      |  out|    1|  ap_ctrl_hs|  sparse_input_reduce<ap_fixed<8, 2, 5, 3, 0>, ap_uint<10>, 10, 6, 1, 10>4|  return value|
|ap_return_0   |  out|    8|  ap_ctrl_hs|  sparse_input_reduce<ap_fixed<8, 2, 5, 3, 0>, ap_uint<10>, 10, 6, 1, 10>4|  return value|
|ap_return_1   |  out|    8|  ap_ctrl_hs|  sparse_input_reduce<ap_fixed<8, 2, 5, 3, 0>, ap_uint<10>, 10, 6, 1, 10>4|  return value|
|ap_return_2   |  out|    8|  ap_ctrl_hs|  sparse_input_reduce<ap_fixed<8, 2, 5, 3, 0>, ap_uint<10>, 10, 6, 1, 10>4|  return value|
|ap_return_3   |  out|    8|  ap_ctrl_hs|  sparse_input_reduce<ap_fixed<8, 2, 5, 3, 0>, ap_uint<10>, 10, 6, 1, 10>4|  return value|
|ap_return_4   |  out|    8|  ap_ctrl_hs|  sparse_input_reduce<ap_fixed<8, 2, 5, 3, 0>, ap_uint<10>, 10, 6, 1, 10>4|  return value|
|ap_return_5   |  out|    8|  ap_ctrl_hs|  sparse_input_reduce<ap_fixed<8, 2, 5, 3, 0>, ap_uint<10>, 10, 6, 1, 10>4|  return value|
|ap_return_6   |  out|    8|  ap_ctrl_hs|  sparse_input_reduce<ap_fixed<8, 2, 5, 3, 0>, ap_uint<10>, 10, 6, 1, 10>4|  return value|
|ap_return_7   |  out|    8|  ap_ctrl_hs|  sparse_input_reduce<ap_fixed<8, 2, 5, 3, 0>, ap_uint<10>, 10, 6, 1, 10>4|  return value|
|ap_return_8   |  out|    8|  ap_ctrl_hs|  sparse_input_reduce<ap_fixed<8, 2, 5, 3, 0>, ap_uint<10>, 10, 6, 1, 10>4|  return value|
|ap_return_9   |  out|    8|  ap_ctrl_hs|  sparse_input_reduce<ap_fixed<8, 2, 5, 3, 0>, ap_uint<10>, 10, 6, 1, 10>4|  return value|
|ap_return_10  |  out|    3|  ap_ctrl_hs|  sparse_input_reduce<ap_fixed<8, 2, 5, 3, 0>, ap_uint<10>, 10, 6, 1, 10>4|  return value|
|ap_return_11  |  out|    3|  ap_ctrl_hs|  sparse_input_reduce<ap_fixed<8, 2, 5, 3, 0>, ap_uint<10>, 10, 6, 1, 10>4|  return value|
|ap_return_12  |  out|    3|  ap_ctrl_hs|  sparse_input_reduce<ap_fixed<8, 2, 5, 3, 0>, ap_uint<10>, 10, 6, 1, 10>4|  return value|
|ap_return_13  |  out|    3|  ap_ctrl_hs|  sparse_input_reduce<ap_fixed<8, 2, 5, 3, 0>, ap_uint<10>, 10, 6, 1, 10>4|  return value|
|ap_return_14  |  out|    3|  ap_ctrl_hs|  sparse_input_reduce<ap_fixed<8, 2, 5, 3, 0>, ap_uint<10>, 10, 6, 1, 10>4|  return value|
|ap_return_15  |  out|    3|  ap_ctrl_hs|  sparse_input_reduce<ap_fixed<8, 2, 5, 3, 0>, ap_uint<10>, 10, 6, 1, 10>4|  return value|
|ap_return_16  |  out|    3|  ap_ctrl_hs|  sparse_input_reduce<ap_fixed<8, 2, 5, 3, 0>, ap_uint<10>, 10, 6, 1, 10>4|  return value|
|ap_return_17  |  out|    3|  ap_ctrl_hs|  sparse_input_reduce<ap_fixed<8, 2, 5, 3, 0>, ap_uint<10>, 10, 6, 1, 10>4|  return value|
|ap_return_18  |  out|    3|  ap_ctrl_hs|  sparse_input_reduce<ap_fixed<8, 2, 5, 3, 0>, ap_uint<10>, 10, 6, 1, 10>4|  return value|
|ap_return_19  |  out|    3|  ap_ctrl_hs|  sparse_input_reduce<ap_fixed<8, 2, 5, 3, 0>, ap_uint<10>, 10, 6, 1, 10>4|  return value|
|ap_return_20  |  out|    3|  ap_ctrl_hs|  sparse_input_reduce<ap_fixed<8, 2, 5, 3, 0>, ap_uint<10>, 10, 6, 1, 10>4|  return value|
|ap_return_21  |  out|    3|  ap_ctrl_hs|  sparse_input_reduce<ap_fixed<8, 2, 5, 3, 0>, ap_uint<10>, 10, 6, 1, 10>4|  return value|
|ap_return_22  |  out|    3|  ap_ctrl_hs|  sparse_input_reduce<ap_fixed<8, 2, 5, 3, 0>, ap_uint<10>, 10, 6, 1, 10>4|  return value|
|ap_return_23  |  out|    3|  ap_ctrl_hs|  sparse_input_reduce<ap_fixed<8, 2, 5, 3, 0>, ap_uint<10>, 10, 6, 1, 10>4|  return value|
|ap_return_24  |  out|    3|  ap_ctrl_hs|  sparse_input_reduce<ap_fixed<8, 2, 5, 3, 0>, ap_uint<10>, 10, 6, 1, 10>4|  return value|
|ap_return_25  |  out|    3|  ap_ctrl_hs|  sparse_input_reduce<ap_fixed<8, 2, 5, 3, 0>, ap_uint<10>, 10, 6, 1, 10>4|  return value|
|ap_return_26  |  out|    3|  ap_ctrl_hs|  sparse_input_reduce<ap_fixed<8, 2, 5, 3, 0>, ap_uint<10>, 10, 6, 1, 10>4|  return value|
|ap_return_27  |  out|    3|  ap_ctrl_hs|  sparse_input_reduce<ap_fixed<8, 2, 5, 3, 0>, ap_uint<10>, 10, 6, 1, 10>4|  return value|
|ap_return_28  |  out|    3|  ap_ctrl_hs|  sparse_input_reduce<ap_fixed<8, 2, 5, 3, 0>, ap_uint<10>, 10, 6, 1, 10>4|  return value|
|ap_return_29  |  out|    3|  ap_ctrl_hs|  sparse_input_reduce<ap_fixed<8, 2, 5, 3, 0>, ap_uint<10>, 10, 6, 1, 10>4|  return value|
|x_in          |   in|  480|      ap_vld|                                                                      x_in|       pointer|
|x_in_ap_vld   |   in|    1|      ap_vld|                                                                      x_in|       pointer|
+--------------+-----+-----+------------+--------------------------------------------------------------------------+--------------+

