

================================================================
== Vitis HLS Report for 'sparse_relu_ap_ufixed_9_2_4_0_0_ap_ufixed_8_2_4_0_0_16_1_s'
================================================================
* Date:           Mon Jul 14 08:28:02 2025

* Version:        2023.1 (Build 3854077 on May  4 2023)
* Project:        hls_sparse_prj
* Solution:       solution1 (Vivado IP Flow Target)
* Product family: virtexuplus
* Target device:  xcu250-figd2104-2L-e


================================================================
== Performance Estimates
================================================================
+ Timing: 
    * Summary: 
    +--------+---------+----------+------------+
    |  Clock |  Target | Estimated| Uncertainty|
    +--------+---------+----------+------------+
    |ap_clk  |  5.00 ns|  2.447 ns|     1.35 ns|
    +--------+---------+----------+------------+

+ Latency: 
    * Summary: 
    +---------+---------+----------+----------+-----+-----+---------+
    |  Latency (cycles) |  Latency (absolute) |  Interval | Pipeline|
    |   min   |   max   |    min   |    max   | min | max |   Type  |
    +---------+---------+----------+----------+-----+-----+---------+
    |        0|        0|      0 ns|      0 ns|    1|    1|      yes|
    +---------+---------+----------+----------+-----+-----+---------+

    + Detail: 
        * Instance: 
        N/A

        * Loop: 
        N/A



================================================================
== Utilization Estimates
================================================================
* Summary: 
+---------------------+---------+-------+---------+---------+------+
|         Name        | BRAM_18K|  DSP  |    FF   |   LUT   | URAM |
+---------------------+---------+-------+---------+---------+------+
|DSP                  |        -|      -|        -|        -|     -|
|Expression           |        -|      -|        0|      978|     -|
|FIFO                 |        -|      -|        -|        -|     -|
|Instance             |        -|      -|        -|        -|     -|
|Memory               |        -|      -|        -|        -|     -|
|Multiplexer          |        -|      -|        -|      153|     -|
|Register             |        -|      -|      130|        -|     -|
+---------------------+---------+-------+---------+---------+------+
|Total                |        0|      0|      130|     1131|     0|
+---------------------+---------+-------+---------+---------+------+
|Available SLR        |     1344|   3072|   864000|   432000|   320|
+---------------------+---------+-------+---------+---------+------+
|Utilization SLR (%)  |        0|      0|       ~0|       ~0|     0|
+---------------------+---------+-------+---------+---------+------+
|Available            |     5376|  12288|  3456000|  1728000|  1280|
+---------------------+---------+-------+---------+---------+------+
|Utilization (%)      |        0|      0|       ~0|       ~0|     0|
+---------------------+---------+-------+---------+---------+------+

+ Detail: 
    * Instance: 
    N/A

    * DSP: 
    N/A

    * Memory: 
    N/A

    * FIFO: 
    N/A

    * Expression: 
    +-----------------------------+----------+----+---+----+------------+------------+
    |        Variable Name        | Operation| DSP| FF| LUT| Bitwidth P0| Bitwidth P1|
    +-----------------------------+----------+----+---+----+------------+------------+
    |add_ln216_48_fu_302_p2       |         +|   0|  0|  15|           8|           8|
    |add_ln216_49_fu_398_p2       |         +|   0|  0|  15|           8|           8|
    |add_ln216_50_fu_494_p2       |         +|   0|  0|  15|           8|           8|
    |add_ln216_51_fu_590_p2       |         +|   0|  0|  15|           8|           8|
    |add_ln216_52_fu_686_p2       |         +|   0|  0|  15|           8|           8|
    |add_ln216_53_fu_782_p2       |         +|   0|  0|  15|           8|           8|
    |add_ln216_54_fu_878_p2       |         +|   0|  0|  15|           8|           8|
    |add_ln216_55_fu_974_p2       |         +|   0|  0|  15|           8|           8|
    |add_ln216_56_fu_1070_p2      |         +|   0|  0|  15|           8|           8|
    |add_ln216_57_fu_1166_p2      |         +|   0|  0|  15|           8|           8|
    |add_ln216_58_fu_1262_p2      |         +|   0|  0|  15|           8|           8|
    |add_ln216_59_fu_1358_p2      |         +|   0|  0|  15|           8|           8|
    |add_ln216_60_fu_1454_p2      |         +|   0|  0|  15|           8|           8|
    |add_ln216_61_fu_1550_p2      |         +|   0|  0|  15|           8|           8|
    |add_ln216_62_fu_1646_p2      |         +|   0|  0|  15|           8|           8|
    |add_ln216_fu_206_p2          |         +|   0|  0|  15|           8|           8|
    |and_ln216_100_fu_626_p2      |       and|   0|  0|   2|           1|           1|
    |and_ln216_101_fu_722_p2      |       and|   0|  0|   2|           1|           1|
    |and_ln216_102_fu_818_p2      |       and|   0|  0|   2|           1|           1|
    |and_ln216_103_fu_914_p2      |       and|   0|  0|   2|           1|           1|
    |and_ln216_104_fu_1010_p2     |       and|   0|  0|   2|           1|           1|
    |and_ln216_105_fu_1106_p2     |       and|   0|  0|   2|           1|           1|
    |and_ln216_106_fu_1202_p2     |       and|   0|  0|   2|           1|           1|
    |and_ln216_107_fu_1298_p2     |       and|   0|  0|   2|           1|           1|
    |and_ln216_108_fu_1394_p2     |       and|   0|  0|   2|           1|           1|
    |and_ln216_109_fu_1490_p2     |       and|   0|  0|   2|           1|           1|
    |and_ln216_110_fu_1586_p2     |       and|   0|  0|   2|           1|           1|
    |and_ln216_111_fu_1682_p2     |       and|   0|  0|   2|           1|           1|
    |and_ln216_48_fu_292_p2       |       and|   0|  0|   2|           1|           1|
    |and_ln216_49_fu_388_p2       |       and|   0|  0|   2|           1|           1|
    |and_ln216_50_fu_484_p2       |       and|   0|  0|   2|           1|           1|
    |and_ln216_51_fu_580_p2       |       and|   0|  0|   2|           1|           1|
    |and_ln216_52_fu_676_p2       |       and|   0|  0|   2|           1|           1|
    |and_ln216_53_fu_772_p2       |       and|   0|  0|   2|           1|           1|
    |and_ln216_54_fu_868_p2       |       and|   0|  0|   2|           1|           1|
    |and_ln216_55_fu_964_p2       |       and|   0|  0|   2|           1|           1|
    |and_ln216_56_fu_1060_p2      |       and|   0|  0|   2|           1|           1|
    |and_ln216_57_fu_1156_p2      |       and|   0|  0|   2|           1|           1|
    |and_ln216_58_fu_1252_p2      |       and|   0|  0|   2|           1|           1|
    |and_ln216_59_fu_1348_p2      |       and|   0|  0|   2|           1|           1|
    |and_ln216_60_fu_1444_p2      |       and|   0|  0|   2|           1|           1|
    |and_ln216_61_fu_1540_p2      |       and|   0|  0|   2|           1|           1|
    |and_ln216_62_fu_1636_p2      |       and|   0|  0|   2|           1|           1|
    |and_ln216_96_fu_242_p2       |       and|   0|  0|   2|           1|           1|
    |and_ln216_97_fu_338_p2       |       and|   0|  0|   2|           1|           1|
    |and_ln216_98_fu_434_p2       |       and|   0|  0|   2|           1|           1|
    |and_ln216_99_fu_530_p2       |       and|   0|  0|   2|           1|           1|
    |and_ln216_fu_196_p2          |       and|   0|  0|   2|           1|           1|
    |icmp_ln215_48_fu_260_p2      |      icmp|   0|  0|  16|           9|           1|
    |icmp_ln215_49_fu_356_p2      |      icmp|   0|  0|  16|           9|           1|
    |icmp_ln215_50_fu_452_p2      |      icmp|   0|  0|  16|           9|           1|
    |icmp_ln215_51_fu_548_p2      |      icmp|   0|  0|  16|           9|           1|
    |icmp_ln215_52_fu_644_p2      |      icmp|   0|  0|  16|           9|           1|
    |icmp_ln215_53_fu_740_p2      |      icmp|   0|  0|  16|           9|           1|
    |icmp_ln215_54_fu_836_p2      |      icmp|   0|  0|  16|           9|           1|
    |icmp_ln215_55_fu_932_p2      |      icmp|   0|  0|  16|           9|           1|
    |icmp_ln215_56_fu_1028_p2     |      icmp|   0|  0|  16|           9|           1|
    |icmp_ln215_57_fu_1124_p2     |      icmp|   0|  0|  16|           9|           1|
    |icmp_ln215_58_fu_1220_p2     |      icmp|   0|  0|  16|           9|           1|
    |icmp_ln215_59_fu_1316_p2     |      icmp|   0|  0|  16|           9|           1|
    |icmp_ln215_60_fu_1412_p2     |      icmp|   0|  0|  16|           9|           1|
    |icmp_ln215_61_fu_1508_p2     |      icmp|   0|  0|  16|           9|           1|
    |icmp_ln215_62_fu_1604_p2     |      icmp|   0|  0|  16|           9|           1|
    |icmp_ln215_fu_164_p2         |      icmp|   0|  0|  16|           9|           1|
    |ap_block_state1              |        or|   0|  0|   2|           1|           1|
    |select_ln215_48_fu_324_p3    |    select|   0|  0|   8|           1|           1|
    |select_ln215_49_fu_420_p3    |    select|   0|  0|   8|           1|           1|
    |select_ln215_50_fu_516_p3    |    select|   0|  0|   8|           1|           1|
    |select_ln215_51_fu_612_p3    |    select|   0|  0|   8|           1|           1|
    |select_ln215_52_fu_708_p3    |    select|   0|  0|   8|           1|           1|
    |select_ln215_53_fu_804_p3    |    select|   0|  0|   8|           1|           1|
    |select_ln215_54_fu_900_p3    |    select|   0|  0|   8|           1|           1|
    |select_ln215_55_fu_996_p3    |    select|   0|  0|   8|           1|           1|
    |select_ln215_56_fu_1092_p3   |    select|   0|  0|   8|           1|           1|
    |select_ln215_57_fu_1188_p3   |    select|   0|  0|   8|           1|           1|
    |select_ln215_58_fu_1284_p3   |    select|   0|  0|   8|           1|           1|
    |select_ln215_59_fu_1380_p3   |    select|   0|  0|   8|           1|           1|
    |select_ln215_60_fu_1476_p3   |    select|   0|  0|   8|           1|           1|
    |select_ln215_61_fu_1572_p3   |    select|   0|  0|   8|           1|           1|
    |select_ln215_62_fu_1668_p3   |    select|   0|  0|   8|           1|           1|
    |select_ln215_fu_228_p3       |    select|   0|  0|   8|           1|           1|
    |select_ln216_100_fu_632_p3   |    select|   0|  0|   8|           1|           8|
    |select_ln216_101_fu_728_p3   |    select|   0|  0|   8|           1|           8|
    |select_ln216_102_fu_824_p3   |    select|   0|  0|   8|           1|           8|
    |select_ln216_103_fu_920_p3   |    select|   0|  0|   8|           1|           8|
    |select_ln216_104_fu_1016_p3  |    select|   0|  0|   8|           1|           8|
    |select_ln216_105_fu_1112_p3  |    select|   0|  0|   8|           1|           8|
    |select_ln216_106_fu_1208_p3  |    select|   0|  0|   8|           1|           8|
    |select_ln216_107_fu_1304_p3  |    select|   0|  0|   8|           1|           8|
    |select_ln216_108_fu_1400_p3  |    select|   0|  0|   8|           1|           8|
    |select_ln216_109_fu_1496_p3  |    select|   0|  0|   8|           1|           8|
    |select_ln216_110_fu_1592_p3  |    select|   0|  0|   8|           1|           8|
    |select_ln216_111_fu_1688_p3  |    select|   0|  0|   8|           1|           8|
    |select_ln216_48_fu_316_p3    |    select|   0|  0|   8|           1|           8|
    |select_ln216_49_fu_412_p3    |    select|   0|  0|   8|           1|           8|
    |select_ln216_50_fu_508_p3    |    select|   0|  0|   8|           1|           8|
    |select_ln216_51_fu_604_p3    |    select|   0|  0|   8|           1|           8|
    |select_ln216_52_fu_700_p3    |    select|   0|  0|   8|           1|           8|
    |select_ln216_53_fu_796_p3    |    select|   0|  0|   8|           1|           8|
    |select_ln216_54_fu_892_p3    |    select|   0|  0|   8|           1|           8|
    |select_ln216_55_fu_988_p3    |    select|   0|  0|   8|           1|           8|
    |select_ln216_56_fu_1084_p3   |    select|   0|  0|   8|           1|           8|
    |select_ln216_57_fu_1180_p3   |    select|   0|  0|   8|           1|           8|
    |select_ln216_58_fu_1276_p3   |    select|   0|  0|   8|           1|           8|
    |select_ln216_59_fu_1372_p3   |    select|   0|  0|   8|           1|           8|
    |select_ln216_60_fu_1468_p3   |    select|   0|  0|   8|           1|           8|
    |select_ln216_61_fu_1564_p3   |    select|   0|  0|   8|           1|           8|
    |select_ln216_62_fu_1660_p3   |    select|   0|  0|   8|           1|           8|
    |select_ln216_96_fu_248_p3    |    select|   0|  0|   8|           1|           8|
    |select_ln216_97_fu_344_p3    |    select|   0|  0|   8|           1|           8|
    |select_ln216_98_fu_440_p3    |    select|   0|  0|   8|           1|           8|
    |select_ln216_99_fu_536_p3    |    select|   0|  0|   8|           1|           8|
    |select_ln216_fu_220_p3       |    select|   0|  0|   8|           1|           8|
    |xor_ln215_48_fu_332_p2       |       xor|   0|  0|   2|           1|           2|
    |xor_ln215_49_fu_428_p2       |       xor|   0|  0|   2|           1|           2|
    |xor_ln215_50_fu_524_p2       |       xor|   0|  0|   2|           1|           2|
    |xor_ln215_51_fu_620_p2       |       xor|   0|  0|   2|           1|           2|
    |xor_ln215_52_fu_716_p2       |       xor|   0|  0|   2|           1|           2|
    |xor_ln215_53_fu_812_p2       |       xor|   0|  0|   2|           1|           2|
    |xor_ln215_54_fu_908_p2       |       xor|   0|  0|   2|           1|           2|
    |xor_ln215_55_fu_1004_p2      |       xor|   0|  0|   2|           1|           2|
    |xor_ln215_56_fu_1100_p2      |       xor|   0|  0|   2|           1|           2|
    |xor_ln215_57_fu_1196_p2      |       xor|   0|  0|   2|           1|           2|
    |xor_ln215_58_fu_1292_p2      |       xor|   0|  0|   2|           1|           2|
    |xor_ln215_59_fu_1388_p2      |       xor|   0|  0|   2|           1|           2|
    |xor_ln215_60_fu_1484_p2      |       xor|   0|  0|   2|           1|           2|
    |xor_ln215_61_fu_1580_p2      |       xor|   0|  0|   2|           1|           2|
    |xor_ln215_62_fu_1676_p2      |       xor|   0|  0|   2|           1|           2|
    |xor_ln215_fu_236_p2          |       xor|   0|  0|   2|           1|           2|
    +-----------------------------+----------+----+---+----+------------+------------+
    |Total                        |          |   0|  0| 978|         369|         481|
    +-----------------------------+----------+----+---+----+------------+------------+

    * Multiplexer: 
    +--------------+----+-----------+-----+-----------+
    |     Name     | LUT| Input Size| Bits| Total Bits|
    +--------------+----+-----------+-----+-----------+
    |ap_done       |   9|          2|    1|          2|
    |ap_return_0   |   9|          2|    8|         16|
    |ap_return_1   |   9|          2|    8|         16|
    |ap_return_10  |   9|          2|    8|         16|
    |ap_return_11  |   9|          2|    8|         16|
    |ap_return_12  |   9|          2|    8|         16|
    |ap_return_13  |   9|          2|    8|         16|
    |ap_return_14  |   9|          2|    8|         16|
    |ap_return_15  |   9|          2|    8|         16|
    |ap_return_2   |   9|          2|    8|         16|
    |ap_return_3   |   9|          2|    8|         16|
    |ap_return_4   |   9|          2|    8|         16|
    |ap_return_5   |   9|          2|    8|         16|
    |ap_return_6   |   9|          2|    8|         16|
    |ap_return_7   |   9|          2|    8|         16|
    |ap_return_8   |   9|          2|    8|         16|
    |ap_return_9   |   9|          2|    8|         16|
    +--------------+----+-----------+-----+-----------+
    |Total         | 153|         34|  129|        258|
    +--------------+----+-----------+-----+-----------+

    * Register: 
    +-------------------+---+----+-----+-----------+
    |        Name       | FF| LUT| Bits| Const Bits|
    +-------------------+---+----+-----+-----------+
    |ap_CS_fsm          |  1|   0|    1|          0|
    |ap_done_reg        |  1|   0|    1|          0|
    |ap_return_0_preg   |  8|   0|    8|          0|
    |ap_return_10_preg  |  8|   0|    8|          0|
    |ap_return_11_preg  |  8|   0|    8|          0|
    |ap_return_12_preg  |  8|   0|    8|          0|
    |ap_return_13_preg  |  8|   0|    8|          0|
    |ap_return_14_preg  |  8|   0|    8|          0|
    |ap_return_15_preg  |  8|   0|    8|          0|
    |ap_return_1_preg   |  8|   0|    8|          0|
    |ap_return_2_preg   |  8|   0|    8|          0|
    |ap_return_3_preg   |  8|   0|    8|          0|
    |ap_return_4_preg   |  8|   0|    8|          0|
    |ap_return_5_preg   |  8|   0|    8|          0|
    |ap_return_6_preg   |  8|   0|    8|          0|
    |ap_return_7_preg   |  8|   0|    8|          0|
    |ap_return_8_preg   |  8|   0|    8|          0|
    |ap_return_9_preg   |  8|   0|    8|          0|
    +-------------------+---+----+-----+-----------+
    |Total              |130|   0|  130|          0|
    +-------------------+---+----+-----+-----------+



================================================================
== Interface
================================================================
* Summary: 
+--------------+-----+-----+------------+------------------------------------------------------------------------+--------------+
|   RTL Ports  | Dir | Bits|  Protocol  |                              Source Object                             |    C Type    |
+--------------+-----+-----+------------+------------------------------------------------------------------------+--------------+
|ap_clk        |   in|    1|  ap_ctrl_hs|  sparse_relu<ap_ufixed<9, 2, 4, 0, 0>, ap_ufixed<8, 2, 4, 0, 0>, 16, 1>|  return value|
|ap_rst        |   in|    1|  ap_ctrl_hs|  sparse_relu<ap_ufixed<9, 2, 4, 0, 0>, ap_ufixed<8, 2, 4, 0, 0>, 16, 1>|  return value|
|ap_start      |   in|    1|  ap_ctrl_hs|  sparse_relu<ap_ufixed<9, 2, 4, 0, 0>, ap_ufixed<8, 2, 4, 0, 0>, 16, 1>|  return value|
|ap_done       |  out|    1|  ap_ctrl_hs|  sparse_relu<ap_ufixed<9, 2, 4, 0, 0>, ap_ufixed<8, 2, 4, 0, 0>, 16, 1>|  return value|
|ap_continue   |   in|    1|  ap_ctrl_hs|  sparse_relu<ap_ufixed<9, 2, 4, 0, 0>, ap_ufixed<8, 2, 4, 0, 0>, 16, 1>|  return value|
|ap_ce         |   in|    1|  ap_ctrl_hs|  sparse_relu<ap_ufixed<9, 2, 4, 0, 0>, ap_ufixed<8, 2, 4, 0, 0>, 16, 1>|  return value|
|ap_idle       |  out|    1|  ap_ctrl_hs|  sparse_relu<ap_ufixed<9, 2, 4, 0, 0>, ap_ufixed<8, 2, 4, 0, 0>, 16, 1>|  return value|
|ap_ready      |  out|    1|  ap_ctrl_hs|  sparse_relu<ap_ufixed<9, 2, 4, 0, 0>, ap_ufixed<8, 2, 4, 0, 0>, 16, 1>|  return value|
|ap_return_0   |  out|    8|  ap_ctrl_hs|  sparse_relu<ap_ufixed<9, 2, 4, 0, 0>, ap_ufixed<8, 2, 4, 0, 0>, 16, 1>|  return value|
|ap_return_1   |  out|    8|  ap_ctrl_hs|  sparse_relu<ap_ufixed<9, 2, 4, 0, 0>, ap_ufixed<8, 2, 4, 0, 0>, 16, 1>|  return value|
|ap_return_2   |  out|    8|  ap_ctrl_hs|  sparse_relu<ap_ufixed<9, 2, 4, 0, 0>, ap_ufixed<8, 2, 4, 0, 0>, 16, 1>|  return value|
|ap_return_3   |  out|    8|  ap_ctrl_hs|  sparse_relu<ap_ufixed<9, 2, 4, 0, 0>, ap_ufixed<8, 2, 4, 0, 0>, 16, 1>|  return value|
|ap_return_4   |  out|    8|  ap_ctrl_hs|  sparse_relu<ap_ufixed<9, 2, 4, 0, 0>, ap_ufixed<8, 2, 4, 0, 0>, 16, 1>|  return value|
|ap_return_5   |  out|    8|  ap_ctrl_hs|  sparse_relu<ap_ufixed<9, 2, 4, 0, 0>, ap_ufixed<8, 2, 4, 0, 0>, 16, 1>|  return value|
|ap_return_6   |  out|    8|  ap_ctrl_hs|  sparse_relu<ap_ufixed<9, 2, 4, 0, 0>, ap_ufixed<8, 2, 4, 0, 0>, 16, 1>|  return value|
|ap_return_7   |  out|    8|  ap_ctrl_hs|  sparse_relu<ap_ufixed<9, 2, 4, 0, 0>, ap_ufixed<8, 2, 4, 0, 0>, 16, 1>|  return value|
|ap_return_8   |  out|    8|  ap_ctrl_hs|  sparse_relu<ap_ufixed<9, 2, 4, 0, 0>, ap_ufixed<8, 2, 4, 0, 0>, 16, 1>|  return value|
|ap_return_9   |  out|    8|  ap_ctrl_hs|  sparse_relu<ap_ufixed<9, 2, 4, 0, 0>, ap_ufixed<8, 2, 4, 0, 0>, 16, 1>|  return value|
|ap_return_10  |  out|    8|  ap_ctrl_hs|  sparse_relu<ap_ufixed<9, 2, 4, 0, 0>, ap_ufixed<8, 2, 4, 0, 0>, 16, 1>|  return value|
|ap_return_11  |  out|    8|  ap_ctrl_hs|  sparse_relu<ap_ufixed<9, 2, 4, 0, 0>, ap_ufixed<8, 2, 4, 0, 0>, 16, 1>|  return value|
|ap_return_12  |  out|    8|  ap_ctrl_hs|  sparse_relu<ap_ufixed<9, 2, 4, 0, 0>, ap_ufixed<8, 2, 4, 0, 0>, 16, 1>|  return value|
|ap_return_13  |  out|    8|  ap_ctrl_hs|  sparse_relu<ap_ufixed<9, 2, 4, 0, 0>, ap_ufixed<8, 2, 4, 0, 0>, 16, 1>|  return value|
|ap_return_14  |  out|    8|  ap_ctrl_hs|  sparse_relu<ap_ufixed<9, 2, 4, 0, 0>, ap_ufixed<8, 2, 4, 0, 0>, 16, 1>|  return value|
|ap_return_15  |  out|    8|  ap_ctrl_hs|  sparse_relu<ap_ufixed<9, 2, 4, 0, 0>, ap_ufixed<8, 2, 4, 0, 0>, 16, 1>|  return value|
|p_read        |   in|    9|     ap_none|                                                                  p_read|        scalar|
|p_read1       |   in|    9|     ap_none|                                                                 p_read1|        scalar|
|p_read2       |   in|    9|     ap_none|                                                                 p_read2|        scalar|
|p_read3       |   in|    9|     ap_none|                                                                 p_read3|        scalar|
|p_read4       |   in|    9|     ap_none|                                                                 p_read4|        scalar|
|p_read5       |   in|    9|     ap_none|                                                                 p_read5|        scalar|
|p_read6       |   in|    9|     ap_none|                                                                 p_read6|        scalar|
|p_read7       |   in|    9|     ap_none|                                                                 p_read7|        scalar|
|p_read8       |   in|    9|     ap_none|                                                                 p_read8|        scalar|
|p_read9       |   in|    9|     ap_none|                                                                 p_read9|        scalar|
|p_read10      |   in|    9|     ap_none|                                                                p_read10|        scalar|
|p_read11      |   in|    9|     ap_none|                                                                p_read11|        scalar|
|p_read12      |   in|    9|     ap_none|                                                                p_read12|        scalar|
|p_read13      |   in|    9|     ap_none|                                                                p_read13|        scalar|
|p_read14      |   in|    9|     ap_none|                                                                p_read14|        scalar|
|p_read15      |   in|    9|     ap_none|                                                                p_read15|        scalar|
+--------------+-----+-----+------------+------------------------------------------------------------------------+--------------+

