#-----------------------------------------------------------
# Vivado v2023.1 (64-bit)
# SW Build 3865809 on Sun May  7 15:04:56 MDT 2023
# IP Build 3864474 on Sun May  7 20:36:21 MDT 2023
# SharedData Build 3865790 on Sun May 07 13:33:03 MDT 2023
# Start of session at: Sat Jul 19 08:24:13 2025
# Process ID: 107462
# Current directory: /home/coder/sparse-pixels/hls_proj/scaling/16b/reduction/reduction-in200/reduction-in200-out30
# Command line: vivado -mode batch -source vivado_synth.tcl
# Log file: /home/coder/sparse-pixels/hls_proj/scaling/16b/reduction/reduction-in200/reduction-in200-out30/vivado.log
# Journal file: /home/coder/sparse-pixels/hls_proj/scaling/16b/reduction/reduction-in200/reduction-in200-out30/vivado.jou
# Running On: coder-hftsoi-hls3, OS: Linux, CPU Frequency: 2774.389 MHz, CPU Physical cores: 32, Host memory: 1081985 MB
#-----------------------------------------------------------
source vivado_synth.tcl
# set tcldir [file dirname [info script]]
# source [file join $tcldir project.tcl]
## variable project_name
## set project_name "hls_dummy"
## variable backend
## set backend "vitis"
## variable part
## set part "xcu250-figd2104-2L-e"
## variable clock_period
## set clock_period 5
## variable clock_uncertainty
## set clock_uncertainty 27%
## variable version
## set version "1.0.0"
## variable maximum_size
## set maximum_size 4096
# add_files ${project_name}_prj/solution1/syn/verilog
add_files: Time (s): cpu = 00:00:09 ; elapsed = 00:00:09 . Memory (MB): peak = 2408.109 ; gain = 114.992 ; free physical = 601260 ; free virtual = 689919
# synth_design -top ${project_name} -part $part
Command: synth_design -top hls_dummy -part xcu250-figd2104-2L-e
Starting synth_design
Attempting to get a license for feature 'Synthesis' and/or device 'xcu250'
INFO: [Common 17-349] Got license for feature 'Synthesis' and/or device 'xcu250'
INFO: [Synth 8-7079] Multithreading enabled for synth_design using a maximum of 4 processes.
INFO: [Synth 8-7078] Launching helper process for spawning children vivado processes
INFO: [Synth 8-7075] Helper process launched with PID 107473
---------------------------------------------------------------------------------
Starting Synthesize : Time (s): cpu = 00:00:04 ; elapsed = 00:00:05 . Memory (MB): peak = 2822.598 ; gain = 390.656 ; free physical = 590795 ; free virtual = 679454
---------------------------------------------------------------------------------
INFO: [Synth 8-6157] synthesizing module 'hls_dummy' [/home/coder/sparse-pixels/hls_proj/scaling/16b/reduction/reduction-in200/reduction-in200-out30/hls_dummy_prj/solution1/syn/verilog/hls_dummy.v:9]
INFO: [Synth 8-6157] synthesizing module 'hls_dummy_sparse_input_reduce_ap_fixed_16_6_5_3_0_ap_uint_10_20_10_1_30_4' [/home/coder/sparse-pixels/hls_proj/scaling/16b/reduction/reduction-in200/reduction-in200-out30/hls_dummy_prj/solution1/syn/verilog/hls_dummy_sparse_input_reduce_ap_fixed_16_6_5_3_0_ap_uint_10_20_10_1_30_4.v:9]
INFO: [Synth 8-6157] synthesizing module 'hls_dummy_operator_s' [/home/coder/sparse-pixels/hls_proj/scaling/16b/reduction/reduction-in200/reduction-in200-out30/hls_dummy_prj/solution1/syn/verilog/hls_dummy_operator_s.v:9]
INFO: [Synth 8-6155] done synthesizing module 'hls_dummy_operator_s' (0#1) [/home/coder/sparse-pixels/hls_proj/scaling/16b/reduction/reduction-in200/reduction-in200-out30/hls_dummy_prj/solution1/syn/verilog/hls_dummy_operator_s.v:9]
INFO: [Synth 8-6155] done synthesizing module 'hls_dummy_sparse_input_reduce_ap_fixed_16_6_5_3_0_ap_uint_10_20_10_1_30_4' (0#1) [/home/coder/sparse-pixels/hls_proj/scaling/16b/reduction/reduction-in200/reduction-in200-out30/hls_dummy_prj/solution1/syn/verilog/hls_dummy_sparse_input_reduce_ap_fixed_16_6_5_3_0_ap_uint_10_20_10_1_30_4.v:9]
INFO: [Synth 8-6157] synthesizing module 'hls_dummy_Block_entry24_proc' [/home/coder/sparse-pixels/hls_proj/scaling/16b/reduction/reduction-in200/reduction-in200-out30/hls_dummy_prj/solution1/syn/verilog/hls_dummy_Block_entry24_proc.v:9]
INFO: [Synth 8-6155] done synthesizing module 'hls_dummy_Block_entry24_proc' (0#1) [/home/coder/sparse-pixels/hls_proj/scaling/16b/reduction/reduction-in200/reduction-in200-out30/hls_dummy_prj/solution1/syn/verilog/hls_dummy_Block_entry24_proc.v:9]
INFO: [Synth 8-6157] synthesizing module 'hls_dummy_fifo_w16_d2_S' [/home/coder/sparse-pixels/hls_proj/scaling/16b/reduction/reduction-in200/reduction-in200-out30/hls_dummy_prj/solution1/syn/verilog/hls_dummy_fifo_w16_d2_S.v:11]
INFO: [Synth 8-6157] synthesizing module 'hls_dummy_fifo_w16_d2_S_ShiftReg' [/home/coder/sparse-pixels/hls_proj/scaling/16b/reduction/reduction-in200/reduction-in200-out30/hls_dummy_prj/solution1/syn/verilog/hls_dummy_fifo_w16_d2_S.v:120]
	Parameter DATA_WIDTH bound to: 16 - type: integer 
	Parameter ADDR_WIDTH bound to: 1 - type: integer 
	Parameter DEPTH bound to: 2 - type: integer 
INFO: [Synth 8-6155] done synthesizing module 'hls_dummy_fifo_w16_d2_S_ShiftReg' (0#1) [/home/coder/sparse-pixels/hls_proj/scaling/16b/reduction/reduction-in200/reduction-in200-out30/hls_dummy_prj/solution1/syn/verilog/hls_dummy_fifo_w16_d2_S.v:120]
INFO: [Synth 8-6155] done synthesizing module 'hls_dummy_fifo_w16_d2_S' (0#1) [/home/coder/sparse-pixels/hls_proj/scaling/16b/reduction/reduction-in200/reduction-in200-out30/hls_dummy_prj/solution1/syn/verilog/hls_dummy_fifo_w16_d2_S.v:11]
INFO: [Synth 8-6155] done synthesizing module 'hls_dummy' (0#1) [/home/coder/sparse-pixels/hls_proj/scaling/16b/reduction/reduction-in200/reduction-in200-out30/hls_dummy_prj/solution1/syn/verilog/hls_dummy.v:9]
WARNING: [Synth 8-7129] Port reset in module hls_dummy_fifo_w16_d2_S_ShiftReg is either unconnected or has no load
---------------------------------------------------------------------------------
Finished Synthesize : Time (s): cpu = 00:00:07 ; elapsed = 00:00:07 . Memory (MB): peak = 2935.566 ; gain = 503.625 ; free physical = 597025 ; free virtual = 685685
---------------------------------------------------------------------------------
---------------------------------------------------------------------------------
Finished Constraint Validation : Time (s): cpu = 00:00:08 ; elapsed = 00:00:08 . Memory (MB): peak = 2938.535 ; gain = 506.594 ; free physical = 595698 ; free virtual = 684358
---------------------------------------------------------------------------------
---------------------------------------------------------------------------------
Start Loading Part and Timing Information
---------------------------------------------------------------------------------
Loading part: xcu250-figd2104-2L-e
INFO: [Synth 8-6742] Reading net delay rules and data
---------------------------------------------------------------------------------
INFO: [Device 21-403] Loading part xcu250-figd2104-2L-e
Finished Loading Part and Timing Information : Time (s): cpu = 00:00:08 ; elapsed = 00:00:08 . Memory (MB): peak = 2955.445 ; gain = 523.504 ; free physical = 595579 ; free virtual = 684239
---------------------------------------------------------------------------------
INFO: [Synth 8-4490] FSM extraction disabled for register 'ap_CS_fsm_reg' through user attribute
INFO: [Synth 8-4490] FSM extraction disabled for register 'ap_CS_fsm_reg' through user attribute
---------------------------------------------------------------------------------
Finished RTL Optimization Phase 2 : Time (s): cpu = 00:00:10 ; elapsed = 00:00:09 . Memory (MB): peak = 2955.445 ; gain = 523.504 ; free physical = 596184 ; free virtual = 684846
---------------------------------------------------------------------------------
No constraint files found.
---------------------------------------------------------------------------------
Start RTL Component Statistics 
---------------------------------------------------------------------------------
Detailed RTL Component Info : 
+---Adders : 
	   2 Input    5 Bit       Adders := 1     
	   2 Input    2 Bit       Adders := 60    
+---XORs : 
	   2 Input      1 Bit         XORs := 60    
+---Registers : 
	               16 Bit    Registers := 344   
	               12 Bit    Registers := 24    
	                5 Bit    Registers := 3     
	                4 Bit    Registers := 1     
	                2 Bit    Registers := 30    
	                1 Bit    Registers := 96    
+---Muxes : 
	   2 Input   16 Bit        Muxes := 322   
	   2 Input   15 Bit        Muxes := 342   
	   2 Input   12 Bit        Muxes := 366   
	   2 Input    8 Bit        Muxes := 8     
	   2 Input    4 Bit        Muxes := 2     
	   2 Input    2 Bit        Muxes := 31    
	   2 Input    1 Bit        Muxes := 136   
---------------------------------------------------------------------------------
Finished RTL Component Statistics 
---------------------------------------------------------------------------------
---------------------------------------------------------------------------------
Start Part Resource Summary
---------------------------------------------------------------------------------
Part Resources:
DSPs: 12288 (col length:96)
BRAMs: 5376 (col length: RAMB18 384 RAMB36 192)
---------------------------------------------------------------------------------
Finished Part Resource Summary
---------------------------------------------------------------------------------
No constraint files found.
---------------------------------------------------------------------------------
Start Cross Boundary and Area Optimization
---------------------------------------------------------------------------------
WARNING: [Synth 8-7080] Parallel synthesis criteria is not met
---------------------------------------------------------------------------------
Finished Cross Boundary and Area Optimization : Time (s): cpu = 00:00:47 ; elapsed = 00:00:47 . Memory (MB): peak = 4085.219 ; gain = 1653.277 ; free physical = 599438 ; free virtual = 688115
---------------------------------------------------------------------------------
No constraint files found.
---------------------------------------------------------------------------------
Start Timing Optimization
---------------------------------------------------------------------------------
---------------------------------------------------------------------------------
Finished Timing Optimization : Time (s): cpu = 00:00:47 ; elapsed = 00:00:48 . Memory (MB): peak = 4085.219 ; gain = 1653.277 ; free physical = 598916 ; free virtual = 687593
---------------------------------------------------------------------------------
---------------------------------------------------------------------------------
Start Technology Mapping
---------------------------------------------------------------------------------
---------------------------------------------------------------------------------
Finished Technology Mapping : Time (s): cpu = 00:00:50 ; elapsed = 00:00:51 . Memory (MB): peak = 4101.234 ; gain = 1669.293 ; free physical = 583155 ; free virtual = 671831
---------------------------------------------------------------------------------
---------------------------------------------------------------------------------
Start IO Insertion
---------------------------------------------------------------------------------
---------------------------------------------------------------------------------
Start Flattening Before IO Insertion
---------------------------------------------------------------------------------
---------------------------------------------------------------------------------
Finished Flattening Before IO Insertion
---------------------------------------------------------------------------------
---------------------------------------------------------------------------------
Start Final Netlist Cleanup
---------------------------------------------------------------------------------
---------------------------------------------------------------------------------
Finished Final Netlist Cleanup
---------------------------------------------------------------------------------
---------------------------------------------------------------------------------
Finished IO Insertion : Time (s): cpu = 00:00:56 ; elapsed = 00:00:56 . Memory (MB): peak = 4101.234 ; gain = 1669.293 ; free physical = 599455 ; free virtual = 688132
---------------------------------------------------------------------------------
---------------------------------------------------------------------------------
Start Renaming Generated Instances
---------------------------------------------------------------------------------
---------------------------------------------------------------------------------
Finished Renaming Generated Instances : Time (s): cpu = 00:00:56 ; elapsed = 00:00:56 . Memory (MB): peak = 4101.234 ; gain = 1669.293 ; free physical = 599455 ; free virtual = 688132
---------------------------------------------------------------------------------
---------------------------------------------------------------------------------
Start Rebuilding User Hierarchy
---------------------------------------------------------------------------------
---------------------------------------------------------------------------------
Finished Rebuilding User Hierarchy : Time (s): cpu = 00:00:56 ; elapsed = 00:00:57 . Memory (MB): peak = 4101.234 ; gain = 1669.293 ; free physical = 599428 ; free virtual = 688105
---------------------------------------------------------------------------------
---------------------------------------------------------------------------------
Start Renaming Generated Ports
---------------------------------------------------------------------------------
---------------------------------------------------------------------------------
Finished Renaming Generated Ports : Time (s): cpu = 00:00:56 ; elapsed = 00:00:57 . Memory (MB): peak = 4101.234 ; gain = 1669.293 ; free physical = 599669 ; free virtual = 688346
---------------------------------------------------------------------------------
---------------------------------------------------------------------------------
Start Handling Custom Attributes
---------------------------------------------------------------------------------
---------------------------------------------------------------------------------
Finished Handling Custom Attributes : Time (s): cpu = 00:00:59 ; elapsed = 00:00:59 . Memory (MB): peak = 4101.234 ; gain = 1669.293 ; free physical = 587838 ; free virtual = 676515
---------------------------------------------------------------------------------
---------------------------------------------------------------------------------
Start Renaming Generated Nets
---------------------------------------------------------------------------------
---------------------------------------------------------------------------------
Finished Renaming Generated Nets : Time (s): cpu = 00:00:59 ; elapsed = 00:00:59 . Memory (MB): peak = 4101.234 ; gain = 1669.293 ; free physical = 587587 ; free virtual = 676264
---------------------------------------------------------------------------------
---------------------------------------------------------------------------------
Start Writing Synthesis Report
---------------------------------------------------------------------------------

Report BlackBoxes: 
+-+--------------+----------+
| |BlackBox name |Instances |
+-+--------------+----------+
+-+--------------+----------+

Report Cell Usage: 
+------+-------+------+
|      |Cell   |Count |
+------+-------+------+
|1     |BUFG   |     1|
|2     |CARRY8 |   342|
|3     |LUT1   |    96|
|4     |LUT2   |  1193|
|5     |LUT3   |  1172|
|6     |LUT4   |  4195|
|7     |LUT5   |  2942|
|8     |LUT6   |  3835|
|9     |MUXF7  |    10|
|10    |FDRE   |  5549|
|11    |FDSE   |    91|
|12    |IBUF   |  3204|
|13    |OBUF   |   513|
+------+-------+------+

Report Instance Areas: 
+------+---------------------------------------------------------------------+--------------------------------------------------------------------------+------+
|      |Instance                                                             |Module                                                                    |Cells |
+------+---------------------------------------------------------------------+--------------------------------------------------------------------------+------+
|1     |top                                                                  |                                                                          | 23143|
|2     |  Block_entry24_proc_U0                                              |hls_dummy_Block_entry24_proc                                              |   450|
|3     |  sparse_arr_feat_reduce_out_10_U                                    |hls_dummy_fifo_w16_d2_S                                                   |    53|
|4     |    U_hls_dummy_fifo_w16_d2_S_ShiftReg                               |hls_dummy_fifo_w16_d2_S_ShiftReg_57                                       |    45|
|5     |  sparse_arr_feat_reduce_out_11_U                                    |hls_dummy_fifo_w16_d2_S_0                                                 |    53|
|6     |    U_hls_dummy_fifo_w16_d2_S_ShiftReg                               |hls_dummy_fifo_w16_d2_S_ShiftReg_56                                       |    45|
|7     |  sparse_arr_feat_reduce_out_12_U                                    |hls_dummy_fifo_w16_d2_S_1                                                 |    56|
|8     |    U_hls_dummy_fifo_w16_d2_S_ShiftReg                               |hls_dummy_fifo_w16_d2_S_ShiftReg_55                                       |    45|
|9     |  sparse_arr_feat_reduce_out_13_U                                    |hls_dummy_fifo_w16_d2_S_2                                                 |    53|
|10    |    U_hls_dummy_fifo_w16_d2_S_ShiftReg                               |hls_dummy_fifo_w16_d2_S_ShiftReg_54                                       |    45|
|11    |  sparse_arr_feat_reduce_out_14_U                                    |hls_dummy_fifo_w16_d2_S_3                                                 |    53|
|12    |    U_hls_dummy_fifo_w16_d2_S_ShiftReg                               |hls_dummy_fifo_w16_d2_S_ShiftReg_53                                       |    45|
|13    |  sparse_arr_feat_reduce_out_15_U                                    |hls_dummy_fifo_w16_d2_S_4                                                 |    53|
|14    |    U_hls_dummy_fifo_w16_d2_S_ShiftReg                               |hls_dummy_fifo_w16_d2_S_ShiftReg_52                                       |    45|
|15    |  sparse_arr_feat_reduce_out_16_U                                    |hls_dummy_fifo_w16_d2_S_5                                                 |    55|
|16    |    U_hls_dummy_fifo_w16_d2_S_ShiftReg                               |hls_dummy_fifo_w16_d2_S_ShiftReg_51                                       |    45|
|17    |  sparse_arr_feat_reduce_out_17_U                                    |hls_dummy_fifo_w16_d2_S_6                                                 |    53|
|18    |    U_hls_dummy_fifo_w16_d2_S_ShiftReg                               |hls_dummy_fifo_w16_d2_S_ShiftReg_50                                       |    45|
|19    |  sparse_arr_feat_reduce_out_18_U                                    |hls_dummy_fifo_w16_d2_S_7                                                 |    53|
|20    |    U_hls_dummy_fifo_w16_d2_S_ShiftReg                               |hls_dummy_fifo_w16_d2_S_ShiftReg_49                                       |    45|
|21    |  sparse_arr_feat_reduce_out_19_U                                    |hls_dummy_fifo_w16_d2_S_8                                                 |    53|
|22    |    U_hls_dummy_fifo_w16_d2_S_ShiftReg                               |hls_dummy_fifo_w16_d2_S_ShiftReg_48                                       |    45|
|23    |  sparse_arr_feat_reduce_out_1_U                                     |hls_dummy_fifo_w16_d2_S_9                                                 |    53|
|24    |    U_hls_dummy_fifo_w16_d2_S_ShiftReg                               |hls_dummy_fifo_w16_d2_S_ShiftReg_47                                       |    45|
|25    |  sparse_arr_feat_reduce_out_20_U                                    |hls_dummy_fifo_w16_d2_S_10                                                |    53|
|26    |    U_hls_dummy_fifo_w16_d2_S_ShiftReg                               |hls_dummy_fifo_w16_d2_S_ShiftReg_46                                       |    45|
|27    |  sparse_arr_feat_reduce_out_21_U                                    |hls_dummy_fifo_w16_d2_S_11                                                |    55|
|28    |    U_hls_dummy_fifo_w16_d2_S_ShiftReg                               |hls_dummy_fifo_w16_d2_S_ShiftReg_45                                       |    45|
|29    |  sparse_arr_feat_reduce_out_22_U                                    |hls_dummy_fifo_w16_d2_S_12                                                |    54|
|30    |    U_hls_dummy_fifo_w16_d2_S_ShiftReg                               |hls_dummy_fifo_w16_d2_S_ShiftReg_44                                       |    45|
|31    |  sparse_arr_feat_reduce_out_23_U                                    |hls_dummy_fifo_w16_d2_S_13                                                |    53|
|32    |    U_hls_dummy_fifo_w16_d2_S_ShiftReg                               |hls_dummy_fifo_w16_d2_S_ShiftReg_43                                       |    45|
|33    |  sparse_arr_feat_reduce_out_24_U                                    |hls_dummy_fifo_w16_d2_S_14                                                |    53|
|34    |    U_hls_dummy_fifo_w16_d2_S_ShiftReg                               |hls_dummy_fifo_w16_d2_S_ShiftReg_42                                       |    45|
|35    |  sparse_arr_feat_reduce_out_25_U                                    |hls_dummy_fifo_w16_d2_S_15                                                |    54|
|36    |    U_hls_dummy_fifo_w16_d2_S_ShiftReg                               |hls_dummy_fifo_w16_d2_S_ShiftReg_41                                       |    45|
|37    |  sparse_arr_feat_reduce_out_26_U                                    |hls_dummy_fifo_w16_d2_S_16                                                |    54|
|38    |    U_hls_dummy_fifo_w16_d2_S_ShiftReg                               |hls_dummy_fifo_w16_d2_S_ShiftReg_40                                       |    45|
|39    |  sparse_arr_feat_reduce_out_27_U                                    |hls_dummy_fifo_w16_d2_S_17                                                |    54|
|40    |    U_hls_dummy_fifo_w16_d2_S_ShiftReg                               |hls_dummy_fifo_w16_d2_S_ShiftReg_39                                       |    45|
|41    |  sparse_arr_feat_reduce_out_28_U                                    |hls_dummy_fifo_w16_d2_S_18                                                |    53|
|42    |    U_hls_dummy_fifo_w16_d2_S_ShiftReg                               |hls_dummy_fifo_w16_d2_S_ShiftReg_38                                       |    45|
|43    |  sparse_arr_feat_reduce_out_29_U                                    |hls_dummy_fifo_w16_d2_S_19                                                |    53|
|44    |    U_hls_dummy_fifo_w16_d2_S_ShiftReg                               |hls_dummy_fifo_w16_d2_S_ShiftReg_37                                       |    45|
|45    |  sparse_arr_feat_reduce_out_2_U                                     |hls_dummy_fifo_w16_d2_S_20                                                |    54|
|46    |    U_hls_dummy_fifo_w16_d2_S_ShiftReg                               |hls_dummy_fifo_w16_d2_S_ShiftReg_36                                       |    45|
|47    |  sparse_arr_feat_reduce_out_3_U                                     |hls_dummy_fifo_w16_d2_S_21                                                |    53|
|48    |    U_hls_dummy_fifo_w16_d2_S_ShiftReg                               |hls_dummy_fifo_w16_d2_S_ShiftReg_35                                       |    45|
|49    |  sparse_arr_feat_reduce_out_4_U                                     |hls_dummy_fifo_w16_d2_S_22                                                |    53|
|50    |    U_hls_dummy_fifo_w16_d2_S_ShiftReg                               |hls_dummy_fifo_w16_d2_S_ShiftReg_34                                       |    45|
|51    |  sparse_arr_feat_reduce_out_5_U                                     |hls_dummy_fifo_w16_d2_S_23                                                |    61|
|52    |    U_hls_dummy_fifo_w16_d2_S_ShiftReg                               |hls_dummy_fifo_w16_d2_S_ShiftReg_33                                       |    45|
|53    |  sparse_arr_feat_reduce_out_6_U                                     |hls_dummy_fifo_w16_d2_S_24                                                |    55|
|54    |    U_hls_dummy_fifo_w16_d2_S_ShiftReg                               |hls_dummy_fifo_w16_d2_S_ShiftReg_32                                       |    45|
|55    |  sparse_arr_feat_reduce_out_7_U                                     |hls_dummy_fifo_w16_d2_S_25                                                |    53|
|56    |    U_hls_dummy_fifo_w16_d2_S_ShiftReg                               |hls_dummy_fifo_w16_d2_S_ShiftReg_31                                       |    45|
|57    |  sparse_arr_feat_reduce_out_8_U                                     |hls_dummy_fifo_w16_d2_S_26                                                |    53|
|58    |    U_hls_dummy_fifo_w16_d2_S_ShiftReg                               |hls_dummy_fifo_w16_d2_S_ShiftReg_30                                       |    45|
|59    |  sparse_arr_feat_reduce_out_9_U                                     |hls_dummy_fifo_w16_d2_S_27                                                |    53|
|60    |    U_hls_dummy_fifo_w16_d2_S_ShiftReg                               |hls_dummy_fifo_w16_d2_S_ShiftReg_29                                       |    45|
|61    |  sparse_arr_feat_reduce_out_U                                       |hls_dummy_fifo_w16_d2_S_28                                                |    54|
|62    |    U_hls_dummy_fifo_w16_d2_S_ShiftReg                               |hls_dummy_fifo_w16_d2_S_ShiftReg                                          |    45|
|63    |  sparse_input_reduce_ap_fixed_16_6_5_3_0_ap_uint_10_20_10_1_30_4_U0 |hls_dummy_sparse_input_reduce_ap_fixed_16_6_5_3_0_ap_uint_10_20_10_1_30_4 | 17332|
+------+---------------------------------------------------------------------+--------------------------------------------------------------------------+------+
---------------------------------------------------------------------------------
Finished Writing Synthesis Report : Time (s): cpu = 00:00:59 ; elapsed = 00:00:59 . Memory (MB): peak = 4101.234 ; gain = 1669.293 ; free physical = 587470 ; free virtual = 676147
---------------------------------------------------------------------------------
Synthesis finished with 0 errors, 0 critical warnings and 2 warnings.
Synthesis Optimization Runtime : Time (s): cpu = 00:00:59 ; elapsed = 00:00:59 . Memory (MB): peak = 4101.234 ; gain = 1669.293 ; free physical = 587367 ; free virtual = 676044
Synthesis Optimization Complete : Time (s): cpu = 00:00:59 ; elapsed = 00:00:59 . Memory (MB): peak = 4101.242 ; gain = 1669.293 ; free physical = 587358 ; free virtual = 676035
INFO: [Project 1-571] Translating synthesized netlist
Netlist sorting complete. Time (s): cpu = 00:00:00.17 ; elapsed = 00:00:00.18 . Memory (MB): peak = 4101.242 ; gain = 0.000 ; free physical = 592562 ; free virtual = 681239
INFO: [Netlist 29-17] Analyzing 3557 Unisim elements for replacement
INFO: [Netlist 29-28] Unisim Transformation completed in 0 CPU seconds
INFO: [Project 1-570] Preparing netlist for logic optimization
INFO: [Opt 31-138] Pushed 0 inverter(s) to 0 load pin(s).
Netlist sorting complete. Time (s): cpu = 00:00:00.01 ; elapsed = 00:00:00.01 . Memory (MB): peak = 4172.105 ; gain = 0.000 ; free physical = 599616 ; free virtual = 688293
INFO: [Project 1-111] Unisim Transformation Summary:
  A total of 3205 instances were transformed.
  BUFG => BUFGCE: 1 instance 
  IBUF => IBUF (IBUFCTRL, INBUF): 3204 instances

Synth Design complete | Checksum: 145761a5
INFO: [Common 17-83] Releasing license: Synthesis
27 Infos, 2 Warnings, 0 Critical Warnings and 0 Errors encountered.
synth_design completed successfully
synth_design: Time (s): cpu = 00:01:11 ; elapsed = 00:01:09 . Memory (MB): peak = 4172.105 ; gain = 1763.996 ; free physical = 599554 ; free virtual = 688231
INFO: [Common 17-2834] synth_design peak Physical Memory [PSS] (MB): overall = 3746.355; main = 3484.065; forked = 369.809
INFO: [Common 17-2834] synth_design peak Virtual Memory [VSS] (MB): overall = 5068.598; main = 4172.109; forked = 967.359
# opt_design -retarget -propconst -sweep -bram_power_opt -shift_register_opt
Command: opt_design -retarget -propconst -sweep -bram_power_opt -shift_register_opt
Attempting to get a license for feature 'Implementation' and/or device 'xcu250'
INFO: [Common 17-349] Got license for feature 'Implementation' and/or device 'xcu250'
Running DRC as a precondition to command opt_design

Starting DRC Task
INFO: [DRC 23-27] Running DRC with 8 threads
INFO: [Project 1-461] DRC finished with 0 Errors
INFO: [Project 1-462] Please refer to the DRC report (report_drc) for more information.

Time (s): cpu = 00:00:03 ; elapsed = 00:00:02 . Memory (MB): peak = 4236.137 ; gain = 64.031 ; free physical = 599534 ; free virtual = 688211

Starting Cache Timing Information Task
INFO: [Timing 38-35] Done setting XDC timing constraints.
Ending Cache Timing Information Task | Checksum: fe630e14

Time (s): cpu = 00:00:04 ; elapsed = 00:00:03 . Memory (MB): peak = 4303.527 ; gain = 67.391 ; free physical = 595012 ; free virtual = 683688

Starting Logic Optimization Task

Phase 1 Retarget
INFO: [Opt 31-1566] Pulled 60 inverters resulting in an inversion of 133 pins
INFO: [Opt 31-138] Pushed 0 inverter(s) to 0 load pin(s).
INFO: [Opt 31-49] Retargeted 0 cell(s).
Phase 1 Retarget | Checksum: 128d71caa

Time (s): cpu = 00:00:01 ; elapsed = 00:00:00.94 . Memory (MB): peak = 4500.496 ; gain = 0.000 ; free physical = 579198 ; free virtual = 667874
INFO: [Opt 31-389] Phase Retarget created 0 cells and removed 60 cells

Phase 2 Constant propagation
INFO: [Opt 31-138] Pushed 0 inverter(s) to 0 load pin(s).
Phase 2 Constant propagation | Checksum: 128d71caa

Time (s): cpu = 00:00:02 ; elapsed = 00:00:01 . Memory (MB): peak = 4500.496 ; gain = 0.000 ; free physical = 578440 ; free virtual = 667117
INFO: [Opt 31-389] Phase Constant propagation created 0 cells and removed 0 cells

Phase 3 Sweep
Phase 3 Sweep | Checksum: a36520b4

Time (s): cpu = 00:00:02 ; elapsed = 00:00:02 . Memory (MB): peak = 4500.496 ; gain = 0.000 ; free physical = 578625 ; free virtual = 667302
INFO: [Opt 31-389] Phase Sweep created 1 cells and removed 0 cells

Phase 4 Shift Register Optimization
INFO: [Opt 31-1064] SRL Remap converted 0 SRLs to 0 registers and converted 0 registers of register chains to 0 SRLs
Phase 4 Shift Register Optimization | Checksum: 1337c014a

Time (s): cpu = 00:00:03 ; elapsed = 00:00:02 . Memory (MB): peak = 4500.496 ; gain = 0.000 ; free physical = 585644 ; free virtual = 674320
INFO: [Opt 31-389] Phase Shift Register Optimization created 0 cells and removed 0 cells

Phase 5 Post Processing Netlist
Phase 5 Post Processing Netlist | Checksum: 1337c014a

Time (s): cpu = 00:00:03 ; elapsed = 00:00:02 . Memory (MB): peak = 4500.496 ; gain = 0.000 ; free physical = 587065 ; free virtual = 675741
INFO: [Opt 31-389] Phase Post Processing Netlist created 0 cells and removed 0 cells
Opt_design Change Summary
=========================


-------------------------------------------------------------------------------------------------------------------------
|  Phase                        |  #Cells created  |  #Cells Removed  |  #Constrained objects preventing optimizations  |
-------------------------------------------------------------------------------------------------------------------------
|  Retarget                     |               0  |              60  |                                              0  |
|  Constant propagation         |               0  |               0  |                                              0  |
|  Sweep                        |               1  |               0  |                                              0  |
|  Shift Register Optimization  |               0  |               0  |                                              0  |
|  Post Processing Netlist      |               0  |               0  |                                              0  |
-------------------------------------------------------------------------------------------------------------------------


Ending Logic Optimization Task | Checksum: 1337c014a

Time (s): cpu = 00:00:03 ; elapsed = 00:00:02 . Memory (MB): peak = 4500.496 ; gain = 0.000 ; free physical = 587771 ; free virtual = 676448

Starting Power Optimization Task
INFO: [Pwropt 34-132] Skipping clock gating for clocks with a period < 2.00 ns.
Ending Power Optimization Task | Checksum: 1337c014a

Time (s): cpu = 00:00:00.03 ; elapsed = 00:00:00.03 . Memory (MB): peak = 4500.496 ; gain = 0.000 ; free physical = 589833 ; free virtual = 678510

Starting Final Cleanup Task
Ending Final Cleanup Task | Checksum: 1337c014a

Time (s): cpu = 00:00:00 ; elapsed = 00:00:00 . Memory (MB): peak = 4500.496 ; gain = 0.000 ; free physical = 589869 ; free virtual = 678545

Starting Netlist Obfuscation Task
Netlist sorting complete. Time (s): cpu = 00:00:00.01 ; elapsed = 00:00:00.01 . Memory (MB): peak = 4500.496 ; gain = 0.000 ; free physical = 589965 ; free virtual = 678641
Ending Netlist Obfuscation Task | Checksum: 1337c014a

Time (s): cpu = 00:00:00.01 ; elapsed = 00:00:00.01 . Memory (MB): peak = 4500.496 ; gain = 0.000 ; free physical = 589989 ; free virtual = 678666
INFO: [Common 17-83] Releasing license: Implementation
17 Infos, 0 Warnings, 0 Critical Warnings and 0 Errors encountered.
opt_design completed successfully
opt_design: Time (s): cpu = 00:00:12 ; elapsed = 00:00:09 . Memory (MB): peak = 4500.496 ; gain = 328.391 ; free physical = 590006 ; free virtual = 678683
# report_utilization -file vivado_synth.rpt -hierarchical -hierarchical_depth 1
INFO: [Common 17-206] Exiting Vivado at Sat Jul 19 08:25:48 2025...
