

================================================================
== Vitis HLS Report for 'dense_latency_ap_ufixed_8_0_4_0_0_ap_fixed_23_8_5_3_0_config13_s'
================================================================
* Date:           Tue Jul 15 19:31:14 2025

* Version:        2023.2 (Build 4023990 on Oct 11 2023)
* Project:        myhls_prj
* Solution:       solution1 (Vivado IP Flow Target)
* Product family: virtexuplus
* Target device:  xcu250-figd2104-2L-e


================================================================
== Performance Estimates
================================================================
+ Timing: 
    * Summary: 
    +--------+---------+----------+------------+
    |  Clock |  Target | Estimated| Uncertainty|
    +--------+---------+----------+------------+
    |ap_clk  |  5.00 ns|  3.546 ns|     1.35 ns|
    +--------+---------+----------+------------+

+ Latency: 
    * Summary: 
    +---------+---------+-----------+-----------+-----+-----+---------+
    |  Latency (cycles) |   Latency (absolute)  |  Interval | Pipeline|
    |   min   |   max   |    min    |    max    | min | max |   Type  |
    +---------+---------+-----------+-----------+-----+-----+---------+
    |        3|        3|  15.000 ns|  15.000 ns|    1|    1|      yes|
    +---------+---------+-----------+-----------+-----+-----+---------+

    + Detail: 
        * Instance: 
        N/A

        * Loop: 
        N/A



================================================================
== Utilization Estimates
================================================================
* Summary: 
+---------------------+---------+-------+---------+---------+------+
|         Name        | BRAM_18K|  DSP  |    FF   |   LUT   | URAM |
+---------------------+---------+-------+---------+---------+------+
|DSP                  |        -|      -|        -|        -|     -|
|Expression           |        -|      -|        0|    11845|     -|
|FIFO                 |        -|      -|        -|        -|     -|
|Instance             |        -|      0|        0|     3440|     -|
|Memory               |        -|      -|        -|        -|     -|
|Multiplexer          |        -|      -|        -|       54|     -|
|Register             |        -|      -|     2742|        -|     -|
+---------------------+---------+-------+---------+---------+------+
|Total                |        0|      0|     2742|    15339|     0|
+---------------------+---------+-------+---------+---------+------+
|Available SLR        |     1344|   3072|   864000|   432000|   320|
+---------------------+---------+-------+---------+---------+------+
|Utilization SLR (%)  |        0|      0|       ~0|        3|     0|
+---------------------+---------+-------+---------+---------+------+
|Available            |     5376|  12288|  3456000|  1728000|  1280|
+---------------------+---------+-------+---------+---------+------+
|Utilization (%)      |        0|      0|       ~0|       ~0|     0|
+---------------------+---------+-------+---------+---------+------+

+ Detail: 
    * Instance: 
    +--------------------------+--------------------+---------+----+---+----+-----+
    |         Instance         |       Module       | BRAM_18K| DSP| FF| LUT| URAM|
    +--------------------------+--------------------+---------+----+---+----+-----+
    |mul_8ns_5s_13_1_1_U3853   |mul_8ns_5s_13_1_1   |        0|   0|  0|  40|    0|
    |mul_8ns_5s_13_1_1_U3884   |mul_8ns_5s_13_1_1   |        0|   0|  0|  40|    0|
    |mul_8ns_6ns_13_1_1_U3823  |mul_8ns_6ns_13_1_1  |        0|   0|  0|  40|    0|
    |mul_8ns_6ns_13_1_1_U3851  |mul_8ns_6ns_13_1_1  |        0|   0|  0|  40|    0|
    |mul_8ns_6ns_13_1_1_U3862  |mul_8ns_6ns_13_1_1  |        0|   0|  0|  40|    0|
    |mul_8ns_6ns_13_1_1_U3878  |mul_8ns_6ns_13_1_1  |        0|   0|  0|  40|    0|
    |mul_8ns_6ns_13_1_1_U3879  |mul_8ns_6ns_13_1_1  |        0|   0|  0|  40|    0|
    |mul_8ns_6ns_13_1_1_U3900  |mul_8ns_6ns_13_1_1  |        0|   0|  0|  40|    0|
    |mul_8ns_6s_14_1_1_U3854   |mul_8ns_6s_14_1_1   |        0|   0|  0|  40|    0|
    |mul_8ns_6s_14_1_1_U3877   |mul_8ns_6s_14_1_1   |        0|   0|  0|  40|    0|
    |mul_8ns_7ns_14_1_1_U3828  |mul_8ns_7ns_14_1_1  |        0|   0|  0|  40|    0|
    |mul_8ns_7ns_14_1_1_U3829  |mul_8ns_7ns_14_1_1  |        0|   0|  0|  40|    0|
    |mul_8ns_7ns_14_1_1_U3830  |mul_8ns_7ns_14_1_1  |        0|   0|  0|  40|    0|
    |mul_8ns_7ns_14_1_1_U3837  |mul_8ns_7ns_14_1_1  |        0|   0|  0|  40|    0|
    |mul_8ns_7ns_14_1_1_U3849  |mul_8ns_7ns_14_1_1  |        0|   0|  0|  40|    0|
    |mul_8ns_7ns_14_1_1_U3859  |mul_8ns_7ns_14_1_1  |        0|   0|  0|  40|    0|
    |mul_8ns_7ns_14_1_1_U3863  |mul_8ns_7ns_14_1_1  |        0|   0|  0|  40|    0|
    |mul_8ns_7ns_14_1_1_U3885  |mul_8ns_7ns_14_1_1  |        0|   0|  0|  40|    0|
    |mul_8ns_7s_15_1_1_U3821   |mul_8ns_7s_15_1_1   |        0|   0|  0|  40|    0|
    |mul_8ns_7s_15_1_1_U3839   |mul_8ns_7s_15_1_1   |        0|   0|  0|  40|    0|
    |mul_8ns_7s_15_1_1_U3848   |mul_8ns_7s_15_1_1   |        0|   0|  0|  40|    0|
    |mul_8ns_7s_15_1_1_U3861   |mul_8ns_7s_15_1_1   |        0|   0|  0|  40|    0|
    |mul_8ns_7s_15_1_1_U3865   |mul_8ns_7s_15_1_1   |        0|   0|  0|  40|    0|
    |mul_8ns_7s_15_1_1_U3867   |mul_8ns_7s_15_1_1   |        0|   0|  0|  40|    0|
    |mul_8ns_7s_15_1_1_U3881   |mul_8ns_7s_15_1_1   |        0|   0|  0|  40|    0|
    |mul_8ns_7s_15_1_1_U3888   |mul_8ns_7s_15_1_1   |        0|   0|  0|  40|    0|
    |mul_8ns_7s_15_1_1_U3890   |mul_8ns_7s_15_1_1   |        0|   0|  0|  40|    0|
    |mul_8ns_7s_15_1_1_U3891   |mul_8ns_7s_15_1_1   |        0|   0|  0|  40|    0|
    |mul_8ns_7s_15_1_1_U3897   |mul_8ns_7s_15_1_1   |        0|   0|  0|  40|    0|
    |mul_8ns_7s_15_1_1_U3902   |mul_8ns_7s_15_1_1   |        0|   0|  0|  40|    0|
    |mul_8ns_8ns_15_1_1_U3820  |mul_8ns_8ns_15_1_1  |        0|   0|  0|  40|    0|
    |mul_8ns_8ns_15_1_1_U3822  |mul_8ns_8ns_15_1_1  |        0|   0|  0|  40|    0|
    |mul_8ns_8ns_15_1_1_U3825  |mul_8ns_8ns_15_1_1  |        0|   0|  0|  40|    0|
    |mul_8ns_8ns_15_1_1_U3827  |mul_8ns_8ns_15_1_1  |        0|   0|  0|  40|    0|
    |mul_8ns_8ns_15_1_1_U3832  |mul_8ns_8ns_15_1_1  |        0|   0|  0|  40|    0|
    |mul_8ns_8ns_15_1_1_U3833  |mul_8ns_8ns_15_1_1  |        0|   0|  0|  40|    0|
    |mul_8ns_8ns_15_1_1_U3836  |mul_8ns_8ns_15_1_1  |        0|   0|  0|  40|    0|
    |mul_8ns_8ns_15_1_1_U3838  |mul_8ns_8ns_15_1_1  |        0|   0|  0|  40|    0|
    |mul_8ns_8ns_15_1_1_U3843  |mul_8ns_8ns_15_1_1  |        0|   0|  0|  40|    0|
    |mul_8ns_8ns_15_1_1_U3847  |mul_8ns_8ns_15_1_1  |        0|   0|  0|  40|    0|
    |mul_8ns_8ns_15_1_1_U3850  |mul_8ns_8ns_15_1_1  |        0|   0|  0|  40|    0|
    |mul_8ns_8ns_15_1_1_U3852  |mul_8ns_8ns_15_1_1  |        0|   0|  0|  40|    0|
    |mul_8ns_8ns_15_1_1_U3856  |mul_8ns_8ns_15_1_1  |        0|   0|  0|  40|    0|
    |mul_8ns_8ns_15_1_1_U3858  |mul_8ns_8ns_15_1_1  |        0|   0|  0|  40|    0|
    |mul_8ns_8ns_15_1_1_U3860  |mul_8ns_8ns_15_1_1  |        0|   0|  0|  40|    0|
    |mul_8ns_8ns_15_1_1_U3864  |mul_8ns_8ns_15_1_1  |        0|   0|  0|  40|    0|
    |mul_8ns_8ns_15_1_1_U3866  |mul_8ns_8ns_15_1_1  |        0|   0|  0|  40|    0|
    |mul_8ns_8ns_15_1_1_U3868  |mul_8ns_8ns_15_1_1  |        0|   0|  0|  40|    0|
    |mul_8ns_8ns_15_1_1_U3869  |mul_8ns_8ns_15_1_1  |        0|   0|  0|  40|    0|
    |mul_8ns_8ns_15_1_1_U3871  |mul_8ns_8ns_15_1_1  |        0|   0|  0|  40|    0|
    |mul_8ns_8ns_15_1_1_U3880  |mul_8ns_8ns_15_1_1  |        0|   0|  0|  40|    0|
    |mul_8ns_8ns_15_1_1_U3886  |mul_8ns_8ns_15_1_1  |        0|   0|  0|  40|    0|
    |mul_8ns_8ns_15_1_1_U3887  |mul_8ns_8ns_15_1_1  |        0|   0|  0|  40|    0|
    |mul_8ns_8ns_15_1_1_U3892  |mul_8ns_8ns_15_1_1  |        0|   0|  0|  40|    0|
    |mul_8ns_8ns_15_1_1_U3895  |mul_8ns_8ns_15_1_1  |        0|   0|  0|  40|    0|
    |mul_8ns_8ns_15_1_1_U3896  |mul_8ns_8ns_15_1_1  |        0|   0|  0|  40|    0|
    |mul_8ns_8ns_15_1_1_U3899  |mul_8ns_8ns_15_1_1  |        0|   0|  0|  40|    0|
    |mul_8ns_8ns_15_1_1_U3901  |mul_8ns_8ns_15_1_1  |        0|   0|  0|  40|    0|
    |mul_8ns_8ns_15_1_1_U3903  |mul_8ns_8ns_15_1_1  |        0|   0|  0|  40|    0|
    |mul_8ns_8ns_15_1_1_U3904  |mul_8ns_8ns_15_1_1  |        0|   0|  0|  40|    0|
    |mul_8ns_8s_16_1_1_U3819   |mul_8ns_8s_16_1_1   |        0|   0|  0|  40|    0|
    |mul_8ns_8s_16_1_1_U3824   |mul_8ns_8s_16_1_1   |        0|   0|  0|  40|    0|
    |mul_8ns_8s_16_1_1_U3826   |mul_8ns_8s_16_1_1   |        0|   0|  0|  40|    0|
    |mul_8ns_8s_16_1_1_U3831   |mul_8ns_8s_16_1_1   |        0|   0|  0|  40|    0|
    |mul_8ns_8s_16_1_1_U3834   |mul_8ns_8s_16_1_1   |        0|   0|  0|  40|    0|
    |mul_8ns_8s_16_1_1_U3835   |mul_8ns_8s_16_1_1   |        0|   0|  0|  40|    0|
    |mul_8ns_8s_16_1_1_U3840   |mul_8ns_8s_16_1_1   |        0|   0|  0|  40|    0|
    |mul_8ns_8s_16_1_1_U3841   |mul_8ns_8s_16_1_1   |        0|   0|  0|  40|    0|
    |mul_8ns_8s_16_1_1_U3842   |mul_8ns_8s_16_1_1   |        0|   0|  0|  40|    0|
    |mul_8ns_8s_16_1_1_U3844   |mul_8ns_8s_16_1_1   |        0|   0|  0|  40|    0|
    |mul_8ns_8s_16_1_1_U3845   |mul_8ns_8s_16_1_1   |        0|   0|  0|  40|    0|
    |mul_8ns_8s_16_1_1_U3846   |mul_8ns_8s_16_1_1   |        0|   0|  0|  40|    0|
    |mul_8ns_8s_16_1_1_U3855   |mul_8ns_8s_16_1_1   |        0|   0|  0|  40|    0|
    |mul_8ns_8s_16_1_1_U3857   |mul_8ns_8s_16_1_1   |        0|   0|  0|  40|    0|
    |mul_8ns_8s_16_1_1_U3870   |mul_8ns_8s_16_1_1   |        0|   0|  0|  40|    0|
    |mul_8ns_8s_16_1_1_U3872   |mul_8ns_8s_16_1_1   |        0|   0|  0|  40|    0|
    |mul_8ns_8s_16_1_1_U3873   |mul_8ns_8s_16_1_1   |        0|   0|  0|  40|    0|
    |mul_8ns_8s_16_1_1_U3874   |mul_8ns_8s_16_1_1   |        0|   0|  0|  40|    0|
    |mul_8ns_8s_16_1_1_U3875   |mul_8ns_8s_16_1_1   |        0|   0|  0|  40|    0|
    |mul_8ns_8s_16_1_1_U3876   |mul_8ns_8s_16_1_1   |        0|   0|  0|  40|    0|
    |mul_8ns_8s_16_1_1_U3882   |mul_8ns_8s_16_1_1   |        0|   0|  0|  40|    0|
    |mul_8ns_8s_16_1_1_U3883   |mul_8ns_8s_16_1_1   |        0|   0|  0|  40|    0|
    |mul_8ns_8s_16_1_1_U3889   |mul_8ns_8s_16_1_1   |        0|   0|  0|  40|    0|
    |mul_8ns_8s_16_1_1_U3893   |mul_8ns_8s_16_1_1   |        0|   0|  0|  40|    0|
    |mul_8ns_8s_16_1_1_U3894   |mul_8ns_8s_16_1_1   |        0|   0|  0|  40|    0|
    |mul_8ns_8s_16_1_1_U3898   |mul_8ns_8s_16_1_1   |        0|   0|  0|  40|    0|
    +--------------------------+--------------------+---------+----+---+----+-----+
    |Total                     |                    |        0|   0|  0|3440|    0|
    +--------------------------+--------------------+---------+----+---+----+-----+

    * DSP: 
    N/A

    * Memory: 
    N/A

    * FIFO: 
    N/A

    * Expression: 
    +----------------------------+----------+----+---+-----+------------+------------+
    |        Variable Name       | Operation| DSP| FF| LUT | Bitwidth P0| Bitwidth P1|
    +----------------------------+----------+----+---+-----+------------+------------+
    |add_ln58_3031_fu_105566_p2  |         +|   0|  0|   21|          14|          13|
    |add_ln58_3032_fu_105576_p2  |         +|   0|  0|   22|          15|          15|
    |add_ln58_3033_fu_105590_p2  |         +|   0|  0|   22|          15|          14|
    |add_ln58_3034_fu_105600_p2  |         +|   0|  0|   24|          17|          17|
    |add_ln58_3035_fu_105622_p2  |         +|   0|  0|   25|          18|          18|
    |add_ln58_3036_fu_105632_p2  |         +|   0|  0|   23|          16|          16|
    |add_ln58_3037_fu_105666_p2  |         +|   0|  0|   17|          17|          17|
    |add_ln58_3038_fu_105672_p2  |         +|   0|  0|   24|          17|          13|
    |add_ln58_3039_fu_105678_p2  |         +|   0|  0|   17|          17|          17|
    |add_ln58_3040_fu_105696_p2  |         +|   0|  0|   24|          17|          17|
    |add_ln58_3041_fu_105706_p2  |         +|   0|  0|   25|          18|          18|
    |add_ln58_3042_fu_105724_p2  |         +|   0|  0|   16|          16|          16|
    |add_ln58_3043_fu_105734_p2  |         +|   0|  0|   24|          17|          17|
    |add_ln58_3044_fu_105772_p2  |         +|   0|  0|   18|          18|          18|
    |add_ln58_3045_fu_105778_p2  |         +|   0|  0|   24|          17|          17|
    |add_ln58_3046_fu_105788_p2  |         +|   0|  0|   18|          18|          18|
    |add_ln58_3047_fu_105810_p2  |         +|   0|  0|   24|          17|          17|
    |add_ln58_3048_fu_105820_p2  |         +|   0|  0|   19|          19|          19|
    |add_ln58_3049_fu_105826_p2  |         +|   0|  0|   24|          17|          17|
    |add_ln58_3050_fu_105836_p2  |         +|   0|  0|   25|          18|          18|
    |add_ln58_3051_fu_105846_p2  |         +|   0|  0|   19|          19|          19|
    |add_ln58_3052_fu_105868_p2  |         +|   0|  0|   24|          17|          17|
    |add_ln58_3053_fu_108651_p2  |         +|   0|  0|   26|          19|          19|
    |add_ln58_3054_fu_105878_p2  |         +|   0|  0|   25|          18|          18|
    |add_ln58_3055_fu_105884_p2  |         +|   0|  0|   24|          17|          17|
    |add_ln58_3056_fu_108664_p2  |         +|   0|  0|   18|          18|          18|
    |add_ln58_3057_fu_105900_p2  |         +|   0|  0|   16|          14|          14|
    |add_ln58_3058_fu_105910_p2  |         +|   0|  0|   23|          16|          16|
    |add_ln58_3059_fu_105920_p2  |         +|   0|  0|   24|          17|          17|
    |add_ln58_3060_fu_108672_p2  |         +|   0|  0|   18|          18|          18|
    |add_ln58_3061_fu_105942_p2  |         +|   0|  0|   24|          17|          17|
    |add_ln58_3062_fu_108685_p2  |         +|   0|  0|   18|          18|          18|
    |add_ln58_3063_fu_105948_p2  |         +|   0|  0|   16|          14|          14|
    |add_ln58_3064_fu_105958_p2  |         +|   0|  0|   24|          17|          17|
    |add_ln58_3065_fu_108694_p2  |         +|   0|  0|   18|          18|          18|
    |add_ln58_3066_fu_105972_p2  |         +|   0|  0|   24|          17|          17|
    |add_ln58_3067_fu_108707_p2  |         +|   0|  0|   19|          19|          19|
    |add_ln58_3068_fu_105978_p2  |         +|   0|  0|   24|          17|          17|
    |add_ln58_3069_fu_105988_p2  |         +|   0|  0|   23|          16|          16|
    |add_ln58_3070_fu_105998_p2  |         +|   0|  0|   25|          18|          18|
    |add_ln58_3071_fu_108716_p2  |         +|   0|  0|   19|          19|          19|
    |add_ln58_3072_fu_108742_p2  |         +|   0|  0|   19|          19|          19|
    |add_ln58_3073_fu_108748_p2  |         +|   0|  0|   24|          17|          17|
    |add_ln58_3074_fu_108758_p2  |         +|   0|  0|   19|          19|          19|
    |add_ln58_3075_fu_106068_p2  |         +|   0|  0|   24|          17|          17|
    |add_ln58_3076_fu_108771_p2  |         +|   0|  0|   20|          20|          20|
    |add_ln58_3077_fu_106074_p2  |         +|   0|  0|   24|          17|          17|
    |add_ln58_3078_fu_106084_p2  |         +|   0|  0|   22|          15|          15|
    |add_ln58_3079_fu_106094_p2  |         +|   0|  0|   25|          18|          18|
    |add_ln58_3080_fu_108780_p2  |         +|   0|  0|   20|          20|          20|
    |add_ln58_3081_fu_106108_p2  |         +|   0|  0|   24|          17|          17|
    |add_ln58_3082_fu_108793_p2  |         +|   0|  0|   26|          19|          19|
    |add_ln58_3083_fu_106114_p2  |         +|   0|  0|   17|          17|          17|
    |add_ln58_3084_fu_106120_p2  |         +|   0|  0|   22|          15|          15|
    |add_ln58_3085_fu_106130_p2  |         +|   0|  0|   17|          17|          17|
    |add_ln58_3086_fu_108802_p2  |         +|   0|  0|   19|          19|          19|
    |add_ln58_3087_fu_108836_p2  |         +|   0|  0|   27|          20|          20|
    |add_ln58_3088_fu_108842_p2  |         +|   0|  0|   24|          17|          17|
    |add_ln58_3089_fu_108852_p2  |         +|   0|  0|   20|          20|          20|
    |add_ln58_3090_fu_108858_p2  |         +|   0|  0|   24|          17|          17|
    |add_ln58_3091_fu_106156_p2  |         +|   0|  0|   23|          16|          16|
    |add_ln58_3092_fu_106166_p2  |         +|   0|  0|   24|          17|          17|
    |add_ln58_3093_fu_108871_p2  |         +|   0|  0|   25|          18|          18|
    |add_ln58_3094_fu_108881_p2  |         +|   0|  0|   20|          20|          20|
    |add_ln58_3095_fu_106196_p2  |         +|   0|  0|   24|          17|          17|
    |add_ln58_3096_fu_108910_p2  |         +|   0|  0|   27|          20|          20|
    |add_ln58_3097_fu_106202_p2  |         +|   0|  0|   24|          17|          17|
    |add_ln58_3098_fu_106212_p2  |         +|   0|  0|   18|          18|          18|
    |add_ln58_3099_fu_106218_p2  |         +|   0|  0|   18|          18|          18|
    |add_ln58_3100_fu_108919_p2  |         +|   0|  0|   20|          20|          20|
    |add_ln58_3101_fu_106224_p2  |         +|   0|  0|   24|          17|          17|
    |add_ln58_3102_fu_108928_p2  |         +|   0|  0|   25|          18|          18|
    |add_ln58_3103_fu_106230_p2  |         +|   0|  0|   23|          16|          16|
    |add_ln58_3104_fu_106240_p2  |         +|   0|  0|   16|          14|          14|
    |add_ln58_3105_fu_106250_p2  |         +|   0|  0|   24|          17|          17|
    |add_ln58_3106_fu_108941_p2  |         +|   0|  0|   26|          19|          19|
    |add_ln58_3107_fu_108951_p2  |         +|   0|  0|   20|          20|          20|
    |add_ln58_3108_fu_108985_p2  |         +|   0|  0|   19|          19|          19|
    |add_ln58_3109_fu_108995_p2  |         +|   0|  0|   24|          17|          17|
    |add_ln58_3110_fu_109005_p2  |         +|   0|  0|   20|          20|          20|
    |add_ln58_3111_fu_106264_p2  |         +|   0|  0|   24|          17|          17|
    |add_ln58_3112_fu_106274_p2  |         +|   0|  0|   24|          17|          17|
    |add_ln58_3113_fu_106284_p2  |         +|   0|  0|   25|          18|          18|
    |add_ln58_3114_fu_109014_p2  |         +|   0|  0|   20|          20|          20|
    |add_ln58_3115_fu_106310_p2  |         +|   0|  0|   24|          17|          17|
    |add_ln58_3116_fu_109043_p2  |         +|   0|  0|   27|          20|          20|
    |add_ln58_3117_fu_109049_p2  |         +|   0|  0|   24|          17|          17|
    |add_ln58_3118_fu_109059_p2  |         +|   0|  0|   25|          18|          18|
    |add_ln58_3119_fu_109069_p2  |         +|   0|  0|   20|          20|          20|
    |add_ln58_3120_fu_109075_p2  |         +|   0|  0|   17|          17|          17|
    |add_ln58_3121_fu_109081_p2  |         +|   0|  0|   17|          17|          17|
    |add_ln58_3122_fu_106316_p2  |         +|   0|  0|   24|          17|          17|
    |add_ln58_3123_fu_109094_p2  |         +|   0|  0|   25|          18|          18|
    |add_ln58_3124_fu_109104_p2  |         +|   0|  0|   26|          19|          19|
    |add_ln58_3125_fu_109114_p2  |         +|   0|  0|   20|          20|          20|
    |add_ln58_3126_fu_109288_p2  |         +|   0|  0|   21|          21|          21|
    |add_ln58_3127_fu_106378_p2  |         +|   0|  0|   24|          17|          17|
    |add_ln58_3128_fu_106388_p2  |         +|   0|  0|   25|          18|          18|
    |add_ln58_3129_fu_109297_p2  |         +|   0|  0|   21|          21|          21|
    |add_ln58_3130_fu_109303_p2  |         +|   0|  0|   24|          17|          17|
    |add_ln58_3131_fu_109313_p2  |         +|   0|  0|   25|          18|          18|
    |add_ln58_3132_fu_109323_p2  |         +|   0|  0|   24|          17|          17|
    |add_ln58_3133_fu_109333_p2  |         +|   0|  0|   25|          18|          18|
    |add_ln58_3134_fu_109343_p2  |         +|   0|  0|   26|          19|          19|
    |add_ln58_3135_fu_111173_p2  |         +|   0|  0|   21|          21|          21|
    |add_ln58_3136_fu_109349_p2  |         +|   0|  0|   24|          17|          17|
    |add_ln58_3137_fu_106394_p2  |         +|   0|  0|   23|          16|          16|
    |add_ln58_3138_fu_109362_p2  |         +|   0|  0|   25|          18|          18|
    |add_ln58_3139_fu_109372_p2  |         +|   0|  0|   26|          19|          19|
    |add_ln58_3140_fu_106400_p2  |         +|   0|  0|   23|          16|          16|
    |add_ln58_3141_fu_106410_p2  |         +|   0|  0|   24|          17|          17|
    |add_ln58_3142_fu_106416_p2  |         +|   0|  0|   19|          12|          12|
    |add_ln58_3143_fu_109388_p2  |         +|   0|  0|   20|          13|          13|
    |add_ln58_3144_fu_109398_p2  |         +|   0|  0|   25|          18|          18|
    |add_ln58_3145_fu_109408_p2  |         +|   0|  0|   27|          20|          20|
    |add_ln58_3146_fu_111181_p2  |         +|   0|  0|   21|          21|          21|
    |add_ln58_3147_fu_109430_p2  |         +|   0|  0|   25|          18|          18|
    |add_ln58_3148_fu_111194_p2  |         +|   0|  0|   28|          21|          21|
    |add_ln58_3149_fu_109436_p2  |         +|   0|  0|   24|          17|          17|
    |add_ln58_3150_fu_109446_p2  |         +|   0|  0|   24|          17|          17|
    |add_ln58_3151_fu_109456_p2  |         +|   0|  0|   26|          19|          19|
    |add_ln58_3152_fu_111203_p2  |         +|   0|  0|   21|          21|          21|
    |add_ln58_3153_fu_109462_p2  |         +|   0|  0|   24|          17|          17|
    |add_ln58_3154_fu_109472_p2  |         +|   0|  0|   25|          18|          18|
    |add_ln58_3155_fu_109482_p2  |         +|   0|  0|   24|          17|          17|
    |add_ln58_3156_fu_109492_p2  |         +|   0|  0|   22|          15|          15|
    |add_ln58_3157_fu_109502_p2  |         +|   0|  0|   25|          18|          18|
    |add_ln58_3158_fu_109512_p2  |         +|   0|  0|   27|          20|          20|
    |add_ln58_3159_fu_111212_p2  |         +|   0|  0|   21|          21|          21|
    |add_ln58_3160_fu_109562_p2  |         +|   0|  0|   21|          21|          21|
    |add_ln58_3161_fu_109568_p2  |         +|   0|  0|   24|          17|          17|
    |add_ln58_3162_fu_109578_p2  |         +|   0|  0|   25|          18|          18|
    |add_ln58_3163_fu_109588_p2  |         +|   0|  0|   21|          21|          21|
    |add_ln58_3164_fu_109594_p2  |         +|   0|  0|   24|          17|          17|
    |add_ln58_3165_fu_109604_p2  |         +|   0|  0|   24|          17|          17|
    |add_ln58_3166_fu_109614_p2  |         +|   0|  0|   25|          18|          18|
    |add_ln58_3167_fu_109624_p2  |         +|   0|  0|   26|          19|          19|
    |add_ln58_3168_fu_111225_p2  |         +|   0|  0|   21|          21|          21|
    |add_ln58_3169_fu_109630_p2  |         +|   0|  0|   24|          17|          17|
    |add_ln58_3170_fu_106434_p2  |         +|   0|  0|   23|          16|          16|
    |add_ln58_3171_fu_106444_p2  |         +|   0|  0|   24|          17|          17|
    |add_ln58_3172_fu_109643_p2  |         +|   0|  0|   25|          18|          18|
    |add_ln58_3173_fu_106450_p2  |         +|   0|  0|   22|          15|          15|
    |add_ln58_3174_fu_106460_p2  |         +|   0|  0|   16|          14|          14|
    |add_ln58_3175_fu_106466_p2  |         +|   0|  0|   16|          14|          14|
    |add_ln58_3176_fu_106476_p2  |         +|   0|  0|   23|          16|          16|
    |add_ln58_3177_fu_109656_p2  |         +|   0|  0|   26|          19|          19|
    |add_ln58_3178_fu_111233_p2  |         +|   0|  0|   21|          21|          21|
    |add_ln58_3179_fu_109670_p2  |         +|   0|  0|   21|          21|          21|
    |add_ln58_3180_fu_109676_p2  |         +|   0|  0|   24|          17|          17|
    |add_ln58_3181_fu_109686_p2  |         +|   0|  0|   21|          21|          21|
    |add_ln58_3182_fu_109692_p2  |         +|   0|  0|   24|          17|          17|
    |add_ln58_3183_fu_109702_p2  |         +|   0|  0|   24|          17|          17|
    |add_ln58_3184_fu_109712_p2  |         +|   0|  0|   25|          18|          18|
    |add_ln58_3185_fu_109722_p2  |         +|   0|  0|   26|          19|          19|
    |add_ln58_3186_fu_111246_p2  |         +|   0|  0|   21|          21|          21|
    |add_ln58_3187_fu_109728_p2  |         +|   0|  0|   24|          17|          17|
    |add_ln58_3188_fu_109738_p2  |         +|   0|  0|   24|          17|          17|
    |add_ln58_3189_fu_109748_p2  |         +|   0|  0|   25|          18|          18|
    |add_ln58_3190_fu_109758_p2  |         +|   0|  0|   26|          19|          19|
    |add_ln58_3191_fu_109764_p2  |         +|   0|  0|   18|          18|          18|
    |add_ln58_3192_fu_106486_p2  |         +|   0|  0|   22|          15|          15|
    |add_ln58_3193_fu_109773_p2  |         +|   0|  0|   23|          16|          16|
    |add_ln58_3194_fu_109783_p2  |         +|   0|  0|   18|          18|          18|
    |add_ln58_3195_fu_111257_p2  |         +|   0|  0|   27|          20|          20|
    |add_ln58_3196_fu_111267_p2  |         +|   0|  0|   21|          21|          21|
    |add_ln58_3197_fu_109805_p2  |         +|   0|  0|   24|          17|          17|
    |add_ln58_3198_fu_109815_p2  |         +|   0|  0|   21|          21|          21|
    |add_ln58_3199_fu_109821_p2  |         +|   0|  0|   24|          17|          17|
    |add_ln58_3200_fu_109831_p2  |         +|   0|  0|   25|          18|          18|
    |add_ln58_3201_fu_109841_p2  |         +|   0|  0|   21|          21|          21|
    |add_ln58_3202_fu_109847_p2  |         +|   0|  0|   24|          17|          17|
    |add_ln58_3203_fu_109857_p2  |         +|   0|  0|   25|          18|          18|
    |add_ln58_3204_fu_109863_p2  |         +|   0|  0|   17|          17|          17|
    |add_ln58_3205_fu_109869_p2  |         +|   0|  0|   17|          17|          17|
    |add_ln58_3206_fu_111283_p2  |         +|   0|  0|   26|          19|          19|
    |add_ln58_3207_fu_111293_p2  |         +|   0|  0|   21|          21|          21|
    |add_ln58_3208_fu_109875_p2  |         +|   0|  0|   24|          17|          17|
    |add_ln58_3209_fu_109885_p2  |         +|   0|  0|   25|          18|          18|
    |add_ln58_3210_fu_109895_p2  |         +|   0|  0|   24|          17|          17|
    |add_ln58_3211_fu_109905_p2  |         +|   0|  0|   25|          18|          18|
    |add_ln58_3212_fu_109915_p2  |         +|   0|  0|   20|          20|          20|
    |add_ln58_3213_fu_106492_p2  |         +|   0|  0|   23|          16|          16|
    |add_ln58_3214_fu_106502_p2  |         +|   0|  0|   24|          17|          17|
    |add_ln58_3215_fu_106508_p2  |         +|   0|  0|   21|          14|          14|
    |add_ln58_3216_fu_106518_p2  |         +|   0|  0|   22|          15|          15|
    |add_ln58_3217_fu_109927_p2  |         +|   0|  0|   25|          18|          18|
    |add_ln58_3218_fu_109937_p2  |         +|   0|  0|   20|          20|          20|
    |add_ln58_3219_fu_111301_p2  |         +|   0|  0|   21|          21|          21|
    |add_ln58_3220_fu_110375_p2  |         +|   0|  0|   24|          17|          17|
    |add_ln58_3221_fu_111314_p2  |         +|   0|  0|   22|          22|          22|
    |add_ln58_3222_fu_110381_p2  |         +|   0|  0|   24|          17|          17|
    |add_ln58_3223_fu_110391_p2  |         +|   0|  0|   25|          18|          18|
    |add_ln58_3224_fu_111323_p2  |         +|   0|  0|   22|          22|          22|
    |add_ln58_3225_fu_110397_p2  |         +|   0|  0|   24|          17|          17|
    |add_ln58_3226_fu_110407_p2  |         +|   0|  0|   25|          18|          18|
    |add_ln58_3227_fu_110413_p2  |         +|   0|  0|   24|          17|          17|
    |add_ln58_3228_fu_110423_p2  |         +|   0|  0|   25|          18|          18|
    |add_ln58_3229_fu_111335_p2  |         +|   0|  0|   26|          19|          19|
    |add_ln58_3230_fu_111345_p2  |         +|   0|  0|   22|          22|          22|
    |add_ln58_3231_fu_110429_p2  |         +|   0|  0|   24|          17|          17|
    |add_ln58_3232_fu_110439_p2  |         +|   0|  0|   25|          18|          18|
    |add_ln58_3233_fu_110449_p2  |         +|   0|  0|   24|          17|          17|
    |add_ln58_3234_fu_110459_p2  |         +|   0|  0|   25|          18|          18|
    |add_ln58_3235_fu_110469_p2  |         +|   0|  0|   26|          19|          19|
    |add_ln58_3236_fu_110475_p2  |         +|   0|  0|   24|          17|          17|
    |add_ln58_3237_fu_110485_p2  |         +|   0|  0|   25|          18|          18|
    |add_ln58_3238_fu_110491_p2  |         +|   0|  0|   22|          15|          15|
    |add_ln58_3239_fu_110501_p2  |         +|   0|  0|   22|          15|          15|
    |add_ln58_3240_fu_110511_p2  |         +|   0|  0|   24|          17|          17|
    |add_ln58_3241_fu_111360_p2  |         +|   0|  0|   26|          19|          19|
    |add_ln58_3242_fu_111370_p2  |         +|   0|  0|   28|          21|          21|
    |add_ln58_3243_fu_111380_p2  |         +|   0|  0|   22|          22|          22|
    |add_ln58_3244_fu_110521_p2  |         +|   0|  0|   24|          17|          17|
    |add_ln58_3245_fu_111389_p2  |         +|   0|  0|   22|          22|          22|
    |add_ln58_3246_fu_110527_p2  |         +|   0|  0|   24|          17|          17|
    |add_ln58_3247_fu_110537_p2  |         +|   0|  0|   25|          18|          18|
    |add_ln58_3248_fu_111398_p2  |         +|   0|  0|   22|          22|          22|
    |add_ln58_3249_fu_110543_p2  |         +|   0|  0|   24|          17|          17|
    |add_ln58_3250_fu_110553_p2  |         +|   0|  0|   25|          18|          18|
    |add_ln58_3251_fu_110563_p2  |         +|   0|  0|   24|          17|          17|
    |add_ln58_3252_fu_110573_p2  |         +|   0|  0|   25|          18|          18|
    |add_ln58_3253_fu_110583_p2  |         +|   0|  0|   26|          19|          19|
    |add_ln58_3254_fu_111407_p2  |         +|   0|  0|   22|          22|          22|
    |add_ln58_3255_fu_110589_p2  |         +|   0|  0|   24|          17|          17|
    |add_ln58_3256_fu_110599_p2  |         +|   0|  0|   25|          18|          18|
    |add_ln58_3257_fu_110605_p2  |         +|   0|  0|   23|          16|          16|
    |add_ln58_3258_fu_110615_p2  |         +|   0|  0|   24|          17|          17|
    |add_ln58_3259_fu_111419_p2  |         +|   0|  0|   26|          19|          19|
    |add_ln58_3260_fu_110621_p2  |         +|   0|  0|   23|          16|          16|
    |add_ln58_3261_fu_110631_p2  |         +|   0|  0|   24|          17|          17|
    |add_ln58_3262_fu_110637_p2  |         +|   0|  0|   23|          16|          16|
    |add_ln58_3263_fu_110647_p2  |         +|   0|  0|   24|          17|          17|
    |add_ln58_3264_fu_111435_p2  |         +|   0|  0|   25|          18|          18|
    |add_ln58_3265_fu_111445_p2  |         +|   0|  0|   27|          20|          20|
    |add_ln58_3266_fu_111455_p2  |         +|   0|  0|   22|          22|          22|
    |add_ln58_3267_fu_110653_p2  |         +|   0|  0|   24|          17|          17|
    |add_ln58_3268_fu_111464_p2  |         +|   0|  0|   22|          22|          22|
    |add_ln58_3269_fu_110659_p2  |         +|   0|  0|   24|          17|          17|
    |add_ln58_3270_fu_110669_p2  |         +|   0|  0|   25|          18|          18|
    |add_ln58_3271_fu_111473_p2  |         +|   0|  0|   22|          22|          22|
    |add_ln58_3272_fu_110675_p2  |         +|   0|  0|   24|          17|          17|
    |add_ln58_3273_fu_110685_p2  |         +|   0|  0|   25|          18|          18|
    |add_ln58_3274_fu_110691_p2  |         +|   0|  0|   24|          17|          17|
    |add_ln58_3275_fu_110701_p2  |         +|   0|  0|   24|          17|          17|
    |add_ln58_3276_fu_110711_p2  |         +|   0|  0|   25|          18|          18|
    |add_ln58_3277_fu_111485_p2  |         +|   0|  0|   26|          19|          19|
    |add_ln58_3278_fu_111495_p2  |         +|   0|  0|   22|          22|          22|
    |add_ln58_3279_fu_110717_p2  |         +|   0|  0|   24|          17|          17|
    |add_ln58_3280_fu_110727_p2  |         +|   0|  0|   25|          18|          18|
    |add_ln58_3281_fu_110737_p2  |         +|   0|  0|   24|          17|          17|
    |add_ln58_3282_fu_110747_p2  |         +|   0|  0|   25|          18|          18|
    |add_ln58_3283_fu_110757_p2  |         +|   0|  0|   20|          20|          20|
    |add_ln58_3284_fu_106540_p2  |         +|   0|  0|   23|          16|          16|
    |add_ln58_3285_fu_110766_p2  |         +|   0|  0|   17|          17|          17|
    |add_ln58_3286_fu_110772_p2  |         +|   0|  0|   16|          16|          16|
    |add_ln58_3287_fu_106546_p2  |         +|   0|  0|   21|          14|          14|
    |add_ln58_3288_fu_110781_p2  |         +|   0|  0|   16|          16|          16|
    |add_ln58_3289_fu_110791_p2  |         +|   0|  0|   17|          17|          17|
    |add_ln58_3290_fu_110801_p2  |         +|   0|  0|   20|          20|          20|
    |add_ln58_3291_fu_111504_p2  |         +|   0|  0|   22|          22|          22|
    |add_ln58_3292_fu_110811_p2  |         +|   0|  0|   25|          18|          18|
    |add_ln58_3293_fu_111513_p2  |         +|   0|  0|   22|          22|          22|
    |add_ln58_3294_fu_110817_p2  |         +|   0|  0|   24|          17|          17|
    |add_ln58_3295_fu_110827_p2  |         +|   0|  0|   24|          17|          17|
    |add_ln58_3296_fu_110837_p2  |         +|   0|  0|   25|          18|          18|
    |add_ln58_3297_fu_111522_p2  |         +|   0|  0|   22|          22|          22|
    |add_ln58_3298_fu_110843_p2  |         +|   0|  0|   24|          17|          17|
    |add_ln58_3299_fu_110853_p2  |         +|   0|  0|   24|          17|          17|
    |add_ln58_3300_fu_110863_p2  |         +|   0|  0|   25|          18|          18|
    |add_ln58_3301_fu_110869_p2  |         +|   0|  0|   24|          17|          17|
    |add_ln58_3302_fu_110879_p2  |         +|   0|  0|   24|          17|          17|
    |add_ln58_3303_fu_110889_p2  |         +|   0|  0|   25|          18|          18|
    |add_ln58_3304_fu_111534_p2  |         +|   0|  0|   26|          19|          19|
    |add_ln58_3305_fu_111544_p2  |         +|   0|  0|   22|          22|          22|
    |add_ln58_3306_fu_110895_p2  |         +|   0|  0|   24|          17|          17|
    |add_ln58_3307_fu_110905_p2  |         +|   0|  0|   25|          18|          18|
    |add_ln58_3308_fu_110915_p2  |         +|   0|  0|   24|          17|          17|
    |add_ln58_3309_fu_110925_p2  |         +|   0|  0|   24|          17|          17|
    |add_ln58_3310_fu_110935_p2  |         +|   0|  0|   25|          18|          18|
    |add_ln58_3311_fu_110945_p2  |         +|   0|  0|   26|          19|          19|
    |add_ln58_3312_fu_110951_p2  |         +|   0|  0|   24|          17|          17|
    |add_ln58_3313_fu_110961_p2  |         +|   0|  0|   24|          17|          17|
    |add_ln58_3314_fu_110971_p2  |         +|   0|  0|   25|          18|          18|
    |add_ln58_3315_fu_110977_p2  |         +|   0|  0|   23|          16|          16|
    |add_ln58_3316_fu_110987_p2  |         +|   0|  0|   21|          14|          14|
    |add_ln58_3317_fu_110997_p2  |         +|   0|  0|   24|          17|          17|
    |add_ln58_3318_fu_111559_p2  |         +|   0|  0|   27|          20|          20|
    |add_ln58_3319_fu_111569_p2  |         +|   0|  0|   28|          21|          21|
    |add_ln58_3320_fu_111579_p2  |         +|   0|  0|   22|          22|          22|
    |add_ln58_3321_fu_111003_p2  |         +|   0|  0|   25|          18|          18|
    |add_ln58_3322_fu_111588_p2  |         +|   0|  0|   22|          22|          22|
    |add_ln58_3323_fu_111009_p2  |         +|   0|  0|   24|          17|          17|
    |add_ln58_3324_fu_111019_p2  |         +|   0|  0|   24|          17|          17|
    |add_ln58_3325_fu_111029_p2  |         +|   0|  0|   25|          18|          18|
    |add_ln58_3326_fu_111597_p2  |         +|   0|  0|   22|          22|          22|
    |add_ln58_3327_fu_111035_p2  |         +|   0|  0|   24|          17|          17|
    |add_ln58_3328_fu_111045_p2  |         +|   0|  0|   25|          18|          18|
    |add_ln58_3329_fu_111051_p2  |         +|   0|  0|   24|          17|          17|
    |add_ln58_3330_fu_111061_p2  |         +|   0|  0|   24|          17|          17|
    |add_ln58_3331_fu_111071_p2  |         +|   0|  0|   25|          18|          18|
    |add_ln58_3332_fu_111609_p2  |         +|   0|  0|   26|          19|          19|
    |add_ln58_3333_fu_111619_p2  |         +|   0|  0|   22|          22|          22|
    |add_ln58_3334_fu_111077_p2  |         +|   0|  0|   24|          17|          17|
    |add_ln58_3335_fu_111087_p2  |         +|   0|  0|   25|          18|          18|
    |add_ln58_3336_fu_111093_p2  |         +|   0|  0|   24|          17|          17|
    |add_ln58_3337_fu_111103_p2  |         +|   0|  0|   24|          17|          17|
    |add_ln58_3338_fu_111113_p2  |         +|   0|  0|   25|          18|          18|
    |add_ln58_3339_fu_111631_p2  |         +|   0|  0|   20|          20|          20|
    |add_ln58_3340_fu_111119_p2  |         +|   0|  0|   24|          17|          17|
    |add_ln58_3341_fu_111129_p2  |         +|   0|  0|   23|          16|          16|
    |add_ln58_3342_fu_111139_p2  |         +|   0|  0|   25|          18|          18|
    |add_ln58_3343_fu_111145_p2  |         +|   0|  0|   16|          16|          16|
    |add_ln58_3344_fu_111151_p2  |         +|   0|  0|   21|          14|          14|
    |add_ln58_3345_fu_111161_p2  |         +|   0|  0|   16|          16|          16|
    |add_ln58_3346_fu_111643_p2  |         +|   0|  0|   26|          19|          19|
    |add_ln58_3347_fu_111653_p2  |         +|   0|  0|   20|          20|          20|
    |add_ln58_3348_fu_111663_p2  |         +|   0|  0|   22|          22|          22|
    |add_ln58_fu_105548_p2       |         +|   0|  0|   24|          17|          12|
    |add_ln73_254_fu_105053_p2   |         +|   0|  0|   21|          14|          14|
    |add_ln73_255_fu_105400_p2   |         +|   0|  0|   22|          15|          15|
    |add_ln73_256_fu_105417_p2   |         +|   0|  0|   18|          11|          11|
    |add_ln73_257_fu_105437_p2   |         +|   0|  0|   20|          13|          13|
    |add_ln73_258_fu_107618_p2   |         +|   0|  0|   22|          15|          15|
    |add_ln73_259_fu_107706_p2   |         +|   0|  0|   19|          12|          12|
    |add_ln73_260_fu_108177_p2   |         +|   0|  0|   22|          15|          15|
    |add_ln73_261_fu_108558_p2   |         +|   0|  0|   22|          15|          15|
    |add_ln73_fu_104609_p2       |         +|   0|  0|   22|          15|          15|
    |sub_ln58_fu_105890_p2       |         -|   0|  0|   23|          16|          16|
    |sub_ln73_1421_fu_104333_p2  |         -|   0|  0|   23|          16|          16|
    |sub_ln73_1422_fu_104350_p2  |         -|   0|  0|   23|          16|          16|
    |sub_ln73_1424_fu_104399_p2  |         -|   0|  0|   23|          16|          16|
    |sub_ln73_1425_fu_104427_p2  |         -|   0|  0|   20|          13|          13|
    |sub_ln73_1426_fu_104455_p2  |         -|   0|  0|   22|          15|          15|
    |sub_ln73_1427_fu_104510_p2  |         -|   0|  0|   23|          16|          16|
    |sub_ln73_1428_fu_104533_p2  |         -|   0|  0|   23|          16|          16|
    |sub_ln73_1429_fu_104539_p2  |         -|   0|  0|   23|           1|          16|
    |sub_ln73_1430_fu_104563_p2  |         -|   0|  0|   20|           1|          13|
    |sub_ln73_1431_fu_104592_p2  |         -|   0|  0|   16|          14|          14|
    |sub_ln73_1432_fu_104626_p2  |         -|   0|  0|   23|          16|          16|
    |sub_ln73_1433_fu_104632_p2  |         -|   0|  0|   23|          16|          16|
    |sub_ln73_1434_fu_104657_p2  |         -|   0|  0|   23|           1|          16|
    |sub_ln73_1435_fu_104663_p2  |         -|   0|  0|   23|          16|          16|
    |sub_ln73_1436_fu_104680_p2  |         -|   0|  0|   20|           1|          13|
    |sub_ln73_1437_fu_104701_p2  |         -|   0|  0|   16|          14|          14|
    |sub_ln73_1438_fu_104727_p2  |         -|   0|  0|   23|           1|          16|
    |sub_ln73_1439_fu_104733_p2  |         -|   0|  0|   23|          16|          16|
    |sub_ln73_1440_fu_104766_p2  |         -|   0|  0|   16|          14|          14|
    |sub_ln73_1441_fu_104794_p2  |         -|   0|  0|   22|          15|          15|
    |sub_ln73_1442_fu_104811_p2  |         -|   0|  0|   23|          16|          16|
    |sub_ln73_1443_fu_104852_p2  |         -|   0|  0|   23|          16|          16|
    |sub_ln73_1444_fu_104858_p2  |         -|   0|  0|   23|          16|          16|
    |sub_ln73_1445_fu_104899_p2  |         -|   0|  0|   23|          16|          16|
    |sub_ln73_1446_fu_104905_p2  |         -|   0|  0|   23|          16|          16|
    |sub_ln73_1447_fu_104911_p2  |         -|   0|  0|   23|           1|          16|
    |sub_ln73_1448_fu_104928_p2  |         -|   0|  0|   20|          13|          13|
    |sub_ln73_1449_fu_104965_p2  |         -|   0|  0|   23|          16|          16|
    |sub_ln73_1450_fu_104982_p2  |         -|   0|  0|   23|          16|          16|
    |sub_ln73_1451_fu_105019_p2  |         -|   0|  0|   23|          16|          16|
    |sub_ln73_1452_fu_105070_p2  |         -|   0|  0|   23|           1|          16|
    |sub_ln73_1453_fu_105090_p2  |         -|   0|  0|   23|           1|          16|
    |sub_ln73_1454_fu_105107_p2  |         -|   0|  0|   23|          16|          16|
    |sub_ln73_1455_fu_105113_p2  |         -|   0|  0|   23|          16|          16|
    |sub_ln73_1456_fu_105137_p2  |         -|   0|  0|   23|          16|          16|
    |sub_ln73_1457_fu_105143_p2  |         -|   0|  0|   23|           1|          16|
    |sub_ln73_1458_fu_106566_p2  |         -|   0|  0|   23|           1|          16|
    |sub_ln73_1459_fu_106572_p2  |         -|   0|  0|   23|          16|          16|
    |sub_ln73_1460_fu_105173_p2  |         -|   0|  0|   23|          16|          16|
    |sub_ln73_1461_fu_106598_p2  |         -|   0|  0|   23|          16|          16|
    |sub_ln73_1462_fu_105207_p2  |         -|   0|  0|   19|          12|          12|
    |sub_ln73_1463_fu_106604_p2  |         -|   0|  0|   23|           1|          16|
    |sub_ln73_1464_fu_105239_p2  |         -|   0|  0|   23|          16|          16|
    |sub_ln73_1465_fu_106614_p2  |         -|   0|  0|   23|          16|          16|
    |sub_ln73_1466_fu_106638_p2  |         -|   0|  0|   23|           1|          16|
    |sub_ln73_1467_fu_106644_p2  |         -|   0|  0|   23|          16|          16|
    |sub_ln73_1468_fu_106661_p2  |         -|   0|  0|   23|          16|          16|
    |sub_ln73_1469_fu_105276_p2  |         -|   0|  0|   20|          13|          13|
    |sub_ln73_1470_fu_106681_p2  |         -|   0|  0|   23|          16|          16|
    |sub_ln73_1471_fu_106687_p2  |         -|   0|  0|   23|           1|          16|
    |sub_ln73_1472_fu_106707_p2  |         -|   0|  0|   23|          16|          16|
    |sub_ln73_1473_fu_105297_p2  |         -|   0|  0|   17|           1|          10|
    |sub_ln73_1474_fu_106744_p2  |         -|   0|  0|   22|          15|          15|
    |sub_ln73_1475_fu_106761_p2  |         -|   0|  0|   23|          16|          16|
    |sub_ln73_1476_fu_106799_p2  |         -|   0|  0|   23|          16|          16|
    |sub_ln73_1477_fu_106816_p2  |         -|   0|  0|   23|          16|          16|
    |sub_ln73_1478_fu_106822_p2  |         -|   0|  0|   23|          16|          16|
    |sub_ln73_1479_fu_106828_p2  |         -|   0|  0|   17|           1|          10|
    |sub_ln73_1480_fu_106845_p2  |         -|   0|  0|   23|           1|          16|
    |sub_ln73_1481_fu_106877_p2  |         -|   0|  0|   19|          12|          12|
    |sub_ln73_1482_fu_106883_p2  |         -|   0|  0|   23|          16|          16|
    |sub_ln73_1483_fu_106903_p2  |         -|   0|  0|   23|          16|          16|
    |sub_ln73_1484_fu_106909_p2  |         -|   0|  0|   23|           1|          16|
    |sub_ln73_1485_fu_106938_p2  |         -|   0|  0|   23|           1|          16|
    |sub_ln73_1486_fu_106955_p2  |         -|   0|  0|   23|          16|          16|
    |sub_ln73_1487_fu_106972_p2  |         -|   0|  0|   21|          14|          14|
    |sub_ln73_1488_fu_106978_p2  |         -|   0|  0|   23|          16|          16|
    |sub_ln73_1489_fu_107002_p2  |         -|   0|  0|   23|          16|          16|
    |sub_ln73_1490_fu_107008_p2  |         -|   0|  0|   23|           1|          16|
    |sub_ln73_1491_fu_107034_p2  |         -|   0|  0|   23|          16|          16|
    |sub_ln73_1492_fu_105335_p2  |         -|   0|  0|   21|           1|          14|
    |sub_ln73_1493_fu_105352_p2  |         -|   0|  0|   21|          14|          14|
    |sub_ln73_1494_fu_107060_p2  |         -|   0|  0|   23|           1|          16|
    |sub_ln73_1495_fu_107066_p2  |         -|   0|  0|   23|          16|          16|
    |sub_ln73_1496_fu_107098_p2  |         -|   0|  0|   23|          16|          16|
    |sub_ln73_1497_fu_107115_p2  |         -|   0|  0|   19|           1|          12|
    |sub_ln73_1498_fu_107121_p2  |         -|   0|  0|   23|          16|          16|
    |sub_ln73_1499_fu_107141_p2  |         -|   0|  0|   23|          16|          16|
    |sub_ln73_1500_fu_107147_p2  |         -|   0|  0|   23|           1|          16|
    |sub_ln73_1501_fu_107167_p2  |         -|   0|  0|   23|           1|          16|
    |sub_ln73_1502_fu_107173_p2  |         -|   0|  0|   23|          16|          16|
    |sub_ln73_1503_fu_107190_p2  |         -|   0|  0|   23|          16|          16|
    |sub_ln73_1504_fu_107210_p2  |         -|   0|  0|   23|           1|          16|
    |sub_ln73_1505_fu_107227_p2  |         -|   0|  0|   23|          16|          16|
    |sub_ln73_1506_fu_107233_p2  |         -|   0|  0|   23|          16|          16|
    |sub_ln73_1507_fu_107250_p2  |         -|   0|  0|   23|          16|          16|
    |sub_ln73_1508_fu_105463_p2  |         -|   0|  0|   21|           1|          14|
    |sub_ln73_1509_fu_105484_p2  |         -|   0|  0|   22|          15|          15|
    |sub_ln73_1510_fu_107276_p2  |         -|   0|  0|   23|          16|          16|
    |sub_ln73_1511_fu_107307_p2  |         -|   0|  0|   23|          16|          16|
    |sub_ln73_1512_fu_107313_p2  |         -|   0|  0|   23|          16|          16|
    |sub_ln73_1513_fu_107319_p2  |         -|   0|  0|   23|           1|          16|
    |sub_ln73_1514_fu_107346_p2  |         -|   0|  0|   23|          16|          16|
    |sub_ln73_1515_fu_107373_p2  |         -|   0|  0|   23|           1|          16|
    |sub_ln73_1516_fu_107379_p2  |         -|   0|  0|   23|          16|          16|
    |sub_ln73_1517_fu_107396_p2  |         -|   0|  0|   23|          16|          16|
    |sub_ln73_1518_fu_107423_p2  |         -|   0|  0|   23|          16|          16|
    |sub_ln73_1519_fu_107449_p2  |         -|   0|  0|   23|          16|          16|
    |sub_ln73_1520_fu_107477_p2  |         -|   0|  0|   20|          13|          13|
    |sub_ln73_1521_fu_107483_p2  |         -|   0|  0|   23|           1|          16|
    |sub_ln73_1522_fu_107514_p2  |         -|   0|  0|   23|          16|          16|
    |sub_ln73_1523_fu_107520_p2  |         -|   0|  0|   23|          16|          16|
    |sub_ln73_1524_fu_107526_p2  |         -|   0|  0|   23|           1|          16|
    |sub_ln73_1525_fu_107567_p2  |         -|   0|  0|   19|          12|          12|
    |sub_ln73_1526_fu_107584_p2  |         -|   0|  0|   23|          16|          16|
    |sub_ln73_1527_fu_107645_p2  |         -|   0|  0|   20|           1|          13|
    |sub_ln73_1528_fu_107655_p2  |         -|   0|  0|   21|          14|          14|
    |sub_ln73_1529_fu_107678_p2  |         -|   0|  0|   23|          16|          16|
    |sub_ln73_1530_fu_107739_p2  |         -|   0|  0|   23|          16|          16|
    |sub_ln73_1531_fu_107745_p2  |         -|   0|  0|   23|          16|          16|
    |sub_ln73_1532_fu_107751_p2  |         -|   0|  0|   23|           1|          16|
    |sub_ln73_1533_fu_107775_p2  |         -|   0|  0|   23|           1|          16|
    |sub_ln73_1534_fu_107781_p2  |         -|   0|  0|   23|          16|          16|
    |sub_ln73_1535_fu_107798_p2  |         -|   0|  0|   23|          16|          16|
    |sub_ln73_1536_fu_107833_p2  |         -|   0|  0|   23|          16|          16|
    |sub_ln73_1537_fu_107839_p2  |         -|   0|  0|   23|          16|          16|
    |sub_ln73_1538_fu_107845_p2  |         -|   0|  0|   23|           1|          16|
    |sub_ln73_1539_fu_107875_p2  |         -|   0|  0|   23|          16|          16|
    |sub_ln73_1540_fu_107881_p2  |         -|   0|  0|   23|           1|          16|
    |sub_ln73_1541_fu_107913_p2  |         -|   0|  0|   23|          16|          16|
    |sub_ln73_1542_fu_107939_p2  |         -|   0|  0|   23|          16|          16|
    |sub_ln73_1543_fu_107945_p2  |         -|   0|  0|   23|           1|          16|
    |sub_ln73_1544_fu_107962_p2  |         -|   0|  0|   23|          16|          16|
    |sub_ln73_1545_fu_107989_p2  |         -|   0|  0|   23|           1|          16|
    |sub_ln73_1546_fu_107995_p2  |         -|   0|  0|   23|          16|          16|
    |sub_ln73_1547_fu_108023_p2  |         -|   0|  0|   23|          16|          16|
    |sub_ln73_1548_fu_108070_p2  |         -|   0|  0|   23|          16|          16|
    |sub_ln73_1549_fu_108090_p2  |         -|   0|  0|   23|          16|          16|
    |sub_ln73_1550_fu_108113_p2  |         -|   0|  0|   23|          16|          16|
    |sub_ln73_1551_fu_108119_p2  |         -|   0|  0|   23|          16|          16|
    |sub_ln73_1552_fu_108143_p2  |         -|   0|  0|   23|           1|          16|
    |sub_ln73_1553_fu_108183_p2  |         -|   0|  0|   23|          16|          16|
    |sub_ln73_1554_fu_108207_p2  |         -|   0|  0|   23|          16|          16|
    |sub_ln73_1555_fu_108213_p2  |         -|   0|  0|   23|           1|          16|
    |sub_ln73_1556_fu_108240_p2  |         -|   0|  0|   18|          11|          11|
    |sub_ln73_1557_fu_108257_p2  |         -|   0|  0|   23|           1|          16|
    |sub_ln73_1558_fu_108274_p2  |         -|   0|  0|   23|          16|          16|
    |sub_ln73_1559_fu_108280_p2  |         -|   0|  0|   23|          16|          16|
    |sub_ln73_1560_fu_108314_p2  |         -|   0|  0|   23|           1|          16|
    |sub_ln73_1561_fu_108339_p2  |         -|   0|  0|   23|           1|          16|
    |sub_ln73_1562_fu_108345_p2  |         -|   0|  0|   23|          16|          16|
    |sub_ln73_1563_fu_108382_p2  |         -|   0|  0|   23|          16|          16|
    |sub_ln73_1564_fu_108388_p2  |         -|   0|  0|   23|          16|          16|
    |sub_ln73_1565_fu_108394_p2  |         -|   0|  0|   23|           1|          16|
    |sub_ln73_1566_fu_108400_p2  |         -|   0|  0|   23|          16|          16|
    |sub_ln73_1567_fu_108417_p2  |         -|   0|  0|   21|           1|          14|
    |sub_ln73_1568_fu_108438_p2  |         -|   0|  0|   22|          15|          15|
    |sub_ln73_1569_fu_108470_p2  |         -|   0|  0|   23|          16|          16|
    |sub_ln73_1570_fu_108476_p2  |         -|   0|  0|   23|           1|          16|
    |sub_ln73_1571_fu_105524_p2  |         -|   0|  0|   21|           1|          14|
    |sub_ln73_1572_fu_105534_p2  |         -|   0|  0|   22|          15|          15|
    |sub_ln73_1573_fu_108482_p2  |         -|   0|  0|   23|          16|          16|
    |sub_ln73_1574_fu_108502_p2  |         -|   0|  0|   23|          16|          16|
    |sub_ln73_1575_fu_108530_p2  |         -|   0|  0|   20|          13|          13|
    |sub_ln73_1576_fu_108597_p2  |         -|   0|  0|   23|          16|          16|
    |sub_ln73_1577_fu_108624_p2  |         -|   0|  0|   23|          16|          16|
    |sub_ln73_1578_fu_108630_p2  |         -|   0|  0|   23|           1|          16|
    |sub_ln73_1579_fu_104356_p2  |         -|   0|  0|   23|          16|          16|
    |sub_ln73_1580_fu_104472_p2  |         -|   0|  0|   16|          16|          16|
    |sub_ln73_1581_fu_104516_p2  |         -|   0|  0|   23|          16|          16|
    |sub_ln73_1582_fu_104721_p2  |         -|   0|  0|   23|          16|          16|
    |sub_ln73_1583_fu_104835_p2  |         -|   0|  0|   23|          16|          16|
    |sub_ln73_1584_fu_105013_p2  |         -|   0|  0|   23|          16|          16|
    |sub_ln73_1585_fu_105149_p2  |         -|   0|  0|   23|          16|          16|
    |sub_ln73_1586_fu_105179_p2  |         -|   0|  0|   23|          16|          16|
    |sub_ln73_1587_fu_106592_p2  |         -|   0|  0|   23|          16|          16|
    |sub_ln73_1588_fu_106619_p2  |         -|   0|  0|   23|          16|          16|
    |sub_ln73_1589_fu_106713_p2  |         -|   0|  0|   23|          16|          16|
    |sub_ln73_1590_fu_106767_p2  |         -|   0|  0|   23|          16|          16|
    |sub_ln73_1591_fu_106915_p2  |         -|   0|  0|   23|          16|          16|
    |sub_ln73_1592_fu_107014_p2  |         -|   0|  0|   23|          16|          16|
    |sub_ln73_1593_fu_107040_p2  |         -|   0|  0|   23|          16|          16|
    |sub_ln73_1594_fu_107270_p2  |         -|   0|  0|   23|          16|          16|
    |sub_ln73_1595_fu_107325_p2  |         -|   0|  0|   23|          16|          16|
    |sub_ln73_1596_fu_107352_p2  |         -|   0|  0|   23|          16|          16|
    |sub_ln73_1597_fu_107402_p2  |         -|   0|  0|   23|          16|          16|
    |sub_ln73_1598_fu_107429_p2  |         -|   0|  0|   23|          16|          16|
    |sub_ln73_1599_fu_107532_p2  |         -|   0|  0|   23|          16|          16|
    |sub_ln73_1600_fu_107590_p2  |         -|   0|  0|   23|          16|          16|
    |sub_ln73_1601_fu_107672_p2  |         -|   0|  0|   23|          16|          16|
    |sub_ln73_1602_fu_107851_p2  |         -|   0|  0|   23|          16|          16|
    |sub_ln73_1603_fu_107887_p2  |         -|   0|  0|   23|          16|          16|
    |sub_ln73_1604_fu_107919_p2  |         -|   0|  0|   23|          16|          16|
    |sub_ln73_1605_fu_107968_p2  |         -|   0|  0|   23|          16|          16|
    |sub_ln73_1606_fu_108001_p2  |         -|   0|  0|   23|          16|          16|
    |sub_ln73_1607_fu_108029_p2  |         -|   0|  0|   23|          16|          16|
    |sub_ln73_1608_fu_108096_p2  |         -|   0|  0|   23|          16|          16|
    |sub_ln73_1609_fu_108149_p2  |         -|   0|  0|   23|          16|          16|
    |sub_ln73_1610_fu_108351_p2  |         -|   0|  0|   23|          16|          16|
    |sub_ln73_1611_fu_108571_p2  |         -|   0|  0|   23|          16|          16|
    |sub_ln73_1612_fu_108603_p2  |         -|   0|  0|   23|          16|          16|
    |sub_ln73_fu_108297_p2       |         -|   0|  0|   16|           1|           9|
    |ap_block_pp0_stage0_11001   |        or|   0|  0|    2|           1|           1|
    |ap_enable_pp0               |       xor|   0|  0|    2|           1|           2|
    +----------------------------+----------+----+---+-----+------------+------------+
    |Total                       |          |   0|  0|11845|        8172|        8842|
    +----------------------------+----------+----+---+-----+------------+------------+

    * Multiplexer: 
    +-------------+----+-----------+-----+-----------+
    |     Name    | LUT| Input Size| Bits| Total Bits|
    +-------------+----+-----------+-----+-----------+
    |ap_done      |   9|          2|    1|          2|
    |ap_return_0  |   9|          2|   22|         44|
    |ap_return_1  |   9|          2|   22|         44|
    |ap_return_2  |   9|          2|   22|         44|
    |ap_return_3  |   9|          2|   22|         44|
    |ap_return_4  |   9|          2|   22|         44|
    +-------------+----+-----------+-----+-----------+
    |Total        |  54|         12|  111|        222|
    +-------------+----+-----------+-----+-----------+

    * Register: 
    +--------------------------------------+----+----+-----+-----------+
    |                 Name                 | FF | LUT| Bits| Const Bits|
    +--------------------------------------+----+----+-----+-----------+
    |add_ln58_3041_reg_112264              |  18|   0|   18|          0|
    |add_ln58_3043_reg_112269              |  17|   0|   17|          0|
    |add_ln58_3046_reg_112274              |  18|   0|   18|          0|
    |add_ln58_3051_reg_112279              |  19|   0|   19|          0|
    |add_ln58_3052_reg_112284              |  17|   0|   17|          0|
    |add_ln58_3054_reg_112289              |  18|   0|   18|          0|
    |add_ln58_3055_reg_112294              |  17|   0|   17|          0|
    |add_ln58_3059_reg_112299              |  17|   0|   17|          0|
    |add_ln58_3061_reg_112304              |  17|   0|   17|          0|
    |add_ln58_3064_reg_112309              |  17|   0|   17|          0|
    |add_ln58_3066_reg_112314              |  17|   0|   17|          0|
    |add_ln58_3070_reg_112319              |  18|   0|   18|          0|
    |add_ln58_3075_reg_112324              |  17|   0|   17|          0|
    |add_ln58_3079_reg_112329              |  18|   0|   18|          0|
    |add_ln58_3081_reg_112334              |  17|   0|   17|          0|
    |add_ln58_3085_reg_112339              |  17|   0|   17|          0|
    |add_ln58_3092_reg_112344              |  17|   0|   17|          0|
    |add_ln58_3095_reg_112349              |  17|   0|   17|          0|
    |add_ln58_3099_reg_112354              |  18|   0|   18|          0|
    |add_ln58_3101_reg_112359              |  17|   0|   17|          0|
    |add_ln58_3105_reg_112364              |  17|   0|   17|          0|
    |add_ln58_3113_reg_112369              |  18|   0|   18|          0|
    |add_ln58_3115_reg_112374              |  17|   0|   17|          0|
    |add_ln58_3122_reg_112379              |  17|   0|   17|          0|
    |add_ln58_3125_reg_112439              |  20|   0|   20|          0|
    |add_ln58_3128_reg_112384              |  18|   0|   18|          0|
    |add_ln58_3129_reg_112444              |  21|   0|   21|          0|
    |add_ln58_3134_reg_112449              |  19|   0|   19|          0|
    |add_ln58_3137_reg_112389              |  16|   0|   16|          0|
    |add_ln58_3141_reg_112394              |  17|   0|   17|          0|
    |add_ln58_3142_reg_112399              |  12|   0|   12|          0|
    |add_ln58_3145_reg_112454              |  20|   0|   20|          0|
    |add_ln58_3147_reg_112459              |  18|   0|   18|          0|
    |add_ln58_3151_reg_112464              |  19|   0|   19|          0|
    |add_ln58_3158_reg_112469              |  20|   0|   20|          0|
    |add_ln58_3163_reg_112474              |  21|   0|   21|          0|
    |add_ln58_3167_reg_112479              |  19|   0|   19|          0|
    |add_ln58_3171_reg_112404              |  17|   0|   17|          0|
    |add_ln58_3176_reg_112409              |  16|   0|   16|          0|
    |add_ln58_3177_reg_112484              |  19|   0|   19|          0|
    |add_ln58_3181_reg_112489              |  21|   0|   21|          0|
    |add_ln58_3185_reg_112494              |  19|   0|   19|          0|
    |add_ln58_3190_reg_112499              |  19|   0|   19|          0|
    |add_ln58_3192_reg_112414              |  15|   0|   15|          0|
    |add_ln58_3194_reg_112504              |  18|   0|   18|          0|
    |add_ln58_3201_reg_112509              |  21|   0|   21|          0|
    |add_ln58_3203_reg_112514              |  18|   0|   18|          0|
    |add_ln58_3205_reg_112519              |  17|   0|   17|          0|
    |add_ln58_3214_reg_112419              |  17|   0|   17|          0|
    |add_ln58_3216_reg_112424              |  15|   0|   15|          0|
    |add_ln58_3218_reg_112524              |  20|   0|   20|          0|
    |add_ln58_3220_reg_112529              |  17|   0|   17|          0|
    |add_ln58_3223_reg_112534              |  18|   0|   18|          0|
    |add_ln58_3226_reg_112539              |  18|   0|   18|          0|
    |add_ln58_3228_reg_112544              |  18|   0|   18|          0|
    |add_ln58_3235_reg_112549              |  19|   0|   19|          0|
    |add_ln58_3237_reg_112554              |  18|   0|   18|          0|
    |add_ln58_3240_reg_112559              |  17|   0|   17|          0|
    |add_ln58_3244_reg_112564              |  17|   0|   17|          0|
    |add_ln58_3247_reg_112569              |  18|   0|   18|          0|
    |add_ln58_3253_reg_112574              |  19|   0|   19|          0|
    |add_ln58_3256_reg_112579              |  18|   0|   18|          0|
    |add_ln58_3258_reg_112584              |  17|   0|   17|          0|
    |add_ln58_3261_reg_112589              |  17|   0|   17|          0|
    |add_ln58_3263_reg_112594              |  17|   0|   17|          0|
    |add_ln58_3267_reg_112599              |  17|   0|   17|          0|
    |add_ln58_3270_reg_112604              |  18|   0|   18|          0|
    |add_ln58_3273_reg_112609              |  18|   0|   18|          0|
    |add_ln58_3276_reg_112614              |  18|   0|   18|          0|
    |add_ln58_3284_reg_112429              |  16|   0|   16|          0|
    |add_ln58_3287_reg_112434              |  14|   0|   14|          0|
    |add_ln58_3290_reg_112619              |  20|   0|   20|          0|
    |add_ln58_3292_reg_112624              |  18|   0|   18|          0|
    |add_ln58_3296_reg_112629              |  18|   0|   18|          0|
    |add_ln58_3300_reg_112634              |  18|   0|   18|          0|
    |add_ln58_3303_reg_112639              |  17|   0|   18|          1|
    |add_ln58_3311_reg_112644              |  19|   0|   19|          0|
    |add_ln58_3314_reg_112649              |  18|   0|   18|          0|
    |add_ln58_3317_reg_112654              |  17|   0|   17|          0|
    |add_ln58_3321_reg_112659              |  18|   0|   18|          0|
    |add_ln58_3325_reg_112664              |  18|   0|   18|          0|
    |add_ln58_3328_reg_112669              |  18|   0|   18|          0|
    |add_ln58_3331_reg_112674              |  18|   0|   18|          0|
    |add_ln58_3335_reg_112679              |  18|   0|   18|          0|
    |add_ln58_3338_reg_112684              |  18|   0|   18|          0|
    |add_ln58_3342_reg_112689              |  18|   0|   18|          0|
    |add_ln58_3345_reg_112694              |  16|   0|   16|          0|
    |ap_CS_fsm                             |   1|   0|    1|          0|
    |ap_done_reg                           |   1|   0|    1|          0|
    |ap_enable_reg_pp0_iter1               |   1|   0|    1|          0|
    |ap_enable_reg_pp0_iter2               |   1|   0|    1|          0|
    |ap_enable_reg_pp0_iter3               |   1|   0|    1|          0|
    |ap_return_0_preg                      |  22|   0|   22|          0|
    |ap_return_1_preg                      |  22|   0|   22|          0|
    |ap_return_2_preg                      |  22|   0|   22|          0|
    |ap_return_3_preg                      |  22|   0|   22|          0|
    |ap_return_4_preg                      |  22|   0|   22|          0|
    |mul_ln73_2301_reg_2304                |  14|   0|   14|          0|
    |mul_ln73_2315_reg_65070               |  15|   0|   15|          0|
    |mul_ln73_2328_reg_65104               |  15|   0|   15|          0|
    |mul_ln73_2335_reg_65126               |  14|   0|   14|          0|
    |mul_ln73_2347_reg_65157               |  15|   0|   15|          0|
    |mul_ln73_2353_reg_65167               |  15|   0|   15|          0|
    |p_read1074_reg_112128                 |   8|   0|    8|          0|
    |p_read1175_reg_112119                 |   8|   0|    8|          0|
    |p_read165_reg_112206                  |   8|   0|    8|          0|
    |p_read2084_reg_112052                 |   8|   0|    8|          0|
    |p_read2084_reg_112052_pp0_iter1_reg   |   8|   0|    8|          0|
    |p_read2185_reg_112043                 |   8|   0|    8|          0|
    |p_read2185_reg_112043_pp0_iter1_reg   |   8|   0|    8|          0|
    |p_read266_reg_112195                  |   8|   0|    8|          0|
    |p_read3094_reg_111970                 |   8|   0|    8|          0|
    |p_read3094_reg_111970_pp0_iter1_reg   |   8|   0|    8|          0|
    |p_read3195_reg_111961                 |   8|   0|    8|          0|
    |p_read3195_reg_111961_pp0_iter1_reg   |   8|   0|    8|          0|
    |p_read367_reg_112189                  |   8|   0|    8|          0|
    |p_read40104_reg_111886                |   8|   0|    8|          0|
    |p_read40104_reg_111886_pp0_iter1_reg  |   8|   0|    8|          0|
    |p_read468_reg_112181                  |   8|   0|    8|          0|
    |p_read50114_reg_111807                |   8|   0|    8|          0|
    |p_read50114_reg_111807_pp0_iter1_reg  |   8|   0|    8|          0|
    |p_read569_reg_112171                  |   8|   0|    8|          0|
    |p_read60124_reg_111724                |   8|   0|    8|          0|
    |p_read60124_reg_111724_pp0_iter1_reg  |   8|   0|    8|          0|
    |p_read64_reg_112212                   |   8|   0|    8|          0|
    |p_read670_reg_112162                  |   8|   0|    8|          0|
    |p_read771_reg_112156                  |   8|   0|    8|          0|
    |p_read872_reg_112146                  |   8|   0|    8|          0|
    |p_read973_reg_112137                  |   8|   0|    8|          0|
    |p_read_231_reg_111699                 |   8|   0|    8|          0|
    |p_read_231_reg_111699_pp0_iter1_reg   |   8|   0|    8|          0|
    |p_read_232_reg_111706                 |   8|   0|    8|          0|
    |p_read_232_reg_111706_pp0_iter1_reg   |   8|   0|    8|          0|
    |p_read_233_reg_111713                 |   8|   0|    8|          0|
    |p_read_233_reg_111713_pp0_iter1_reg   |   8|   0|    8|          0|
    |p_read_234_reg_111733                 |   8|   0|    8|          0|
    |p_read_234_reg_111733_pp0_iter1_reg   |   8|   0|    8|          0|
    |p_read_235_reg_111742                 |   8|   0|    8|          0|
    |p_read_235_reg_111742_pp0_iter1_reg   |   8|   0|    8|          0|
    |p_read_236_reg_111749                 |   8|   0|    8|          0|
    |p_read_236_reg_111749_pp0_iter1_reg   |   8|   0|    8|          0|
    |p_read_237_reg_111758                 |   8|   0|    8|          0|
    |p_read_237_reg_111758_pp0_iter1_reg   |   8|   0|    8|          0|
    |p_read_238_reg_111768                 |   8|   0|    8|          0|
    |p_read_238_reg_111768_pp0_iter1_reg   |   8|   0|    8|          0|
    |p_read_239_reg_111776                 |   8|   0|    8|          0|
    |p_read_239_reg_111776_pp0_iter1_reg   |   8|   0|    8|          0|
    |p_read_240_reg_111785                 |   8|   0|    8|          0|
    |p_read_240_reg_111785_pp0_iter1_reg   |   8|   0|    8|          0|
    |p_read_241_reg_111792                 |   8|   0|    8|          0|
    |p_read_241_reg_111792_pp0_iter1_reg   |   8|   0|    8|          0|
    |p_read_242_reg_111801                 |   8|   0|    8|          0|
    |p_read_242_reg_111801_pp0_iter1_reg   |   8|   0|    8|          0|
    |p_read_243_reg_111813                 |   8|   0|    8|          0|
    |p_read_243_reg_111813_pp0_iter1_reg   |   8|   0|    8|          0|
    |p_read_244_reg_111820                 |   8|   0|    8|          0|
    |p_read_244_reg_111820_pp0_iter1_reg   |   8|   0|    8|          0|
    |p_read_245_reg_111827                 |   8|   0|    8|          0|
    |p_read_245_reg_111827_pp0_iter1_reg   |   8|   0|    8|          0|
    |p_read_246_reg_111834                 |   8|   0|    8|          0|
    |p_read_246_reg_111834_pp0_iter1_reg   |   8|   0|    8|          0|
    |p_read_247_reg_111842                 |   8|   0|    8|          0|
    |p_read_247_reg_111842_pp0_iter1_reg   |   8|   0|    8|          0|
    |p_read_248_reg_111850                 |   8|   0|    8|          0|
    |p_read_248_reg_111850_pp0_iter1_reg   |   8|   0|    8|          0|
    |p_read_249_reg_111857                 |   8|   0|    8|          0|
    |p_read_249_reg_111857_pp0_iter1_reg   |   8|   0|    8|          0|
    |p_read_250_reg_111868                 |   8|   0|    8|          0|
    |p_read_250_reg_111868_pp0_iter1_reg   |   8|   0|    8|          0|
    |p_read_251_reg_111879                 |   8|   0|    8|          0|
    |p_read_251_reg_111879_pp0_iter1_reg   |   8|   0|    8|          0|
    |p_read_252_reg_111895                 |   8|   0|    8|          0|
    |p_read_252_reg_111895_pp0_iter1_reg   |   8|   0|    8|          0|
    |p_read_253_reg_111902                 |   8|   0|    8|          0|
    |p_read_253_reg_111902_pp0_iter1_reg   |   8|   0|    8|          0|
    |p_read_254_reg_111909                 |   8|   0|    8|          0|
    |p_read_254_reg_111909_pp0_iter1_reg   |   8|   0|    8|          0|
    |p_read_255_reg_111916                 |   8|   0|    8|          0|
    |p_read_255_reg_111916_pp0_iter1_reg   |   8|   0|    8|          0|
    |p_read_256_reg_111923                 |   8|   0|    8|          0|
    |p_read_256_reg_111923_pp0_iter1_reg   |   8|   0|    8|          0|
    |p_read_257_reg_111932                 |   8|   0|    8|          0|
    |p_read_257_reg_111932_pp0_iter1_reg   |   8|   0|    8|          0|
    |p_read_258_reg_111941                 |   8|   0|    8|          0|
    |p_read_258_reg_111941_pp0_iter1_reg   |   8|   0|    8|          0|
    |p_read_259_reg_111950                 |   8|   0|    8|          0|
    |p_read_259_reg_111950_pp0_iter1_reg   |   8|   0|    8|          0|
    |p_read_260_reg_111978                 |   8|   0|    8|          0|
    |p_read_260_reg_111978_pp0_iter1_reg   |   8|   0|    8|          0|
    |p_read_261_reg_111987                 |   8|   0|    8|          0|
    |p_read_261_reg_111987_pp0_iter1_reg   |   8|   0|    8|          0|
    |p_read_262_reg_111994                 |   8|   0|    8|          0|
    |p_read_262_reg_111994_pp0_iter1_reg   |   8|   0|    8|          0|
    |p_read_263_reg_112004                 |   8|   0|    8|          0|
    |p_read_263_reg_112004_pp0_iter1_reg   |   8|   0|    8|          0|
    |p_read_264_reg_112010                 |   8|   0|    8|          0|
    |p_read_264_reg_112010_pp0_iter1_reg   |   8|   0|    8|          0|
    |p_read_265_reg_112018                 |   8|   0|    8|          0|
    |p_read_265_reg_112018_pp0_iter1_reg   |   8|   0|    8|          0|
    |p_read_266_reg_112026                 |   8|   0|    8|          0|
    |p_read_266_reg_112026_pp0_iter1_reg   |   8|   0|    8|          0|
    |p_read_267_reg_112035                 |   8|   0|    8|          0|
    |p_read_267_reg_112035_pp0_iter1_reg   |   8|   0|    8|          0|
    |p_read_268_reg_112060                 |   8|   0|    8|          0|
    |p_read_268_reg_112060_pp0_iter1_reg   |   8|   0|    8|          0|
    |p_read_269_reg_112068                 |   8|   0|    8|          0|
    |p_read_269_reg_112068_pp0_iter1_reg   |   8|   0|    8|          0|
    |p_read_270_reg_112076                 |   8|   0|    8|          0|
    |p_read_271_reg_112082                 |   8|   0|    8|          0|
    |p_read_271_reg_112082_pp0_iter1_reg   |   8|   0|    8|          0|
    |p_read_272_reg_112089                 |   8|   0|    8|          0|
    |p_read_273_reg_112096                 |   8|   0|    8|          0|
    |p_read_274_reg_112103                 |   8|   0|    8|          0|
    |p_read_275_reg_112111                 |   8|   0|    8|          0|
    |sub_ln73_1446_reg_112221              |  16|   0|   16|          0|
    |sub_ln73_1449_reg_112227              |  12|   0|   16|          4|
    |sub_ln73_1450_reg_112232              |  15|   0|   16|          1|
    |sub_ln73_1454_reg_112242              |  15|   0|   16|          1|
    |sub_ln73_1455_reg_112247              |  16|   0|   16|          0|
    |sub_ln73_1456_reg_112253              |  16|   0|   16|          0|
    |zext_ln73_113_reg_112237              |   8|   0|   16|          8|
    |zext_ln73_1820_reg_112258             |   8|   0|   16|          8|
    +--------------------------------------+----+----+-----+-----------+
    |Total                                 |2742|   0| 2765|         23|
    +--------------------------------------+----+----+-----+-----------+



================================================================
== Interface
================================================================
* Summary: 
+-------------+-----+-----+------------+-----------------------------------------------------------------------------+--------------+
|  RTL Ports  | Dir | Bits|  Protocol  |                                Source Object                                |    C Type    |
+-------------+-----+-----+------------+-----------------------------------------------------------------------------+--------------+
|ap_clk       |   in|    1|  ap_ctrl_hs|  dense_latency<ap_ufixed<8, 0, 4, 0, 0>, ap_fixed<23, 8, 5, 3, 0>, config13>|  return value|
|ap_rst       |   in|    1|  ap_ctrl_hs|  dense_latency<ap_ufixed<8, 0, 4, 0, 0>, ap_fixed<23, 8, 5, 3, 0>, config13>|  return value|
|ap_start     |   in|    1|  ap_ctrl_hs|  dense_latency<ap_ufixed<8, 0, 4, 0, 0>, ap_fixed<23, 8, 5, 3, 0>, config13>|  return value|
|ap_done      |  out|    1|  ap_ctrl_hs|  dense_latency<ap_ufixed<8, 0, 4, 0, 0>, ap_fixed<23, 8, 5, 3, 0>, config13>|  return value|
|ap_continue  |   in|    1|  ap_ctrl_hs|  dense_latency<ap_ufixed<8, 0, 4, 0, 0>, ap_fixed<23, 8, 5, 3, 0>, config13>|  return value|
|ap_idle      |  out|    1|  ap_ctrl_hs|  dense_latency<ap_ufixed<8, 0, 4, 0, 0>, ap_fixed<23, 8, 5, 3, 0>, config13>|  return value|
|ap_ready     |  out|    1|  ap_ctrl_hs|  dense_latency<ap_ufixed<8, 0, 4, 0, 0>, ap_fixed<23, 8, 5, 3, 0>, config13>|  return value|
|ap_return_0  |  out|   22|  ap_ctrl_hs|  dense_latency<ap_ufixed<8, 0, 4, 0, 0>, ap_fixed<23, 8, 5, 3, 0>, config13>|  return value|
|ap_return_1  |  out|   22|  ap_ctrl_hs|  dense_latency<ap_ufixed<8, 0, 4, 0, 0>, ap_fixed<23, 8, 5, 3, 0>, config13>|  return value|
|ap_return_2  |  out|   22|  ap_ctrl_hs|  dense_latency<ap_ufixed<8, 0, 4, 0, 0>, ap_fixed<23, 8, 5, 3, 0>, config13>|  return value|
|ap_return_3  |  out|   22|  ap_ctrl_hs|  dense_latency<ap_ufixed<8, 0, 4, 0, 0>, ap_fixed<23, 8, 5, 3, 0>, config13>|  return value|
|ap_return_4  |  out|   22|  ap_ctrl_hs|  dense_latency<ap_ufixed<8, 0, 4, 0, 0>, ap_fixed<23, 8, 5, 3, 0>, config13>|  return value|
|p_read       |   in|    8|     ap_none|                                                                       p_read|        scalar|
|p_read1      |   in|    8|     ap_none|                                                                      p_read1|        scalar|
|p_read2      |   in|    8|     ap_none|                                                                      p_read2|        scalar|
|p_read3      |   in|    8|     ap_none|                                                                      p_read3|        scalar|
|p_read4      |   in|    8|     ap_none|                                                                      p_read4|        scalar|
|p_read5      |   in|    8|     ap_none|                                                                      p_read5|        scalar|
|p_read6      |   in|    8|     ap_none|                                                                      p_read6|        scalar|
|p_read7      |   in|    8|     ap_none|                                                                      p_read7|        scalar|
|p_read8      |   in|    8|     ap_none|                                                                      p_read8|        scalar|
|p_read9      |   in|    8|     ap_none|                                                                      p_read9|        scalar|
|p_read10     |   in|    8|     ap_none|                                                                     p_read10|        scalar|
|p_read11     |   in|    8|     ap_none|                                                                     p_read11|        scalar|
|p_read12     |   in|    8|     ap_none|                                                                     p_read12|        scalar|
|p_read13     |   in|    8|     ap_none|                                                                     p_read13|        scalar|
|p_read14     |   in|    8|     ap_none|                                                                     p_read14|        scalar|
|p_read15     |   in|    8|     ap_none|                                                                     p_read15|        scalar|
|p_read16     |   in|    8|     ap_none|                                                                     p_read16|        scalar|
|p_read17     |   in|    8|     ap_none|                                                                     p_read17|        scalar|
|p_read18     |   in|    8|     ap_none|                                                                     p_read18|        scalar|
|p_read19     |   in|    8|     ap_none|                                                                     p_read19|        scalar|
|p_read20     |   in|    8|     ap_none|                                                                     p_read20|        scalar|
|p_read21     |   in|    8|     ap_none|                                                                     p_read21|        scalar|
|p_read22     |   in|    8|     ap_none|                                                                     p_read22|        scalar|
|p_read23     |   in|    8|     ap_none|                                                                     p_read23|        scalar|
|p_read24     |   in|    8|     ap_none|                                                                     p_read24|        scalar|
|p_read25     |   in|    8|     ap_none|                                                                     p_read25|        scalar|
|p_read26     |   in|    8|     ap_none|                                                                     p_read26|        scalar|
|p_read27     |   in|    8|     ap_none|                                                                     p_read27|        scalar|
|p_read28     |   in|    8|     ap_none|                                                                     p_read28|        scalar|
|p_read29     |   in|    8|     ap_none|                                                                     p_read29|        scalar|
|p_read30     |   in|    8|     ap_none|                                                                     p_read30|        scalar|
|p_read31     |   in|    8|     ap_none|                                                                     p_read31|        scalar|
|p_read32     |   in|    8|     ap_none|                                                                     p_read32|        scalar|
|p_read33     |   in|    8|     ap_none|                                                                     p_read33|        scalar|
|p_read34     |   in|    8|     ap_none|                                                                     p_read34|        scalar|
|p_read35     |   in|    8|     ap_none|                                                                     p_read35|        scalar|
|p_read36     |   in|    8|     ap_none|                                                                     p_read36|        scalar|
|p_read37     |   in|    8|     ap_none|                                                                     p_read37|        scalar|
|p_read38     |   in|    8|     ap_none|                                                                     p_read38|        scalar|
|p_read39     |   in|    8|     ap_none|                                                                     p_read39|        scalar|
|p_read40     |   in|    8|     ap_none|                                                                     p_read40|        scalar|
|p_read41     |   in|    8|     ap_none|                                                                     p_read41|        scalar|
|p_read42     |   in|    8|     ap_none|                                                                     p_read42|        scalar|
|p_read43     |   in|    8|     ap_none|                                                                     p_read43|        scalar|
|p_read44     |   in|    8|     ap_none|                                                                     p_read44|        scalar|
|p_read45     |   in|    8|     ap_none|                                                                     p_read45|        scalar|
|p_read46     |   in|    8|     ap_none|                                                                     p_read46|        scalar|
|p_read47     |   in|    8|     ap_none|                                                                     p_read47|        scalar|
|p_read48     |   in|    8|     ap_none|                                                                     p_read48|        scalar|
|p_read49     |   in|    8|     ap_none|                                                                     p_read49|        scalar|
|p_read50     |   in|    8|     ap_none|                                                                     p_read50|        scalar|
|p_read51     |   in|    8|     ap_none|                                                                     p_read51|        scalar|
|p_read52     |   in|    8|     ap_none|                                                                     p_read52|        scalar|
|p_read53     |   in|    8|     ap_none|                                                                     p_read53|        scalar|
|p_read54     |   in|    8|     ap_none|                                                                     p_read54|        scalar|
|p_read55     |   in|    8|     ap_none|                                                                     p_read55|        scalar|
|p_read56     |   in|    8|     ap_none|                                                                     p_read56|        scalar|
|p_read57     |   in|    8|     ap_none|                                                                     p_read57|        scalar|
|p_read58     |   in|    8|     ap_none|                                                                     p_read58|        scalar|
|p_read59     |   in|    8|     ap_none|                                                                     p_read59|        scalar|
|p_read60     |   in|    8|     ap_none|                                                                     p_read60|        scalar|
|p_read61     |   in|    8|     ap_none|                                                                     p_read61|        scalar|
|p_read62     |   in|    8|     ap_none|                                                                     p_read62|        scalar|
|p_read63     |   in|    8|     ap_none|                                                                     p_read63|        scalar|
+-------------+-----+-----+------------+-----------------------------------------------------------------------------+--------------+

