================================================================
== Design Size Report
================================================================

* Total Instructions per Compilation Phase
+---------------+-----------------------------+--------------+----------------------------------------------------------------------------------------+
| Phase         | Step                        | Instructions | Description                                                                            |
+---------------+-----------------------------+--------------+----------------------------------------------------------------------------------------+
| Compile/Link  |                             |  73,608      | After all functions are compiled and linked into a single design                       |
|               |                             |              |                                                                                        |
| Unroll/Inline |                             |              | After user unroll and inline pragmas are applied                                       |
|               | (1) unroll                  | 511,081 *    | user unroll pragmas are applied                                                        |
|               | (2) simplification          | 156,620 *    | simplification of applied user unroll pragmas                                          |
|               | (3) inline                  | 155,253 *    | user inline pragmas are applied                                                        |
|               | (4) simplification          | 154,988 *    | simplification of applied user inline pragmas                                          |
|               |                             |              |                                                                                        |
| Array/Struct  |                             |              | After user array partition and struct aggregate/disaggregate pragmas are applied       |
|               | (1) array partition         | 124,676 *    | user array partition pragmas are applied                                               |
|               | (2) simplification          |  99,986      | simplification of applied user array partition & struct aggregate/disaggregate pragmas |
|               | (3) aggregate/disaggregate  |  99,986      | user struct aggregate/disaggregate pragmas are applied                                 |
|               | (4) array reshape           | 100,785 *    | apply array reshape pragmas                                                            |
|               | (5) access patterns         |  99,580      | array access pattern optmizations                                                      |
|               |                             |              |                                                                                        |
| Performance   |                             |              | After transformations are applied to meet performance pragma targets                   |
|               | (1) loop simplification     |  92,233      | loop and instruction simplification                                                    |
|               | (2) parallelization         |  91,847      | loops are unrolled or pipelined to meet performance targets                            |
|               | (3) array partition         |  91,847      | arrays are partitioned to meet performance targets                                     |
|               | (4) simplification          |  91,847      | simplification of design after performance transformations                             |
|               |                             |              |                                                                                        |
| HW Transforms |                             |              | After hardware transfomations                                                          |
|               | (1) lowering                |  91,853      | initial conversion to HW specific instructions                                         |
|               | (2) optimizations           |  89,474      | high level synthesis optimizations                                                     |
+---------------+-----------------------------+--------------+----------------------------------------------------------------------------------------+
    * - Exceeded design size warning message threshold

* Instructions per Function for each Compilation Phase
+---------------------------------------------+-------------------------+--------------------+--------------------+-------------------+-------------------+-------------------+
| Function                                    | Location                | Compile/Link       | Unroll/Inline      | Array/Struct      | Performance       | HW Transforms     |
+---------------------------------------------+-------------------------+--------------------+--------------------+-------------------+-------------------+-------------------+
| + myhls                                     | myhls.cpp:340           | 73,608             | 154,988 *          | 99,580            | 91,847            | 89,474            |
|  + sparse_input_reduce<ap_fixed...          | myhls.cpp:54            | 55,731             | 22,000             | 18,853            | 11,659            | 9,269             |
|   + find_active<value_idx_pair<a...         | myhls.cpp:34            | 55,259             |                    |                   |                   |                   |
|    + find_active<value_idx_pair<a...        | myhls.cpp:34            | 35,315             |                    |                   |                   |                   |
|     + find_active<value_idx_pair<a...       | myhls.cpp:34            | 35,174 (2 calls)   |                    |                   |                   |                   |
|      + find_active<value_idx_pair<a...      | myhls.cpp:34            | 34,892 (4 calls)   |                    |                   |                   |                   |
|       + find_active<value_idx_pair<a...     | myhls.cpp:34            | 34,328 (8 calls)   |                    |                   |                   |                   |
|        + find_active<value_idx_pair<a...    | myhls.cpp:34            | 33,200 (16 calls)  |                    |                   |                   |                   |
|         + find_active<value_idx_pair<a...   | myhls.cpp:34            | 30,944 (32 calls)  |                    |                   |                   |                   |
|          + find_active<value_idx_pair<a...  | myhls.cpp:34            | 26,432 (64 calls)  |                    |                   |                   |                   |
|           + find_active<value_idx_pair<a... | myhls.cpp:34            | 17,408 (128 calls) |                    |                   |                   |                   |
|              operator()                     | myhls.cpp:13            | 15,744 (128 calls) |                    |                   |                   |                   |
|             operator()                      | myhls.cpp:13            | 7,872 (64 calls)   |                    |                   |                   |                   |
|            operator()                       | myhls.cpp:13            | 3,936 (32 calls)   |                    |                   |                   |                   |
|           operator()                        | myhls.cpp:13            | 1,968 (16 calls)   |                    |                   |                   |                   |
|          operator()                         | myhls.cpp:13            |   984 (8 calls)    |                    |                   |                   |                   |
|         operator()                          | myhls.cpp:13            |   492 (4 calls)    |                    |                   |                   |                   |
|        operator()                           | myhls.cpp:13            |   246 (2 calls)    |                    |                   |                   |                   |
|       operator()                            | myhls.cpp:13            |   123              |                    |                   |                   |                   |
|    + find_active<value_idx_pair<a...        | myhls.cpp:34            | 19,803             |                    |                   |                   |                   |
|     + find_active<value_idx_pair<a...       | myhls.cpp:34            | 17,587             |                    |                   |                   |                   |
|      + find_active<value_idx_pair<a...      | myhls.cpp:34            | 17,446 (2 calls)   |                    |                   |                   |                   |
|       + find_active<value_idx_pair<a...     | myhls.cpp:34            | 17,164 (4 calls)   |                    |                   |                   |                   |
|        + find_active<value_idx_pair<a...    | myhls.cpp:34            | 16,600 (8 calls)   |                    |                   |                   |                   |
|         + find_active<value_idx_pair<a...   | myhls.cpp:34            | 15,472 (16 calls)  |                    |                   |                   |                   |
|          + find_active<value_idx_pair<a...  | myhls.cpp:34            | 13,216 (32 calls)  |                    |                   |                   |                   |
|           + find_active<value_idx_pair<a... | myhls.cpp:34            | 8,704 (64 calls)   |                    |                   |                   |                   |
|              operator()                     | myhls.cpp:13            | 7,872 (64 calls)   |                    |                   |                   |                   |
|             operator()                      | myhls.cpp:13            | 3,936 (32 calls)   |                    |                   |                   |                   |
|            operator()                       | myhls.cpp:13            | 1,968 (16 calls)   |                    |                   |                   |                   |
|           operator()                        | myhls.cpp:13            |   984 (8 calls)    |                    |                   |                   |                   |
|          operator()                         | myhls.cpp:13            |   492 (4 calls)    |                    |                   |                   |                   |
|         operator()                          | myhls.cpp:13            |   246 (2 calls)    |                    |                   |                   |                   |
|        operator()                           | myhls.cpp:13            |   123              |                    |                   |                   |                   |
|     + find_active<value_idx_pair<a...       | myhls.cpp:34            | 2,075              |                    |                   |                   |                   |
|      + find_active<value_idx_pair<a...      | myhls.cpp:34            | 1,934 (2 calls)    |                    |                   |                   |                   |
|       + find_active<value_idx_pair<a...     | myhls.cpp:34            | 1,652 (4 calls)    |                    |                   |                   |                   |
|        + find_active<value_idx_pair<a...    | myhls.cpp:34            | 1,088 (8 calls)    |                    |                   |                   |                   |
|           operator()                        | myhls.cpp:13            |   984 (8 calls)    |                    |                   |                   |                   |
|          operator()                         | myhls.cpp:13            |   492 (4 calls)    |                    |                   |                   |                   |
|         operator()                          | myhls.cpp:13            |   246 (2 calls)    |                    |                   |                   |                   |
|        operator()                           | myhls.cpp:13            |   123              |                    |                   |                   |                   |
|       operator()                            | myhls.cpp:13            |   123              |                    |                   |                   |                   |
|      operator()                             | myhls.cpp:13            |   123              |                    |                   |                   |                   |
|     operator()                              | myhls.cpp:13            |                    |  7,581 (399 calls) | 7,581 (399 calls) | 5,586 (399 calls) | 5,586 (399 calls) |
|  + sparse_conv<ap_fixed<16, 6, ...          | myhls.cpp:158           | 3,293              | 15,918             | 16,577            | 16,577            | 16,577            |
|     mult_for_sparse_conv_kernel3...         | myhls.cpp:124           | 1,147              |                    |                   |                   |                   |
|    sparse_relu<ap_ufixed<16, 6,...          | myhls.cpp:210           |   429              |    215             |   169             |   169             |   170             |
|    sparse_pooling_avg<ap_ufixed...          | myhls.cpp:224           | 2,550              |  2,822             | 2,297             | 2,297             | 2,297             |
|  + sparse_conv<ap_ufixed<16, 6,...          | myhls.cpp:158           | 3,293              | 14,276             | 14,897            | 14,897            | 14,897            |
|     mult_for_sparse_conv_kernel3...         | myhls.cpp:124           | 1,147              |                    |                   |                   |                   |
|    sparse_relu<ap_ufixed<16, 6,...          | myhls.cpp:210           |   429              |     71             |    57             |    57             |    58             |
|    sparse_flatten<ap_ufixed<16,...          | myhls.cpp:307           |   477              |    296             | 1,196             | 1,196             | 1,201             |
|  + dense<ap_ufixed<16, 6, AP_RN...          | nnet_dense.h:41         |   587              |                    |                   |                   |                   |
|   + dense                                   | nnet_dense.h:50         |   585              |                    |                   |                   |                   |
|    + dense_latency<ap_ufixed<16, ...        | nnet_dense_latency.h:13 |   583              |                    |                   |                   |                   |
|       product                               | nnet_mult.h:70          |   137              |                    |                   |                   |                   |
|       cast<ap_ufixed<16, 6, AP_RND...       | nnet_mult.h:110         |     3              |                    |                   |                   |                   |
|    relu<ap_fixed<40, 21, AP_TRN...          | nnet_activation.h:39    |   804              |  3,262             | 3,329             | 3,329             | 3,330             |
|  + dense<ap_ufixed<16, 6, AP_RN...          | nnet_dense.h:41         |   586              |                    |                   |                   |                   |
|   + dense                                   | nnet_dense.h:50         |   584              |                    |                   |                   |                   |
|    + dense_latency<ap_ufixed<16, ...        | nnet_dense_latency.h:13 |   582              |                    |                   |                   |                   |
|       product                               | nnet_mult.h:70          |   137              |                    |                   |                   |                   |
|       cast<ap_ufixed<16, 6, AP_RND...       | nnet_mult.h:110         |     3              |                    |                   |                   |                   |
|  + softmax<ap_fixed<29, 10, AP_...          | nnet_activation.h:379   | 5,208              |                    |                   |                   |                   |
|   + softmax_stable<ap_fixed<29, ...         | nnet_activation.h:216   | 5,206              |                    |                   |                   |                   |
|    + init_exp_table<ap_fixed<29, ...        | nnet_activation.h:149   | 1,162              |                    |                   |                   |                   |
|       softmax_real_val_from_idx<ap...       | nnet_activation.h:133   |   414              |                    |                   |                   |                   |
|       exp_fcn_float                         | nnet_activation.h:131   |     4              |                    |                   |                   |                   |
|    + init_invert_table<ap_fixed<1...        | nnet_activation.h:160   | 1,410              |                    |                   |                   |                   |
|       softmax_real_val_from_idx<ap...       | nnet_activation.h:133   |   666              |                    |                   |                   |                   |
|    + reduce<ap_fixed<29, 10, AP_T...        | nnet_common.h:37        |   122              |                    |                   |                   |                   |
|     + reduce<ap_fixed<29, 10, AP_T...       | nnet_common.h:37        |    89              |                    |                   |                   |                   |
|      + reduce<ap_fixed<29, 10, AP_T...      | nnet_common.h:37        |    60 (2 calls)    |                    |                   |                   |                   |
|         operator()                          | nnet_common.h:66        |    40 (2 calls)    |                    |                   |                   |                   |
|        operator()                           | nnet_common.h:66        |    20              |                    |                   |                   |                   |
|       reduce<ap_fixed<29, 10, AP_T...       | nnet_common.h:37        |     4              |                    |                   |                   |                   |
|       operator()                            | nnet_common.h:66        |    20              |                    |                   |                   |                   |
|      softmax_idx_from_real_val<ap...        | nnet_activation.h:141   |    98              |                    |                   |                   |                   |
|    + reduce<ap_fixed<18, 8, AP_RN...        | nnet_common.h:37        | 1,318              |                    |                   |                   |                   |
|     + reduce<ap_fixed<18, 8, AP_RN...       | nnet_common.h:37        |   986              |                    |                   |                   |                   |
|      + reduce<ap_fixed<18, 8, AP_RN...      | nnet_common.h:37        |   658 (2 calls)    |                    |                   |                   |                   |
|         operator()                          | nnet_common.h:51        |   638 (2 calls)    |                    |                   |                   |                   |
|        operator()                           | nnet_common.h:51        |   319              |                    |                   |                   |                   |
|       reduce<ap_fixed<18, 8, AP_RN...       | nnet_common.h:37        |     4              |                    |                   |                   |                   |
|       operator()                            | nnet_common.h:51        |   319              |                    |                   |                   |                   |
|      softmax_idx_from_real_val<ap...        | nnet_activation.h:141   |    98              |                    |                   |                   |                   |
|  + dense_latency<ap_ufixed<16, ...          | nnet_dense_latency.h:13 |                    | 90,219             | 38,512            | 37,997            | 37,998            |
|     cast<ap_ufixed<16, 6, AP_RND...         | nnet_mult.h:110         |                    |    192 (64 calls)  |   192 (64 calls)  |                   |                   |
|    dense_latency<ap_ufixed<16, ...          | nnet_dense_latency.h:13 |                    |  5,429             | 2,996             | 2,996             | 2,997             |
|  + softmax_stable<ap_fixed<29, ...          | nnet_activation.h:216   |                    |    380             |   318             |   294             |   292             |
|     reduce<ap_fixed<18, 8, AP_RN...         | nnet_common.h:37        |                    |     83             |    80             |    76             |    76             |
+---------------------------------------------+-------------------------+--------------------+--------------------+-------------------+-------------------+-------------------+
    * - Exceeded design size warning message threshold

* Design Size Message Settings
+---------------------------------------------+--------+------------------------------------------------------------------+
| Message Setting                             | Value  | Description                                                      |
+---------------------------------------------+--------+------------------------------------------------------------------+
| config_compile -design_size_maximum_warning | 100000 | Show a warning when total design instructions exceeds this value |
+---------------------------------------------+--------+------------------------------------------------------------------+


