#-----------------------------------------------------------
# Vivado v2023.1 (64-bit)
# SW Build 3865809 on Sun May  7 15:04:56 MDT 2023
# IP Build 3864474 on Sun May  7 20:36:21 MDT 2023
# SharedData Build 3865790 on Sun May 07 13:33:03 MDT 2023
# Start of session at: Sat Jul 19 04:21:42 2025
# Process ID: 52032
# Current directory: /home/coder/sparse-pixels/hls_proj/scaling/8b/reduction/reduction-in100/reduction-in100-out20
# Command line: vivado -mode batch -source vivado_synth.tcl
# Log file: /home/coder/sparse-pixels/hls_proj/scaling/8b/reduction/reduction-in100/reduction-in100-out20/vivado.log
# Journal file: /home/coder/sparse-pixels/hls_proj/scaling/8b/reduction/reduction-in100/reduction-in100-out20/vivado.jou
# Running On: coder-hftsoi-hls4, OS: Linux, CPU Frequency: 2250.000 MHz, CPU Physical cores: 24, Host memory: 540863 MB
#-----------------------------------------------------------
source vivado_synth.tcl
# set tcldir [file dirname [info script]]
# source [file join $tcldir project.tcl]
## variable project_name
## set project_name "hls_dummy"
## variable backend
## set backend "vitis"
## variable part
## set part "xcu250-figd2104-2L-e"
## variable clock_period
## set clock_period 5
## variable clock_uncertainty
## set clock_uncertainty 27%
## variable version
## set version "1.0.0"
## variable maximum_size
## set maximum_size 4096
# add_files ${project_name}_prj/solution1/syn/verilog
add_files: Time (s): cpu = 00:00:08 ; elapsed = 00:00:08 . Memory (MB): peak = 2408.957 ; gain = 114.992 ; free physical = 243673 ; free virtual = 372011
# synth_design -top ${project_name} -part $part
Command: synth_design -top hls_dummy -part xcu250-figd2104-2L-e
Starting synth_design
Attempting to get a license for feature 'Synthesis' and/or device 'xcu250'
INFO: [Common 17-349] Got license for feature 'Synthesis' and/or device 'xcu250'
INFO: [Synth 8-7079] Multithreading enabled for synth_design using a maximum of 4 processes.
INFO: [Synth 8-7078] Launching helper process for spawning children vivado processes
INFO: [Synth 8-7075] Helper process launched with PID 52044
---------------------------------------------------------------------------------
Starting Synthesize : Time (s): cpu = 00:00:04 ; elapsed = 00:00:04 . Memory (MB): peak = 2822.477 ; gain = 389.695 ; free physical = 238746 ; free virtual = 367085
---------------------------------------------------------------------------------
INFO: [Synth 8-6157] synthesizing module 'hls_dummy' [/home/coder/sparse-pixels/hls_proj/scaling/8b/reduction/reduction-in100/reduction-in100-out20/hls_dummy_prj/solution1/syn/verilog/hls_dummy.v:9]
INFO: [Synth 8-6157] synthesizing module 'hls_dummy_sparse_input_reduce_ap_fixed_8_2_5_3_0_ap_uint_10_10_10_1_20_4' [/home/coder/sparse-pixels/hls_proj/scaling/8b/reduction/reduction-in100/reduction-in100-out20/hls_dummy_prj/solution1/syn/verilog/hls_dummy_sparse_input_reduce_ap_fixed_8_2_5_3_0_ap_uint_10_10_10_1_20_4.v:9]
INFO: [Synth 8-6157] synthesizing module 'hls_dummy_operator_s' [/home/coder/sparse-pixels/hls_proj/scaling/8b/reduction/reduction-in100/reduction-in100-out20/hls_dummy_prj/solution1/syn/verilog/hls_dummy_operator_s.v:9]
INFO: [Synth 8-6155] done synthesizing module 'hls_dummy_operator_s' (0#1) [/home/coder/sparse-pixels/hls_proj/scaling/8b/reduction/reduction-in100/reduction-in100-out20/hls_dummy_prj/solution1/syn/verilog/hls_dummy_operator_s.v:9]
INFO: [Synth 8-6155] done synthesizing module 'hls_dummy_sparse_input_reduce_ap_fixed_8_2_5_3_0_ap_uint_10_10_10_1_20_4' (0#1) [/home/coder/sparse-pixels/hls_proj/scaling/8b/reduction/reduction-in100/reduction-in100-out20/hls_dummy_prj/solution1/syn/verilog/hls_dummy_sparse_input_reduce_ap_fixed_8_2_5_3_0_ap_uint_10_10_10_1_20_4.v:9]
INFO: [Synth 8-6157] synthesizing module 'hls_dummy_Block_entry24_proc' [/home/coder/sparse-pixels/hls_proj/scaling/8b/reduction/reduction-in100/reduction-in100-out20/hls_dummy_prj/solution1/syn/verilog/hls_dummy_Block_entry24_proc.v:9]
INFO: [Synth 8-6155] done synthesizing module 'hls_dummy_Block_entry24_proc' (0#1) [/home/coder/sparse-pixels/hls_proj/scaling/8b/reduction/reduction-in100/reduction-in100-out20/hls_dummy_prj/solution1/syn/verilog/hls_dummy_Block_entry24_proc.v:9]
INFO: [Synth 8-6157] synthesizing module 'hls_dummy_fifo_w8_d2_S' [/home/coder/sparse-pixels/hls_proj/scaling/8b/reduction/reduction-in100/reduction-in100-out20/hls_dummy_prj/solution1/syn/verilog/hls_dummy_fifo_w8_d2_S.v:11]
INFO: [Synth 8-6157] synthesizing module 'hls_dummy_fifo_w8_d2_S_ShiftReg' [/home/coder/sparse-pixels/hls_proj/scaling/8b/reduction/reduction-in100/reduction-in100-out20/hls_dummy_prj/solution1/syn/verilog/hls_dummy_fifo_w8_d2_S.v:120]
	Parameter DATA_WIDTH bound to: 8 - type: integer 
	Parameter ADDR_WIDTH bound to: 1 - type: integer 
	Parameter DEPTH bound to: 2 - type: integer 
INFO: [Synth 8-6155] done synthesizing module 'hls_dummy_fifo_w8_d2_S_ShiftReg' (0#1) [/home/coder/sparse-pixels/hls_proj/scaling/8b/reduction/reduction-in100/reduction-in100-out20/hls_dummy_prj/solution1/syn/verilog/hls_dummy_fifo_w8_d2_S.v:120]
INFO: [Synth 8-6155] done synthesizing module 'hls_dummy_fifo_w8_d2_S' (0#1) [/home/coder/sparse-pixels/hls_proj/scaling/8b/reduction/reduction-in100/reduction-in100-out20/hls_dummy_prj/solution1/syn/verilog/hls_dummy_fifo_w8_d2_S.v:11]
INFO: [Synth 8-6155] done synthesizing module 'hls_dummy' (0#1) [/home/coder/sparse-pixels/hls_proj/scaling/8b/reduction/reduction-in100/reduction-in100-out20/hls_dummy_prj/solution1/syn/verilog/hls_dummy.v:9]
WARNING: [Synth 8-7129] Port reset in module hls_dummy_fifo_w8_d2_S_ShiftReg is either unconnected or has no load
---------------------------------------------------------------------------------
Finished Synthesize : Time (s): cpu = 00:00:06 ; elapsed = 00:00:06 . Memory (MB): peak = 2918.414 ; gain = 485.633 ; free physical = 236258 ; free virtual = 364598
---------------------------------------------------------------------------------
---------------------------------------------------------------------------------
Finished Constraint Validation : Time (s): cpu = 00:00:07 ; elapsed = 00:00:07 . Memory (MB): peak = 2930.289 ; gain = 497.508 ; free physical = 239276 ; free virtual = 367615
---------------------------------------------------------------------------------
---------------------------------------------------------------------------------
Start Loading Part and Timing Information
---------------------------------------------------------------------------------
Loading part: xcu250-figd2104-2L-e
INFO: [Synth 8-6742] Reading net delay rules and data
---------------------------------------------------------------------------------
INFO: [Device 21-403] Loading part xcu250-figd2104-2L-e
Finished Loading Part and Timing Information : Time (s): cpu = 00:00:07 ; elapsed = 00:00:07 . Memory (MB): peak = 2944.230 ; gain = 511.449 ; free physical = 239170 ; free virtual = 367509
---------------------------------------------------------------------------------
INFO: [Synth 8-4490] FSM extraction disabled for register 'ap_CS_fsm_reg' through user attribute
INFO: [Synth 8-4490] FSM extraction disabled for register 'ap_CS_fsm_reg' through user attribute
---------------------------------------------------------------------------------
Finished RTL Optimization Phase 2 : Time (s): cpu = 00:00:08 ; elapsed = 00:00:08 . Memory (MB): peak = 2944.230 ; gain = 511.449 ; free physical = 238535 ; free virtual = 366876
---------------------------------------------------------------------------------
No constraint files found.
---------------------------------------------------------------------------------
Start RTL Component Statistics 
---------------------------------------------------------------------------------
Detailed RTL Component Info : 
+---Adders : 
	   2 Input    5 Bit       Adders := 1     
	   2 Input    2 Bit       Adders := 40    
+---XORs : 
	   2 Input      1 Bit         XORs := 40    
+---Registers : 
	               12 Bit    Registers := 26    
	                8 Bit    Registers := 206   
	                5 Bit    Registers := 2     
	                4 Bit    Registers := 1     
	                2 Bit    Registers := 20    
	                1 Bit    Registers := 66    
+---Muxes : 
	   2 Input   12 Bit        Muxes := 187   
	   2 Input    8 Bit        Muxes := 201   
	   2 Input    7 Bit        Muxes := 154   
	   7 Input    4 Bit        Muxes := 1     
	   2 Input    2 Bit        Muxes := 21    
	   2 Input    1 Bit        Muxes := 92    
---------------------------------------------------------------------------------
Finished RTL Component Statistics 
---------------------------------------------------------------------------------
---------------------------------------------------------------------------------
Start Part Resource Summary
---------------------------------------------------------------------------------
Part Resources:
DSPs: 12288 (col length:96)
BRAMs: 5376 (col length: RAMB18 384 RAMB36 192)
---------------------------------------------------------------------------------
Finished Part Resource Summary
---------------------------------------------------------------------------------
No constraint files found.
---------------------------------------------------------------------------------
Start Cross Boundary and Area Optimization
---------------------------------------------------------------------------------
WARNING: [Synth 8-7080] Parallel synthesis criteria is not met
---------------------------------------------------------------------------------
Finished Cross Boundary and Area Optimization : Time (s): cpu = 00:00:26 ; elapsed = 00:00:27 . Memory (MB): peak = 4006.184 ; gain = 1573.402 ; free physical = 235570 ; free virtual = 363916
---------------------------------------------------------------------------------
No constraint files found.
---------------------------------------------------------------------------------
Start Timing Optimization
---------------------------------------------------------------------------------
---------------------------------------------------------------------------------
Finished Timing Optimization : Time (s): cpu = 00:00:26 ; elapsed = 00:00:27 . Memory (MB): peak = 4006.184 ; gain = 1573.402 ; free physical = 233336 ; free virtual = 361682
---------------------------------------------------------------------------------
---------------------------------------------------------------------------------
Start Technology Mapping
---------------------------------------------------------------------------------
---------------------------------------------------------------------------------
Finished Technology Mapping : Time (s): cpu = 00:00:27 ; elapsed = 00:00:28 . Memory (MB): peak = 4006.184 ; gain = 1573.402 ; free physical = 230332 ; free virtual = 358678
---------------------------------------------------------------------------------
---------------------------------------------------------------------------------
Start IO Insertion
---------------------------------------------------------------------------------
---------------------------------------------------------------------------------
Start Flattening Before IO Insertion
---------------------------------------------------------------------------------
---------------------------------------------------------------------------------
Finished Flattening Before IO Insertion
---------------------------------------------------------------------------------
---------------------------------------------------------------------------------
Start Final Netlist Cleanup
---------------------------------------------------------------------------------
---------------------------------------------------------------------------------
Finished Final Netlist Cleanup
---------------------------------------------------------------------------------
---------------------------------------------------------------------------------
Finished IO Insertion : Time (s): cpu = 00:00:31 ; elapsed = 00:00:33 . Memory (MB): peak = 4006.184 ; gain = 1573.402 ; free physical = 242291 ; free virtual = 370637
---------------------------------------------------------------------------------
---------------------------------------------------------------------------------
Start Renaming Generated Instances
---------------------------------------------------------------------------------
---------------------------------------------------------------------------------
Finished Renaming Generated Instances : Time (s): cpu = 00:00:31 ; elapsed = 00:00:33 . Memory (MB): peak = 4006.184 ; gain = 1573.402 ; free physical = 242292 ; free virtual = 370637
---------------------------------------------------------------------------------
---------------------------------------------------------------------------------
Start Rebuilding User Hierarchy
---------------------------------------------------------------------------------
---------------------------------------------------------------------------------
Finished Rebuilding User Hierarchy : Time (s): cpu = 00:00:32 ; elapsed = 00:00:33 . Memory (MB): peak = 4006.184 ; gain = 1573.402 ; free physical = 242291 ; free virtual = 370637
---------------------------------------------------------------------------------
---------------------------------------------------------------------------------
Start Renaming Generated Ports
---------------------------------------------------------------------------------
---------------------------------------------------------------------------------
Finished Renaming Generated Ports : Time (s): cpu = 00:00:32 ; elapsed = 00:00:33 . Memory (MB): peak = 4006.184 ; gain = 1573.402 ; free physical = 242291 ; free virtual = 370637
---------------------------------------------------------------------------------
---------------------------------------------------------------------------------
Start Handling Custom Attributes
---------------------------------------------------------------------------------
---------------------------------------------------------------------------------
Finished Handling Custom Attributes : Time (s): cpu = 00:00:33 ; elapsed = 00:00:34 . Memory (MB): peak = 4006.184 ; gain = 1573.402 ; free physical = 242285 ; free virtual = 370631
---------------------------------------------------------------------------------
---------------------------------------------------------------------------------
Start Renaming Generated Nets
---------------------------------------------------------------------------------
---------------------------------------------------------------------------------
Finished Renaming Generated Nets : Time (s): cpu = 00:00:33 ; elapsed = 00:00:34 . Memory (MB): peak = 4006.184 ; gain = 1573.402 ; free physical = 242285 ; free virtual = 370631
---------------------------------------------------------------------------------
---------------------------------------------------------------------------------
Start Writing Synthesis Report
---------------------------------------------------------------------------------

Report BlackBoxes: 
+-+--------------+----------+
| |BlackBox name |Instances |
+-+--------------+----------+
+-+--------------+----------+

Report Cell Usage: 
+------+------+------+
|      |Cell  |Count |
+------+------+------+
|1     |BUFG  |     1|
|2     |LUT1  |    21|
|3     |LUT2  |    92|
|4     |LUT3  |    58|
|5     |LUT4  |  1352|
|6     |LUT5  |   333|
|7     |LUT6  |   985|
|8     |MUXF7 |    14|
|9     |FDRE  |  1714|
|10    |FDSE  |    61|
|11    |IBUF  |   804|
|12    |OBUF  |   183|
+------+------+------+

Report Instance Areas: 
+------+--------------------------------------------------------------------+-------------------------------------------------------------------------+------+
|      |Instance                                                            |Module                                                                   |Cells |
+------+--------------------------------------------------------------------+-------------------------------------------------------------------------+------+
|1     |top                                                                 |                                                                         |  5618|
|2     |  Block_entry24_proc_U0                                             |hls_dummy_Block_entry24_proc                                             |   140|
|3     |  sparse_arr_feat_reduce_out_10_U                                   |hls_dummy_fifo_w8_d2_S                                                   |    37|
|4     |    U_hls_dummy_fifo_w8_d2_S_ShiftReg                               |hls_dummy_fifo_w8_d2_S_ShiftReg_37                                       |    28|
|5     |  sparse_arr_feat_reduce_out_11_U                                   |hls_dummy_fifo_w8_d2_S_0                                                 |    38|
|6     |    U_hls_dummy_fifo_w8_d2_S_ShiftReg                               |hls_dummy_fifo_w8_d2_S_ShiftReg_36                                       |    28|
|7     |  sparse_arr_feat_reduce_out_12_U                                   |hls_dummy_fifo_w8_d2_S_1                                                 |    37|
|8     |    U_hls_dummy_fifo_w8_d2_S_ShiftReg                               |hls_dummy_fifo_w8_d2_S_ShiftReg_35                                       |    28|
|9     |  sparse_arr_feat_reduce_out_13_U                                   |hls_dummy_fifo_w8_d2_S_2                                                 |    37|
|10    |    U_hls_dummy_fifo_w8_d2_S_ShiftReg                               |hls_dummy_fifo_w8_d2_S_ShiftReg_34                                       |    28|
|11    |  sparse_arr_feat_reduce_out_14_U                                   |hls_dummy_fifo_w8_d2_S_3                                                 |    38|
|12    |    U_hls_dummy_fifo_w8_d2_S_ShiftReg                               |hls_dummy_fifo_w8_d2_S_ShiftReg_33                                       |    28|
|13    |  sparse_arr_feat_reduce_out_15_U                                   |hls_dummy_fifo_w8_d2_S_4                                                 |    38|
|14    |    U_hls_dummy_fifo_w8_d2_S_ShiftReg                               |hls_dummy_fifo_w8_d2_S_ShiftReg_32                                       |    28|
|15    |  sparse_arr_feat_reduce_out_16_U                                   |hls_dummy_fifo_w8_d2_S_5                                                 |    37|
|16    |    U_hls_dummy_fifo_w8_d2_S_ShiftReg                               |hls_dummy_fifo_w8_d2_S_ShiftReg_31                                       |    28|
|17    |  sparse_arr_feat_reduce_out_17_U                                   |hls_dummy_fifo_w8_d2_S_6                                                 |    38|
|18    |    U_hls_dummy_fifo_w8_d2_S_ShiftReg                               |hls_dummy_fifo_w8_d2_S_ShiftReg_30                                       |    28|
|19    |  sparse_arr_feat_reduce_out_18_U                                   |hls_dummy_fifo_w8_d2_S_7                                                 |    38|
|20    |    U_hls_dummy_fifo_w8_d2_S_ShiftReg                               |hls_dummy_fifo_w8_d2_S_ShiftReg_29                                       |    28|
|21    |  sparse_arr_feat_reduce_out_19_U                                   |hls_dummy_fifo_w8_d2_S_8                                                 |    37|
|22    |    U_hls_dummy_fifo_w8_d2_S_ShiftReg                               |hls_dummy_fifo_w8_d2_S_ShiftReg_28                                       |    28|
|23    |  sparse_arr_feat_reduce_out_1_U                                    |hls_dummy_fifo_w8_d2_S_9                                                 |    39|
|24    |    U_hls_dummy_fifo_w8_d2_S_ShiftReg                               |hls_dummy_fifo_w8_d2_S_ShiftReg_27                                       |    28|
|25    |  sparse_arr_feat_reduce_out_2_U                                    |hls_dummy_fifo_w8_d2_S_10                                                |    37|
|26    |    U_hls_dummy_fifo_w8_d2_S_ShiftReg                               |hls_dummy_fifo_w8_d2_S_ShiftReg_26                                       |    28|
|27    |  sparse_arr_feat_reduce_out_3_U                                    |hls_dummy_fifo_w8_d2_S_11                                                |    37|
|28    |    U_hls_dummy_fifo_w8_d2_S_ShiftReg                               |hls_dummy_fifo_w8_d2_S_ShiftReg_25                                       |    28|
|29    |  sparse_arr_feat_reduce_out_4_U                                    |hls_dummy_fifo_w8_d2_S_12                                                |    38|
|30    |    U_hls_dummy_fifo_w8_d2_S_ShiftReg                               |hls_dummy_fifo_w8_d2_S_ShiftReg_24                                       |    28|
|31    |  sparse_arr_feat_reduce_out_5_U                                    |hls_dummy_fifo_w8_d2_S_13                                                |    37|
|32    |    U_hls_dummy_fifo_w8_d2_S_ShiftReg                               |hls_dummy_fifo_w8_d2_S_ShiftReg_23                                       |    28|
|33    |  sparse_arr_feat_reduce_out_6_U                                    |hls_dummy_fifo_w8_d2_S_14                                                |    37|
|34    |    U_hls_dummy_fifo_w8_d2_S_ShiftReg                               |hls_dummy_fifo_w8_d2_S_ShiftReg_22                                       |    28|
|35    |  sparse_arr_feat_reduce_out_7_U                                    |hls_dummy_fifo_w8_d2_S_15                                                |    38|
|36    |    U_hls_dummy_fifo_w8_d2_S_ShiftReg                               |hls_dummy_fifo_w8_d2_S_ShiftReg_21                                       |    28|
|37    |  sparse_arr_feat_reduce_out_8_U                                    |hls_dummy_fifo_w8_d2_S_16                                                |    37|
|38    |    U_hls_dummy_fifo_w8_d2_S_ShiftReg                               |hls_dummy_fifo_w8_d2_S_ShiftReg_20                                       |    28|
|39    |  sparse_arr_feat_reduce_out_9_U                                    |hls_dummy_fifo_w8_d2_S_17                                                |    39|
|40    |    U_hls_dummy_fifo_w8_d2_S_ShiftReg                               |hls_dummy_fifo_w8_d2_S_ShiftReg_19                                       |    28|
|41    |  sparse_arr_feat_reduce_out_U                                      |hls_dummy_fifo_w8_d2_S_18                                                |    37|
|42    |    U_hls_dummy_fifo_w8_d2_S_ShiftReg                               |hls_dummy_fifo_w8_d2_S_ShiftReg                                          |    28|
|43    |  sparse_input_reduce_ap_fixed_8_2_5_3_0_ap_uint_10_10_10_1_20_4_U0 |hls_dummy_sparse_input_reduce_ap_fixed_8_2_5_3_0_ap_uint_10_10_10_1_20_4 |  3719|
+------+--------------------------------------------------------------------+-------------------------------------------------------------------------+------+
---------------------------------------------------------------------------------
Finished Writing Synthesis Report : Time (s): cpu = 00:00:33 ; elapsed = 00:00:34 . Memory (MB): peak = 4006.184 ; gain = 1573.402 ; free physical = 242285 ; free virtual = 370631
---------------------------------------------------------------------------------
Synthesis finished with 0 errors, 0 critical warnings and 2 warnings.
Synthesis Optimization Runtime : Time (s): cpu = 00:00:33 ; elapsed = 00:00:34 . Memory (MB): peak = 4006.184 ; gain = 1573.402 ; free physical = 242284 ; free virtual = 370630
Synthesis Optimization Complete : Time (s): cpu = 00:00:33 ; elapsed = 00:00:34 . Memory (MB): peak = 4006.191 ; gain = 1573.402 ; free physical = 242284 ; free virtual = 370630
INFO: [Project 1-571] Translating synthesized netlist
Netlist sorting complete. Time (s): cpu = 00:00:00.03 ; elapsed = 00:00:00.04 . Memory (MB): peak = 4017.152 ; gain = 0.000 ; free physical = 242565 ; free virtual = 370911
INFO: [Netlist 29-17] Analyzing 819 Unisim elements for replacement
INFO: [Netlist 29-28] Unisim Transformation completed in 0 CPU seconds
INFO: [Project 1-570] Preparing netlist for logic optimization
INFO: [Opt 31-138] Pushed 0 inverter(s) to 0 load pin(s).
Netlist sorting complete. Time (s): cpu = 00:00:00 ; elapsed = 00:00:00 . Memory (MB): peak = 4113.805 ; gain = 0.000 ; free physical = 241095 ; free virtual = 369441
INFO: [Project 1-111] Unisim Transformation Summary:
  A total of 805 instances were transformed.
  BUFG => BUFGCE: 1 instance 
  IBUF => IBUF (IBUFCTRL, INBUF): 804 instances

Synth Design complete | Checksum: cf1f0e6
INFO: [Common 17-83] Releasing license: Synthesis
27 Infos, 2 Warnings, 0 Critical Warnings and 0 Errors encountered.
synth_design completed successfully
synth_design: Time (s): cpu = 00:00:41 ; elapsed = 00:00:39 . Memory (MB): peak = 4113.805 ; gain = 1704.848 ; free physical = 240618 ; free virtual = 368964
INFO: [Common 17-2834] synth_design peak Physical Memory [PSS] (MB): overall = 3658.351; main = 3420.599; forked = 369.801
INFO: [Common 17-2834] synth_design peak Virtual Memory [VSS] (MB): overall = 4973.422; main = 4113.809; forked = 967.234
# opt_design -retarget -propconst -sweep -bram_power_opt -shift_register_opt
Command: opt_design -retarget -propconst -sweep -bram_power_opt -shift_register_opt
Attempting to get a license for feature 'Implementation' and/or device 'xcu250'
INFO: [Common 17-349] Got license for feature 'Implementation' and/or device 'xcu250'
Running DRC as a precondition to command opt_design

Starting DRC Task
INFO: [DRC 23-27] Running DRC with 8 threads
INFO: [Project 1-461] DRC finished with 0 Errors
INFO: [Project 1-462] Please refer to the DRC report (report_drc) for more information.

Time (s): cpu = 00:00:02 ; elapsed = 00:00:01 . Memory (MB): peak = 4177.836 ; gain = 64.031 ; free physical = 237573 ; free virtual = 365918

Starting Cache Timing Information Task
INFO: [Timing 38-35] Done setting XDC timing constraints.
Ending Cache Timing Information Task | Checksum: bd9c9148

Time (s): cpu = 00:00:02 ; elapsed = 00:00:02 . Memory (MB): peak = 4244.227 ; gain = 66.391 ; free physical = 242597 ; free virtual = 370943

Starting Logic Optimization Task

Phase 1 Retarget
INFO: [Opt 31-138] Pushed 0 inverter(s) to 0 load pin(s).
INFO: [Opt 31-49] Retargeted 0 cell(s).
Phase 1 Retarget | Checksum: eadbf2b3

Time (s): cpu = 00:00:00.38 ; elapsed = 00:00:00.2 . Memory (MB): peak = 4456.227 ; gain = 0.000 ; free physical = 242273 ; free virtual = 370619
INFO: [Opt 31-389] Phase Retarget created 3 cells and removed 3 cells

Phase 2 Constant propagation
INFO: [Opt 31-138] Pushed 0 inverter(s) to 0 load pin(s).
Phase 2 Constant propagation | Checksum: 79daf1cc

Time (s): cpu = 00:00:00.41 ; elapsed = 00:00:00.24 . Memory (MB): peak = 4456.227 ; gain = 0.000 ; free physical = 242273 ; free virtual = 370619
INFO: [Opt 31-389] Phase Constant propagation created 8 cells and removed 21 cells

Phase 3 Sweep
Phase 3 Sweep | Checksum: 6c16d813

Time (s): cpu = 00:00:00.48 ; elapsed = 00:00:00.31 . Memory (MB): peak = 4456.227 ; gain = 0.000 ; free physical = 242272 ; free virtual = 370618
INFO: [Opt 31-389] Phase Sweep created 1 cells and removed 0 cells

Phase 4 Shift Register Optimization
INFO: [Opt 31-1064] SRL Remap converted 0 SRLs to 0 registers and converted 0 registers of register chains to 0 SRLs
Phase 4 Shift Register Optimization | Checksum: 12820098a

Time (s): cpu = 00:00:00.81 ; elapsed = 00:00:00.59 . Memory (MB): peak = 4456.227 ; gain = 0.000 ; free physical = 242271 ; free virtual = 370617
INFO: [Opt 31-389] Phase Shift Register Optimization created 0 cells and removed 0 cells

Phase 5 Post Processing Netlist
Phase 5 Post Processing Netlist | Checksum: 12820098a

Time (s): cpu = 00:00:00.83 ; elapsed = 00:00:00.6 . Memory (MB): peak = 4456.227 ; gain = 0.000 ; free physical = 242271 ; free virtual = 370617
INFO: [Opt 31-389] Phase Post Processing Netlist created 0 cells and removed 0 cells
Opt_design Change Summary
=========================


-------------------------------------------------------------------------------------------------------------------------
|  Phase                        |  #Cells created  |  #Cells Removed  |  #Constrained objects preventing optimizations  |
-------------------------------------------------------------------------------------------------------------------------
|  Retarget                     |               3  |               3  |                                              0  |
|  Constant propagation         |               8  |              21  |                                              0  |
|  Sweep                        |               1  |               0  |                                              0  |
|  Shift Register Optimization  |               0  |               0  |                                              0  |
|  Post Processing Netlist      |               0  |               0  |                                              0  |
-------------------------------------------------------------------------------------------------------------------------


Ending Logic Optimization Task | Checksum: 12820098a

Time (s): cpu = 00:00:00.84 ; elapsed = 00:00:00.62 . Memory (MB): peak = 4456.227 ; gain = 0.000 ; free physical = 242271 ; free virtual = 370617

Starting Power Optimization Task
INFO: [Pwropt 34-132] Skipping clock gating for clocks with a period < 2.00 ns.
Ending Power Optimization Task | Checksum: 12820098a

Time (s): cpu = 00:00:00.01 ; elapsed = 00:00:00.01 . Memory (MB): peak = 4456.227 ; gain = 0.000 ; free physical = 242269 ; free virtual = 370614

Starting Final Cleanup Task
Ending Final Cleanup Task | Checksum: 12820098a

Time (s): cpu = 00:00:00 ; elapsed = 00:00:00 . Memory (MB): peak = 4456.227 ; gain = 0.000 ; free physical = 242269 ; free virtual = 370614

Starting Netlist Obfuscation Task
Netlist sorting complete. Time (s): cpu = 00:00:00 ; elapsed = 00:00:00.01 . Memory (MB): peak = 4456.227 ; gain = 0.000 ; free physical = 242269 ; free virtual = 370614
Ending Netlist Obfuscation Task | Checksum: 12820098a

Time (s): cpu = 00:00:00 ; elapsed = 00:00:00.01 . Memory (MB): peak = 4456.227 ; gain = 0.000 ; free physical = 242269 ; free virtual = 370614
INFO: [Common 17-83] Releasing license: Implementation
16 Infos, 0 Warnings, 0 Critical Warnings and 0 Errors encountered.
opt_design completed successfully
opt_design: Time (s): cpu = 00:00:08 ; elapsed = 00:00:06 . Memory (MB): peak = 4456.227 ; gain = 342.422 ; free physical = 242269 ; free virtual = 370614
# report_utilization -file vivado_synth.rpt -hierarchical -hierarchical_depth 1
INFO: [Common 17-206] Exiting Vivado at Sat Jul 19 04:22:42 2025...
