

================================================================
== Vitis HLS Report for 'dense_latency_ap_ufixed_16_6_4_0_0_ap_fixed_28_9_5_3_0_config16_s'
================================================================
* Date:           Sun Jul 27 18:10:11 2025

* Version:        2023.1 (Build 3854077 on May  4 2023)
* Project:        myhls_prj
* Solution:       solution1 (Vivado IP Flow Target)
* Product family: virtexuplus
* Target device:  xcu250-figd2104-2L-e


================================================================
== Performance Estimates
================================================================
+ Timing: 
    * Summary: 
    +--------+---------+----------+------------+
    |  Clock |  Target | Estimated| Uncertainty|
    +--------+---------+----------+------------+
    |ap_clk  |  5.00 ns|  3.635 ns|     1.35 ns|
    +--------+---------+----------+------------+

+ Latency: 
    * Summary: 
    +---------+---------+-----------+-----------+-----+-----+---------+
    |  Latency (cycles) |   Latency (absolute)  |  Interval | Pipeline|
    |   min   |   max   |    min    |    max    | min | max |   Type  |
    +---------+---------+-----------+-----------+-----+-----+---------+
    |        2|        2|  10.000 ns|  10.000 ns|    1|    1|      yes|
    +---------+---------+-----------+-----------+-----+-----+---------+

    + Detail: 
        * Instance: 
        N/A

        * Loop: 
        N/A



================================================================
== Utilization Estimates
================================================================
* Summary: 
+---------------------+---------+-------+---------+---------+------+
|         Name        | BRAM_18K|  DSP  |    FF   |   LUT   | URAM |
+---------------------+---------+-------+---------+---------+------+
|DSP                  |        -|      -|        -|        -|     -|
|Expression           |        -|      -|        0|     4553|     -|
|FIFO                 |        -|      -|        -|        -|     -|
|Instance             |        -|    124|        0|      620|     -|
|Memory               |        -|      -|        -|        -|     -|
|Multiplexer          |        -|      -|        -|       54|     -|
|Register             |        -|      -|     1826|        -|     -|
+---------------------+---------+-------+---------+---------+------+
|Total                |        0|    124|     1826|     5227|     0|
+---------------------+---------+-------+---------+---------+------+
|Available SLR        |     1344|   3072|   864000|   432000|   320|
+---------------------+---------+-------+---------+---------+------+
|Utilization SLR (%)  |        0|      4|       ~0|        1|     0|
+---------------------+---------+-------+---------+---------+------+
|Available            |     5376|  12288|  3456000|  1728000|  1280|
+---------------------+---------+-------+---------+---------+------+
|Utilization (%)      |        0|      1|       ~0|       ~0|     0|
+---------------------+---------+-------+---------+---------+------+

+ Detail: 
    * Instance: 
    +----------------------------+----------------------+---------+----+---+----+-----+
    |          Instance          |        Module        | BRAM_18K| DSP| FF| LUT| URAM|
    +----------------------------+----------------------+---------+----+---+----+-----+
    |mul_16ns_10ns_25_1_1_U4316  |mul_16ns_10ns_25_1_1  |        0|   1|  0|   5|    0|
    |mul_16ns_10ns_25_1_1_U4329  |mul_16ns_10ns_25_1_1  |        0|   1|  0|   5|    0|
    |mul_16ns_10ns_25_1_1_U4332  |mul_16ns_10ns_25_1_1  |        0|   1|  0|   5|    0|
    |mul_16ns_10ns_25_1_1_U4338  |mul_16ns_10ns_25_1_1  |        0|   1|  0|   5|    0|
    |mul_16ns_10ns_25_1_1_U4349  |mul_16ns_10ns_25_1_1  |        0|   1|  0|   5|    0|
    |mul_16ns_10ns_25_1_1_U4350  |mul_16ns_10ns_25_1_1  |        0|   1|  0|   5|    0|
    |mul_16ns_10ns_25_1_1_U4357  |mul_16ns_10ns_25_1_1  |        0|   1|  0|   5|    0|
    |mul_16ns_10ns_25_1_1_U4375  |mul_16ns_10ns_25_1_1  |        0|   1|  0|   5|    0|
    |mul_16ns_10ns_25_1_1_U4376  |mul_16ns_10ns_25_1_1  |        0|   1|  0|   5|    0|
    |mul_16ns_10ns_25_1_1_U4377  |mul_16ns_10ns_25_1_1  |        0|   1|  0|   5|    0|
    |mul_16ns_10ns_25_1_1_U4381  |mul_16ns_10ns_25_1_1  |        0|   1|  0|   5|    0|
    |mul_16ns_10ns_25_1_1_U4384  |mul_16ns_10ns_25_1_1  |        0|   1|  0|   5|    0|
    |mul_16ns_10ns_25_1_1_U4387  |mul_16ns_10ns_25_1_1  |        0|   1|  0|   5|    0|
    |mul_16ns_10ns_25_1_1_U4391  |mul_16ns_10ns_25_1_1  |        0|   1|  0|   5|    0|
    |mul_16ns_10ns_25_1_1_U4398  |mul_16ns_10ns_25_1_1  |        0|   1|  0|   5|    0|
    |mul_16ns_10ns_25_1_1_U4399  |mul_16ns_10ns_25_1_1  |        0|   1|  0|   5|    0|
    |mul_16ns_10ns_25_1_1_U4400  |mul_16ns_10ns_25_1_1  |        0|   1|  0|   5|    0|
    |mul_16ns_10ns_25_1_1_U4419  |mul_16ns_10ns_25_1_1  |        0|   1|  0|   5|    0|
    |mul_16ns_10ns_25_1_1_U4431  |mul_16ns_10ns_25_1_1  |        0|   1|  0|   5|    0|
    |mul_16ns_10ns_25_1_1_U4435  |mul_16ns_10ns_25_1_1  |        0|   1|  0|   5|    0|
    |mul_16ns_10s_26_1_1_U4318   |mul_16ns_10s_26_1_1   |        0|   1|  0|   5|    0|
    |mul_16ns_10s_26_1_1_U4323   |mul_16ns_10s_26_1_1   |        0|   1|  0|   5|    0|
    |mul_16ns_10s_26_1_1_U4327   |mul_16ns_10s_26_1_1   |        0|   1|  0|   5|    0|
    |mul_16ns_10s_26_1_1_U4335   |mul_16ns_10s_26_1_1   |        0|   1|  0|   5|    0|
    |mul_16ns_10s_26_1_1_U4343   |mul_16ns_10s_26_1_1   |        0|   1|  0|   5|    0|
    |mul_16ns_10s_26_1_1_U4348   |mul_16ns_10s_26_1_1   |        0|   1|  0|   5|    0|
    |mul_16ns_10s_26_1_1_U4356   |mul_16ns_10s_26_1_1   |        0|   1|  0|   5|    0|
    |mul_16ns_10s_26_1_1_U4365   |mul_16ns_10s_26_1_1   |        0|   1|  0|   5|    0|
    |mul_16ns_10s_26_1_1_U4373   |mul_16ns_10s_26_1_1   |        0|   1|  0|   5|    0|
    |mul_16ns_10s_26_1_1_U4379   |mul_16ns_10s_26_1_1   |        0|   1|  0|   5|    0|
    |mul_16ns_10s_26_1_1_U4386   |mul_16ns_10s_26_1_1   |        0|   1|  0|   5|    0|
    |mul_16ns_10s_26_1_1_U4388   |mul_16ns_10s_26_1_1   |        0|   1|  0|   5|    0|
    |mul_16ns_10s_26_1_1_U4392   |mul_16ns_10s_26_1_1   |        0|   1|  0|   5|    0|
    |mul_16ns_10s_26_1_1_U4393   |mul_16ns_10s_26_1_1   |        0|   1|  0|   5|    0|
    |mul_16ns_10s_26_1_1_U4401   |mul_16ns_10s_26_1_1   |        0|   1|  0|   5|    0|
    |mul_16ns_10s_26_1_1_U4403   |mul_16ns_10s_26_1_1   |        0|   1|  0|   5|    0|
    |mul_16ns_10s_26_1_1_U4417   |mul_16ns_10s_26_1_1   |        0|   1|  0|   5|    0|
    |mul_16ns_10s_26_1_1_U4425   |mul_16ns_10s_26_1_1   |        0|   1|  0|   5|    0|
    |mul_16ns_10s_26_1_1_U4426   |mul_16ns_10s_26_1_1   |        0|   1|  0|   5|    0|
    |mul_16ns_10s_26_1_1_U4439   |mul_16ns_10s_26_1_1   |        0|   1|  0|   5|    0|
    |mul_16ns_11ns_26_1_1_U4330  |mul_16ns_11ns_26_1_1  |        0|   1|  0|   5|    0|
    |mul_16ns_11ns_26_1_1_U4347  |mul_16ns_11ns_26_1_1  |        0|   1|  0|   5|    0|
    |mul_16ns_11ns_26_1_1_U4351  |mul_16ns_11ns_26_1_1  |        0|   1|  0|   5|    0|
    |mul_16ns_11ns_26_1_1_U4353  |mul_16ns_11ns_26_1_1  |        0|   1|  0|   5|    0|
    |mul_16ns_11ns_26_1_1_U4359  |mul_16ns_11ns_26_1_1  |        0|   1|  0|   5|    0|
    |mul_16ns_11ns_26_1_1_U4363  |mul_16ns_11ns_26_1_1  |        0|   1|  0|   5|    0|
    |mul_16ns_11ns_26_1_1_U4369  |mul_16ns_11ns_26_1_1  |        0|   1|  0|   5|    0|
    |mul_16ns_11ns_26_1_1_U4374  |mul_16ns_11ns_26_1_1  |        0|   1|  0|   5|    0|
    |mul_16ns_11ns_26_1_1_U4390  |mul_16ns_11ns_26_1_1  |        0|   1|  0|   5|    0|
    |mul_16ns_11ns_26_1_1_U4395  |mul_16ns_11ns_26_1_1  |        0|   1|  0|   5|    0|
    |mul_16ns_11ns_26_1_1_U4396  |mul_16ns_11ns_26_1_1  |        0|   1|  0|   5|    0|
    |mul_16ns_11ns_26_1_1_U4409  |mul_16ns_11ns_26_1_1  |        0|   1|  0|   5|    0|
    |mul_16ns_11ns_26_1_1_U4415  |mul_16ns_11ns_26_1_1  |        0|   1|  0|   5|    0|
    |mul_16ns_11ns_26_1_1_U4420  |mul_16ns_11ns_26_1_1  |        0|   1|  0|   5|    0|
    |mul_16ns_11ns_26_1_1_U4424  |mul_16ns_11ns_26_1_1  |        0|   1|  0|   5|    0|
    |mul_16ns_11ns_26_1_1_U4436  |mul_16ns_11ns_26_1_1  |        0|   1|  0|   5|    0|
    |mul_16ns_11s_27_1_1_U4334   |mul_16ns_11s_27_1_1   |        0|   1|  0|   5|    0|
    |mul_16ns_11s_27_1_1_U4337   |mul_16ns_11s_27_1_1   |        0|   1|  0|   5|    0|
    |mul_16ns_11s_27_1_1_U4339   |mul_16ns_11s_27_1_1   |        0|   1|  0|   5|    0|
    |mul_16ns_11s_27_1_1_U4346   |mul_16ns_11s_27_1_1   |        0|   1|  0|   5|    0|
    |mul_16ns_11s_27_1_1_U4354   |mul_16ns_11s_27_1_1   |        0|   1|  0|   5|    0|
    |mul_16ns_11s_27_1_1_U4370   |mul_16ns_11s_27_1_1   |        0|   1|  0|   5|    0|
    |mul_16ns_11s_27_1_1_U4372   |mul_16ns_11s_27_1_1   |        0|   1|  0|   5|    0|
    |mul_16ns_11s_27_1_1_U4404   |mul_16ns_11s_27_1_1   |        0|   1|  0|   5|    0|
    |mul_16ns_11s_27_1_1_U4411   |mul_16ns_11s_27_1_1   |        0|   1|  0|   5|    0|
    |mul_16ns_11s_27_1_1_U4413   |mul_16ns_11s_27_1_1   |        0|   1|  0|   5|    0|
    |mul_16ns_11s_27_1_1_U4418   |mul_16ns_11s_27_1_1   |        0|   1|  0|   5|    0|
    |mul_16ns_11s_27_1_1_U4423   |mul_16ns_11s_27_1_1   |        0|   1|  0|   5|    0|
    |mul_16ns_11s_27_1_1_U4429   |mul_16ns_11s_27_1_1   |        0|   1|  0|   5|    0|
    |mul_16ns_11s_27_1_1_U4434   |mul_16ns_11s_27_1_1   |        0|   1|  0|   5|    0|
    |mul_16ns_12ns_27_1_1_U4414  |mul_16ns_12ns_27_1_1  |        0|   1|  0|   5|    0|
    |mul_16ns_12s_28_1_1_U4336   |mul_16ns_12s_28_1_1   |        0|   1|  0|   5|    0|
    |mul_16ns_12s_28_1_1_U4344   |mul_16ns_12s_28_1_1   |        0|   1|  0|   5|    0|
    |mul_16ns_12s_28_1_1_U4355   |mul_16ns_12s_28_1_1   |        0|   1|  0|   5|    0|
    |mul_16ns_12s_28_1_1_U4364   |mul_16ns_12s_28_1_1   |        0|   1|  0|   5|    0|
    |mul_16ns_12s_28_1_1_U4394   |mul_16ns_12s_28_1_1   |        0|   1|  0|   5|    0|
    |mul_16ns_12s_28_1_1_U4410   |mul_16ns_12s_28_1_1   |        0|   1|  0|   5|    0|
    |mul_16ns_13s_28_1_1_U4331   |mul_16ns_13s_28_1_1   |        0|   1|  0|   5|    0|
    |mul_16ns_5ns_20_1_1_U4317   |mul_16ns_5ns_20_1_1   |        0|   1|  0|   5|    0|
    |mul_16ns_5ns_20_1_1_U4328   |mul_16ns_5ns_20_1_1   |        0|   1|  0|   5|    0|
    |mul_16ns_6ns_21_1_1_U4321   |mul_16ns_6ns_21_1_1   |        0|   1|  0|   5|    0|
    |mul_16ns_6ns_21_1_1_U4430   |mul_16ns_6ns_21_1_1   |        0|   1|  0|   5|    0|
    |mul_16ns_7ns_22_1_1_U4319   |mul_16ns_7ns_22_1_1   |        0|   1|  0|   5|    0|
    |mul_16ns_7s_23_1_1_U4326    |mul_16ns_7s_23_1_1    |        0|   1|  0|   5|    0|
    |mul_16ns_7s_23_1_1_U4358    |mul_16ns_7s_23_1_1    |        0|   1|  0|   5|    0|
    |mul_16ns_7s_23_1_1_U4408    |mul_16ns_7s_23_1_1    |        0|   1|  0|   5|    0|
    |mul_16ns_7s_23_1_1_U4421    |mul_16ns_7s_23_1_1    |        0|   1|  0|   5|    0|
    |mul_16ns_7s_23_1_1_U4437    |mul_16ns_7s_23_1_1    |        0|   1|  0|   5|    0|
    |mul_16ns_8ns_23_1_1_U4320   |mul_16ns_8ns_23_1_1   |        0|   1|  0|   5|    0|
    |mul_16ns_8ns_23_1_1_U4322   |mul_16ns_8ns_23_1_1   |        0|   1|  0|   5|    0|
    |mul_16ns_8ns_23_1_1_U4362   |mul_16ns_8ns_23_1_1   |        0|   1|  0|   5|    0|
    |mul_16ns_8ns_23_1_1_U4378   |mul_16ns_8ns_23_1_1   |        0|   1|  0|   5|    0|
    |mul_16ns_8ns_23_1_1_U4383   |mul_16ns_8ns_23_1_1   |        0|   1|  0|   5|    0|
    |mul_16ns_8ns_23_1_1_U4402   |mul_16ns_8ns_23_1_1   |        0|   1|  0|   5|    0|
    |mul_16ns_8s_24_1_1_U4360    |mul_16ns_8s_24_1_1    |        0|   1|  0|   5|    0|
    |mul_16ns_8s_24_1_1_U4367    |mul_16ns_8s_24_1_1    |        0|   1|  0|   5|    0|
    |mul_16ns_8s_24_1_1_U4380    |mul_16ns_8s_24_1_1    |        0|   1|  0|   5|    0|
    |mul_16ns_8s_24_1_1_U4397    |mul_16ns_8s_24_1_1    |        0|   1|  0|   5|    0|
    |mul_16ns_9ns_24_1_1_U4324   |mul_16ns_9ns_24_1_1   |        0|   1|  0|   5|    0|
    |mul_16ns_9ns_24_1_1_U4333   |mul_16ns_9ns_24_1_1   |        0|   1|  0|   5|    0|
    |mul_16ns_9ns_24_1_1_U4352   |mul_16ns_9ns_24_1_1   |        0|   1|  0|   5|    0|
    |mul_16ns_9ns_24_1_1_U4361   |mul_16ns_9ns_24_1_1   |        0|   1|  0|   5|    0|
    |mul_16ns_9ns_24_1_1_U4368   |mul_16ns_9ns_24_1_1   |        0|   1|  0|   5|    0|
    |mul_16ns_9ns_24_1_1_U4371   |mul_16ns_9ns_24_1_1   |        0|   1|  0|   5|    0|
    |mul_16ns_9ns_24_1_1_U4382   |mul_16ns_9ns_24_1_1   |        0|   1|  0|   5|    0|
    |mul_16ns_9ns_24_1_1_U4385   |mul_16ns_9ns_24_1_1   |        0|   1|  0|   5|    0|
    |mul_16ns_9ns_24_1_1_U4389   |mul_16ns_9ns_24_1_1   |        0|   1|  0|   5|    0|
    |mul_16ns_9ns_24_1_1_U4406   |mul_16ns_9ns_24_1_1   |        0|   1|  0|   5|    0|
    |mul_16ns_9ns_24_1_1_U4422   |mul_16ns_9ns_24_1_1   |        0|   1|  0|   5|    0|
    |mul_16ns_9ns_24_1_1_U4427   |mul_16ns_9ns_24_1_1   |        0|   1|  0|   5|    0|
    |mul_16ns_9ns_24_1_1_U4438   |mul_16ns_9ns_24_1_1   |        0|   1|  0|   5|    0|
    |mul_16ns_9s_25_1_1_U4325    |mul_16ns_9s_25_1_1    |        0|   1|  0|   5|    0|
    |mul_16ns_9s_25_1_1_U4340    |mul_16ns_9s_25_1_1    |        0|   1|  0|   5|    0|
    |mul_16ns_9s_25_1_1_U4341    |mul_16ns_9s_25_1_1    |        0|   1|  0|   5|    0|
    |mul_16ns_9s_25_1_1_U4345    |mul_16ns_9s_25_1_1    |        0|   1|  0|   5|    0|
    |mul_16ns_9s_25_1_1_U4366    |mul_16ns_9s_25_1_1    |        0|   1|  0|   5|    0|
    |mul_16ns_9s_25_1_1_U4405    |mul_16ns_9s_25_1_1    |        0|   1|  0|   5|    0|
    |mul_16ns_9s_25_1_1_U4407    |mul_16ns_9s_25_1_1    |        0|   1|  0|   5|    0|
    |mul_16ns_9s_25_1_1_U4412    |mul_16ns_9s_25_1_1    |        0|   1|  0|   5|    0|
    |mul_16ns_9s_25_1_1_U4416    |mul_16ns_9s_25_1_1    |        0|   1|  0|   5|    0|
    |mul_16ns_9s_25_1_1_U4432    |mul_16ns_9s_25_1_1    |        0|   1|  0|   5|    0|
    |mul_16ns_9s_25_1_1_U4433    |mul_16ns_9s_25_1_1    |        0|   1|  0|   5|    0|
    |mul_17ns_10s_27_1_1_U4428   |mul_17ns_10s_27_1_1   |        0|   1|  0|   5|    0|
    |mul_17s_10ns_27_1_1_U4342   |mul_17s_10ns_27_1_1   |        0|   1|  0|   5|    0|
    +----------------------------+----------------------+---------+----+---+----+-----+
    |Total                       |                      |        0| 124|  0| 620|    0|
    +----------------------------+----------------------+---------+----+---+----+-----+

    * DSP: 
    N/A

    * Memory: 
    N/A

    * FIFO: 
    N/A

    * Expression: 
    +---------------------------+----------+----+---+----+------------+------------+
    |       Variable Name       | Operation| DSP| FF| LUT| Bitwidth P0| Bitwidth P1|
    +---------------------------+----------+----+---+----+------------+------------+
    |add_ln42_1_fu_64964_p2     |         +|   0|  0|  29|          22|          22|
    |add_ln42_2_fu_65740_p2     |         +|   0|  0|  27|          20|          20|
    |add_ln42_fu_64728_p2       |         +|   0|  0|  33|          26|          26|
    |add_ln58_4019_fu_65838_p2  |         +|   0|  0|  32|          25|          20|
    |add_ln58_4020_fu_65848_p2  |         +|   0|  0|  27|          27|          27|
    |add_ln58_4021_fu_65858_p2  |         +|   0|  0|  35|          28|          28|
    |add_ln58_4022_fu_65864_p2  |         +|   0|  0|  28|          28|          28|
    |add_ln58_4023_fu_65870_p2  |         +|   0|  0|  28|          28|          28|
    |add_ln58_4024_fu_65876_p2  |         +|   0|  0|  28|          28|          28|
    |add_ln58_4025_fu_65882_p2  |         +|   0|  0|  28|          28|          28|
    |add_ln58_4026_fu_65888_p2  |         +|   0|  0|  34|          27|          27|
    |add_ln58_4027_fu_65898_p2  |         +|   0|  0|  28|          28|          28|
    |add_ln58_4028_fu_65904_p2  |         +|   0|  0|  34|          27|          27|
    |add_ln58_4029_fu_65914_p2  |         +|   0|  0|  28|          28|          28|
    |add_ln58_4030_fu_65920_p2  |         +|   0|  0|  28|          28|          28|
    |add_ln58_4031_fu_65926_p2  |         +|   0|  0|  28|          28|          28|
    |add_ln58_4032_fu_66675_p2  |         +|   0|  0|  28|          28|          28|
    |add_ln58_4033_fu_65932_p2  |         +|   0|  0|  27|          27|          27|
    |add_ln58_4034_fu_65938_p2  |         +|   0|  0|  27|          27|          27|
    |add_ln58_4035_fu_65944_p2  |         +|   0|  0|  34|          27|          27|
    |add_ln58_4036_fu_65954_p2  |         +|   0|  0|  35|          28|          28|
    |add_ln58_4037_fu_66682_p2  |         +|   0|  0|  28|          28|          28|
    |add_ln58_4038_fu_65960_p2  |         +|   0|  0|  33|          26|          26|
    |add_ln58_4039_fu_66690_p2  |         +|   0|  0|  27|          27|          27|
    |add_ln58_4040_fu_65966_p2  |         +|   0|  0|  31|          24|          24|
    |add_ln58_4041_fu_65976_p2  |         +|   0|  0|  30|          23|          23|
    |add_ln58_4042_fu_65986_p2  |         +|   0|  0|  32|          25|          25|
    |add_ln58_4043_fu_66699_p2  |         +|   0|  0|  27|          27|          27|
    |add_ln58_4044_fu_66709_p2  |         +|   0|  0|  28|          28|          28|
    |add_ln58_4045_fu_66715_p2  |         +|   0|  0|  28|          28|          28|
    |add_ln58_4046_fu_66014_p2  |         +|   0|  0|  32|          25|          19|
    |add_ln58_4047_fu_66024_p2  |         +|   0|  0|  27|          27|          27|
    |add_ln58_4048_fu_66030_p2  |         +|   0|  0|  33|          26|          26|
    |add_ln58_4049_fu_66040_p2  |         +|   0|  0|  27|          27|          27|
    |add_ln58_4050_fu_66728_p2  |         +|   0|  0|  28|          28|          28|
    |add_ln58_4051_fu_66046_p2  |         +|   0|  0|  34|          27|          27|
    |add_ln58_4052_fu_66737_p2  |         +|   0|  0|  35|          28|          28|
    |add_ln58_4053_fu_66743_p2  |         +|   0|  0|  28|          28|          28|
    |add_ln58_4054_fu_66052_p2  |         +|   0|  0|  27|          27|          27|
    |add_ln58_4055_fu_66058_p2  |         +|   0|  0|  27|          27|          27|
    |add_ln58_4056_fu_66064_p2  |         +|   0|  0|  33|          26|          26|
    |add_ln58_4057_fu_66074_p2  |         +|   0|  0|  34|          27|          27|
    |add_ln58_4058_fu_66755_p2  |         +|   0|  0|  35|          28|          28|
    |add_ln58_4059_fu_66761_p2  |         +|   0|  0|  28|          28|          28|
    |add_ln58_4060_fu_66080_p2  |         +|   0|  0|  26|          26|          26|
    |add_ln58_4061_fu_66086_p2  |         +|   0|  0|  26|          26|          26|
    |add_ln58_4062_fu_66092_p2  |         +|   0|  0|  25|          25|          25|
    |add_ln58_4063_fu_66098_p2  |         +|   0|  0|  25|          25|          25|
    |add_ln58_4064_fu_66773_p2  |         +|   0|  0|  28|          28|          28|
    |add_ln58_4065_fu_66104_p2  |         +|   0|  0|  25|          25|          25|
    |add_ln58_4066_fu_66110_p2  |         +|   0|  0|  25|          25|          25|
    |add_ln58_4067_fu_66120_p2  |         +|   0|  0|  28|          21|          21|
    |add_ln58_4068_fu_66130_p2  |         +|   0|  0|  29|          22|          22|
    |add_ln58_4069_fu_66140_p2  |         +|   0|  0|  33|          26|          26|
    |add_ln58_4070_fu_66782_p2  |         +|   0|  0|  28|          28|          28|
    |add_ln58_4071_fu_66788_p2  |         +|   0|  0|  28|          28|          28|
    |add_ln58_4072_fu_66146_p2  |         +|   0|  0|  27|          27|          19|
    |add_ln58_4073_fu_66152_p2  |         +|   0|  0|  35|          28|          28|
    |add_ln58_4074_fu_66794_p2  |         +|   0|  0|  28|          28|          28|
    |add_ln58_4075_fu_66158_p2  |         +|   0|  0|  28|          28|          28|
    |add_ln58_4076_fu_66164_p2  |         +|   0|  0|  27|          27|          27|
    |add_ln58_4077_fu_66174_p2  |         +|   0|  0|  28|          28|          28|
    |add_ln58_4078_fu_66799_p2  |         +|   0|  0|  28|          28|          28|
    |add_ln58_4079_fu_66180_p2  |         +|   0|  0|  34|          27|          27|
    |add_ln58_4080_fu_66807_p2  |         +|   0|  0|  28|          28|          28|
    |add_ln58_4081_fu_66186_p2  |         +|   0|  0|  34|          27|          27|
    |add_ln58_4082_fu_66196_p2  |         +|   0|  0|  34|          27|          27|
    |add_ln58_4083_fu_66206_p2  |         +|   0|  0|  35|          28|          28|
    |add_ln58_4084_fu_66813_p2  |         +|   0|  0|  28|          28|          28|
    |add_ln58_4085_fu_66818_p2  |         +|   0|  0|  28|          28|          28|
    |add_ln58_4086_fu_66212_p2  |         +|   0|  0|  26|          26|          26|
    |add_ln58_4087_fu_66218_p2  |         +|   0|  0|  26|          26|          26|
    |add_ln58_4088_fu_66228_p2  |         +|   0|  0|  33|          26|          26|
    |add_ln58_4089_fu_66238_p2  |         +|   0|  0|  33|          26|          26|
    |add_ln58_4090_fu_66248_p2  |         +|   0|  0|  27|          27|          27|
    |add_ln58_4091_fu_66254_p2  |         +|   0|  0|  27|          27|          27|
    |add_ln58_4092_fu_66260_p2  |         +|   0|  0|  33|          26|          26|
    |add_ln58_4093_fu_66270_p2  |         +|   0|  0|  27|          27|          27|
    |add_ln58_4094_fu_66276_p2  |         +|   0|  0|  25|          25|          25|
    |add_ln58_4095_fu_66282_p2  |         +|   0|  0|  30|          23|          23|
    |add_ln58_4096_fu_66292_p2  |         +|   0|  0|  25|          25|          25|
    |add_ln58_4097_fu_66302_p2  |         +|   0|  0|  27|          27|          27|
    |add_ln58_4098_fu_66830_p2  |         +|   0|  0|  35|          28|          28|
    |add_ln58_4099_fu_66836_p2  |         +|   0|  0|  28|          28|          28|
    |add_ln58_4100_fu_66308_p2  |         +|   0|  0|  27|          27|          27|
    |add_ln58_4101_fu_66314_p2  |         +|   0|  0|  32|          25|          17|
    |add_ln58_4102_fu_66324_p2  |         +|   0|  0|  27|          27|          27|
    |add_ln58_4103_fu_66334_p2  |         +|   0|  0|  28|          28|          28|
    |add_ln58_4104_fu_66340_p2  |         +|   0|  0|  33|          26|          26|
    |add_ln58_4105_fu_66350_p2  |         +|   0|  0|  28|          28|          28|
    |add_ln58_4106_fu_66356_p2  |         +|   0|  0|  33|          26|          26|
    |add_ln58_4107_fu_66366_p2  |         +|   0|  0|  33|          26|          26|
    |add_ln58_4108_fu_66376_p2  |         +|   0|  0|  35|          28|          28|
    |add_ln58_4109_fu_66842_p2  |         +|   0|  0|  28|          28|          28|
    |add_ln58_4110_fu_66852_p2  |         +|   0|  0|  28|          28|          28|
    |add_ln58_4111_fu_66382_p2  |         +|   0|  0|  35|          28|          28|
    |add_ln58_4112_fu_66858_p2  |         +|   0|  0|  28|          28|          28|
    |add_ln58_4113_fu_66388_p2  |         +|   0|  0|  34|          27|          27|
    |add_ln58_4114_fu_66394_p2  |         +|   0|  0|  25|          25|          25|
    |add_ln58_4115_fu_66404_p2  |         +|   0|  0|  34|          27|          27|
    |add_ln58_4116_fu_66869_p2  |         +|   0|  0|  35|          28|          28|
    |add_ln58_4117_fu_66875_p2  |         +|   0|  0|  28|          28|          28|
    |add_ln58_4118_fu_66410_p2  |         +|   0|  0|  33|          26|          26|
    |add_ln58_4119_fu_66420_p2  |         +|   0|  0|  33|          26|          26|
    |add_ln58_4120_fu_66430_p2  |         +|   0|  0|  34|          27|          27|
    |add_ln58_4121_fu_66436_p2  |         +|   0|  0|  32|          25|          25|
    |add_ln58_4122_fu_66446_p2  |         +|   0|  0|  23|          23|          23|
    |add_ln58_4123_fu_66456_p2  |         +|   0|  0|  31|          24|          24|
    |add_ln58_4124_fu_66466_p2  |         +|   0|  0|  33|          26|          26|
    |add_ln58_4125_fu_66887_p2  |         +|   0|  0|  35|          28|          28|
    |add_ln58_4126_fu_66893_p2  |         +|   0|  0|  28|          28|          28|
    |add_ln58_4127_fu_66472_p2  |         +|   0|  0|  33|          26|          26|
    |add_ln58_4128_fu_66478_p2  |         +|   0|  0|  30|          23|          20|
    |add_ln58_4129_fu_66488_p2  |         +|   0|  0|  31|          24|          24|
    |add_ln58_4130_fu_66498_p2  |         +|   0|  0|  26|          26|          26|
    |add_ln58_4131_fu_66510_p2  |         +|   0|  0|  33|          26|          26|
    |add_ln58_4132_fu_66905_p2  |         +|   0|  0|  34|          27|          27|
    |add_ln58_4133_fu_66915_p2  |         +|   0|  0|  28|          28|          28|
    |add_ln58_4134_fu_66516_p2  |         +|   0|  0|  28|          28|          28|
    |add_ln58_4135_fu_66522_p2  |         +|   0|  0|  28|          28|          28|
    |add_ln58_4136_fu_66921_p2  |         +|   0|  0|  28|          28|          28|
    |add_ln58_4137_fu_66528_p2  |         +|   0|  0|  34|          27|          27|
    |add_ln58_4138_fu_66538_p2  |         +|   0|  0|  28|          28|          28|
    |add_ln58_4139_fu_66544_p2  |         +|   0|  0|  27|          27|          27|
    |add_ln58_4140_fu_66550_p2  |         +|   0|  0|  27|          27|          27|
    |add_ln58_4141_fu_66560_p2  |         +|   0|  0|  28|          28|          28|
    |add_ln58_4142_fu_66926_p2  |         +|   0|  0|  28|          28|          28|
    |add_ln58_4143_fu_66566_p2  |         +|   0|  0|  33|          26|          26|
    |add_ln58_4144_fu_66576_p2  |         +|   0|  0|  26|          26|          26|
    |add_ln58_4145_fu_66582_p2  |         +|   0|  0|  26|          26|          26|
    |add_ln58_4146_fu_66592_p2  |         +|   0|  0|  34|          27|          27|
    |add_ln58_4147_fu_66598_p2  |         +|   0|  0|  32|          25|          25|
    |add_ln58_4148_fu_66608_p2  |         +|   0|  0|  26|          26|          26|
    |add_ln58_4149_fu_66614_p2  |         +|   0|  0|  24|          24|          24|
    |add_ln58_4150_fu_66620_p2  |         +|   0|  0|  24|          24|          24|
    |add_ln58_4151_fu_66630_p2  |         +|   0|  0|  26|          26|          26|
    |add_ln58_4152_fu_66937_p2  |         +|   0|  0|  35|          28|          28|
    |add_ln58_4153_fu_66943_p2  |         +|   0|  0|  28|          28|          28|
    |add_ln58_fu_65832_p2       |         +|   0|  0|  27|          27|          27|
    |tmp_fu_65992_p2            |         +|   0|  0|  24|          17|          17|
    |sub_ln42_10_fu_65702_p2    |         -|   0|  0|  23|          23|          23|
    |sub_ln42_1_fu_65115_p2     |         -|   0|  0|  33|          26|          26|
    |sub_ln42_2_fu_65172_p2     |         -|   0|  0|  31|          24|          24|
    |sub_ln42_3_fu_65182_p2     |         -|   0|  0|  31|           1|          24|
    |sub_ln42_4_fu_65203_p2     |         -|   0|  0|  32|          25|          25|
    |sub_ln42_5_fu_65280_p2     |         -|   0|  0|  32|          25|          25|
    |sub_ln42_6_fu_65329_p2     |         -|   0|  0|  33|          26|          26|
    |sub_ln42_7_fu_65460_p2     |         -|   0|  0|  25|          25|          25|
    |sub_ln42_8_fu_65674_p2     |         -|   0|  0|  33|          26|          26|
    |sub_ln42_9_fu_65692_p2     |         -|   0|  0|  29|           1|          22|
    |sub_ln42_fu_64797_p2       |         -|   0|  0|  32|          25|          25|
    |sub_ln58_1_fu_66504_p2     |         -|   0|  0|  26|          26|          26|
    |sub_ln58_fu_66846_p2       |         -|   0|  0|  28|          28|          28|
    |tmp416_fu_66003_p2         |         -|   0|  0|  24|          17|          17|
    |ap_block_pp0_stage0_11001  |        or|   0|  0|   2|           1|           1|
    |ap_enable_pp0              |       xor|   0|  0|   2|           1|           2|
    +---------------------------+----------+----+---+----+------------+------------+
    |Total                      |          |   0|  0|4553|        4017|        4032|
    +---------------------------+----------+----+---+----+------------+------------+

    * Multiplexer: 
    +-------------+----+-----------+-----+-----------+
    |     Name    | LUT| Input Size| Bits| Total Bits|
    +-------------+----+-----------+-----+-----------+
    |ap_done      |   9|          2|    1|          2|
    |ap_return_0  |   9|          2|   28|         56|
    |ap_return_1  |   9|          2|   28|         56|
    |ap_return_2  |   9|          2|   28|         56|
    |ap_return_3  |   9|          2|   28|         56|
    |ap_return_4  |   9|          2|   28|         56|
    +-------------+----+-----------+-----+-----------+
    |Total        |  54|         12|  141|        282|
    +-------------+----+-----------+-----+-----------+

    * Register: 
    +------------------------------------+----+----+-----+-----------+
    |                Name                | FF | LUT| Bits| Const Bits|
    +------------------------------------+----+----+-----+-----------+
    |add_ln58_4025_reg_67218             |  28|   0|   28|          0|
    |add_ln58_4031_reg_67223             |  28|   0|   28|          0|
    |add_ln58_4034_reg_67228             |  27|   0|   27|          0|
    |add_ln58_4036_reg_67233             |  28|   0|   28|          0|
    |add_ln58_4038_reg_67238             |  26|   0|   26|          0|
    |add_ln58_4042_reg_67243             |  25|   0|   25|          0|
    |add_ln58_4049_reg_67248             |  27|   0|   27|          0|
    |add_ln58_4051_reg_67253             |  27|   0|   27|          0|
    |add_ln58_4055_reg_67258             |  27|   0|   27|          0|
    |add_ln58_4057_reg_67263             |  27|   0|   27|          0|
    |add_ln58_4061_reg_67268             |  26|   0|   26|          0|
    |add_ln58_4063_reg_67273             |  25|   0|   25|          0|
    |add_ln58_4069_reg_67278             |  26|   0|   26|          0|
    |add_ln58_4073_reg_67283             |  28|   0|   28|          0|
    |add_ln58_4077_reg_67288             |  28|   0|   28|          0|
    |add_ln58_4079_reg_67293             |  27|   0|   27|          0|
    |add_ln58_4083_reg_67298             |  28|   0|   28|          0|
    |add_ln58_4091_reg_67303             |  27|   0|   27|          0|
    |add_ln58_4097_reg_67308             |  27|   0|   27|          0|
    |add_ln58_4105_reg_67313             |  28|   0|   28|          0|
    |add_ln58_4108_reg_67318             |  28|   0|   28|          0|
    |add_ln58_4111_reg_67323             |  28|   0|   28|          0|
    |add_ln58_4113_reg_67328             |  27|   0|   27|          0|
    |add_ln58_4115_reg_67333             |  27|   0|   27|          0|
    |add_ln58_4120_reg_67338             |  27|   0|   27|          0|
    |add_ln58_4124_reg_67343             |  26|   0|   26|          0|
    |add_ln58_4131_reg_67353             |  26|   0|   26|          0|
    |add_ln58_4135_reg_67358             |  28|   0|   28|          0|
    |add_ln58_4141_reg_67363             |  28|   0|   28|          0|
    |add_ln58_4146_reg_67368             |  27|   0|   27|          0|
    |add_ln58_4151_reg_67373             |  26|   0|   26|          0|
    |ap_CS_fsm                           |   1|   0|    1|          0|
    |ap_done_reg                         |   1|   0|    1|          0|
    |ap_enable_reg_pp0_iter1             |   1|   0|    1|          0|
    |ap_enable_reg_pp0_iter2             |   1|   0|    1|          0|
    |ap_return_0_preg                    |  28|   0|   28|          0|
    |ap_return_1_preg                    |  28|   0|   28|          0|
    |ap_return_2_preg                    |  28|   0|   28|          0|
    |ap_return_3_preg                    |  28|   0|   28|          0|
    |ap_return_4_preg                    |  28|   0|   28|          0|
    |mul_ln42_100_reg_5772               |  26|   0|   26|          0|
    |mul_ln42_108_reg_64152              |  25|   0|   25|          0|
    |mul_ln42_110_reg_5776               |  21|   0|   21|          0|
    |mul_ln42_114_reg_5780               |  20|   0|   20|          0|
    |mul_ln42_12_reg_5760                |  24|   0|   24|          0|
    |mul_ln42_1_reg_5748                 |  25|   0|   25|          0|
    |mul_ln42_23_reg_5764                |  20|   0|   20|          0|
    |mul_ln42_48_reg_5768                |  23|   0|   23|          0|
    |mul_ln42_8_reg_5752                 |  23|   0|   23|          0|
    |mul_ln42_9_reg_5756                 |  24|   0|   24|          0|
    |p_read1038_reg_67120                |  16|   0|   16|          0|
    |p_read1038_reg_67120_pp0_iter1_reg  |  16|   0|   16|          0|
    |p_read1139_reg_67111                |  16|   0|   16|          0|
    |p_read1240_reg_67102                |  16|   0|   16|          0|
    |p_read129_reg_67188                 |  16|   0|   16|          0|
    |p_read2048_reg_67033                |  16|   0|   16|          0|
    |p_read2149_reg_67026                |  16|   0|   16|          0|
    |p_read2250_reg_67017                |  16|   0|   16|          0|
    |p_read230_reg_67180                 |  16|   0|   16|          0|
    |p_read230_reg_67180_pp0_iter1_reg   |  16|   0|   16|          0|
    |p_read28_reg_67195                  |  16|   0|   16|          0|
    |p_read331_reg_67173                 |  16|   0|   16|          0|
    |p_read432_reg_67166                 |  16|   0|   16|          0|
    |p_read533_reg_67160                 |  16|   0|   16|          0|
    |p_read634_reg_67153                 |  16|   0|   16|          0|
    |p_read735_reg_67143                 |  16|   0|   16|          0|
    |p_read836_reg_67136                 |  16|   0|   16|          0|
    |p_read937_reg_67128                 |  16|   0|   16|          0|
    |p_read937_reg_67128_pp0_iter1_reg   |  16|   0|   16|          0|
    |p_read_250_reg_66979                |  16|   0|   16|          0|
    |p_read_251_reg_66987                |  16|   0|   16|          0|
    |p_read_252_reg_66994                |  16|   0|   16|          0|
    |p_read_253_reg_67001                |  16|   0|   16|          0|
    |p_read_254_reg_67010                |  16|   0|   16|          0|
    |p_read_255_reg_67041                |  16|   0|   16|          0|
    |p_read_256_reg_67049                |  16|   0|   16|          0|
    |p_read_257_reg_67059                |  16|   0|   16|          0|
    |p_read_258_reg_67067                |  16|   0|   16|          0|
    |p_read_259_reg_67076                |  16|   0|   16|          0|
    |p_read_260_reg_67084                |  16|   0|   16|          0|
    |p_read_260_reg_67084_pp0_iter1_reg  |  16|   0|   16|          0|
    |p_read_261_reg_67093                |  16|   0|   16|          0|
    |sub_ln58_1_reg_67348                |  26|   0|   26|          0|
    |tmp417_reg_64192                    |  27|   0|   27|          0|
    |zext_ln42_139_reg_67213             |  16|   0|   27|         11|
    |zext_ln42_151_reg_67203             |  16|   0|   26|         10|
    |zext_ln42_78_reg_67208              |  16|   0|   27|         11|
    +------------------------------------+----+----+-----+-----------+
    |Total                               |1826|   0| 1858|         32|
    +------------------------------------+----+----+-----+-----------+



================================================================
== Interface
================================================================
* Summary: 
+-------------+-----+-----+------------+------------------------------------------------------------------------------+--------------+
|  RTL Ports  | Dir | Bits|  Protocol  |                                 Source Object                                |    C Type    |
+-------------+-----+-----+------------+------------------------------------------------------------------------------+--------------+
|ap_clk       |   in|    1|  ap_ctrl_hs|  dense_latency<ap_ufixed<16, 6, 4, 0, 0>, ap_fixed<28, 9, 5, 3, 0>, config16>|  return value|
|ap_rst       |   in|    1|  ap_ctrl_hs|  dense_latency<ap_ufixed<16, 6, 4, 0, 0>, ap_fixed<28, 9, 5, 3, 0>, config16>|  return value|
|ap_start     |   in|    1|  ap_ctrl_hs|  dense_latency<ap_ufixed<16, 6, 4, 0, 0>, ap_fixed<28, 9, 5, 3, 0>, config16>|  return value|
|ap_done      |  out|    1|  ap_ctrl_hs|  dense_latency<ap_ufixed<16, 6, 4, 0, 0>, ap_fixed<28, 9, 5, 3, 0>, config16>|  return value|
|ap_continue  |   in|    1|  ap_ctrl_hs|  dense_latency<ap_ufixed<16, 6, 4, 0, 0>, ap_fixed<28, 9, 5, 3, 0>, config16>|  return value|
|ap_idle      |  out|    1|  ap_ctrl_hs|  dense_latency<ap_ufixed<16, 6, 4, 0, 0>, ap_fixed<28, 9, 5, 3, 0>, config16>|  return value|
|ap_ready     |  out|    1|  ap_ctrl_hs|  dense_latency<ap_ufixed<16, 6, 4, 0, 0>, ap_fixed<28, 9, 5, 3, 0>, config16>|  return value|
|ap_return_0  |  out|   28|  ap_ctrl_hs|  dense_latency<ap_ufixed<16, 6, 4, 0, 0>, ap_fixed<28, 9, 5, 3, 0>, config16>|  return value|
|ap_return_1  |  out|   28|  ap_ctrl_hs|  dense_latency<ap_ufixed<16, 6, 4, 0, 0>, ap_fixed<28, 9, 5, 3, 0>, config16>|  return value|
|ap_return_2  |  out|   28|  ap_ctrl_hs|  dense_latency<ap_ufixed<16, 6, 4, 0, 0>, ap_fixed<28, 9, 5, 3, 0>, config16>|  return value|
|ap_return_3  |  out|   28|  ap_ctrl_hs|  dense_latency<ap_ufixed<16, 6, 4, 0, 0>, ap_fixed<28, 9, 5, 3, 0>, config16>|  return value|
|ap_return_4  |  out|   28|  ap_ctrl_hs|  dense_latency<ap_ufixed<16, 6, 4, 0, 0>, ap_fixed<28, 9, 5, 3, 0>, config16>|  return value|
|p_read       |   in|   16|     ap_none|                                                                        p_read|        scalar|
|p_read1      |   in|   16|     ap_none|                                                                       p_read1|        scalar|
|p_read2      |   in|   16|     ap_none|                                                                       p_read2|        scalar|
|p_read3      |   in|   16|     ap_none|                                                                       p_read3|        scalar|
|p_read4      |   in|   16|     ap_none|                                                                       p_read4|        scalar|
|p_read5      |   in|   16|     ap_none|                                                                       p_read5|        scalar|
|p_read6      |   in|   16|     ap_none|                                                                       p_read6|        scalar|
|p_read7      |   in|   16|     ap_none|                                                                       p_read7|        scalar|
|p_read8      |   in|   16|     ap_none|                                                                       p_read8|        scalar|
|p_read9      |   in|   16|     ap_none|                                                                       p_read9|        scalar|
|p_read10     |   in|   16|     ap_none|                                                                      p_read10|        scalar|
|p_read11     |   in|   16|     ap_none|                                                                      p_read11|        scalar|
|p_read12     |   in|   16|     ap_none|                                                                      p_read12|        scalar|
|p_read13     |   in|   16|     ap_none|                                                                      p_read13|        scalar|
|p_read14     |   in|   16|     ap_none|                                                                      p_read14|        scalar|
|p_read15     |   in|   16|     ap_none|                                                                      p_read15|        scalar|
|p_read16     |   in|   16|     ap_none|                                                                      p_read16|        scalar|
|p_read17     |   in|   16|     ap_none|                                                                      p_read17|        scalar|
|p_read18     |   in|   16|     ap_none|                                                                      p_read18|        scalar|
|p_read19     |   in|   16|     ap_none|                                                                      p_read19|        scalar|
|p_read20     |   in|   16|     ap_none|                                                                      p_read20|        scalar|
|p_read21     |   in|   16|     ap_none|                                                                      p_read21|        scalar|
|p_read22     |   in|   16|     ap_none|                                                                      p_read22|        scalar|
|p_read23     |   in|   16|     ap_none|                                                                      p_read23|        scalar|
|p_read24     |   in|   16|     ap_none|                                                                      p_read24|        scalar|
|p_read25     |   in|   16|     ap_none|                                                                      p_read25|        scalar|
|p_read26     |   in|   16|     ap_none|                                                                      p_read26|        scalar|
|p_read27     |   in|   16|     ap_none|                                                                      p_read27|        scalar|
+-------------+-----+-----+------------+------------------------------------------------------------------------------+--------------+

