Copyright 1986-2022 Xilinx, Inc. All Rights Reserved. Copyright 2022-2023 Advanced Micro Devices, Inc. All Rights Reserved.
---------------------------------------------------------------------------------------------------------------------------------------------
| Tool Version : Vivado v.2023.1 (lin64) Build 3865809 Sun May  7 15:04:56 MDT 2023
| Date         : Wed Jul 23 00:22:50 2025
| Host         : coder-hftsoi-hls1 running 64-bit Ubuntu 20.04.6 LTS
| Command      : report_utilization -file vivado_synth.rpt -hierarchical -hierarchical_depth 1
| Design       : hls_dummy
| Device       : xcu250-figd2104-2L-e
| Speed File   : -2L
| Design State : Optimized
---------------------------------------------------------------------------------------------------------------------------------------------

Utilization Design Information

Table of Contents
-----------------
1. Utilization by Hierarchy

1. Utilization by Hierarchy
---------------------------

+----------------------------------------------------------------------+-----------------------------------------------------------------------------+------------+------------+---------+------+------+--------+--------+------+------------+
|                               Instance                               |                                    Module                                   | Total LUTs | Logic LUTs | LUTRAMs | SRLs |  FFs | RAMB36 | RAMB18 | URAM | DSP Blocks |
+----------------------------------------------------------------------+-----------------------------------------------------------------------------+------------+------------+---------+------+------+--------+--------+------+------------+
| hls_dummy                                                            |                                                                       (top) |      11298 |      11298 |       0 |    0 | 3292 |      0 |      0 |    0 |         50 |
|   (hls_dummy)                                                        |                                                                       (top) |          0 |          0 |       0 |    0 |   35 |      0 |      0 |    0 |          0 |
|   Block_entry28_proc_U0                                              |                                                hls_dummy_Block_entry28_proc |          0 |          0 |       0 |    0 |   80 |      0 |      0 |    0 |          0 |
|   sparse_arr_feat_conv1_out_1_U                                      |                                                      hls_dummy_fifo_w8_d2_S |         28 |         28 |       0 |    0 |   20 |      0 |      0 |    0 |          0 |
|   sparse_arr_feat_conv1_out_2_U                                      |                                                    hls_dummy_fifo_w8_d2_S_0 |        200 |        200 |       0 |    0 |   20 |      0 |      0 |    0 |          0 |
|   sparse_arr_feat_conv1_out_3_U                                      |                                                    hls_dummy_fifo_w8_d2_S_1 |         29 |         29 |       0 |    0 |   20 |      0 |      0 |    0 |          0 |
|   sparse_arr_feat_conv1_out_4_U                                      |                                                    hls_dummy_fifo_w8_d2_S_2 |        238 |        238 |       0 |    0 |   20 |      0 |      0 |    0 |          0 |
|   sparse_arr_feat_conv1_out_5_U                                      |                                                    hls_dummy_fifo_w8_d2_S_3 |         31 |         31 |       0 |    0 |   20 |      0 |      0 |    0 |          0 |
|   sparse_arr_feat_conv1_out_6_U                                      |                                                    hls_dummy_fifo_w8_d2_S_4 |        260 |        260 |       0 |    0 |   20 |      0 |      0 |    0 |          0 |
|   sparse_arr_feat_conv1_out_7_U                                      |                                                    hls_dummy_fifo_w8_d2_S_5 |         27 |         27 |       0 |    0 |   20 |      0 |      0 |    0 |          0 |
|   sparse_arr_feat_conv1_out_8_U                                      |                                                    hls_dummy_fifo_w8_d2_S_6 |        309 |        309 |       0 |    0 |   20 |      0 |      0 |    0 |          0 |
|   sparse_arr_feat_conv1_out_9_U                                      |                                                    hls_dummy_fifo_w8_d2_S_7 |         39 |         39 |       0 |    0 |   20 |      0 |      0 |    0 |          0 |
|   sparse_arr_feat_conv1_out_U                                        |                                                    hls_dummy_fifo_w8_d2_S_8 |        157 |        157 |       0 |    0 |   20 |      0 |      0 |    0 |          0 |
|   sparse_arr_feat_conv2_out_1_U                                      |                                                    hls_dummy_fifo_w8_d2_S_9 |         12 |         12 |       0 |    0 |   20 |      0 |      0 |    0 |          0 |
|   sparse_arr_feat_conv2_out_2_U                                      |                                                   hls_dummy_fifo_w8_d2_S_10 |         13 |         13 |       0 |    0 |   20 |      0 |      0 |    0 |          0 |
|   sparse_arr_feat_conv2_out_3_U                                      |                                                   hls_dummy_fifo_w8_d2_S_11 |         12 |         12 |       0 |    0 |   20 |      0 |      0 |    0 |          0 |
|   sparse_arr_feat_conv2_out_4_U                                      |                                                   hls_dummy_fifo_w8_d2_S_12 |         13 |         13 |       0 |    0 |   20 |      0 |      0 |    0 |          0 |
|   sparse_arr_feat_conv2_out_5_U                                      |                                                   hls_dummy_fifo_w8_d2_S_13 |         15 |         15 |       0 |    0 |   20 |      0 |      0 |    0 |          0 |
|   sparse_arr_feat_conv2_out_6_U                                      |                                                   hls_dummy_fifo_w8_d2_S_14 |         13 |         13 |       0 |    0 |   20 |      0 |      0 |    0 |          0 |
|   sparse_arr_feat_conv2_out_7_U                                      |                                                   hls_dummy_fifo_w8_d2_S_15 |         12 |         12 |       0 |    0 |   20 |      0 |      0 |    0 |          0 |
|   sparse_arr_feat_conv2_out_8_U                                      |                                                   hls_dummy_fifo_w8_d2_S_16 |         13 |         13 |       0 |    0 |   20 |      0 |      0 |    0 |          0 |
|   sparse_arr_feat_conv2_out_9_U                                      |                                                   hls_dummy_fifo_w8_d2_S_17 |         13 |         13 |       0 |    0 |   20 |      0 |      0 |    0 |          0 |
|   sparse_arr_feat_conv2_out_U                                        |                                                   hls_dummy_fifo_w8_d2_S_18 |         13 |         13 |       0 |    0 |   20 |      0 |      0 |    0 |          0 |
|   sparse_arr_feat_reduce_out_1_U                                     |                                                   hls_dummy_fifo_w8_d2_S_19 |        431 |        431 |       0 |    0 |   20 |      0 |      0 |    0 |          0 |
|   sparse_arr_feat_reduce_out_2_U                                     |                                                   hls_dummy_fifo_w8_d2_S_20 |        367 |        367 |       0 |    0 |   20 |      0 |      0 |    0 |          0 |
|   sparse_arr_feat_reduce_out_3_U                                     |                                                   hls_dummy_fifo_w8_d2_S_21 |        306 |        306 |       0 |    0 |   19 |      0 |      0 |    0 |          0 |
|   sparse_arr_feat_reduce_out_4_U                                     |                                                   hls_dummy_fifo_w8_d2_S_22 |        238 |        238 |       0 |    0 |   18 |      0 |      0 |    0 |          0 |
|   sparse_arr_feat_reduce_out_U                                       |                                                   hls_dummy_fifo_w8_d2_S_23 |        514 |        514 |       0 |    0 |   21 |      0 |      0 |    0 |          0 |
|   sparse_arr_hash_reduce_out_1_c13_channel_U                         |                                                      hls_dummy_fifo_w4_d2_S |         36 |         36 |       0 |    0 |   12 |      0 |      0 |    0 |          0 |
|   sparse_arr_hash_reduce_out_1_c_U                                   |                                                   hls_dummy_fifo_w4_d2_S_24 |         10 |         10 |       0 |    0 |   12 |      0 |      0 |    0 |          0 |
|   sparse_arr_hash_reduce_out_2_c14_channel_U                         |                                                   hls_dummy_fifo_w4_d2_S_25 |         55 |         55 |       0 |    0 |   12 |      0 |      0 |    0 |          0 |
|   sparse_arr_hash_reduce_out_2_c_U                                   |                                                   hls_dummy_fifo_w4_d2_S_26 |         10 |         10 |       0 |    0 |   12 |      0 |      0 |    0 |          0 |
|   sparse_arr_hash_reduce_out_3_c15_channel_U                         |                                                   hls_dummy_fifo_w4_d2_S_27 |         70 |         70 |       0 |    0 |   12 |      0 |      0 |    0 |          0 |
|   sparse_arr_hash_reduce_out_3_c_U                                   |                                                   hls_dummy_fifo_w4_d2_S_28 |         12 |         12 |       0 |    0 |   12 |      0 |      0 |    0 |          0 |
|   sparse_arr_hash_reduce_out_4_c16_channel_U                         |                                                   hls_dummy_fifo_w4_d2_S_29 |         75 |         75 |       0 |    0 |   12 |      0 |      0 |    0 |          0 |
|   sparse_arr_hash_reduce_out_4_c_U                                   |                                                   hls_dummy_fifo_w4_d2_S_30 |         10 |         10 |       0 |    0 |   12 |      0 |      0 |    0 |          0 |
|   sparse_arr_hash_reduce_out_5_c17_channel_U                         |                                                   hls_dummy_fifo_w4_d2_S_31 |         74 |         74 |       0 |    0 |   12 |      0 |      0 |    0 |          0 |
|   sparse_arr_hash_reduce_out_5_c_U                                   |                                                   hls_dummy_fifo_w4_d2_S_32 |         10 |         10 |       0 |    0 |   12 |      0 |      0 |    0 |          0 |
|   sparse_arr_hash_reduce_out_6_c18_channel_U                         |                                                   hls_dummy_fifo_w4_d2_S_33 |         47 |         47 |       0 |    0 |   12 |      0 |      0 |    0 |          0 |
|   sparse_arr_hash_reduce_out_6_c_U                                   |                                                   hls_dummy_fifo_w4_d2_S_34 |         10 |         10 |       0 |    0 |   12 |      0 |      0 |    0 |          0 |
|   sparse_arr_hash_reduce_out_7_c19_channel_U                         |                                                   hls_dummy_fifo_w4_d2_S_35 |         37 |         37 |       0 |    0 |   12 |      0 |      0 |    0 |          0 |
|   sparse_arr_hash_reduce_out_7_c_U                                   |                                                   hls_dummy_fifo_w4_d2_S_36 |         10 |         10 |       0 |    0 |   12 |      0 |      0 |    0 |          0 |
|   sparse_arr_hash_reduce_out_8_c20_channel_U                         |                                                   hls_dummy_fifo_w4_d2_S_37 |         41 |         41 |       0 |    0 |   12 |      0 |      0 |    0 |          0 |
|   sparse_arr_hash_reduce_out_8_c_U                                   |                                                   hls_dummy_fifo_w4_d2_S_38 |         10 |         10 |       0 |    0 |   12 |      0 |      0 |    0 |          0 |
|   sparse_arr_hash_reduce_out_9_c21_channel_U                         |                                                   hls_dummy_fifo_w4_d2_S_39 |         91 |         91 |       0 |    0 |   12 |      0 |      0 |    0 |          0 |
|   sparse_arr_hash_reduce_out_9_c_U                                   |                                                   hls_dummy_fifo_w4_d2_S_40 |         10 |         10 |       0 |    0 |   12 |      0 |      0 |    0 |          0 |
|   sparse_arr_hash_reduce_out_c12_channel_U                           |                                                   hls_dummy_fifo_w4_d2_S_41 |         52 |         52 |       0 |    0 |   12 |      0 |      0 |    0 |          0 |
|   sparse_arr_hash_reduce_out_c_U                                     |                                                   hls_dummy_fifo_w4_d2_S_42 |         11 |         11 |       0 |    0 |   12 |      0 |      0 |    0 |          0 |
|   sparse_conv_ap_fixed_ap_fixed_ap_uint_ap_fixed_ap_fixed_5_1_2_3_U0 | hls_dummy_sparse_conv_ap_fixed_ap_fixed_ap_uint_ap_fixed_ap_fixed_5_1_2_3_s |       1499 |       1499 |       0 |    0 |  585 |      0 |      0 |    0 |          0 |
|   sparse_conv_ap_fixed_ap_fixed_ap_uint_ap_fixed_ap_fixed_5_2_2_5_U0 | hls_dummy_sparse_conv_ap_fixed_ap_fixed_ap_uint_ap_fixed_ap_fixed_5_2_2_5_s |       3530 |       3530 |       0 |    0 |  826 |      0 |      0 |    0 |         50 |
|   sparse_input_reduce_ap_fixed_8_2_5_3_0_ap_uint_10_10_10_1_5_4_U0   |     hls_dummy_sparse_input_reduce_ap_fixed_8_2_5_3_0_ap_uint_10_10_10_1_5_4 |       2525 |       2525 |       0 |    0 | 1028 |      0 |      0 |    0 |          0 |
+----------------------------------------------------------------------+-----------------------------------------------------------------------------+------------+------------+---------+------+------+--------+--------+------+------------+


