

================================================================
== Synthesis Summary Report of 'hls_dummy'
================================================================
+ General Information: 
    * Date:           Mon Jul 21 06:03:59 2025
    * Version:        2023.1 (Build 3854077 on May  4 2023)
    * Project:        hls_dummy_prj
    * Solution:       solution1 (Vivado IP Flow Target)
    * Product family: virtexuplus
    * Target device:  xcu250-figd2104-2L-e
    

+ Performance & Resource Estimates: 
    
    PS: '+' for module; 'o' for loop; '*' for dataflow
    +----------------------------------------------------------------------+------+------+---------+--------+----------+---------+------+----------+------+----+------------+-------------+-----+
    |                                Modules                               | Issue|      | Latency | Latency| Iteration|         | Trip |          |      |    |            |             |     |
    |                                & Loops                               | Type | Slack| (cycles)|  (ns)  |  Latency | Interval| Count| Pipelined| BRAM | DSP|     FF     |     LUT     | URAM|
    +----------------------------------------------------------------------+------+------+---------+--------+----------+---------+------+----------+------+----+------------+-------------+-----+
    |+ hls_dummy*                                                          |     -|  0.29|       17|  85.000|         -|       13|     -|  dataflow|     -|   -|  2101 (~0%)|  15913 (~0%)|    -|
    | + sparse_input_reduce_ap_fixed_8_2_5_3_0_ap_uint_10_10_10_1_5_4      |     -|  0.61|       12|  60.000|         -|       12|     -|        no|     -|   -|  1134 (~0%)|   9080 (~0%)|    -|
    |  o MaxPixelsLoop                                                     |    II|  3.65|       10|  50.000|         3|        2|     5|       yes|     -|   -|           -|            -|    -|
    |   + operator_s                                                       |    II|  2.64|        0|   0.000|         -|        1|     -|       yes|     -|   -|           -|     68 (~0%)|    -|
    |   + operator_s                                                       |    II|  2.64|        0|   0.000|         -|        1|     -|       yes|     -|   -|           -|     68 (~0%)|    -|
    |   + operator_s                                                       |    II|  2.64|        0|   0.000|         -|        1|     -|       yes|     -|   -|           -|     68 (~0%)|    -|
    |   + operator_s                                                       |    II|  2.64|        0|   0.000|         -|        1|     -|       yes|     -|   -|           -|     68 (~0%)|    -|
    |   + operator_s                                                       |    II|  2.64|        0|   0.000|         -|        1|     -|       yes|     -|   -|           -|     68 (~0%)|    -|
    |   + operator_s                                                       |    II|  2.64|        0|   0.000|         -|        1|     -|       yes|     -|   -|           -|     68 (~0%)|    -|
    |   + operator_s                                                       |    II|  2.64|        0|   0.000|         -|        1|     -|       yes|     -|   -|           -|     68 (~0%)|    -|
    |   + operator_s                                                       |    II|  2.64|        0|   0.000|         -|        1|     -|       yes|     -|   -|           -|     68 (~0%)|    -|
    |   + operator_s                                                       |    II|  2.64|        0|   0.000|         -|        1|     -|       yes|     -|   -|           -|     68 (~0%)|    -|
    |   + operator_s                                                       |    II|  2.64|        0|   0.000|         -|        1|     -|       yes|     -|   -|           -|     68 (~0%)|    -|
    |   + operator_s                                                       |    II|  2.64|        0|   0.000|         -|        1|     -|       yes|     -|   -|           -|     68 (~0%)|    -|
    |   + operator_s                                                       |    II|  2.64|        0|   0.000|         -|        1|     -|       yes|     -|   -|           -|     68 (~0%)|    -|
    |   + operator_s                                                       |    II|  2.64|        0|   0.000|         -|        1|     -|       yes|     -|   -|           -|     68 (~0%)|    -|
    |   + operator_s                                                       |    II|  2.64|        0|   0.000|         -|        1|     -|       yes|     -|   -|           -|     68 (~0%)|    -|
    |   + operator_s                                                       |    II|  2.64|        0|   0.000|         -|        1|     -|       yes|     -|   -|           -|     68 (~0%)|    -|
    |   + operator_s                                                       |    II|  2.64|        0|   0.000|         -|        1|     -|       yes|     -|   -|           -|     68 (~0%)|    -|
    |   + operator_s                                                       |    II|  2.64|        0|   0.000|         -|        1|     -|       yes|     -|   -|           -|     68 (~0%)|    -|
    |   + operator_s                                                       |    II|  2.64|        0|   0.000|         -|        1|     -|       yes|     -|   -|           -|     68 (~0%)|    -|
    |   + operator_s                                                       |    II|  2.64|        0|   0.000|         -|        1|     -|       yes|     -|   -|           -|     68 (~0%)|    -|
    |   + operator_s                                                       |    II|  2.64|        0|   0.000|         -|        1|     -|       yes|     -|   -|           -|     68 (~0%)|    -|
    |   + operator_s                                                       |    II|  2.64|        0|   0.000|         -|        1|     -|       yes|     -|   -|           -|     68 (~0%)|    -|
    |   + operator_s                                                       |    II|  2.64|        0|   0.000|         -|        1|     -|       yes|     -|   -|           -|     68 (~0%)|    -|
    |   + operator_s                                                       |    II|  2.64|        0|   0.000|         -|        1|     -|       yes|     -|   -|           -|     68 (~0%)|    -|
    |   + operator_s                                                       |    II|  2.64|        0|   0.000|         -|        1|     -|       yes|     -|   -|           -|     68 (~0%)|    -|
    |   + operator_s                                                       |    II|  2.64|        0|   0.000|         -|        1|     -|       yes|     -|   -|           -|     68 (~0%)|    -|
    |   + operator_s                                                       |    II|  2.64|        0|   0.000|         -|        1|     -|       yes|     -|   -|           -|     68 (~0%)|    -|
    |   + operator_s                                                       |    II|  2.64|        0|   0.000|         -|        1|     -|       yes|     -|   -|           -|     68 (~0%)|    -|
    |   + operator_s                                                       |    II|  2.64|        0|   0.000|         -|        1|     -|       yes|     -|   -|           -|     68 (~0%)|    -|
    |   + operator_s                                                       |    II|  2.64|        0|   0.000|         -|        1|     -|       yes|     -|   -|           -|     68 (~0%)|    -|
    |   + operator_s                                                       |    II|  2.64|        0|   0.000|         -|        1|     -|       yes|     -|   -|           -|     68 (~0%)|    -|
    |   + operator_s                                                       |    II|  2.64|        0|   0.000|         -|        1|     -|       yes|     -|   -|           -|     68 (~0%)|    -|
    |   + operator_s                                                       |    II|  2.64|        0|   0.000|         -|        1|     -|       yes|     -|   -|           -|     68 (~0%)|    -|
    |   + operator_s                                                       |    II|  2.64|        0|   0.000|         -|        1|     -|       yes|     -|   -|           -|     68 (~0%)|    -|
    |   + operator_s                                                       |    II|  2.64|        0|   0.000|         -|        1|     -|       yes|     -|   -|           -|     68 (~0%)|    -|
    |   + operator_s                                                       |    II|  2.64|        0|   0.000|         -|        1|     -|       yes|     -|   -|           -|     68 (~0%)|    -|
    |   + operator_s                                                       |    II|  2.64|        0|   0.000|         -|        1|     -|       yes|     -|   -|           -|     68 (~0%)|    -|
    |   + operator_s                                                       |    II|  2.64|        0|   0.000|         -|        1|     -|       yes|     -|   -|           -|     68 (~0%)|    -|
    |   + operator_s                                                       |    II|  2.64|        0|   0.000|         -|        1|     -|       yes|     -|   -|           -|     68 (~0%)|    -|
    |   + operator_s                                                       |    II|  2.64|        0|   0.000|         -|        1|     -|       yes|     -|   -|           -|     68 (~0%)|    -|
    |   + operator_s                                                       |    II|  2.64|        0|   0.000|         -|        1|     -|       yes|     -|   -|           -|     68 (~0%)|    -|
    |   + operator_s                                                       |    II|  2.64|        0|   0.000|         -|        1|     -|       yes|     -|   -|           -|     68 (~0%)|    -|
    |   + operator_s                                                       |    II|  2.64|        0|   0.000|         -|        1|     -|       yes|     -|   -|           -|     68 (~0%)|    -|
    |   + operator_s                                                       |    II|  2.64|        0|   0.000|         -|        1|     -|       yes|     -|   -|           -|     68 (~0%)|    -|
    |   + operator_s                                                       |    II|  2.64|        0|   0.000|         -|        1|     -|       yes|     -|   -|           -|     68 (~0%)|    -|
    |   + operator_s                                                       |    II|  2.64|        0|   0.000|         -|        1|     -|       yes|     -|   -|           -|     68 (~0%)|    -|
    |   + operator_s                                                       |    II|  2.64|        0|   0.000|         -|        1|     -|       yes|     -|   -|           -|     68 (~0%)|    -|
    |   + operator_s                                                       |    II|  2.64|        0|   0.000|         -|        1|     -|       yes|     -|   -|           -|     68 (~0%)|    -|
    |   + operator_s                                                       |    II|  2.64|        0|   0.000|         -|        1|     -|       yes|     -|   -|           -|     68 (~0%)|    -|
    |   + operator_s                                                       |    II|  2.64|        0|   0.000|         -|        1|     -|       yes|     -|   -|           -|     68 (~0%)|    -|
    |   + operator_s                                                       |    II|  2.64|        0|   0.000|         -|        1|     -|       yes|     -|   -|           -|     68 (~0%)|    -|
    |   + operator_s                                                       |    II|  2.64|        0|   0.000|         -|        1|     -|       yes|     -|   -|           -|     68 (~0%)|    -|
    |   + operator_s                                                       |    II|  2.64|        0|   0.000|         -|        1|     -|       yes|     -|   -|           -|     68 (~0%)|    -|
    |   + operator_s                                                       |    II|  2.64|        0|   0.000|         -|        1|     -|       yes|     -|   -|           -|     68 (~0%)|    -|
    |   + operator_s                                                       |    II|  2.64|        0|   0.000|         -|        1|     -|       yes|     -|   -|           -|     68 (~0%)|    -|
    |   + operator_s                                                       |    II|  2.64|        0|   0.000|         -|        1|     -|       yes|     -|   -|           -|     68 (~0%)|    -|
    |   + operator_s                                                       |    II|  2.64|        0|   0.000|         -|        1|     -|       yes|     -|   -|           -|     68 (~0%)|    -|
    |   + operator_s                                                       |    II|  2.64|        0|   0.000|         -|        1|     -|       yes|     -|   -|           -|     68 (~0%)|    -|
    |   + operator_s                                                       |    II|  2.64|        0|   0.000|         -|        1|     -|       yes|     -|   -|           -|     68 (~0%)|    -|
    |   + operator_s                                                       |    II|  2.64|        0|   0.000|         -|        1|     -|       yes|     -|   -|           -|     68 (~0%)|    -|
    |   + operator_s                                                       |    II|  2.64|        0|   0.000|         -|        1|     -|       yes|     -|   -|           -|     68 (~0%)|    -|
    |   + operator_s                                                       |    II|  2.64|        0|   0.000|         -|        1|     -|       yes|     -|   -|           -|     68 (~0%)|    -|
    |   + operator_s                                                       |    II|  2.64|        0|   0.000|         -|        1|     -|       yes|     -|   -|           -|     68 (~0%)|    -|
    |   + operator_s                                                       |    II|  2.64|        0|   0.000|         -|        1|     -|       yes|     -|   -|           -|     68 (~0%)|    -|
    |   + operator_s                                                       |    II|  2.64|        0|   0.000|         -|        1|     -|       yes|     -|   -|           -|     68 (~0%)|    -|
    |   + operator_s                                                       |    II|  2.64|        0|   0.000|         -|        1|     -|       yes|     -|   -|           -|     68 (~0%)|    -|
    |   + operator_s                                                       |    II|  2.64|        0|   0.000|         -|        1|     -|       yes|     -|   -|           -|     68 (~0%)|    -|
    |   + operator_s                                                       |    II|  2.64|        0|   0.000|         -|        1|     -|       yes|     -|   -|           -|     68 (~0%)|    -|
    |   + operator_s                                                       |    II|  2.64|        0|   0.000|         -|        1|     -|       yes|     -|   -|           -|     68 (~0%)|    -|
    |   + operator_s                                                       |    II|  2.64|        0|   0.000|         -|        1|     -|       yes|     -|   -|           -|     68 (~0%)|    -|
    |   + operator_s                                                       |    II|  2.64|        0|   0.000|         -|        1|     -|       yes|     -|   -|           -|     68 (~0%)|    -|
    |   + operator_s                                                       |    II|  2.64|        0|   0.000|         -|        1|     -|       yes|     -|   -|           -|     68 (~0%)|    -|
    |   + operator_s                                                       |    II|  2.64|        0|   0.000|         -|        1|     -|       yes|     -|   -|           -|     68 (~0%)|    -|
    |   + operator_s                                                       |    II|  2.64|        0|   0.000|         -|        1|     -|       yes|     -|   -|           -|     68 (~0%)|    -|
    |   + operator_s                                                       |    II|  2.64|        0|   0.000|         -|        1|     -|       yes|     -|   -|           -|     68 (~0%)|    -|
    |   + operator_s                                                       |    II|  2.64|        0|   0.000|         -|        1|     -|       yes|     -|   -|           -|     68 (~0%)|    -|
    |   + operator_s                                                       |    II|  2.64|        0|   0.000|         -|        1|     -|       yes|     -|   -|           -|     68 (~0%)|    -|
    |   + operator_s                                                       |    II|  2.64|        0|   0.000|         -|        1|     -|       yes|     -|   -|           -|     68 (~0%)|    -|
    |   + operator_s                                                       |    II|  2.64|        0|   0.000|         -|        1|     -|       yes|     -|   -|           -|     68 (~0%)|    -|
    |   + operator_s                                                       |    II|  2.64|        0|   0.000|         -|        1|     -|       yes|     -|   -|           -|     68 (~0%)|    -|
    |   + operator_s                                                       |    II|  2.64|        0|   0.000|         -|        1|     -|       yes|     -|   -|           -|     68 (~0%)|    -|
    |   + operator_s                                                       |    II|  2.64|        0|   0.000|         -|        1|     -|       yes|     -|   -|           -|     68 (~0%)|    -|
    |   + operator_s                                                       |    II|  2.64|        0|   0.000|         -|        1|     -|       yes|     -|   -|           -|     68 (~0%)|    -|
    |   + operator_s                                                       |    II|  2.64|        0|   0.000|         -|        1|     -|       yes|     -|   -|           -|     68 (~0%)|    -|
    |   + operator_s                                                       |    II|  2.64|        0|   0.000|         -|        1|     -|       yes|     -|   -|           -|     68 (~0%)|    -|
    |   + operator_s                                                       |    II|  2.64|        0|   0.000|         -|        1|     -|       yes|     -|   -|           -|     68 (~0%)|    -|
    | + sparse_conv_ap_fixed_ap_fixed_ap_uint_ap_fixed_ap_fixed_5_1_2_3_s  |     -|  0.29|        3|  15.000|         -|        3|     -|        no|     -|   -|   440 (~0%)|   6052 (~0%)|    -|
    | + Block_entry26_proc                                                 |     -|  2.22|        0|   0.000|         -|        0|     -|        no|     -|   -|    82 (~0%)|    101 (~0%)|    -|
    +----------------------------------------------------------------------+------+------+---------+--------+----------+---------+------+----------+------+----+------------+-------------+-----+


================================================================
== HW Interfaces
================================================================
* Other Ports
+--------------+--------+-----------+----------+
| Port         | Mode   | Direction | Bitwidth |
+--------------+--------+-----------+----------+
| layer2_out_0 | ap_vld | out       | 8        |
| layer2_out_1 | ap_vld | out       | 8        |
| layer2_out_2 | ap_vld | out       | 8        |
| layer2_out_3 | ap_vld | out       | 8        |
| layer2_out_4 | ap_vld | out       | 8        |
| layer2_out_5 | ap_vld | out       | 8        |
| layer2_out_6 | ap_vld | out       | 8        |
| layer2_out_7 | ap_vld | out       | 8        |
| layer2_out_8 | ap_vld | out       | 8        |
| layer2_out_9 | ap_vld | out       | 8        |
| x_in         | ap_vld | in        | 800      |
+--------------+--------+-----------+----------+

* TOP LEVEL CONTROL
+-----------+------------+-----------------------------------+
| Interface | Type       | Ports                             |
+-----------+------------+-----------------------------------+
| ap_clk    | clock      | ap_clk                            |
| ap_rst    | reset      | ap_rst                            |
| ap_ctrl   | ap_ctrl_hs | ap_done ap_idle ap_ready ap_start |
+-----------+------------+-----------------------------------+


================================================================
== SW I/O Information
================================================================
* Top Function Arguments
+------------+-----------+-------------------------------------+
| Argument   | Direction | Datatype                            |
+------------+-----------+-------------------------------------+
| x_in       | in        | ap_fixed<8, 2, AP_TRN, AP_WRAP, 0>* |
| layer2_out | out       | ap_fixed<8, 2, AP_TRN, AP_WRAP, 0>* |
+------------+-----------+-------------------------------------+

* SW-to-HW Mapping
+------------+---------------------+---------+
| Argument   | HW Interface        | HW Type |
+------------+---------------------+---------+
| x_in       | x_in                | port    |
| x_in       | x_in_ap_vld         | port    |
| layer2_out | layer2_out_0        | port    |
| layer2_out | layer2_out_0_ap_vld | port    |
| layer2_out | layer2_out_1        | port    |
| layer2_out | layer2_out_1_ap_vld | port    |
| layer2_out | layer2_out_2        | port    |
| layer2_out | layer2_out_2_ap_vld | port    |
| layer2_out | layer2_out_3        | port    |
| layer2_out | layer2_out_3_ap_vld | port    |
| layer2_out | layer2_out_4        | port    |
| layer2_out | layer2_out_4_ap_vld | port    |
| layer2_out | layer2_out_5        | port    |
| layer2_out | layer2_out_5_ap_vld | port    |
| layer2_out | layer2_out_6        | port    |
| layer2_out | layer2_out_6_ap_vld | port    |
| layer2_out | layer2_out_7        | port    |
| layer2_out | layer2_out_7_ap_vld | port    |
| layer2_out | layer2_out_8        | port    |
| layer2_out | layer2_out_8_ap_vld | port    |
| layer2_out | layer2_out_9        | port    |
| layer2_out | layer2_out_9_ap_vld | port    |
+------------+---------------------+---------+


================================================================
== Bind Op Report
================================================================
+----------------------------------------------------------------------+-----+--------+------------------------------+------+--------+---------+
| Name                                                                 | DSP | Pragma | Variable                     | Op   | Impl   | Latency |
+----------------------------------------------------------------------+-----+--------+------------------------------+------+--------+---------+
| + hls_dummy                                                          | 0   |        |                              |      |        |         |
|   sparse_arr_feat_reduce_out_U                                       | -   |        | sparse_arr_feat_reduce_out   | fifo | srl    | 0       |
|   sparse_arr_feat_reduce_out_1_U                                     | -   |        | sparse_arr_feat_reduce_out_1 | fifo | srl    | 0       |
|   sparse_arr_feat_reduce_out_2_U                                     | -   |        | sparse_arr_feat_reduce_out_2 | fifo | srl    | 0       |
|   sparse_arr_feat_reduce_out_3_U                                     | -   |        | sparse_arr_feat_reduce_out_3 | fifo | srl    | 0       |
|   sparse_arr_feat_reduce_out_4_U                                     | -   |        | sparse_arr_feat_reduce_out_4 | fifo | srl    | 0       |
|   sparse_arr_hash_reduce_out_U                                       | -   |        | sparse_arr_hash_reduce_out   | fifo | srl    | 0       |
|   sparse_arr_hash_reduce_out_1_U                                     | -   |        | sparse_arr_hash_reduce_out_1 | fifo | srl    | 0       |
|   sparse_arr_hash_reduce_out_2_U                                     | -   |        | sparse_arr_hash_reduce_out_2 | fifo | srl    | 0       |
|   sparse_arr_hash_reduce_out_3_U                                     | -   |        | sparse_arr_hash_reduce_out_3 | fifo | srl    | 0       |
|   sparse_arr_hash_reduce_out_4_U                                     | -   |        | sparse_arr_hash_reduce_out_4 | fifo | srl    | 0       |
|   sparse_arr_hash_reduce_out_5_U                                     | -   |        | sparse_arr_hash_reduce_out_5 | fifo | srl    | 0       |
|   sparse_arr_hash_reduce_out_6_U                                     | -   |        | sparse_arr_hash_reduce_out_6 | fifo | srl    | 0       |
|   sparse_arr_hash_reduce_out_7_U                                     | -   |        | sparse_arr_hash_reduce_out_7 | fifo | srl    | 0       |
|   sparse_arr_hash_reduce_out_8_U                                     | -   |        | sparse_arr_hash_reduce_out_8 | fifo | srl    | 0       |
|   sparse_arr_hash_reduce_out_9_U                                     | -   |        | sparse_arr_hash_reduce_out_9 | fifo | srl    | 0       |
|   sparse_arr_feat_conv1_out_U                                        | -   |        | sparse_arr_feat_conv1_out    | fifo | srl    | 0       |
|   sparse_arr_feat_conv1_out_1_U                                      | -   |        | sparse_arr_feat_conv1_out_1  | fifo | srl    | 0       |
|   sparse_arr_feat_conv1_out_2_U                                      | -   |        | sparse_arr_feat_conv1_out_2  | fifo | srl    | 0       |
|   sparse_arr_feat_conv1_out_3_U                                      | -   |        | sparse_arr_feat_conv1_out_3  | fifo | srl    | 0       |
|   sparse_arr_feat_conv1_out_4_U                                      | -   |        | sparse_arr_feat_conv1_out_4  | fifo | srl    | 0       |
|   sparse_arr_feat_conv1_out_5_U                                      | -   |        | sparse_arr_feat_conv1_out_5  | fifo | srl    | 0       |
|   sparse_arr_feat_conv1_out_6_U                                      | -   |        | sparse_arr_feat_conv1_out_6  | fifo | srl    | 0       |
|   sparse_arr_feat_conv1_out_7_U                                      | -   |        | sparse_arr_feat_conv1_out_7  | fifo | srl    | 0       |
|   sparse_arr_feat_conv1_out_8_U                                      | -   |        | sparse_arr_feat_conv1_out_8  | fifo | srl    | 0       |
|   sparse_arr_feat_conv1_out_9_U                                      | -   |        | sparse_arr_feat_conv1_out_9  | fifo | srl    | 0       |
|  + sparse_input_reduce_ap_fixed_8_2_5_3_0_ap_uint_10_10_10_1_5_4     | 0   |        |                              |      |        |         |
|    add_ln94_fu_3836_p2                                               | -   |        | add_ln94                     | add  | fabric | 0       |
|  + sparse_conv_ap_fixed_ap_fixed_ap_uint_ap_fixed_ap_fixed_5_1_2_3_s | 0   |        |                              |      |        |         |
|    offset_h_fu_665_p2                                                | -   |        | offset_h                     | sub  | fabric | 0       |
|    offset_w_fu_681_p2                                                | -   |        | offset_w                     | sub  | fabric | 0       |
|    add_ln134_fu_691_p2                                               | -   |        | add_ln134                    | add  | fabric | 0       |
|    add_ln134_1_fu_703_p2                                             | -   |        | add_ln134_1                  | add  | fabric | 0       |
|    row_fu_725_p2                                                     | -   |        | row                          | sub  | fabric | 0       |
|    sub_ln138_fu_747_p2                                               | -   |        | sub_ln138                    | sub  | fabric | 0       |
|    mul_8s_8s_14_1_1_U10                                              | -   |        | mul_ln148                    | mul  | auto   | 0       |
|    offset_h_1_fu_775_p2                                              | -   |        | offset_h_1                   | sub  | fabric | 0       |
|    offset_w_1_fu_788_p2                                              | -   |        | offset_w_1                   | sub  | fabric | 0       |
|    add_ln134_2_fu_798_p2                                             | -   |        | add_ln134_2                  | add  | fabric | 0       |
|    add_ln134_3_fu_810_p2                                             | -   |        | add_ln134_3                  | add  | fabric | 0       |
|    row_1_fu_832_p2                                                   | -   |        | row_1                        | sub  | fabric | 0       |
|    sub_ln138_1_fu_854_p2                                             | -   |        | sub_ln138_1                  | sub  | fabric | 0       |
|    mul_8s_8s_14_1_1_U11                                              | -   |        | mul_ln148_1                  | mul  | auto   | 0       |
|    offset_h_2_fu_882_p2                                              | -   |        | offset_h_2                   | sub  | fabric | 0       |
|    offset_w_2_fu_895_p2                                              | -   |        | offset_w_2                   | sub  | fabric | 0       |
|    add_ln134_4_fu_905_p2                                             | -   |        | add_ln134_4                  | add  | fabric | 0       |
|    add_ln134_5_fu_917_p2                                             | -   |        | add_ln134_5                  | add  | fabric | 0       |
|    row_2_fu_939_p2                                                   | -   |        | row_2                        | sub  | fabric | 0       |
|    sub_ln138_2_fu_961_p2                                             | -   |        | sub_ln138_2                  | sub  | fabric | 0       |
|    mul_8s_8s_14_1_1_U12                                              | -   |        | mul_ln148_2                  | mul  | auto   | 0       |
|    offset_h_3_fu_989_p2                                              | -   |        | offset_h_3                   | sub  | fabric | 0       |
|    offset_w_3_fu_1002_p2                                             | -   |        | offset_w_3                   | sub  | fabric | 0       |
|    add_ln134_6_fu_1012_p2                                            | -   |        | add_ln134_6                  | add  | fabric | 0       |
|    add_ln134_7_fu_1024_p2                                            | -   |        | add_ln134_7                  | add  | fabric | 0       |
|    row_3_fu_1046_p2                                                  | -   |        | row_3                        | sub  | fabric | 0       |
|    sub_ln138_3_fu_1068_p2                                            | -   |        | sub_ln138_3                  | sub  | fabric | 0       |
|    mul_8s_8s_14_1_1_U13                                              | -   |        | mul_ln148_3                  | mul  | auto   | 0       |
|    acc_6_fu_4318_p2                                                  | -   |        | acc_6                        | add  | fabric | 0       |
|    mul_8s_7s_14_1_1_U14                                              | -   |        | mul_ln148_4                  | mul  | auto   | 0       |
|    mul_8s_8s_14_1_1_U15                                              | -   |        | mul_ln148_5                  | mul  | auto   | 0       |
|    mul_8s_8s_14_1_1_U16                                              | -   |        | mul_ln148_6                  | mul  | auto   | 0       |
|    mul_8s_8s_14_1_1_U17                                              | -   |        | mul_ln148_7                  | mul  | auto   | 0       |
|    mul_8s_8s_14_1_1_U18                                              | -   |        | mul_ln148_8                  | mul  | auto   | 0       |
|    acc_15_fu_4354_p2                                                 | -   |        | acc_15                       | add  | fabric | 0       |
|    offset_h_4_fu_1143_p2                                             | -   |        | offset_h_4                   | sub  | fabric | 0       |
|    offset_w_4_fu_1153_p2                                             | -   |        | offset_w_4                   | sub  | fabric | 0       |
|    add_ln134_8_fu_1163_p2                                            | -   |        | add_ln134_8                  | add  | fabric | 0       |
|    add_ln134_9_fu_1175_p2                                            | -   |        | add_ln134_9                  | add  | fabric | 0       |
|    row_4_fu_1197_p2                                                  | -   |        | row_4                        | sub  | fabric | 0       |
|    sub_ln138_4_fu_1219_p2                                            | -   |        | sub_ln138_4                  | sub  | fabric | 0       |
|    mul_8s_8s_14_1_1_U19                                              | -   |        | mul_ln148_9                  | mul  | auto   | 0       |
|    offset_h_5_fu_1254_p2                                             | -   |        | offset_h_5                   | sub  | fabric | 0       |
|    offset_w_5_fu_1264_p2                                             | -   |        | offset_w_5                   | sub  | fabric | 0       |
|    add_ln134_10_fu_1274_p2                                           | -   |        | add_ln134_10                 | add  | fabric | 0       |
|    add_ln134_11_fu_1286_p2                                           | -   |        | add_ln134_11                 | add  | fabric | 0       |
|    row_5_fu_1308_p2                                                  | -   |        | row_5                        | sub  | fabric | 0       |
|    sub_ln138_5_fu_1330_p2                                            | -   |        | sub_ln138_5                  | sub  | fabric | 0       |
|    mul_8s_8s_14_1_1_U20                                              | -   |        | mul_ln148_10                 | mul  | auto   | 0       |
|    offset_h_6_fu_1355_p2                                             | -   |        | offset_h_6                   | sub  | fabric | 0       |
|    offset_w_6_fu_1365_p2                                             | -   |        | offset_w_6                   | sub  | fabric | 0       |
|    add_ln134_12_fu_1375_p2                                           | -   |        | add_ln134_12                 | add  | fabric | 0       |
|    add_ln134_13_fu_1387_p2                                           | -   |        | add_ln134_13                 | add  | fabric | 0       |
|    row_6_fu_1409_p2                                                  | -   |        | row_6                        | sub  | fabric | 0       |
|    sub_ln138_6_fu_1431_p2                                            | -   |        | sub_ln138_6                  | sub  | fabric | 0       |
|    mul_8s_8s_14_1_1_U21                                              | -   |        | mul_ln148_11                 | mul  | auto   | 0       |
|    offset_h_7_fu_1456_p2                                             | -   |        | offset_h_7                   | sub  | fabric | 0       |
|    offset_w_7_fu_1466_p2                                             | -   |        | offset_w_7                   | sub  | fabric | 0       |
|    add_ln134_14_fu_1476_p2                                           | -   |        | add_ln134_14                 | add  | fabric | 0       |
|    add_ln134_15_fu_1488_p2                                           | -   |        | add_ln134_15                 | add  | fabric | 0       |
|    row_7_fu_1510_p2                                                  | -   |        | row_7                        | sub  | fabric | 0       |
|    sub_ln138_7_fu_1532_p2                                            | -   |        | sub_ln138_7                  | sub  | fabric | 0       |
|    mul_8s_8s_14_1_1_U22                                              | -   |        | mul_ln148_12                 | mul  | auto   | 0       |
|    acc_25_fu_4390_p2                                                 | -   |        | acc_25                       | add  | fabric | 0       |
|    mul_8s_8s_14_1_1_U23                                              | -   |        | mul_ln148_13                 | mul  | auto   | 0       |
|    mul_8s_7s_14_1_1_U24                                              | -   |        | mul_ln148_14                 | mul  | auto   | 0       |
|    mul_8s_8s_14_1_1_U25                                              | -   |        | mul_ln148_15                 | mul  | auto   | 0       |
|    mul_8s_8s_14_1_1_U26                                              | -   |        | mul_ln148_16                 | mul  | auto   | 0       |
|    mul_8s_8s_14_1_1_U27                                              | -   |        | mul_ln148_17                 | mul  | auto   | 0       |
|    acc_35_fu_4426_p2                                                 | -   |        | acc_35                       | add  | fabric | 0       |
|    offset_h_8_fu_1607_p2                                             | -   |        | offset_h_8                   | sub  | fabric | 0       |
|    offset_w_8_fu_1617_p2                                             | -   |        | offset_w_8                   | sub  | fabric | 0       |
|    add_ln134_16_fu_1627_p2                                           | -   |        | add_ln134_16                 | add  | fabric | 0       |
|    add_ln134_17_fu_1639_p2                                           | -   |        | add_ln134_17                 | add  | fabric | 0       |
|    row_8_fu_1661_p2                                                  | -   |        | row_8                        | sub  | fabric | 0       |
|    sub_ln138_8_fu_1683_p2                                            | -   |        | sub_ln138_8                  | sub  | fabric | 0       |
|    mul_8s_8s_14_1_1_U28                                              | -   |        | mul_ln148_18                 | mul  | auto   | 0       |
|    offset_h_9_fu_1708_p2                                             | -   |        | offset_h_9                   | sub  | fabric | 0       |
|    offset_w_9_fu_1718_p2                                             | -   |        | offset_w_9                   | sub  | fabric | 0       |
|    add_ln134_18_fu_1728_p2                                           | -   |        | add_ln134_18                 | add  | fabric | 0       |
|    add_ln134_19_fu_1740_p2                                           | -   |        | add_ln134_19                 | add  | fabric | 0       |
|    row_9_fu_1762_p2                                                  | -   |        | row_9                        | sub  | fabric | 0       |
|    sub_ln138_9_fu_1784_p2                                            | -   |        | sub_ln138_9                  | sub  | fabric | 0       |
|    mul_8s_8s_14_1_1_U29                                              | -   |        | mul_ln148_19                 | mul  | auto   | 0       |
|    offset_h_10_fu_1819_p2                                            | -   |        | offset_h_10                  | sub  | fabric | 0       |
|    offset_w_10_fu_1829_p2                                            | -   |        | offset_w_10                  | sub  | fabric | 0       |
|    add_ln134_20_fu_1839_p2                                           | -   |        | add_ln134_20                 | add  | fabric | 0       |
|    add_ln134_21_fu_1851_p2                                           | -   |        | add_ln134_21                 | add  | fabric | 0       |
|    row_10_fu_1873_p2                                                 | -   |        | row_10                       | sub  | fabric | 0       |
|    sub_ln138_10_fu_1895_p2                                           | -   |        | sub_ln138_10                 | sub  | fabric | 0       |
|    mul_8s_8s_14_1_1_U30                                              | -   |        | mul_ln148_20                 | mul  | auto   | 0       |
|    offset_h_11_fu_1920_p2                                            | -   |        | offset_h_11                  | sub  | fabric | 0       |
|    offset_w_11_fu_1930_p2                                            | -   |        | offset_w_11                  | sub  | fabric | 0       |
|    add_ln134_22_fu_1940_p2                                           | -   |        | add_ln134_22                 | add  | fabric | 0       |
|    add_ln134_23_fu_1952_p2                                           | -   |        | add_ln134_23                 | add  | fabric | 0       |
|    row_11_fu_1974_p2                                                 | -   |        | row_11                       | sub  | fabric | 0       |
|    sub_ln138_11_fu_1996_p2                                           | -   |        | sub_ln138_11                 | sub  | fabric | 0       |
|    mul_8s_8s_14_1_1_U31                                              | -   |        | mul_ln148_21                 | mul  | auto   | 0       |
|    acc_45_fu_4462_p2                                                 | -   |        | acc_45                       | add  | fabric | 0       |
|    mul_8s_8s_14_1_1_U32                                              | -   |        | mul_ln148_22                 | mul  | auto   | 0       |
|    mul_8s_8s_14_1_1_U33                                              | -   |        | mul_ln148_23                 | mul  | auto   | 0       |
|    mul_8s_7s_14_1_1_U34                                              | -   |        | mul_ln148_24                 | mul  | auto   | 0       |
|    mul_8s_8s_14_1_1_U35                                              | -   |        | mul_ln148_25                 | mul  | auto   | 0       |
|    mul_8s_8s_14_1_1_U36                                              | -   |        | mul_ln148_26                 | mul  | auto   | 0       |
|    acc_55_fu_4498_p2                                                 | -   |        | acc_55                       | add  | fabric | 0       |
|    offset_h_12_fu_2071_p2                                            | -   |        | offset_h_12                  | sub  | fabric | 0       |
|    offset_w_12_fu_2081_p2                                            | -   |        | offset_w_12                  | sub  | fabric | 0       |
|    add_ln134_24_fu_2091_p2                                           | -   |        | add_ln134_24                 | add  | fabric | 0       |
|    add_ln134_25_fu_2103_p2                                           | -   |        | add_ln134_25                 | add  | fabric | 0       |
|    row_12_fu_2125_p2                                                 | -   |        | row_12                       | sub  | fabric | 0       |
|    sub_ln138_12_fu_2147_p2                                           | -   |        | sub_ln138_12                 | sub  | fabric | 0       |
|    mul_8s_8s_14_1_1_U37                                              | -   |        | mul_ln148_27                 | mul  | auto   | 0       |
|    offset_h_13_fu_2172_p2                                            | -   |        | offset_h_13                  | sub  | fabric | 0       |
|    offset_w_13_fu_2182_p2                                            | -   |        | offset_w_13                  | sub  | fabric | 0       |
|    add_ln134_26_fu_2192_p2                                           | -   |        | add_ln134_26                 | add  | fabric | 0       |
|    add_ln134_27_fu_2204_p2                                           | -   |        | add_ln134_27                 | add  | fabric | 0       |
|    row_13_fu_2226_p2                                                 | -   |        | row_13                       | sub  | fabric | 0       |
|    sub_ln138_13_fu_2248_p2                                           | -   |        | sub_ln138_13                 | sub  | fabric | 0       |
|    mul_8s_8s_14_1_1_U38                                              | -   |        | mul_ln148_28                 | mul  | auto   | 0       |
|    offset_h_14_fu_2273_p2                                            | -   |        | offset_h_14                  | sub  | fabric | 0       |
|    offset_w_14_fu_2283_p2                                            | -   |        | offset_w_14                  | sub  | fabric | 0       |
|    add_ln134_28_fu_2293_p2                                           | -   |        | add_ln134_28                 | add  | fabric | 0       |
|    add_ln134_29_fu_2305_p2                                           | -   |        | add_ln134_29                 | add  | fabric | 0       |
|    row_14_fu_2327_p2                                                 | -   |        | row_14                       | sub  | fabric | 0       |
|    sub_ln138_14_fu_2349_p2                                           | -   |        | sub_ln138_14                 | sub  | fabric | 0       |
|    mul_8s_8s_14_1_1_U39                                              | -   |        | mul_ln148_29                 | mul  | auto   | 0       |
|    offset_h_15_fu_2384_p2                                            | -   |        | offset_h_15                  | sub  | fabric | 0       |
|    offset_w_15_fu_2394_p2                                            | -   |        | offset_w_15                  | sub  | fabric | 0       |
|    add_ln134_30_fu_2404_p2                                           | -   |        | add_ln134_30                 | add  | fabric | 0       |
|    add_ln134_31_fu_2416_p2                                           | -   |        | add_ln134_31                 | add  | fabric | 0       |
|    row_15_fu_2438_p2                                                 | -   |        | row_15                       | sub  | fabric | 0       |
|    sub_ln138_15_fu_2460_p2                                           | -   |        | sub_ln138_15                 | sub  | fabric | 0       |
|    mul_8s_8s_14_1_1_U40                                              | -   |        | mul_ln148_30                 | mul  | auto   | 0       |
|    acc_65_fu_4534_p2                                                 | -   |        | acc_65                       | add  | fabric | 0       |
|    mul_8s_8s_14_1_1_U41                                              | -   |        | mul_ln148_31                 | mul  | auto   | 0       |
|    mul_8s_8s_14_1_1_U42                                              | -   |        | mul_ln148_32                 | mul  | auto   | 0       |
|    mul_8s_8s_14_1_1_U43                                              | -   |        | mul_ln148_33                 | mul  | auto   | 0       |
|    mul_8s_7s_14_1_1_U44                                              | -   |        | mul_ln148_34                 | mul  | auto   | 0       |
|    mul_8s_8s_14_1_1_U45                                              | -   |        | mul_ln148_35                 | mul  | auto   | 0       |
|    acc_75_fu_4570_p2                                                 | -   |        | acc_75                       | add  | fabric | 0       |
|    offset_h_16_fu_2535_p2                                            | -   |        | offset_h_16                  | sub  | fabric | 0       |
|    offset_w_16_fu_2545_p2                                            | -   |        | offset_w_16                  | sub  | fabric | 0       |
|    add_ln134_32_fu_2555_p2                                           | -   |        | add_ln134_32                 | add  | fabric | 0       |
|    add_ln134_33_fu_2567_p2                                           | -   |        | add_ln134_33                 | add  | fabric | 0       |
|    row_16_fu_2589_p2                                                 | -   |        | row_16                       | sub  | fabric | 0       |
|    sub_ln138_16_fu_2611_p2                                           | -   |        | sub_ln138_16                 | sub  | fabric | 0       |
|    mul_8s_8s_14_1_1_U46                                              | -   |        | mul_ln148_36                 | mul  | auto   | 0       |
|    offset_h_17_fu_2636_p2                                            | -   |        | offset_h_17                  | sub  | fabric | 0       |
|    offset_w_17_fu_2646_p2                                            | -   |        | offset_w_17                  | sub  | fabric | 0       |
|    add_ln134_34_fu_2656_p2                                           | -   |        | add_ln134_34                 | add  | fabric | 0       |
|    add_ln134_35_fu_2668_p2                                           | -   |        | add_ln134_35                 | add  | fabric | 0       |
|    row_17_fu_2690_p2                                                 | -   |        | row_17                       | sub  | fabric | 0       |
|    sub_ln138_17_fu_2712_p2                                           | -   |        | sub_ln138_17                 | sub  | fabric | 0       |
|    mul_8s_8s_14_1_1_U47                                              | -   |        | mul_ln148_37                 | mul  | auto   | 0       |
|    offset_h_18_fu_2737_p2                                            | -   |        | offset_h_18                  | sub  | fabric | 0       |
|    offset_w_18_fu_2747_p2                                            | -   |        | offset_w_18                  | sub  | fabric | 0       |
|    add_ln134_36_fu_2757_p2                                           | -   |        | add_ln134_36                 | add  | fabric | 0       |
|    add_ln134_37_fu_2769_p2                                           | -   |        | add_ln134_37                 | add  | fabric | 0       |
|    row_18_fu_2791_p2                                                 | -   |        | row_18                       | sub  | fabric | 0       |
|    sub_ln138_18_fu_2813_p2                                           | -   |        | sub_ln138_18                 | sub  | fabric | 0       |
|    mul_8s_8s_14_1_1_U48                                              | -   |        | mul_ln148_38                 | mul  | auto   | 0       |
|    offset_h_19_fu_2838_p2                                            | -   |        | offset_h_19                  | sub  | fabric | 0       |
|    offset_w_19_fu_2848_p2                                            | -   |        | offset_w_19                  | sub  | fabric | 0       |
|    add_ln134_38_fu_2858_p2                                           | -   |        | add_ln134_38                 | add  | fabric | 0       |
|    add_ln134_39_fu_2870_p2                                           | -   |        | add_ln134_39                 | add  | fabric | 0       |
|    row_19_fu_2892_p2                                                 | -   |        | row_19                       | sub  | fabric | 0       |
|    sub_ln138_19_fu_2914_p2                                           | -   |        | sub_ln138_19                 | sub  | fabric | 0       |
|    mul_8s_8s_14_1_1_U49                                              | -   |        | mul_ln148_39                 | mul  | auto   | 0       |
|    acc_85_fu_4606_p2                                                 | -   |        | acc_85                       | add  | fabric | 0       |
|    mul_8s_8s_14_1_1_U50                                              | -   |        | mul_ln148_40                 | mul  | auto   | 0       |
|    mul_8s_8s_14_1_1_U51                                              | -   |        | mul_ln148_41                 | mul  | auto   | 0       |
|    mul_8s_8s_14_1_1_U52                                              | -   |        | mul_ln148_42                 | mul  | auto   | 0       |
|    mul_8s_8s_14_1_1_U53                                              | -   |        | mul_ln148_43                 | mul  | auto   | 0       |
|    mul_8s_7s_14_1_1_U54                                              | -   |        | mul_ln148_44                 | mul  | auto   | 0       |
|    acc_95_fu_4642_p2                                                 | -   |        | acc_95                       | add  | fabric | 0       |
+----------------------------------------------------------------------+-----+--------+------------------------------+------+--------+---------+


================================================================
== Bind Storage Report
================================================================
+----------------------------------------------------------------------+------+------+--------+----------+---------+------+---------+
| Name                                                                 | BRAM | URAM | Pragma | Variable | Storage | Impl | Latency |
+----------------------------------------------------------------------+------+------+--------+----------+---------+------+---------+
| + hls_dummy                                                          | 0    | 0    |        |          |         |      |         |
|  + sparse_conv_ap_fixed_ap_fixed_ap_uint_ap_fixed_ap_fixed_5_1_2_3_s | 0    | 0    |        |          |         |      |         |
|    w2_U                                                              | -    | -    |        | w2       | rom_np  | auto | 1       |
+----------------------------------------------------------------------+------+------+--------+----------+---------+------+---------+


================================================================
== Pragma Report
================================================================
* Pragmas with Warnings
+----------+-----------------------------------+-----------------------------------------------------------------------------------------+------------------------------------------------------------------------------------------------------------------------------------------------------------------------------------+
| Type     | Options                           | Location                                                                                | Messages                                                                                                                                                                           |
+----------+-----------------------------------+-----------------------------------------------------------------------------------------+------------------------------------------------------------------------------------------------------------------------------------------------------------------------------------+
| dataflow |                                   | firmware/hls_dummy.cpp:345 in hls_dummy                                                 | Since the only kind of statements allowed in a canonical dataflow region are variable declarations and function calls, the compiler may not be able to correctly handle the region |
| resource | variable=weights core=ROM_nP_BRAM | firmware/nnet_utils/nnet_dense_resource.h:33 in dense_resource_rf_leq_nin, weights      | 'Resource pragma' is deprecated, use 'bind_op/bind_storage pragma' instead                                                                                                         |
| resource | variable=weights core=ROM_nP_BRAM | firmware/nnet_utils/nnet_dense_resource.h:107 in dense_resource_rf_gt_nin_rem0, weights | 'Resource pragma' is deprecated, use 'bind_op/bind_storage pragma' instead                                                                                                         |
| resource | variable=weights core=ROM_nP_BRAM | firmware/nnet_utils/nnet_dense_resource.h:189 in dense_resource_rf_gt_nin, weights      | 'Resource pragma' is deprecated, use 'bind_op/bind_storage pragma' instead                                                                                                         |
+----------+-----------------------------------+-----------------------------------------------------------------------------------------+------------------------------------------------------------------------------------------------------------------------------------------------------------------------------------+

* Valid Pragma Syntax
+----------------------+-----------------------------------------------------------------------+------------------------------------------------------------------------------------------------+
| Type                 | Options                                                               | Location                                                                                       |
+----------------------+-----------------------------------------------------------------------+------------------------------------------------------------------------------------------------+
| inline               |                                                                       | firmware/hls_dummy.cpp:35 in find_active                                                       |
| array_partition      | variable=j_h_arr type=complete dim=0                                  | firmware/hls_dummy.cpp:68 in sparse_input_reduce, j_h_arr                                      |
| array_partition      | variable=j_w_arr type=complete dim=0                                  | firmware/hls_dummy.cpp:69 in sparse_input_reduce, j_w_arr                                      |
| array_partition      | variable=pair_arr type=complete dim=0                                 | firmware/hls_dummy.cpp:70 in sparse_input_reduce, pair_arr                                     |
| unroll               |                                                                       | firmware/hls_dummy.cpp:75 in sparse_input_reduce                                               |
| pipeline             |                                                                       | firmware/hls_dummy.cpp:95 in sparse_input_reduce                                               |
| unroll               |                                                                       | firmware/hls_dummy.cpp:105 in sparse_input_reduce                                              |
| inline               |                                                                       | firmware/hls_dummy.cpp:130 in mult_for_sparse_conv_kernel                                      |
| unroll               |                                                                       | firmware/hls_dummy.cpp:147 in mult_for_sparse_conv_kernel                                      |
| unroll               |                                                                       | firmware/hls_dummy.cpp:171 in sparse_conv                                                      |
| unroll               |                                                                       | firmware/hls_dummy.cpp:175 in sparse_conv                                                      |
| unroll               |                                                                       | firmware/hls_dummy.cpp:182 in sparse_conv                                                      |
| unroll               |                                                                       | firmware/hls_dummy.cpp:188 in sparse_conv                                                      |
| pipeline             |                                                                       | firmware/hls_dummy.cpp:207 in sparse_relu                                                      |
| array_partition      | variable=hash_tmp type=complete dim=0                                 | firmware/hls_dummy.cpp:240 in sparse_pooling_avg, hash_tmp                                     |
| unroll               |                                                                       | firmware/hls_dummy.cpp:243 in sparse_pooling_avg                                               |
| array_partition      | variable=sparse_arr_feat_in_copy type=complete dim=0                  | firmware/hls_dummy.cpp:253 in sparse_pooling_avg, sparse_arr_feat_in_copy                      |
| unroll               |                                                                       | firmware/hls_dummy.cpp:255 in sparse_pooling_avg                                               |
| unroll               |                                                                       | firmware/hls_dummy.cpp:263 in sparse_pooling_avg                                               |
| unroll               |                                                                       | firmware/hls_dummy.cpp:271 in sparse_pooling_avg                                               |
| unroll               |                                                                       | firmware/hls_dummy.cpp:277 in sparse_pooling_avg                                               |
| unroll               |                                                                       | firmware/hls_dummy.cpp:310 in sparse_flatten                                                   |
| unroll               |                                                                       | firmware/hls_dummy.cpp:316 in sparse_flatten                                                   |
| unroll               |                                                                       | firmware/hls_dummy.cpp:324 in sparse_flatten                                                   |
| array_reshape        | variable=x_in complete dim=0                                          | firmware/hls_dummy.cpp:342 in hls_dummy, x_in                                                  |
| array_partition      | variable=layer2_out complete dim=0                                    | firmware/hls_dummy.cpp:343 in hls_dummy, layer2_out                                            |
| interface            | ap_vld port=x_in,layer2_out                                           | firmware/hls_dummy.cpp:344 in hls_dummy, x_in,layer2_out                                       |
| array_partition      | variable=sparse_arr_feat_reduce_out complete dim=0                    | firmware/hls_dummy.cpp:364 in hls_dummy, sparse_arr_feat_reduce_out                            |
| array_partition      | variable=sparse_arr_hash_reduce_out complete dim=0                    | firmware/hls_dummy.cpp:365 in hls_dummy, sparse_arr_hash_reduce_out                            |
| array_partition      | variable=sparse_arr_feat_conv1_out complete dim=0                     | firmware/hls_dummy.cpp:369 in hls_dummy, sparse_arr_feat_conv1_out                             |
| unroll               |                                                                       | firmware/hls_dummy.cpp:373 in hls_dummy                                                        |
| array_partition      | variable=data_buf complete dim=0                                      | firmware/nnet_utils/nnet_conv1d_latency.h:19 in conv_1d_latency_cl, data_buf                   |
| array_partition      | variable=mult complete                                                | firmware/nnet_utils/nnet_conv1d_latency.h:22 in conv_1d_latency_cl, mult                       |
| array_partition      | variable=acc complete                                                 | firmware/nnet_utils/nnet_conv1d_latency.h:25 in conv_1d_latency_cl, acc                        |
| array_partition      | variable=weights complete                                             | firmware/nnet_utils/nnet_conv1d_latency.h:27 in conv_1d_latency_cl, weights                    |
| array_partition      | variable=biases complete                                              | firmware/nnet_utils/nnet_conv1d_latency.h:28 in conv_1d_latency_cl, biases                     |
| allocation           | operation instances=mul limit=CONFIG_T::mult_config::multiplier_limit | firmware/nnet_utils/nnet_conv1d_latency.h:31 in conv_1d_latency_cl                             |
| pipeline             | II=CONFIG_T::reuse_factor rewind                                      | firmware/nnet_utils/nnet_conv1d_latency.h:35 in conv_1d_latency_cl                             |
| unroll               |                                                                       | firmware/nnet_utils/nnet_conv1d_latency.h:41 in conv_1d_latency_cl                             |
| unroll               |                                                                       | firmware/nnet_utils/nnet_conv1d_latency.h:48 in conv_1d_latency_cl                             |
| unroll               |                                                                       | firmware/nnet_utils/nnet_conv1d_latency.h:52 in conv_1d_latency_cl                             |
| unroll               |                                                                       | firmware/nnet_utils/nnet_conv1d_latency.h:62 in conv_1d_latency_cl                             |
| unroll               |                                                                       | firmware/nnet_utils/nnet_conv1d_latency.h:69 in conv_1d_latency_cl                             |
| unroll               |                                                                       | firmware/nnet_utils/nnet_conv1d_latency.h:72 in conv_1d_latency_cl                             |
| unroll               |                                                                       | firmware/nnet_utils/nnet_conv1d_latency.h:80 in conv_1d_latency_cl                             |
| array_partition      | variable=mult complete dim=0                                          | firmware/nnet_utils/nnet_conv1d_latency.h:98 in pointwise_conv_1d_latency_cl, mult             |
| array_partition      | variable=acc complete dim=0                                           | firmware/nnet_utils/nnet_conv1d_latency.h:99 in pointwise_conv_1d_latency_cl, acc              |
| function_instantiate | variable=weights,biases                                               | firmware/nnet_utils/nnet_conv1d_latency.h:102 in pointwise_conv_1d_latency_cl, weights,biases  |
| pipeline             | II=CONFIG_T::reuse_factor                                             | firmware/nnet_utils/nnet_conv1d_latency.h:105 in pointwise_conv_1d_latency_cl                  |
| array_partition      | variable=weights complete dim=0                                       | firmware/nnet_utils/nnet_conv1d_latency.h:106 in pointwise_conv_1d_latency_cl, weights         |
| array_partition      | variable=biases complete dim=0                                        | firmware/nnet_utils/nnet_conv1d_latency.h:107 in pointwise_conv_1d_latency_cl, biases          |
| allocation           | operation instances=mul limit=CONFIG_T::mult_config::multiplier_limit | firmware/nnet_utils/nnet_conv1d_latency.h:110 in pointwise_conv_1d_latency_cl                  |
| unroll               |                                                                       | firmware/nnet_utils/nnet_conv1d_latency.h:119 in pointwise_conv_1d_latency_cl                  |
| unroll               |                                                                       | firmware/nnet_utils/nnet_conv1d_latency.h:138 in pointwise_conv_1d_latency_cl                  |
| unroll               |                                                                       | firmware/nnet_utils/nnet_conv1d_latency.h:160 in pointwise_conv_1d_latency_cl                  |
| array_partition      | variable=data_buf complete dim=0                                      | firmware/nnet_utils/nnet_conv2d_latency.h:20 in conv_2d_latency_cl, data_buf                   |
| array_partition      | variable=mult complete                                                | firmware/nnet_utils/nnet_conv2d_latency.h:23 in conv_2d_latency_cl, mult                       |
| array_partition      | variable=acc complete                                                 | firmware/nnet_utils/nnet_conv2d_latency.h:26 in conv_2d_latency_cl, acc                        |
| array_partition      | variable=weights complete                                             | firmware/nnet_utils/nnet_conv2d_latency.h:28 in conv_2d_latency_cl, weights                    |
| array_partition      | variable=biases complete                                              | firmware/nnet_utils/nnet_conv2d_latency.h:29 in conv_2d_latency_cl, biases                     |
| allocation           | operation instances=mul limit=CONFIG_T::mult_config::multiplier_limit | firmware/nnet_utils/nnet_conv2d_latency.h:32 in conv_2d_latency_cl                             |
| pipeline             | II=CONFIG_T::reuse_factor rewind                                      | firmware/nnet_utils/nnet_conv2d_latency.h:36 in conv_2d_latency_cl                             |
| unroll               |                                                                       | firmware/nnet_utils/nnet_conv2d_latency.h:42 in conv_2d_latency_cl                             |
| unroll               |                                                                       | firmware/nnet_utils/nnet_conv2d_latency.h:49 in conv_2d_latency_cl                             |
| unroll               |                                                                       | firmware/nnet_utils/nnet_conv2d_latency.h:53 in conv_2d_latency_cl                             |
| unroll               |                                                                       | firmware/nnet_utils/nnet_conv2d_latency.h:63 in conv_2d_latency_cl                             |
| unroll               |                                                                       | firmware/nnet_utils/nnet_conv2d_latency.h:70 in conv_2d_latency_cl                             |
| unroll               |                                                                       | firmware/nnet_utils/nnet_conv2d_latency.h:73 in conv_2d_latency_cl                             |
| unroll               |                                                                       | firmware/nnet_utils/nnet_conv2d_latency.h:81 in conv_2d_latency_cl                             |
| array_partition      | variable=data_buf complete dim=0                                      | firmware/nnet_utils/nnet_conv2d_resource.h:33 in conv_2d_resource_cl, data_buf                 |
| array_partition      | variable=biases complete                                              | firmware/nnet_utils/nnet_conv2d_resource.h:35 in conv_2d_resource_cl, biases                   |
| array_partition      | variable=acc complete dim=0                                           | firmware/nnet_utils/nnet_conv2d_resource.h:38 in conv_2d_resource_cl, acc                      |
| unroll               |                                                                       | firmware/nnet_utils/nnet_conv2d_resource.h:48 in conv_2d_resource_cl                           |
| unroll               |                                                                       | firmware/nnet_utils/nnet_conv2d_resource.h:52 in conv_2d_resource_cl                           |
| pipeline             | II=1 rewind                                                           | firmware/nnet_utils/nnet_conv2d_resource.h:59 in conv_2d_resource_cl                           |
| unroll               |                                                                       | firmware/nnet_utils/nnet_conv2d_resource.h:67 in conv_2d_resource_cl                           |
| unroll               |                                                                       | firmware/nnet_utils/nnet_conv2d_resource.h:71 in conv_2d_resource_cl                           |
| unroll               |                                                                       | firmware/nnet_utils/nnet_conv2d_resource.h:95 in conv_2d_resource_cl                           |
| unroll               |                                                                       | firmware/nnet_utils/nnet_conv2d_resource.h:99 in conv_2d_resource_cl                           |
| array_partition      | variable = line_buffer complete dim = 2                               | firmware/nnet_utils/nnet_conv2d_stream.h:21 in conv_2d_buffer_latency_cl                       |
| loop_flatten         |                                                                       | firmware/nnet_utils/nnet_conv2d_stream.h:27 in conv_2d_buffer_latency_cl                       |
| pipeline             | II=CONFIG_T::reuse_factor                                             | firmware/nnet_utils/nnet_conv2d_stream.h:28 in conv_2d_buffer_latency_cl                       |
| array_partition      | variable = line_buffer complete dim = 2                               | firmware/nnet_utils/nnet_conv2d_stream.h:48 in conv_2d_buffer_resource_cl                      |
| loop_flatten         |                                                                       | firmware/nnet_utils/nnet_conv2d_stream.h:54 in conv_2d_buffer_resource_cl                      |
| inline               | recursive                                                             | firmware/nnet_utils/nnet_conv2d_stream.h:73 in conv_2d_cl                                      |
| inline               |                                                                       | firmware/nnet_utils/nnet_conv_stream.h:17 in scale_index_k_gte_s                               |
| inline               |                                                                       | firmware/nnet_utils/nnet_conv_stream.h:38 in scale_index_k_lt_s                                |
| inline               |                                                                       | firmware/nnet_utils/nnet_conv_stream.h:61 in scale_index                                       |
| inline               |                                                                       | firmware/nnet_utils/nnet_conv_stream.h:74 in scale_index                                       |
| inline               |                                                                       | firmware/nnet_utils/nnet_conv_stream.h:84 in mult_buffer                                       |
| array_partition      | variable = data complete                                              | firmware/nnet_utils/nnet_conv_stream.h:87 in mult_buffer                                       |
| array_partition      | variable = res complete                                               | firmware/nnet_utils/nnet_conv_stream.h:89 in mult_buffer                                       |
| unroll               |                                                                       | firmware/nnet_utils/nnet_conv_stream.h:93 in mult_buffer                                       |
| inline               | recursive                                                             | firmware/nnet_utils/nnet_conv_stream.h:97 in mult_buffer                                       |
| unroll               |                                                                       | firmware/nnet_utils/nnet_conv_stream.h:103 in mult_buffer                                      |
| inline               |                                                                       | firmware/nnet_utils/nnet_conv_stream.h:129 in compute_output_encoded                           |
| pipeline             | II = CONFIG_T::reuse_factor                                           | firmware/nnet_utils/nnet_conv_stream.h:133 in compute_output_encoded                           |
| unroll               |                                                                       | firmware/nnet_utils/nnet_conv_stream.h:136 in compute_output_encoded                           |
| unroll               |                                                                       | firmware/nnet_utils/nnet_conv_stream.h:139 in compute_output_encoded                           |
| inline               |                                                                       | firmware/nnet_utils/nnet_conv_stream.h:156 in kernel_shift_1d                                  |
| pipeline             | II = 1                                                                | firmware/nnet_utils/nnet_conv_stream.h:162 in kernel_shift_1d                                  |
| unroll               |                                                                       | firmware/nnet_utils/nnet_conv_stream.h:165 in kernel_shift_1d                                  |
| unroll               |                                                                       | firmware/nnet_utils/nnet_conv_stream.h:175 in kernel_shift_1d                                  |
| inline               |                                                                       | firmware/nnet_utils/nnet_conv_stream.h:184 in kernel_shift_2d                                  |
| pipeline             | II = 1                                                                | firmware/nnet_utils/nnet_conv_stream.h:190 in kernel_shift_2d                                  |
| unroll               |                                                                       | firmware/nnet_utils/nnet_conv_stream.h:206 in kernel_shift_2d                                  |
| pipeline             |                                                                       | firmware/nnet_utils/nnet_conv_stream.h:221 in shift_line_buffer                                |
| array_partition      | variable = shift_buffer complete dim = 0                              | firmware/nnet_utils/nnet_conv_stream.h:225 in shift_line_buffer                                |
| unroll               |                                                                       | firmware/nnet_utils/nnet_conv_stream.h:229 in shift_line_buffer                                |
| unroll               |                                                                       | firmware/nnet_utils/nnet_conv_stream.h:240 in shift_line_buffer                                |
| inline               | OFF                                                                   | firmware/nnet_utils/nnet_conv_stream.h:258 in compute_output_buffer_2d                         |
| array_partition      | variable = kernel_data complete                                       | firmware/nnet_utils/nnet_conv_stream.h:272 in compute_output_buffer_2d                         |
| array_partition      | variable = res_out complete dim = 0                                   | firmware/nnet_utils/nnet_conv_stream.h:275 in compute_output_buffer_2d                         |
| unroll               |                                                                       | firmware/nnet_utils/nnet_conv_stream.h:294 in compute_output_buffer_2d                         |
| inline               | OFF                                                                   | firmware/nnet_utils/nnet_conv_stream.h:328 in compute_output_buffer_1d                         |
| array_partition      | variable = kernel_data complete                                       | firmware/nnet_utils/nnet_conv_stream.h:338 in compute_output_buffer_1d                         |
| array_partition      | variable = res_out complete dim = 0                                   | firmware/nnet_utils/nnet_conv_stream.h:341 in compute_output_buffer_1d                         |
| unroll               |                                                                       | firmware/nnet_utils/nnet_conv_stream.h:360 in compute_output_buffer_1d                         |
| inline               |                                                                       | firmware/nnet_utils/nnet_dense.h:44 in dense                                                   |
| inline               |                                                                       | firmware/nnet_utils/nnet_dense.h:53 in dense                                                   |
| inline               |                                                                       | firmware/nnet_utils/nnet_dense.h:64 in dense                                                   |
| inline               |                                                                       | firmware/nnet_utils/nnet_dense.h:75 in dense                                                   |
| function_instantiate | variable=weights,biases                                               | firmware/nnet_utils/nnet_dense_latency.h:21 in dense_latency, weights,biases                   |
| pipeline             | II=CONFIG_T::reuse_factor                                             | firmware/nnet_utils/nnet_dense_latency.h:26 in dense_latency                                   |
| array_partition      | variable=biases complete                                              | firmware/nnet_utils/nnet_dense_latency.h:29 in dense_latency, biases                           |
| array_partition      | variable=mult complete                                                | firmware/nnet_utils/nnet_dense_latency.h:30 in dense_latency, mult                             |
| array_partition      | variable=acc complete                                                 | firmware/nnet_utils/nnet_dense_latency.h:31 in dense_latency, acc                              |
| allocation           | operation instances=mul limit=CONFIG_T::multiplier_limit              | firmware/nnet_utils/nnet_dense_latency.h:33 in dense_latency                                   |
| function_instantiate | variable=weights,biases                                               | firmware/nnet_utils/nnet_dense_resource.h:28 in dense_resource_rf_leq_nin, weights,biases      |
| array_reshape        | variable=weights block factor=block_factor                            | firmware/nnet_utils/nnet_dense_resource.h:29 in dense_resource_rf_leq_nin, weights             |
| array_partition      | variable=biases complete                                              | firmware/nnet_utils/nnet_dense_resource.h:30 in dense_resource_rf_leq_nin, biases              |
| array_partition      | variable=acc complete                                                 | firmware/nnet_utils/nnet_dense_resource.h:37 in dense_resource_rf_leq_nin, acc                 |
| unroll               |                                                                       | firmware/nnet_utils/nnet_dense_resource.h:41 in dense_resource_rf_leq_nin                      |
| pipeline             | II=1 rewind                                                           | firmware/nnet_utils/nnet_dense_resource.h:47 in dense_resource_rf_leq_nin                      |
| unroll               |                                                                       | firmware/nnet_utils/nnet_dense_resource.h:56 in dense_resource_rf_leq_nin                      |
| unroll               |                                                                       | firmware/nnet_utils/nnet_dense_resource.h:81 in dense_resource_rf_leq_nin                      |
| function_instantiate | variable=weights,biases                                               | firmware/nnet_utils/nnet_dense_resource.h:102 in dense_resource_rf_gt_nin_rem0, weights,biases |
| array_reshape        | variable=weights block factor=block_factor                            | firmware/nnet_utils/nnet_dense_resource.h:103 in dense_resource_rf_gt_nin_rem0, weights        |
| array_partition      | variable=biases complete                                              | firmware/nnet_utils/nnet_dense_resource.h:104 in dense_resource_rf_gt_nin_rem0, biases         |
| array_partition      | variable=acc complete                                                 | firmware/nnet_utils/nnet_dense_resource.h:111 in dense_resource_rf_gt_nin_rem0, acc            |
| unroll               |                                                                       | firmware/nnet_utils/nnet_dense_resource.h:115 in dense_resource_rf_gt_nin_rem0                 |
| pipeline             | II=1 rewind                                                           | firmware/nnet_utils/nnet_dense_resource.h:136 in dense_resource_rf_gt_nin_rem0                 |
| unroll               |                                                                       | firmware/nnet_utils/nnet_dense_resource.h:143 in dense_resource_rf_gt_nin_rem0                 |
| unroll               |                                                                       | firmware/nnet_utils/nnet_dense_resource.h:163 in dense_resource_rf_gt_nin_rem0                 |
| function_instantiate | variable=weights,biases                                               | firmware/nnet_utils/nnet_dense_resource.h:184 in dense_resource_rf_gt_nin, weights,biases      |
| array_reshape        | variable=weights block factor=block_factor                            | firmware/nnet_utils/nnet_dense_resource.h:185 in dense_resource_rf_gt_nin, weights             |
| array_partition      | variable=biases complete                                              | firmware/nnet_utils/nnet_dense_resource.h:186 in dense_resource_rf_gt_nin, biases              |
| array_partition      | variable=acc complete                                                 | firmware/nnet_utils/nnet_dense_resource.h:193 in dense_resource_rf_gt_nin, acc                 |
| unroll               |                                                                       | firmware/nnet_utils/nnet_dense_resource.h:197 in dense_resource_rf_gt_nin                      |
| pipeline             | II=1 rewind                                                           | firmware/nnet_utils/nnet_dense_resource.h:203 in dense_resource_rf_gt_nin                      |
| array_partition      | variable=tmpmult complete                                             | firmware/nnet_utils/nnet_dense_resource.h:205 in dense_resource_rf_gt_nin, tmpmult             |
| unroll               |                                                                       | firmware/nnet_utils/nnet_dense_resource.h:209 in dense_resource_rf_gt_nin                      |
| array_partition      | variable=mult complete                                                | firmware/nnet_utils/nnet_dense_resource.h:219 in dense_resource_rf_gt_nin, mult                |
| unroll               |                                                                       | firmware/nnet_utils/nnet_dense_resource.h:223 in dense_resource_rf_gt_nin                      |
| unroll               |                                                                       | firmware/nnet_utils/nnet_dense_resource.h:229 in dense_resource_rf_gt_nin                      |
| unroll               |                                                                       | firmware/nnet_utils/nnet_dense_resource.h:239 in dense_resource_rf_gt_nin                      |
| unroll               |                                                                       | firmware/nnet_utils/nnet_dense_resource.h:249 in dense_resource_rf_gt_nin                      |
| inline               | recursive                                                             | firmware/nnet_utils/nnet_dense_resource.h:259 in dense_resource                                |
| inline               |                                                                       | firmware/nnet_utils/nnet_mult.h:25 in product                                                  |
| inline               |                                                                       | firmware/nnet_utils/nnet_mult.h:34 in product                                                  |
| inline               |                                                                       | firmware/nnet_utils/nnet_mult.h:46 in product                                                  |
| inline               |                                                                       | firmware/nnet_utils/nnet_mult.h:58 in product                                                  |
| inline               |                                                                       | firmware/nnet_utils/nnet_mult.h:72 in product                                                  |
| inline               |                                                                       | firmware/nnet_utils/nnet_mult.h:82 in product                                                  |
| unroll               |                                                                       | firmware/nnet_utils/nnet_types.h:28 in operator=                                               |
+----------------------+-----------------------------------------------------------------------+------------------------------------------------------------------------------------------------+


