

================================================================
== Vivado HLS Report for 'dense_latency_ap_fixed_ap_fixed_39_20_5_3_0_config2_mult_0_0'
================================================================
* Date:           Fri Jul 25 04:06:29 2025

* Version:        2020.1 (Build 2897737 on Wed May 27 20:21:37 MDT 2020)
* Project:        myhls_prj
* Solution:       solution1
* Product family: virtexuplus
* Target device:  xcu250-figd2104-2L-e


================================================================
== Performance Estimates
================================================================
+ Timing: 
    * Summary: 
    +--------+---------+----------+------------+
    |  Clock |  Target | Estimated| Uncertainty|
    +--------+---------+----------+------------+
    |ap_clk  | 5.00 ns | 4.228 ns |   0.62 ns  |
    +--------+---------+----------+------------+

+ Latency: 
    * Summary: 
    +---------+---------+-----------+-----------+-----+-----+----------+
    |  Latency (cycles) |   Latency (absolute)  |  Interval | Pipeline |
    |   min   |   max   |    min    |    max    | min | max |   Type   |
    +---------+---------+-----------+-----------+-----+-----+----------+
    |        2|        2| 10.000 ns | 10.000 ns |    1|    1| function |
    +---------+---------+-----------+-----------+-----+-----+----------+

    + Detail: 
        * Instance: 
        N/A

        * Loop: 
        N/A



================================================================
== Utilization Estimates
================================================================
* Summary: 
+---------------------+---------+-------+---------+---------+------+
|         Name        | BRAM_18K| DSP48E|    FF   |   LUT   | URAM |
+---------------------+---------+-------+---------+---------+------+
|DSP                  |        -|      -|        -|        -|     -|
|Expression           |        -|     42|        0|     1931|     -|
|FIFO                 |        -|      -|        -|        -|     -|
|Instance             |        -|      -|        -|        -|     -|
|Memory               |        -|      -|        -|        -|     -|
|Multiplexer          |        -|      -|        -|        9|     -|
|Register             |        -|      -|     1602|        -|     -|
+---------------------+---------+-------+---------+---------+------+
|Total                |        0|     42|     1602|     1940|     0|
+---------------------+---------+-------+---------+---------+------+
|Available SLR        |     1344|   3072|   864000|   432000|   320|
+---------------------+---------+-------+---------+---------+------+
|Utilization SLR (%)  |        0|      1|    ~0   |    ~0   |     0|
+---------------------+---------+-------+---------+---------+------+
|Available            |     5376|  12288|  3456000|  1728000|  1280|
+---------------------+---------+-------+---------+---------+------+
|Utilization (%)      |        0|   ~0  |    ~0   |    ~0   |     0|
+---------------------+---------+-------+---------+---------+------+

+ Detail: 
    * Instance: 
    N/A

    * DSP48E: 
    N/A

    * Memory: 
    N/A

    * FIFO: 
    N/A

    * Expression: 
    +---------------------------+----------+-------+---+----+------------+------------+
    |       Variable Name       | Operation| DSP48E| FF| LUT| Bitwidth P0| Bitwidth P1|
    +---------------------------+----------+-------+---+----+------------+------------+
    |mul_ln1118_2927_fu_539_p2  |     *    |      1|  0|   5|          16|           5|
    |mul_ln1118_2928_fu_530_p2  |     *    |      1|  0|   5|          16|           8|
    |mul_ln1118_2929_fu_570_p2  |     *    |      1|  0|   5|          16|           9|
    |mul_ln1118_2930_fu_529_p2  |     *    |      1|  0|   5|          16|           9|
    |mul_ln1118_2931_fu_544_p2  |     *    |      1|  0|   5|          16|          10|
    |mul_ln1118_2932_fu_546_p2  |     *    |      1|  0|   5|          16|           8|
    |mul_ln1118_2933_fu_554_p2  |     *    |      1|  0|   5|          16|           8|
    |mul_ln1118_2934_fu_560_p2  |     *    |      1|  0|   5|          16|          10|
    |mul_ln1118_2935_fu_551_p2  |     *    |      1|  0|   5|          16|          11|
    |mul_ln1118_2936_fu_557_p2  |     *    |      1|  0|   5|          16|           9|
    |mul_ln1118_2937_fu_562_p2  |     *    |      1|  0|   5|          16|          12|
    |mul_ln1118_2938_fu_533_p2  |     *    |      1|  0|   5|          16|          11|
    |mul_ln1118_2939_fu_527_p2  |     *    |      1|  0|   5|          16|          11|
    |mul_ln1118_2940_fu_536_p2  |     *    |      1|  0|   5|          16|          11|
    |mul_ln1118_2941_fu_534_p2  |     *    |      1|  0|   5|          16|           8|
    |mul_ln1118_2942_fu_524_p2  |     *    |      1|  0|   5|          16|          11|
    |mul_ln1118_2943_fu_540_p2  |     *    |      1|  0|   5|          16|          10|
    |mul_ln1118_2944_fu_528_p2  |     *    |      1|  0|   5|          16|          12|
    |mul_ln1118_2945_fu_559_p2  |     *    |      1|  0|   5|          16|          12|
    |mul_ln1118_2946_fu_572_p2  |     *    |      1|  0|   5|          16|          12|
    |mul_ln1118_2947_fu_531_p2  |     *    |      1|  0|   5|          16|           6|
    |mul_ln1118_2948_fu_571_p2  |     *    |      1|  0|   5|          16|          10|
    |mul_ln1118_2949_fu_561_p2  |     *    |      1|  0|   5|          16|           6|
    |mul_ln1118_2950_fu_567_p2  |     *    |      1|  0|   5|          16|          12|
    |mul_ln1118_2951_fu_553_p2  |     *    |      1|  0|   5|          16|          11|
    |mul_ln1118_2952_fu_538_p2  |     *    |      1|  0|   5|          16|          11|
    |mul_ln1118_2953_fu_543_p2  |     *    |      1|  0|   5|          16|          11|
    |mul_ln1118_2954_fu_548_p2  |     *    |      1|  0|   5|          16|           8|
    |mul_ln1118_2955_fu_542_p2  |     *    |      1|  0|   5|          16|           5|
    |mul_ln1118_2956_fu_526_p2  |     *    |      1|  0|   5|          16|           7|
    |mul_ln1118_2957_fu_552_p2  |     *    |      1|  0|   5|          16|           6|
    |mul_ln1118_2958_fu_549_p2  |     *    |      1|  0|   5|          16|          11|
    |mul_ln1118_2959_fu_541_p2  |     *    |      1|  0|   5|          16|          10|
    |mul_ln1118_2960_fu_564_p2  |     *    |      1|  0|   5|          16|          10|
    |mul_ln1118_2961_fu_569_p2  |     *    |      1|  0|   5|          16|          11|
    |mul_ln1118_2962_fu_563_p2  |     *    |      1|  0|   5|          16|          10|
    |mul_ln1118_2963_fu_547_p2  |     *    |      1|  0|   5|          16|          12|
    |mul_ln1118_2964_fu_568_p2  |     *    |      0|  0|   5|          16|           4|
    |mul_ln1118_2996_fu_565_p2  |     *    |      1|  0|   5|          16|          10|
    |mul_ln1118_3017_fu_556_p2  |     *    |      1|  0|   5|          16|          10|
    |mul_ln1118_3039_fu_537_p2  |     *    |      1|  0|   5|          16|          13|
    |mul_ln1118_3040_fu_545_p2  |     *    |      1|  0|   5|          16|           8|
    |mul_ln1118_fu_532_p2       |     *    |      1|  0|   5|          16|          11|
    |add_ln1118_fu_8875_p2      |     +    |      0|  0|  32|          25|          25|
    |add_ln703_4323_fu_8951_p2  |     +    |      0|  0|  33|          26|          26|
    |add_ln703_4324_fu_9184_p2  |     +    |      0|  0|  34|          27|          27|
    |add_ln703_4325_fu_8957_p2  |     +    |      0|  0|  32|          25|          25|
    |add_ln703_4326_fu_9193_p2  |     +    |      0|  0|  29|          27|          27|
    |add_ln703_4327_fu_8963_p2  |     +    |      0|  0|  29|          24|          24|
    |add_ln703_4328_fu_8969_p2  |     +    |      0|  0|  29|          23|          23|
    |add_ln703_4329_fu_8979_p2  |     +    |      0|  0|  29|          24|          24|
    |add_ln703_4330_fu_9202_p2  |     +    |      0|  0|  29|          27|          27|
    |add_ln703_4331_fu_9212_p2  |     +    |      0|  0|  35|          28|          28|
    |add_ln703_4332_fu_9218_p2  |     +    |      0|  0|  29|          28|          28|
    |add_ln703_4333_fu_8985_p2  |     +    |      0|  0|  32|          25|          25|
    |add_ln703_4334_fu_8995_p2  |     +    |      0|  0|  33|          26|          26|
    |add_ln703_4335_fu_9227_p2  |     +    |      0|  0|  29|          28|          28|
    |add_ln703_4336_fu_9237_p2  |     +    |      0|  0|  29|          29|          29|
    |add_ln703_4337_fu_9001_p2  |     +    |      0|  0|  35|          28|          28|
    |add_ln703_4338_fu_9246_p2  |     +    |      0|  0|  29|          29|          29|
    |add_ln703_4339_fu_9313_p2  |     +    |      0|  0|  37|          30|          30|
    |add_ln703_4340_fu_9007_p2  |     +    |      0|  0|  35|          28|          28|
    |add_ln703_4341_fu_9322_p2  |     +    |      0|  0|  29|          30|          30|
    |add_ln703_4342_fu_9013_p2  |     +    |      0|  0|  34|          27|          27|
    |add_ln703_4343_fu_9023_p2  |     +    |      0|  0|  33|          26|          26|
    |add_ln703_4344_fu_9033_p2  |     +    |      0|  0|  35|          28|          28|
    |add_ln703_4345_fu_9331_p2  |     +    |      0|  0|  29|          30|          30|
    |add_ln703_4346_fu_9341_p2  |     +    |      0|  0|  29|          31|          31|
    |add_ln703_4347_fu_9039_p2  |     +    |      0|  0|  35|          28|          28|
    |add_ln703_4348_fu_9049_p2  |     +    |      0|  0|  36|          29|          29|
    |add_ln703_4349_fu_9350_p2  |     +    |      0|  0|  29|          31|          31|
    |add_ln703_4350_fu_9055_p2  |     +    |      0|  0|  35|          28|          28|
    |add_ln703_4351_fu_9061_p2  |     +    |      0|  0|  34|          27|          27|
    |add_ln703_4352_fu_9071_p2  |     +    |      0|  0|  35|          28|          28|
    |add_ln703_4353_fu_9258_p2  |     +    |      0|  0|  36|          29|          29|
    |add_ln703_4354_fu_9359_p2  |     +    |      0|  0|  29|          31|          31|
    |add_ln703_4355_fu_9077_p2  |     +    |      0|  0|  34|          27|          27|
    |add_ln703_4356_fu_9083_p2  |     +    |      0|  0|  29|          26|          26|
    |add_ln703_4357_fu_9089_p2  |     +    |      0|  0|  29|          26|          26|
    |add_ln703_4358_fu_9270_p2  |     +    |      0|  0|  29|          28|          28|
    |add_ln703_4359_fu_9095_p2  |     +    |      0|  0|  30|          23|          23|
    |add_ln703_4360_fu_9105_p2  |     +    |      0|  0|  31|          24|          24|
    |add_ln703_4361_fu_9111_p2  |     +    |      0|  0|  29|          22|          22|
    |add_ln703_4362_fu_9121_p2  |     +    |      0|  0|  30|          23|          23|
    |add_ln703_4363_fu_9282_p2  |     +    |      0|  0|  32|          25|          25|
    |add_ln703_4364_fu_9292_p2  |     +    |      0|  0|  29|          28|          28|
    |add_ln703_4365_fu_9368_p2  |     +    |      0|  0|  29|          31|          31|
    |add_ln703_4366_fu_9127_p2  |     +    |      0|  0|  35|          28|          28|
    |add_ln703_4367_fu_9381_p2  |     +    |      0|  0|  29|          32|          32|
    |add_ln703_4368_fu_9133_p2  |     +    |      0|  0|  28|          21|          21|
    |add_ln703_4369_fu_9143_p2  |     +    |      0|  0|  31|          24|          24|
    |add_ln703_4370_fu_9390_p2  |     +    |      0|  0|  29|          32|          32|
    |add_ln703_fu_8941_p2       |     +    |      0|  0|  32|          25|          13|
    |sub_ln1118_739_fu_8637_p2  |     -    |      0|  0|  29|           1|          23|
    |sub_ln1118_740_fu_8643_p2  |     -    |      0|  0|  29|          23|          23|
    |sub_ln1118_741_fu_8677_p2  |     -    |      0|  0|  29|          23|          23|
    |sub_ln1118_742_fu_8931_p2  |     -    |      0|  0|  27|          20|          20|
    |sub_ln1118_fu_8597_p2      |     -    |      0|  0|  30|          23|          23|
    +---------------------------+----------+-------+---+----+------------+------------+
    |Total                      |          |     42|  0|1931|        2133|        1865|
    +---------------------------+----------+-------+---+----+------------+------------+

    * Multiplexer: 
    +-----------+----+-----------+-----+-----------+
    |    Name   | LUT| Input Size| Bits| Total Bits|
    +-----------+----+-----------+-----+-----------+
    |ap_return  |   9|          2|   32|         64|
    +-----------+----+-----------+-----+-----------+
    |Total      |   9|          2|   32|         64|
    +-----------+----+-----------+-----+-----------+

    * Register: 
    +-----------------------------------------+----+----+-----+-----------+
    |                   Name                  | FF | LUT| Bits| Const Bits|
    +-----------------------------------------+----+----+-----+-----------+
    |add_ln703_4323_reg_9421                  |  24|   0|   26|          2|
    |add_ln703_4325_reg_9426                  |  25|   0|   25|          0|
    |add_ln703_4329_reg_9431                  |  24|   0|   24|          0|
    |add_ln703_4334_reg_9436                  |  26|   0|   26|          0|
    |add_ln703_4337_reg_9441                  |  28|   0|   28|          0|
    |add_ln703_4338_reg_9501                  |  29|   0|   29|          0|
    |add_ln703_4340_reg_9446                  |  27|   0|   28|          1|
    |add_ln703_4340_reg_9446_pp0_iter1_reg    |  27|   0|   28|          1|
    |add_ln703_4344_reg_9451                  |  27|   0|   28|          1|
    |add_ln703_4344_reg_9451_pp0_iter1_reg    |  27|   0|   28|          1|
    |add_ln703_4348_reg_9456                  |  29|   0|   29|          0|
    |add_ln703_4348_reg_9456_pp0_iter1_reg    |  29|   0|   29|          0|
    |add_ln703_4350_reg_9461                  |  28|   0|   28|          0|
    |add_ln703_4352_reg_9466                  |  28|   0|   28|          0|
    |add_ln703_4353_reg_9506                  |  29|   0|   29|          0|
    |add_ln703_4355_reg_9471                  |  27|   0|   27|          0|
    |add_ln703_4357_reg_9476                  |  25|   0|   26|          1|
    |add_ln703_4360_reg_9481                  |  24|   0|   24|          0|
    |add_ln703_4362_reg_9486                  |  23|   0|   23|          0|
    |add_ln703_4364_reg_9511                  |  28|   0|   28|          0|
    |add_ln703_4366_reg_9491                  |  27|   0|   28|          1|
    |add_ln703_4366_reg_9491_pp0_iter1_reg    |  27|   0|   28|          1|
    |add_ln703_4369_reg_9496                  |  24|   0|   24|          0|
    |add_ln703_4369_reg_9496_pp0_iter1_reg    |  24|   0|   24|          0|
    |ap_ce_reg                                |   1|   0|    1|          0|
    |ap_return_int_reg                        |  32|   0|   32|          0|
    |data_0_V_read_int_reg                    |  16|   0|   16|          0|
    |data_10_V_read_int_reg                   |  16|   0|   16|          0|
    |data_11_V_read_int_reg                   |  16|   0|   16|          0|
    |data_12_V_read_int_reg                   |  16|   0|   16|          0|
    |data_13_V_read_4_reg_9411                |  16|   0|   16|          0|
    |data_13_V_read_int_reg                   |  16|   0|   16|          0|
    |data_14_V_read_int_reg                   |  16|   0|   16|          0|
    |data_15_V_read_4_reg_9406                |  16|   0|   16|          0|
    |data_15_V_read_int_reg                   |  16|   0|   16|          0|
    |data_16_V_read_int_reg                   |  16|   0|   16|          0|
    |data_17_V_read_int_reg                   |  16|   0|   16|          0|
    |data_18_V_read_int_reg                   |  16|   0|   16|          0|
    |data_19_V_read_int_reg                   |  16|   0|   16|          0|
    |data_1_V_read_int_reg                    |  16|   0|   16|          0|
    |data_20_V_read_int_reg                   |  16|   0|   16|          0|
    |data_21_V_read_int_reg                   |  16|   0|   16|          0|
    |data_22_V_read_int_reg                   |  16|   0|   16|          0|
    |data_23_V_read_4_reg_9401                |  16|   0|   16|          0|
    |data_23_V_read_int_reg                   |  16|   0|   16|          0|
    |data_24_V_read_3_reg_9396                |  16|   0|   16|          0|
    |data_24_V_read_3_reg_9396_pp0_iter1_reg  |  16|   0|   16|          0|
    |data_24_V_read_int_reg                   |  16|   0|   16|          0|
    |data_25_V_read_int_reg                   |  16|   0|   16|          0|
    |data_26_V_read_int_reg                   |  16|   0|   16|          0|
    |data_27_V_read_int_reg                   |  16|   0|   16|          0|
    |data_28_V_read_int_reg                   |  16|   0|   16|          0|
    |data_29_V_read_int_reg                   |  16|   0|   16|          0|
    |data_2_V_read_int_reg                    |  16|   0|   16|          0|
    |data_30_V_read_int_reg                   |  16|   0|   16|          0|
    |data_31_V_read_int_reg                   |  16|   0|   16|          0|
    |data_32_V_read_int_reg                   |  16|   0|   16|          0|
    |data_33_V_read_int_reg                   |  16|   0|   16|          0|
    |data_34_V_read_int_reg                   |  16|   0|   16|          0|
    |data_35_V_read_int_reg                   |  16|   0|   16|          0|
    |data_36_V_read_int_reg                   |  16|   0|   16|          0|
    |data_37_V_read_int_reg                   |  16|   0|   16|          0|
    |data_38_V_read_int_reg                   |  16|   0|   16|          0|
    |data_39_V_read_int_reg                   |  16|   0|   16|          0|
    |data_3_V_read_int_reg                    |  16|   0|   16|          0|
    |data_40_V_read_int_reg                   |  16|   0|   16|          0|
    |data_41_V_read_int_reg                   |  16|   0|   16|          0|
    |data_42_V_read_int_reg                   |  16|   0|   16|          0|
    |data_43_V_read_int_reg                   |  16|   0|   16|          0|
    |data_44_V_read_int_reg                   |  16|   0|   16|          0|
    |data_45_V_read_int_reg                   |  16|   0|   16|          0|
    |data_46_V_read_int_reg                   |  16|   0|   16|          0|
    |data_47_V_read_int_reg                   |  16|   0|   16|          0|
    |data_48_V_read_int_reg                   |  16|   0|   16|          0|
    |data_4_V_read_int_reg                    |  16|   0|   16|          0|
    |data_5_V_read_int_reg                    |  16|   0|   16|          0|
    |data_6_V_read_int_reg                    |  16|   0|   16|          0|
    |data_7_V_read_int_reg                    |  16|   0|   16|          0|
    |data_8_V_read_int_reg                    |  16|   0|   16|          0|
    |data_9_V_read_4_reg_9416                 |  16|   0|   16|          0|
    |data_9_V_read_int_reg                    |  16|   0|   16|          0|
    |mul_ln1118_2930_reg_8188                 |  24|   0|   26|          2|
    |mul_ln1118_2944_reg_8182                 |  29|   0|   29|          0|
    +-----------------------------------------+----+----+-----+-----------+
    |Total                                    |1602|   0| 1613|         11|
    +-----------------------------------------+----+----+-----+-----------+



================================================================
== Interface
================================================================
* Summary: 
+----------------+-----+-----+------------+----------------------------------------------------------------+--------------+
|    RTL Ports   | Dir | Bits|  Protocol  |                          Source Object                         |    C Type    |
+----------------+-----+-----+------------+----------------------------------------------------------------+--------------+
|ap_clk          |  in |    1| ap_ctrl_hs | dense_latency<ap_fixed,ap_fixed<39,20,5,3,0>,config2_mult>.0.0 | return value |
|ap_rst          |  in |    1| ap_ctrl_hs | dense_latency<ap_fixed,ap_fixed<39,20,5,3,0>,config2_mult>.0.0 | return value |
|ap_return       | out |   32| ap_ctrl_hs | dense_latency<ap_fixed,ap_fixed<39,20,5,3,0>,config2_mult>.0.0 | return value |
|ap_ce           |  in |    1| ap_ctrl_hs | dense_latency<ap_fixed,ap_fixed<39,20,5,3,0>,config2_mult>.0.0 | return value |
|data_0_V_read   |  in |   16|   ap_none  |                          data_0_V_read                         |    scalar    |
|data_1_V_read   |  in |   16|   ap_none  |                          data_1_V_read                         |    scalar    |
|data_2_V_read   |  in |   16|   ap_none  |                          data_2_V_read                         |    scalar    |
|data_3_V_read   |  in |   16|   ap_none  |                          data_3_V_read                         |    scalar    |
|data_4_V_read   |  in |   16|   ap_none  |                          data_4_V_read                         |    scalar    |
|data_5_V_read   |  in |   16|   ap_none  |                          data_5_V_read                         |    scalar    |
|data_6_V_read   |  in |   16|   ap_none  |                          data_6_V_read                         |    scalar    |
|data_7_V_read   |  in |   16|   ap_none  |                          data_7_V_read                         |    scalar    |
|data_8_V_read   |  in |   16|   ap_none  |                          data_8_V_read                         |    scalar    |
|data_9_V_read   |  in |   16|   ap_none  |                          data_9_V_read                         |    scalar    |
|data_10_V_read  |  in |   16|   ap_none  |                         data_10_V_read                         |    scalar    |
|data_11_V_read  |  in |   16|   ap_none  |                         data_11_V_read                         |    scalar    |
|data_12_V_read  |  in |   16|   ap_none  |                         data_12_V_read                         |    scalar    |
|data_13_V_read  |  in |   16|   ap_none  |                         data_13_V_read                         |    scalar    |
|data_14_V_read  |  in |   16|   ap_none  |                         data_14_V_read                         |    scalar    |
|data_15_V_read  |  in |   16|   ap_none  |                         data_15_V_read                         |    scalar    |
|data_16_V_read  |  in |   16|   ap_none  |                         data_16_V_read                         |    scalar    |
|data_17_V_read  |  in |   16|   ap_none  |                         data_17_V_read                         |    scalar    |
|data_18_V_read  |  in |   16|   ap_none  |                         data_18_V_read                         |    scalar    |
|data_19_V_read  |  in |   16|   ap_none  |                         data_19_V_read                         |    scalar    |
|data_20_V_read  |  in |   16|   ap_none  |                         data_20_V_read                         |    scalar    |
|data_21_V_read  |  in |   16|   ap_none  |                         data_21_V_read                         |    scalar    |
|data_22_V_read  |  in |   16|   ap_none  |                         data_22_V_read                         |    scalar    |
|data_23_V_read  |  in |   16|   ap_none  |                         data_23_V_read                         |    scalar    |
|data_24_V_read  |  in |   16|   ap_none  |                         data_24_V_read                         |    scalar    |
|data_25_V_read  |  in |   16|   ap_none  |                         data_25_V_read                         |    scalar    |
|data_26_V_read  |  in |   16|   ap_none  |                         data_26_V_read                         |    scalar    |
|data_27_V_read  |  in |   16|   ap_none  |                         data_27_V_read                         |    scalar    |
|data_28_V_read  |  in |   16|   ap_none  |                         data_28_V_read                         |    scalar    |
|data_29_V_read  |  in |   16|   ap_none  |                         data_29_V_read                         |    scalar    |
|data_30_V_read  |  in |   16|   ap_none  |                         data_30_V_read                         |    scalar    |
|data_31_V_read  |  in |   16|   ap_none  |                         data_31_V_read                         |    scalar    |
|data_32_V_read  |  in |   16|   ap_none  |                         data_32_V_read                         |    scalar    |
|data_33_V_read  |  in |   16|   ap_none  |                         data_33_V_read                         |    scalar    |
|data_34_V_read  |  in |   16|   ap_none  |                         data_34_V_read                         |    scalar    |
|data_35_V_read  |  in |   16|   ap_none  |                         data_35_V_read                         |    scalar    |
|data_36_V_read  |  in |   16|   ap_none  |                         data_36_V_read                         |    scalar    |
|data_37_V_read  |  in |   16|   ap_none  |                         data_37_V_read                         |    scalar    |
|data_38_V_read  |  in |   16|   ap_none  |                         data_38_V_read                         |    scalar    |
|data_39_V_read  |  in |   16|   ap_none  |                         data_39_V_read                         |    scalar    |
|data_40_V_read  |  in |   16|   ap_none  |                         data_40_V_read                         |    scalar    |
|data_41_V_read  |  in |   16|   ap_none  |                         data_41_V_read                         |    scalar    |
|data_42_V_read  |  in |   16|   ap_none  |                         data_42_V_read                         |    scalar    |
|data_43_V_read  |  in |   16|   ap_none  |                         data_43_V_read                         |    scalar    |
|data_44_V_read  |  in |   16|   ap_none  |                         data_44_V_read                         |    scalar    |
|data_45_V_read  |  in |   16|   ap_none  |                         data_45_V_read                         |    scalar    |
|data_46_V_read  |  in |   16|   ap_none  |                         data_46_V_read                         |    scalar    |
|data_47_V_read  |  in |   16|   ap_none  |                         data_47_V_read                         |    scalar    |
|data_48_V_read  |  in |   16|   ap_none  |                         data_48_V_read                         |    scalar    |
+----------------+-----+-----+------------+----------------------------------------------------------------+--------------+

