

================================================================
== Vivado HLS Report for 'myhls'
================================================================
* Date:           Fri Jul 25 04:09:02 2025

* Version:        2020.1 (Build 2897737 on Wed May 27 20:21:37 MDT 2020)
* Project:        myhls_prj
* Solution:       solution1
* Product family: virtexuplus
* Target device:  xcu250-figd2104-2L-e


================================================================
== Performance Estimates
================================================================
+ Timing: 
    * Summary: 
    +--------+---------+----------+------------+
    |  Clock |  Target | Estimated| Uncertainty|
    +--------+---------+----------+------------+
    |ap_clk  | 5.00 ns | 5.124 ns |   0.62 ns  |
    +--------+---------+----------+------------+

+ Latency: 
    * Summary: 
    +---------+---------+-----------+-----------+------+------+----------+
    |  Latency (cycles) |   Latency (absolute)  |   Interval  | Pipeline |
    |   min   |   max   |    min    |    max    |  min |  max |   Type   |
    +---------+---------+-----------+-----------+------+------+----------+
    |     3232|     3232| 16.561 us | 16.561 us |  3124|  3124| dataflow |
    +---------+---------+-----------+-----------+------+------+----------+

    + Detail: 
        * Instance: 
        +-------------------------------------------------------------------------+------------------------------------------------------------------------+---------+---------+-----------+-----------+------+------+----------+
        |                                                                         |                                                                        |  Latency (cycles) |   Latency (absolute)  |   Interval  | Pipeline |
        |                                 Instance                                |                                 Module                                 |   min   |   max   |    min    |    max    |  min |  max |   Type   |
        +-------------------------------------------------------------------------+------------------------------------------------------------------------+---------+---------+-----------+-----------+------+------+----------+
        |dense_array_ap_ufixed_3u_array_ap_fixed_40_21_5_3_0_36u_config11_U0      |dense_array_ap_ufixed_3u_array_ap_fixed_40_21_5_3_0_36u_config11_s      |       43|       43|  0.220 us |  0.220 us |    43|    43|   none   |
        |dense_array_ap_ufixed_36u_array_ap_fixed_29_10_5_3_0_10u_config14_U0     |dense_array_ap_ufixed_36u_array_ap_fixed_29_10_5_3_0_10u_config14_s     |        5|        5| 25.620 ns | 25.620 ns |     5|     5|   none   |
        |relu_array_ap_fixed_36u_array_ap_ufixed_16_6_4_0_0_36u_relu_config13_U0  |relu_array_ap_fixed_36u_array_ap_ufixed_16_6_4_0_0_36u_relu_config13_s  |        1|        1|  5.124 ns |  5.124 ns |     1|     1| function |
        |conv_2d_cl_array_ap_ufixed_1u_array_ap_fixed_38_19_5_3_0_3u_config6_U0   |conv_2d_cl_array_ap_ufixed_1u_array_ap_fixed_38_19_5_3_0_3u_config6_s   |      261|      261|  1.337 us |  1.337 us |   261|   261|   none   |
        |conv_2d_cl_array_ap_fixed_1u_array_ap_fixed_39_20_5_3_0_1u_config2_U0    |conv_2d_cl_array_ap_fixed_1u_array_ap_fixed_39_20_5_3_0_1u_config2_s    |     2923|     2923| 14.977 us | 14.977 us |  2923|  2923|   none   |
        |softmax_array_array_ap_fixed_16_6_5_3_0_10u_softmax_config16_U0          |softmax_array_array_ap_fixed_16_6_5_3_0_10u_softmax_config16_s          |        8|        8| 40.992 ns | 40.992 ns |     8|     8|   none   |
        |pooling2d_cl_array_array_ap_ufixed_16_6_4_0_0_1u_config5_U0              |pooling2d_cl_array_array_ap_ufixed_16_6_4_0_0_1u_config5_s              |     2308|     2308| 11.826 us | 11.826 us |  2308|  2308|   none   |
        |pooling2d_cl_array_array_ap_ufixed_16_6_4_0_0_3u_config9_U0              |pooling2d_cl_array_array_ap_ufixed_16_6_4_0_0_3u_config9_s              |      147|      147|  0.753 us |  0.753 us |   147|   147|   none   |
        |relu_array_ap_fixed_3u_array_ap_ufixed_16_6_4_0_0_3u_relu_config8_U0     |relu_array_ap_fixed_3u_array_ap_ufixed_16_6_4_0_0_3u_relu_config8_s     |      147|      147|  0.753 us |  0.753 us |   147|   147|   none   |
        |zeropad2d_cl_array_ap_fixed_1u_array_ap_fixed_16_6_5_3_0_1u_config17_U0  |zeropad2d_cl_array_ap_fixed_1u_array_ap_fixed_16_6_5_3_0_1u_config17_s  |     3123|     3123| 16.002 us | 16.002 us |  3123|  3123|   none   |
        |zeropad2d_cl_array_array_ap_ufixed_16_6_4_0_0_1u_config18_U0             |zeropad2d_cl_array_array_ap_ufixed_16_6_4_0_0_1u_config18_s             |      315|      315|  1.614 us |  1.614 us |   315|   315|   none   |
        |relu_array_ap_fixed_1u_array_ap_ufixed_16_6_4_0_0_1u_relu_config4_U0     |relu_array_ap_fixed_1u_array_ap_ufixed_16_6_4_0_0_1u_relu_config4_s     |     2307|     2307| 11.821 us | 11.821 us |  2307|  2307|   none   |
        +-------------------------------------------------------------------------+------------------------------------------------------------------------+---------+---------+-----------+-----------+------+------+----------+

        * Loop: 
        N/A



================================================================
== Utilization Estimates
================================================================
* Summary: 
+---------------------+---------+-------+---------+---------+------+
|         Name        | BRAM_18K| DSP48E|    FF   |   LUT   | URAM |
+---------------------+---------+-------+---------+---------+------+
|DSP                  |        -|      -|        -|        -|     -|
|Expression           |        -|      -|        0|        2|     -|
|FIFO                 |       33|      -|     1114|     4329|     -|
|Instance             |        4|   3266|    52246|   198325|     -|
|Memory               |        -|      -|        -|        -|     -|
|Multiplexer          |        -|      -|        -|        -|     -|
|Register             |        -|      -|        -|        -|     -|
+---------------------+---------+-------+---------+---------+------+
|Total                |       37|   3266|    53360|   202656|     0|
+---------------------+---------+-------+---------+---------+------+
|Available SLR        |     1344|   3072|   864000|   432000|   320|
+---------------------+---------+-------+---------+---------+------+
|Utilization SLR (%)  |        2|    106|        6|       46|     0|
+---------------------+---------+-------+---------+---------+------+
|Available            |     5376|  12288|  3456000|  1728000|  1280|
+---------------------+---------+-------+---------+---------+------+
|Utilization (%)      |    ~0   |     26|        1|       11|     0|
+---------------------+---------+-------+---------+---------+------+

+ Detail: 
    * Instance: 
    +-------------------------------------------------------------------------+------------------------------------------------------------------------+---------+-------+-------+--------+-----+
    |                                 Instance                                |                                 Module                                 | BRAM_18K| DSP48E|   FF  |   LUT  | URAM|
    +-------------------------------------------------------------------------+------------------------------------------------------------------------+---------+-------+-------+--------+-----+
    |conv_2d_cl_array_ap_fixed_1u_array_ap_fixed_39_20_5_3_0_1u_config2_U0    |conv_2d_cl_array_ap_fixed_1u_array_ap_fixed_39_20_5_3_0_1u_config2_s    |        0|     42|   3829|    2945|    0|
    |conv_2d_cl_array_ap_ufixed_1u_array_ap_fixed_38_19_5_3_0_3u_config6_U0   |conv_2d_cl_array_ap_ufixed_1u_array_ap_fixed_38_19_5_3_0_3u_config6_s   |        0|     64|   2106|    3750|    0|
    |dense_array_ap_ufixed_36u_array_ap_fixed_29_10_5_3_0_10u_config14_U0     |dense_array_ap_ufixed_36u_array_ap_fixed_29_10_5_3_0_10u_config14_s     |        0|    296|   4301|   14828|    0|
    |dense_array_ap_ufixed_3u_array_ap_fixed_40_21_5_3_0_36u_config11_U0      |dense_array_ap_ufixed_3u_array_ap_fixed_40_21_5_3_0_36u_config11_s      |        0|   2854|  38872|  164423|    0|
    |pooling2d_cl_array_array_ap_ufixed_16_6_4_0_0_1u_config5_U0              |pooling2d_cl_array_array_ap_ufixed_16_6_4_0_0_1u_config5_s              |        0|      0|    750|    1272|    0|
    |pooling2d_cl_array_array_ap_ufixed_16_6_4_0_0_3u_config9_U0              |pooling2d_cl_array_array_ap_ufixed_16_6_4_0_0_3u_config9_s              |        0|      0|    596|    1119|    0|
    |relu_array_ap_fixed_1u_array_ap_ufixed_16_6_4_0_0_1u_relu_config4_U0     |relu_array_ap_fixed_1u_array_ap_ufixed_16_6_4_0_0_1u_relu_config4_s     |        0|      0|     38|     251|    0|
    |relu_array_ap_fixed_36u_array_ap_ufixed_16_6_4_0_0_36u_relu_config13_U0  |relu_array_ap_fixed_36u_array_ap_ufixed_16_6_4_0_0_36u_relu_config13_s  |        0|      0|    580|    5104|    0|
    |relu_array_ap_fixed_3u_array_ap_ufixed_16_6_4_0_0_3u_relu_config8_U0     |relu_array_ap_fixed_3u_array_ap_ufixed_16_6_4_0_0_3u_relu_config8_s     |        0|      0|     66|     531|    0|
    |softmax_array_array_ap_fixed_16_6_5_3_0_10u_softmax_config16_U0          |softmax_array_array_ap_fixed_16_6_5_3_0_10u_softmax_config16_s          |        4|     10|   1010|    3400|    0|
    |zeropad2d_cl_array_ap_fixed_1u_array_ap_fixed_16_6_5_3_0_1u_config17_U0  |zeropad2d_cl_array_ap_fixed_1u_array_ap_fixed_16_6_5_3_0_1u_config17_s  |        0|      0|     53|     354|    0|
    |zeropad2d_cl_array_array_ap_ufixed_16_6_4_0_0_1u_config18_U0             |zeropad2d_cl_array_array_ap_ufixed_16_6_4_0_0_1u_config18_s             |        0|      0|     45|     348|    0|
    +-------------------------------------------------------------------------+------------------------------------------------------------------------+---------+-------+-------+--------+-----+
    |Total                                                                    |                                                                        |        4|   3266|  52246|  198325|    0|
    +-------------------------------------------------------------------------+------------------------------------------------------------------------+---------+-------+-------+--------+-----+

    * DSP48E: 
    N/A

    * Memory: 
    N/A

    * FIFO: 
    +---------------------------+---------+----+----+-----+------+-----+---------+
    |            Name           | BRAM_18K| FF | LUT| URAM| Depth| Bits| Size:D*B|
    +---------------------------+---------+----+----+-----+------+-----+---------+
    |layer11_out_V_data_0_V_U   |        0|   5|   0|    -|     1|   40|       40|
    |layer11_out_V_data_10_V_U  |        0|   5|   0|    -|     1|   40|       40|
    |layer11_out_V_data_11_V_U  |        0|   5|   0|    -|     1|   40|       40|
    |layer11_out_V_data_12_V_U  |        0|   5|   0|    -|     1|   40|       40|
    |layer11_out_V_data_13_V_U  |        0|   5|   0|    -|     1|   40|       40|
    |layer11_out_V_data_14_V_U  |        0|   5|   0|    -|     1|   40|       40|
    |layer11_out_V_data_15_V_U  |        0|   5|   0|    -|     1|   40|       40|
    |layer11_out_V_data_16_V_U  |        0|   5|   0|    -|     1|   40|       40|
    |layer11_out_V_data_17_V_U  |        0|   5|   0|    -|     1|   40|       40|
    |layer11_out_V_data_18_V_U  |        0|   5|   0|    -|     1|   40|       40|
    |layer11_out_V_data_19_V_U  |        0|   5|   0|    -|     1|   40|       40|
    |layer11_out_V_data_1_V_U   |        0|   5|   0|    -|     1|   40|       40|
    |layer11_out_V_data_20_V_U  |        0|   5|   0|    -|     1|   40|       40|
    |layer11_out_V_data_21_V_U  |        0|   5|   0|    -|     1|   40|       40|
    |layer11_out_V_data_22_V_U  |        0|   5|   0|    -|     1|   40|       40|
    |layer11_out_V_data_23_V_U  |        0|   5|   0|    -|     1|   40|       40|
    |layer11_out_V_data_24_V_U  |        0|   5|   0|    -|     1|   40|       40|
    |layer11_out_V_data_25_V_U  |        0|   5|   0|    -|     1|   40|       40|
    |layer11_out_V_data_26_V_U  |        0|   5|   0|    -|     1|   40|       40|
    |layer11_out_V_data_27_V_U  |        0|   5|   0|    -|     1|   40|       40|
    |layer11_out_V_data_28_V_U  |        0|   5|   0|    -|     1|   40|       40|
    |layer11_out_V_data_29_V_U  |        0|   5|   0|    -|     1|   40|       40|
    |layer11_out_V_data_2_V_U   |        0|   5|   0|    -|     1|   40|       40|
    |layer11_out_V_data_30_V_U  |        0|   5|   0|    -|     1|   40|       40|
    |layer11_out_V_data_31_V_U  |        0|   5|   0|    -|     1|   40|       40|
    |layer11_out_V_data_32_V_U  |        0|   5|   0|    -|     1|   40|       40|
    |layer11_out_V_data_33_V_U  |        0|   5|   0|    -|     1|   40|       40|
    |layer11_out_V_data_34_V_U  |        0|   5|   0|    -|     1|   40|       40|
    |layer11_out_V_data_35_V_U  |        0|   5|   0|    -|     1|   40|       40|
    |layer11_out_V_data_3_V_U   |        0|   5|   0|    -|     1|   40|       40|
    |layer11_out_V_data_4_V_U   |        0|   5|   0|    -|     1|   40|       40|
    |layer11_out_V_data_5_V_U   |        0|   5|   0|    -|     1|   40|       40|
    |layer11_out_V_data_6_V_U   |        0|   5|   0|    -|     1|   40|       40|
    |layer11_out_V_data_7_V_U   |        0|   5|   0|    -|     1|   40|       40|
    |layer11_out_V_data_8_V_U   |        0|   5|   0|    -|     1|   40|       40|
    |layer11_out_V_data_9_V_U   |        0|   5|   0|    -|     1|   40|       40|
    |layer13_out_V_data_0_V_U   |        0|   5|   0|    -|     1|   16|       16|
    |layer13_out_V_data_10_V_U  |        0|   5|   0|    -|     1|   16|       16|
    |layer13_out_V_data_11_V_U  |        0|   5|   0|    -|     1|   16|       16|
    |layer13_out_V_data_12_V_U  |        0|   5|   0|    -|     1|   16|       16|
    |layer13_out_V_data_13_V_U  |        0|   5|   0|    -|     1|   16|       16|
    |layer13_out_V_data_14_V_U  |        0|   5|   0|    -|     1|   16|       16|
    |layer13_out_V_data_15_V_U  |        0|   5|   0|    -|     1|   16|       16|
    |layer13_out_V_data_16_V_U  |        0|   5|   0|    -|     1|   16|       16|
    |layer13_out_V_data_17_V_U  |        0|   5|   0|    -|     1|   16|       16|
    |layer13_out_V_data_18_V_U  |        0|   5|   0|    -|     1|   16|       16|
    |layer13_out_V_data_19_V_U  |        0|   5|   0|    -|     1|   16|       16|
    |layer13_out_V_data_1_V_U   |        0|   5|   0|    -|     1|   16|       16|
    |layer13_out_V_data_20_V_U  |        0|   5|   0|    -|     1|   16|       16|
    |layer13_out_V_data_21_V_U  |        0|   5|   0|    -|     1|   16|       16|
    |layer13_out_V_data_22_V_U  |        0|   5|   0|    -|     1|   16|       16|
    |layer13_out_V_data_23_V_U  |        0|   5|   0|    -|     1|   16|       16|
    |layer13_out_V_data_24_V_U  |        0|   5|   0|    -|     1|   16|       16|
    |layer13_out_V_data_25_V_U  |        0|   5|   0|    -|     1|   16|       16|
    |layer13_out_V_data_26_V_U  |        0|   5|   0|    -|     1|   16|       16|
    |layer13_out_V_data_27_V_U  |        0|   5|   0|    -|     1|   16|       16|
    |layer13_out_V_data_28_V_U  |        0|   5|   0|    -|     1|   16|       16|
    |layer13_out_V_data_29_V_U  |        0|   5|   0|    -|     1|   16|       16|
    |layer13_out_V_data_2_V_U   |        0|   5|   0|    -|     1|   16|       16|
    |layer13_out_V_data_30_V_U  |        0|   5|   0|    -|     1|   16|       16|
    |layer13_out_V_data_31_V_U  |        0|   5|   0|    -|     1|   16|       16|
    |layer13_out_V_data_32_V_U  |        0|   5|   0|    -|     1|   16|       16|
    |layer13_out_V_data_33_V_U  |        0|   5|   0|    -|     1|   16|       16|
    |layer13_out_V_data_34_V_U  |        0|   5|   0|    -|     1|   16|       16|
    |layer13_out_V_data_35_V_U  |        0|   5|   0|    -|     1|   16|       16|
    |layer13_out_V_data_3_V_U   |        0|   5|   0|    -|     1|   16|       16|
    |layer13_out_V_data_4_V_U   |        0|   5|   0|    -|     1|   16|       16|
    |layer13_out_V_data_5_V_U   |        0|   5|   0|    -|     1|   16|       16|
    |layer13_out_V_data_6_V_U   |        0|   5|   0|    -|     1|   16|       16|
    |layer13_out_V_data_7_V_U   |        0|   5|   0|    -|     1|   16|       16|
    |layer13_out_V_data_8_V_U   |        0|   5|   0|    -|     1|   16|       16|
    |layer13_out_V_data_9_V_U   |        0|   5|   0|    -|     1|   16|       16|
    |layer14_out_V_data_0_V_U   |        0|   5|   0|    -|     1|   29|       29|
    |layer14_out_V_data_1_V_U   |        0|   5|   0|    -|     1|   29|       29|
    |layer14_out_V_data_2_V_U   |        0|   5|   0|    -|     1|   29|       29|
    |layer14_out_V_data_3_V_U   |        0|   5|   0|    -|     1|   29|       29|
    |layer14_out_V_data_4_V_U   |        0|   5|   0|    -|     1|   29|       29|
    |layer14_out_V_data_5_V_U   |        0|   5|   0|    -|     1|   29|       29|
    |layer14_out_V_data_6_V_U   |        0|   5|   0|    -|     1|   29|       29|
    |layer14_out_V_data_7_V_U   |        0|   5|   0|    -|     1|   29|       29|
    |layer14_out_V_data_8_V_U   |        0|   5|   0|    -|     1|   29|       29|
    |layer14_out_V_data_9_V_U   |        0|   5|   0|    -|     1|   29|       29|
    |layer17_out_V_data_0_V_U   |        4|  76|   0|    -|  2916|   16|    46656|
    |layer18_out_V_data_0_V_U   |        1|  41|   0|    -|   256|   16|     4096|
    |layer2_out_V_data_0_V_U    |        8|  88|   0|    -|  2304|   39|    89856|
    |layer4_out_V_data_0_V_U    |        4|  68|   0|    -|  2304|   16|    36864|
    |layer5_out_V_data_0_V_U    |        1|  38|   0|    -|   144|   16|     2304|
    |layer6_out_V_data_0_V_U    |        3|  60|   0|    -|   144|   38|     5472|
    |layer6_out_V_data_1_V_U    |        3|  60|   0|    -|   144|   38|     5472|
    |layer6_out_V_data_2_V_U    |        3|  60|   0|    -|   144|   38|     5472|
    |layer8_out_V_data_0_V_U    |        1|  38|   0|    -|   144|   16|     2304|
    |layer8_out_V_data_1_V_U    |        1|  38|   0|    -|   144|   16|     2304|
    |layer8_out_V_data_2_V_U    |        1|  38|   0|    -|   144|   16|     2304|
    |layer9_out_V_data_0_V_U    |        1|  33|   0|    -|    36|   16|      576|
    |layer9_out_V_data_1_V_U    |        1|  33|   0|    -|    36|   16|      576|
    |layer9_out_V_data_2_V_U    |        1|  33|   0|    -|    36|   16|      576|
    +---------------------------+---------+----+----+-----+------+-----+---------+
    |Total                      |       33|1114|   0|    0|  8978| 2619|   207138|
    +---------------------------+---------+----+----+-----+------+-----+---------+

    * Expression: 
    +--------------+----------+-------+---+----+------------+------------+
    | Variable Name| Operation| DSP48E| FF| LUT| Bitwidth P0| Bitwidth P1|
    +--------------+----------+-------+---+----+------------+------------+
    |ap_idle       |    and   |      0|  0|   2|           1|           1|
    +--------------+----------+-------+---+----+------------+------------+
    |Total         |          |      0|  0|   2|           1|           1|
    +--------------+----------+-------+---+----+------------+------------+

    * Multiplexer: 
    N/A

    * Register: 
    N/A



================================================================
== Interface
================================================================
* Summary: 
+-------------------------------+-----+-----+------------+------------------------+--------------+
|           RTL Ports           | Dir | Bits|  Protocol  |      Source Object     |    C Type    |
+-------------------------------+-----+-----+------------+------------------------+--------------+
|x_in_V_data_0_V_TDATA          |  in |   16|    axis    |     x_in_V_data_0_V    |    pointer   |
|x_in_V_data_0_V_TVALID         |  in |    1|    axis    |     x_in_V_data_0_V    |    pointer   |
|x_in_V_data_0_V_TREADY         | out |    1|    axis    |     x_in_V_data_0_V    |    pointer   |
|layer16_out_V_data_0_V_TDATA   | out |   16|    axis    | layer16_out_V_data_0_V |    pointer   |
|layer16_out_V_data_0_V_TVALID  | out |    1|    axis    | layer16_out_V_data_0_V |    pointer   |
|layer16_out_V_data_0_V_TREADY  |  in |    1|    axis    | layer16_out_V_data_0_V |    pointer   |
|layer16_out_V_data_1_V_TDATA   | out |   16|    axis    | layer16_out_V_data_1_V |    pointer   |
|layer16_out_V_data_1_V_TVALID  | out |    1|    axis    | layer16_out_V_data_1_V |    pointer   |
|layer16_out_V_data_1_V_TREADY  |  in |    1|    axis    | layer16_out_V_data_1_V |    pointer   |
|layer16_out_V_data_2_V_TDATA   | out |   16|    axis    | layer16_out_V_data_2_V |    pointer   |
|layer16_out_V_data_2_V_TVALID  | out |    1|    axis    | layer16_out_V_data_2_V |    pointer   |
|layer16_out_V_data_2_V_TREADY  |  in |    1|    axis    | layer16_out_V_data_2_V |    pointer   |
|layer16_out_V_data_3_V_TDATA   | out |   16|    axis    | layer16_out_V_data_3_V |    pointer   |
|layer16_out_V_data_3_V_TVALID  | out |    1|    axis    | layer16_out_V_data_3_V |    pointer   |
|layer16_out_V_data_3_V_TREADY  |  in |    1|    axis    | layer16_out_V_data_3_V |    pointer   |
|layer16_out_V_data_4_V_TDATA   | out |   16|    axis    | layer16_out_V_data_4_V |    pointer   |
|layer16_out_V_data_4_V_TVALID  | out |    1|    axis    | layer16_out_V_data_4_V |    pointer   |
|layer16_out_V_data_4_V_TREADY  |  in |    1|    axis    | layer16_out_V_data_4_V |    pointer   |
|layer16_out_V_data_5_V_TDATA   | out |   16|    axis    | layer16_out_V_data_5_V |    pointer   |
|layer16_out_V_data_5_V_TVALID  | out |    1|    axis    | layer16_out_V_data_5_V |    pointer   |
|layer16_out_V_data_5_V_TREADY  |  in |    1|    axis    | layer16_out_V_data_5_V |    pointer   |
|layer16_out_V_data_6_V_TDATA   | out |   16|    axis    | layer16_out_V_data_6_V |    pointer   |
|layer16_out_V_data_6_V_TVALID  | out |    1|    axis    | layer16_out_V_data_6_V |    pointer   |
|layer16_out_V_data_6_V_TREADY  |  in |    1|    axis    | layer16_out_V_data_6_V |    pointer   |
|layer16_out_V_data_7_V_TDATA   | out |   16|    axis    | layer16_out_V_data_7_V |    pointer   |
|layer16_out_V_data_7_V_TVALID  | out |    1|    axis    | layer16_out_V_data_7_V |    pointer   |
|layer16_out_V_data_7_V_TREADY  |  in |    1|    axis    | layer16_out_V_data_7_V |    pointer   |
|layer16_out_V_data_8_V_TDATA   | out |   16|    axis    | layer16_out_V_data_8_V |    pointer   |
|layer16_out_V_data_8_V_TVALID  | out |    1|    axis    | layer16_out_V_data_8_V |    pointer   |
|layer16_out_V_data_8_V_TREADY  |  in |    1|    axis    | layer16_out_V_data_8_V |    pointer   |
|layer16_out_V_data_9_V_TDATA   | out |   16|    axis    | layer16_out_V_data_9_V |    pointer   |
|layer16_out_V_data_9_V_TVALID  | out |    1|    axis    | layer16_out_V_data_9_V |    pointer   |
|layer16_out_V_data_9_V_TREADY  |  in |    1|    axis    | layer16_out_V_data_9_V |    pointer   |
|ap_clk                         |  in |    1| ap_ctrl_hs |          myhls         | return value |
|ap_rst_n                       |  in |    1| ap_ctrl_hs |          myhls         | return value |
|ap_start                       |  in |    1| ap_ctrl_hs |          myhls         | return value |
|ap_done                        | out |    1| ap_ctrl_hs |          myhls         | return value |
|ap_ready                       | out |    1| ap_ctrl_hs |          myhls         | return value |
|ap_idle                        | out |    1| ap_ctrl_hs |          myhls         | return value |
+-------------------------------+-----+-----+------------+------------------------+--------------+

