Copyright 1986-2022 Xilinx, Inc. All Rights Reserved. Copyright 2022-2023 Advanced Micro Devices, Inc. All Rights Reserved.
---------------------------------------------------------------------------------------------------------------------------------------------
| Tool Version : Vivado v.2023.1 (lin64) Build 3865809 Sun May  7 15:04:56 MDT 2023
| Date         : Mon Jul 21 18:59:24 2025
| Host         : coder-hftsoi-hls1 running 64-bit Ubuntu 20.04.6 LTS
| Command      : report_utilization -file vivado_synth.rpt -hierarchical -hierarchical_depth 1
| Design       : hls_dummy
| Device       : xcu250-figd2104-2L-e
| Speed File   : -2L
| Design State : Optimized
---------------------------------------------------------------------------------------------------------------------------------------------

Utilization Design Information

Table of Contents
-----------------
1. Utilization by Hierarchy

1. Utilization by Hierarchy
---------------------------

+-----------------------------------------------------------------------+------------------------------------------------------------------------------+------------+------------+---------+------+-------+--------+--------+------+------------+
|                                Instance                               |                                    Module                                    | Total LUTs | Logic LUTs | LUTRAMs | SRLs |  FFs  | RAMB36 | RAMB18 | URAM | DSP Blocks |
+-----------------------------------------------------------------------+------------------------------------------------------------------------------+------------+------------+---------+------+-------+--------+--------+------+------------+
| hls_dummy                                                             |                                                                        (top) |      75837 |      75837 |       0 |    0 | 14584 |      0 |      0 |    0 |        435 |
|   (hls_dummy)                                                         |                                                                        (top) |          0 |          0 |       0 |    0 |   105 |      0 |      0 |    0 |          0 |
|   Block_entry28_proc_U0                                               |                                                 hls_dummy_Block_entry28_proc |          0 |          0 |       0 |    0 |   240 |      0 |      0 |    0 |          0 |
|   sparse_arr_feat_conv1_out_10_U                                      |                                                       hls_dummy_fifo_w8_d2_S |        619 |        619 |       0 |    0 |    20 |      0 |      0 |    0 |          0 |
|   sparse_arr_feat_conv1_out_11_U                                      |                                                     hls_dummy_fifo_w8_d2_S_0 |         76 |         76 |       0 |    0 |    20 |      0 |      0 |    0 |          0 |
|   sparse_arr_feat_conv1_out_12_U                                      |                                                     hls_dummy_fifo_w8_d2_S_1 |        700 |        700 |       0 |    0 |    20 |      0 |      0 |    0 |          0 |
|   sparse_arr_feat_conv1_out_13_U                                      |                                                     hls_dummy_fifo_w8_d2_S_2 |         76 |         76 |       0 |    0 |    20 |      0 |      0 |    0 |          0 |
|   sparse_arr_feat_conv1_out_14_U                                      |                                                     hls_dummy_fifo_w8_d2_S_3 |        813 |        813 |       0 |    0 |    20 |      0 |      0 |    0 |          0 |
|   sparse_arr_feat_conv1_out_15_U                                      |                                                     hls_dummy_fifo_w8_d2_S_4 |         65 |         65 |       0 |    0 |    20 |      0 |      0 |    0 |          0 |
|   sparse_arr_feat_conv1_out_16_U                                      |                                                     hls_dummy_fifo_w8_d2_S_5 |        794 |        794 |       0 |    0 |    20 |      0 |      0 |    0 |          0 |
|   sparse_arr_feat_conv1_out_17_U                                      |                                                     hls_dummy_fifo_w8_d2_S_6 |         66 |         66 |       0 |    0 |    20 |      0 |      0 |    0 |          0 |
|   sparse_arr_feat_conv1_out_18_U                                      |                                                     hls_dummy_fifo_w8_d2_S_7 |        728 |        728 |       0 |    0 |    20 |      0 |      0 |    0 |          0 |
|   sparse_arr_feat_conv1_out_19_U                                      |                                                     hls_dummy_fifo_w8_d2_S_8 |         72 |         72 |       0 |    0 |    20 |      0 |      0 |    0 |          0 |
|   sparse_arr_feat_conv1_out_1_U                                       |                                                     hls_dummy_fifo_w8_d2_S_9 |         50 |         50 |       0 |    0 |    20 |      0 |      0 |    0 |          0 |
|   sparse_arr_feat_conv1_out_20_U                                      |                                                    hls_dummy_fifo_w8_d2_S_10 |        749 |        749 |       0 |    0 |    20 |      0 |      0 |    0 |          0 |
|   sparse_arr_feat_conv1_out_21_U                                      |                                                    hls_dummy_fifo_w8_d2_S_11 |         92 |         92 |       0 |    0 |    20 |      0 |      0 |    0 |          0 |
|   sparse_arr_feat_conv1_out_22_U                                      |                                                    hls_dummy_fifo_w8_d2_S_12 |        692 |        692 |       0 |    0 |    20 |      0 |      0 |    0 |          0 |
|   sparse_arr_feat_conv1_out_23_U                                      |                                                    hls_dummy_fifo_w8_d2_S_13 |         94 |         94 |       0 |    0 |    20 |      0 |      0 |    0 |          0 |
|   sparse_arr_feat_conv1_out_24_U                                      |                                                    hls_dummy_fifo_w8_d2_S_14 |        675 |        675 |       0 |    0 |    20 |      0 |      0 |    0 |          0 |
|   sparse_arr_feat_conv1_out_25_U                                      |                                                    hls_dummy_fifo_w8_d2_S_15 |         90 |         90 |       0 |    0 |    20 |      0 |      0 |    0 |          0 |
|   sparse_arr_feat_conv1_out_26_U                                      |                                                    hls_dummy_fifo_w8_d2_S_16 |        692 |        692 |       0 |    0 |    20 |      0 |      0 |    0 |          0 |
|   sparse_arr_feat_conv1_out_27_U                                      |                                                    hls_dummy_fifo_w8_d2_S_17 |         84 |         84 |       0 |    0 |    20 |      0 |      0 |    0 |          0 |
|   sparse_arr_feat_conv1_out_28_U                                      |                                                    hls_dummy_fifo_w8_d2_S_18 |        694 |        694 |       0 |    0 |    20 |      0 |      0 |    0 |          0 |
|   sparse_arr_feat_conv1_out_29_U                                      |                                                    hls_dummy_fifo_w8_d2_S_19 |         75 |         75 |       0 |    0 |    20 |      0 |      0 |    0 |          0 |
|   sparse_arr_feat_conv1_out_2_U                                       |                                                    hls_dummy_fifo_w8_d2_S_20 |        685 |        685 |       0 |    0 |    20 |      0 |      0 |    0 |          0 |
|   sparse_arr_feat_conv1_out_3_U                                       |                                                    hls_dummy_fifo_w8_d2_S_21 |         63 |         63 |       0 |    0 |    20 |      0 |      0 |    0 |          0 |
|   sparse_arr_feat_conv1_out_4_U                                       |                                                    hls_dummy_fifo_w8_d2_S_22 |        683 |        683 |       0 |    0 |    20 |      0 |      0 |    0 |          0 |
|   sparse_arr_feat_conv1_out_5_U                                       |                                                    hls_dummy_fifo_w8_d2_S_23 |         66 |         66 |       0 |    0 |    20 |      0 |      0 |    0 |          0 |
|   sparse_arr_feat_conv1_out_6_U                                       |                                                    hls_dummy_fifo_w8_d2_S_24 |        615 |        615 |       0 |    0 |    20 |      0 |      0 |    0 |          0 |
|   sparse_arr_feat_conv1_out_7_U                                       |                                                    hls_dummy_fifo_w8_d2_S_25 |         54 |         54 |       0 |    0 |    20 |      0 |      0 |    0 |          0 |
|   sparse_arr_feat_conv1_out_8_U                                       |                                                    hls_dummy_fifo_w8_d2_S_26 |        729 |        729 |       0 |    0 |    20 |      0 |      0 |    0 |          0 |
|   sparse_arr_feat_conv1_out_9_U                                       |                                                    hls_dummy_fifo_w8_d2_S_27 |         54 |         54 |       0 |    0 |    20 |      0 |      0 |    0 |          0 |
|   sparse_arr_feat_conv1_out_U                                         |                                                    hls_dummy_fifo_w8_d2_S_28 |       1038 |       1038 |       0 |    0 |    20 |      0 |      0 |    0 |          0 |
|   sparse_arr_feat_conv2_out_10_U                                      |                                                    hls_dummy_fifo_w8_d2_S_29 |         23 |         23 |       0 |    0 |    20 |      0 |      0 |    0 |          0 |
|   sparse_arr_feat_conv2_out_11_U                                      |                                                    hls_dummy_fifo_w8_d2_S_30 |         23 |         23 |       0 |    0 |    20 |      0 |      0 |    0 |          0 |
|   sparse_arr_feat_conv2_out_12_U                                      |                                                    hls_dummy_fifo_w8_d2_S_31 |         22 |         22 |       0 |    0 |    20 |      0 |      0 |    0 |          0 |
|   sparse_arr_feat_conv2_out_13_U                                      |                                                    hls_dummy_fifo_w8_d2_S_32 |         22 |         22 |       0 |    0 |    20 |      0 |      0 |    0 |          0 |
|   sparse_arr_feat_conv2_out_14_U                                      |                                                    hls_dummy_fifo_w8_d2_S_33 |         21 |         21 |       0 |    0 |    20 |      0 |      0 |    0 |          0 |
|   sparse_arr_feat_conv2_out_15_U                                      |                                                    hls_dummy_fifo_w8_d2_S_34 |         23 |         23 |       0 |    0 |    20 |      0 |      0 |    0 |          0 |
|   sparse_arr_feat_conv2_out_16_U                                      |                                                    hls_dummy_fifo_w8_d2_S_35 |         23 |         23 |       0 |    0 |    20 |      0 |      0 |    0 |          0 |
|   sparse_arr_feat_conv2_out_17_U                                      |                                                    hls_dummy_fifo_w8_d2_S_36 |         22 |         22 |       0 |    0 |    20 |      0 |      0 |    0 |          0 |
|   sparse_arr_feat_conv2_out_18_U                                      |                                                    hls_dummy_fifo_w8_d2_S_37 |         23 |         23 |       0 |    0 |    20 |      0 |      0 |    0 |          0 |
|   sparse_arr_feat_conv2_out_19_U                                      |                                                    hls_dummy_fifo_w8_d2_S_38 |         21 |         21 |       0 |    0 |    20 |      0 |      0 |    0 |          0 |
|   sparse_arr_feat_conv2_out_1_U                                       |                                                    hls_dummy_fifo_w8_d2_S_39 |         22 |         22 |       0 |    0 |    20 |      0 |      0 |    0 |          0 |
|   sparse_arr_feat_conv2_out_20_U                                      |                                                    hls_dummy_fifo_w8_d2_S_40 |         23 |         23 |       0 |    0 |    20 |      0 |      0 |    0 |          0 |
|   sparse_arr_feat_conv2_out_21_U                                      |                                                    hls_dummy_fifo_w8_d2_S_41 |         22 |         22 |       0 |    0 |    20 |      0 |      0 |    0 |          0 |
|   sparse_arr_feat_conv2_out_22_U                                      |                                                    hls_dummy_fifo_w8_d2_S_42 |         21 |         21 |       0 |    0 |    20 |      0 |      0 |    0 |          0 |
|   sparse_arr_feat_conv2_out_23_U                                      |                                                    hls_dummy_fifo_w8_d2_S_43 |         23 |         23 |       0 |    0 |    20 |      0 |      0 |    0 |          0 |
|   sparse_arr_feat_conv2_out_24_U                                      |                                                    hls_dummy_fifo_w8_d2_S_44 |         21 |         21 |       0 |    0 |    20 |      0 |      0 |    0 |          0 |
|   sparse_arr_feat_conv2_out_25_U                                      |                                                    hls_dummy_fifo_w8_d2_S_45 |         22 |         22 |       0 |    0 |    20 |      0 |      0 |    0 |          0 |
|   sparse_arr_feat_conv2_out_26_U                                      |                                                    hls_dummy_fifo_w8_d2_S_46 |         53 |         53 |       0 |    0 |    20 |      0 |      0 |    0 |          0 |
|   sparse_arr_feat_conv2_out_27_U                                      |                                                    hls_dummy_fifo_w8_d2_S_47 |         21 |         21 |       0 |    0 |    20 |      0 |      0 |    0 |          0 |
|   sparse_arr_feat_conv2_out_28_U                                      |                                                    hls_dummy_fifo_w8_d2_S_48 |         22 |         22 |       0 |    0 |    20 |      0 |      0 |    0 |          0 |
|   sparse_arr_feat_conv2_out_29_U                                      |                                                    hls_dummy_fifo_w8_d2_S_49 |         22 |         22 |       0 |    0 |    20 |      0 |      0 |    0 |          0 |
|   sparse_arr_feat_conv2_out_2_U                                       |                                                    hls_dummy_fifo_w8_d2_S_50 |         24 |         24 |       0 |    0 |    20 |      0 |      0 |    0 |          0 |
|   sparse_arr_feat_conv2_out_3_U                                       |                                                    hls_dummy_fifo_w8_d2_S_51 |         21 |         21 |       0 |    0 |    20 |      0 |      0 |    0 |          0 |
|   sparse_arr_feat_conv2_out_4_U                                       |                                                    hls_dummy_fifo_w8_d2_S_52 |         22 |         22 |       0 |    0 |    20 |      0 |      0 |    0 |          0 |
|   sparse_arr_feat_conv2_out_5_U                                       |                                                    hls_dummy_fifo_w8_d2_S_53 |         23 |         23 |       0 |    0 |    20 |      0 |      0 |    0 |          0 |
|   sparse_arr_feat_conv2_out_6_U                                       |                                                    hls_dummy_fifo_w8_d2_S_54 |         22 |         22 |       0 |    0 |    20 |      0 |      0 |    0 |          0 |
|   sparse_arr_feat_conv2_out_7_U                                       |                                                    hls_dummy_fifo_w8_d2_S_55 |         24 |         24 |       0 |    0 |    20 |      0 |      0 |    0 |          0 |
|   sparse_arr_feat_conv2_out_8_U                                       |                                                    hls_dummy_fifo_w8_d2_S_56 |         25 |         25 |       0 |    0 |    20 |      0 |      0 |    0 |          0 |
|   sparse_arr_feat_conv2_out_9_U                                       |                                                    hls_dummy_fifo_w8_d2_S_57 |         22 |         22 |       0 |    0 |    20 |      0 |      0 |    0 |          0 |
|   sparse_arr_feat_conv2_out_U                                         |                                                    hls_dummy_fifo_w8_d2_S_58 |         23 |         23 |       0 |    0 |    20 |      0 |      0 |    0 |          0 |
|   sparse_arr_feat_reduce_out_10_U                                     |                                                    hls_dummy_fifo_w8_d2_S_59 |        684 |        684 |       0 |    0 |    18 |      0 |      0 |    0 |          0 |
|   sparse_arr_feat_reduce_out_11_U                                     |                                                    hls_dummy_fifo_w8_d2_S_60 |        649 |        649 |       0 |    0 |    18 |      0 |      0 |    0 |          0 |
|   sparse_arr_feat_reduce_out_12_U                                     |                                                    hls_dummy_fifo_w8_d2_S_61 |        615 |        615 |       0 |    0 |    18 |      0 |      0 |    0 |          0 |
|   sparse_arr_feat_reduce_out_13_U                                     |                                                    hls_dummy_fifo_w8_d2_S_62 |        588 |        588 |       0 |    0 |    18 |      0 |      0 |    0 |          0 |
|   sparse_arr_feat_reduce_out_14_U                                     |                                                    hls_dummy_fifo_w8_d2_S_63 |        270 |        270 |       0 |    0 |    18 |      0 |      0 |    0 |          0 |
|   sparse_arr_feat_reduce_out_1_U                                      |                                                    hls_dummy_fifo_w8_d2_S_64 |        966 |        966 |       0 |    0 |    18 |      0 |      0 |    0 |          0 |
|   sparse_arr_feat_reduce_out_2_U                                      |                                                    hls_dummy_fifo_w8_d2_S_65 |        934 |        934 |       0 |    0 |    18 |      0 |      0 |    0 |          0 |
|   sparse_arr_feat_reduce_out_3_U                                      |                                                    hls_dummy_fifo_w8_d2_S_66 |        904 |        904 |       0 |    0 |    18 |      0 |      0 |    0 |          0 |
|   sparse_arr_feat_reduce_out_4_U                                      |                                                    hls_dummy_fifo_w8_d2_S_67 |        870 |        870 |       0 |    0 |    18 |      0 |      0 |    0 |          0 |
|   sparse_arr_feat_reduce_out_5_U                                      |                                                    hls_dummy_fifo_w8_d2_S_68 |        839 |        839 |       0 |    0 |    18 |      0 |      0 |    0 |          0 |
|   sparse_arr_feat_reduce_out_6_U                                      |                                                    hls_dummy_fifo_w8_d2_S_69 |        807 |        807 |       0 |    0 |    18 |      0 |      0 |    0 |          0 |
|   sparse_arr_feat_reduce_out_7_U                                      |                                                    hls_dummy_fifo_w8_d2_S_70 |        774 |        774 |       0 |    0 |    18 |      0 |      0 |    0 |          0 |
|   sparse_arr_feat_reduce_out_8_U                                      |                                                    hls_dummy_fifo_w8_d2_S_71 |        742 |        742 |       0 |    0 |    18 |      0 |      0 |    0 |          0 |
|   sparse_arr_feat_reduce_out_9_U                                      |                                                    hls_dummy_fifo_w8_d2_S_72 |        710 |        710 |       0 |    0 |    18 |      0 |      0 |    0 |          0 |
|   sparse_arr_feat_reduce_out_U                                        |                                                    hls_dummy_fifo_w8_d2_S_73 |        998 |        998 |       0 |    0 |    18 |      0 |      0 |    0 |          0 |
|   sparse_arr_hash_reduce_out_10_c22_channel_U                         |                                                       hls_dummy_fifo_w4_d2_S |         14 |         14 |       0 |    0 |    12 |      0 |      0 |    0 |          0 |
|   sparse_arr_hash_reduce_out_10_c_U                                   |                                                    hls_dummy_fifo_w4_d2_S_74 |         10 |         10 |       0 |    0 |    12 |      0 |      0 |    0 |          0 |
|   sparse_arr_hash_reduce_out_11_c23_channel_U                         |                                                    hls_dummy_fifo_w4_d2_S_75 |         16 |         16 |       0 |    0 |    12 |      0 |      0 |    0 |          0 |
|   sparse_arr_hash_reduce_out_11_c_U                                   |                                                    hls_dummy_fifo_w4_d2_S_76 |         12 |         12 |       0 |    0 |    12 |      0 |      0 |    0 |          0 |
|   sparse_arr_hash_reduce_out_12_c24_channel_U                         |                                                    hls_dummy_fifo_w4_d2_S_77 |         13 |         13 |       0 |    0 |    12 |      0 |      0 |    0 |          0 |
|   sparse_arr_hash_reduce_out_12_c_U                                   |                                                    hls_dummy_fifo_w4_d2_S_78 |         10 |         10 |       0 |    0 |    12 |      0 |      0 |    0 |          0 |
|   sparse_arr_hash_reduce_out_13_c25_channel_U                         |                                                    hls_dummy_fifo_w4_d2_S_79 |         15 |         15 |       0 |    0 |    12 |      0 |      0 |    0 |          0 |
|   sparse_arr_hash_reduce_out_13_c_U                                   |                                                    hls_dummy_fifo_w4_d2_S_80 |         13 |         13 |       0 |    0 |    12 |      0 |      0 |    0 |          0 |
|   sparse_arr_hash_reduce_out_14_c26_channel_U                         |                                                    hls_dummy_fifo_w4_d2_S_81 |         13 |         13 |       0 |    0 |    12 |      0 |      0 |    0 |          0 |
|   sparse_arr_hash_reduce_out_14_c_U                                   |                                                    hls_dummy_fifo_w4_d2_S_82 |         10 |         10 |       0 |    0 |    12 |      0 |      0 |    0 |          0 |
|   sparse_arr_hash_reduce_out_15_c27_channel_U                         |                                                    hls_dummy_fifo_w4_d2_S_83 |         16 |         16 |       0 |    0 |    12 |      0 |      0 |    0 |          0 |
|   sparse_arr_hash_reduce_out_15_c_U                                   |                                                    hls_dummy_fifo_w4_d2_S_84 |         11 |         11 |       0 |    0 |    12 |      0 |      0 |    0 |          0 |
|   sparse_arr_hash_reduce_out_16_c28_channel_U                         |                                                    hls_dummy_fifo_w4_d2_S_85 |         12 |         12 |       0 |    0 |    12 |      0 |      0 |    0 |          0 |
|   sparse_arr_hash_reduce_out_16_c_U                                   |                                                    hls_dummy_fifo_w4_d2_S_86 |         10 |         10 |       0 |    0 |    12 |      0 |      0 |    0 |          0 |
|   sparse_arr_hash_reduce_out_17_c29_channel_U                         |                                                    hls_dummy_fifo_w4_d2_S_87 |         15 |         15 |       0 |    0 |    12 |      0 |      0 |    0 |          0 |
|   sparse_arr_hash_reduce_out_17_c_U                                   |                                                    hls_dummy_fifo_w4_d2_S_88 |         12 |         12 |       0 |    0 |    12 |      0 |      0 |    0 |          0 |
|   sparse_arr_hash_reduce_out_18_c30_channel_U                         |                                                    hls_dummy_fifo_w4_d2_S_89 |         13 |         13 |       0 |    0 |    12 |      0 |      0 |    0 |          0 |
|   sparse_arr_hash_reduce_out_18_c_U                                   |                                                    hls_dummy_fifo_w4_d2_S_90 |         10 |         10 |       0 |    0 |    12 |      0 |      0 |    0 |          0 |
|   sparse_arr_hash_reduce_out_19_c31_channel_U                         |                                                    hls_dummy_fifo_w4_d2_S_91 |         16 |         16 |       0 |    0 |    12 |      0 |      0 |    0 |          0 |
|   sparse_arr_hash_reduce_out_19_c_U                                   |                                                    hls_dummy_fifo_w4_d2_S_92 |         13 |         13 |       0 |    0 |    12 |      0 |      0 |    0 |          0 |
|   sparse_arr_hash_reduce_out_1_c13_channel_U                          |                                                    hls_dummy_fifo_w4_d2_S_93 |         16 |         16 |       0 |    0 |    12 |      0 |      0 |    0 |          0 |
|   sparse_arr_hash_reduce_out_1_c_U                                    |                                                    hls_dummy_fifo_w4_d2_S_94 |         13 |         13 |       0 |    0 |    12 |      0 |      0 |    0 |          0 |
|   sparse_arr_hash_reduce_out_20_c32_channel_U                         |                                                    hls_dummy_fifo_w4_d2_S_95 |         12 |         12 |       0 |    0 |    12 |      0 |      0 |    0 |          0 |
|   sparse_arr_hash_reduce_out_20_c_U                                   |                                                    hls_dummy_fifo_w4_d2_S_96 |         10 |         10 |       0 |    0 |    12 |      0 |      0 |    0 |          0 |
|   sparse_arr_hash_reduce_out_21_c33_channel_U                         |                                                    hls_dummy_fifo_w4_d2_S_97 |         16 |         16 |       0 |    0 |    12 |      0 |      0 |    0 |          0 |
|   sparse_arr_hash_reduce_out_21_c_U                                   |                                                    hls_dummy_fifo_w4_d2_S_98 |         11 |         11 |       0 |    0 |    12 |      0 |      0 |    0 |          0 |
|   sparse_arr_hash_reduce_out_22_c34_channel_U                         |                                                    hls_dummy_fifo_w4_d2_S_99 |         12 |         12 |       0 |    0 |    12 |      0 |      0 |    0 |          0 |
|   sparse_arr_hash_reduce_out_22_c_U                                   |                                                   hls_dummy_fifo_w4_d2_S_100 |         10 |         10 |       0 |    0 |    12 |      0 |      0 |    0 |          0 |
|   sparse_arr_hash_reduce_out_23_c35_channel_U                         |                                                   hls_dummy_fifo_w4_d2_S_101 |         15 |         15 |       0 |    0 |    12 |      0 |      0 |    0 |          0 |
|   sparse_arr_hash_reduce_out_23_c_U                                   |                                                   hls_dummy_fifo_w4_d2_S_102 |         13 |         13 |       0 |    0 |    12 |      0 |      0 |    0 |          0 |
|   sparse_arr_hash_reduce_out_24_c36_channel_U                         |                                                   hls_dummy_fifo_w4_d2_S_103 |         17 |         17 |       0 |    0 |    12 |      0 |      0 |    0 |          0 |
|   sparse_arr_hash_reduce_out_24_c_U                                   |                                                   hls_dummy_fifo_w4_d2_S_104 |         11 |         11 |       0 |    0 |    12 |      0 |      0 |    0 |          0 |
|   sparse_arr_hash_reduce_out_25_c37_channel_U                         |                                                   hls_dummy_fifo_w4_d2_S_105 |         10 |         10 |       0 |    0 |    12 |      0 |      0 |    0 |          0 |
|   sparse_arr_hash_reduce_out_25_c_U                                   |                                                   hls_dummy_fifo_w4_d2_S_106 |         12 |         12 |       0 |    0 |    12 |      0 |      0 |    0 |          0 |
|   sparse_arr_hash_reduce_out_26_c38_channel_U                         |                                                   hls_dummy_fifo_w4_d2_S_107 |         14 |         14 |       0 |    0 |    12 |      0 |      0 |    0 |          0 |
|   sparse_arr_hash_reduce_out_26_c_U                                   |                                                   hls_dummy_fifo_w4_d2_S_108 |         11 |         11 |       0 |    0 |    12 |      0 |      0 |    0 |          0 |
|   sparse_arr_hash_reduce_out_27_c39_channel_U                         |                                                   hls_dummy_fifo_w4_d2_S_109 |         14 |         14 |       0 |    0 |    12 |      0 |      0 |    0 |          0 |
|   sparse_arr_hash_reduce_out_27_c_U                                   |                                                   hls_dummy_fifo_w4_d2_S_110 |         12 |         12 |       0 |    0 |    12 |      0 |      0 |    0 |          0 |
|   sparse_arr_hash_reduce_out_28_c40_channel_U                         |                                                   hls_dummy_fifo_w4_d2_S_111 |         72 |         72 |       0 |    0 |    12 |      0 |      0 |    0 |          0 |
|   sparse_arr_hash_reduce_out_28_c_U                                   |                                                   hls_dummy_fifo_w4_d2_S_112 |         10 |         10 |       0 |    0 |    12 |      0 |      0 |    0 |          0 |
|   sparse_arr_hash_reduce_out_29_c41_channel_U                         |                                                   hls_dummy_fifo_w4_d2_S_113 |         48 |         48 |       0 |    0 |    12 |      0 |      0 |    0 |          0 |
|   sparse_arr_hash_reduce_out_29_c_U                                   |                                                   hls_dummy_fifo_w4_d2_S_114 |         12 |         12 |       0 |    0 |    12 |      0 |      0 |    0 |          0 |
|   sparse_arr_hash_reduce_out_2_c14_channel_U                          |                                                   hls_dummy_fifo_w4_d2_S_115 |         15 |         15 |       0 |    0 |    12 |      0 |      0 |    0 |          0 |
|   sparse_arr_hash_reduce_out_2_c_U                                    |                                                   hls_dummy_fifo_w4_d2_S_116 |         10 |         10 |       0 |    0 |    12 |      0 |      0 |    0 |          0 |
|   sparse_arr_hash_reduce_out_3_c15_channel_U                          |                                                   hls_dummy_fifo_w4_d2_S_117 |         16 |         16 |       0 |    0 |    12 |      0 |      0 |    0 |          0 |
|   sparse_arr_hash_reduce_out_3_c_U                                    |                                                   hls_dummy_fifo_w4_d2_S_118 |         11 |         11 |       0 |    0 |    12 |      0 |      0 |    0 |          0 |
|   sparse_arr_hash_reduce_out_4_c16_channel_U                          |                                                   hls_dummy_fifo_w4_d2_S_119 |         13 |         13 |       0 |    0 |    12 |      0 |      0 |    0 |          0 |
|   sparse_arr_hash_reduce_out_4_c_U                                    |                                                   hls_dummy_fifo_w4_d2_S_120 |         11 |         11 |       0 |    0 |    12 |      0 |      0 |    0 |          0 |
|   sparse_arr_hash_reduce_out_5_c17_channel_U                          |                                                   hls_dummy_fifo_w4_d2_S_121 |         16 |         16 |       0 |    0 |    12 |      0 |      0 |    0 |          0 |
|   sparse_arr_hash_reduce_out_5_c_U                                    |                                                   hls_dummy_fifo_w4_d2_S_122 |         11 |         11 |       0 |    0 |    12 |      0 |      0 |    0 |          0 |
|   sparse_arr_hash_reduce_out_6_c18_channel_U                          |                                                   hls_dummy_fifo_w4_d2_S_123 |         18 |         18 |       0 |    0 |    12 |      0 |      0 |    0 |          0 |
|   sparse_arr_hash_reduce_out_6_c_U                                    |                                                   hls_dummy_fifo_w4_d2_S_124 |         11 |         11 |       0 |    0 |    12 |      0 |      0 |    0 |          0 |
|   sparse_arr_hash_reduce_out_7_c19_channel_U                          |                                                   hls_dummy_fifo_w4_d2_S_125 |         17 |         17 |       0 |    0 |    12 |      0 |      0 |    0 |          0 |
|   sparse_arr_hash_reduce_out_7_c_U                                    |                                                   hls_dummy_fifo_w4_d2_S_126 |         11 |         11 |       0 |    0 |    12 |      0 |      0 |    0 |          0 |
|   sparse_arr_hash_reduce_out_8_c20_channel_U                          |                                                   hls_dummy_fifo_w4_d2_S_127 |         15 |         15 |       0 |    0 |    12 |      0 |      0 |    0 |          0 |
|   sparse_arr_hash_reduce_out_8_c_U                                    |                                                   hls_dummy_fifo_w4_d2_S_128 |         11 |         11 |       0 |    0 |    12 |      0 |      0 |    0 |          0 |
|   sparse_arr_hash_reduce_out_9_c21_channel_U                          |                                                   hls_dummy_fifo_w4_d2_S_129 |         18 |         18 |       0 |    0 |    12 |      0 |      0 |    0 |          0 |
|   sparse_arr_hash_reduce_out_9_c_U                                    |                                                   hls_dummy_fifo_w4_d2_S_130 |         11 |         11 |       0 |    0 |    12 |      0 |      0 |    0 |          0 |
|   sparse_arr_hash_reduce_out_c12_channel_U                            |                                                   hls_dummy_fifo_w4_d2_S_131 |         15 |         15 |       0 |    0 |    12 |      0 |      0 |    0 |          0 |
|   sparse_arr_hash_reduce_out_c_U                                      |                                                   hls_dummy_fifo_w4_d2_S_132 |         11 |         11 |       0 |    0 |    12 |      0 |      0 |    0 |          0 |
|   sparse_conv_ap_fixed_ap_fixed_ap_uint_ap_fixed_ap_fixed_15_1_2_3_U0 | hls_dummy_sparse_conv_ap_fixed_ap_fixed_ap_uint_ap_fixed_ap_fixed_15_1_2_3_s |      24629 |      24629 |       0 |    0 |  5664 |      0 |      0 |    0 |          0 |
|   sparse_conv_ap_fixed_ap_fixed_ap_uint_ap_fixed_ap_fixed_15_2_2_3_U0 | hls_dummy_sparse_conv_ap_fixed_ap_fixed_ap_uint_ap_fixed_ap_fixed_15_2_2_3_s |      29224 |      29224 |       0 |    0 |  5052 |      0 |      0 |    0 |        435 |
|   sparse_input_reduce_ap_fixed_8_2_5_3_0_ap_uint_10_10_10_1_15_4_U0   |     hls_dummy_sparse_input_reduce_ap_fixed_8_2_5_3_0_ap_uint_10_10_10_1_15_4 |       2296 |       2296 |       0 |    0 |  1333 |      0 |      0 |    0 |          0 |
+-----------------------------------------------------------------------+------------------------------------------------------------------------------+------------+------------+---------+------+-------+--------+--------+------+------------+


