Copyright 1986-2022 Xilinx, Inc. All Rights Reserved. Copyright 2022-2023 Advanced Micro Devices, Inc. All Rights Reserved.
---------------------------------------------------------------------------------------------------------------------------------------------
| Tool Version : Vivado v.2023.1 (lin64) Build 3865809 Sun May  7 15:04:56 MDT 2023
| Date         : Wed Jul 23 20:48:49 2025
| Host         : coder-hftsoi-hls1 running 64-bit Ubuntu 20.04.6 LTS
| Command      : report_utilization -file vivado_synth.rpt -hierarchical -hierarchical_depth 1
| Design       : hls_dummy
| Device       : xcu250-figd2104-2L-e
| Speed File   : -2L
| Design State : Optimized
---------------------------------------------------------------------------------------------------------------------------------------------

Utilization Design Information

Table of Contents
-----------------
1. Utilization by Hierarchy

1. Utilization by Hierarchy
---------------------------

+-----------------------------------------------------------------------+------------------------------------------------------------------------------+------------+------------+---------+------+-------+--------+--------+------+------------+
|                                Instance                               |                                    Module                                    | Total LUTs | Logic LUTs | LUTRAMs | SRLs |  FFs  | RAMB36 | RAMB18 | URAM | DSP Blocks |
+-----------------------------------------------------------------------+------------------------------------------------------------------------------+------------+------------+---------+------+-------+--------+--------+------+------------+
| hls_dummy                                                             |                                                                        (top) |     162120 |     162120 |       0 |    0 | 37076 |      0 |      0 |    0 |          0 |
|   (hls_dummy)                                                         |                                                                        (top) |          0 |          0 |       0 |    0 |   225 |      0 |      0 |    0 |          0 |
|   Block_entry28_proc_U0                                               |                                                 hls_dummy_Block_entry28_proc |          0 |          0 |       0 |    0 |   450 |      0 |      0 |    0 |          0 |
|   sparse_arr_feat_conv1_out_10_U                                      |                                                       hls_dummy_fifo_w8_d2_S |         15 |         15 |       0 |    0 |    20 |      0 |      0 |    0 |          0 |
|   sparse_arr_feat_conv1_out_11_U                                      |                                                     hls_dummy_fifo_w8_d2_S_0 |         13 |         13 |       0 |    0 |    20 |      0 |      0 |    0 |          0 |
|   sparse_arr_feat_conv1_out_12_U                                      |                                                     hls_dummy_fifo_w8_d2_S_1 |         20 |         20 |       0 |    0 |    20 |      0 |      0 |    0 |          0 |
|   sparse_arr_feat_conv1_out_13_U                                      |                                                     hls_dummy_fifo_w8_d2_S_2 |         20 |         20 |       0 |    0 |    20 |      0 |      0 |    0 |          0 |
|   sparse_arr_feat_conv1_out_14_U                                      |                                                     hls_dummy_fifo_w8_d2_S_3 |         18 |         18 |       0 |    0 |    20 |      0 |      0 |    0 |          0 |
|   sparse_arr_feat_conv1_out_15_U                                      |                                                     hls_dummy_fifo_w8_d2_S_4 |         19 |         19 |       0 |    0 |    20 |      0 |      0 |    0 |          0 |
|   sparse_arr_feat_conv1_out_16_U                                      |                                                     hls_dummy_fifo_w8_d2_S_5 |         20 |         20 |       0 |    0 |    20 |      0 |      0 |    0 |          0 |
|   sparse_arr_feat_conv1_out_17_U                                      |                                                     hls_dummy_fifo_w8_d2_S_6 |         20 |         20 |       0 |    0 |    20 |      0 |      0 |    0 |          0 |
|   sparse_arr_feat_conv1_out_18_U                                      |                                                     hls_dummy_fifo_w8_d2_S_7 |         14 |         14 |       0 |    0 |    20 |      0 |      0 |    0 |          0 |
|   sparse_arr_feat_conv1_out_19_U                                      |                                                     hls_dummy_fifo_w8_d2_S_8 |         13 |         13 |       0 |    0 |    20 |      0 |      0 |    0 |          0 |
|   sparse_arr_feat_conv1_out_1_U                                       |                                                     hls_dummy_fifo_w8_d2_S_9 |         13 |         13 |       0 |    0 |    20 |      0 |      0 |    0 |          0 |
|   sparse_arr_feat_conv1_out_20_U                                      |                                                    hls_dummy_fifo_w8_d2_S_10 |         13 |         13 |       0 |    0 |    20 |      0 |      0 |    0 |          0 |
|   sparse_arr_feat_conv1_out_21_U                                      |                                                    hls_dummy_fifo_w8_d2_S_11 |         18 |         18 |       0 |    0 |    20 |      0 |      0 |    0 |          0 |
|   sparse_arr_feat_conv1_out_22_U                                      |                                                    hls_dummy_fifo_w8_d2_S_12 |         17 |         17 |       0 |    0 |    20 |      0 |      0 |    0 |          0 |
|   sparse_arr_feat_conv1_out_23_U                                      |                                                    hls_dummy_fifo_w8_d2_S_13 |         18 |         18 |       0 |    0 |    20 |      0 |      0 |    0 |          0 |
|   sparse_arr_feat_conv1_out_24_U                                      |                                                    hls_dummy_fifo_w8_d2_S_14 |         19 |         19 |       0 |    0 |    20 |      0 |      0 |    0 |          0 |
|   sparse_arr_feat_conv1_out_25_U                                      |                                                    hls_dummy_fifo_w8_d2_S_15 |         17 |         17 |       0 |    0 |    20 |      0 |      0 |    0 |          0 |
|   sparse_arr_feat_conv1_out_26_U                                      |                                                    hls_dummy_fifo_w8_d2_S_16 |         17 |         17 |       0 |    0 |    20 |      0 |      0 |    0 |          0 |
|   sparse_arr_feat_conv1_out_27_U                                      |                                                    hls_dummy_fifo_w8_d2_S_17 |         15 |         15 |       0 |    0 |    20 |      0 |      0 |    0 |          0 |
|   sparse_arr_feat_conv1_out_28_U                                      |                                                    hls_dummy_fifo_w8_d2_S_18 |         13 |         13 |       0 |    0 |    20 |      0 |      0 |    0 |          0 |
|   sparse_arr_feat_conv1_out_29_U                                      |                                                    hls_dummy_fifo_w8_d2_S_19 |         16 |         16 |       0 |    0 |    20 |      0 |      0 |    0 |          0 |
|   sparse_arr_feat_conv1_out_2_U                                       |                                                    hls_dummy_fifo_w8_d2_S_20 |         16 |         16 |       0 |    0 |    20 |      0 |      0 |    0 |          0 |
|   sparse_arr_feat_conv1_out_30_U                                      |                                                    hls_dummy_fifo_w8_d2_S_21 |         18 |         18 |       0 |    0 |    20 |      0 |      0 |    0 |          0 |
|   sparse_arr_feat_conv1_out_31_U                                      |                                                    hls_dummy_fifo_w8_d2_S_22 |         18 |         18 |       0 |    0 |    20 |      0 |      0 |    0 |          0 |
|   sparse_arr_feat_conv1_out_32_U                                      |                                                    hls_dummy_fifo_w8_d2_S_23 |         17 |         17 |       0 |    0 |    20 |      0 |      0 |    0 |          0 |
|   sparse_arr_feat_conv1_out_33_U                                      |                                                    hls_dummy_fifo_w8_d2_S_24 |         17 |         17 |       0 |    0 |    20 |      0 |      0 |    0 |          0 |
|   sparse_arr_feat_conv1_out_34_U                                      |                                                    hls_dummy_fifo_w8_d2_S_25 |         19 |         19 |       0 |    0 |    20 |      0 |      0 |    0 |          0 |
|   sparse_arr_feat_conv1_out_35_U                                      |                                                    hls_dummy_fifo_w8_d2_S_26 |         17 |         17 |       0 |    0 |    20 |      0 |      0 |    0 |          0 |
|   sparse_arr_feat_conv1_out_36_U                                      |                                                    hls_dummy_fifo_w8_d2_S_27 |         13 |         13 |       0 |    0 |    20 |      0 |      0 |    0 |          0 |
|   sparse_arr_feat_conv1_out_37_U                                      |                                                    hls_dummy_fifo_w8_d2_S_28 |         14 |         14 |       0 |    0 |    20 |      0 |      0 |    0 |          0 |
|   sparse_arr_feat_conv1_out_38_U                                      |                                                    hls_dummy_fifo_w8_d2_S_29 |         14 |         14 |       0 |    0 |    20 |      0 |      0 |    0 |          0 |
|   sparse_arr_feat_conv1_out_39_U                                      |                                                    hls_dummy_fifo_w8_d2_S_30 |         19 |         19 |       0 |    0 |    20 |      0 |      0 |    0 |          0 |
|   sparse_arr_feat_conv1_out_3_U                                       |                                                    hls_dummy_fifo_w8_d2_S_31 |         16 |         16 |       0 |    0 |    20 |      0 |      0 |    0 |          0 |
|   sparse_arr_feat_conv1_out_40_U                                      |                                                    hls_dummy_fifo_w8_d2_S_32 |         17 |         17 |       0 |    0 |    20 |      0 |      0 |    0 |          0 |
|   sparse_arr_feat_conv1_out_41_U                                      |                                                    hls_dummy_fifo_w8_d2_S_33 |         19 |         19 |       0 |    0 |    20 |      0 |      0 |    0 |          0 |
|   sparse_arr_feat_conv1_out_42_U                                      |                                                    hls_dummy_fifo_w8_d2_S_34 |         17 |         17 |       0 |    0 |    20 |      0 |      0 |    0 |          0 |
|   sparse_arr_feat_conv1_out_43_U                                      |                                                    hls_dummy_fifo_w8_d2_S_35 |         18 |         18 |       0 |    0 |    20 |      0 |      0 |    0 |          0 |
|   sparse_arr_feat_conv1_out_44_U                                      |                                                    hls_dummy_fifo_w8_d2_S_36 |         17 |         17 |       0 |    0 |    20 |      0 |      0 |    0 |          0 |
|   sparse_arr_feat_conv1_out_45_U                                      |                                                    hls_dummy_fifo_w8_d2_S_37 |         16 |         16 |       0 |    0 |    20 |      0 |      0 |    0 |          0 |
|   sparse_arr_feat_conv1_out_46_U                                      |                                                    hls_dummy_fifo_w8_d2_S_38 |         14 |         14 |       0 |    0 |    20 |      0 |      0 |    0 |          0 |
|   sparse_arr_feat_conv1_out_47_U                                      |                                                    hls_dummy_fifo_w8_d2_S_39 |         13 |         13 |       0 |    0 |    20 |      0 |      0 |    0 |          0 |
|   sparse_arr_feat_conv1_out_48_U                                      |                                                    hls_dummy_fifo_w8_d2_S_40 |         17 |         17 |       0 |    0 |    20 |      0 |      0 |    0 |          0 |
|   sparse_arr_feat_conv1_out_49_U                                      |                                                    hls_dummy_fifo_w8_d2_S_41 |         18 |         18 |       0 |    0 |    20 |      0 |      0 |    0 |          0 |
|   sparse_arr_feat_conv1_out_4_U                                       |                                                    hls_dummy_fifo_w8_d2_S_42 |         16 |         16 |       0 |    0 |    20 |      0 |      0 |    0 |          0 |
|   sparse_arr_feat_conv1_out_50_U                                      |                                                    hls_dummy_fifo_w8_d2_S_43 |         18 |         18 |       0 |    0 |    20 |      0 |      0 |    0 |          0 |
|   sparse_arr_feat_conv1_out_51_U                                      |                                                    hls_dummy_fifo_w8_d2_S_44 |         17 |         17 |       0 |    0 |    20 |      0 |      0 |    0 |          0 |
|   sparse_arr_feat_conv1_out_52_U                                      |                                                    hls_dummy_fifo_w8_d2_S_45 |         18 |         18 |       0 |    0 |    20 |      0 |      0 |    0 |          0 |
|   sparse_arr_feat_conv1_out_53_U                                      |                                                    hls_dummy_fifo_w8_d2_S_46 |         19 |         19 |       0 |    0 |    20 |      0 |      0 |    0 |          0 |
|   sparse_arr_feat_conv1_out_54_U                                      |                                                    hls_dummy_fifo_w8_d2_S_47 |         13 |         13 |       0 |    0 |    20 |      0 |      0 |    0 |          0 |
|   sparse_arr_feat_conv1_out_55_U                                      |                                                    hls_dummy_fifo_w8_d2_S_48 |         13 |         13 |       0 |    0 |    20 |      0 |      0 |    0 |          0 |
|   sparse_arr_feat_conv1_out_56_U                                      |                                                    hls_dummy_fifo_w8_d2_S_49 |         14 |         14 |       0 |    0 |    20 |      0 |      0 |    0 |          0 |
|   sparse_arr_feat_conv1_out_57_U                                      |                                                    hls_dummy_fifo_w8_d2_S_50 |         13 |         13 |       0 |    0 |    20 |      0 |      0 |    0 |          0 |
|   sparse_arr_feat_conv1_out_58_U                                      |                                                    hls_dummy_fifo_w8_d2_S_51 |         14 |         14 |       0 |    0 |    20 |      0 |      0 |    0 |          0 |
|   sparse_arr_feat_conv1_out_59_U                                      |                                                    hls_dummy_fifo_w8_d2_S_52 |         13 |         13 |       0 |    0 |    20 |      0 |      0 |    0 |          0 |
|   sparse_arr_feat_conv1_out_5_U                                       |                                                    hls_dummy_fifo_w8_d2_S_53 |         17 |         17 |       0 |    0 |    20 |      0 |      0 |    0 |          0 |
|   sparse_arr_feat_conv1_out_60_U                                      |                                                    hls_dummy_fifo_w8_d2_S_54 |         14 |         14 |       0 |    0 |    20 |      0 |      0 |    0 |          0 |
|   sparse_arr_feat_conv1_out_61_U                                      |                                                    hls_dummy_fifo_w8_d2_S_55 |         16 |         16 |       0 |    0 |    20 |      0 |      0 |    0 |          0 |
|   sparse_arr_feat_conv1_out_62_U                                      |                                                    hls_dummy_fifo_w8_d2_S_56 |         13 |         13 |       0 |    0 |    20 |      0 |      0 |    0 |          0 |
|   sparse_arr_feat_conv1_out_63_U                                      |                                                    hls_dummy_fifo_w8_d2_S_57 |         15 |         15 |       0 |    0 |    20 |      0 |      0 |    0 |          0 |
|   sparse_arr_feat_conv1_out_64_U                                      |                                                    hls_dummy_fifo_w8_d2_S_58 |         13 |         13 |       0 |    0 |    20 |      0 |      0 |    0 |          0 |
|   sparse_arr_feat_conv1_out_65_U                                      |                                                    hls_dummy_fifo_w8_d2_S_59 |         13 |         13 |       0 |    0 |    20 |      0 |      0 |    0 |          0 |
|   sparse_arr_feat_conv1_out_66_U                                      |                                                    hls_dummy_fifo_w8_d2_S_60 |         14 |         14 |       0 |    0 |    20 |      0 |      0 |    0 |          0 |
|   sparse_arr_feat_conv1_out_67_U                                      |                                                    hls_dummy_fifo_w8_d2_S_61 |         14 |         14 |       0 |    0 |    20 |      0 |      0 |    0 |          0 |
|   sparse_arr_feat_conv1_out_68_U                                      |                                                    hls_dummy_fifo_w8_d2_S_62 |         15 |         15 |       0 |    0 |    20 |      0 |      0 |    0 |          0 |
|   sparse_arr_feat_conv1_out_69_U                                      |                                                    hls_dummy_fifo_w8_d2_S_63 |         14 |         14 |       0 |    0 |    20 |      0 |      0 |    0 |          0 |
|   sparse_arr_feat_conv1_out_6_U                                       |                                                    hls_dummy_fifo_w8_d2_S_64 |         14 |         14 |       0 |    0 |    20 |      0 |      0 |    0 |          0 |
|   sparse_arr_feat_conv1_out_70_U                                      |                                                    hls_dummy_fifo_w8_d2_S_65 |         15 |         15 |       0 |    0 |    20 |      0 |      0 |    0 |          0 |
|   sparse_arr_feat_conv1_out_71_U                                      |                                                    hls_dummy_fifo_w8_d2_S_66 |         13 |         13 |       0 |    0 |    20 |      0 |      0 |    0 |          0 |
|   sparse_arr_feat_conv1_out_72_U                                      |                                                    hls_dummy_fifo_w8_d2_S_67 |         14 |         14 |       0 |    0 |    20 |      0 |      0 |    0 |          0 |
|   sparse_arr_feat_conv1_out_73_U                                      |                                                    hls_dummy_fifo_w8_d2_S_68 |         13 |         13 |       0 |    0 |    20 |      0 |      0 |    0 |          0 |
|   sparse_arr_feat_conv1_out_74_U                                      |                                                    hls_dummy_fifo_w8_d2_S_69 |         14 |         14 |       0 |    0 |    20 |      0 |      0 |    0 |          0 |
|   sparse_arr_feat_conv1_out_7_U                                       |                                                    hls_dummy_fifo_w8_d2_S_70 |         14 |         14 |       0 |    0 |    20 |      0 |      0 |    0 |          0 |
|   sparse_arr_feat_conv1_out_8_U                                       |                                                    hls_dummy_fifo_w8_d2_S_71 |         13 |         13 |       0 |    0 |    20 |      0 |      0 |    0 |          0 |
|   sparse_arr_feat_conv1_out_9_U                                       |                                                    hls_dummy_fifo_w8_d2_S_72 |         14 |         14 |       0 |    0 |    20 |      0 |      0 |    0 |          0 |
|   sparse_arr_feat_conv1_out_U                                         |                                                    hls_dummy_fifo_w8_d2_S_73 |         13 |         13 |       0 |    0 |    20 |      0 |      0 |    0 |          0 |
|   sparse_arr_feat_pool1_out_10_U                                      |                                                    hls_dummy_fifo_w8_d2_S_74 |         22 |         22 |       0 |    0 |    16 |      0 |      0 |    0 |          0 |
|   sparse_arr_feat_pool1_out_11_U                                      |                                                    hls_dummy_fifo_w8_d2_S_75 |         19 |         19 |       0 |    0 |    16 |      0 |      0 |    0 |          0 |
|   sparse_arr_feat_pool1_out_12_U                                      |                                                    hls_dummy_fifo_w8_d2_S_76 |         21 |         21 |       0 |    0 |    16 |      0 |      0 |    0 |          0 |
|   sparse_arr_feat_pool1_out_13_U                                      |                                                    hls_dummy_fifo_w8_d2_S_77 |         20 |         20 |       0 |    0 |    16 |      0 |      0 |    0 |          0 |
|   sparse_arr_feat_pool1_out_14_U                                      |                                                    hls_dummy_fifo_w8_d2_S_78 |         19 |         19 |       0 |    0 |    16 |      0 |      0 |    0 |          0 |
|   sparse_arr_feat_pool1_out_15_U                                      |                                                    hls_dummy_fifo_w8_d2_S_79 |         19 |         19 |       0 |    0 |    16 |      0 |      0 |    0 |          0 |
|   sparse_arr_feat_pool1_out_16_U                                      |                                                    hls_dummy_fifo_w8_d2_S_80 |         20 |         20 |       0 |    0 |    16 |      0 |      0 |    0 |          0 |
|   sparse_arr_feat_pool1_out_17_U                                      |                                                    hls_dummy_fifo_w8_d2_S_81 |         20 |         20 |       0 |    0 |    16 |      0 |      0 |    0 |          0 |
|   sparse_arr_feat_pool1_out_18_U                                      |                                                    hls_dummy_fifo_w8_d2_S_82 |         21 |         21 |       0 |    0 |    16 |      0 |      0 |    0 |          0 |
|   sparse_arr_feat_pool1_out_19_U                                      |                                                    hls_dummy_fifo_w8_d2_S_83 |         19 |         19 |       0 |    0 |    16 |      0 |      0 |    0 |          0 |
|   sparse_arr_feat_pool1_out_1_U                                       |                                                    hls_dummy_fifo_w8_d2_S_84 |         19 |         19 |       0 |    0 |    16 |      0 |      0 |    0 |          0 |
|   sparse_arr_feat_pool1_out_20_U                                      |                                                    hls_dummy_fifo_w8_d2_S_85 |         19 |         19 |       0 |    0 |    16 |      0 |      0 |    0 |          0 |
|   sparse_arr_feat_pool1_out_21_U                                      |                                                    hls_dummy_fifo_w8_d2_S_86 |         19 |         19 |       0 |    0 |    16 |      0 |      0 |    0 |          0 |
|   sparse_arr_feat_pool1_out_22_U                                      |                                                    hls_dummy_fifo_w8_d2_S_87 |         19 |         19 |       0 |    0 |    16 |      0 |      0 |    0 |          0 |
|   sparse_arr_feat_pool1_out_23_U                                      |                                                    hls_dummy_fifo_w8_d2_S_88 |         21 |         21 |       0 |    0 |    16 |      0 |      0 |    0 |          0 |
|   sparse_arr_feat_pool1_out_24_U                                      |                                                    hls_dummy_fifo_w8_d2_S_89 |         21 |         21 |       0 |    0 |    16 |      0 |      0 |    0 |          0 |
|   sparse_arr_feat_pool1_out_25_U                                      |                                                    hls_dummy_fifo_w8_d2_S_90 |         19 |         19 |       0 |    0 |    16 |      0 |      0 |    0 |          0 |
|   sparse_arr_feat_pool1_out_26_U                                      |                                                    hls_dummy_fifo_w8_d2_S_91 |         20 |         20 |       0 |    0 |    16 |      0 |      0 |    0 |          0 |
|   sparse_arr_feat_pool1_out_27_U                                      |                                                    hls_dummy_fifo_w8_d2_S_92 |         21 |         21 |       0 |    0 |    16 |      0 |      0 |    0 |          0 |
|   sparse_arr_feat_pool1_out_28_U                                      |                                                    hls_dummy_fifo_w8_d2_S_93 |         19 |         19 |       0 |    0 |    16 |      0 |      0 |    0 |          0 |
|   sparse_arr_feat_pool1_out_29_U                                      |                                                    hls_dummy_fifo_w8_d2_S_94 |         20 |         20 |       0 |    0 |    16 |      0 |      0 |    0 |          0 |
|   sparse_arr_feat_pool1_out_2_U                                       |                                                    hls_dummy_fifo_w8_d2_S_95 |         23 |         23 |       0 |    0 |    16 |      0 |      0 |    0 |          0 |
|   sparse_arr_feat_pool1_out_30_U                                      |                                                    hls_dummy_fifo_w8_d2_S_96 |         20 |         20 |       0 |    0 |    16 |      0 |      0 |    0 |          0 |
|   sparse_arr_feat_pool1_out_31_U                                      |                                                    hls_dummy_fifo_w8_d2_S_97 |         20 |         20 |       0 |    0 |    16 |      0 |      0 |    0 |          0 |
|   sparse_arr_feat_pool1_out_32_U                                      |                                                    hls_dummy_fifo_w8_d2_S_98 |         19 |         19 |       0 |    0 |    16 |      0 |      0 |    0 |          0 |
|   sparse_arr_feat_pool1_out_33_U                                      |                                                    hls_dummy_fifo_w8_d2_S_99 |         19 |         19 |       0 |    0 |    16 |      0 |      0 |    0 |          0 |
|   sparse_arr_feat_pool1_out_34_U                                      |                                                   hls_dummy_fifo_w8_d2_S_100 |         23 |         23 |       0 |    0 |    16 |      0 |      0 |    0 |          0 |
|   sparse_arr_feat_pool1_out_35_U                                      |                                                   hls_dummy_fifo_w8_d2_S_101 |         19 |         19 |       0 |    0 |    16 |      0 |      0 |    0 |          0 |
|   sparse_arr_feat_pool1_out_36_U                                      |                                                   hls_dummy_fifo_w8_d2_S_102 |         19 |         19 |       0 |    0 |    16 |      0 |      0 |    0 |          0 |
|   sparse_arr_feat_pool1_out_37_U                                      |                                                   hls_dummy_fifo_w8_d2_S_103 |         19 |         19 |       0 |    0 |    16 |      0 |      0 |    0 |          0 |
|   sparse_arr_feat_pool1_out_38_U                                      |                                                   hls_dummy_fifo_w8_d2_S_104 |         20 |         20 |       0 |    0 |    16 |      0 |      0 |    0 |          0 |
|   sparse_arr_feat_pool1_out_39_U                                      |                                                   hls_dummy_fifo_w8_d2_S_105 |         22 |         22 |       0 |    0 |    16 |      0 |      0 |    0 |          0 |
|   sparse_arr_feat_pool1_out_3_U                                       |                                                   hls_dummy_fifo_w8_d2_S_106 |         19 |         19 |       0 |    0 |    16 |      0 |      0 |    0 |          0 |
|   sparse_arr_feat_pool1_out_40_U                                      |                                                   hls_dummy_fifo_w8_d2_S_107 |         19 |         19 |       0 |    0 |    16 |      0 |      0 |    0 |          0 |
|   sparse_arr_feat_pool1_out_41_U                                      |                                                   hls_dummy_fifo_w8_d2_S_108 |         21 |         21 |       0 |    0 |    16 |      0 |      0 |    0 |          0 |
|   sparse_arr_feat_pool1_out_42_U                                      |                                                   hls_dummy_fifo_w8_d2_S_109 |         20 |         20 |       0 |    0 |    16 |      0 |      0 |    0 |          0 |
|   sparse_arr_feat_pool1_out_43_U                                      |                                                   hls_dummy_fifo_w8_d2_S_110 |         20 |         20 |       0 |    0 |    16 |      0 |      0 |    0 |          0 |
|   sparse_arr_feat_pool1_out_44_U                                      |                                                   hls_dummy_fifo_w8_d2_S_111 |         19 |         19 |       0 |    0 |    16 |      0 |      0 |    0 |          0 |
|   sparse_arr_feat_pool1_out_45_U                                      |                                                   hls_dummy_fifo_w8_d2_S_112 |         20 |         20 |       0 |    0 |    16 |      0 |      0 |    0 |          0 |
|   sparse_arr_feat_pool1_out_46_U                                      |                                                   hls_dummy_fifo_w8_d2_S_113 |         20 |         20 |       0 |    0 |    16 |      0 |      0 |    0 |          0 |
|   sparse_arr_feat_pool1_out_47_U                                      |                                                   hls_dummy_fifo_w8_d2_S_114 |         19 |         19 |       0 |    0 |    16 |      0 |      0 |    0 |          0 |
|   sparse_arr_feat_pool1_out_48_U                                      |                                                   hls_dummy_fifo_w8_d2_S_115 |         19 |         19 |       0 |    0 |    16 |      0 |      0 |    0 |          0 |
|   sparse_arr_feat_pool1_out_49_U                                      |                                                   hls_dummy_fifo_w8_d2_S_116 |         20 |         20 |       0 |    0 |    16 |      0 |      0 |    0 |          0 |
|   sparse_arr_feat_pool1_out_4_U                                       |                                                   hls_dummy_fifo_w8_d2_S_117 |         19 |         19 |       0 |    0 |    16 |      0 |      0 |    0 |          0 |
|   sparse_arr_feat_pool1_out_50_U                                      |                                                   hls_dummy_fifo_w8_d2_S_118 |         21 |         21 |       0 |    0 |    16 |      0 |      0 |    0 |          0 |
|   sparse_arr_feat_pool1_out_51_U                                      |                                                   hls_dummy_fifo_w8_d2_S_119 |         19 |         19 |       0 |    0 |    16 |      0 |      0 |    0 |          0 |
|   sparse_arr_feat_pool1_out_52_U                                      |                                                   hls_dummy_fifo_w8_d2_S_120 |         20 |         20 |       0 |    0 |    16 |      0 |      0 |    0 |          0 |
|   sparse_arr_feat_pool1_out_53_U                                      |                                                   hls_dummy_fifo_w8_d2_S_121 |         21 |         21 |       0 |    0 |    16 |      0 |      0 |    0 |          0 |
|   sparse_arr_feat_pool1_out_54_U                                      |                                                   hls_dummy_fifo_w8_d2_S_122 |         19 |         19 |       0 |    0 |    16 |      0 |      0 |    0 |          0 |
|   sparse_arr_feat_pool1_out_55_U                                      |                                                   hls_dummy_fifo_w8_d2_S_123 |         20 |         20 |       0 |    0 |    16 |      0 |      0 |    0 |          0 |
|   sparse_arr_feat_pool1_out_56_U                                      |                                                   hls_dummy_fifo_w8_d2_S_124 |         20 |         20 |       0 |    0 |    16 |      0 |      0 |    0 |          0 |
|   sparse_arr_feat_pool1_out_57_U                                      |                                                   hls_dummy_fifo_w8_d2_S_125 |         19 |         19 |       0 |    0 |    16 |      0 |      0 |    0 |          0 |
|   sparse_arr_feat_pool1_out_58_U                                      |                                                   hls_dummy_fifo_w8_d2_S_126 |         21 |         21 |       0 |    0 |    16 |      0 |      0 |    0 |          0 |
|   sparse_arr_feat_pool1_out_59_U                                      |                                                   hls_dummy_fifo_w8_d2_S_127 |         19 |         19 |       0 |    0 |    16 |      0 |      0 |    0 |          0 |
|   sparse_arr_feat_pool1_out_5_U                                       |                                                   hls_dummy_fifo_w8_d2_S_128 |         19 |         19 |       0 |    0 |    16 |      0 |      0 |    0 |          0 |
|   sparse_arr_feat_pool1_out_60_U                                      |                                                   hls_dummy_fifo_w8_d2_S_129 |         20 |         20 |       0 |    0 |    16 |      0 |      0 |    0 |          0 |
|   sparse_arr_feat_pool1_out_61_U                                      |                                                   hls_dummy_fifo_w8_d2_S_130 |         19 |         19 |       0 |    0 |    16 |      0 |      0 |    0 |          0 |
|   sparse_arr_feat_pool1_out_62_U                                      |                                                   hls_dummy_fifo_w8_d2_S_131 |         19 |         19 |       0 |    0 |    16 |      0 |      0 |    0 |          0 |
|   sparse_arr_feat_pool1_out_63_U                                      |                                                   hls_dummy_fifo_w8_d2_S_132 |         21 |         21 |       0 |    0 |    16 |      0 |      0 |    0 |          0 |
|   sparse_arr_feat_pool1_out_64_U                                      |                                                   hls_dummy_fifo_w8_d2_S_133 |         19 |         19 |       0 |    0 |    16 |      0 |      0 |    0 |          0 |
|   sparse_arr_feat_pool1_out_65_U                                      |                                                   hls_dummy_fifo_w8_d2_S_134 |         19 |         19 |       0 |    0 |    16 |      0 |      0 |    0 |          0 |
|   sparse_arr_feat_pool1_out_66_U                                      |                                                   hls_dummy_fifo_w8_d2_S_135 |         21 |         21 |       0 |    0 |    16 |      0 |      0 |    0 |          0 |
|   sparse_arr_feat_pool1_out_67_U                                      |                                                   hls_dummy_fifo_w8_d2_S_136 |         20 |         20 |       0 |    0 |    16 |      0 |      0 |    0 |          0 |
|   sparse_arr_feat_pool1_out_68_U                                      |                                                   hls_dummy_fifo_w8_d2_S_137 |         21 |         21 |       0 |    0 |    16 |      0 |      0 |    0 |          0 |
|   sparse_arr_feat_pool1_out_69_U                                      |                                                   hls_dummy_fifo_w8_d2_S_138 |         19 |         19 |       0 |    0 |    16 |      0 |      0 |    0 |          0 |
|   sparse_arr_feat_pool1_out_6_U                                       |                                                   hls_dummy_fifo_w8_d2_S_139 |         20 |         20 |       0 |    0 |    16 |      0 |      0 |    0 |          0 |
|   sparse_arr_feat_pool1_out_70_U                                      |                                                   hls_dummy_fifo_w8_d2_S_140 |         21 |         21 |       0 |    0 |    16 |      0 |      0 |    0 |          0 |
|   sparse_arr_feat_pool1_out_71_U                                      |                                                   hls_dummy_fifo_w8_d2_S_141 |         20 |         20 |       0 |    0 |    16 |      0 |      0 |    0 |          0 |
|   sparse_arr_feat_pool1_out_72_U                                      |                                                   hls_dummy_fifo_w8_d2_S_142 |         20 |         20 |       0 |    0 |    16 |      0 |      0 |    0 |          0 |
|   sparse_arr_feat_pool1_out_73_U                                      |                                                   hls_dummy_fifo_w8_d2_S_143 |         19 |         19 |       0 |    0 |    16 |      0 |      0 |    0 |          0 |
|   sparse_arr_feat_pool1_out_74_U                                      |                                                   hls_dummy_fifo_w8_d2_S_144 |         20 |         20 |       0 |    0 |    16 |      0 |      0 |    0 |          0 |
|   sparse_arr_feat_pool1_out_7_U                                       |                                                   hls_dummy_fifo_w8_d2_S_145 |         21 |         21 |       0 |    0 |    16 |      0 |      0 |    0 |          0 |
|   sparse_arr_feat_pool1_out_8_U                                       |                                                   hls_dummy_fifo_w8_d2_S_146 |         19 |         19 |       0 |    0 |    16 |      0 |      0 |    0 |          0 |
|   sparse_arr_feat_pool1_out_9_U                                       |                                                   hls_dummy_fifo_w8_d2_S_147 |         20 |         20 |       0 |    0 |    16 |      0 |      0 |    0 |          0 |
|   sparse_arr_feat_pool1_out_U                                         |                                                   hls_dummy_fifo_w8_d2_S_148 |         19 |         19 |       0 |    0 |    16 |      0 |      0 |    0 |          0 |
|   sparse_arr_feat_reduce_out_10_U                                     |                                                   hls_dummy_fifo_w8_d2_S_149 |        584 |        584 |       0 |    0 |    18 |      0 |      0 |    0 |          0 |
|   sparse_arr_feat_reduce_out_11_U                                     |                                                   hls_dummy_fifo_w8_d2_S_150 |       2025 |       2025 |       0 |    0 |    18 |      0 |      0 |    0 |          0 |
|   sparse_arr_feat_reduce_out_12_U                                     |                                                   hls_dummy_fifo_w8_d2_S_151 |       1978 |       1978 |       0 |    0 |    18 |      0 |      0 |    0 |          0 |
|   sparse_arr_feat_reduce_out_13_U                                     |                                                   hls_dummy_fifo_w8_d2_S_152 |       1931 |       1931 |       0 |    0 |    18 |      0 |      0 |    0 |          0 |
|   sparse_arr_feat_reduce_out_14_U                                     |                                                   hls_dummy_fifo_w8_d2_S_153 |       1901 |       1901 |       0 |    0 |    18 |      0 |      0 |    0 |          0 |
|   sparse_arr_feat_reduce_out_15_U                                     |                                                   hls_dummy_fifo_w8_d2_S_154 |       1851 |       1851 |       0 |    0 |    18 |      0 |      0 |    0 |          0 |
|   sparse_arr_feat_reduce_out_16_U                                     |                                                   hls_dummy_fifo_w8_d2_S_155 |       1786 |       1786 |       0 |    0 |    18 |      0 |      0 |    0 |          0 |
|   sparse_arr_feat_reduce_out_17_U                                     |                                                   hls_dummy_fifo_w8_d2_S_156 |       1754 |       1754 |       0 |    0 |    18 |      0 |      0 |    0 |          0 |
|   sparse_arr_feat_reduce_out_18_U                                     |                                                   hls_dummy_fifo_w8_d2_S_157 |       1703 |       1703 |       0 |    0 |    18 |      0 |      0 |    0 |          0 |
|   sparse_arr_feat_reduce_out_19_U                                     |                                                   hls_dummy_fifo_w8_d2_S_158 |       1642 |       1642 |       0 |    0 |    18 |      0 |      0 |    0 |          0 |
|   sparse_arr_feat_reduce_out_1_U                                      |                                                   hls_dummy_fifo_w8_d2_S_159 |       2479 |       2479 |       0 |    0 |    18 |      0 |      0 |    0 |          0 |
|   sparse_arr_feat_reduce_out_20_U                                     |                                                   hls_dummy_fifo_w8_d2_S_160 |       1596 |       1596 |       0 |    0 |    18 |      0 |      0 |    0 |          0 |
|   sparse_arr_feat_reduce_out_21_U                                     |                                                   hls_dummy_fifo_w8_d2_S_161 |       1550 |       1550 |       0 |    0 |    18 |      0 |      0 |    0 |          0 |
|   sparse_arr_feat_reduce_out_22_U                                     |                                                   hls_dummy_fifo_w8_d2_S_162 |       1499 |       1499 |       0 |    0 |    18 |      0 |      0 |    0 |          0 |
|   sparse_arr_feat_reduce_out_23_U                                     |                                                   hls_dummy_fifo_w8_d2_S_163 |        116 |        116 |       0 |    0 |    18 |      0 |      0 |    0 |          0 |
|   sparse_arr_feat_reduce_out_24_U                                     |                                                   hls_dummy_fifo_w8_d2_S_164 |       1376 |       1376 |       0 |    0 |    18 |      0 |      0 |    0 |          0 |
|   sparse_arr_feat_reduce_out_2_U                                      |                                                   hls_dummy_fifo_w8_d2_S_165 |       2484 |       2484 |       0 |    0 |    18 |      0 |      0 |    0 |          0 |
|   sparse_arr_feat_reduce_out_3_U                                      |                                                   hls_dummy_fifo_w8_d2_S_166 |       2442 |       2442 |       0 |    0 |    18 |      0 |      0 |    0 |          0 |
|   sparse_arr_feat_reduce_out_4_U                                      |                                                   hls_dummy_fifo_w8_d2_S_167 |       2349 |       2349 |       0 |    0 |    18 |      0 |      0 |    0 |          0 |
|   sparse_arr_feat_reduce_out_5_U                                      |                                                   hls_dummy_fifo_w8_d2_S_168 |       2314 |       2314 |       0 |    0 |    18 |      0 |      0 |    0 |          0 |
|   sparse_arr_feat_reduce_out_6_U                                      |                                                   hls_dummy_fifo_w8_d2_S_169 |       2265 |       2265 |       0 |    0 |    18 |      0 |      0 |    0 |          0 |
|   sparse_arr_feat_reduce_out_7_U                                      |                                                   hls_dummy_fifo_w8_d2_S_170 |       2218 |       2218 |       0 |    0 |    18 |      0 |      0 |    0 |          0 |
|   sparse_arr_feat_reduce_out_8_U                                      |                                                   hls_dummy_fifo_w8_d2_S_171 |       2174 |       2174 |       0 |    0 |    18 |      0 |      0 |    0 |          0 |
|   sparse_arr_feat_reduce_out_9_U                                      |                                                   hls_dummy_fifo_w8_d2_S_172 |       1580 |       1580 |       0 |    0 |    18 |      0 |      0 |    0 |          0 |
|   sparse_arr_feat_reduce_out_U                                        |                                                   hls_dummy_fifo_w8_d2_S_173 |       2557 |       2557 |       0 |    0 |    18 |      0 |      0 |    0 |          0 |
|   sparse_arr_hash_reduce_out_10_c22_channel_U                         |                                                       hls_dummy_fifo_w4_d2_S |         23 |         23 |       0 |    0 |    12 |      0 |      0 |    0 |          0 |
|   sparse_arr_hash_reduce_out_10_c_U                                   |                                                   hls_dummy_fifo_w4_d2_S_174 |         14 |         14 |       0 |    0 |    12 |      0 |      0 |    0 |          0 |
|   sparse_arr_hash_reduce_out_11_c23_channel_U                         |                                                   hls_dummy_fifo_w4_d2_S_175 |         20 |         20 |       0 |    0 |    12 |      0 |      0 |    0 |          0 |
|   sparse_arr_hash_reduce_out_11_c_U                                   |                                                   hls_dummy_fifo_w4_d2_S_176 |         14 |         14 |       0 |    0 |    12 |      0 |      0 |    0 |          0 |
|   sparse_arr_hash_reduce_out_12_c24_channel_U                         |                                                   hls_dummy_fifo_w4_d2_S_177 |         23 |         23 |       0 |    0 |    12 |      0 |      0 |    0 |          0 |
|   sparse_arr_hash_reduce_out_12_c_U                                   |                                                   hls_dummy_fifo_w4_d2_S_178 |         11 |         11 |       0 |    0 |    12 |      0 |      0 |    0 |          0 |
|   sparse_arr_hash_reduce_out_13_c25_channel_U                         |                                                   hls_dummy_fifo_w4_d2_S_179 |         19 |         19 |       0 |    0 |    12 |      0 |      0 |    0 |          0 |
|   sparse_arr_hash_reduce_out_13_c_U                                   |                                                   hls_dummy_fifo_w4_d2_S_180 |         11 |         11 |       0 |    0 |    12 |      0 |      0 |    0 |          0 |
|   sparse_arr_hash_reduce_out_14_c26_channel_U                         |                                                   hls_dummy_fifo_w4_d2_S_181 |         21 |         21 |       0 |    0 |    12 |      0 |      0 |    0 |          0 |
|   sparse_arr_hash_reduce_out_14_c_U                                   |                                                   hls_dummy_fifo_w4_d2_S_182 |         10 |         10 |       0 |    0 |    12 |      0 |      0 |    0 |          0 |
|   sparse_arr_hash_reduce_out_15_c27_channel_U                         |                                                   hls_dummy_fifo_w4_d2_S_183 |         22 |         22 |       0 |    0 |    12 |      0 |      0 |    0 |          0 |
|   sparse_arr_hash_reduce_out_15_c_U                                   |                                                   hls_dummy_fifo_w4_d2_S_184 |         11 |         11 |       0 |    0 |    12 |      0 |      0 |    0 |          0 |
|   sparse_arr_hash_reduce_out_16_c28_channel_U                         |                                                   hls_dummy_fifo_w4_d2_S_185 |         24 |         24 |       0 |    0 |    12 |      0 |      0 |    0 |          0 |
|   sparse_arr_hash_reduce_out_16_c_U                                   |                                                   hls_dummy_fifo_w4_d2_S_186 |         11 |         11 |       0 |    0 |    12 |      0 |      0 |    0 |          0 |
|   sparse_arr_hash_reduce_out_17_c29_channel_U                         |                                                   hls_dummy_fifo_w4_d2_S_187 |         18 |         18 |       0 |    0 |    12 |      0 |      0 |    0 |          0 |
|   sparse_arr_hash_reduce_out_17_c_U                                   |                                                   hls_dummy_fifo_w4_d2_S_188 |         10 |         10 |       0 |    0 |    12 |      0 |      0 |    0 |          0 |
|   sparse_arr_hash_reduce_out_18_c30_channel_U                         |                                                   hls_dummy_fifo_w4_d2_S_189 |        105 |        105 |       0 |    0 |    12 |      0 |      0 |    0 |          0 |
|   sparse_arr_hash_reduce_out_18_c_U                                   |                                                   hls_dummy_fifo_w4_d2_S_190 |         13 |         13 |       0 |    0 |    12 |      0 |      0 |    0 |          0 |
|   sparse_arr_hash_reduce_out_19_c31_channel_U                         |                                                   hls_dummy_fifo_w4_d2_S_191 |        103 |        103 |       0 |    0 |    12 |      0 |      0 |    0 |          0 |
|   sparse_arr_hash_reduce_out_19_c_U                                   |                                                   hls_dummy_fifo_w4_d2_S_192 |         10 |         10 |       0 |    0 |    12 |      0 |      0 |    0 |          0 |
|   sparse_arr_hash_reduce_out_1_c13_channel_U                          |                                                   hls_dummy_fifo_w4_d2_S_193 |         18 |         18 |       0 |    0 |    12 |      0 |      0 |    0 |          0 |
|   sparse_arr_hash_reduce_out_1_c_U                                    |                                                   hls_dummy_fifo_w4_d2_S_194 |         16 |         16 |       0 |    0 |    12 |      0 |      0 |    0 |          0 |
|   sparse_arr_hash_reduce_out_20_c32_channel_U                         |                                                   hls_dummy_fifo_w4_d2_S_195 |         61 |         61 |       0 |    0 |    12 |      0 |      0 |    0 |          0 |
|   sparse_arr_hash_reduce_out_20_c_U                                   |                                                   hls_dummy_fifo_w4_d2_S_196 |         10 |         10 |       0 |    0 |    12 |      0 |      0 |    0 |          0 |
|   sparse_arr_hash_reduce_out_21_c33_channel_U                         |                                                   hls_dummy_fifo_w4_d2_S_197 |         78 |         78 |       0 |    0 |    12 |      0 |      0 |    0 |          0 |
|   sparse_arr_hash_reduce_out_21_c_U                                   |                                                   hls_dummy_fifo_w4_d2_S_198 |         11 |         11 |       0 |    0 |    12 |      0 |      0 |    0 |          0 |
|   sparse_arr_hash_reduce_out_22_c34_channel_U                         |                                                   hls_dummy_fifo_w4_d2_S_199 |         21 |         21 |       0 |    0 |    12 |      0 |      0 |    0 |          0 |
|   sparse_arr_hash_reduce_out_22_c_U                                   |                                                   hls_dummy_fifo_w4_d2_S_200 |         11 |         11 |       0 |    0 |    12 |      0 |      0 |    0 |          0 |
|   sparse_arr_hash_reduce_out_23_c35_channel_U                         |                                                   hls_dummy_fifo_w4_d2_S_201 |         23 |         23 |       0 |    0 |    12 |      0 |      0 |    0 |          0 |
|   sparse_arr_hash_reduce_out_23_c_U                                   |                                                   hls_dummy_fifo_w4_d2_S_202 |         10 |         10 |       0 |    0 |    12 |      0 |      0 |    0 |          0 |
|   sparse_arr_hash_reduce_out_24_c36_channel_U                         |                                                   hls_dummy_fifo_w4_d2_S_203 |         22 |         22 |       0 |    0 |    12 |      0 |      0 |    0 |          0 |
|   sparse_arr_hash_reduce_out_24_c_U                                   |                                                   hls_dummy_fifo_w4_d2_S_204 |         11 |         11 |       0 |    0 |    12 |      0 |      0 |    0 |          0 |
|   sparse_arr_hash_reduce_out_25_c37_channel_U                         |                                                   hls_dummy_fifo_w4_d2_S_205 |         21 |         21 |       0 |    0 |    12 |      0 |      0 |    0 |          0 |
|   sparse_arr_hash_reduce_out_25_c_U                                   |                                                   hls_dummy_fifo_w4_d2_S_206 |         10 |         10 |       0 |    0 |    12 |      0 |      0 |    0 |          0 |
|   sparse_arr_hash_reduce_out_26_c38_channel_U                         |                                                   hls_dummy_fifo_w4_d2_S_207 |         22 |         22 |       0 |    0 |    12 |      0 |      0 |    0 |          0 |
|   sparse_arr_hash_reduce_out_26_c_U                                   |                                                   hls_dummy_fifo_w4_d2_S_208 |         10 |         10 |       0 |    0 |    12 |      0 |      0 |    0 |          0 |
|   sparse_arr_hash_reduce_out_27_c39_channel_U                         |                                                   hls_dummy_fifo_w4_d2_S_209 |         16 |         16 |       0 |    0 |    12 |      0 |      0 |    0 |          0 |
|   sparse_arr_hash_reduce_out_27_c_U                                   |                                                   hls_dummy_fifo_w4_d2_S_210 |         10 |         10 |       0 |    0 |    12 |      0 |      0 |    0 |          0 |
|   sparse_arr_hash_reduce_out_28_c40_channel_U                         |                                                   hls_dummy_fifo_w4_d2_S_211 |         23 |         23 |       0 |    0 |    12 |      0 |      0 |    0 |          0 |
|   sparse_arr_hash_reduce_out_28_c_U                                   |                                                   hls_dummy_fifo_w4_d2_S_212 |         10 |         10 |       0 |    0 |    12 |      0 |      0 |    0 |          0 |
|   sparse_arr_hash_reduce_out_29_c41_channel_U                         |                                                   hls_dummy_fifo_w4_d2_S_213 |         20 |         20 |       0 |    0 |    12 |      0 |      0 |    0 |          0 |
|   sparse_arr_hash_reduce_out_29_c_U                                   |                                                   hls_dummy_fifo_w4_d2_S_214 |         10 |         10 |       0 |    0 |    12 |      0 |      0 |    0 |          0 |
|   sparse_arr_hash_reduce_out_2_c14_channel_U                          |                                                   hls_dummy_fifo_w4_d2_S_215 |         23 |         23 |       0 |    0 |    12 |      0 |      0 |    0 |          0 |
|   sparse_arr_hash_reduce_out_2_c_U                                    |                                                   hls_dummy_fifo_w4_d2_S_216 |         14 |         14 |       0 |    0 |    12 |      0 |      0 |    0 |          0 |
|   sparse_arr_hash_reduce_out_30_c42_channel_U                         |                                                   hls_dummy_fifo_w4_d2_S_217 |         24 |         24 |       0 |    0 |    12 |      0 |      0 |    0 |          0 |
|   sparse_arr_hash_reduce_out_30_c_U                                   |                                                   hls_dummy_fifo_w4_d2_S_218 |         11 |         11 |       0 |    0 |    12 |      0 |      0 |    0 |          0 |
|   sparse_arr_hash_reduce_out_31_c43_channel_U                         |                                                   hls_dummy_fifo_w4_d2_S_219 |         24 |         24 |       0 |    0 |    12 |      0 |      0 |    0 |          0 |
|   sparse_arr_hash_reduce_out_31_c_U                                   |                                                   hls_dummy_fifo_w4_d2_S_220 |         10 |         10 |       0 |    0 |    12 |      0 |      0 |    0 |          0 |
|   sparse_arr_hash_reduce_out_32_c44_channel_U                         |                                                   hls_dummy_fifo_w4_d2_S_221 |         22 |         22 |       0 |    0 |    12 |      0 |      0 |    0 |          0 |
|   sparse_arr_hash_reduce_out_32_c_U                                   |                                                   hls_dummy_fifo_w4_d2_S_222 |         10 |         10 |       0 |    0 |    12 |      0 |      0 |    0 |          0 |
|   sparse_arr_hash_reduce_out_33_c45_channel_U                         |                                                   hls_dummy_fifo_w4_d2_S_223 |         20 |         20 |       0 |    0 |    12 |      0 |      0 |    0 |          0 |
|   sparse_arr_hash_reduce_out_33_c_U                                   |                                                   hls_dummy_fifo_w4_d2_S_224 |         10 |         10 |       0 |    0 |    12 |      0 |      0 |    0 |          0 |
|   sparse_arr_hash_reduce_out_34_c46_channel_U                         |                                                   hls_dummy_fifo_w4_d2_S_225 |         24 |         24 |       0 |    0 |    12 |      0 |      0 |    0 |          0 |
|   sparse_arr_hash_reduce_out_34_c_U                                   |                                                   hls_dummy_fifo_w4_d2_S_226 |         10 |         10 |       0 |    0 |    12 |      0 |      0 |    0 |          0 |
|   sparse_arr_hash_reduce_out_35_c47_channel_U                         |                                                   hls_dummy_fifo_w4_d2_S_227 |         21 |         21 |       0 |    0 |    12 |      0 |      0 |    0 |          0 |
|   sparse_arr_hash_reduce_out_35_c_U                                   |                                                   hls_dummy_fifo_w4_d2_S_228 |         10 |         10 |       0 |    0 |    12 |      0 |      0 |    0 |          0 |
|   sparse_arr_hash_reduce_out_36_c48_channel_U                         |                                                   hls_dummy_fifo_w4_d2_S_229 |         23 |         23 |       0 |    0 |    12 |      0 |      0 |    0 |          0 |
|   sparse_arr_hash_reduce_out_36_c_U                                   |                                                   hls_dummy_fifo_w4_d2_S_230 |         11 |         11 |       0 |    0 |    12 |      0 |      0 |    0 |          0 |
|   sparse_arr_hash_reduce_out_37_c49_channel_U                         |                                                   hls_dummy_fifo_w4_d2_S_231 |         20 |         20 |       0 |    0 |    12 |      0 |      0 |    0 |          0 |
|   sparse_arr_hash_reduce_out_37_c_U                                   |                                                   hls_dummy_fifo_w4_d2_S_232 |         10 |         10 |       0 |    0 |    12 |      0 |      0 |    0 |          0 |
|   sparse_arr_hash_reduce_out_38_c50_channel_U                         |                                                   hls_dummy_fifo_w4_d2_S_233 |         25 |         25 |       0 |    0 |    12 |      0 |      0 |    0 |          0 |
|   sparse_arr_hash_reduce_out_38_c_U                                   |                                                   hls_dummy_fifo_w4_d2_S_234 |         11 |         11 |       0 |    0 |    12 |      0 |      0 |    0 |          0 |
|   sparse_arr_hash_reduce_out_39_c51_channel_U                         |                                                   hls_dummy_fifo_w4_d2_S_235 |         21 |         21 |       0 |    0 |    12 |      0 |      0 |    0 |          0 |
|   sparse_arr_hash_reduce_out_39_c_U                                   |                                                   hls_dummy_fifo_w4_d2_S_236 |         10 |         10 |       0 |    0 |    12 |      0 |      0 |    0 |          0 |
|   sparse_arr_hash_reduce_out_3_c15_channel_U                          |                                                   hls_dummy_fifo_w4_d2_S_237 |         15 |         15 |       0 |    0 |    12 |      0 |      0 |    0 |          0 |
|   sparse_arr_hash_reduce_out_3_c_U                                    |                                                   hls_dummy_fifo_w4_d2_S_238 |         16 |         16 |       0 |    0 |    12 |      0 |      0 |    0 |          0 |
|   sparse_arr_hash_reduce_out_40_c52_channel_U                         |                                                   hls_dummy_fifo_w4_d2_S_239 |         24 |         24 |       0 |    0 |    12 |      0 |      0 |    0 |          0 |
|   sparse_arr_hash_reduce_out_40_c_U                                   |                                                   hls_dummy_fifo_w4_d2_S_240 |         10 |         10 |       0 |    0 |    12 |      0 |      0 |    0 |          0 |
|   sparse_arr_hash_reduce_out_41_c53_channel_U                         |                                                   hls_dummy_fifo_w4_d2_S_241 |         22 |         22 |       0 |    0 |    12 |      0 |      0 |    0 |          0 |
|   sparse_arr_hash_reduce_out_41_c_U                                   |                                                   hls_dummy_fifo_w4_d2_S_242 |         10 |         10 |       0 |    0 |    12 |      0 |      0 |    0 |          0 |
|   sparse_arr_hash_reduce_out_42_c54_channel_U                         |                                                   hls_dummy_fifo_w4_d2_S_243 |         22 |         22 |       0 |    0 |    12 |      0 |      0 |    0 |          0 |
|   sparse_arr_hash_reduce_out_42_c_U                                   |                                                   hls_dummy_fifo_w4_d2_S_244 |         13 |         13 |       0 |    0 |    12 |      0 |      0 |    0 |          0 |
|   sparse_arr_hash_reduce_out_43_c55_channel_U                         |                                                   hls_dummy_fifo_w4_d2_S_245 |         20 |         20 |       0 |    0 |    12 |      0 |      0 |    0 |          0 |
|   sparse_arr_hash_reduce_out_43_c_U                                   |                                                   hls_dummy_fifo_w4_d2_S_246 |         11 |         11 |       0 |    0 |    12 |      0 |      0 |    0 |          0 |
|   sparse_arr_hash_reduce_out_44_c56_channel_U                         |                                                   hls_dummy_fifo_w4_d2_S_247 |         22 |         22 |       0 |    0 |    12 |      0 |      0 |    0 |          0 |
|   sparse_arr_hash_reduce_out_44_c_U                                   |                                                   hls_dummy_fifo_w4_d2_S_248 |         10 |         10 |       0 |    0 |    12 |      0 |      0 |    0 |          0 |
|   sparse_arr_hash_reduce_out_45_c57_channel_U                         |                                                   hls_dummy_fifo_w4_d2_S_249 |         21 |         21 |       0 |    0 |    12 |      0 |      0 |    0 |          0 |
|   sparse_arr_hash_reduce_out_45_c_U                                   |                                                   hls_dummy_fifo_w4_d2_S_250 |         11 |         11 |       0 |    0 |    12 |      0 |      0 |    0 |          0 |
|   sparse_arr_hash_reduce_out_46_c58_channel_U                         |                                                   hls_dummy_fifo_w4_d2_S_251 |         24 |         24 |       0 |    0 |    12 |      0 |      0 |    0 |          0 |
|   sparse_arr_hash_reduce_out_46_c_U                                   |                                                   hls_dummy_fifo_w4_d2_S_252 |         11 |         11 |       0 |    0 |    12 |      0 |      0 |    0 |          0 |
|   sparse_arr_hash_reduce_out_47_c59_channel_U                         |                                                   hls_dummy_fifo_w4_d2_S_253 |         31 |         31 |       0 |    0 |    12 |      0 |      0 |    0 |          0 |
|   sparse_arr_hash_reduce_out_47_c_U                                   |                                                   hls_dummy_fifo_w4_d2_S_254 |         11 |         11 |       0 |    0 |    12 |      0 |      0 |    0 |          0 |
|   sparse_arr_hash_reduce_out_48_c60_channel_U                         |                                                   hls_dummy_fifo_w4_d2_S_255 |        122 |        122 |       0 |    0 |    12 |      0 |      0 |    0 |          0 |
|   sparse_arr_hash_reduce_out_48_c_U                                   |                                                   hls_dummy_fifo_w4_d2_S_256 |         10 |         10 |       0 |    0 |    12 |      0 |      0 |    0 |          0 |
|   sparse_arr_hash_reduce_out_49_c61_channel_U                         |                                                   hls_dummy_fifo_w4_d2_S_257 |        132 |        132 |       0 |    0 |    12 |      0 |      0 |    0 |          0 |
|   sparse_arr_hash_reduce_out_49_c_U                                   |                                                   hls_dummy_fifo_w4_d2_S_258 |         10 |         10 |       0 |    0 |    12 |      0 |      0 |    0 |          0 |
|   sparse_arr_hash_reduce_out_4_c16_channel_U                          |                                                   hls_dummy_fifo_w4_d2_S_259 |         24 |         24 |       0 |    0 |    12 |      0 |      0 |    0 |          0 |
|   sparse_arr_hash_reduce_out_4_c_U                                    |                                                   hls_dummy_fifo_w4_d2_S_260 |         14 |         14 |       0 |    0 |    12 |      0 |      0 |    0 |          0 |
|   sparse_arr_hash_reduce_out_5_c17_channel_U                          |                                                   hls_dummy_fifo_w4_d2_S_261 |         16 |         16 |       0 |    0 |    12 |      0 |      0 |    0 |          0 |
|   sparse_arr_hash_reduce_out_5_c_U                                    |                                                   hls_dummy_fifo_w4_d2_S_262 |         14 |         14 |       0 |    0 |    12 |      0 |      0 |    0 |          0 |
|   sparse_arr_hash_reduce_out_6_c18_channel_U                          |                                                   hls_dummy_fifo_w4_d2_S_263 |         21 |         21 |       0 |    0 |    12 |      0 |      0 |    0 |          0 |
|   sparse_arr_hash_reduce_out_6_c_U                                    |                                                   hls_dummy_fifo_w4_d2_S_264 |         14 |         14 |       0 |    0 |    12 |      0 |      0 |    0 |          0 |
|   sparse_arr_hash_reduce_out_7_c19_channel_U                          |                                                   hls_dummy_fifo_w4_d2_S_265 |         19 |         19 |       0 |    0 |    12 |      0 |      0 |    0 |          0 |
|   sparse_arr_hash_reduce_out_7_c_U                                    |                                                   hls_dummy_fifo_w4_d2_S_266 |         15 |         15 |       0 |    0 |    12 |      0 |      0 |    0 |          0 |
|   sparse_arr_hash_reduce_out_8_c20_channel_U                          |                                                   hls_dummy_fifo_w4_d2_S_267 |         22 |         22 |       0 |    0 |    12 |      0 |      0 |    0 |          0 |
|   sparse_arr_hash_reduce_out_8_c_U                                    |                                                   hls_dummy_fifo_w4_d2_S_268 |         14 |         14 |       0 |    0 |    12 |      0 |      0 |    0 |          0 |
|   sparse_arr_hash_reduce_out_9_c21_channel_U                          |                                                   hls_dummy_fifo_w4_d2_S_269 |         24 |         24 |       0 |    0 |    12 |      0 |      0 |    0 |          0 |
|   sparse_arr_hash_reduce_out_9_c_U                                    |                                                   hls_dummy_fifo_w4_d2_S_270 |         14 |         14 |       0 |    0 |    12 |      0 |      0 |    0 |          0 |
|   sparse_arr_hash_reduce_out_c12_channel_U                            |                                                   hls_dummy_fifo_w4_d2_S_271 |         20 |         20 |       0 |    0 |    12 |      0 |      0 |    0 |          0 |
|   sparse_arr_hash_reduce_out_c_U                                      |                                                   hls_dummy_fifo_w4_d2_S_272 |         14 |         14 |       0 |    0 |    12 |      0 |      0 |    0 |          0 |
|   sparse_conv_ap_fixed_ap_fixed_ap_uint_ap_fixed_ap_fixed_25_1_3_3_U0 | hls_dummy_sparse_conv_ap_fixed_ap_fixed_ap_uint_ap_fixed_ap_fixed_25_1_3_3_s |     104244 |     104244 |       0 |    0 | 24570 |      0 |      0 |    0 |          0 |
|   sparse_input_reduce_ap_fixed_8_2_5_3_0_ap_uint_10_10_10_1_25_4_U0   |     hls_dummy_sparse_input_reduce_ap_fixed_8_2_5_3_0_ap_uint_10_10_10_1_25_4 |       2429 |       2429 |       0 |    0 |  1487 |      0 |      0 |    0 |          0 |
|   sparse_pooling_avg_ap_fixed_ap_fixed_8_2_5_3_0_ap_uint_10_25_3_2_U0 | hls_dummy_sparse_pooling_avg_ap_fixed_ap_fixed_8_2_5_3_0_ap_uint_10_25_3_2_s |      13633 |      13633 |       0 |    0 |  5994 |      0 |      0 |    0 |          0 |
+-----------------------------------------------------------------------+------------------------------------------------------------------------------+------------+------------+---------+------+-------+--------+--------+------+------------+


