Copyright 1986-2022 Xilinx, Inc. All Rights Reserved. Copyright 2022-2023 Advanced Micro Devices, Inc. All Rights Reserved.
---------------------------------------------------------------------------------------------------------------------------------------------
| Tool Version : Vivado v.2023.1 (lin64) Build 3865809 Sun May  7 15:04:56 MDT 2023
| Date         : Fri Jul 11 01:07:07 2025
| Host         : coder-hftsoi-hls running 64-bit Ubuntu 20.04.6 LTS
| Command      : report_utilization -file vivado_synth.rpt -hierarchical -hierarchical_depth 1
| Design       : hls_dummy
| Device       : xcu250-figd2104-2L-e
| Speed File   : -2L
| Design State : Optimized
---------------------------------------------------------------------------------------------------------------------------------------------

Utilization Design Information

Table of Contents
-----------------
1. Utilization by Hierarchy

1. Utilization by Hierarchy
---------------------------

+----------------------------------------------------------------------+----------------------------------------------------------------------------+------------+------------+---------+------+------+--------+--------+------+------------+
|                               Instance                               |                                   Module                                   | Total LUTs | Logic LUTs | LUTRAMs | SRLs |  FFs | RAMB36 | RAMB18 | URAM | DSP Blocks |
+----------------------------------------------------------------------+----------------------------------------------------------------------------+------------+------------+---------+------+------+--------+--------+------+------------+
| hls_dummy                                                            |                                                                      (top) |      53860 |      53860 |       0 |    0 | 6062 |      0 |      0 |    0 |        210 |
|   (hls_dummy)                                                        |                                                                      (top) |          0 |          0 |       0 |    0 |   70 |      0 |      0 |    0 |          0 |
|   Block_entry28_proc_U0                                              |                                               hls_dummy_Block_entry28_proc |          0 |          0 |       0 |    0 |  200 |      0 |      0 |    0 |          0 |
|   sparse_arr_feat_conv1_out_10_U                                     |                                                    hls_dummy_fifo_w10_d2_S |       1212 |       1212 |       0 |    0 |   24 |      0 |      0 |    0 |          0 |
|   sparse_arr_feat_conv1_out_11_U                                     |                                                  hls_dummy_fifo_w10_d2_S_0 |         37 |         37 |       0 |    0 |   24 |      0 |      0 |    0 |          0 |
|   sparse_arr_feat_conv1_out_12_U                                     |                                                  hls_dummy_fifo_w10_d2_S_1 |       1215 |       1215 |       0 |    0 |   24 |      0 |      0 |    0 |          0 |
|   sparse_arr_feat_conv1_out_13_U                                     |                                                  hls_dummy_fifo_w10_d2_S_2 |         37 |         37 |       0 |    0 |   24 |      0 |      0 |    0 |          0 |
|   sparse_arr_feat_conv1_out_14_U                                     |                                                  hls_dummy_fifo_w10_d2_S_3 |       1212 |       1212 |       0 |    0 |   24 |      0 |      0 |    0 |          0 |
|   sparse_arr_feat_conv1_out_15_U                                     |                                                  hls_dummy_fifo_w10_d2_S_4 |         38 |         38 |       0 |    0 |   24 |      0 |      0 |    0 |          0 |
|   sparse_arr_feat_conv1_out_16_U                                     |                                                  hls_dummy_fifo_w10_d2_S_5 |       1214 |       1214 |       0 |    0 |   24 |      0 |      0 |    0 |          0 |
|   sparse_arr_feat_conv1_out_17_U                                     |                                                  hls_dummy_fifo_w10_d2_S_6 |         37 |         37 |       0 |    0 |   24 |      0 |      0 |    0 |          0 |
|   sparse_arr_feat_conv1_out_18_U                                     |                                                  hls_dummy_fifo_w10_d2_S_7 |       1212 |       1212 |       0 |    0 |   24 |      0 |      0 |    0 |          0 |
|   sparse_arr_feat_conv1_out_19_U                                     |                                                  hls_dummy_fifo_w10_d2_S_8 |         37 |         37 |       0 |    0 |   24 |      0 |      0 |    0 |          0 |
|   sparse_arr_feat_conv1_out_1_U                                      |                                                  hls_dummy_fifo_w10_d2_S_9 |         36 |         36 |       0 |    0 |   24 |      0 |      0 |    0 |          0 |
|   sparse_arr_feat_conv1_out_2_U                                      |                                                 hls_dummy_fifo_w10_d2_S_10 |       1215 |       1215 |       0 |    0 |   24 |      0 |      0 |    0 |          0 |
|   sparse_arr_feat_conv1_out_3_U                                      |                                                 hls_dummy_fifo_w10_d2_S_11 |         38 |         38 |       0 |    0 |   24 |      0 |      0 |    0 |          0 |
|   sparse_arr_feat_conv1_out_4_U                                      |                                                 hls_dummy_fifo_w10_d2_S_12 |       1212 |       1212 |       0 |    0 |   24 |      0 |      0 |    0 |          0 |
|   sparse_arr_feat_conv1_out_5_U                                      |                                                 hls_dummy_fifo_w10_d2_S_13 |         38 |         38 |       0 |    0 |   24 |      0 |      0 |    0 |          0 |
|   sparse_arr_feat_conv1_out_6_U                                      |                                                 hls_dummy_fifo_w10_d2_S_14 |       1212 |       1212 |       0 |    0 |   24 |      0 |      0 |    0 |          0 |
|   sparse_arr_feat_conv1_out_7_U                                      |                                                 hls_dummy_fifo_w10_d2_S_15 |         37 |         37 |       0 |    0 |   24 |      0 |      0 |    0 |          0 |
|   sparse_arr_feat_conv1_out_8_U                                      |                                                 hls_dummy_fifo_w10_d2_S_16 |       1213 |       1213 |       0 |    0 |   24 |      0 |      0 |    0 |          0 |
|   sparse_arr_feat_conv1_out_9_U                                      |                                                 hls_dummy_fifo_w10_d2_S_17 |         37 |         37 |       0 |    0 |   24 |      0 |      0 |    0 |          0 |
|   sparse_arr_feat_conv1_out_U                                        |                                                 hls_dummy_fifo_w10_d2_S_18 |       1212 |       1212 |       0 |    0 |   24 |      0 |      0 |    0 |          0 |
|   sparse_arr_feat_conv2_out_10_U                                     |                                                 hls_dummy_fifo_w10_d2_S_19 |         24 |         24 |       0 |    0 |   24 |      0 |      0 |    0 |          0 |
|   sparse_arr_feat_conv2_out_11_U                                     |                                                 hls_dummy_fifo_w10_d2_S_20 |         25 |         25 |       0 |    0 |   24 |      0 |      0 |    0 |          0 |
|   sparse_arr_feat_conv2_out_12_U                                     |                                                 hls_dummy_fifo_w10_d2_S_21 |         29 |         29 |       0 |    0 |   24 |      0 |      0 |    0 |          0 |
|   sparse_arr_feat_conv2_out_13_U                                     |                                                 hls_dummy_fifo_w10_d2_S_22 |         25 |         25 |       0 |    0 |   24 |      0 |      0 |    0 |          0 |
|   sparse_arr_feat_conv2_out_14_U                                     |                                                 hls_dummy_fifo_w10_d2_S_23 |         25 |         25 |       0 |    0 |   24 |      0 |      0 |    0 |          0 |
|   sparse_arr_feat_conv2_out_15_U                                     |                                                 hls_dummy_fifo_w10_d2_S_24 |         25 |         25 |       0 |    0 |   24 |      0 |      0 |    0 |          0 |
|   sparse_arr_feat_conv2_out_16_U                                     |                                                 hls_dummy_fifo_w10_d2_S_25 |         27 |         27 |       0 |    0 |   24 |      0 |      0 |    0 |          0 |
|   sparse_arr_feat_conv2_out_17_U                                     |                                                 hls_dummy_fifo_w10_d2_S_26 |         25 |         25 |       0 |    0 |   24 |      0 |      0 |    0 |          0 |
|   sparse_arr_feat_conv2_out_18_U                                     |                                                 hls_dummy_fifo_w10_d2_S_27 |         25 |         25 |       0 |    0 |   24 |      0 |      0 |    0 |          0 |
|   sparse_arr_feat_conv2_out_19_U                                     |                                                 hls_dummy_fifo_w10_d2_S_28 |         25 |         25 |       0 |    0 |   24 |      0 |      0 |    0 |          0 |
|   sparse_arr_feat_conv2_out_1_U                                      |                                                 hls_dummy_fifo_w10_d2_S_29 |         26 |         26 |       0 |    0 |   24 |      0 |      0 |    0 |          0 |
|   sparse_arr_feat_conv2_out_2_U                                      |                                                 hls_dummy_fifo_w10_d2_S_30 |         24 |         24 |       0 |    0 |   24 |      0 |      0 |    0 |          0 |
|   sparse_arr_feat_conv2_out_3_U                                      |                                                 hls_dummy_fifo_w10_d2_S_31 |         25 |         25 |       0 |    0 |   24 |      0 |      0 |    0 |          0 |
|   sparse_arr_feat_conv2_out_4_U                                      |                                                 hls_dummy_fifo_w10_d2_S_32 |         25 |         25 |       0 |    0 |   24 |      0 |      0 |    0 |          0 |
|   sparse_arr_feat_conv2_out_5_U                                      |                                                 hls_dummy_fifo_w10_d2_S_33 |         26 |         26 |       0 |    0 |   24 |      0 |      0 |    0 |          0 |
|   sparse_arr_feat_conv2_out_6_U                                      |                                                 hls_dummy_fifo_w10_d2_S_34 |         24 |         24 |       0 |    0 |   24 |      0 |      0 |    0 |          0 |
|   sparse_arr_feat_conv2_out_7_U                                      |                                                 hls_dummy_fifo_w10_d2_S_35 |         25 |         25 |       0 |    0 |   24 |      0 |      0 |    0 |          0 |
|   sparse_arr_feat_conv2_out_8_U                                      |                                                 hls_dummy_fifo_w10_d2_S_36 |         26 |         26 |       0 |    0 |   24 |      0 |      0 |    0 |          0 |
|   sparse_arr_feat_conv2_out_9_U                                      |                                                 hls_dummy_fifo_w10_d2_S_37 |         24 |         24 |       0 |    0 |   24 |      0 |      0 |    0 |          0 |
|   sparse_arr_feat_conv2_out_U                                        |                                                 hls_dummy_fifo_w10_d2_S_38 |         27 |         27 |       0 |    0 |   24 |      0 |      0 |    0 |          0 |
|   sparse_arr_feat_reduce_out_1_U                                     |                                                 hls_dummy_fifo_w10_d2_S_39 |       1080 |       1080 |       0 |    0 |   22 |      0 |      0 |    0 |          0 |
|   sparse_arr_feat_reduce_out_2_U                                     |                                                 hls_dummy_fifo_w10_d2_S_40 |       1051 |       1051 |       0 |    0 |   22 |      0 |      0 |    0 |          0 |
|   sparse_arr_feat_reduce_out_3_U                                     |                                                 hls_dummy_fifo_w10_d2_S_41 |       1028 |       1028 |       0 |    0 |   22 |      0 |      0 |    0 |          0 |
|   sparse_arr_feat_reduce_out_4_U                                     |                                                 hls_dummy_fifo_w10_d2_S_42 |       1091 |       1091 |       0 |    0 |   22 |      0 |      0 |    0 |          0 |
|   sparse_arr_feat_reduce_out_5_U                                     |                                                 hls_dummy_fifo_w10_d2_S_43 |        963 |        963 |       0 |    0 |   22 |      0 |      0 |    0 |          0 |
|   sparse_arr_feat_reduce_out_6_U                                     |                                                 hls_dummy_fifo_w10_d2_S_44 |       1037 |       1037 |       0 |    0 |   22 |      0 |      0 |    0 |          0 |
|   sparse_arr_feat_reduce_out_7_U                                     |                                                 hls_dummy_fifo_w10_d2_S_45 |       1156 |       1156 |       0 |    0 |   22 |      0 |      0 |    0 |          0 |
|   sparse_arr_feat_reduce_out_8_U                                     |                                                 hls_dummy_fifo_w10_d2_S_46 |       1091 |       1091 |       0 |    0 |   22 |      0 |      0 |    0 |          0 |
|   sparse_arr_feat_reduce_out_9_U                                     |                                                 hls_dummy_fifo_w10_d2_S_47 |       1125 |       1125 |       0 |    0 |   22 |      0 |      0 |    0 |          0 |
|   sparse_arr_feat_reduce_out_U                                       |                                                 hls_dummy_fifo_w10_d2_S_48 |       1144 |       1144 |       0 |    0 |   22 |      0 |      0 |    0 |          0 |
|   sparse_arr_hash_reduce_out_10_c22_channel_U                        |                                                     hls_dummy_fifo_w4_d2_S |         33 |         33 |       0 |    0 |   12 |      0 |      0 |    0 |          0 |
|   sparse_arr_hash_reduce_out_10_c_U                                  |                                                  hls_dummy_fifo_w4_d2_S_49 |         55 |         55 |       0 |    0 |   12 |      0 |      0 |    0 |          0 |
|   sparse_arr_hash_reduce_out_11_c23_channel_U                        |                                                  hls_dummy_fifo_w4_d2_S_50 |         45 |         45 |       0 |    0 |   12 |      0 |      0 |    0 |          0 |
|   sparse_arr_hash_reduce_out_11_c_U                                  |                                                  hls_dummy_fifo_w4_d2_S_51 |         54 |         54 |       0 |    0 |   12 |      0 |      0 |    0 |          0 |
|   sparse_arr_hash_reduce_out_12_c24_channel_U                        |                                                  hls_dummy_fifo_w4_d2_S_52 |         52 |         52 |       0 |    0 |   12 |      0 |      0 |    0 |          0 |
|   sparse_arr_hash_reduce_out_12_c_U                                  |                                                  hls_dummy_fifo_w4_d2_S_53 |         54 |         54 |       0 |    0 |   12 |      0 |      0 |    0 |          0 |
|   sparse_arr_hash_reduce_out_13_c25_channel_U                        |                                                  hls_dummy_fifo_w4_d2_S_54 |         52 |         52 |       0 |    0 |   12 |      0 |      0 |    0 |          0 |
|   sparse_arr_hash_reduce_out_13_c_U                                  |                                                  hls_dummy_fifo_w4_d2_S_55 |         55 |         55 |       0 |    0 |   12 |      0 |      0 |    0 |          0 |
|   sparse_arr_hash_reduce_out_14_c26_channel_U                        |                                                  hls_dummy_fifo_w4_d2_S_56 |         66 |         66 |       0 |    0 |   12 |      0 |      0 |    0 |          0 |
|   sparse_arr_hash_reduce_out_14_c_U                                  |                                                  hls_dummy_fifo_w4_d2_S_57 |         54 |         54 |       0 |    0 |   12 |      0 |      0 |    0 |          0 |
|   sparse_arr_hash_reduce_out_15_c27_channel_U                        |                                                  hls_dummy_fifo_w4_d2_S_58 |         70 |         70 |       0 |    0 |   12 |      0 |      0 |    0 |          0 |
|   sparse_arr_hash_reduce_out_15_c_U                                  |                                                  hls_dummy_fifo_w4_d2_S_59 |         55 |         55 |       0 |    0 |   12 |      0 |      0 |    0 |          0 |
|   sparse_arr_hash_reduce_out_16_c28_channel_U                        |                                                  hls_dummy_fifo_w4_d2_S_60 |         76 |         76 |       0 |    0 |   12 |      0 |      0 |    0 |          0 |
|   sparse_arr_hash_reduce_out_16_c_U                                  |                                                  hls_dummy_fifo_w4_d2_S_61 |         54 |         54 |       0 |    0 |   12 |      0 |      0 |    0 |          0 |
|   sparse_arr_hash_reduce_out_17_c29_channel_U                        |                                                  hls_dummy_fifo_w4_d2_S_62 |         76 |         76 |       0 |    0 |   12 |      0 |      0 |    0 |          0 |
|   sparse_arr_hash_reduce_out_17_c_U                                  |                                                  hls_dummy_fifo_w4_d2_S_63 |         55 |         55 |       0 |    0 |   12 |      0 |      0 |    0 |          0 |
|   sparse_arr_hash_reduce_out_18_c30_channel_U                        |                                                  hls_dummy_fifo_w4_d2_S_64 |         29 |         29 |       0 |    0 |   12 |      0 |      0 |    0 |          0 |
|   sparse_arr_hash_reduce_out_18_c_U                                  |                                                  hls_dummy_fifo_w4_d2_S_65 |         55 |         55 |       0 |    0 |   12 |      0 |      0 |    0 |          0 |
|   sparse_arr_hash_reduce_out_19_c31_channel_U                        |                                                  hls_dummy_fifo_w4_d2_S_66 |         35 |         35 |       0 |    0 |   12 |      0 |      0 |    0 |          0 |
|   sparse_arr_hash_reduce_out_19_c_U                                  |                                                  hls_dummy_fifo_w4_d2_S_67 |         67 |         67 |       0 |    0 |   12 |      0 |      0 |    0 |          0 |
|   sparse_arr_hash_reduce_out_1_c13_channel_U                         |                                                  hls_dummy_fifo_w4_d2_S_68 |         73 |         73 |       0 |    0 |   12 |      0 |      0 |    0 |          0 |
|   sparse_arr_hash_reduce_out_1_c_U                                   |                                                  hls_dummy_fifo_w4_d2_S_69 |         55 |         55 |       0 |    0 |   12 |      0 |      0 |    0 |          0 |
|   sparse_arr_hash_reduce_out_2_c14_channel_U                         |                                                  hls_dummy_fifo_w4_d2_S_70 |         63 |         63 |       0 |    0 |   12 |      0 |      0 |    0 |          0 |
|   sparse_arr_hash_reduce_out_2_c_U                                   |                                                  hls_dummy_fifo_w4_d2_S_71 |         56 |         56 |       0 |    0 |   12 |      0 |      0 |    0 |          0 |
|   sparse_arr_hash_reduce_out_3_c15_channel_U                         |                                                  hls_dummy_fifo_w4_d2_S_72 |         73 |         73 |       0 |    0 |   12 |      0 |      0 |    0 |          0 |
|   sparse_arr_hash_reduce_out_3_c_U                                   |                                                  hls_dummy_fifo_w4_d2_S_73 |         55 |         55 |       0 |    0 |   12 |      0 |      0 |    0 |          0 |
|   sparse_arr_hash_reduce_out_4_c16_channel_U                         |                                                  hls_dummy_fifo_w4_d2_S_74 |         26 |         26 |       0 |    0 |   12 |      0 |      0 |    0 |          0 |
|   sparse_arr_hash_reduce_out_4_c_U                                   |                                                  hls_dummy_fifo_w4_d2_S_75 |         54 |         54 |       0 |    0 |   12 |      0 |      0 |    0 |          0 |
|   sparse_arr_hash_reduce_out_5_c17_channel_U                         |                                                  hls_dummy_fifo_w4_d2_S_76 |         18 |         18 |       0 |    0 |   12 |      0 |      0 |    0 |          0 |
|   sparse_arr_hash_reduce_out_5_c_U                                   |                                                  hls_dummy_fifo_w4_d2_S_77 |         55 |         55 |       0 |    0 |   12 |      0 |      0 |    0 |          0 |
|   sparse_arr_hash_reduce_out_6_c18_channel_U                         |                                                  hls_dummy_fifo_w4_d2_S_78 |         28 |         28 |       0 |    0 |   12 |      0 |      0 |    0 |          0 |
|   sparse_arr_hash_reduce_out_6_c_U                                   |                                                  hls_dummy_fifo_w4_d2_S_79 |         54 |         54 |       0 |    0 |   12 |      0 |      0 |    0 |          0 |
|   sparse_arr_hash_reduce_out_7_c19_channel_U                         |                                                  hls_dummy_fifo_w4_d2_S_80 |         29 |         29 |       0 |    0 |   12 |      0 |      0 |    0 |          0 |
|   sparse_arr_hash_reduce_out_7_c_U                                   |                                                  hls_dummy_fifo_w4_d2_S_81 |         54 |         54 |       0 |    0 |   12 |      0 |      0 |    0 |          0 |
|   sparse_arr_hash_reduce_out_8_c20_channel_U                         |                                                  hls_dummy_fifo_w4_d2_S_82 |         46 |         46 |       0 |    0 |   12 |      0 |      0 |    0 |          0 |
|   sparse_arr_hash_reduce_out_8_c_U                                   |                                                  hls_dummy_fifo_w4_d2_S_83 |         54 |         54 |       0 |    0 |   12 |      0 |      0 |    0 |          0 |
|   sparse_arr_hash_reduce_out_9_c21_channel_U                         |                                                  hls_dummy_fifo_w4_d2_S_84 |         64 |         64 |       0 |    0 |   12 |      0 |      0 |    0 |          0 |
|   sparse_arr_hash_reduce_out_9_c_U                                   |                                                  hls_dummy_fifo_w4_d2_S_85 |         56 |         56 |       0 |    0 |   12 |      0 |      0 |    0 |          0 |
|   sparse_arr_hash_reduce_out_c12_channel_U                           |                                                  hls_dummy_fifo_w4_d2_S_86 |         88 |         88 |       0 |    0 |   12 |      0 |      0 |    0 |          0 |
|   sparse_arr_hash_reduce_out_c_U                                     |                                                  hls_dummy_fifo_w4_d2_S_87 |         54 |         54 |       0 |    0 |   12 |      0 |      0 |    0 |          0 |
|   sparse_conv_ap_fixed_ap_fixed_ap_uint_ap_fixed_ap_fixed_10_1_2_U0  | hls_dummy_sparse_conv_ap_fixed_ap_fixed_ap_uint_ap_fixed_ap_fixed_10_1_2_s |      13622 |      13622 |       0 |    0 | 1517 |      0 |      0 |    0 |         10 |
|   sparse_conv_ap_fixed_ap_fixed_ap_uint_ap_fixed_ap_fixed_10_2_2_U0  | hls_dummy_sparse_conv_ap_fixed_ap_fixed_ap_uint_ap_fixed_ap_fixed_10_2_2_s |      12857 |      12857 |       0 |    0 | 1085 |      0 |      0 |    0 |        200 |
|   sparse_input_reduce_ap_fixed_10_2_5_3_0_ap_uint_10_10_10_1_10_4_U0 |  hls_dummy_sparse_input_reduce_ap_fixed_10_2_5_3_0_ap_uint_10_10_10_1_10_4 |       2650 |       2650 |       0 |    0 | 1530 |      0 |      0 |    0 |          0 |
+----------------------------------------------------------------------+----------------------------------------------------------------------------+------------+------------+---------+------+------+--------+--------+------+------------+


