

================================================================
== Vitis HLS Report for 'dense_latency_ap_ufixed_16_6_4_0_0_ap_fixed_29_10_5_3_0_config13_s'
================================================================
* Date:           Tue Jul 15 17:29:42 2025

* Version:        2023.2 (Build 4023990 on Oct 11 2023)
* Project:        myhls_prj
* Solution:       solution1 (Vivado IP Flow Target)
* Product family: virtexuplus
* Target device:  xcu250-figd2104-2L-e


================================================================
== Performance Estimates
================================================================
+ Timing: 
    * Summary: 
    +--------+---------+----------+------------+
    |  Clock |  Target | Estimated| Uncertainty|
    +--------+---------+----------+------------+
    |ap_clk  |  5.00 ns|  3.635 ns|     1.35 ns|
    +--------+---------+----------+------------+

+ Latency: 
    * Summary: 
    +---------+---------+-----------+-----------+-----+-----+---------+
    |  Latency (cycles) |   Latency (absolute)  |  Interval | Pipeline|
    |   min   |   max   |    min    |    max    | min | max |   Type  |
    +---------+---------+-----------+-----------+-----+-----+---------+
    |        3|        3|  15.000 ns|  15.000 ns|    1|    1|      yes|
    +---------+---------+-----------+-----------+-----+-----+---------+

    + Detail: 
        * Instance: 
        N/A

        * Loop: 
        N/A



================================================================
== Utilization Estimates
================================================================
* Summary: 
+---------------------+---------+-------+---------+---------+------+
|         Name        | BRAM_18K|  DSP  |    FF   |   LUT   | URAM |
+---------------------+---------+-------+---------+---------+------+
|DSP                  |        -|      -|        -|        -|     -|
|Expression           |        -|      -|        0|    11139|     -|
|FIFO                 |        -|      -|        -|        -|     -|
|Instance             |        -|    245|        0|     1225|     -|
|Memory               |        -|      -|        -|        -|     -|
|Multiplexer          |        -|      -|        -|       54|     -|
|Register             |        -|      -|     4557|       32|     -|
+---------------------+---------+-------+---------+---------+------+
|Total                |        0|    245|     4557|    12450|     0|
+---------------------+---------+-------+---------+---------+------+
|Available SLR        |     1344|   3072|   864000|   432000|   320|
+---------------------+---------+-------+---------+---------+------+
|Utilization SLR (%)  |        0|      7|       ~0|        2|     0|
+---------------------+---------+-------+---------+---------+------+
|Available            |     5376|  12288|  3456000|  1728000|  1280|
+---------------------+---------+-------+---------+---------+------+
|Utilization (%)      |        0|      1|       ~0|       ~0|     0|
+---------------------+---------+-------+---------+---------+------+

+ Detail: 
    * Instance: 
    +----------------------------+----------------------+---------+----+---+----+-----+
    |          Instance          |        Module        | BRAM_18K| DSP| FF| LUT| URAM|
    +----------------------------+----------------------+---------+----+---+----+-----+
    |mul_16ns_10ns_25_1_1_U7979  |mul_16ns_10ns_25_1_1  |        0|   1|  0|   5|    0|
    |mul_16ns_10ns_25_1_1_U7980  |mul_16ns_10ns_25_1_1  |        0|   1|  0|   5|    0|
    |mul_16ns_10ns_25_1_1_U7981  |mul_16ns_10ns_25_1_1  |        0|   1|  0|   5|    0|
    |mul_16ns_10ns_25_1_1_U7982  |mul_16ns_10ns_25_1_1  |        0|   1|  0|   5|    0|
    |mul_16ns_10ns_25_1_1_U7991  |mul_16ns_10ns_25_1_1  |        0|   1|  0|   5|    0|
    |mul_16ns_10ns_25_1_1_U7992  |mul_16ns_10ns_25_1_1  |        0|   1|  0|   5|    0|
    |mul_16ns_10ns_25_1_1_U8003  |mul_16ns_10ns_25_1_1  |        0|   1|  0|   5|    0|
    |mul_16ns_10ns_25_1_1_U8018  |mul_16ns_10ns_25_1_1  |        0|   1|  0|   5|    0|
    |mul_16ns_10ns_25_1_1_U8019  |mul_16ns_10ns_25_1_1  |        0|   1|  0|   5|    0|
    |mul_16ns_10ns_25_1_1_U8037  |mul_16ns_10ns_25_1_1  |        0|   1|  0|   5|    0|
    |mul_16ns_10ns_25_1_1_U8038  |mul_16ns_10ns_25_1_1  |        0|   1|  0|   5|    0|
    |mul_16ns_10ns_25_1_1_U8045  |mul_16ns_10ns_25_1_1  |        0|   1|  0|   5|    0|
    |mul_16ns_10ns_25_1_1_U8053  |mul_16ns_10ns_25_1_1  |        0|   1|  0|   5|    0|
    |mul_16ns_10ns_25_1_1_U8055  |mul_16ns_10ns_25_1_1  |        0|   1|  0|   5|    0|
    |mul_16ns_10ns_25_1_1_U8060  |mul_16ns_10ns_25_1_1  |        0|   1|  0|   5|    0|
    |mul_16ns_10ns_25_1_1_U8064  |mul_16ns_10ns_25_1_1  |        0|   1|  0|   5|    0|
    |mul_16ns_10ns_25_1_1_U8067  |mul_16ns_10ns_25_1_1  |        0|   1|  0|   5|    0|
    |mul_16ns_10ns_25_1_1_U8072  |mul_16ns_10ns_25_1_1  |        0|   1|  0|   5|    0|
    |mul_16ns_10ns_25_1_1_U8081  |mul_16ns_10ns_25_1_1  |        0|   1|  0|   5|    0|
    |mul_16ns_10ns_25_1_1_U8087  |mul_16ns_10ns_25_1_1  |        0|   1|  0|   5|    0|
    |mul_16ns_10ns_25_1_1_U8093  |mul_16ns_10ns_25_1_1  |        0|   1|  0|   5|    0|
    |mul_16ns_10ns_25_1_1_U8096  |mul_16ns_10ns_25_1_1  |        0|   1|  0|   5|    0|
    |mul_16ns_10ns_25_1_1_U8107  |mul_16ns_10ns_25_1_1  |        0|   1|  0|   5|    0|
    |mul_16ns_10ns_25_1_1_U8108  |mul_16ns_10ns_25_1_1  |        0|   1|  0|   5|    0|
    |mul_16ns_10ns_25_1_1_U8121  |mul_16ns_10ns_25_1_1  |        0|   1|  0|   5|    0|
    |mul_16ns_10ns_25_1_1_U8122  |mul_16ns_10ns_25_1_1  |        0|   1|  0|   5|    0|
    |mul_16ns_10ns_25_1_1_U8127  |mul_16ns_10ns_25_1_1  |        0|   1|  0|   5|    0|
    |mul_16ns_10ns_25_1_1_U8134  |mul_16ns_10ns_25_1_1  |        0|   1|  0|   5|    0|
    |mul_16ns_10ns_25_1_1_U8152  |mul_16ns_10ns_25_1_1  |        0|   1|  0|   5|    0|
    |mul_16ns_10ns_25_1_1_U8154  |mul_16ns_10ns_25_1_1  |        0|   1|  0|   5|    0|
    |mul_16ns_10ns_25_1_1_U8161  |mul_16ns_10ns_25_1_1  |        0|   1|  0|   5|    0|
    |mul_16ns_10ns_25_1_1_U8165  |mul_16ns_10ns_25_1_1  |        0|   1|  0|   5|    0|
    |mul_16ns_10ns_25_1_1_U8167  |mul_16ns_10ns_25_1_1  |        0|   1|  0|   5|    0|
    |mul_16ns_10ns_25_1_1_U8175  |mul_16ns_10ns_25_1_1  |        0|   1|  0|   5|    0|
    |mul_16ns_10ns_25_1_1_U8178  |mul_16ns_10ns_25_1_1  |        0|   1|  0|   5|    0|
    |mul_16ns_10ns_25_1_1_U8182  |mul_16ns_10ns_25_1_1  |        0|   1|  0|   5|    0|
    |mul_16ns_10ns_25_1_1_U8186  |mul_16ns_10ns_25_1_1  |        0|   1|  0|   5|    0|
    |mul_16ns_10ns_25_1_1_U8198  |mul_16ns_10ns_25_1_1  |        0|   1|  0|   5|    0|
    |mul_16ns_10ns_25_1_1_U8207  |mul_16ns_10ns_25_1_1  |        0|   1|  0|   5|    0|
    |mul_16ns_10ns_25_1_1_U8210  |mul_16ns_10ns_25_1_1  |        0|   1|  0|   5|    0|
    |mul_16ns_10ns_25_1_1_U8212  |mul_16ns_10ns_25_1_1  |        0|   1|  0|   5|    0|
    |mul_16ns_10s_26_1_1_U7987   |mul_16ns_10s_26_1_1   |        0|   1|  0|   5|    0|
    |mul_16ns_10s_26_1_1_U7997   |mul_16ns_10s_26_1_1   |        0|   1|  0|   5|    0|
    |mul_16ns_10s_26_1_1_U8017   |mul_16ns_10s_26_1_1   |        0|   1|  0|   5|    0|
    |mul_16ns_10s_26_1_1_U8034   |mul_16ns_10s_26_1_1   |        0|   1|  0|   5|    0|
    |mul_16ns_10s_26_1_1_U8043   |mul_16ns_10s_26_1_1   |        0|   1|  0|   5|    0|
    |mul_16ns_10s_26_1_1_U8046   |mul_16ns_10s_26_1_1   |        0|   1|  0|   5|    0|
    |mul_16ns_10s_26_1_1_U8054   |mul_16ns_10s_26_1_1   |        0|   1|  0|   5|    0|
    |mul_16ns_10s_26_1_1_U8082   |mul_16ns_10s_26_1_1   |        0|   1|  0|   5|    0|
    |mul_16ns_10s_26_1_1_U8084   |mul_16ns_10s_26_1_1   |        0|   1|  0|   5|    0|
    |mul_16ns_10s_26_1_1_U8104   |mul_16ns_10s_26_1_1   |        0|   1|  0|   5|    0|
    |mul_16ns_10s_26_1_1_U8110   |mul_16ns_10s_26_1_1   |        0|   1|  0|   5|    0|
    |mul_16ns_10s_26_1_1_U8117   |mul_16ns_10s_26_1_1   |        0|   1|  0|   5|    0|
    |mul_16ns_10s_26_1_1_U8123   |mul_16ns_10s_26_1_1   |        0|   1|  0|   5|    0|
    |mul_16ns_10s_26_1_1_U8126   |mul_16ns_10s_26_1_1   |        0|   1|  0|   5|    0|
    |mul_16ns_10s_26_1_1_U8129   |mul_16ns_10s_26_1_1   |        0|   1|  0|   5|    0|
    |mul_16ns_10s_26_1_1_U8137   |mul_16ns_10s_26_1_1   |        0|   1|  0|   5|    0|
    |mul_16ns_10s_26_1_1_U8143   |mul_16ns_10s_26_1_1   |        0|   1|  0|   5|    0|
    |mul_16ns_10s_26_1_1_U8147   |mul_16ns_10s_26_1_1   |        0|   1|  0|   5|    0|
    |mul_16ns_10s_26_1_1_U8157   |mul_16ns_10s_26_1_1   |        0|   1|  0|   5|    0|
    |mul_16ns_10s_26_1_1_U8169   |mul_16ns_10s_26_1_1   |        0|   1|  0|   5|    0|
    |mul_16ns_10s_26_1_1_U8196   |mul_16ns_10s_26_1_1   |        0|   1|  0|   5|    0|
    |mul_16ns_10s_26_1_1_U8205   |mul_16ns_10s_26_1_1   |        0|   1|  0|   5|    0|
    |mul_16ns_10s_26_1_1_U8216   |mul_16ns_10s_26_1_1   |        0|   1|  0|   5|    0|
    |mul_16ns_11ns_26_1_1_U7983  |mul_16ns_11ns_26_1_1  |        0|   1|  0|   5|    0|
    |mul_16ns_11ns_26_1_1_U7985  |mul_16ns_11ns_26_1_1  |        0|   1|  0|   5|    0|
    |mul_16ns_11ns_26_1_1_U8004  |mul_16ns_11ns_26_1_1  |        0|   1|  0|   5|    0|
    |mul_16ns_11ns_26_1_1_U8026  |mul_16ns_11ns_26_1_1  |        0|   1|  0|   5|    0|
    |mul_16ns_11ns_26_1_1_U8030  |mul_16ns_11ns_26_1_1  |        0|   1|  0|   5|    0|
    |mul_16ns_11ns_26_1_1_U8066  |mul_16ns_11ns_26_1_1  |        0|   1|  0|   5|    0|
    |mul_16ns_11ns_26_1_1_U8075  |mul_16ns_11ns_26_1_1  |        0|   1|  0|   5|    0|
    |mul_16ns_11ns_26_1_1_U8079  |mul_16ns_11ns_26_1_1  |        0|   1|  0|   5|    0|
    |mul_16ns_11ns_26_1_1_U8083  |mul_16ns_11ns_26_1_1  |        0|   1|  0|   5|    0|
    |mul_16ns_11ns_26_1_1_U8090  |mul_16ns_11ns_26_1_1  |        0|   1|  0|   5|    0|
    |mul_16ns_11ns_26_1_1_U8106  |mul_16ns_11ns_26_1_1  |        0|   1|  0|   5|    0|
    |mul_16ns_11ns_26_1_1_U8114  |mul_16ns_11ns_26_1_1  |        0|   1|  0|   5|    0|
    |mul_16ns_11ns_26_1_1_U8144  |mul_16ns_11ns_26_1_1  |        0|   1|  0|   5|    0|
    |mul_16ns_11ns_26_1_1_U8145  |mul_16ns_11ns_26_1_1  |        0|   1|  0|   5|    0|
    |mul_16ns_11ns_26_1_1_U8153  |mul_16ns_11ns_26_1_1  |        0|   1|  0|   5|    0|
    |mul_16ns_11ns_26_1_1_U8172  |mul_16ns_11ns_26_1_1  |        0|   1|  0|   5|    0|
    |mul_16ns_11ns_26_1_1_U8191  |mul_16ns_11ns_26_1_1  |        0|   1|  0|   5|    0|
    |mul_16ns_11ns_26_1_1_U8192  |mul_16ns_11ns_26_1_1  |        0|   1|  0|   5|    0|
    |mul_16ns_11ns_26_1_1_U8203  |mul_16ns_11ns_26_1_1  |        0|   1|  0|   5|    0|
    |mul_16ns_11ns_26_1_1_U8214  |mul_16ns_11ns_26_1_1  |        0|   1|  0|   5|    0|
    |mul_16ns_11s_27_1_1_U7984   |mul_16ns_11s_27_1_1   |        0|   1|  0|   5|    0|
    |mul_16ns_11s_27_1_1_U7989   |mul_16ns_11s_27_1_1   |        0|   1|  0|   5|    0|
    |mul_16ns_11s_27_1_1_U8006   |mul_16ns_11s_27_1_1   |        0|   1|  0|   5|    0|
    |mul_16ns_11s_27_1_1_U8007   |mul_16ns_11s_27_1_1   |        0|   1|  0|   5|    0|
    |mul_16ns_11s_27_1_1_U8014   |mul_16ns_11s_27_1_1   |        0|   1|  0|   5|    0|
    |mul_16ns_11s_27_1_1_U8015   |mul_16ns_11s_27_1_1   |        0|   1|  0|   5|    0|
    |mul_16ns_11s_27_1_1_U8044   |mul_16ns_11s_27_1_1   |        0|   1|  0|   5|    0|
    |mul_16ns_11s_27_1_1_U8050   |mul_16ns_11s_27_1_1   |        0|   1|  0|   5|    0|
    |mul_16ns_11s_27_1_1_U8091   |mul_16ns_11s_27_1_1   |        0|   1|  0|   5|    0|
    |mul_16ns_11s_27_1_1_U8101   |mul_16ns_11s_27_1_1   |        0|   1|  0|   5|    0|
    |mul_16ns_11s_27_1_1_U8103   |mul_16ns_11s_27_1_1   |        0|   1|  0|   5|    0|
    |mul_16ns_11s_27_1_1_U8119   |mul_16ns_11s_27_1_1   |        0|   1|  0|   5|    0|
    |mul_16ns_11s_27_1_1_U8125   |mul_16ns_11s_27_1_1   |        0|   1|  0|   5|    0|
    |mul_16ns_11s_27_1_1_U8162   |mul_16ns_11s_27_1_1   |        0|   1|  0|   5|    0|
    |mul_16ns_11s_27_1_1_U8184   |mul_16ns_11s_27_1_1   |        0|   1|  0|   5|    0|
    |mul_16ns_11s_27_1_1_U8194   |mul_16ns_11s_27_1_1   |        0|   1|  0|   5|    0|
    |mul_16ns_12ns_27_1_1_U7995  |mul_16ns_12ns_27_1_1  |        0|   1|  0|   5|    0|
    |mul_16ns_12ns_27_1_1_U8025  |mul_16ns_12ns_27_1_1  |        0|   1|  0|   5|    0|
    |mul_16ns_12ns_27_1_1_U8077  |mul_16ns_12ns_27_1_1  |        0|   1|  0|   5|    0|
    |mul_16ns_12ns_27_1_1_U8158  |mul_16ns_12ns_27_1_1  |        0|   1|  0|   5|    0|
    |mul_16ns_12ns_27_1_1_U8164  |mul_16ns_12ns_27_1_1  |        0|   1|  0|   5|    0|
    |mul_16ns_12ns_27_1_1_U8183  |mul_16ns_12ns_27_1_1  |        0|   1|  0|   5|    0|
    |mul_16ns_12ns_27_1_1_U8209  |mul_16ns_12ns_27_1_1  |        0|   1|  0|   5|    0|
    |mul_16ns_12s_28_1_1_U7988   |mul_16ns_12s_28_1_1   |        0|   1|  0|   5|    0|
    |mul_16ns_12s_28_1_1_U7990   |mul_16ns_12s_28_1_1   |        0|   1|  0|   5|    0|
    |mul_16ns_12s_28_1_1_U7994   |mul_16ns_12s_28_1_1   |        0|   1|  0|   5|    0|
    |mul_16ns_12s_28_1_1_U8024   |mul_16ns_12s_28_1_1   |        0|   1|  0|   5|    0|
    |mul_16ns_12s_28_1_1_U8040   |mul_16ns_12s_28_1_1   |        0|   1|  0|   5|    0|
    |mul_16ns_12s_28_1_1_U8061   |mul_16ns_12s_28_1_1   |        0|   1|  0|   5|    0|
    |mul_16ns_12s_28_1_1_U8076   |mul_16ns_12s_28_1_1   |        0|   1|  0|   5|    0|
    |mul_16ns_12s_28_1_1_U8095   |mul_16ns_12s_28_1_1   |        0|   1|  0|   5|    0|
    |mul_16ns_12s_28_1_1_U8113   |mul_16ns_12s_28_1_1   |        0|   1|  0|   5|    0|
    |mul_16ns_12s_28_1_1_U8166   |mul_16ns_12s_28_1_1   |        0|   1|  0|   5|    0|
    |mul_16ns_12s_28_1_1_U8170   |mul_16ns_12s_28_1_1   |        0|   1|  0|   5|    0|
    |mul_16ns_12s_28_1_1_U8181   |mul_16ns_12s_28_1_1   |        0|   1|  0|   5|    0|
    |mul_16ns_12s_28_1_1_U8217   |mul_16ns_12s_28_1_1   |        0|   1|  0|   5|    0|
    |mul_16ns_13ns_28_1_1_U8105  |mul_16ns_13ns_28_1_1  |        0|   1|  0|   5|    0|
    |mul_16ns_13ns_28_1_1_U8146  |mul_16ns_13ns_28_1_1  |        0|   1|  0|   5|    0|
    |mul_16ns_13ns_28_1_1_U8213  |mul_16ns_13ns_28_1_1  |        0|   1|  0|   5|    0|
    |mul_16ns_13s_29_1_1_U7975   |mul_16ns_13s_29_1_1   |        0|   1|  0|   5|    0|
    |mul_16ns_13s_29_1_1_U8005   |mul_16ns_13s_29_1_1   |        0|   1|  0|   5|    0|
    |mul_16ns_13s_29_1_1_U8047   |mul_16ns_13s_29_1_1   |        0|   1|  0|   5|    0|
    |mul_16ns_13s_29_1_1_U8080   |mul_16ns_13s_29_1_1   |        0|   1|  0|   5|    0|
    |mul_16ns_13s_29_1_1_U8141   |mul_16ns_13s_29_1_1   |        0|   1|  0|   5|    0|
    |mul_16ns_13s_29_1_1_U8185   |mul_16ns_13s_29_1_1   |        0|   1|  0|   5|    0|
    |mul_16ns_14s_29_1_1_U8142   |mul_16ns_14s_29_1_1   |        0|   1|  0|   5|    0|
    |mul_16ns_5ns_20_1_1_U8029   |mul_16ns_5ns_20_1_1   |        0|   1|  0|   5|    0|
    |mul_16ns_5ns_20_1_1_U8089   |mul_16ns_5ns_20_1_1   |        0|   1|  0|   5|    0|
    |mul_16ns_5s_21_1_1_U8098    |mul_16ns_5s_21_1_1    |        0|   1|  0|   5|    0|
    |mul_16ns_6ns_21_1_1_U8070   |mul_16ns_6ns_21_1_1   |        0|   1|  0|   5|    0|
    |mul_16ns_6s_22_1_1_U7998    |mul_16ns_6s_22_1_1    |        0|   1|  0|   5|    0|
    |mul_16ns_6s_22_1_1_U8009    |mul_16ns_6s_22_1_1    |        0|   1|  0|   5|    0|
    |mul_16ns_6s_22_1_1_U8136    |mul_16ns_6s_22_1_1    |        0|   1|  0|   5|    0|
    |mul_16ns_6s_22_1_1_U8159    |mul_16ns_6s_22_1_1    |        0|   1|  0|   5|    0|
    |mul_16ns_6s_22_1_1_U8173    |mul_16ns_6s_22_1_1    |        0|   1|  0|   5|    0|
    |mul_16ns_6s_22_1_1_U8177    |mul_16ns_6s_22_1_1    |        0|   1|  0|   5|    0|
    |mul_16ns_6s_22_1_1_U8204    |mul_16ns_6s_22_1_1    |        0|   1|  0|   5|    0|
    |mul_16ns_7ns_22_1_1_U8000   |mul_16ns_7ns_22_1_1   |        0|   1|  0|   5|    0|
    |mul_16ns_7ns_22_1_1_U8011   |mul_16ns_7ns_22_1_1   |        0|   1|  0|   5|    0|
    |mul_16ns_7ns_22_1_1_U8022   |mul_16ns_7ns_22_1_1   |        0|   1|  0|   5|    0|
    |mul_16ns_7ns_22_1_1_U8041   |mul_16ns_7ns_22_1_1   |        0|   1|  0|   5|    0|
    |mul_16ns_7ns_22_1_1_U8068   |mul_16ns_7ns_22_1_1   |        0|   1|  0|   5|    0|
    |mul_16ns_7ns_22_1_1_U8074   |mul_16ns_7ns_22_1_1   |        0|   1|  0|   5|    0|
    |mul_16ns_7ns_22_1_1_U8099   |mul_16ns_7ns_22_1_1   |        0|   1|  0|   5|    0|
    |mul_16ns_7ns_22_1_1_U8188   |mul_16ns_7ns_22_1_1   |        0|   1|  0|   5|    0|
    |mul_16ns_7ns_22_1_1_U8195   |mul_16ns_7ns_22_1_1   |        0|   1|  0|   5|    0|
    |mul_16ns_7s_23_1_1_U7978    |mul_16ns_7s_23_1_1    |        0|   1|  0|   5|    0|
    |mul_16ns_7s_23_1_1_U8031    |mul_16ns_7s_23_1_1    |        0|   1|  0|   5|    0|
    |mul_16ns_7s_23_1_1_U8057    |mul_16ns_7s_23_1_1    |        0|   1|  0|   5|    0|
    |mul_16ns_7s_23_1_1_U8124    |mul_16ns_7s_23_1_1    |        0|   1|  0|   5|    0|
    |mul_16ns_7s_23_1_1_U8131    |mul_16ns_7s_23_1_1    |        0|   1|  0|   5|    0|
    |mul_16ns_7s_23_1_1_U8139    |mul_16ns_7s_23_1_1    |        0|   1|  0|   5|    0|
    |mul_16ns_7s_23_1_1_U8148    |mul_16ns_7s_23_1_1    |        0|   1|  0|   5|    0|
    |mul_16ns_8ns_23_1_1_U7974   |mul_16ns_8ns_23_1_1   |        0|   1|  0|   5|    0|
    |mul_16ns_8ns_23_1_1_U7996   |mul_16ns_8ns_23_1_1   |        0|   1|  0|   5|    0|
    |mul_16ns_8ns_23_1_1_U8013   |mul_16ns_8ns_23_1_1   |        0|   1|  0|   5|    0|
    |mul_16ns_8ns_23_1_1_U8020   |mul_16ns_8ns_23_1_1   |        0|   1|  0|   5|    0|
    |mul_16ns_8ns_23_1_1_U8059   |mul_16ns_8ns_23_1_1   |        0|   1|  0|   5|    0|
    |mul_16ns_8ns_23_1_1_U8062   |mul_16ns_8ns_23_1_1   |        0|   1|  0|   5|    0|
    |mul_16ns_8ns_23_1_1_U8071   |mul_16ns_8ns_23_1_1   |        0|   1|  0|   5|    0|
    |mul_16ns_8ns_23_1_1_U8073   |mul_16ns_8ns_23_1_1   |        0|   1|  0|   5|    0|
    |mul_16ns_8ns_23_1_1_U8078   |mul_16ns_8ns_23_1_1   |        0|   1|  0|   5|    0|
    |mul_16ns_8ns_23_1_1_U8088   |mul_16ns_8ns_23_1_1   |        0|   1|  0|   5|    0|
    |mul_16ns_8ns_23_1_1_U8092   |mul_16ns_8ns_23_1_1   |        0|   1|  0|   5|    0|
    |mul_16ns_8ns_23_1_1_U8109   |mul_16ns_8ns_23_1_1   |        0|   1|  0|   5|    0|
    |mul_16ns_8ns_23_1_1_U8130   |mul_16ns_8ns_23_1_1   |        0|   1|  0|   5|    0|
    |mul_16ns_8ns_23_1_1_U8133   |mul_16ns_8ns_23_1_1   |        0|   1|  0|   5|    0|
    |mul_16ns_8ns_23_1_1_U8156   |mul_16ns_8ns_23_1_1   |        0|   1|  0|   5|    0|
    |mul_16ns_8ns_23_1_1_U8171   |mul_16ns_8ns_23_1_1   |        0|   1|  0|   5|    0|
    |mul_16ns_8ns_23_1_1_U8190   |mul_16ns_8ns_23_1_1   |        0|   1|  0|   5|    0|
    |mul_16ns_8ns_23_1_1_U8206   |mul_16ns_8ns_23_1_1   |        0|   1|  0|   5|    0|
    |mul_16ns_8ns_23_1_1_U8211   |mul_16ns_8ns_23_1_1   |        0|   1|  0|   5|    0|
    |mul_16ns_8s_24_1_1_U8001    |mul_16ns_8s_24_1_1    |        0|   1|  0|   5|    0|
    |mul_16ns_8s_24_1_1_U8012    |mul_16ns_8s_24_1_1    |        0|   1|  0|   5|    0|
    |mul_16ns_8s_24_1_1_U8023    |mul_16ns_8s_24_1_1    |        0|   1|  0|   5|    0|
    |mul_16ns_8s_24_1_1_U8033    |mul_16ns_8s_24_1_1    |        0|   1|  0|   5|    0|
    |mul_16ns_8s_24_1_1_U8051    |mul_16ns_8s_24_1_1    |        0|   1|  0|   5|    0|
    |mul_16ns_8s_24_1_1_U8094    |mul_16ns_8s_24_1_1    |        0|   1|  0|   5|    0|
    |mul_16ns_8s_24_1_1_U8097    |mul_16ns_8s_24_1_1    |        0|   1|  0|   5|    0|
    |mul_16ns_8s_24_1_1_U8115    |mul_16ns_8s_24_1_1    |        0|   1|  0|   5|    0|
    |mul_16ns_8s_24_1_1_U8116    |mul_16ns_8s_24_1_1    |        0|   1|  0|   5|    0|
    |mul_16ns_8s_24_1_1_U8118    |mul_16ns_8s_24_1_1    |        0|   1|  0|   5|    0|
    |mul_16ns_8s_24_1_1_U8120    |mul_16ns_8s_24_1_1    |        0|   1|  0|   5|    0|
    |mul_16ns_8s_24_1_1_U8149    |mul_16ns_8s_24_1_1    |        0|   1|  0|   5|    0|
    |mul_16ns_8s_24_1_1_U8150    |mul_16ns_8s_24_1_1    |        0|   1|  0|   5|    0|
    |mul_16ns_8s_24_1_1_U8160    |mul_16ns_8s_24_1_1    |        0|   1|  0|   5|    0|
    |mul_16ns_8s_24_1_1_U8180    |mul_16ns_8s_24_1_1    |        0|   1|  0|   5|    0|
    |mul_16ns_8s_24_1_1_U8189    |mul_16ns_8s_24_1_1    |        0|   1|  0|   5|    0|
    |mul_16ns_8s_24_1_1_U8197    |mul_16ns_8s_24_1_1    |        0|   1|  0|   5|    0|
    |mul_16ns_8s_24_1_1_U8202    |mul_16ns_8s_24_1_1    |        0|   1|  0|   5|    0|
    |mul_16ns_9ns_24_1_1_U7976   |mul_16ns_9ns_24_1_1   |        0|   1|  0|   5|    0|
    |mul_16ns_9ns_24_1_1_U7986   |mul_16ns_9ns_24_1_1   |        0|   1|  0|   5|    0|
    |mul_16ns_9ns_24_1_1_U7993   |mul_16ns_9ns_24_1_1   |        0|   1|  0|   5|    0|
    |mul_16ns_9ns_24_1_1_U7999   |mul_16ns_9ns_24_1_1   |        0|   1|  0|   5|    0|
    |mul_16ns_9ns_24_1_1_U8002   |mul_16ns_9ns_24_1_1   |        0|   1|  0|   5|    0|
    |mul_16ns_9ns_24_1_1_U8010   |mul_16ns_9ns_24_1_1   |        0|   1|  0|   5|    0|
    |mul_16ns_9ns_24_1_1_U8021   |mul_16ns_9ns_24_1_1   |        0|   1|  0|   5|    0|
    |mul_16ns_9ns_24_1_1_U8027   |mul_16ns_9ns_24_1_1   |        0|   1|  0|   5|    0|
    |mul_16ns_9ns_24_1_1_U8028   |mul_16ns_9ns_24_1_1   |        0|   1|  0|   5|    0|
    |mul_16ns_9ns_24_1_1_U8032   |mul_16ns_9ns_24_1_1   |        0|   1|  0|   5|    0|
    |mul_16ns_9ns_24_1_1_U8035   |mul_16ns_9ns_24_1_1   |        0|   1|  0|   5|    0|
    |mul_16ns_9ns_24_1_1_U8036   |mul_16ns_9ns_24_1_1   |        0|   1|  0|   5|    0|
    |mul_16ns_9ns_24_1_1_U8056   |mul_16ns_9ns_24_1_1   |        0|   1|  0|   5|    0|
    |mul_16ns_9ns_24_1_1_U8063   |mul_16ns_9ns_24_1_1   |        0|   1|  0|   5|    0|
    |mul_16ns_9ns_24_1_1_U8069   |mul_16ns_9ns_24_1_1   |        0|   1|  0|   5|    0|
    |mul_16ns_9ns_24_1_1_U8111   |mul_16ns_9ns_24_1_1   |        0|   1|  0|   5|    0|
    |mul_16ns_9ns_24_1_1_U8128   |mul_16ns_9ns_24_1_1   |        0|   1|  0|   5|    0|
    |mul_16ns_9ns_24_1_1_U8135   |mul_16ns_9ns_24_1_1   |        0|   1|  0|   5|    0|
    |mul_16ns_9ns_24_1_1_U8138   |mul_16ns_9ns_24_1_1   |        0|   1|  0|   5|    0|
    |mul_16ns_9ns_24_1_1_U8168   |mul_16ns_9ns_24_1_1   |        0|   1|  0|   5|    0|
    |mul_16ns_9ns_24_1_1_U8174   |mul_16ns_9ns_24_1_1   |        0|   1|  0|   5|    0|
    |mul_16ns_9ns_24_1_1_U8187   |mul_16ns_9ns_24_1_1   |        0|   1|  0|   5|    0|
    |mul_16ns_9ns_24_1_1_U8200   |mul_16ns_9ns_24_1_1   |        0|   1|  0|   5|    0|
    |mul_16ns_9ns_24_1_1_U8208   |mul_16ns_9ns_24_1_1   |        0|   1|  0|   5|    0|
    |mul_16ns_9ns_24_1_1_U8218   |mul_16ns_9ns_24_1_1   |        0|   1|  0|   5|    0|
    |mul_16ns_9s_25_1_1_U7977    |mul_16ns_9s_25_1_1    |        0|   1|  0|   5|    0|
    |mul_16ns_9s_25_1_1_U8049    |mul_16ns_9s_25_1_1    |        0|   1|  0|   5|    0|
    |mul_16ns_9s_25_1_1_U8052    |mul_16ns_9s_25_1_1    |        0|   1|  0|   5|    0|
    |mul_16ns_9s_25_1_1_U8058    |mul_16ns_9s_25_1_1    |        0|   1|  0|   5|    0|
    |mul_16ns_9s_25_1_1_U8065    |mul_16ns_9s_25_1_1    |        0|   1|  0|   5|    0|
    |mul_16ns_9s_25_1_1_U8086    |mul_16ns_9s_25_1_1    |        0|   1|  0|   5|    0|
    |mul_16ns_9s_25_1_1_U8100    |mul_16ns_9s_25_1_1    |        0|   1|  0|   5|    0|
    |mul_16ns_9s_25_1_1_U8102    |mul_16ns_9s_25_1_1    |        0|   1|  0|   5|    0|
    |mul_16ns_9s_25_1_1_U8132    |mul_16ns_9s_25_1_1    |        0|   1|  0|   5|    0|
    |mul_16ns_9s_25_1_1_U8140    |mul_16ns_9s_25_1_1    |        0|   1|  0|   5|    0|
    |mul_16ns_9s_25_1_1_U8151    |mul_16ns_9s_25_1_1    |        0|   1|  0|   5|    0|
    |mul_16ns_9s_25_1_1_U8163    |mul_16ns_9s_25_1_1    |        0|   1|  0|   5|    0|
    |mul_16ns_9s_25_1_1_U8193    |mul_16ns_9s_25_1_1    |        0|   1|  0|   5|    0|
    |mul_16ns_9s_25_1_1_U8199    |mul_16ns_9s_25_1_1    |        0|   1|  0|   5|    0|
    |mul_16ns_9s_25_1_1_U8201    |mul_16ns_9s_25_1_1    |        0|   1|  0|   5|    0|
    |mul_16ns_9s_25_1_1_U8215    |mul_16ns_9s_25_1_1    |        0|   1|  0|   5|    0|
    |mul_17ns_10ns_26_1_1_U8008  |mul_17ns_10ns_26_1_1  |        0|   1|  0|   5|    0|
    |mul_17ns_7s_24_1_1_U8155    |mul_17ns_7s_24_1_1    |        0|   1|  0|   5|    0|
    |mul_17ns_8ns_24_1_1_U8042   |mul_17ns_8ns_24_1_1   |        0|   1|  0|   5|    0|
    |mul_17ns_8s_25_1_1_U8179    |mul_17ns_8s_25_1_1    |        0|   1|  0|   5|    0|
    |mul_17ns_9ns_25_1_1_U8039   |mul_17ns_9ns_25_1_1   |        0|   1|  0|   5|    0|
    |mul_17ns_9s_26_1_1_U8016    |mul_17ns_9s_26_1_1    |        0|   1|  0|   5|    0|
    |mul_17s_7ns_24_1_1_U8085    |mul_17s_7ns_24_1_1    |        0|   1|  0|   5|    0|
    |mul_17s_7ns_24_1_1_U8176    |mul_17s_7ns_24_1_1    |        0|   1|  0|   5|    0|
    |mul_17s_8ns_25_1_1_U8048    |mul_17s_8ns_25_1_1    |        0|   1|  0|   5|    0|
    |mul_17s_8ns_25_1_1_U8112    |mul_17s_8ns_25_1_1    |        0|   1|  0|   5|    0|
    +----------------------------+----------------------+---------+----+---+----+-----+
    |Total                       |                      |        0| 245|  0|1225|    0|
    +----------------------------+----------------------+---------+----+---+----+-----+

    * DSP: 
    N/A

    * Memory: 
    N/A

    * FIFO: 
    N/A

    * Expression: 
    +----------------------------+----------+----+---+-----+------------+------------+
    |        Variable Name       | Operation| DSP| FF| LUT | Bitwidth P0| Bitwidth P1|
    +----------------------------+----------+----+---+-----+------------+------------+
    |add_ln58_6374_fu_278592_p2  |         +|   0|  0|   31|          24|          24|
    |add_ln58_6375_fu_278602_p2  |         +|   0|  0|   35|          28|          28|
    |add_ln58_6376_fu_278608_p2  |         +|   0|  0|   34|          27|          27|
    |add_ln58_6377_fu_278618_p2  |         +|   0|  0|   28|          28|          28|
    |add_ln58_6378_fu_278624_p2  |         +|   0|  0|   25|          25|          25|
    |add_ln58_6379_fu_278630_p2  |         +|   0|  0|   22|          22|          22|
    |add_ln58_6380_fu_278640_p2  |         +|   0|  0|   25|          25|          25|
    |add_ln58_6381_fu_278650_p2  |         +|   0|  0|   28|          28|          28|
    |add_ln58_6382_fu_278740_p2  |         +|   0|  0|   33|          26|          26|
    |add_ln58_6383_fu_280741_p2  |         +|   0|  0|   27|          27|          27|
    |add_ln58_6384_fu_278746_p2  |         +|   0|  0|   32|          25|          25|
    |add_ln58_6385_fu_278752_p2  |         +|   0|  0|   22|          22|          19|
    |add_ln58_6386_fu_280753_p2  |         +|   0|  0|   33|          26|          26|
    |add_ln58_6387_fu_280763_p2  |         +|   0|  0|   27|          27|          27|
    |add_ln58_6388_fu_280773_p2  |         +|   0|  0|   35|          28|          28|
    |add_ln58_6389_fu_280779_p2  |         +|   0|  0|   34|          27|          27|
    |add_ln58_6390_fu_280789_p2  |         +|   0|  0|   28|          28|          28|
    |add_ln58_6391_fu_278758_p2  |         +|   0|  0|   32|          25|          25|
    |add_ln58_6392_fu_278764_p2  |         +|   0|  0|   31|          24|          24|
    |add_ln58_6393_fu_278774_p2  |         +|   0|  0|   32|          25|          25|
    |add_ln58_6394_fu_280801_p2  |         +|   0|  0|   33|          26|          26|
    |add_ln58_6395_fu_280811_p2  |         +|   0|  0|   28|          28|          28|
    |add_ln58_6396_fu_281680_p2  |         +|   0|  0|   36|          29|          29|
    |add_ln58_6397_fu_280817_p2  |         +|   0|  0|   28|          28|          28|
    |add_ln58_6398_fu_280823_p2  |         +|   0|  0|   28|          28|          28|
    |add_ln58_6399_fu_281689_p2  |         +|   0|  0|   29|          29|          29|
    |add_ln58_6400_fu_280829_p2  |         +|   0|  0|   34|          27|          27|
    |add_ln58_6401_fu_280839_p2  |         +|   0|  0|   28|          28|          28|
    |add_ln58_6402_fu_278780_p2  |         +|   0|  0|   34|          27|          27|
    |add_ln58_6403_fu_278790_p2  |         +|   0|  0|   35|          28|          28|
    |add_ln58_6404_fu_280845_p2  |         +|   0|  0|   28|          28|          28|
    |add_ln58_6405_fu_281698_p2  |         +|   0|  0|   29|          29|          29|
    |add_ln58_6406_fu_278796_p2  |         +|   0|  0|   34|          27|          27|
    |add_ln58_6407_fu_280853_p2  |         +|   0|  0|   28|          28|          28|
    |add_ln58_6408_fu_278802_p2  |         +|   0|  0|   34|          27|          27|
    |add_ln58_6409_fu_278812_p2  |         +|   0|  0|   35|          28|          28|
    |add_ln58_6410_fu_280859_p2  |         +|   0|  0|   28|          28|          28|
    |add_ln58_6411_fu_280868_p2  |         +|   0|  0|   27|          27|          27|
    |add_ln58_6412_fu_280874_p2  |         +|   0|  0|   27|          27|          27|
    |add_ln58_6413_fu_278818_p2  |         +|   0|  0|   33|          26|          26|
    |add_ln58_6414_fu_280887_p2  |         +|   0|  0|   34|          27|          27|
    |add_ln58_6415_fu_280897_p2  |         +|   0|  0|   29|          29|          29|
    |add_ln58_6416_fu_280903_p2  |         +|   0|  0|   29|          29|          29|
    |add_ln58_6417_fu_281704_p2  |         +|   0|  0|   29|          29|          29|
    |add_ln58_6418_fu_278824_p2  |         +|   0|  0|   33|          26|          26|
    |add_ln58_6419_fu_280912_p2  |         +|   0|  0|   34|          27|          27|
    |add_ln58_6420_fu_278830_p2  |         +|   0|  0|   33|          26|          26|
    |add_ln58_6421_fu_278840_p2  |         +|   0|  0|   34|          27|          27|
    |add_ln58_6422_fu_280925_p2  |         +|   0|  0|   28|          28|          28|
    |add_ln58_6423_fu_278846_p2  |         +|   0|  0|   33|          26|          26|
    |add_ln58_6424_fu_278856_p2  |         +|   0|  0|   27|          27|          27|
    |add_ln58_6425_fu_278862_p2  |         +|   0|  0|   32|          25|          25|
    |add_ln58_6426_fu_278872_p2  |         +|   0|  0|   33|          26|          26|
    |add_ln58_6427_fu_278882_p2  |         +|   0|  0|   27|          27|          27|
    |add_ln58_6428_fu_280934_p2  |         +|   0|  0|   28|          28|          28|
    |add_ln58_6429_fu_278888_p2  |         +|   0|  0|   32|          25|          25|
    |add_ln58_6430_fu_278898_p2  |         +|   0|  0|   26|          26|          26|
    |add_ln58_6431_fu_278904_p2  |         +|   0|  0|   23|          23|          23|
    |add_ln58_6432_fu_278914_p2  |         +|   0|  0|   31|          24|          24|
    |add_ln58_6433_fu_278924_p2  |         +|   0|  0|   26|          26|          26|
    |add_ln58_6434_fu_278930_p2  |         +|   0|  0|   31|          24|          24|
    |add_ln58_6435_fu_278940_p2  |         +|   0|  0|   25|          25|          25|
    |add_ln58_6436_fu_278946_p2  |         +|   0|  0|   20|          20|          20|
    |add_ln58_6437_fu_278956_p2  |         +|   0|  0|   30|          23|          23|
    |add_ln58_6438_fu_278966_p2  |         +|   0|  0|   25|          25|          25|
    |add_ln58_6439_fu_280950_p2  |         +|   0|  0|   34|          27|          27|
    |add_ln58_6440_fu_280960_p2  |         +|   0|  0|   36|          29|          29|
    |add_ln58_6441_fu_281709_p2  |         +|   0|  0|   29|          29|          29|
    |add_ln58_6442_fu_279084_p2  |         +|   0|  0|   32|          25|          20|
    |add_ln58_6443_fu_279094_p2  |         +|   0|  0|   26|          26|          26|
    |add_ln58_6444_fu_279100_p2  |         +|   0|  0|   30|          23|          23|
    |add_ln58_6445_fu_279110_p2  |         +|   0|  0|   26|          26|          26|
    |add_ln58_6446_fu_280969_p2  |         +|   0|  0|   34|          27|          27|
    |add_ln58_6447_fu_279116_p2  |         +|   0|  0|   33|          26|          26|
    |add_ln58_6448_fu_280978_p2  |         +|   0|  0|   27|          27|          27|
    |add_ln58_6449_fu_279122_p2  |         +|   0|  0|   31|          24|          24|
    |add_ln58_6450_fu_279132_p2  |         +|   0|  0|   25|          25|          25|
    |add_ln58_6451_fu_279138_p2  |         +|   0|  0|   25|          25|          25|
    |add_ln58_6452_fu_280987_p2  |         +|   0|  0|   27|          27|          27|
    |add_ln58_6453_fu_280997_p2  |         +|   0|  0|   35|          28|          28|
    |add_ln58_6454_fu_279144_p2  |         +|   0|  0|   31|          24|          24|
    |add_ln58_6455_fu_279154_p2  |         +|   0|  0|   33|          26|          26|
    |add_ln58_6456_fu_281006_p2  |         +|   0|  0|   28|          28|          28|
    |add_ln58_6457_fu_281012_p2  |         +|   0|  0|   28|          28|          28|
    |add_ln58_6458_fu_281018_p2  |         +|   0|  0|   34|          27|          27|
    |add_ln58_6459_fu_281720_p2  |         +|   0|  0|   29|          29|          29|
    |add_ln58_6460_fu_281024_p2  |         +|   0|  0|   34|          27|          27|
    |add_ln58_6461_fu_279160_p2  |         +|   0|  0|   26|          26|          26|
    |add_ln58_6462_fu_279166_p2  |         +|   0|  0|   26|          26|          26|
    |add_ln58_6463_fu_281037_p2  |         +|   0|  0|   35|          28|          28|
    |add_ln58_6464_fu_281729_p2  |         +|   0|  0|   29|          29|          29|
    |add_ln58_6465_fu_279172_p2  |         +|   0|  0|   33|          26|          26|
    |add_ln58_6466_fu_279178_p2  |         +|   0|  0|   33|          26|          26|
    |add_ln58_6467_fu_279188_p2  |         +|   0|  0|   34|          27|          27|
    |add_ln58_6468_fu_281049_p2  |         +|   0|  0|   28|          28|          28|
    |add_ln58_6469_fu_279194_p2  |         +|   0|  0|   31|          24|          24|
    |add_ln58_6470_fu_279200_p2  |         +|   0|  0|   30|          23|          23|
    |add_ln58_6471_fu_279210_p2  |         +|   0|  0|   31|          24|          24|
    |add_ln58_6472_fu_281061_p2  |         +|   0|  0|   32|          25|          25|
    |add_ln58_6473_fu_281071_p2  |         +|   0|  0|   28|          28|          28|
    |add_ln58_6474_fu_281738_p2  |         +|   0|  0|   29|          29|          29|
    |add_ln58_6475_fu_281077_p2  |         +|   0|  0|   36|          29|          29|
    |add_ln58_6476_fu_281750_p2  |         +|   0|  0|   29|          29|          29|
    |add_ln58_6477_fu_279216_p2  |         +|   0|  0|   34|          27|          27|
    |add_ln58_6478_fu_279226_p2  |         +|   0|  0|   35|          28|          28|
    |add_ln58_6479_fu_281758_p2  |         +|   0|  0|   29|          29|          29|
    |add_ln58_6480_fu_279232_p2  |         +|   0|  0|   27|          27|          27|
    |add_ln58_6481_fu_279238_p2  |         +|   0|  0|   27|          27|          27|
    |add_ln58_6482_fu_279244_p2  |         +|   0|  0|   33|          26|          26|
    |add_ln58_6483_fu_279250_p2  |         +|   0|  0|   33|          26|          26|
    |add_ln58_6484_fu_281092_p2  |         +|   0|  0|   34|          27|          27|
    |add_ln58_6485_fu_281102_p2  |         +|   0|  0|   35|          28|          28|
    |add_ln58_6486_fu_281767_p2  |         +|   0|  0|   29|          29|          29|
    |add_ln58_6487_fu_279256_p2  |         +|   0|  0|   33|          26|          26|
    |add_ln58_6488_fu_279266_p2  |         +|   0|  0|   34|          27|          27|
    |add_ln58_6489_fu_279272_p2  |         +|   0|  0|   25|          25|          25|
    |add_ln58_6490_fu_279278_p2  |         +|   0|  0|   25|          25|          25|
    |add_ln58_6491_fu_281114_p2  |         +|   0|  0|   28|          28|          28|
    |add_ln58_6492_fu_279284_p2  |         +|   0|  0|   31|          24|          24|
    |add_ln58_6493_fu_281123_p2  |         +|   0|  0|   26|          26|          26|
    |add_ln58_6494_fu_279290_p2  |         +|   0|  0|   30|          23|          23|
    |add_ln58_6495_fu_279300_p2  |         +|   0|  0|   30|          23|          23|
    |add_ln58_6496_fu_279310_p2  |         +|   0|  0|   31|          24|          24|
    |add_ln58_6497_fu_281132_p2  |         +|   0|  0|   26|          26|          26|
    |add_ln58_6498_fu_281142_p2  |         +|   0|  0|   28|          28|          28|
    |add_ln58_6499_fu_281776_p2  |         +|   0|  0|   29|          29|          29|
    |add_ln58_6500_fu_281148_p2  |         +|   0|  0|   29|          29|          29|
    |add_ln58_6501_fu_281154_p2  |         +|   0|  0|   29|          29|          29|
    |add_ln58_6502_fu_281160_p2  |         +|   0|  0|   29|          29|          29|
    |add_ln58_6503_fu_281166_p2  |         +|   0|  0|   36|          29|          29|
    |add_ln58_6504_fu_281172_p2  |         +|   0|  0|   29|          29|          29|
    |add_ln58_6505_fu_281178_p2  |         +|   0|  0|   29|          29|          29|
    |add_ln58_6506_fu_279316_p2  |         +|   0|  0|   36|          29|          29|
    |add_ln58_6507_fu_281184_p2  |         +|   0|  0|   29|          29|          29|
    |add_ln58_6508_fu_279322_p2  |         +|   0|  0|   29|          29|          29|
    |add_ln58_6509_fu_279328_p2  |         +|   0|  0|   35|          28|          28|
    |add_ln58_6510_fu_279338_p2  |         +|   0|  0|   29|          29|          29|
    |add_ln58_6511_fu_281189_p2  |         +|   0|  0|   29|          29|          29|
    |add_ln58_6512_fu_281194_p2  |         +|   0|  0|   29|          29|          29|
    |add_ln58_6513_fu_279344_p2  |         +|   0|  0|   34|          27|          27|
    |add_ln58_6514_fu_281203_p2  |         +|   0|  0|   35|          28|          28|
    |add_ln58_6515_fu_279350_p2  |         +|   0|  0|   27|          27|          27|
    |add_ln58_6516_fu_279356_p2  |         +|   0|  0|   33|          26|          26|
    |add_ln58_6517_fu_279366_p2  |         +|   0|  0|   27|          27|          27|
    |add_ln58_6518_fu_281216_p2  |         +|   0|  0|   29|          29|          29|
    |add_ln58_6519_fu_279372_p2  |         +|   0|  0|   33|          26|          26|
    |add_ln58_6520_fu_279382_p2  |         +|   0|  0|   34|          27|          27|
    |add_ln58_6521_fu_279388_p2  |         +|   0|  0|   33|          26|          26|
    |add_ln58_6522_fu_279398_p2  |         +|   0|  0|   33|          26|          26|
    |add_ln58_6523_fu_279408_p2  |         +|   0|  0|   34|          27|          27|
    |add_ln58_6524_fu_281228_p2  |         +|   0|  0|   35|          28|          28|
    |add_ln58_6525_fu_281238_p2  |         +|   0|  0|   29|          29|          29|
    |add_ln58_6526_fu_281782_p2  |         +|   0|  0|   29|          29|          29|
    |add_ln58_6527_fu_279414_p2  |         +|   0|  0|   33|          26|          26|
    |add_ln58_6528_fu_279424_p2  |         +|   0|  0|   34|          27|          27|
    |add_ln58_6529_fu_279430_p2  |         +|   0|  0|   33|          26|          26|
    |add_ln58_6530_fu_279440_p2  |         +|   0|  0|   32|          25|          25|
    |add_ln58_6531_fu_279450_p2  |         +|   0|  0|   34|          27|          27|
    |add_ln58_6532_fu_281250_p2  |         +|   0|  0|   35|          28|          28|
    |add_ln58_6533_fu_279456_p2  |         +|   0|  0|   25|          25|          25|
    |add_ln58_6534_fu_279462_p2  |         +|   0|  0|   25|          25|          25|
    |add_ln58_6535_fu_279472_p2  |         +|   0|  0|   25|          25|          25|
    |add_ln58_6536_fu_279478_p2  |         +|   0|  0|   31|          24|          24|
    |add_ln58_6537_fu_279488_p2  |         +|   0|  0|   25|          25|          25|
    |add_ln58_6538_fu_279498_p2  |         +|   0|  0|   33|          26|          26|
    |add_ln58_6539_fu_281263_p2  |         +|   0|  0|   29|          29|          29|
    |add_ln58_6540_fu_279504_p2  |         +|   0|  0|   31|          24|          24|
    |add_ln58_6541_fu_279514_p2  |         +|   0|  0|   32|          25|          25|
    |add_ln58_6542_fu_279520_p2  |         +|   0|  0|   31|          24|          24|
    |add_ln58_6543_fu_279530_p2  |         +|   0|  0|   30|          23|          23|
    |add_ln58_6544_fu_279540_p2  |         +|   0|  0|   32|          25|          25|
    |add_ln58_6545_fu_281275_p2  |         +|   0|  0|   26|          26|          26|
    |add_ln58_6546_fu_279546_p2  |         +|   0|  0|   22|          22|          22|
    |add_ln58_6547_fu_279552_p2  |         +|   0|  0|   22|          22|          22|
    |add_ln58_6548_fu_279562_p2  |         +|   0|  0|   21|          21|          21|
    |add_ln58_6549_fu_279572_p2  |         +|   0|  0|   27|          20|          20|
    |add_ln58_6550_fu_279582_p2  |         +|   0|  0|   29|          22|          22|
    |add_ln58_6551_fu_279592_p2  |         +|   0|  0|   30|          23|          23|
    |add_ln58_6552_fu_281284_p2  |         +|   0|  0|   26|          26|          26|
    |add_ln58_6553_fu_281294_p2  |         +|   0|  0|   29|          29|          29|
    |add_ln58_6554_fu_281786_p2  |         +|   0|  0|   29|          29|          29|
    |add_ln58_6555_fu_279720_p2  |         +|   0|  0|   29|          22|          17|
    |add_ln58_6556_fu_279730_p2  |         +|   0|  0|   31|          24|          24|
    |add_ln58_6557_fu_279740_p2  |         +|   0|  0|   26|          26|          26|
    |add_ln58_6558_fu_279746_p2  |         +|   0|  0|   25|          25|          25|
    |add_ln58_6559_fu_279752_p2  |         +|   0|  0|   25|          25|          25|
    |add_ln58_6560_fu_279762_p2  |         +|   0|  0|   26|          26|          26|
    |add_ln58_6561_fu_281303_p2  |         +|   0|  0|   34|          27|          27|
    |add_ln58_6562_fu_281313_p2  |         +|   0|  0|   28|          28|          28|
    |add_ln58_6563_fu_279768_p2  |         +|   0|  0|   32|          25|          25|
    |add_ln58_6564_fu_279778_p2  |         +|   0|  0|   33|          26|          26|
    |add_ln58_6565_fu_281322_p2  |         +|   0|  0|   28|          28|          28|
    |add_ln58_6566_fu_281332_p2  |         +|   0|  0|   29|          29|          29|
    |add_ln58_6567_fu_281338_p2  |         +|   0|  0|   29|          29|          29|
    |add_ln58_6568_fu_281344_p2  |         +|   0|  0|   29|          29|          29|
    |add_ln58_6569_fu_281350_p2  |         +|   0|  0|   29|          29|          29|
    |add_ln58_6570_fu_281356_p2  |         +|   0|  0|   29|          29|          29|
    |add_ln58_6571_fu_279784_p2  |         +|   0|  0|   36|          29|          29|
    |add_ln58_6572_fu_279790_p2  |         +|   0|  0|   29|          29|          29|
    |add_ln58_6573_fu_279796_p2  |         +|   0|  0|   28|          28|          28|
    |add_ln58_6574_fu_279802_p2  |         +|   0|  0|   28|          28|          28|
    |add_ln58_6575_fu_279812_p2  |         +|   0|  0|   29|          29|          29|
    |add_ln58_6576_fu_281362_p2  |         +|   0|  0|   29|          29|          29|
    |add_ln58_6577_fu_281367_p2  |         +|   0|  0|   27|          27|          27|
    |add_ln58_6578_fu_281373_p2  |         +|   0|  0|   27|          27|          27|
    |add_ln58_6579_fu_281383_p2  |         +|   0|  0|   27|          27|          27|
    |add_ln58_6580_fu_281389_p2  |         +|   0|  0|   27|          27|          27|
    |add_ln58_6581_fu_281399_p2  |         +|   0|  0|   29|          29|          29|
    |add_ln58_6582_fu_279818_p2  |         +|   0|  0|   34|          27|          27|
    |add_ln58_6583_fu_279828_p2  |         +|   0|  0|   35|          28|          28|
    |add_ln58_6584_fu_279834_p2  |         +|   0|  0|   26|          26|          26|
    |add_ln58_6585_fu_279840_p2  |         +|   0|  0|   26|          26|          26|
    |add_ln58_6586_fu_281411_p2  |         +|   0|  0|   36|          29|          29|
    |add_ln58_6587_fu_281417_p2  |         +|   0|  0|   29|          29|          29|
    |add_ln58_6588_fu_281791_p2  |         +|   0|  0|   29|          29|          29|
    |add_ln58_6589_fu_279846_p2  |         +|   0|  0|   26|          26|          26|
    |add_ln58_6590_fu_279852_p2  |         +|   0|  0|   26|          26|          26|
    |add_ln58_6591_fu_279858_p2  |         +|   0|  0|   33|          26|          26|
    |add_ln58_6592_fu_279868_p2  |         +|   0|  0|   34|          27|          27|
    |add_ln58_6593_fu_281429_p2  |         +|   0|  0|   35|          28|          28|
    |add_ln58_6594_fu_279874_p2  |         +|   0|  0|   32|          25|          25|
    |add_ln58_6595_fu_279884_p2  |         +|   0|  0|   33|          26|          26|
    |add_ln58_6596_fu_279890_p2  |         +|   0|  0|   32|          25|          25|
    |add_ln58_6597_fu_279900_p2  |         +|   0|  0|   33|          26|          26|
    |add_ln58_6598_fu_281445_p2  |         +|   0|  0|   34|          27|          27|
    |add_ln58_6599_fu_281455_p2  |         +|   0|  0|   29|          29|          29|
    |add_ln58_6600_fu_279906_p2  |         +|   0|  0|   32|          25|          25|
    |add_ln58_6601_fu_279916_p2  |         +|   0|  0|   26|          26|          26|
    |add_ln58_6602_fu_279922_p2  |         +|   0|  0|   24|          24|          24|
    |add_ln58_6603_fu_279928_p2  |         +|   0|  0|   24|          24|          24|
    |add_ln58_6604_fu_279938_p2  |         +|   0|  0|   26|          26|          26|
    |add_ln58_6605_fu_279944_p2  |         +|   0|  0|   30|          23|          23|
    |add_ln58_6606_fu_281467_p2  |         +|   0|  0|   25|          25|          25|
    |add_ln58_6607_fu_279950_p2  |         +|   0|  0|   30|          23|          23|
    |add_ln58_6608_fu_279960_p2  |         +|   0|  0|   29|          22|          22|
    |add_ln58_6609_fu_279970_p2  |         +|   0|  0|   31|          24|          24|
    |add_ln58_6610_fu_281476_p2  |         +|   0|  0|   25|          25|          25|
    |add_ln58_6611_fu_281486_p2  |         +|   0|  0|   34|          27|          27|
    |add_ln58_6612_fu_281496_p2  |         +|   0|  0|   29|          29|          29|
    |add_ln58_6613_fu_281795_p2  |         +|   0|  0|   29|          29|          29|
    |add_ln58_6614_fu_280086_p2  |         +|   0|  0|   32|          25|          20|
    |add_ln58_6615_fu_280096_p2  |         +|   0|  0|   33|          26|          26|
    |add_ln58_6616_fu_280106_p2  |         +|   0|  0|   34|          27|          27|
    |add_ln58_6617_fu_280112_p2  |         +|   0|  0|   27|          27|          27|
    |add_ln58_6618_fu_280118_p2  |         +|   0|  0|   19|          19|          19|
    |add_ln58_6619_fu_280128_p2  |         +|   0|  0|   28|          21|          21|
    |add_ln58_6620_fu_280138_p2  |         +|   0|  0|   27|          27|          27|
    |add_ln58_6621_fu_280144_p2  |         +|   0|  0|   34|          27|          27|
    |add_ln58_6622_fu_281508_p2  |         +|   0|  0|   28|          28|          28|
    |add_ln58_6623_fu_280150_p2  |         +|   0|  0|   32|          25|          25|
    |add_ln58_6624_fu_280160_p2  |         +|   0|  0|   33|          26|          26|
    |add_ln58_6625_fu_281517_p2  |         +|   0|  0|   28|          28|          28|
    |add_ln58_6626_fu_281527_p2  |         +|   0|  0|   29|          29|          29|
    |add_ln58_6627_fu_281533_p2  |         +|   0|  0|   29|          29|          29|
    |add_ln58_6628_fu_280166_p2  |         +|   0|  0|   35|          28|          28|
    |add_ln58_6629_fu_281542_p2  |         +|   0|  0|   36|          29|          29|
    |add_ln58_6630_fu_281548_p2  |         +|   0|  0|   29|          29|          29|
    |add_ln58_6631_fu_280172_p2  |         +|   0|  0|   28|          28|          28|
    |add_ln58_6632_fu_280178_p2  |         +|   0|  0|   28|          28|          28|
    |add_ln58_6633_fu_280184_p2  |         +|   0|  0|   34|          27|          27|
    |add_ln58_6634_fu_280194_p2  |         +|   0|  0|   35|          28|          28|
    |add_ln58_6635_fu_281560_p2  |         +|   0|  0|   36|          29|          29|
    |add_ln58_6636_fu_281566_p2  |         +|   0|  0|   29|          29|          29|
    |add_ln58_6637_fu_280200_p2  |         +|   0|  0|   27|          27|          27|
    |add_ln58_6638_fu_280206_p2  |         +|   0|  0|   27|          27|          27|
    |add_ln58_6639_fu_280216_p2  |         +|   0|  0|   34|          27|          27|
    |add_ln58_6640_fu_280226_p2  |         +|   0|  0|   28|          28|          28|
    |add_ln58_6641_fu_280232_p2  |         +|   0|  0|   28|          28|          28|
    |add_ln58_6642_fu_280238_p2  |         +|   0|  0|   33|          26|          26|
    |add_ln58_6643_fu_280248_p2  |         +|   0|  0|   34|          27|          27|
    |add_ln58_6644_fu_280254_p2  |         +|   0|  0|   26|          26|          26|
    |add_ln58_6645_fu_280260_p2  |         +|   0|  0|   26|          26|          26|
    |add_ln58_6646_fu_281581_p2  |         +|   0|  0|   35|          28|          28|
    |add_ln58_6647_fu_281591_p2  |         +|   0|  0|   36|          29|          29|
    |add_ln58_6648_fu_281800_p2  |         +|   0|  0|   29|          29|          29|
    |add_ln58_6649_fu_280266_p2  |         +|   0|  0|   32|          25|          25|
    |add_ln58_6650_fu_280276_p2  |         +|   0|  0|   33|          26|          26|
    |add_ln58_6651_fu_280282_p2  |         +|   0|  0|   25|          25|          25|
    |add_ln58_6652_fu_280288_p2  |         +|   0|  0|   25|          25|          25|
    |add_ln58_6653_fu_281603_p2  |         +|   0|  0|   27|          27|          27|
    |add_ln58_6654_fu_280294_p2  |         +|   0|  0|   25|          25|          25|
    |add_ln58_6655_fu_280300_p2  |         +|   0|  0|   25|          25|          25|
    |add_ln58_6656_fu_280306_p2  |         +|   0|  0|   32|          25|          25|
    |add_ln58_6657_fu_280316_p2  |         +|   0|  0|   33|          26|          26|
    |add_ln58_6658_fu_281615_p2  |         +|   0|  0|   34|          27|          27|
    |add_ln58_6659_fu_281621_p2  |         +|   0|  0|   27|          27|          27|
    |add_ln58_6660_fu_280322_p2  |         +|   0|  0|   26|          26|          26|
    |add_ln58_6661_fu_280328_p2  |         +|   0|  0|   26|          26|          26|
    |add_ln58_6662_fu_280334_p2  |         +|   0|  0|   31|          24|          24|
    |add_ln58_6663_fu_280344_p2  |         +|   0|  0|   32|          25|          25|
    |add_ln58_6664_fu_281637_p2  |         +|   0|  0|   27|          27|          27|
    |add_ln58_6665_fu_280350_p2  |         +|   0|  0|   31|          24|          24|
    |add_ln58_6666_fu_280360_p2  |         +|   0|  0|   25|          25|          25|
    |add_ln58_6667_fu_280366_p2  |         +|   0|  0|   28|          21|          21|
    |add_ln58_6668_fu_280376_p2  |         +|   0|  0|   30|          23|          23|
    |add_ln58_6669_fu_280386_p2  |         +|   0|  0|   25|          25|          25|
    |add_ln58_6670_fu_281646_p2  |         +|   0|  0|   27|          27|          27|
    |add_ln58_6671_fu_281656_p2  |         +|   0|  0|   35|          28|          28|
    |add_ln58_6672_fu_281807_p2  |         +|   0|  0|   29|          29|          29|
    |add_ln58_fu_278582_p2       |         +|   0|  0|   29|          22|          12|
    |mult_5683_fu_276503_p2      |         +|   0|  0|   27|          20|          20|
    |mult_5690_fu_276604_p2      |         +|   0|  0|   31|          24|          24|
    |mult_5701_fu_276659_p2      |         +|   0|  0|   26|          19|          19|
    |mult_5702_fu_276680_p2      |         +|   0|  0|   28|          21|          21|
    |mult_5712_fu_276790_p2      |         +|   0|  0|   29|          22|          22|
    |mult_5713_fu_276811_p2      |         +|   0|  0|   29|          22|          22|
    |mult_5765_fu_277173_p2      |         +|   0|  0|   33|          26|          26|
    |mult_5805_fu_277569_p2      |         +|   0|  0|   27|          20|          20|
    |mult_5813_fu_277640_p2      |         +|   0|  0|   30|          23|          23|
    |mult_5817_fu_277698_p2      |         +|   0|  0|   21|          21|          21|
    |mult_5824_fu_277796_p2      |         +|   0|  0|   31|          24|          24|
    |mult_5876_fu_278235_p2      |         +|   0|  0|   26|          19|          19|
    |tmp954_fu_278696_p2         |         +|   0|  0|   24|          17|          17|
    |tmp956_fu_278711_p2         |         +|   0|  0|   24|          17|          17|
    |tmp958_fu_278725_p2         |         +|   0|  0|   24|          17|          17|
    |tmp960_fu_278972_p2         |         +|   0|  0|   24|          17|          17|
    |tmp965_fu_279018_p2         |         +|   0|  0|   24|          17|          17|
    |tmp977_fu_279623_p2         |         +|   0|  0|   28|          21|          21|
    |tmp981_fu_279648_p2         |         +|   0|  0|   24|          17|          17|
    |tmp982_fu_279670_p2         |         +|   0|  0|   28|          21|          21|
    |tmp983_fu_279680_p2         |         +|   0|  0|   24|          17|          17|
    |tmp988_fu_280016_p2         |         +|   0|  0|   24|          17|          17|
    |tmp989_fu_280038_p2         |         +|   0|  0|   32|          25|          25|
    |tmp990_fu_276028_p2         |         +|   0|  0|   24|          17|          17|
    |mult_5653_fu_276131_p2      |         -|   0|  0|   22|          22|          22|
    |mult_5654_fu_276148_p2      |         -|   0|  0|   26|          19|          19|
    |mult_5655_fu_276169_p2      |         -|   0|  0|   27|          20|          20|
    |mult_5662_fu_276255_p2      |         -|   0|  0|   30|          23|          23|
    |mult_5664_fu_276273_p2      |         -|   0|  0|   19|          19|          19|
    |mult_5665_fu_276299_p2      |         -|   0|  0|   22|          22|          22|
    |mult_5666_fu_276327_p2      |         -|   0|  0|   31|          24|          24|
    |mult_5677_fu_276416_p2      |         -|   0|  0|   29|          22|          22|
    |mult_5682_fu_276482_p2      |         -|   0|  0|   30|          23|          23|
    |mult_5685_fu_276528_p2      |         -|   0|  0|   31|          24|          24|
    |mult_5699_fu_280466_p2      |         -|   0|  0|   31|          24|          24|
    |mult_5711_fu_276769_p2      |         -|   0|  0|   30|          23|          23|
    |mult_5728_fu_280539_p2      |         -|   0|  0|   33|          26|          26|
    |mult_5737_fu_276964_p2      |         -|   0|  0|   30|          23|          23|
    |mult_5741_fu_277009_p2      |         -|   0|  0|   30|          23|          23|
    |mult_5745_fu_277037_p2      |         -|   0|  0|   29|          22|          22|
    |mult_5778_fu_277256_p2      |         -|   0|  0|   31|          24|          24|
    |mult_5792_fu_277379_p2      |         -|   0|  0|   31|          24|          24|
    |mult_5794_fu_277434_p2      |         -|   0|  0|   32|          25|          25|
    |mult_5799_fu_277504_p2      |         -|   0|  0|   32|          25|          25|
    |mult_5815_fu_277684_p2      |         -|   0|  0|   31|          24|          24|
    |mult_5821_fu_277749_p2      |         -|   0|  0|   28|          21|          21|
    |mult_5828_fu_277852_p2      |         -|   0|  0|   29|          22|          22|
    |mult_5831_fu_277909_p2      |         -|   0|  0|   33|          26|          26|
    |mult_5836_fu_277961_p2      |         -|   0|  0|   23|          23|          23|
    |mult_5841_fu_278022_p2      |         -|   0|  0|   31|          24|          24|
    |mult_5888_fu_278341_p2      |         -|   0|  0|   31|          24|          24|
    |mult_5909_fu_278487_p2      |         -|   0|  0|   20|          20|          20|
    |mult_5910_fu_278504_p2      |         -|   0|  0|   27|          20|          20|
    |mult_5915_fu_278560_p2      |         -|   0|  0|   33|          26|          26|
    |sub_ln42_14_fu_277413_p2    |         -|   0|  0|   31|           1|          24|
    |sub_ln42_16_fu_277483_p2    |         -|   0|  0|   31|           1|          24|
    |sub_ln42_18_fu_276007_p2    |         -|   0|  0|   30|           1|          23|
    |sub_ln42_22_fu_277888_p2    |         -|   0|  0|   32|           1|          25|
    |sub_ln42_28_fu_278550_p2    |         -|   0|  0|   32|           1|          25|
    |sub_ln42_4_fu_276457_p2     |         -|   0|  0|   29|           1|          22|
    |sub_ln42_7_fu_280445_p2     |         -|   0|  0|   30|           1|          23|
    |sub_ln42_fu_276234_p2       |         -|   0|  0|   29|           1|          22|
    |sub_ln58_fu_281744_p2       |         -|   0|  0|   29|          29|          29|
    |tmp953_fu_278686_p2         |         -|   0|  0|   29|          22|          22|
    |tmp963_fu_278987_p2         |         -|   0|  0|   24|          17|          17|
    |tmp964_fu_279008_p2         |         -|   0|  0|   29|          22|          22|
    |tmp968_fu_279029_p2         |         -|   0|  0|   24|          17|          17|
    |tmp969_fu_279059_p2         |         -|   0|  0|   32|          25|          25|
    |tmp971_fu_279069_p2         |         -|   0|  0|   24|          17|          17|
    |tmp975_fu_276022_p2         |         -|   0|  0|   24|          17|          17|
    |tmp976_fu_279601_p2         |         -|   0|  0|   25|          18|          18|
    |tmp979_fu_279633_p2         |         -|   0|  0|   24|          17|          17|
    |tmp984_fu_279710_p2         |         -|   0|  0|   31|          24|          24|
    |tmp986_fu_279976_p2         |         -|   0|  0|   24|          17|          17|
    |tmp987_fu_280006_p2         |         -|   0|  0|   33|          26|          26|
    |tmp993_fu_280056_p2         |         -|   0|  0|   24|          17|          17|
    |tmp996_fu_280071_p2         |         -|   0|  0|   24|          17|          17|
    |tmp_fu_278656_p2            |         -|   0|  0|   24|          17|          17|
    |ap_block_pp0_stage0_11001   |        or|   0|  0|    2|           1|           1|
    |ap_enable_pp0               |       xor|   0|  0|    2|           1|           2|
    +----------------------------+----------+----+---+-----+------------+------------+
    |Total                       |          |   0|  0|11139|        9445|        9598|
    +----------------------------+----------+----+---+-----+------------+------------+

    * Multiplexer: 
    +-------------+----+-----------+-----+-----------+
    |     Name    | LUT| Input Size| Bits| Total Bits|
    +-------------+----+-----------+-----+-----------+
    |ap_done      |   9|          2|    1|          2|
    |ap_return_0  |   9|          2|   29|         58|
    |ap_return_1  |   9|          2|   29|         58|
    |ap_return_2  |   9|          2|   29|         58|
    |ap_return_3  |   9|          2|   29|         58|
    |ap_return_4  |   9|          2|   29|         58|
    +-------------+----+-----------+-----+-----------+
    |Total        |  54|         12|  146|        292|
    +-------------+----+-----------+-----+-----------+

    * Register: 
    +----------------------------------------+----+----+-----+-----------+
    |                  Name                  | FF | LUT| Bits| Const Bits|
    +----------------------------------------+----+----+-----+-----------+
    |add_ln58_6381_reg_282426                |  28|   0|   28|          0|
    |add_ln58_6382_reg_282431                |  26|   0|   26|          0|
    |add_ln58_6384_reg_282436                |  25|   0|   25|          0|
    |add_ln58_6385_reg_282441                |  21|   0|   22|          1|
    |add_ln58_6391_reg_282446                |  25|   0|   25|          0|
    |add_ln58_6393_reg_282451                |  25|   0|   25|          0|
    |add_ln58_6395_reg_282786                |  28|   0|   28|          0|
    |add_ln58_6398_reg_282791                |  28|   0|   28|          0|
    |add_ln58_6403_reg_282456                |  28|   0|   28|          0|
    |add_ln58_6404_reg_282796                |  28|   0|   28|          0|
    |add_ln58_6406_reg_282461                |  27|   0|   27|          0|
    |add_ln58_6409_reg_282466                |  28|   0|   28|          0|
    |add_ln58_6413_reg_282471                |  26|   0|   26|          0|
    |add_ln58_6416_reg_282801                |  29|   0|   29|          0|
    |add_ln58_6418_reg_282476                |  26|   0|   26|          0|
    |add_ln58_6421_reg_282481                |  27|   0|   27|          0|
    |add_ln58_6427_reg_282486                |  27|   0|   27|          0|
    |add_ln58_6433_reg_282491                |  26|   0|   26|          0|
    |add_ln58_6438_reg_282496                |  25|   0|   25|          0|
    |add_ln58_6440_reg_282806                |  29|   0|   29|          0|
    |add_ln58_6445_reg_282501                |  26|   0|   26|          0|
    |add_ln58_6447_reg_282506                |  26|   0|   26|          0|
    |add_ln58_6451_reg_282511                |  25|   0|   25|          0|
    |add_ln58_6455_reg_282516                |  26|   0|   26|          0|
    |add_ln58_6457_reg_282811                |  28|   0|   28|          0|
    |add_ln58_6458_reg_282816                |  27|   0|   27|          0|
    |add_ln58_6462_reg_282521                |  26|   0|   26|          0|
    |add_ln58_6463_reg_282821                |  28|   0|   28|          0|
    |add_ln58_6465_reg_282526                |  26|   0|   26|          0|
    |add_ln58_6467_reg_282531                |  27|   0|   27|          0|
    |add_ln58_6469_reg_282536                |  24|   0|   24|          0|
    |add_ln58_6471_reg_282541                |  24|   0|   24|          0|
    |add_ln58_6473_reg_282826                |  28|   0|   28|          0|
    |add_ln58_6475_reg_282831                |  29|   0|   29|          0|
    |add_ln58_6478_reg_282546                |  28|   0|   28|          0|
    |add_ln58_6478_reg_282546_pp0_iter2_reg  |  28|   0|   28|          0|
    |add_ln58_6481_reg_282551                |  27|   0|   27|          0|
    |add_ln58_6482_reg_282556                |  26|   0|   26|          0|
    |add_ln58_6483_reg_282561                |  26|   0|   26|          0|
    |add_ln58_6485_reg_282836                |  28|   0|   28|          0|
    |add_ln58_6488_reg_282566                |  27|   0|   27|          0|
    |add_ln58_6490_reg_282571                |  25|   0|   25|          0|
    |add_ln58_6492_reg_282576                |  24|   0|   24|          0|
    |add_ln58_6496_reg_282581                |  24|   0|   24|          0|
    |add_ln58_6498_reg_282841                |  28|   0|   28|          0|
    |add_ln58_6506_reg_282586                |  29|   0|   29|          0|
    |add_ln58_6510_reg_282591                |  29|   0|   29|          0|
    |add_ln58_6512_reg_282846                |  29|   0|   29|          0|
    |add_ln58_6513_reg_282596                |  27|   0|   27|          0|
    |add_ln58_6517_reg_282601                |  27|   0|   27|          0|
    |add_ln58_6520_reg_282606                |  27|   0|   27|          0|
    |add_ln58_6523_reg_282611                |  27|   0|   27|          0|
    |add_ln58_6525_reg_282851                |  29|   0|   29|          0|
    |add_ln58_6528_reg_282616                |  27|   0|   27|          0|
    |add_ln58_6531_reg_282621                |  27|   0|   27|          0|
    |add_ln58_6538_reg_282626                |  26|   0|   26|          0|
    |add_ln58_6541_reg_282631                |  25|   0|   25|          0|
    |add_ln58_6544_reg_282636                |  25|   0|   25|          0|
    |add_ln58_6551_reg_282641                |  23|   0|   23|          0|
    |add_ln58_6553_reg_282856                |  29|   0|   29|          0|
    |add_ln58_6560_reg_282646                |  26|   0|   26|          0|
    |add_ln58_6564_reg_282651                |  26|   0|   26|          0|
    |add_ln58_6575_reg_282656                |  29|   0|   29|          0|
    |add_ln58_6576_reg_282861                |  29|   0|   29|          0|
    |add_ln58_6583_reg_282661                |  28|   0|   28|          0|
    |add_ln58_6585_reg_282666                |  26|   0|   26|          0|
    |add_ln58_6587_reg_282866                |  29|   0|   29|          0|
    |add_ln58_6590_reg_282671                |  26|   0|   26|          0|
    |add_ln58_6592_reg_282676                |  27|   0|   27|          0|
    |add_ln58_6595_reg_282681                |  26|   0|   26|          0|
    |add_ln58_6597_reg_282686                |  26|   0|   26|          0|
    |add_ln58_6604_reg_282691                |  26|   0|   26|          0|
    |add_ln58_6605_reg_282696                |  23|   0|   23|          0|
    |add_ln58_6609_reg_282701                |  24|   0|   24|          0|
    |add_ln58_6612_reg_282871                |  29|   0|   29|          0|
    |add_ln58_6620_reg_282706                |  27|   0|   27|          0|
    |add_ln58_6621_reg_282711                |  27|   0|   27|          0|
    |add_ln58_6624_reg_282716                |  26|   0|   26|          0|
    |add_ln58_6628_reg_282721                |  28|   0|   28|          0|
    |add_ln58_6632_reg_282726                |  28|   0|   28|          0|
    |add_ln58_6634_reg_282731                |  28|   0|   28|          0|
    |add_ln58_6636_reg_282876                |  29|   0|   29|          0|
    |add_ln58_6641_reg_282736                |  28|   0|   28|          0|
    |add_ln58_6643_reg_282741                |  27|   0|   27|          0|
    |add_ln58_6645_reg_282746                |  26|   0|   26|          0|
    |add_ln58_6647_reg_282881                |  29|   0|   29|          0|
    |add_ln58_6650_reg_282751                |  26|   0|   26|          0|
    |add_ln58_6652_reg_282756                |  25|   0|   25|          0|
    |add_ln58_6655_reg_282761                |  25|   0|   25|          0|
    |add_ln58_6657_reg_282766                |  26|   0|   26|          0|
    |add_ln58_6661_reg_282771                |  26|   0|   26|          0|
    |add_ln58_6663_reg_282776                |  25|   0|   25|          0|
    |add_ln58_6669_reg_282781                |  25|   0|   25|          0|
    |add_ln58_6671_reg_282886                |  28|   0|   28|          0|
    |ap_CS_fsm                               |   1|   0|    1|          0|
    |ap_done_reg                             |   1|   0|    1|          0|
    |ap_enable_reg_pp0_iter1                 |   1|   0|    1|          0|
    |ap_enable_reg_pp0_iter2                 |   1|   0|    1|          0|
    |ap_enable_reg_pp0_iter3                 |   1|   0|    1|          0|
    |ap_return_0_preg                        |  29|   0|   29|          0|
    |ap_return_1_preg                        |  29|   0|   29|          0|
    |ap_return_2_preg                        |  29|   0|   29|          0|
    |ap_return_3_preg                        |  29|   0|   29|          0|
    |ap_return_4_preg                        |  29|   0|   29|          0|
    |mult_5641_reg_11656                     |  22|   0|   22|          0|
    |mult_5643_reg_11660                     |  25|   0|   25|          0|
    |mult_5645_reg_11664                     |  23|   0|   23|          0|
    |mult_5646_reg_11668                     |  22|   0|   22|          0|
    |mult_5647_reg_11672                     |  26|   0|   26|          0|
    |mult_5670_reg_254634                    |  25|   0|   25|          0|
    |mult_5673_reg_254641                    |  27|   0|   27|          0|
    |mult_5675_reg_254648                    |  25|   0|   25|          0|
    |mult_5678_reg_254655                    |  28|   0|   28|          0|
    |mult_5704_reg_11676                     |  23|   0|   23|          0|
    |mult_5720_reg_255041                    |  28|   0|   28|          0|
    |mult_5788_reg_11680                     |  20|   0|   20|          0|
    |mult_5823_reg_11684                     |  23|   0|   23|          0|
    |mult_5855_reg_254992                    |  25|   0|   25|          0|
    |mult_5912_reg_255116                    |  23|   0|   23|          0|
    |mult_reg_254576                         |  27|   0|   27|          0|
    |p_read1074_reg_282276                   |  16|   0|   16|          0|
    |p_read1175_reg_282268                   |  16|   0|   16|          0|
    |p_read1276_reg_282259                   |  16|   0|   16|          0|
    |p_read1377_reg_282252                   |  16|   0|   16|          0|
    |p_read1377_reg_282252_pp0_iter1_reg     |  16|   0|   16|          0|
    |p_read1478_reg_282241                   |  16|   0|   16|          0|
    |p_read1478_reg_282241_pp0_iter1_reg     |  16|   0|   16|          0|
    |p_read1579_reg_282234                   |  16|   0|   16|          0|
    |p_read165_reg_282356                    |  16|   0|   16|          0|
    |p_read1680_reg_282225                   |  16|   0|   16|          0|
    |p_read1680_reg_282225_pp0_iter1_reg     |  16|   0|   16|          0|
    |p_read1781_reg_282214                   |  16|   0|   16|          0|
    |p_read1882_reg_282206                   |  16|   0|   16|          0|
    |p_read1983_reg_282197                   |  16|   0|   16|          0|
    |p_read1983_reg_282197_pp0_iter1_reg     |  16|   0|   16|          0|
    |p_read2084_reg_282188                   |  16|   0|   16|          0|
    |p_read2084_reg_282188_pp0_iter1_reg     |  16|   0|   16|          0|
    |p_read2185_reg_282181                   |  16|   0|   16|          0|
    |p_read2185_reg_282181_pp0_iter1_reg     |  16|   0|   16|          0|
    |p_read2286_reg_282172                   |  16|   0|   16|          0|
    |p_read2387_reg_282164                   |  16|   0|   16|          0|
    |p_read2488_reg_282154                   |  16|   0|   16|          0|
    |p_read2488_reg_282154_pp0_iter1_reg     |  16|   0|   16|          0|
    |p_read2589_reg_282147                   |  16|   0|   16|          0|
    |p_read266_reg_282348                    |  16|   0|   16|          0|
    |p_read2690_reg_282140                   |  16|   0|   16|          0|
    |p_read2791_reg_282133                   |  16|   0|   16|          0|
    |p_read2892_reg_282125                   |  16|   0|   16|          0|
    |p_read2892_reg_282125_pp0_iter1_reg     |  16|   0|   16|          0|
    |p_read2993_reg_282119                   |  16|   0|   16|          0|
    |p_read3094_reg_282112                   |  16|   0|   16|          0|
    |p_read3094_reg_282112_pp0_iter1_reg     |  16|   0|   16|          0|
    |p_read3195_reg_282103                   |  16|   0|   16|          0|
    |p_read3195_reg_282103_pp0_iter1_reg     |  16|   0|   16|          0|
    |p_read3296_reg_282095                   |  16|   0|   16|          0|
    |p_read3397_reg_282088                   |  16|   0|   16|          0|
    |p_read3498_reg_282078                   |  16|   0|   16|          0|
    |p_read3599_reg_282070                   |  16|   0|   16|          0|
    |p_read367_reg_282337                    |  16|   0|   16|          0|
    |p_read40104_reg_282024                  |  16|   0|   16|          0|
    |p_read41105_reg_282015                  |  16|   0|   16|          0|
    |p_read42106_reg_282006                  |  16|   0|   16|          0|
    |p_read468_reg_282330                    |  16|   0|   16|          0|
    |p_read50114_reg_281942                  |  16|   0|   16|          0|
    |p_read50114_reg_281942_pp0_iter1_reg    |  16|   0|   16|          0|
    |p_read51115_reg_281936                  |  16|   0|   16|          0|
    |p_read52116_reg_281929                  |  16|   0|   16|          0|
    |p_read569_reg_282321                    |  16|   0|   16|          0|
    |p_read60124_reg_281867                  |  16|   0|   16|          0|
    |p_read61125_reg_281861                  |  16|   0|   16|          0|
    |p_read62126_reg_281851                  |  16|   0|   16|          0|
    |p_read64_reg_282362                     |  16|   0|   16|          0|
    |p_read670_reg_282311                    |  16|   0|   16|          0|
    |p_read771_reg_282304                    |  16|   0|   16|          0|
    |p_read872_reg_282296                    |  16|   0|   16|          0|
    |p_read973_reg_282286                    |  16|   0|   16|          0|
    |p_read_2615_reg_281843                  |  16|   0|   16|          0|
    |p_read_2616_reg_281875                  |  16|   0|   16|          0|
    |p_read_2617_reg_281882                  |  16|   0|   16|          0|
    |p_read_2617_reg_281882_pp0_iter1_reg    |  16|   0|   16|          0|
    |p_read_2618_reg_281891                  |  16|   0|   16|          0|
    |p_read_2619_reg_281900                  |  16|   0|   16|          0|
    |p_read_2620_reg_281906                  |  16|   0|   16|          0|
    |p_read_2621_reg_281916                  |  16|   0|   16|          0|
    |p_read_2622_reg_281922                  |  16|   0|   16|          0|
    |p_read_2622_reg_281922_pp0_iter1_reg    |  16|   0|   16|          0|
    |p_read_2623_reg_281949                  |  16|   0|   16|          0|
    |p_read_2624_reg_281956                  |  16|   0|   16|          0|
    |p_read_2624_reg_281956_pp0_iter1_reg    |  16|   0|   16|          0|
    |p_read_2625_reg_281964                  |  16|   0|   16|          0|
    |p_read_2626_reg_281972                  |  16|   0|   16|          0|
    |p_read_2627_reg_281980                  |  16|   0|   16|          0|
    |p_read_2628_reg_281990                  |  16|   0|   16|          0|
    |p_read_2629_reg_281997                  |  16|   0|   16|          0|
    |p_read_2630_reg_282032                  |  16|   0|   16|          0|
    |p_read_2631_reg_282042                  |  16|   0|   16|          0|
    |p_read_2631_reg_282042_pp0_iter1_reg    |  16|   0|   16|          0|
    |p_read_2632_reg_282051                  |  16|   0|   16|          0|
    |p_read_2633_reg_282060                  |  16|   0|   16|          0|
    |sub_ln42_18_reg_282368                  |  17|   0|   23|          6|
    |tmp975_reg_282379                       |  17|   0|   17|          0|
    |tmp990_reg_282384                       |  17|   0|   17|          0|
    |zext_ln42_163_reg_282394                |  16|   0|   28|         12|
    |zext_ln42_168_reg_282399                |  16|   0|   26|         10|
    |zext_ln42_266_reg_282404                |  16|   0|   26|         10|
    |zext_ln42_271_reg_282410                |  16|   0|   26|         10|
    |zext_ln42_275_reg_282373                |  16|   0|   17|          1|
    |zext_ln42_302_reg_282415                |  16|   0|   28|         12|
    |zext_ln42_303_reg_282421                |  16|   0|   27|         11|
    |zext_ln42_78_reg_282389                 |  16|   0|   27|         11|
    |p_read_2633_reg_282060                  |  64|  32|   16|          0|
    +----------------------------------------+----+----+-----+-----------+
    |Total                                   |4557|  32| 4593|         84|
    +----------------------------------------+----+----+-----+-----------+



================================================================
== Interface
================================================================
* Summary: 
+-------------+-----+-----+------------+-------------------------------------------------------------------------------+--------------+
|  RTL Ports  | Dir | Bits|  Protocol  |                                 Source Object                                 |    C Type    |
+-------------+-----+-----+------------+-------------------------------------------------------------------------------+--------------+
|ap_clk       |   in|    1|  ap_ctrl_hs|  dense_latency<ap_ufixed<16, 6, 4, 0, 0>, ap_fixed<29, 10, 5, 3, 0>, config13>|  return value|
|ap_rst       |   in|    1|  ap_ctrl_hs|  dense_latency<ap_ufixed<16, 6, 4, 0, 0>, ap_fixed<29, 10, 5, 3, 0>, config13>|  return value|
|ap_start     |   in|    1|  ap_ctrl_hs|  dense_latency<ap_ufixed<16, 6, 4, 0, 0>, ap_fixed<29, 10, 5, 3, 0>, config13>|  return value|
|ap_done      |  out|    1|  ap_ctrl_hs|  dense_latency<ap_ufixed<16, 6, 4, 0, 0>, ap_fixed<29, 10, 5, 3, 0>, config13>|  return value|
|ap_continue  |   in|    1|  ap_ctrl_hs|  dense_latency<ap_ufixed<16, 6, 4, 0, 0>, ap_fixed<29, 10, 5, 3, 0>, config13>|  return value|
|ap_idle      |  out|    1|  ap_ctrl_hs|  dense_latency<ap_ufixed<16, 6, 4, 0, 0>, ap_fixed<29, 10, 5, 3, 0>, config13>|  return value|
|ap_ready     |  out|    1|  ap_ctrl_hs|  dense_latency<ap_ufixed<16, 6, 4, 0, 0>, ap_fixed<29, 10, 5, 3, 0>, config13>|  return value|
|ap_return_0  |  out|   29|  ap_ctrl_hs|  dense_latency<ap_ufixed<16, 6, 4, 0, 0>, ap_fixed<29, 10, 5, 3, 0>, config13>|  return value|
|ap_return_1  |  out|   29|  ap_ctrl_hs|  dense_latency<ap_ufixed<16, 6, 4, 0, 0>, ap_fixed<29, 10, 5, 3, 0>, config13>|  return value|
|ap_return_2  |  out|   29|  ap_ctrl_hs|  dense_latency<ap_ufixed<16, 6, 4, 0, 0>, ap_fixed<29, 10, 5, 3, 0>, config13>|  return value|
|ap_return_3  |  out|   29|  ap_ctrl_hs|  dense_latency<ap_ufixed<16, 6, 4, 0, 0>, ap_fixed<29, 10, 5, 3, 0>, config13>|  return value|
|ap_return_4  |  out|   29|  ap_ctrl_hs|  dense_latency<ap_ufixed<16, 6, 4, 0, 0>, ap_fixed<29, 10, 5, 3, 0>, config13>|  return value|
|p_read       |   in|   16|     ap_none|                                                                         p_read|        scalar|
|p_read1      |   in|   16|     ap_none|                                                                        p_read1|        scalar|
|p_read2      |   in|   16|     ap_none|                                                                        p_read2|        scalar|
|p_read3      |   in|   16|     ap_none|                                                                        p_read3|        scalar|
|p_read4      |   in|   16|     ap_none|                                                                        p_read4|        scalar|
|p_read5      |   in|   16|     ap_none|                                                                        p_read5|        scalar|
|p_read6      |   in|   16|     ap_none|                                                                        p_read6|        scalar|
|p_read7      |   in|   16|     ap_none|                                                                        p_read7|        scalar|
|p_read8      |   in|   16|     ap_none|                                                                        p_read8|        scalar|
|p_read9      |   in|   16|     ap_none|                                                                        p_read9|        scalar|
|p_read10     |   in|   16|     ap_none|                                                                       p_read10|        scalar|
|p_read11     |   in|   16|     ap_none|                                                                       p_read11|        scalar|
|p_read12     |   in|   16|     ap_none|                                                                       p_read12|        scalar|
|p_read13     |   in|   16|     ap_none|                                                                       p_read13|        scalar|
|p_read14     |   in|   16|     ap_none|                                                                       p_read14|        scalar|
|p_read15     |   in|   16|     ap_none|                                                                       p_read15|        scalar|
|p_read16     |   in|   16|     ap_none|                                                                       p_read16|        scalar|
|p_read17     |   in|   16|     ap_none|                                                                       p_read17|        scalar|
|p_read18     |   in|   16|     ap_none|                                                                       p_read18|        scalar|
|p_read19     |   in|   16|     ap_none|                                                                       p_read19|        scalar|
|p_read20     |   in|   16|     ap_none|                                                                       p_read20|        scalar|
|p_read21     |   in|   16|     ap_none|                                                                       p_read21|        scalar|
|p_read22     |   in|   16|     ap_none|                                                                       p_read22|        scalar|
|p_read23     |   in|   16|     ap_none|                                                                       p_read23|        scalar|
|p_read24     |   in|   16|     ap_none|                                                                       p_read24|        scalar|
|p_read25     |   in|   16|     ap_none|                                                                       p_read25|        scalar|
|p_read26     |   in|   16|     ap_none|                                                                       p_read26|        scalar|
|p_read27     |   in|   16|     ap_none|                                                                       p_read27|        scalar|
|p_read28     |   in|   16|     ap_none|                                                                       p_read28|        scalar|
|p_read29     |   in|   16|     ap_none|                                                                       p_read29|        scalar|
|p_read30     |   in|   16|     ap_none|                                                                       p_read30|        scalar|
|p_read31     |   in|   16|     ap_none|                                                                       p_read31|        scalar|
|p_read32     |   in|   16|     ap_none|                                                                       p_read32|        scalar|
|p_read33     |   in|   16|     ap_none|                                                                       p_read33|        scalar|
|p_read34     |   in|   16|     ap_none|                                                                       p_read34|        scalar|
|p_read35     |   in|   16|     ap_none|                                                                       p_read35|        scalar|
|p_read36     |   in|   16|     ap_none|                                                                       p_read36|        scalar|
|p_read37     |   in|   16|     ap_none|                                                                       p_read37|        scalar|
|p_read38     |   in|   16|     ap_none|                                                                       p_read38|        scalar|
|p_read39     |   in|   16|     ap_none|                                                                       p_read39|        scalar|
|p_read40     |   in|   16|     ap_none|                                                                       p_read40|        scalar|
|p_read41     |   in|   16|     ap_none|                                                                       p_read41|        scalar|
|p_read42     |   in|   16|     ap_none|                                                                       p_read42|        scalar|
|p_read43     |   in|   16|     ap_none|                                                                       p_read43|        scalar|
|p_read44     |   in|   16|     ap_none|                                                                       p_read44|        scalar|
|p_read45     |   in|   16|     ap_none|                                                                       p_read45|        scalar|
|p_read46     |   in|   16|     ap_none|                                                                       p_read46|        scalar|
|p_read47     |   in|   16|     ap_none|                                                                       p_read47|        scalar|
|p_read48     |   in|   16|     ap_none|                                                                       p_read48|        scalar|
|p_read49     |   in|   16|     ap_none|                                                                       p_read49|        scalar|
|p_read50     |   in|   16|     ap_none|                                                                       p_read50|        scalar|
|p_read51     |   in|   16|     ap_none|                                                                       p_read51|        scalar|
|p_read52     |   in|   16|     ap_none|                                                                       p_read52|        scalar|
|p_read53     |   in|   16|     ap_none|                                                                       p_read53|        scalar|
|p_read54     |   in|   16|     ap_none|                                                                       p_read54|        scalar|
|p_read55     |   in|   16|     ap_none|                                                                       p_read55|        scalar|
|p_read56     |   in|   16|     ap_none|                                                                       p_read56|        scalar|
|p_read57     |   in|   16|     ap_none|                                                                       p_read57|        scalar|
|p_read58     |   in|   16|     ap_none|                                                                       p_read58|        scalar|
|p_read59     |   in|   16|     ap_none|                                                                       p_read59|        scalar|
|p_read60     |   in|   16|     ap_none|                                                                       p_read60|        scalar|
|p_read61     |   in|   16|     ap_none|                                                                       p_read61|        scalar|
|p_read62     |   in|   16|     ap_none|                                                                       p_read62|        scalar|
|p_read63     |   in|   16|     ap_none|                                                                       p_read63|        scalar|
+-------------+-----+-----+------------+-------------------------------------------------------------------------------+--------------+

