Copyright 1986-2022 Xilinx, Inc. All Rights Reserved. Copyright 2022-2023 Advanced Micro Devices, Inc. All Rights Reserved.
---------------------------------------------------------------------------------------------------------------------------------------------
| Tool Version : Vivado v.2023.1 (lin64) Build 3865809 Sun May  7 15:04:56 MDT 2023
| Date         : Thu Jul 10 16:23:14 2025
| Host         : coder-hftsoi-hls running 64-bit Ubuntu 20.04.6 LTS
| Command      : report_utilization -file vivado_synth.rpt -hierarchical -hierarchical_depth 1
| Design       : hls_dummy
| Device       : xcu250-figd2104-2L-e
| Speed File   : -2L
| Design State : Optimized
---------------------------------------------------------------------------------------------------------------------------------------------

Utilization Design Information

Table of Contents
-----------------
1. Utilization by Hierarchy

1. Utilization by Hierarchy
---------------------------

+----------------------------------------------------------------------+----------------------------------------------------------------------------+------------+------------+---------+------+-------+--------+--------+------+------------+
|                               Instance                               |                                   Module                                   | Total LUTs | Logic LUTs | LUTRAMs | SRLs |  FFs  | RAMB36 | RAMB18 | URAM | DSP Blocks |
+----------------------------------------------------------------------+----------------------------------------------------------------------------+------------+------------+---------+------+-------+--------+--------+------+------------+
| hls_dummy                                                            |                                                                      (top) |     322453 |     322453 |       0 |    0 | 24065 |      0 |      0 |    0 |       2400 |
|   (hls_dummy)                                                        |                                                                      (top) |          0 |          0 |       0 |    0 |   180 |      0 |      0 |    0 |          0 |
|   Block_entry28_proc_U0                                              |                                               hls_dummy_Block_entry28_proc |          0 |          0 |       0 |    0 |   600 |      0 |      0 |    0 |          0 |
|   sparse_arr_feat_conv1_out_10_U                                     |                                                    hls_dummy_fifo_w10_d2_S |         46 |         46 |       0 |    0 |    24 |      0 |      0 |    0 |          0 |
|   sparse_arr_feat_conv1_out_11_U                                     |                                                  hls_dummy_fifo_w10_d2_S_0 |         50 |         50 |       0 |    0 |    24 |      0 |      0 |    0 |          0 |
|   sparse_arr_feat_conv1_out_12_U                                     |                                                  hls_dummy_fifo_w10_d2_S_1 |       2957 |       2957 |       0 |    0 |    24 |      0 |      0 |    0 |          0 |
|   sparse_arr_feat_conv1_out_13_U                                     |                                                  hls_dummy_fifo_w10_d2_S_2 |         36 |         36 |       0 |    0 |    24 |      0 |      0 |    0 |          0 |
|   sparse_arr_feat_conv1_out_14_U                                     |                                                  hls_dummy_fifo_w10_d2_S_3 |         54 |         54 |       0 |    0 |    24 |      0 |      0 |    0 |          0 |
|   sparse_arr_feat_conv1_out_15_U                                     |                                                  hls_dummy_fifo_w10_d2_S_4 |       2496 |       2496 |       0 |    0 |    24 |      0 |      0 |    0 |          0 |
|   sparse_arr_feat_conv1_out_16_U                                     |                                                  hls_dummy_fifo_w10_d2_S_5 |         26 |         26 |       0 |    0 |    24 |      0 |      0 |    0 |          0 |
|   sparse_arr_feat_conv1_out_17_U                                     |                                                  hls_dummy_fifo_w10_d2_S_6 |         41 |         41 |       0 |    0 |    24 |      0 |      0 |    0 |          0 |
|   sparse_arr_feat_conv1_out_18_U                                     |                                                  hls_dummy_fifo_w10_d2_S_7 |       2953 |       2953 |       0 |    0 |    24 |      0 |      0 |    0 |          0 |
|   sparse_arr_feat_conv1_out_19_U                                     |                                                  hls_dummy_fifo_w10_d2_S_8 |         45 |         45 |       0 |    0 |    24 |      0 |      0 |    0 |          0 |
|   sparse_arr_feat_conv1_out_1_U                                      |                                                  hls_dummy_fifo_w10_d2_S_9 |         28 |         28 |       0 |    0 |    24 |      0 |      0 |    0 |          0 |
|   sparse_arr_feat_conv1_out_20_U                                     |                                                 hls_dummy_fifo_w10_d2_S_10 |         51 |         51 |       0 |    0 |    24 |      0 |      0 |    0 |          0 |
|   sparse_arr_feat_conv1_out_21_U                                     |                                                 hls_dummy_fifo_w10_d2_S_11 |       2782 |       2782 |       0 |    0 |    24 |      0 |      0 |    0 |          0 |
|   sparse_arr_feat_conv1_out_22_U                                     |                                                 hls_dummy_fifo_w10_d2_S_12 |         45 |         45 |       0 |    0 |    24 |      0 |      0 |    0 |          0 |
|   sparse_arr_feat_conv1_out_23_U                                     |                                                 hls_dummy_fifo_w10_d2_S_13 |         60 |         60 |       0 |    0 |    24 |      0 |      0 |    0 |          0 |
|   sparse_arr_feat_conv1_out_24_U                                     |                                                 hls_dummy_fifo_w10_d2_S_14 |       2862 |       2862 |       0 |    0 |    24 |      0 |      0 |    0 |          0 |
|   sparse_arr_feat_conv1_out_25_U                                     |                                                 hls_dummy_fifo_w10_d2_S_15 |         36 |         36 |       0 |    0 |    24 |      0 |      0 |    0 |          0 |
|   sparse_arr_feat_conv1_out_26_U                                     |                                                 hls_dummy_fifo_w10_d2_S_16 |         52 |         52 |       0 |    0 |    24 |      0 |      0 |    0 |          0 |
|   sparse_arr_feat_conv1_out_27_U                                     |                                                 hls_dummy_fifo_w10_d2_S_17 |       2704 |       2704 |       0 |    0 |    24 |      0 |      0 |    0 |          0 |
|   sparse_arr_feat_conv1_out_28_U                                     |                                                 hls_dummy_fifo_w10_d2_S_18 |         39 |         39 |       0 |    0 |    24 |      0 |      0 |    0 |          0 |
|   sparse_arr_feat_conv1_out_29_U                                     |                                                 hls_dummy_fifo_w10_d2_S_19 |         41 |         41 |       0 |    0 |    24 |      0 |      0 |    0 |          0 |
|   sparse_arr_feat_conv1_out_2_U                                      |                                                 hls_dummy_fifo_w10_d2_S_20 |         40 |         40 |       0 |    0 |    24 |      0 |      0 |    0 |          0 |
|   sparse_arr_feat_conv1_out_30_U                                     |                                                 hls_dummy_fifo_w10_d2_S_21 |       2820 |       2820 |       0 |    0 |    24 |      0 |      0 |    0 |          0 |
|   sparse_arr_feat_conv1_out_31_U                                     |                                                 hls_dummy_fifo_w10_d2_S_22 |         35 |         35 |       0 |    0 |    24 |      0 |      0 |    0 |          0 |
|   sparse_arr_feat_conv1_out_32_U                                     |                                                 hls_dummy_fifo_w10_d2_S_23 |         52 |         52 |       0 |    0 |    24 |      0 |      0 |    0 |          0 |
|   sparse_arr_feat_conv1_out_33_U                                     |                                                 hls_dummy_fifo_w10_d2_S_24 |       2936 |       2936 |       0 |    0 |    24 |      0 |      0 |    0 |          0 |
|   sparse_arr_feat_conv1_out_34_U                                     |                                                 hls_dummy_fifo_w10_d2_S_25 |         35 |         35 |       0 |    0 |    24 |      0 |      0 |    0 |          0 |
|   sparse_arr_feat_conv1_out_35_U                                     |                                                 hls_dummy_fifo_w10_d2_S_26 |         50 |         50 |       0 |    0 |    24 |      0 |      0 |    0 |          0 |
|   sparse_arr_feat_conv1_out_36_U                                     |                                                 hls_dummy_fifo_w10_d2_S_27 |       2641 |       2641 |       0 |    0 |    24 |      0 |      0 |    0 |          0 |
|   sparse_arr_feat_conv1_out_37_U                                     |                                                 hls_dummy_fifo_w10_d2_S_28 |         37 |         37 |       0 |    0 |    24 |      0 |      0 |    0 |          0 |
|   sparse_arr_feat_conv1_out_38_U                                     |                                                 hls_dummy_fifo_w10_d2_S_29 |         40 |         40 |       0 |    0 |    24 |      0 |      0 |    0 |          0 |
|   sparse_arr_feat_conv1_out_39_U                                     |                                                 hls_dummy_fifo_w10_d2_S_30 |       2908 |       2908 |       0 |    0 |    24 |      0 |      0 |    0 |          0 |
|   sparse_arr_feat_conv1_out_3_U                                      |                                                 hls_dummy_fifo_w10_d2_S_31 |       2906 |       2906 |       0 |    0 |    24 |      0 |      0 |    0 |          0 |
|   sparse_arr_feat_conv1_out_40_U                                     |                                                 hls_dummy_fifo_w10_d2_S_32 |         36 |         36 |       0 |    0 |    24 |      0 |      0 |    0 |          0 |
|   sparse_arr_feat_conv1_out_41_U                                     |                                                 hls_dummy_fifo_w10_d2_S_33 |         40 |         40 |       0 |    0 |    24 |      0 |      0 |    0 |          0 |
|   sparse_arr_feat_conv1_out_42_U                                     |                                                 hls_dummy_fifo_w10_d2_S_34 |       2864 |       2864 |       0 |    0 |    24 |      0 |      0 |    0 |          0 |
|   sparse_arr_feat_conv1_out_43_U                                     |                                                 hls_dummy_fifo_w10_d2_S_35 |         36 |         36 |       0 |    0 |    24 |      0 |      0 |    0 |          0 |
|   sparse_arr_feat_conv1_out_44_U                                     |                                                 hls_dummy_fifo_w10_d2_S_36 |         40 |         40 |       0 |    0 |    24 |      0 |      0 |    0 |          0 |
|   sparse_arr_feat_conv1_out_45_U                                     |                                                 hls_dummy_fifo_w10_d2_S_37 |       2741 |       2741 |       0 |    0 |    24 |      0 |      0 |    0 |          0 |
|   sparse_arr_feat_conv1_out_46_U                                     |                                                 hls_dummy_fifo_w10_d2_S_38 |         36 |         36 |       0 |    0 |    24 |      0 |      0 |    0 |          0 |
|   sparse_arr_feat_conv1_out_47_U                                     |                                                 hls_dummy_fifo_w10_d2_S_39 |         41 |         41 |       0 |    0 |    24 |      0 |      0 |    0 |          0 |
|   sparse_arr_feat_conv1_out_48_U                                     |                                                 hls_dummy_fifo_w10_d2_S_40 |       2832 |       2832 |       0 |    0 |    24 |      0 |      0 |    0 |          0 |
|   sparse_arr_feat_conv1_out_49_U                                     |                                                 hls_dummy_fifo_w10_d2_S_41 |         45 |         45 |       0 |    0 |    24 |      0 |      0 |    0 |          0 |
|   sparse_arr_feat_conv1_out_4_U                                      |                                                 hls_dummy_fifo_w10_d2_S_42 |         36 |         36 |       0 |    0 |    24 |      0 |      0 |    0 |          0 |
|   sparse_arr_feat_conv1_out_50_U                                     |                                                 hls_dummy_fifo_w10_d2_S_43 |         41 |         41 |       0 |    0 |    24 |      0 |      0 |    0 |          0 |
|   sparse_arr_feat_conv1_out_51_U                                     |                                                 hls_dummy_fifo_w10_d2_S_44 |       2794 |       2794 |       0 |    0 |    24 |      0 |      0 |    0 |          0 |
|   sparse_arr_feat_conv1_out_52_U                                     |                                                 hls_dummy_fifo_w10_d2_S_45 |         35 |         35 |       0 |    0 |    24 |      0 |      0 |    0 |          0 |
|   sparse_arr_feat_conv1_out_53_U                                     |                                                 hls_dummy_fifo_w10_d2_S_46 |         42 |         42 |       0 |    0 |    24 |      0 |      0 |    0 |          0 |
|   sparse_arr_feat_conv1_out_54_U                                     |                                                 hls_dummy_fifo_w10_d2_S_47 |       2674 |       2674 |       0 |    0 |    24 |      0 |      0 |    0 |          0 |
|   sparse_arr_feat_conv1_out_55_U                                     |                                                 hls_dummy_fifo_w10_d2_S_48 |         36 |         36 |       0 |    0 |    24 |      0 |      0 |    0 |          0 |
|   sparse_arr_feat_conv1_out_56_U                                     |                                                 hls_dummy_fifo_w10_d2_S_49 |         40 |         40 |       0 |    0 |    24 |      0 |      0 |    0 |          0 |
|   sparse_arr_feat_conv1_out_57_U                                     |                                                 hls_dummy_fifo_w10_d2_S_50 |       2959 |       2959 |       0 |    0 |    24 |      0 |      0 |    0 |          0 |
|   sparse_arr_feat_conv1_out_58_U                                     |                                                 hls_dummy_fifo_w10_d2_S_51 |         47 |         47 |       0 |    0 |    24 |      0 |      0 |    0 |          0 |
|   sparse_arr_feat_conv1_out_59_U                                     |                                                 hls_dummy_fifo_w10_d2_S_52 |         59 |         59 |       0 |    0 |    24 |      0 |      0 |    0 |          0 |
|   sparse_arr_feat_conv1_out_5_U                                      |                                                 hls_dummy_fifo_w10_d2_S_53 |         40 |         40 |       0 |    0 |    24 |      0 |      0 |    0 |          0 |
|   sparse_arr_feat_conv1_out_6_U                                      |                                                 hls_dummy_fifo_w10_d2_S_54 |       2530 |       2530 |       0 |    0 |    24 |      0 |      0 |    0 |          0 |
|   sparse_arr_feat_conv1_out_7_U                                      |                                                 hls_dummy_fifo_w10_d2_S_55 |         40 |         40 |       0 |    0 |    24 |      0 |      0 |    0 |          0 |
|   sparse_arr_feat_conv1_out_8_U                                      |                                                 hls_dummy_fifo_w10_d2_S_56 |         41 |         41 |       0 |    0 |    24 |      0 |      0 |    0 |          0 |
|   sparse_arr_feat_conv1_out_9_U                                      |                                                 hls_dummy_fifo_w10_d2_S_57 |       2674 |       2674 |       0 |    0 |    24 |      0 |      0 |    0 |          0 |
|   sparse_arr_feat_conv1_out_U                                        |                                                 hls_dummy_fifo_w10_d2_S_58 |       2855 |       2855 |       0 |    0 |    24 |      0 |      0 |    0 |          0 |
|   sparse_arr_feat_conv2_out_10_U                                     |                                                 hls_dummy_fifo_w10_d2_S_59 |         25 |         25 |       0 |    0 |    24 |      0 |      0 |    0 |          0 |
|   sparse_arr_feat_conv2_out_11_U                                     |                                                 hls_dummy_fifo_w10_d2_S_60 |         25 |         25 |       0 |    0 |    24 |      0 |      0 |    0 |          0 |
|   sparse_arr_feat_conv2_out_12_U                                     |                                                 hls_dummy_fifo_w10_d2_S_61 |         25 |         25 |       0 |    0 |    24 |      0 |      0 |    0 |          0 |
|   sparse_arr_feat_conv2_out_13_U                                     |                                                 hls_dummy_fifo_w10_d2_S_62 |         26 |         26 |       0 |    0 |    24 |      0 |      0 |    0 |          0 |
|   sparse_arr_feat_conv2_out_14_U                                     |                                                 hls_dummy_fifo_w10_d2_S_63 |         27 |         27 |       0 |    0 |    24 |      0 |      0 |    0 |          0 |
|   sparse_arr_feat_conv2_out_15_U                                     |                                                 hls_dummy_fifo_w10_d2_S_64 |         27 |         27 |       0 |    0 |    24 |      0 |      0 |    0 |          0 |
|   sparse_arr_feat_conv2_out_16_U                                     |                                                 hls_dummy_fifo_w10_d2_S_65 |         25 |         25 |       0 |    0 |    24 |      0 |      0 |    0 |          0 |
|   sparse_arr_feat_conv2_out_17_U                                     |                                                 hls_dummy_fifo_w10_d2_S_66 |         25 |         25 |       0 |    0 |    24 |      0 |      0 |    0 |          0 |
|   sparse_arr_feat_conv2_out_18_U                                     |                                                 hls_dummy_fifo_w10_d2_S_67 |         26 |         26 |       0 |    0 |    24 |      0 |      0 |    0 |          0 |
|   sparse_arr_feat_conv2_out_19_U                                     |                                                 hls_dummy_fifo_w10_d2_S_68 |         27 |         27 |       0 |    0 |    24 |      0 |      0 |    0 |          0 |
|   sparse_arr_feat_conv2_out_1_U                                      |                                                 hls_dummy_fifo_w10_d2_S_69 |         26 |         26 |       0 |    0 |    24 |      0 |      0 |    0 |          0 |
|   sparse_arr_feat_conv2_out_20_U                                     |                                                 hls_dummy_fifo_w10_d2_S_70 |         25 |         25 |       0 |    0 |    24 |      0 |      0 |    0 |          0 |
|   sparse_arr_feat_conv2_out_21_U                                     |                                                 hls_dummy_fifo_w10_d2_S_71 |         27 |         27 |       0 |    0 |    24 |      0 |      0 |    0 |          0 |
|   sparse_arr_feat_conv2_out_22_U                                     |                                                 hls_dummy_fifo_w10_d2_S_72 |         25 |         25 |       0 |    0 |    24 |      0 |      0 |    0 |          0 |
|   sparse_arr_feat_conv2_out_23_U                                     |                                                 hls_dummy_fifo_w10_d2_S_73 |         26 |         26 |       0 |    0 |    24 |      0 |      0 |    0 |          0 |
|   sparse_arr_feat_conv2_out_24_U                                     |                                                 hls_dummy_fifo_w10_d2_S_74 |         28 |         28 |       0 |    0 |    24 |      0 |      0 |    0 |          0 |
|   sparse_arr_feat_conv2_out_25_U                                     |                                                 hls_dummy_fifo_w10_d2_S_75 |         25 |         25 |       0 |    0 |    24 |      0 |      0 |    0 |          0 |
|   sparse_arr_feat_conv2_out_26_U                                     |                                                 hls_dummy_fifo_w10_d2_S_76 |         26 |         26 |       0 |    0 |    24 |      0 |      0 |    0 |          0 |
|   sparse_arr_feat_conv2_out_27_U                                     |                                                 hls_dummy_fifo_w10_d2_S_77 |         26 |         26 |       0 |    0 |    24 |      0 |      0 |    0 |          0 |
|   sparse_arr_feat_conv2_out_28_U                                     |                                                 hls_dummy_fifo_w10_d2_S_78 |         29 |         29 |       0 |    0 |    24 |      0 |      0 |    0 |          0 |
|   sparse_arr_feat_conv2_out_29_U                                     |                                                 hls_dummy_fifo_w10_d2_S_79 |         26 |         26 |       0 |    0 |    24 |      0 |      0 |    0 |          0 |
|   sparse_arr_feat_conv2_out_2_U                                      |                                                 hls_dummy_fifo_w10_d2_S_80 |         25 |         25 |       0 |    0 |    24 |      0 |      0 |    0 |          0 |
|   sparse_arr_feat_conv2_out_30_U                                     |                                                 hls_dummy_fifo_w10_d2_S_81 |         27 |         27 |       0 |    0 |    24 |      0 |      0 |    0 |          0 |
|   sparse_arr_feat_conv2_out_31_U                                     |                                                 hls_dummy_fifo_w10_d2_S_82 |         25 |         25 |       0 |    0 |    24 |      0 |      0 |    0 |          0 |
|   sparse_arr_feat_conv2_out_32_U                                     |                                                 hls_dummy_fifo_w10_d2_S_83 |         28 |         28 |       0 |    0 |    24 |      0 |      0 |    0 |          0 |
|   sparse_arr_feat_conv2_out_33_U                                     |                                                 hls_dummy_fifo_w10_d2_S_84 |         26 |         26 |       0 |    0 |    24 |      0 |      0 |    0 |          0 |
|   sparse_arr_feat_conv2_out_34_U                                     |                                                 hls_dummy_fifo_w10_d2_S_85 |         25 |         25 |       0 |    0 |    24 |      0 |      0 |    0 |          0 |
|   sparse_arr_feat_conv2_out_35_U                                     |                                                 hls_dummy_fifo_w10_d2_S_86 |         25 |         25 |       0 |    0 |    24 |      0 |      0 |    0 |          0 |
|   sparse_arr_feat_conv2_out_36_U                                     |                                                 hls_dummy_fifo_w10_d2_S_87 |         25 |         25 |       0 |    0 |    24 |      0 |      0 |    0 |          0 |
|   sparse_arr_feat_conv2_out_37_U                                     |                                                 hls_dummy_fifo_w10_d2_S_88 |         28 |         28 |       0 |    0 |    24 |      0 |      0 |    0 |          0 |
|   sparse_arr_feat_conv2_out_38_U                                     |                                                 hls_dummy_fifo_w10_d2_S_89 |         25 |         25 |       0 |    0 |    24 |      0 |      0 |    0 |          0 |
|   sparse_arr_feat_conv2_out_39_U                                     |                                                 hls_dummy_fifo_w10_d2_S_90 |         25 |         25 |       0 |    0 |    24 |      0 |      0 |    0 |          0 |
|   sparse_arr_feat_conv2_out_3_U                                      |                                                 hls_dummy_fifo_w10_d2_S_91 |         26 |         26 |       0 |    0 |    24 |      0 |      0 |    0 |          0 |
|   sparse_arr_feat_conv2_out_40_U                                     |                                                 hls_dummy_fifo_w10_d2_S_92 |         26 |         26 |       0 |    0 |    24 |      0 |      0 |    0 |          0 |
|   sparse_arr_feat_conv2_out_41_U                                     |                                                 hls_dummy_fifo_w10_d2_S_93 |         27 |         27 |       0 |    0 |    24 |      0 |      0 |    0 |          0 |
|   sparse_arr_feat_conv2_out_42_U                                     |                                                 hls_dummy_fifo_w10_d2_S_94 |         26 |         26 |       0 |    0 |    24 |      0 |      0 |    0 |          0 |
|   sparse_arr_feat_conv2_out_43_U                                     |                                                 hls_dummy_fifo_w10_d2_S_95 |         26 |         26 |       0 |    0 |    24 |      0 |      0 |    0 |          0 |
|   sparse_arr_feat_conv2_out_44_U                                     |                                                 hls_dummy_fifo_w10_d2_S_96 |         25 |         25 |       0 |    0 |    24 |      0 |      0 |    0 |          0 |
|   sparse_arr_feat_conv2_out_45_U                                     |                                                 hls_dummy_fifo_w10_d2_S_97 |         25 |         25 |       0 |    0 |    24 |      0 |      0 |    0 |          0 |
|   sparse_arr_feat_conv2_out_46_U                                     |                                                 hls_dummy_fifo_w10_d2_S_98 |         26 |         26 |       0 |    0 |    24 |      0 |      0 |    0 |          0 |
|   sparse_arr_feat_conv2_out_47_U                                     |                                                 hls_dummy_fifo_w10_d2_S_99 |         25 |         25 |       0 |    0 |    24 |      0 |      0 |    0 |          0 |
|   sparse_arr_feat_conv2_out_48_U                                     |                                                hls_dummy_fifo_w10_d2_S_100 |         27 |         27 |       0 |    0 |    24 |      0 |      0 |    0 |          0 |
|   sparse_arr_feat_conv2_out_49_U                                     |                                                hls_dummy_fifo_w10_d2_S_101 |         26 |         26 |       0 |    0 |    24 |      0 |      0 |    0 |          0 |
|   sparse_arr_feat_conv2_out_4_U                                      |                                                hls_dummy_fifo_w10_d2_S_102 |         27 |         27 |       0 |    0 |    24 |      0 |      0 |    0 |          0 |
|   sparse_arr_feat_conv2_out_50_U                                     |                                                hls_dummy_fifo_w10_d2_S_103 |         26 |         26 |       0 |    0 |    24 |      0 |      0 |    0 |          0 |
|   sparse_arr_feat_conv2_out_51_U                                     |                                                hls_dummy_fifo_w10_d2_S_104 |         26 |         26 |       0 |    0 |    24 |      0 |      0 |    0 |          0 |
|   sparse_arr_feat_conv2_out_52_U                                     |                                                hls_dummy_fifo_w10_d2_S_105 |         26 |         26 |       0 |    0 |    24 |      0 |      0 |    0 |          0 |
|   sparse_arr_feat_conv2_out_53_U                                     |                                                hls_dummy_fifo_w10_d2_S_106 |         25 |         25 |       0 |    0 |    24 |      0 |      0 |    0 |          0 |
|   sparse_arr_feat_conv2_out_54_U                                     |                                                hls_dummy_fifo_w10_d2_S_107 |         27 |         27 |       0 |    0 |    24 |      0 |      0 |    0 |          0 |
|   sparse_arr_feat_conv2_out_55_U                                     |                                                hls_dummy_fifo_w10_d2_S_108 |         26 |         26 |       0 |    0 |    24 |      0 |      0 |    0 |          0 |
|   sparse_arr_feat_conv2_out_56_U                                     |                                                hls_dummy_fifo_w10_d2_S_109 |         25 |         25 |       0 |    0 |    24 |      0 |      0 |    0 |          0 |
|   sparse_arr_feat_conv2_out_57_U                                     |                                                hls_dummy_fifo_w10_d2_S_110 |         25 |         25 |       0 |    0 |    24 |      0 |      0 |    0 |          0 |
|   sparse_arr_feat_conv2_out_58_U                                     |                                                hls_dummy_fifo_w10_d2_S_111 |         27 |         27 |       0 |    0 |    24 |      0 |      0 |    0 |          0 |
|   sparse_arr_feat_conv2_out_59_U                                     |                                                hls_dummy_fifo_w10_d2_S_112 |         27 |         27 |       0 |    0 |    24 |      0 |      0 |    0 |          0 |
|   sparse_arr_feat_conv2_out_5_U                                      |                                                hls_dummy_fifo_w10_d2_S_113 |         26 |         26 |       0 |    0 |    24 |      0 |      0 |    0 |          0 |
|   sparse_arr_feat_conv2_out_6_U                                      |                                                hls_dummy_fifo_w10_d2_S_114 |         25 |         25 |       0 |    0 |    24 |      0 |      0 |    0 |          0 |
|   sparse_arr_feat_conv2_out_7_U                                      |                                                hls_dummy_fifo_w10_d2_S_115 |         27 |         27 |       0 |    0 |    24 |      0 |      0 |    0 |          0 |
|   sparse_arr_feat_conv2_out_8_U                                      |                                                hls_dummy_fifo_w10_d2_S_116 |         26 |         26 |       0 |    0 |    24 |      0 |      0 |    0 |          0 |
|   sparse_arr_feat_conv2_out_9_U                                      |                                                hls_dummy_fifo_w10_d2_S_117 |         28 |         28 |       0 |    0 |    24 |      0 |      0 |    0 |          0 |
|   sparse_arr_feat_conv2_out_U                                        |                                                hls_dummy_fifo_w10_d2_S_118 |         28 |         28 |       0 |    0 |    24 |      0 |      0 |    0 |          0 |
|   sparse_arr_feat_reduce_out_10_U                                    |                                                hls_dummy_fifo_w10_d2_S_119 |       3483 |       3483 |       0 |    0 |    22 |      0 |      0 |    0 |          0 |
|   sparse_arr_feat_reduce_out_11_U                                    |                                                hls_dummy_fifo_w10_d2_S_120 |       3433 |       3433 |       0 |    0 |    22 |      0 |      0 |    0 |          0 |
|   sparse_arr_feat_reduce_out_12_U                                    |                                                hls_dummy_fifo_w10_d2_S_121 |       3309 |       3309 |       0 |    0 |    22 |      0 |      0 |    0 |          0 |
|   sparse_arr_feat_reduce_out_13_U                                    |                                                hls_dummy_fifo_w10_d2_S_122 |       3349 |       3349 |       0 |    0 |    22 |      0 |      0 |    0 |          0 |
|   sparse_arr_feat_reduce_out_14_U                                    |                                                hls_dummy_fifo_w10_d2_S_123 |       3167 |       3167 |       0 |    0 |    22 |      0 |      0 |    0 |          0 |
|   sparse_arr_feat_reduce_out_15_U                                    |                                                hls_dummy_fifo_w10_d2_S_124 |       3006 |       3006 |       0 |    0 |    22 |      0 |      0 |    0 |          0 |
|   sparse_arr_feat_reduce_out_16_U                                    |                                                hls_dummy_fifo_w10_d2_S_125 |       3090 |       3090 |       0 |    0 |    22 |      0 |      0 |    0 |          0 |
|   sparse_arr_feat_reduce_out_17_U                                    |                                                hls_dummy_fifo_w10_d2_S_126 |       2755 |       2755 |       0 |    0 |    22 |      0 |      0 |    0 |          0 |
|   sparse_arr_feat_reduce_out_18_U                                    |                                                hls_dummy_fifo_w10_d2_S_127 |       3214 |       3214 |       0 |    0 |    22 |      0 |      0 |    0 |          0 |
|   sparse_arr_feat_reduce_out_19_U                                    |                                                hls_dummy_fifo_w10_d2_S_128 |       3376 |       3376 |       0 |    0 |    22 |      0 |      0 |    0 |          0 |
|   sparse_arr_feat_reduce_out_1_U                                     |                                                hls_dummy_fifo_w10_d2_S_129 |       3347 |       3347 |       0 |    0 |    22 |      0 |      0 |    0 |          0 |
|   sparse_arr_feat_reduce_out_2_U                                     |                                                hls_dummy_fifo_w10_d2_S_130 |       3355 |       3355 |       0 |    0 |    22 |      0 |      0 |    0 |          0 |
|   sparse_arr_feat_reduce_out_3_U                                     |                                                hls_dummy_fifo_w10_d2_S_131 |       3471 |       3471 |       0 |    0 |    22 |      0 |      0 |    0 |          0 |
|   sparse_arr_feat_reduce_out_4_U                                     |                                                hls_dummy_fifo_w10_d2_S_132 |       3337 |       3337 |       0 |    0 |    22 |      0 |      0 |    0 |          0 |
|   sparse_arr_feat_reduce_out_5_U                                     |                                                hls_dummy_fifo_w10_d2_S_133 |       3256 |       3256 |       0 |    0 |    22 |      0 |      0 |    0 |          0 |
|   sparse_arr_feat_reduce_out_6_U                                     |                                                hls_dummy_fifo_w10_d2_S_134 |       3460 |       3460 |       0 |    0 |    22 |      0 |      0 |    0 |          0 |
|   sparse_arr_feat_reduce_out_7_U                                     |                                                hls_dummy_fifo_w10_d2_S_135 |       3491 |       3491 |       0 |    0 |    22 |      0 |      0 |    0 |          0 |
|   sparse_arr_feat_reduce_out_8_U                                     |                                                hls_dummy_fifo_w10_d2_S_136 |       2922 |       2922 |       0 |    0 |    22 |      0 |      0 |    0 |          0 |
|   sparse_arr_feat_reduce_out_9_U                                     |                                                hls_dummy_fifo_w10_d2_S_137 |       2743 |       2743 |       0 |    0 |    22 |      0 |      0 |    0 |          0 |
|   sparse_arr_feat_reduce_out_U                                       |                                                hls_dummy_fifo_w10_d2_S_138 |       3651 |       3651 |       0 |    0 |    22 |      0 |      0 |    0 |          0 |
|   sparse_arr_hash_reduce_out_10_c22_channel_U                        |                                                     hls_dummy_fifo_w4_d2_S |        108 |        108 |       0 |    0 |    12 |      0 |      0 |    0 |          0 |
|   sparse_arr_hash_reduce_out_10_c_U                                  |                                                 hls_dummy_fifo_w4_d2_S_139 |        100 |        100 |       0 |    0 |    12 |      0 |      0 |    0 |          0 |
|   sparse_arr_hash_reduce_out_11_c23_channel_U                        |                                                 hls_dummy_fifo_w4_d2_S_140 |        113 |        113 |       0 |    0 |    12 |      0 |      0 |    0 |          0 |
|   sparse_arr_hash_reduce_out_11_c_U                                  |                                                 hls_dummy_fifo_w4_d2_S_141 |        110 |        110 |       0 |    0 |    12 |      0 |      0 |    0 |          0 |
|   sparse_arr_hash_reduce_out_12_c24_channel_U                        |                                                 hls_dummy_fifo_w4_d2_S_142 |        150 |        150 |       0 |    0 |    12 |      0 |      0 |    0 |          0 |
|   sparse_arr_hash_reduce_out_12_c_U                                  |                                                 hls_dummy_fifo_w4_d2_S_143 |        152 |        152 |       0 |    0 |    12 |      0 |      0 |    0 |          0 |
|   sparse_arr_hash_reduce_out_13_c25_channel_U                        |                                                 hls_dummy_fifo_w4_d2_S_144 |        154 |        154 |       0 |    0 |    12 |      0 |      0 |    0 |          0 |
|   sparse_arr_hash_reduce_out_13_c_U                                  |                                                 hls_dummy_fifo_w4_d2_S_145 |        155 |        155 |       0 |    0 |    12 |      0 |      0 |    0 |          0 |
|   sparse_arr_hash_reduce_out_14_c26_channel_U                        |                                                 hls_dummy_fifo_w4_d2_S_146 |        116 |        116 |       0 |    0 |    12 |      0 |      0 |    0 |          0 |
|   sparse_arr_hash_reduce_out_14_c_U                                  |                                                 hls_dummy_fifo_w4_d2_S_147 |        131 |        131 |       0 |    0 |    12 |      0 |      0 |    0 |          0 |
|   sparse_arr_hash_reduce_out_15_c27_channel_U                        |                                                 hls_dummy_fifo_w4_d2_S_148 |        139 |        139 |       0 |    0 |    12 |      0 |      0 |    0 |          0 |
|   sparse_arr_hash_reduce_out_15_c_U                                  |                                                 hls_dummy_fifo_w4_d2_S_149 |        140 |        140 |       0 |    0 |    12 |      0 |      0 |    0 |          0 |
|   sparse_arr_hash_reduce_out_16_c28_channel_U                        |                                                 hls_dummy_fifo_w4_d2_S_150 |        137 |        137 |       0 |    0 |    12 |      0 |      0 |    0 |          0 |
|   sparse_arr_hash_reduce_out_16_c_U                                  |                                                 hls_dummy_fifo_w4_d2_S_151 |        154 |        154 |       0 |    0 |    12 |      0 |      0 |    0 |          0 |
|   sparse_arr_hash_reduce_out_17_c29_channel_U                        |                                                 hls_dummy_fifo_w4_d2_S_152 |        143 |        143 |       0 |    0 |    12 |      0 |      0 |    0 |          0 |
|   sparse_arr_hash_reduce_out_17_c_U                                  |                                                 hls_dummy_fifo_w4_d2_S_153 |         93 |         93 |       0 |    0 |    12 |      0 |      0 |    0 |          0 |
|   sparse_arr_hash_reduce_out_18_c30_channel_U                        |                                                 hls_dummy_fifo_w4_d2_S_154 |        128 |        128 |       0 |    0 |    12 |      0 |      0 |    0 |          0 |
|   sparse_arr_hash_reduce_out_18_c_U                                  |                                                 hls_dummy_fifo_w4_d2_S_155 |         86 |         86 |       0 |    0 |    12 |      0 |      0 |    0 |          0 |
|   sparse_arr_hash_reduce_out_19_c31_channel_U                        |                                                 hls_dummy_fifo_w4_d2_S_156 |         98 |         98 |       0 |    0 |    12 |      0 |      0 |    0 |          0 |
|   sparse_arr_hash_reduce_out_19_c_U                                  |                                                 hls_dummy_fifo_w4_d2_S_157 |         94 |         94 |       0 |    0 |    12 |      0 |      0 |    0 |          0 |
|   sparse_arr_hash_reduce_out_1_c13_channel_U                         |                                                 hls_dummy_fifo_w4_d2_S_158 |        103 |        103 |       0 |    0 |    12 |      0 |      0 |    0 |          0 |
|   sparse_arr_hash_reduce_out_1_c_U                                   |                                                 hls_dummy_fifo_w4_d2_S_159 |        118 |        118 |       0 |    0 |    12 |      0 |      0 |    0 |          0 |
|   sparse_arr_hash_reduce_out_20_c32_channel_U                        |                                                 hls_dummy_fifo_w4_d2_S_160 |        114 |        114 |       0 |    0 |    12 |      0 |      0 |    0 |          0 |
|   sparse_arr_hash_reduce_out_20_c_U                                  |                                                 hls_dummy_fifo_w4_d2_S_161 |        112 |        112 |       0 |    0 |    12 |      0 |      0 |    0 |          0 |
|   sparse_arr_hash_reduce_out_21_c33_channel_U                        |                                                 hls_dummy_fifo_w4_d2_S_162 |        135 |        135 |       0 |    0 |    12 |      0 |      0 |    0 |          0 |
|   sparse_arr_hash_reduce_out_21_c_U                                  |                                                 hls_dummy_fifo_w4_d2_S_163 |        142 |        142 |       0 |    0 |    12 |      0 |      0 |    0 |          0 |
|   sparse_arr_hash_reduce_out_22_c34_channel_U                        |                                                 hls_dummy_fifo_w4_d2_S_164 |         98 |         98 |       0 |    0 |    12 |      0 |      0 |    0 |          0 |
|   sparse_arr_hash_reduce_out_22_c_U                                  |                                                 hls_dummy_fifo_w4_d2_S_165 |        118 |        118 |       0 |    0 |    12 |      0 |      0 |    0 |          0 |
|   sparse_arr_hash_reduce_out_23_c35_channel_U                        |                                                 hls_dummy_fifo_w4_d2_S_166 |        104 |        104 |       0 |    0 |    12 |      0 |      0 |    0 |          0 |
|   sparse_arr_hash_reduce_out_23_c_U                                  |                                                 hls_dummy_fifo_w4_d2_S_167 |        134 |        134 |       0 |    0 |    12 |      0 |      0 |    0 |          0 |
|   sparse_arr_hash_reduce_out_24_c36_channel_U                        |                                                 hls_dummy_fifo_w4_d2_S_168 |        175 |        175 |       0 |    0 |    12 |      0 |      0 |    0 |          0 |
|   sparse_arr_hash_reduce_out_24_c_U                                  |                                                 hls_dummy_fifo_w4_d2_S_169 |        131 |        131 |       0 |    0 |    12 |      0 |      0 |    0 |          0 |
|   sparse_arr_hash_reduce_out_25_c37_channel_U                        |                                                 hls_dummy_fifo_w4_d2_S_170 |        176 |        176 |       0 |    0 |    12 |      0 |      0 |    0 |          0 |
|   sparse_arr_hash_reduce_out_25_c_U                                  |                                                 hls_dummy_fifo_w4_d2_S_171 |        117 |        117 |       0 |    0 |    12 |      0 |      0 |    0 |          0 |
|   sparse_arr_hash_reduce_out_26_c38_channel_U                        |                                                 hls_dummy_fifo_w4_d2_S_172 |        185 |        185 |       0 |    0 |    12 |      0 |      0 |    0 |          0 |
|   sparse_arr_hash_reduce_out_26_c_U                                  |                                                 hls_dummy_fifo_w4_d2_S_173 |        126 |        126 |       0 |    0 |    12 |      0 |      0 |    0 |          0 |
|   sparse_arr_hash_reduce_out_27_c39_channel_U                        |                                                 hls_dummy_fifo_w4_d2_S_174 |        179 |        179 |       0 |    0 |    12 |      0 |      0 |    0 |          0 |
|   sparse_arr_hash_reduce_out_27_c_U                                  |                                                 hls_dummy_fifo_w4_d2_S_175 |        130 |        130 |       0 |    0 |    12 |      0 |      0 |    0 |          0 |
|   sparse_arr_hash_reduce_out_28_c40_channel_U                        |                                                 hls_dummy_fifo_w4_d2_S_176 |         66 |         66 |       0 |    0 |    12 |      0 |      0 |    0 |          0 |
|   sparse_arr_hash_reduce_out_28_c_U                                  |                                                 hls_dummy_fifo_w4_d2_S_177 |        132 |        132 |       0 |    0 |    12 |      0 |      0 |    0 |          0 |
|   sparse_arr_hash_reduce_out_29_c41_channel_U                        |                                                 hls_dummy_fifo_w4_d2_S_178 |         91 |         91 |       0 |    0 |    12 |      0 |      0 |    0 |          0 |
|   sparse_arr_hash_reduce_out_29_c_U                                  |                                                 hls_dummy_fifo_w4_d2_S_179 |        124 |        124 |       0 |    0 |    12 |      0 |      0 |    0 |          0 |
|   sparse_arr_hash_reduce_out_2_c14_channel_U                         |                                                 hls_dummy_fifo_w4_d2_S_180 |        141 |        141 |       0 |    0 |    12 |      0 |      0 |    0 |          0 |
|   sparse_arr_hash_reduce_out_2_c_U                                   |                                                 hls_dummy_fifo_w4_d2_S_181 |        158 |        158 |       0 |    0 |    12 |      0 |      0 |    0 |          0 |
|   sparse_arr_hash_reduce_out_30_c42_channel_U                        |                                                 hls_dummy_fifo_w4_d2_S_182 |        162 |        162 |       0 |    0 |    12 |      0 |      0 |    0 |          0 |
|   sparse_arr_hash_reduce_out_30_c_U                                  |                                                 hls_dummy_fifo_w4_d2_S_183 |         98 |         98 |       0 |    0 |    12 |      0 |      0 |    0 |          0 |
|   sparse_arr_hash_reduce_out_31_c43_channel_U                        |                                                 hls_dummy_fifo_w4_d2_S_184 |        173 |        173 |       0 |    0 |    12 |      0 |      0 |    0 |          0 |
|   sparse_arr_hash_reduce_out_31_c_U                                  |                                                 hls_dummy_fifo_w4_d2_S_185 |        104 |        104 |       0 |    0 |    12 |      0 |      0 |    0 |          0 |
|   sparse_arr_hash_reduce_out_32_c44_channel_U                        |                                                 hls_dummy_fifo_w4_d2_S_186 |         82 |         82 |       0 |    0 |    12 |      0 |      0 |    0 |          0 |
|   sparse_arr_hash_reduce_out_32_c_U                                  |                                                 hls_dummy_fifo_w4_d2_S_187 |         97 |         97 |       0 |    0 |    12 |      0 |      0 |    0 |          0 |
|   sparse_arr_hash_reduce_out_33_c45_channel_U                        |                                                 hls_dummy_fifo_w4_d2_S_188 |         78 |         78 |       0 |    0 |    12 |      0 |      0 |    0 |          0 |
|   sparse_arr_hash_reduce_out_33_c_U                                  |                                                 hls_dummy_fifo_w4_d2_S_189 |         58 |         58 |       0 |    0 |    12 |      0 |      0 |    0 |          0 |
|   sparse_arr_hash_reduce_out_34_c46_channel_U                        |                                                 hls_dummy_fifo_w4_d2_S_190 |        132 |        132 |       0 |    0 |    12 |      0 |      0 |    0 |          0 |
|   sparse_arr_hash_reduce_out_34_c_U                                  |                                                 hls_dummy_fifo_w4_d2_S_191 |        105 |        105 |       0 |    0 |    12 |      0 |      0 |    0 |          0 |
|   sparse_arr_hash_reduce_out_35_c47_channel_U                        |                                                 hls_dummy_fifo_w4_d2_S_192 |        146 |        146 |       0 |    0 |    12 |      0 |      0 |    0 |          0 |
|   sparse_arr_hash_reduce_out_35_c_U                                  |                                                 hls_dummy_fifo_w4_d2_S_193 |        133 |        133 |       0 |    0 |    12 |      0 |      0 |    0 |          0 |
|   sparse_arr_hash_reduce_out_36_c48_channel_U                        |                                                 hls_dummy_fifo_w4_d2_S_194 |        131 |        131 |       0 |    0 |    12 |      0 |      0 |    0 |          0 |
|   sparse_arr_hash_reduce_out_36_c_U                                  |                                                 hls_dummy_fifo_w4_d2_S_195 |        113 |        113 |       0 |    0 |    12 |      0 |      0 |    0 |          0 |
|   sparse_arr_hash_reduce_out_37_c49_channel_U                        |                                                 hls_dummy_fifo_w4_d2_S_196 |        149 |        149 |       0 |    0 |    12 |      0 |      0 |    0 |          0 |
|   sparse_arr_hash_reduce_out_37_c_U                                  |                                                 hls_dummy_fifo_w4_d2_S_197 |         93 |         93 |       0 |    0 |    12 |      0 |      0 |    0 |          0 |
|   sparse_arr_hash_reduce_out_38_c50_channel_U                        |                                                 hls_dummy_fifo_w4_d2_S_198 |         69 |         69 |       0 |    0 |    12 |      0 |      0 |    0 |          0 |
|   sparse_arr_hash_reduce_out_38_c_U                                  |                                                 hls_dummy_fifo_w4_d2_S_199 |        132 |        132 |       0 |    0 |    12 |      0 |      0 |    0 |          0 |
|   sparse_arr_hash_reduce_out_39_c51_channel_U                        |                                                 hls_dummy_fifo_w4_d2_S_200 |         66 |         66 |       0 |    0 |    12 |      0 |      0 |    0 |          0 |
|   sparse_arr_hash_reduce_out_39_c_U                                  |                                                 hls_dummy_fifo_w4_d2_S_201 |        139 |        139 |       0 |    0 |    12 |      0 |      0 |    0 |          0 |
|   sparse_arr_hash_reduce_out_3_c15_channel_U                         |                                                 hls_dummy_fifo_w4_d2_S_202 |        141 |        141 |       0 |    0 |    12 |      0 |      0 |    0 |          0 |
|   sparse_arr_hash_reduce_out_3_c_U                                   |                                                 hls_dummy_fifo_w4_d2_S_203 |        151 |        151 |       0 |    0 |    12 |      0 |      0 |    0 |          0 |
|   sparse_arr_hash_reduce_out_4_c16_channel_U                         |                                                 hls_dummy_fifo_w4_d2_S_204 |        138 |        138 |       0 |    0 |    12 |      0 |      0 |    0 |          0 |
|   sparse_arr_hash_reduce_out_4_c_U                                   |                                                 hls_dummy_fifo_w4_d2_S_205 |         75 |         75 |       0 |    0 |    12 |      0 |      0 |    0 |          0 |
|   sparse_arr_hash_reduce_out_5_c17_channel_U                         |                                                 hls_dummy_fifo_w4_d2_S_206 |        161 |        161 |       0 |    0 |    12 |      0 |      0 |    0 |          0 |
|   sparse_arr_hash_reduce_out_5_c_U                                   |                                                 hls_dummy_fifo_w4_d2_S_207 |         94 |         94 |       0 |    0 |    12 |      0 |      0 |    0 |          0 |
|   sparse_arr_hash_reduce_out_6_c18_channel_U                         |                                                 hls_dummy_fifo_w4_d2_S_208 |        140 |        140 |       0 |    0 |    12 |      0 |      0 |    0 |          0 |
|   sparse_arr_hash_reduce_out_6_c_U                                   |                                                 hls_dummy_fifo_w4_d2_S_209 |        106 |        106 |       0 |    0 |    12 |      0 |      0 |    0 |          0 |
|   sparse_arr_hash_reduce_out_7_c19_channel_U                         |                                                 hls_dummy_fifo_w4_d2_S_210 |        142 |        142 |       0 |    0 |    12 |      0 |      0 |    0 |          0 |
|   sparse_arr_hash_reduce_out_7_c_U                                   |                                                 hls_dummy_fifo_w4_d2_S_211 |         80 |         80 |       0 |    0 |    12 |      0 |      0 |    0 |          0 |
|   sparse_arr_hash_reduce_out_8_c20_channel_U                         |                                                 hls_dummy_fifo_w4_d2_S_212 |        136 |        136 |       0 |    0 |    12 |      0 |      0 |    0 |          0 |
|   sparse_arr_hash_reduce_out_8_c_U                                   |                                                 hls_dummy_fifo_w4_d2_S_213 |        118 |        118 |       0 |    0 |    12 |      0 |      0 |    0 |          0 |
|   sparse_arr_hash_reduce_out_9_c21_channel_U                         |                                                 hls_dummy_fifo_w4_d2_S_214 |        152 |        152 |       0 |    0 |    12 |      0 |      0 |    0 |          0 |
|   sparse_arr_hash_reduce_out_9_c_U                                   |                                                 hls_dummy_fifo_w4_d2_S_215 |        130 |        130 |       0 |    0 |    12 |      0 |      0 |    0 |          0 |
|   sparse_arr_hash_reduce_out_c12_channel_U                           |                                                 hls_dummy_fifo_w4_d2_S_216 |        124 |        124 |       0 |    0 |    12 |      0 |      0 |    0 |          0 |
|   sparse_arr_hash_reduce_out_c_U                                     |                                                 hls_dummy_fifo_w4_d2_S_217 |        122 |        122 |       0 |    0 |    12 |      0 |      0 |    0 |          0 |
|   sparse_conv_ap_fixed_ap_fixed_ap_uint_ap_fixed_ap_fixed_20_1_3_U0  | hls_dummy_sparse_conv_ap_fixed_ap_fixed_ap_uint_ap_fixed_ap_fixed_20_1_3_s |      81008 |      81008 |       0 |    0 |  8908 |      0 |      0 |    0 |         20 |
|   sparse_conv_ap_fixed_ap_fixed_ap_uint_ap_fixed_ap_fixed_20_3_3_U0  | hls_dummy_sparse_conv_ap_fixed_ap_fixed_ap_uint_ap_fixed_ap_fixed_20_3_3_s |     112584 |     112584 |       0 |    0 |  8392 |      0 |      0 |    0 |       2380 |
|   sparse_input_reduce_ap_fixed_10_2_5_3_0_ap_uint_10_10_10_1_20_4_U0 |  hls_dummy_sparse_input_reduce_ap_fixed_10_2_5_3_0_ap_uint_10_10_10_1_20_4 |       2768 |       2768 |       0 |    0 |  1705 |      0 |      0 |    0 |          0 |
+----------------------------------------------------------------------+----------------------------------------------------------------------------+------------+------------+---------+------+-------+--------+--------+------+------------+


