

================================================================
== Vitis HLS Report for 'dense_latency_ap_ufixed_8_2_4_0_0_ap_fixed_21_8_5_3_0_config13_s'
================================================================
* Date:           Mon Sep  1 03:05:17 2025

* Version:        2023.1 (Build 3854077 on May  4 2023)
* Project:        myhls_prj
* Solution:       solution1 (Vivado IP Flow Target)
* Product family: virtexuplus
* Target device:  xcu250-figd2104-2L-e


================================================================
== Performance Estimates
================================================================
+ Timing: 
    * Summary: 
    +--------+---------+----------+------------+
    |  Clock |  Target | Estimated| Uncertainty|
    +--------+---------+----------+------------+
    |ap_clk  |  5.00 ns|  3.622 ns|     1.35 ns|
    +--------+---------+----------+------------+

+ Latency: 
    * Summary: 
    +---------+---------+-----------+-----------+-----+-----+---------+
    |  Latency (cycles) |   Latency (absolute)  |  Interval | Pipeline|
    |   min   |   max   |    min    |    max    | min | max |   Type  |
    +---------+---------+-----------+-----------+-----+-----+---------+
    |        2|        2|  10.000 ns|  10.000 ns|    1|    1|      yes|
    +---------+---------+-----------+-----------+-----+-----+---------+

    + Detail: 
        * Instance: 
        N/A

        * Loop: 
        N/A



================================================================
== Utilization Estimates
================================================================
* Summary: 
+---------------------+---------+-------+---------+---------+------+
|         Name        | BRAM_18K|  DSP  |    FF   |   LUT   | URAM |
+---------------------+---------+-------+---------+---------+------+
|DSP                  |        -|      -|        -|        -|     -|
|Expression           |        -|      -|        0|      440|     -|
|FIFO                 |        -|      -|        -|        -|     -|
|Instance             |        -|      0|        0|      320|     -|
|Memory               |        -|      -|        -|        -|     -|
|Multiplexer          |        -|      -|        -|       18|     -|
|Register             |        -|      -|      199|        -|     -|
+---------------------+---------+-------+---------+---------+------+
|Total                |        0|      0|      199|      778|     0|
+---------------------+---------+-------+---------+---------+------+
|Available SLR        |     1344|   3072|   864000|   432000|   320|
+---------------------+---------+-------+---------+---------+------+
|Utilization SLR (%)  |        0|      0|       ~0|       ~0|     0|
+---------------------+---------+-------+---------+---------+------+
|Available            |     5376|  12288|  3456000|  1728000|  1280|
+---------------------+---------+-------+---------+---------+------+
|Utilization (%)      |        0|      0|       ~0|       ~0|     0|
+---------------------+---------+-------+---------+---------+------+

+ Detail: 
    * Instance: 
    +--------------------------+--------------------+---------+----+---+----+-----+
    |         Instance         |       Module       | BRAM_18K| DSP| FF| LUT| URAM|
    +--------------------------+--------------------+---------+----+---+----+-----+
    |mul_8ns_6ns_13_1_1_U1769  |mul_8ns_6ns_13_1_1  |        0|   0|  0|  40|    0|
    |mul_8ns_6ns_13_1_1_U1771  |mul_8ns_6ns_13_1_1  |        0|   0|  0|  40|    0|
    |mul_8ns_7s_15_1_1_U1767   |mul_8ns_7s_15_1_1   |        0|   0|  0|  40|    0|
    |mul_8ns_7s_15_1_1_U1770   |mul_8ns_7s_15_1_1   |        0|   0|  0|  40|    0|
    |mul_8ns_7s_15_1_1_U1772   |mul_8ns_7s_15_1_1   |        0|   0|  0|  40|    0|
    |mul_8ns_7s_15_1_1_U1773   |mul_8ns_7s_15_1_1   |        0|   0|  0|  40|    0|
    |mul_8ns_8s_16_1_1_U1768   |mul_8ns_8s_16_1_1   |        0|   0|  0|  40|    0|
    |mul_8ns_8s_16_1_1_U1774   |mul_8ns_8s_16_1_1   |        0|   0|  0|  40|    0|
    +--------------------------+--------------------+---------+----+---+----+-----+
    |Total                     |                    |        0|   0|  0| 320|    0|
    +--------------------------+--------------------+---------+----+---+----+-----+

    * DSP: 
    N/A

    * Memory: 
    N/A

    * FIFO: 
    N/A

    * Expression: 
    +---------------------------+----------+----+---+----+------------+------------+
    |       Variable Name       | Operation| DSP| FF| LUT| Bitwidth P0| Bitwidth P1|
    +---------------------------+----------+----+---+----+------------+------------+
    |add_ln58_fu_1120_p2        |         +|   0|  0|  28|          21|          14|
    |add_ln73_fu_833_p2         |         +|   0|  0|  20|          13|          13|
    |empty_fu_1034_p2           |         +|   0|  0|  18|          18|          18|
    |tmp17_fu_949_p2            |         +|   0|  0|  17|          17|          17|
    |tmp18_fu_943_p2            |         +|   0|  0|  17|          17|          17|
    |tmp19_fu_969_p2            |         +|   0|  0|  24|          17|          17|
    |tmp20_fu_959_p2            |         +|   0|  0|  23|          16|          16|
    |tmp21_fu_1024_p2           |         +|   0|  0|  16|          16|          16|
    |tmp22_fu_995_p2            |         +|   0|  0|  16|          16|          16|
    |tmp23_fu_985_p2            |         +|   0|  0|  16|          15|          15|
    |tmp24_fu_1014_p2           |         +|   0|  0|  22|          15|          15|
    |tmp25_fu_1001_p2           |         +|   0|  0|  21|          14|          14|
    |tmp26_fu_753_p2            |         +|   0|  0|  20|          13|          13|
    |tmp27_fu_1097_p2           |         +|   0|  0|  19|          19|          19|
    |tmp28_fu_1052_p2           |         +|   0|  0|  24|          17|          17|
    |tmp951_fu_1106_p2          |         +|   0|  0|  19|          19|          19|
    |tmp_fu_979_p2              |         +|   0|  0|  18|          18|          18|
    |sub_ln73_1508_fu_801_p2    |         -|   0|  0|  20|          13|          13|
    |sub_ln73_1509_fu_1080_p2   |         -|   0|  0|  20|          13|          13|
    |sub_ln73_1510_fu_889_p2    |         -|   0|  0|  20|          13|          13|
    |sub_ln73_1673_fu_865_p2    |         -|   0|  0|  22|          15|          15|
    |sub_ln73_fu_781_p2         |         -|   0|  0|  16|          15|          15|
    |ap_block_pp0_stage0_11001  |        or|   0|  0|   2|           1|           1|
    |ap_enable_pp0              |       xor|   0|  0|   2|           1|           2|
    +---------------------------+----------+----+---+----+------------+------------+
    |Total                      |          |   0|  0| 440|         352|         346|
    +---------------------------+----------+----+---+----+------------+------------+

    * Multiplexer: 
    +-----------+----+-----------+-----+-----------+
    |    Name   | LUT| Input Size| Bits| Total Bits|
    +-----------+----+-----------+-----+-----------+
    |ap_done    |   9|          2|    1|          2|
    |ap_return  |   9|          2|   19|         38|
    +-----------+----+-----------+-----+-----------+
    |Total      |  18|          4|   20|         40|
    +-----------+----+-----------+-----+-----------+

    * Register: 
    +-----------------------------------+----+----+-----+-----------+
    |                Name               | FF | LUT| Bits| Const Bits|
    +-----------------------------------+----+----+-----+-----------+
    |ap_CS_fsm                          |   1|   0|    1|          0|
    |ap_done_reg                        |   1|   0|    1|          0|
    |ap_enable_reg_pp0_iter1            |   1|   0|    1|          0|
    |ap_enable_reg_pp0_iter2            |   1|   0|    1|          0|
    |ap_return_preg                     |  19|   0|   21|          2|
    |empty_reg_1197                     |  18|   0|   18|          0|
    |mul_ln73_515_reg_332               |  13|   0|   13|          0|
    |mul_ln73_517_reg_336               |  15|   0|   15|          0|
    |p_read1045_reg_1148                |   8|   0|    8|          0|
    |p_read1247_reg_1143                |   8|   0|    8|          0|
    |p_read1348_reg_1137                |   8|   0|    8|          0|
    |p_read1348_reg_1137_pp0_iter1_reg  |   8|   0|    8|          0|
    |p_read136_reg_1180                 |   8|   0|    8|          0|
    |p_read237_reg_1175                 |   8|   0|    8|          0|
    |p_read35_reg_1186                  |   8|   0|    8|          0|
    |p_read439_reg_1169                 |   8|   0|    8|          0|
    |p_read540_reg_1164                 |   8|   0|    8|          0|
    |p_read641_reg_1159                 |   8|   0|    8|          0|
    |p_read843_reg_1154                 |   8|   0|    8|          0|
    |p_read_397_reg_1126                |   8|   0|    8|          0|
    |p_read_398_reg_1131                |   8|   0|    8|          0|
    |tmp26_reg_1192                     |   9|   0|   13|          4|
    |tmp28_reg_1202                     |  17|   0|   17|          0|
    +-----------------------------------+----+----+-----+-----------+
    |Total                              | 199|   0|  205|          6|
    +-----------------------------------+----+----+-----+-----------+



================================================================
== Interface
================================================================
* Summary: 
+-------------+-----+-----+------------+-----------------------------------------------------------------------------+--------------+
|  RTL Ports  | Dir | Bits|  Protocol  |                                Source Object                                |    C Type    |
+-------------+-----+-----+------------+-----------------------------------------------------------------------------+--------------+
|ap_clk       |   in|    1|  ap_ctrl_hs|  dense_latency<ap_ufixed<8, 2, 4, 0, 0>, ap_fixed<21, 8, 5, 3, 0>, config13>|  return value|
|ap_rst       |   in|    1|  ap_ctrl_hs|  dense_latency<ap_ufixed<8, 2, 4, 0, 0>, ap_fixed<21, 8, 5, 3, 0>, config13>|  return value|
|ap_start     |   in|    1|  ap_ctrl_hs|  dense_latency<ap_ufixed<8, 2, 4, 0, 0>, ap_fixed<21, 8, 5, 3, 0>, config13>|  return value|
|ap_done      |  out|    1|  ap_ctrl_hs|  dense_latency<ap_ufixed<8, 2, 4, 0, 0>, ap_fixed<21, 8, 5, 3, 0>, config13>|  return value|
|ap_continue  |   in|    1|  ap_ctrl_hs|  dense_latency<ap_ufixed<8, 2, 4, 0, 0>, ap_fixed<21, 8, 5, 3, 0>, config13>|  return value|
|ap_idle      |  out|    1|  ap_ctrl_hs|  dense_latency<ap_ufixed<8, 2, 4, 0, 0>, ap_fixed<21, 8, 5, 3, 0>, config13>|  return value|
|ap_ready     |  out|    1|  ap_ctrl_hs|  dense_latency<ap_ufixed<8, 2, 4, 0, 0>, ap_fixed<21, 8, 5, 3, 0>, config13>|  return value|
|ap_return    |  out|   21|  ap_ctrl_hs|  dense_latency<ap_ufixed<8, 2, 4, 0, 0>, ap_fixed<21, 8, 5, 3, 0>, config13>|  return value|
|p_read       |   in|    8|     ap_none|                                                                       p_read|        scalar|
|p_read1      |   in|    8|     ap_none|                                                                      p_read1|        scalar|
|p_read2      |   in|    8|     ap_none|                                                                      p_read2|        scalar|
|p_read3      |   in|    8|     ap_none|                                                                      p_read3|        scalar|
|p_read4      |   in|    8|     ap_none|                                                                      p_read4|        scalar|
|p_read5      |   in|    8|     ap_none|                                                                      p_read5|        scalar|
|p_read6      |   in|    8|     ap_none|                                                                      p_read6|        scalar|
|p_read7      |   in|    8|     ap_none|                                                                      p_read7|        scalar|
|p_read8      |   in|    8|     ap_none|                                                                      p_read8|        scalar|
|p_read9      |   in|    8|     ap_none|                                                                      p_read9|        scalar|
|p_read10     |   in|    8|     ap_none|                                                                     p_read10|        scalar|
|p_read11     |   in|    8|     ap_none|                                                                     p_read11|        scalar|
|p_read12     |   in|    8|     ap_none|                                                                     p_read12|        scalar|
|p_read13     |   in|    8|     ap_none|                                                                     p_read13|        scalar|
|p_read14     |   in|    8|     ap_none|                                                                     p_read14|        scalar|
|p_read15     |   in|    8|     ap_none|                                                                     p_read15|        scalar|
+-------------+-----+-----+------------+-----------------------------------------------------------------------------+--------------+

