Copyright 1986-2022 Xilinx, Inc. All Rights Reserved. Copyright 2022-2023 Advanced Micro Devices, Inc. All Rights Reserved.
---------------------------------------------------------------------------------------------------------------------------------------------
| Tool Version : Vivado v.2023.1 (lin64) Build 3865809 Sun May  7 15:04:56 MDT 2023
| Date         : Thu Jul 24 15:33:06 2025
| Host         : coder-hftsoi-hls2 running 64-bit Ubuntu 20.04.6 LTS
| Command      : report_utilization -file vivado_synth.rpt -hierarchical -hierarchical_depth 1
| Design       : hls_dummy
| Device       : xcu250-figd2104-2L-e
| Speed File   : -2L
| Design State : Optimized
---------------------------------------------------------------------------------------------------------------------------------------------

Utilization Design Information

Table of Contents
-----------------
1. Utilization by Hierarchy

1. Utilization by Hierarchy
---------------------------

+-----------------------------------------------------------------------+------------------------------------------------------------------------------+------------+------------+---------+------+-------+--------+--------+------+------------+
|                                Instance                               |                                    Module                                    | Total LUTs | Logic LUTs | LUTRAMs | SRLs |  FFs  | RAMB36 | RAMB18 | URAM | DSP Blocks |
+-----------------------------------------------------------------------+------------------------------------------------------------------------------+------------+------------+---------+------+-------+--------+--------+------+------------+
| hls_dummy                                                             |                                                                        (top) |      31663 |      31663 |       0 |    0 | 12222 |      0 |      0 |    0 |          0 |
|   (hls_dummy)                                                         |                                                                        (top) |          0 |          0 |       0 |    0 |   160 |      0 |      0 |    0 |          0 |
|   Block_entry28_proc_U0                                               |                                                 hls_dummy_Block_entry28_proc |          0 |          0 |       0 |    0 |   800 |      0 |      0 |    0 |          0 |
|   flatten_out_10_U                                                    |                                                       hls_dummy_fifo_w8_d2_S |         20 |         20 |       0 |    0 |    20 |      0 |      0 |    0 |          0 |
|   flatten_out_11_U                                                    |                                                     hls_dummy_fifo_w8_d2_S_0 |         20 |         20 |       0 |    0 |    20 |      0 |      0 |    0 |          0 |
|   flatten_out_12_U                                                    |                                                     hls_dummy_fifo_w8_d2_S_1 |         22 |         22 |       0 |    0 |    20 |      0 |      0 |    0 |          0 |
|   flatten_out_13_U                                                    |                                                     hls_dummy_fifo_w8_d2_S_2 |         21 |         21 |       0 |    0 |    20 |      0 |      0 |    0 |          0 |
|   flatten_out_14_U                                                    |                                                     hls_dummy_fifo_w8_d2_S_3 |         20 |         20 |       0 |    0 |    20 |      0 |      0 |    0 |          0 |
|   flatten_out_15_U                                                    |                                                     hls_dummy_fifo_w8_d2_S_4 |         20 |         20 |       0 |    0 |    20 |      0 |      0 |    0 |          0 |
|   flatten_out_16_U                                                    |                                                     hls_dummy_fifo_w8_d2_S_5 |         22 |         22 |       0 |    0 |    20 |      0 |      0 |    0 |          0 |
|   flatten_out_17_U                                                    |                                                     hls_dummy_fifo_w8_d2_S_6 |         21 |         21 |       0 |    0 |    20 |      0 |      0 |    0 |          0 |
|   flatten_out_18_U                                                    |                                                     hls_dummy_fifo_w8_d2_S_7 |         20 |         20 |       0 |    0 |    20 |      0 |      0 |    0 |          0 |
|   flatten_out_19_U                                                    |                                                     hls_dummy_fifo_w8_d2_S_8 |         20 |         20 |       0 |    0 |    20 |      0 |      0 |    0 |          0 |
|   flatten_out_1_U                                                     |                                                     hls_dummy_fifo_w8_d2_S_9 |         22 |         22 |       0 |    0 |    20 |      0 |      0 |    0 |          0 |
|   flatten_out_20_U                                                    |                                                    hls_dummy_fifo_w8_d2_S_10 |         21 |         21 |       0 |    0 |    20 |      0 |      0 |    0 |          0 |
|   flatten_out_21_U                                                    |                                                    hls_dummy_fifo_w8_d2_S_11 |         20 |         20 |       0 |    0 |    20 |      0 |      0 |    0 |          0 |
|   flatten_out_22_U                                                    |                                                    hls_dummy_fifo_w8_d2_S_12 |         24 |         24 |       0 |    0 |    20 |      0 |      0 |    0 |          0 |
|   flatten_out_23_U                                                    |                                                    hls_dummy_fifo_w8_d2_S_13 |         21 |         21 |       0 |    0 |    20 |      0 |      0 |    0 |          0 |
|   flatten_out_24_U                                                    |                                                    hls_dummy_fifo_w8_d2_S_14 |         20 |         20 |       0 |    0 |    20 |      0 |      0 |    0 |          0 |
|   flatten_out_25_U                                                    |                                                    hls_dummy_fifo_w8_d2_S_15 |         20 |         20 |       0 |    0 |    20 |      0 |      0 |    0 |          0 |
|   flatten_out_26_U                                                    |                                                    hls_dummy_fifo_w8_d2_S_16 |         20 |         20 |       0 |    0 |    20 |      0 |      0 |    0 |          0 |
|   flatten_out_27_U                                                    |                                                    hls_dummy_fifo_w8_d2_S_17 |         22 |         22 |       0 |    0 |    20 |      0 |      0 |    0 |          0 |
|   flatten_out_28_U                                                    |                                                    hls_dummy_fifo_w8_d2_S_18 |         21 |         21 |       0 |    0 |    20 |      0 |      0 |    0 |          0 |
|   flatten_out_29_U                                                    |                                                    hls_dummy_fifo_w8_d2_S_19 |         20 |         20 |       0 |    0 |    20 |      0 |      0 |    0 |          0 |
|   flatten_out_2_U                                                     |                                                    hls_dummy_fifo_w8_d2_S_20 |         20 |         20 |       0 |    0 |    20 |      0 |      0 |    0 |          0 |
|   flatten_out_30_U                                                    |                                                    hls_dummy_fifo_w8_d2_S_21 |         23 |         23 |       0 |    0 |    20 |      0 |      0 |    0 |          0 |
|   flatten_out_31_U                                                    |                                                    hls_dummy_fifo_w8_d2_S_22 |         20 |         20 |       0 |    0 |    20 |      0 |      0 |    0 |          0 |
|   flatten_out_32_U                                                    |                                                    hls_dummy_fifo_w8_d2_S_23 |         22 |         22 |       0 |    0 |    20 |      0 |      0 |    0 |          0 |
|   flatten_out_33_U                                                    |                                                    hls_dummy_fifo_w8_d2_S_24 |         20 |         20 |       0 |    0 |    20 |      0 |      0 |    0 |          0 |
|   flatten_out_34_U                                                    |                                                    hls_dummy_fifo_w8_d2_S_25 |         22 |         22 |       0 |    0 |    20 |      0 |      0 |    0 |          0 |
|   flatten_out_35_U                                                    |                                                    hls_dummy_fifo_w8_d2_S_26 |         20 |         20 |       0 |    0 |    20 |      0 |      0 |    0 |          0 |
|   flatten_out_36_U                                                    |                                                    hls_dummy_fifo_w8_d2_S_27 |         22 |         22 |       0 |    0 |    20 |      0 |      0 |    0 |          0 |
|   flatten_out_37_U                                                    |                                                    hls_dummy_fifo_w8_d2_S_28 |         20 |         20 |       0 |    0 |    20 |      0 |      0 |    0 |          0 |
|   flatten_out_38_U                                                    |                                                    hls_dummy_fifo_w8_d2_S_29 |         20 |         20 |       0 |    0 |    20 |      0 |      0 |    0 |          0 |
|   flatten_out_39_U                                                    |                                                    hls_dummy_fifo_w8_d2_S_30 |         21 |         21 |       0 |    0 |    20 |      0 |      0 |    0 |          0 |
|   flatten_out_3_U                                                     |                                                    hls_dummy_fifo_w8_d2_S_31 |         20 |         20 |       0 |    0 |    20 |      0 |      0 |    0 |          0 |
|   flatten_out_40_U                                                    |                                                    hls_dummy_fifo_w8_d2_S_32 |         21 |         21 |       0 |    0 |    20 |      0 |      0 |    0 |          0 |
|   flatten_out_41_U                                                    |                                                    hls_dummy_fifo_w8_d2_S_33 |         22 |         22 |       0 |    0 |    20 |      0 |      0 |    0 |          0 |
|   flatten_out_42_U                                                    |                                                    hls_dummy_fifo_w8_d2_S_34 |         21 |         21 |       0 |    0 |    20 |      0 |      0 |    0 |          0 |
|   flatten_out_43_U                                                    |                                                    hls_dummy_fifo_w8_d2_S_35 |         20 |         20 |       0 |    0 |    20 |      0 |      0 |    0 |          0 |
|   flatten_out_44_U                                                    |                                                    hls_dummy_fifo_w8_d2_S_36 |         21 |         21 |       0 |    0 |    20 |      0 |      0 |    0 |          0 |
|   flatten_out_45_U                                                    |                                                    hls_dummy_fifo_w8_d2_S_37 |         22 |         22 |       0 |    0 |    20 |      0 |      0 |    0 |          0 |
|   flatten_out_46_U                                                    |                                                    hls_dummy_fifo_w8_d2_S_38 |         21 |         21 |       0 |    0 |    20 |      0 |      0 |    0 |          0 |
|   flatten_out_47_U                                                    |                                                    hls_dummy_fifo_w8_d2_S_39 |         20 |         20 |       0 |    0 |    20 |      0 |      0 |    0 |          0 |
|   flatten_out_48_U                                                    |                                                    hls_dummy_fifo_w8_d2_S_40 |         21 |         21 |       0 |    0 |    20 |      0 |      0 |    0 |          0 |
|   flatten_out_49_U                                                    |                                                    hls_dummy_fifo_w8_d2_S_41 |         21 |         21 |       0 |    0 |    20 |      0 |      0 |    0 |          0 |
|   flatten_out_4_U                                                     |                                                    hls_dummy_fifo_w8_d2_S_42 |         20 |         20 |       0 |    0 |    20 |      0 |      0 |    0 |          0 |
|   flatten_out_50_U                                                    |                                                    hls_dummy_fifo_w8_d2_S_43 |         20 |         20 |       0 |    0 |    20 |      0 |      0 |    0 |          0 |
|   flatten_out_51_U                                                    |                                                    hls_dummy_fifo_w8_d2_S_44 |         22 |         22 |       0 |    0 |    20 |      0 |      0 |    0 |          0 |
|   flatten_out_52_U                                                    |                                                    hls_dummy_fifo_w8_d2_S_45 |         21 |         21 |       0 |    0 |    20 |      0 |      0 |    0 |          0 |
|   flatten_out_53_U                                                    |                                                    hls_dummy_fifo_w8_d2_S_46 |         20 |         20 |       0 |    0 |    20 |      0 |      0 |    0 |          0 |
|   flatten_out_54_U                                                    |                                                    hls_dummy_fifo_w8_d2_S_47 |         21 |         21 |       0 |    0 |    20 |      0 |      0 |    0 |          0 |
|   flatten_out_55_U                                                    |                                                    hls_dummy_fifo_w8_d2_S_48 |         20 |         20 |       0 |    0 |    20 |      0 |      0 |    0 |          0 |
|   flatten_out_56_U                                                    |                                                    hls_dummy_fifo_w8_d2_S_49 |         22 |         22 |       0 |    0 |    20 |      0 |      0 |    0 |          0 |
|   flatten_out_57_U                                                    |                                                    hls_dummy_fifo_w8_d2_S_50 |         24 |         24 |       0 |    0 |    20 |      0 |      0 |    0 |          0 |
|   flatten_out_58_U                                                    |                                                    hls_dummy_fifo_w8_d2_S_51 |         20 |         20 |       0 |    0 |    20 |      0 |      0 |    0 |          0 |
|   flatten_out_59_U                                                    |                                                    hls_dummy_fifo_w8_d2_S_52 |         23 |         23 |       0 |    0 |    20 |      0 |      0 |    0 |          0 |
|   flatten_out_5_U                                                     |                                                    hls_dummy_fifo_w8_d2_S_53 |         20 |         20 |       0 |    0 |    20 |      0 |      0 |    0 |          0 |
|   flatten_out_60_U                                                    |                                                    hls_dummy_fifo_w8_d2_S_54 |         21 |         21 |       0 |    0 |    20 |      0 |      0 |    0 |          0 |
|   flatten_out_61_U                                                    |                                                    hls_dummy_fifo_w8_d2_S_55 |         20 |         20 |       0 |    0 |    20 |      0 |      0 |    0 |          0 |
|   flatten_out_62_U                                                    |                                                    hls_dummy_fifo_w8_d2_S_56 |         21 |         21 |       0 |    0 |    20 |      0 |      0 |    0 |          0 |
|   flatten_out_63_U                                                    |                                                    hls_dummy_fifo_w8_d2_S_57 |         21 |         21 |       0 |    0 |    20 |      0 |      0 |    0 |          0 |
|   flatten_out_64_U                                                    |                                                    hls_dummy_fifo_w8_d2_S_58 |         20 |         20 |       0 |    0 |    20 |      0 |      0 |    0 |          0 |
|   flatten_out_65_U                                                    |                                                    hls_dummy_fifo_w8_d2_S_59 |         24 |         24 |       0 |    0 |    20 |      0 |      0 |    0 |          0 |
|   flatten_out_66_U                                                    |                                                    hls_dummy_fifo_w8_d2_S_60 |         20 |         20 |       0 |    0 |    20 |      0 |      0 |    0 |          0 |
|   flatten_out_67_U                                                    |                                                    hls_dummy_fifo_w8_d2_S_61 |         21 |         21 |       0 |    0 |    20 |      0 |      0 |    0 |          0 |
|   flatten_out_68_U                                                    |                                                    hls_dummy_fifo_w8_d2_S_62 |         20 |         20 |       0 |    0 |    20 |      0 |      0 |    0 |          0 |
|   flatten_out_69_U                                                    |                                                    hls_dummy_fifo_w8_d2_S_63 |         22 |         22 |       0 |    0 |    20 |      0 |      0 |    0 |          0 |
|   flatten_out_6_U                                                     |                                                    hls_dummy_fifo_w8_d2_S_64 |         21 |         21 |       0 |    0 |    20 |      0 |      0 |    0 |          0 |
|   flatten_out_70_U                                                    |                                                    hls_dummy_fifo_w8_d2_S_65 |         21 |         21 |       0 |    0 |    20 |      0 |      0 |    0 |          0 |
|   flatten_out_71_U                                                    |                                                    hls_dummy_fifo_w8_d2_S_66 |         21 |         21 |       0 |    0 |    20 |      0 |      0 |    0 |          0 |
|   flatten_out_72_U                                                    |                                                    hls_dummy_fifo_w8_d2_S_67 |         21 |         21 |       0 |    0 |    20 |      0 |      0 |    0 |          0 |
|   flatten_out_73_U                                                    |                                                    hls_dummy_fifo_w8_d2_S_68 |         20 |         20 |       0 |    0 |    20 |      0 |      0 |    0 |          0 |
|   flatten_out_74_U                                                    |                                                    hls_dummy_fifo_w8_d2_S_69 |         22 |         22 |       0 |    0 |    20 |      0 |      0 |    0 |          0 |
|   flatten_out_75_U                                                    |                                                    hls_dummy_fifo_w8_d2_S_70 |         21 |         21 |       0 |    0 |    20 |      0 |      0 |    0 |          0 |
|   flatten_out_76_U                                                    |                                                    hls_dummy_fifo_w8_d2_S_71 |         21 |         21 |       0 |    0 |    20 |      0 |      0 |    0 |          0 |
|   flatten_out_77_U                                                    |                                                    hls_dummy_fifo_w8_d2_S_72 |         20 |         20 |       0 |    0 |    20 |      0 |      0 |    0 |          0 |
|   flatten_out_78_U                                                    |                                                    hls_dummy_fifo_w8_d2_S_73 |         21 |         21 |       0 |    0 |    20 |      0 |      0 |    0 |          0 |
|   flatten_out_79_U                                                    |                                                    hls_dummy_fifo_w8_d2_S_74 |         20 |         20 |       0 |    0 |    20 |      0 |      0 |    0 |          0 |
|   flatten_out_7_U                                                     |                                                    hls_dummy_fifo_w8_d2_S_75 |         20 |         20 |       0 |    0 |    20 |      0 |      0 |    0 |          0 |
|   flatten_out_80_U                                                    |                                                    hls_dummy_fifo_w8_d2_S_76 |         23 |         23 |       0 |    0 |    20 |      0 |      0 |    0 |          0 |
|   flatten_out_81_U                                                    |                                                    hls_dummy_fifo_w8_d2_S_77 |         22 |         22 |       0 |    0 |    20 |      0 |      0 |    0 |          0 |
|   flatten_out_82_U                                                    |                                                    hls_dummy_fifo_w8_d2_S_78 |         20 |         20 |       0 |    0 |    20 |      0 |      0 |    0 |          0 |
|   flatten_out_83_U                                                    |                                                    hls_dummy_fifo_w8_d2_S_79 |         20 |         20 |       0 |    0 |    20 |      0 |      0 |    0 |          0 |
|   flatten_out_84_U                                                    |                                                    hls_dummy_fifo_w8_d2_S_80 |         21 |         21 |       0 |    0 |    20 |      0 |      0 |    0 |          0 |
|   flatten_out_85_U                                                    |                                                    hls_dummy_fifo_w8_d2_S_81 |         22 |         22 |       0 |    0 |    20 |      0 |      0 |    0 |          0 |
|   flatten_out_86_U                                                    |                                                    hls_dummy_fifo_w8_d2_S_82 |         22 |         22 |       0 |    0 |    20 |      0 |      0 |    0 |          0 |
|   flatten_out_87_U                                                    |                                                    hls_dummy_fifo_w8_d2_S_83 |         20 |         20 |       0 |    0 |    20 |      0 |      0 |    0 |          0 |
|   flatten_out_88_U                                                    |                                                    hls_dummy_fifo_w8_d2_S_84 |         21 |         21 |       0 |    0 |    20 |      0 |      0 |    0 |          0 |
|   flatten_out_89_U                                                    |                                                    hls_dummy_fifo_w8_d2_S_85 |         21 |         21 |       0 |    0 |    20 |      0 |      0 |    0 |          0 |
|   flatten_out_8_U                                                     |                                                    hls_dummy_fifo_w8_d2_S_86 |         22 |         22 |       0 |    0 |    20 |      0 |      0 |    0 |          0 |
|   flatten_out_90_U                                                    |                                                    hls_dummy_fifo_w8_d2_S_87 |         21 |         21 |       0 |    0 |    20 |      0 |      0 |    0 |          0 |
|   flatten_out_91_U                                                    |                                                    hls_dummy_fifo_w8_d2_S_88 |         21 |         21 |       0 |    0 |    20 |      0 |      0 |    0 |          0 |
|   flatten_out_92_U                                                    |                                                    hls_dummy_fifo_w8_d2_S_89 |         22 |         22 |       0 |    0 |    20 |      0 |      0 |    0 |          0 |
|   flatten_out_93_U                                                    |                                                    hls_dummy_fifo_w8_d2_S_90 |         23 |         23 |       0 |    0 |    20 |      0 |      0 |    0 |          0 |
|   flatten_out_94_U                                                    |                                                    hls_dummy_fifo_w8_d2_S_91 |         20 |         20 |       0 |    0 |    20 |      0 |      0 |    0 |          0 |
|   flatten_out_95_U                                                    |                                                    hls_dummy_fifo_w8_d2_S_92 |         20 |         20 |       0 |    0 |    20 |      0 |      0 |    0 |          0 |
|   flatten_out_96_U                                                    |                                                    hls_dummy_fifo_w8_d2_S_93 |         20 |         20 |       0 |    0 |    20 |      0 |      0 |    0 |          0 |
|   flatten_out_97_U                                                    |                                                    hls_dummy_fifo_w8_d2_S_94 |         21 |         21 |       0 |    0 |    20 |      0 |      0 |    0 |          0 |
|   flatten_out_98_U                                                    |                                                    hls_dummy_fifo_w8_d2_S_95 |         21 |         21 |       0 |    0 |    20 |      0 |      0 |    0 |          0 |
|   flatten_out_99_U                                                    |                                                    hls_dummy_fifo_w8_d2_S_96 |         20 |         20 |       0 |    0 |    20 |      0 |      0 |    0 |          0 |
|   flatten_out_9_U                                                     |                                                    hls_dummy_fifo_w8_d2_S_97 |         20 |         20 |       0 |    0 |    20 |      0 |      0 |    0 |          0 |
|   flatten_out_U                                                       |                                                    hls_dummy_fifo_w8_d2_S_98 |         21 |         21 |       0 |    0 |    20 |      0 |      0 |    0 |          0 |
|   sparse_arr_feat_conv1_out_10_U                                      |                                                    hls_dummy_fifo_w8_d2_S_99 |         16 |         16 |       0 |    0 |    20 |      0 |      0 |    0 |          0 |
|   sparse_arr_feat_conv1_out_11_U                                      |                                                   hls_dummy_fifo_w8_d2_S_100 |         13 |         13 |       0 |    0 |    20 |      0 |      0 |    0 |          0 |
|   sparse_arr_feat_conv1_out_12_U                                      |                                                   hls_dummy_fifo_w8_d2_S_101 |         15 |         15 |       0 |    0 |    20 |      0 |      0 |    0 |          0 |
|   sparse_arr_feat_conv1_out_13_U                                      |                                                   hls_dummy_fifo_w8_d2_S_102 |         14 |         14 |       0 |    0 |    20 |      0 |      0 |    0 |          0 |
|   sparse_arr_feat_conv1_out_14_U                                      |                                                   hls_dummy_fifo_w8_d2_S_103 |         13 |         13 |       0 |    0 |    20 |      0 |      0 |    0 |          0 |
|   sparse_arr_feat_conv1_out_1_U                                       |                                                   hls_dummy_fifo_w8_d2_S_104 |         13 |         13 |       0 |    0 |    20 |      0 |      0 |    0 |          0 |
|   sparse_arr_feat_conv1_out_2_U                                       |                                                   hls_dummy_fifo_w8_d2_S_105 |         13 |         13 |       0 |    0 |    20 |      0 |      0 |    0 |          0 |
|   sparse_arr_feat_conv1_out_3_U                                       |                                                   hls_dummy_fifo_w8_d2_S_106 |         14 |         14 |       0 |    0 |    20 |      0 |      0 |    0 |          0 |
|   sparse_arr_feat_conv1_out_4_U                                       |                                                   hls_dummy_fifo_w8_d2_S_107 |         14 |         14 |       0 |    0 |    20 |      0 |      0 |    0 |          0 |
|   sparse_arr_feat_conv1_out_5_U                                       |                                                   hls_dummy_fifo_w8_d2_S_108 |         14 |         14 |       0 |    0 |    20 |      0 |      0 |    0 |          0 |
|   sparse_arr_feat_conv1_out_6_U                                       |                                                   hls_dummy_fifo_w8_d2_S_109 |         14 |         14 |       0 |    0 |    20 |      0 |      0 |    0 |          0 |
|   sparse_arr_feat_conv1_out_7_U                                       |                                                   hls_dummy_fifo_w8_d2_S_110 |         14 |         14 |       0 |    0 |    20 |      0 |      0 |    0 |          0 |
|   sparse_arr_feat_conv1_out_8_U                                       |                                                   hls_dummy_fifo_w8_d2_S_111 |         14 |         14 |       0 |    0 |    20 |      0 |      0 |    0 |          0 |
|   sparse_arr_feat_conv1_out_9_U                                       |                                                   hls_dummy_fifo_w8_d2_S_112 |         14 |         14 |       0 |    0 |    20 |      0 |      0 |    0 |          0 |
|   sparse_arr_feat_conv1_out_U                                         |                                                   hls_dummy_fifo_w8_d2_S_113 |         14 |         14 |       0 |    0 |    20 |      0 |      0 |    0 |          0 |
|   sparse_arr_feat_reduce_out_10_U                                     |                                                   hls_dummy_fifo_w8_d2_S_114 |        341 |        341 |       0 |    0 |    18 |      0 |      0 |    0 |          0 |
|   sparse_arr_feat_reduce_out_11_U                                     |                                                   hls_dummy_fifo_w8_d2_S_115 |        340 |        340 |       0 |    0 |    18 |      0 |      0 |    0 |          0 |
|   sparse_arr_feat_reduce_out_12_U                                     |                                                   hls_dummy_fifo_w8_d2_S_116 |        339 |        339 |       0 |    0 |    18 |      0 |      0 |    0 |          0 |
|   sparse_arr_feat_reduce_out_13_U                                     |                                                   hls_dummy_fifo_w8_d2_S_117 |        340 |        340 |       0 |    0 |    18 |      0 |      0 |    0 |          0 |
|   sparse_arr_feat_reduce_out_14_U                                     |                                                   hls_dummy_fifo_w8_d2_S_118 |        338 |        338 |       0 |    0 |    18 |      0 |      0 |    0 |          0 |
|   sparse_arr_feat_reduce_out_1_U                                      |                                                   hls_dummy_fifo_w8_d2_S_119 |        350 |        350 |       0 |    0 |    18 |      0 |      0 |    0 |          0 |
|   sparse_arr_feat_reduce_out_2_U                                      |                                                   hls_dummy_fifo_w8_d2_S_120 |        348 |        348 |       0 |    0 |    18 |      0 |      0 |    0 |          0 |
|   sparse_arr_feat_reduce_out_3_U                                      |                                                   hls_dummy_fifo_w8_d2_S_121 |        347 |        347 |       0 |    0 |    18 |      0 |      0 |    0 |          0 |
|   sparse_arr_feat_reduce_out_4_U                                      |                                                   hls_dummy_fifo_w8_d2_S_122 |        346 |        346 |       0 |    0 |    18 |      0 |      0 |    0 |          0 |
|   sparse_arr_feat_reduce_out_5_U                                      |                                                   hls_dummy_fifo_w8_d2_S_123 |        346 |        346 |       0 |    0 |    18 |      0 |      0 |    0 |          0 |
|   sparse_arr_feat_reduce_out_6_U                                      |                                                   hls_dummy_fifo_w8_d2_S_124 |        345 |        345 |       0 |    0 |    18 |      0 |      0 |    0 |          0 |
|   sparse_arr_feat_reduce_out_7_U                                      |                                                   hls_dummy_fifo_w8_d2_S_125 |        343 |        343 |       0 |    0 |    18 |      0 |      0 |    0 |          0 |
|   sparse_arr_feat_reduce_out_8_U                                      |                                                   hls_dummy_fifo_w8_d2_S_126 |        342 |        342 |       0 |    0 |    18 |      0 |      0 |    0 |          0 |
|   sparse_arr_feat_reduce_out_9_U                                      |                                                   hls_dummy_fifo_w8_d2_S_127 |        343 |        343 |       0 |    0 |    18 |      0 |      0 |    0 |          0 |
|   sparse_arr_feat_reduce_out_U                                        |                                                   hls_dummy_fifo_w8_d2_S_128 |        350 |        350 |       0 |    0 |    18 |      0 |      0 |    0 |          0 |
|   sparse_arr_hash_reduce_out_10_c22_channel_U                         |                                                       hls_dummy_fifo_w4_d2_S |        192 |        192 |       0 |    0 |    12 |      0 |      0 |    0 |          0 |
|   sparse_arr_hash_reduce_out_10_c_U                                   |                                                   hls_dummy_fifo_w4_d2_S_129 |         11 |         11 |       0 |    0 |    12 |      0 |      0 |    0 |          0 |
|   sparse_arr_hash_reduce_out_11_c23_channel_U                         |                                                   hls_dummy_fifo_w4_d2_S_130 |        119 |        119 |       0 |    0 |    12 |      0 |      0 |    0 |          0 |
|   sparse_arr_hash_reduce_out_11_c_U                                   |                                                   hls_dummy_fifo_w4_d2_S_131 |         10 |         10 |       0 |    0 |    12 |      0 |      0 |    0 |          0 |
|   sparse_arr_hash_reduce_out_12_c24_channel_U                         |                                                   hls_dummy_fifo_w4_d2_S_132 |        182 |        182 |       0 |    0 |    12 |      0 |      0 |    0 |          0 |
|   sparse_arr_hash_reduce_out_12_c_U                                   |                                                   hls_dummy_fifo_w4_d2_S_133 |         10 |         10 |       0 |    0 |    12 |      0 |      0 |    0 |          0 |
|   sparse_arr_hash_reduce_out_13_c25_channel_U                         |                                                   hls_dummy_fifo_w4_d2_S_134 |        104 |        104 |       0 |    0 |    12 |      0 |      0 |    0 |          0 |
|   sparse_arr_hash_reduce_out_13_c_U                                   |                                                   hls_dummy_fifo_w4_d2_S_135 |         10 |         10 |       0 |    0 |    12 |      0 |      0 |    0 |          0 |
|   sparse_arr_hash_reduce_out_14_c26_channel_U                         |                                                   hls_dummy_fifo_w4_d2_S_136 |        240 |        240 |       0 |    0 |    12 |      0 |      0 |    0 |          0 |
|   sparse_arr_hash_reduce_out_14_c_U                                   |                                                   hls_dummy_fifo_w4_d2_S_137 |         11 |         11 |       0 |    0 |    12 |      0 |      0 |    0 |          0 |
|   sparse_arr_hash_reduce_out_15_c27_channel_U                         |                                                   hls_dummy_fifo_w4_d2_S_138 |        118 |        118 |       0 |    0 |    12 |      0 |      0 |    0 |          0 |
|   sparse_arr_hash_reduce_out_15_c_U                                   |                                                   hls_dummy_fifo_w4_d2_S_139 |         11 |         11 |       0 |    0 |    12 |      0 |      0 |    0 |          0 |
|   sparse_arr_hash_reduce_out_16_c28_channel_U                         |                                                   hls_dummy_fifo_w4_d2_S_140 |        162 |        162 |       0 |    0 |    12 |      0 |      0 |    0 |          0 |
|   sparse_arr_hash_reduce_out_16_c_U                                   |                                                   hls_dummy_fifo_w4_d2_S_141 |         10 |         10 |       0 |    0 |    12 |      0 |      0 |    0 |          0 |
|   sparse_arr_hash_reduce_out_17_c29_channel_U                         |                                                   hls_dummy_fifo_w4_d2_S_142 |        114 |        114 |       0 |    0 |    12 |      0 |      0 |    0 |          0 |
|   sparse_arr_hash_reduce_out_17_c_U                                   |                                                   hls_dummy_fifo_w4_d2_S_143 |         10 |         10 |       0 |    0 |    12 |      0 |      0 |    0 |          0 |
|   sparse_arr_hash_reduce_out_18_c30_channel_U                         |                                                   hls_dummy_fifo_w4_d2_S_144 |        134 |        134 |       0 |    0 |    12 |      0 |      0 |    0 |          0 |
|   sparse_arr_hash_reduce_out_18_c_U                                   |                                                   hls_dummy_fifo_w4_d2_S_145 |         11 |         11 |       0 |    0 |    12 |      0 |      0 |    0 |          0 |
|   sparse_arr_hash_reduce_out_19_c31_channel_U                         |                                                   hls_dummy_fifo_w4_d2_S_146 |        119 |        119 |       0 |    0 |    12 |      0 |      0 |    0 |          0 |
|   sparse_arr_hash_reduce_out_19_c_U                                   |                                                   hls_dummy_fifo_w4_d2_S_147 |         10 |         10 |       0 |    0 |    12 |      0 |      0 |    0 |          0 |
|   sparse_arr_hash_reduce_out_1_c13_channel_U                          |                                                   hls_dummy_fifo_w4_d2_S_148 |         88 |         88 |       0 |    0 |    12 |      0 |      0 |    0 |          0 |
|   sparse_arr_hash_reduce_out_1_c_U                                    |                                                   hls_dummy_fifo_w4_d2_S_149 |         10 |         10 |       0 |    0 |    12 |      0 |      0 |    0 |          0 |
|   sparse_arr_hash_reduce_out_20_c32_channel_U                         |                                                   hls_dummy_fifo_w4_d2_S_150 |        188 |        188 |       0 |    0 |    12 |      0 |      0 |    0 |          0 |
|   sparse_arr_hash_reduce_out_20_c_U                                   |                                                   hls_dummy_fifo_w4_d2_S_151 |         10 |         10 |       0 |    0 |    12 |      0 |      0 |    0 |          0 |
|   sparse_arr_hash_reduce_out_21_c33_channel_U                         |                                                   hls_dummy_fifo_w4_d2_S_152 |        113 |        113 |       0 |    0 |    12 |      0 |      0 |    0 |          0 |
|   sparse_arr_hash_reduce_out_21_c_U                                   |                                                   hls_dummy_fifo_w4_d2_S_153 |         10 |         10 |       0 |    0 |    12 |      0 |      0 |    0 |          0 |
|   sparse_arr_hash_reduce_out_22_c34_channel_U                         |                                                   hls_dummy_fifo_w4_d2_S_154 |        175 |        175 |       0 |    0 |    12 |      0 |      0 |    0 |          0 |
|   sparse_arr_hash_reduce_out_22_c_U                                   |                                                   hls_dummy_fifo_w4_d2_S_155 |         11 |         11 |       0 |    0 |    12 |      0 |      0 |    0 |          0 |
|   sparse_arr_hash_reduce_out_23_c35_channel_U                         |                                                   hls_dummy_fifo_w4_d2_S_156 |        116 |        116 |       0 |    0 |    12 |      0 |      0 |    0 |          0 |
|   sparse_arr_hash_reduce_out_23_c_U                                   |                                                   hls_dummy_fifo_w4_d2_S_157 |         10 |         10 |       0 |    0 |    12 |      0 |      0 |    0 |          0 |
|   sparse_arr_hash_reduce_out_24_c36_channel_U                         |                                                   hls_dummy_fifo_w4_d2_S_158 |        168 |        168 |       0 |    0 |    12 |      0 |      0 |    0 |          0 |
|   sparse_arr_hash_reduce_out_24_c_U                                   |                                                   hls_dummy_fifo_w4_d2_S_159 |         10 |         10 |       0 |    0 |    12 |      0 |      0 |    0 |          0 |
|   sparse_arr_hash_reduce_out_25_c37_channel_U                         |                                                   hls_dummy_fifo_w4_d2_S_160 |        122 |        122 |       0 |    0 |    12 |      0 |      0 |    0 |          0 |
|   sparse_arr_hash_reduce_out_25_c_U                                   |                                                   hls_dummy_fifo_w4_d2_S_161 |         10 |         10 |       0 |    0 |    12 |      0 |      0 |    0 |          0 |
|   sparse_arr_hash_reduce_out_26_c38_channel_U                         |                                                   hls_dummy_fifo_w4_d2_S_162 |        201 |        201 |       0 |    0 |    12 |      0 |      0 |    0 |          0 |
|   sparse_arr_hash_reduce_out_26_c_U                                   |                                                   hls_dummy_fifo_w4_d2_S_163 |         12 |         12 |       0 |    0 |    12 |      0 |      0 |    0 |          0 |
|   sparse_arr_hash_reduce_out_27_c39_channel_U                         |                                                   hls_dummy_fifo_w4_d2_S_164 |        110 |        110 |       0 |    0 |    12 |      0 |      0 |    0 |          0 |
|   sparse_arr_hash_reduce_out_27_c_U                                   |                                                   hls_dummy_fifo_w4_d2_S_165 |         12 |         12 |       0 |    0 |    12 |      0 |      0 |    0 |          0 |
|   sparse_arr_hash_reduce_out_28_c40_channel_U                         |                                                   hls_dummy_fifo_w4_d2_S_166 |        184 |        184 |       0 |    0 |    12 |      0 |      0 |    0 |          0 |
|   sparse_arr_hash_reduce_out_28_c_U                                   |                                                   hls_dummy_fifo_w4_d2_S_167 |         11 |         11 |       0 |    0 |    12 |      0 |      0 |    0 |          0 |
|   sparse_arr_hash_reduce_out_29_c41_channel_U                         |                                                   hls_dummy_fifo_w4_d2_S_168 |        101 |        101 |       0 |    0 |    12 |      0 |      0 |    0 |          0 |
|   sparse_arr_hash_reduce_out_29_c_U                                   |                                                   hls_dummy_fifo_w4_d2_S_169 |         10 |         10 |       0 |    0 |    12 |      0 |      0 |    0 |          0 |
|   sparse_arr_hash_reduce_out_2_c14_channel_U                          |                                                   hls_dummy_fifo_w4_d2_S_170 |        161 |        161 |       0 |    0 |    12 |      0 |      0 |    0 |          0 |
|   sparse_arr_hash_reduce_out_2_c_U                                    |                                                   hls_dummy_fifo_w4_d2_S_171 |         10 |         10 |       0 |    0 |    12 |      0 |      0 |    0 |          0 |
|   sparse_arr_hash_reduce_out_3_c15_channel_U                          |                                                   hls_dummy_fifo_w4_d2_S_172 |         73 |         73 |       0 |    0 |    12 |      0 |      0 |    0 |          0 |
|   sparse_arr_hash_reduce_out_3_c_U                                    |                                                   hls_dummy_fifo_w4_d2_S_173 |         10 |         10 |       0 |    0 |    12 |      0 |      0 |    0 |          0 |
|   sparse_arr_hash_reduce_out_4_c16_channel_U                          |                                                   hls_dummy_fifo_w4_d2_S_174 |        184 |        184 |       0 |    0 |    12 |      0 |      0 |    0 |          0 |
|   sparse_arr_hash_reduce_out_4_c_U                                    |                                                   hls_dummy_fifo_w4_d2_S_175 |         10 |         10 |       0 |    0 |    12 |      0 |      0 |    0 |          0 |
|   sparse_arr_hash_reduce_out_5_c17_channel_U                          |                                                   hls_dummy_fifo_w4_d2_S_176 |        103 |        103 |       0 |    0 |    12 |      0 |      0 |    0 |          0 |
|   sparse_arr_hash_reduce_out_5_c_U                                    |                                                   hls_dummy_fifo_w4_d2_S_177 |         11 |         11 |       0 |    0 |    12 |      0 |      0 |    0 |          0 |
|   sparse_arr_hash_reduce_out_6_c18_channel_U                          |                                                   hls_dummy_fifo_w4_d2_S_178 |        192 |        192 |       0 |    0 |    12 |      0 |      0 |    0 |          0 |
|   sparse_arr_hash_reduce_out_6_c_U                                    |                                                   hls_dummy_fifo_w4_d2_S_179 |         10 |         10 |       0 |    0 |    12 |      0 |      0 |    0 |          0 |
|   sparse_arr_hash_reduce_out_7_c19_channel_U                          |                                                   hls_dummy_fifo_w4_d2_S_180 |        104 |        104 |       0 |    0 |    12 |      0 |      0 |    0 |          0 |
|   sparse_arr_hash_reduce_out_7_c_U                                    |                                                   hls_dummy_fifo_w4_d2_S_181 |         11 |         11 |       0 |    0 |    12 |      0 |      0 |    0 |          0 |
|   sparse_arr_hash_reduce_out_8_c20_channel_U                          |                                                   hls_dummy_fifo_w4_d2_S_182 |        208 |        208 |       0 |    0 |    12 |      0 |      0 |    0 |          0 |
|   sparse_arr_hash_reduce_out_8_c_U                                    |                                                   hls_dummy_fifo_w4_d2_S_183 |         11 |         11 |       0 |    0 |    12 |      0 |      0 |    0 |          0 |
|   sparse_arr_hash_reduce_out_9_c21_channel_U                          |                                                   hls_dummy_fifo_w4_d2_S_184 |         91 |         91 |       0 |    0 |    12 |      0 |      0 |    0 |          0 |
|   sparse_arr_hash_reduce_out_9_c_U                                    |                                                   hls_dummy_fifo_w4_d2_S_185 |         10 |         10 |       0 |    0 |    12 |      0 |      0 |    0 |          0 |
|   sparse_arr_hash_reduce_out_c12_channel_U                            |                                                   hls_dummy_fifo_w4_d2_S_186 |        160 |        160 |       0 |    0 |    12 |      0 |      0 |    0 |          0 |
|   sparse_arr_hash_reduce_out_c_U                                      |                                                   hls_dummy_fifo_w4_d2_S_187 |         10 |         10 |       0 |    0 |    12 |      0 |      0 |    0 |          0 |
|   sparse_conv_ap_fixed_ap_fixed_ap_uint_ap_fixed_ap_fixed_15_1_1_3_U0 | hls_dummy_sparse_conv_ap_fixed_ap_fixed_ap_uint_ap_fixed_ap_fixed_15_1_1_3_s |      12003 |      12003 |       0 |    0 |  3047 |      0 |      0 |    0 |          0 |
|   sparse_flatten_ap_fixed_8_2_5_3_0_ap_uint_10_10_10_1_15_U0          |          hls_dummy_sparse_flatten_ap_fixed_8_2_5_3_0_ap_uint_10_10_10_1_15_s |       7110 |       7110 |       0 |    0 |  3592 |      0 |      0 |    0 |          0 |
|   sparse_input_reduce_ap_fixed_8_2_5_3_0_ap_uint_10_10_10_1_15_4_U0   |     hls_dummy_sparse_input_reduce_ap_fixed_8_2_5_3_0_ap_uint_10_10_10_1_15_4 |       2342 |       2342 |       0 |    0 |  1333 |      0 |      0 |    0 |          0 |
+-----------------------------------------------------------------------+------------------------------------------------------------------------------+------------+------------+---------+------+-------+--------+--------+------+------------+


