

================================================================
== Vitis HLS Report for 'sparse_conv_ap_fixed_ap_fixed_ap_uint_ap_fixed_ap_fixed_5_1_2_3_s'
================================================================
* Date:           Tue Jul 22 20:29:05 2025

* Version:        2023.1 (Build 3854077 on May  4 2023)
* Project:        hls_dummy_prj
* Solution:       solution1 (Vivado IP Flow Target)
* Product family: virtexuplus
* Target device:  xcu250-figd2104-2L-e


================================================================
== Performance Estimates
================================================================
+ Timing: 
    * Summary: 
    +--------+---------+----------+------------+
    |  Clock |  Target | Estimated| Uncertainty|
    +--------+---------+----------+------------+
    |ap_clk  |  5.00 ns|  3.358 ns|     1.35 ns|
    +--------+---------+----------+------------+

+ Latency: 
    * Summary: 
    +---------+---------+-----------+-----------+-----+-----+---------+
    |  Latency (cycles) |   Latency (absolute)  |  Interval | Pipeline|
    |   min   |   max   |    min    |    max    | min | max |   Type  |
    +---------+---------+-----------+-----------+-----+-----+---------+
    |        3|        3|  15.000 ns|  15.000 ns|    3|    3|       no|
    +---------+---------+-----------+-----------+-----+-----+---------+

    + Detail: 
        * Instance: 
        N/A

        * Loop: 
        N/A



================================================================
== Utilization Estimates
================================================================
* Summary: 
+---------------------+---------+-------+---------+---------+------+
|         Name        | BRAM_18K|  DSP  |    FF   |   LUT   | URAM |
+---------------------+---------+-------+---------+---------+------+
|DSP                  |        -|      -|        -|        -|     -|
|Expression           |        -|      -|        0|     4037|     -|
|FIFO                 |        -|      -|        -|        -|     -|
|Instance             |        -|      0|        0|     1800|     -|
|Memory               |        0|      -|      160|      180|     -|
|Multiplexer          |        -|      -|        -|      125|     -|
|Register             |        -|      -|      280|        -|     -|
+---------------------+---------+-------+---------+---------+------+
|Total                |        0|      0|      440|     6142|     0|
+---------------------+---------+-------+---------+---------+------+
|Available SLR        |     1344|   3072|   864000|   432000|   320|
+---------------------+---------+-------+---------+---------+------+
|Utilization SLR (%)  |        0|      0|       ~0|        1|     0|
+---------------------+---------+-------+---------+---------+------+
|Available            |     5376|  12288|  3456000|  1728000|  1280|
+---------------------+---------+-------+---------+---------+------+
|Utilization (%)      |        0|      0|       ~0|       ~0|     0|
+---------------------+---------+-------+---------+---------+------+

+ Detail: 
    * Instance: 
    +----------------------+------------------+---------+----+---+----+-----+
    |       Instance       |      Module      | BRAM_18K| DSP| FF| LUT| URAM|
    +----------------------+------------------+---------+----+---+----+-----+
    |mul_8s_7s_14_1_1_U14  |mul_8s_7s_14_1_1  |        0|   0|  0|  40|    0|
    |mul_8s_7s_14_1_1_U24  |mul_8s_7s_14_1_1  |        0|   0|  0|  40|    0|
    |mul_8s_7s_14_1_1_U34  |mul_8s_7s_14_1_1  |        0|   0|  0|  40|    0|
    |mul_8s_7s_14_1_1_U44  |mul_8s_7s_14_1_1  |        0|   0|  0|  40|    0|
    |mul_8s_7s_14_1_1_U54  |mul_8s_7s_14_1_1  |        0|   0|  0|  40|    0|
    |mul_8s_8s_14_1_1_U10  |mul_8s_8s_14_1_1  |        0|   0|  0|  40|    0|
    |mul_8s_8s_14_1_1_U11  |mul_8s_8s_14_1_1  |        0|   0|  0|  40|    0|
    |mul_8s_8s_14_1_1_U12  |mul_8s_8s_14_1_1  |        0|   0|  0|  40|    0|
    |mul_8s_8s_14_1_1_U13  |mul_8s_8s_14_1_1  |        0|   0|  0|  40|    0|
    |mul_8s_8s_14_1_1_U15  |mul_8s_8s_14_1_1  |        0|   0|  0|  40|    0|
    |mul_8s_8s_14_1_1_U16  |mul_8s_8s_14_1_1  |        0|   0|  0|  40|    0|
    |mul_8s_8s_14_1_1_U17  |mul_8s_8s_14_1_1  |        0|   0|  0|  40|    0|
    |mul_8s_8s_14_1_1_U18  |mul_8s_8s_14_1_1  |        0|   0|  0|  40|    0|
    |mul_8s_8s_14_1_1_U19  |mul_8s_8s_14_1_1  |        0|   0|  0|  40|    0|
    |mul_8s_8s_14_1_1_U20  |mul_8s_8s_14_1_1  |        0|   0|  0|  40|    0|
    |mul_8s_8s_14_1_1_U21  |mul_8s_8s_14_1_1  |        0|   0|  0|  40|    0|
    |mul_8s_8s_14_1_1_U22  |mul_8s_8s_14_1_1  |        0|   0|  0|  40|    0|
    |mul_8s_8s_14_1_1_U23  |mul_8s_8s_14_1_1  |        0|   0|  0|  40|    0|
    |mul_8s_8s_14_1_1_U25  |mul_8s_8s_14_1_1  |        0|   0|  0|  40|    0|
    |mul_8s_8s_14_1_1_U26  |mul_8s_8s_14_1_1  |        0|   0|  0|  40|    0|
    |mul_8s_8s_14_1_1_U27  |mul_8s_8s_14_1_1  |        0|   0|  0|  40|    0|
    |mul_8s_8s_14_1_1_U28  |mul_8s_8s_14_1_1  |        0|   0|  0|  40|    0|
    |mul_8s_8s_14_1_1_U29  |mul_8s_8s_14_1_1  |        0|   0|  0|  40|    0|
    |mul_8s_8s_14_1_1_U30  |mul_8s_8s_14_1_1  |        0|   0|  0|  40|    0|
    |mul_8s_8s_14_1_1_U31  |mul_8s_8s_14_1_1  |        0|   0|  0|  40|    0|
    |mul_8s_8s_14_1_1_U32  |mul_8s_8s_14_1_1  |        0|   0|  0|  40|    0|
    |mul_8s_8s_14_1_1_U33  |mul_8s_8s_14_1_1  |        0|   0|  0|  40|    0|
    |mul_8s_8s_14_1_1_U35  |mul_8s_8s_14_1_1  |        0|   0|  0|  40|    0|
    |mul_8s_8s_14_1_1_U36  |mul_8s_8s_14_1_1  |        0|   0|  0|  40|    0|
    |mul_8s_8s_14_1_1_U37  |mul_8s_8s_14_1_1  |        0|   0|  0|  40|    0|
    |mul_8s_8s_14_1_1_U38  |mul_8s_8s_14_1_1  |        0|   0|  0|  40|    0|
    |mul_8s_8s_14_1_1_U39  |mul_8s_8s_14_1_1  |        0|   0|  0|  40|    0|
    |mul_8s_8s_14_1_1_U40  |mul_8s_8s_14_1_1  |        0|   0|  0|  40|    0|
    |mul_8s_8s_14_1_1_U41  |mul_8s_8s_14_1_1  |        0|   0|  0|  40|    0|
    |mul_8s_8s_14_1_1_U42  |mul_8s_8s_14_1_1  |        0|   0|  0|  40|    0|
    |mul_8s_8s_14_1_1_U43  |mul_8s_8s_14_1_1  |        0|   0|  0|  40|    0|
    |mul_8s_8s_14_1_1_U45  |mul_8s_8s_14_1_1  |        0|   0|  0|  40|    0|
    |mul_8s_8s_14_1_1_U46  |mul_8s_8s_14_1_1  |        0|   0|  0|  40|    0|
    |mul_8s_8s_14_1_1_U47  |mul_8s_8s_14_1_1  |        0|   0|  0|  40|    0|
    |mul_8s_8s_14_1_1_U48  |mul_8s_8s_14_1_1  |        0|   0|  0|  40|    0|
    |mul_8s_8s_14_1_1_U49  |mul_8s_8s_14_1_1  |        0|   0|  0|  40|    0|
    |mul_8s_8s_14_1_1_U50  |mul_8s_8s_14_1_1  |        0|   0|  0|  40|    0|
    |mul_8s_8s_14_1_1_U51  |mul_8s_8s_14_1_1  |        0|   0|  0|  40|    0|
    |mul_8s_8s_14_1_1_U52  |mul_8s_8s_14_1_1  |        0|   0|  0|  40|    0|
    |mul_8s_8s_14_1_1_U53  |mul_8s_8s_14_1_1  |        0|   0|  0|  40|    0|
    +----------------------+------------------+---------+----+---+----+-----+
    |Total                 |                  |        0|   0|  0|1800|    0|
    +----------------------+------------------+---------+----+---+----+-----+

    * DSP: 
    N/A

    * Memory: 
    +-------+----------------------------------------------------------------------------------+---------+-----+-----+-----+------+-----+------+-------------+
    | Memory|                                      Module                                      | BRAM_18K|  FF | LUT | URAM| Words| Bits| Banks| W*Bits*Banks|
    +-------+----------------------------------------------------------------------------------+---------+-----+-----+-----+------+-----+------+-------------+
    |w2_U   |sparse_conv_ap_fixed_ap_fixed_ap_uint_ap_fixed_ap_fixed_5_1_2_3_s_w2_ROM_AUTObkb  |        0|  160|  180|    0|    18|    8|     1|          144|
    +-------+----------------------------------------------------------------------------------+---------+-----+-----+-----+------+-----+------+-------------+
    |Total  |                                                                                  |        0|  160|  180|    0|    18|    8|     1|          144|
    +-------+----------------------------------------------------------------------------------+---------+-----+-----+-----+------+-----+------+-------------+

    * FIFO: 
    N/A

    * Expression: 
    +----------------------------+----------+----+---+----+------------+------------+
    |        Variable Name       | Operation| DSP| FF| LUT| Bitwidth P0| Bitwidth P1|
    +----------------------------+----------+----+---+----+------------+------------+
    |acc_107_fu_4605_p2          |         +|   0|  0|  19|           8|           8|
    |acc_108_fu_4616_p2          |         +|   0|  0|  15|           8|           8|
    |acc_117_fu_4641_p2          |         +|   0|  0|  19|           8|           8|
    |acc_118_fu_4652_p2          |         +|   0|  0|  15|           8|           6|
    |acc_127_fu_4677_p2          |         +|   0|  0|  19|           8|           8|
    |acc_128_fu_4688_p2          |         +|   0|  0|  15|           8|           8|
    |acc_137_fu_4713_p2          |         +|   0|  0|  19|           8|           8|
    |acc_138_fu_4724_p2          |         +|   0|  0|  15|           8|           6|
    |acc_147_fu_4749_p2          |         +|   0|  0|  19|           8|           8|
    |acc_148_fu_4760_p2          |         +|   0|  0|  15|           8|           8|
    |acc_58_fu_4425_p2           |         +|   0|  0|  19|           8|           8|
    |acc_59_fu_4436_p2           |         +|   0|  0|  15|           8|           6|
    |acc_67_fu_4461_p2           |         +|   0|  0|  19|           8|           8|
    |acc_68_fu_4472_p2           |         +|   0|  0|  15|           8|           8|
    |acc_77_fu_4497_p2           |         +|   0|  0|  19|           8|           8|
    |acc_78_fu_4508_p2           |         +|   0|  0|  15|           8|           6|
    |acc_87_fu_4533_p2           |         +|   0|  0|  19|           8|           8|
    |acc_88_fu_4544_p2           |         +|   0|  0|  15|           8|           8|
    |acc_97_fu_4569_p2           |         +|   0|  0|  19|           8|           8|
    |acc_98_fu_4580_p2           |         +|   0|  0|  15|           8|           6|
    |add_ln134_40_fu_821_p2      |         +|   0|  0|  13|           6|           1|
    |add_ln134_41_fu_916_p2      |         +|   0|  0|  13|           6|           1|
    |add_ln134_42_fu_928_p2      |         +|   0|  0|  13|           6|           1|
    |add_ln134_43_fu_1023_p2     |         +|   0|  0|  13|           6|           1|
    |add_ln134_44_fu_1035_p2     |         +|   0|  0|  13|           6|           1|
    |add_ln134_45_fu_1130_p2     |         +|   0|  0|  13|           6|           1|
    |add_ln134_46_fu_1142_p2     |         +|   0|  0|  13|           6|           1|
    |add_ln134_47_fu_1281_p2     |         +|   0|  0|  13|           6|           1|
    |add_ln134_48_fu_1293_p2     |         +|   0|  0|  13|           6|           1|
    |add_ln134_49_fu_1392_p2     |         +|   0|  0|  13|           6|           1|
    |add_ln134_50_fu_1404_p2     |         +|   0|  0|  13|           6|           1|
    |add_ln134_51_fu_1493_p2     |         +|   0|  0|  13|           6|           1|
    |add_ln134_52_fu_1505_p2     |         +|   0|  0|  13|           6|           1|
    |add_ln134_53_fu_1594_p2     |         +|   0|  0|  13|           6|           1|
    |add_ln134_54_fu_1606_p2     |         +|   0|  0|  13|           6|           1|
    |add_ln134_55_fu_1745_p2     |         +|   0|  0|  13|           6|           1|
    |add_ln134_56_fu_1757_p2     |         +|   0|  0|  13|           6|           1|
    |add_ln134_57_fu_1846_p2     |         +|   0|  0|  13|           6|           1|
    |add_ln134_58_fu_1858_p2     |         +|   0|  0|  13|           6|           1|
    |add_ln134_59_fu_1957_p2     |         +|   0|  0|  13|           6|           1|
    |add_ln134_60_fu_1969_p2     |         +|   0|  0|  13|           6|           1|
    |add_ln134_61_fu_2058_p2     |         +|   0|  0|  13|           6|           1|
    |add_ln134_62_fu_2070_p2     |         +|   0|  0|  13|           6|           1|
    |add_ln134_63_fu_2209_p2     |         +|   0|  0|  13|           6|           1|
    |add_ln134_64_fu_2221_p2     |         +|   0|  0|  13|           6|           1|
    |add_ln134_65_fu_2310_p2     |         +|   0|  0|  13|           6|           1|
    |add_ln134_66_fu_2322_p2     |         +|   0|  0|  13|           6|           1|
    |add_ln134_67_fu_2411_p2     |         +|   0|  0|  13|           6|           1|
    |add_ln134_68_fu_2423_p2     |         +|   0|  0|  13|           6|           1|
    |add_ln134_69_fu_2522_p2     |         +|   0|  0|  13|           6|           1|
    |add_ln134_70_fu_2534_p2     |         +|   0|  0|  13|           6|           1|
    |add_ln134_71_fu_2673_p2     |         +|   0|  0|  13|           6|           1|
    |add_ln134_72_fu_2685_p2     |         +|   0|  0|  13|           6|           1|
    |add_ln134_73_fu_2774_p2     |         +|   0|  0|  13|           6|           1|
    |add_ln134_74_fu_2786_p2     |         +|   0|  0|  13|           6|           1|
    |add_ln134_75_fu_2875_p2     |         +|   0|  0|  13|           6|           1|
    |add_ln134_76_fu_2887_p2     |         +|   0|  0|  13|           6|           1|
    |add_ln134_77_fu_2976_p2     |         +|   0|  0|  13|           6|           1|
    |add_ln134_78_fu_2988_p2     |         +|   0|  0|  13|           6|           1|
    |add_ln134_fu_809_p2         |         +|   0|  0|  13|           6|           1|
    |add_ln194_20_fu_3234_p2     |         +|   0|  0|  19|           8|           8|
    |add_ln194_21_fu_3240_p2     |         +|   0|  0|  19|           8|           8|
    |add_ln194_23_fu_4457_p2     |         +|   0|  0|  19|           8|           8|
    |add_ln194_24_fu_3373_p2     |         +|   0|  0|  19|           8|           8|
    |add_ln194_25_fu_3379_p2     |         +|   0|  0|  19|           8|           8|
    |add_ln194_27_fu_4493_p2     |         +|   0|  0|  19|           8|           8|
    |add_ln194_28_fu_3496_p2     |         +|   0|  0|  19|           8|           8|
    |add_ln194_29_fu_3502_p2     |         +|   0|  0|  19|           8|           8|
    |add_ln194_31_fu_4529_p2     |         +|   0|  0|  19|           8|           8|
    |add_ln194_32_fu_3632_p2     |         +|   0|  0|  19|           8|           8|
    |add_ln194_33_fu_3638_p2     |         +|   0|  0|  19|           8|           8|
    |add_ln194_35_fu_4565_p2     |         +|   0|  0|  19|           8|           8|
    |add_ln194_36_fu_3755_p2     |         +|   0|  0|  19|           8|           8|
    |add_ln194_37_fu_3761_p2     |         +|   0|  0|  19|           8|           8|
    |add_ln194_39_fu_4601_p2     |         +|   0|  0|  19|           8|           8|
    |add_ln194_40_fu_3891_p2     |         +|   0|  0|  19|           8|           8|
    |add_ln194_41_fu_3897_p2     |         +|   0|  0|  19|           8|           8|
    |add_ln194_43_fu_4637_p2     |         +|   0|  0|  19|           8|           8|
    |add_ln194_44_fu_4014_p2     |         +|   0|  0|  19|           8|           8|
    |add_ln194_45_fu_4020_p2     |         +|   0|  0|  19|           8|           8|
    |add_ln194_47_fu_4673_p2     |         +|   0|  0|  19|           8|           8|
    |add_ln194_48_fu_4150_p2     |         +|   0|  0|  19|           8|           8|
    |add_ln194_49_fu_4156_p2     |         +|   0|  0|  19|           8|           8|
    |add_ln194_51_fu_4709_p2     |         +|   0|  0|  19|           8|           8|
    |add_ln194_52_fu_4273_p2     |         +|   0|  0|  19|           8|           8|
    |add_ln194_53_fu_4279_p2     |         +|   0|  0|  19|           8|           8|
    |add_ln194_55_fu_4745_p2     |         +|   0|  0|  19|           8|           8|
    |add_ln194_56_fu_4409_p2     |         +|   0|  0|  19|           8|           8|
    |add_ln194_57_fu_4415_p2     |         +|   0|  0|  19|           8|           8|
    |add_ln194_fu_4421_p2        |         +|   0|  0|  19|           8|           8|
    |pos_20_fu_978_p2            |         +|   0|  0|   7|           4|           4|
    |pos_21_fu_1085_p2           |         +|   0|  0|   7|           4|           4|
    |pos_22_fu_1192_p2           |         +|   0|  0|   7|           4|           4|
    |pos_23_fu_1343_p2           |         +|   0|  0|   7|           4|           4|
    |pos_24_fu_1454_p2           |         +|   0|  0|   7|           4|           4|
    |pos_25_fu_1555_p2           |         +|   0|  0|   7|           4|           4|
    |pos_26_fu_1656_p2           |         +|   0|  0|   7|           4|           4|
    |pos_27_fu_1807_p2           |         +|   0|  0|   7|           4|           4|
    |pos_28_fu_1908_p2           |         +|   0|  0|   7|           4|           4|
    |pos_29_fu_2019_p2           |         +|   0|  0|   7|           4|           4|
    |pos_30_fu_2120_p2           |         +|   0|  0|   7|           4|           4|
    |pos_31_fu_2271_p2           |         +|   0|  0|   7|           4|           4|
    |pos_32_fu_2372_p2           |         +|   0|  0|   7|           4|           4|
    |pos_33_fu_2473_p2           |         +|   0|  0|   7|           4|           4|
    |pos_34_fu_2584_p2           |         +|   0|  0|   7|           4|           4|
    |pos_35_fu_2735_p2           |         +|   0|  0|   7|           4|           4|
    |pos_36_fu_2836_p2           |         +|   0|  0|   7|           4|           4|
    |pos_37_fu_2937_p2           |         +|   0|  0|   7|           4|           4|
    |pos_38_fu_3038_p2           |         +|   0|  0|   7|           4|           4|
    |pos_fu_871_p2               |         +|   0|  0|   7|           4|           4|
    |col_20_fu_960_p2            |         -|   0|  0|   7|           1|           4|
    |col_21_fu_1067_p2           |         -|   0|  0|   7|           1|           4|
    |col_22_fu_1174_p2           |         -|   0|  0|   7|           1|           4|
    |col_23_fu_1325_p2           |         -|   0|  0|   7|           1|           4|
    |col_24_fu_1436_p2           |         -|   0|  0|   7|           1|           4|
    |col_25_fu_1537_p2           |         -|   0|  0|   7|           1|           4|
    |col_26_fu_1638_p2           |         -|   0|  0|   7|           1|           4|
    |col_27_fu_1789_p2           |         -|   0|  0|   7|           1|           4|
    |col_28_fu_1890_p2           |         -|   0|  0|   7|           1|           4|
    |col_29_fu_2001_p2           |         -|   0|  0|   7|           1|           4|
    |col_30_fu_2102_p2           |         -|   0|  0|   7|           1|           4|
    |col_31_fu_2253_p2           |         -|   0|  0|   7|           1|           4|
    |col_32_fu_2354_p2           |         -|   0|  0|   7|           1|           4|
    |col_33_fu_2455_p2           |         -|   0|  0|   7|           1|           4|
    |col_34_fu_2566_p2           |         -|   0|  0|   7|           1|           4|
    |col_35_fu_2717_p2           |         -|   0|  0|   7|           1|           4|
    |col_36_fu_2818_p2           |         -|   0|  0|   7|           1|           4|
    |col_37_fu_2919_p2           |         -|   0|  0|   7|           1|           4|
    |col_38_fu_3020_p2           |         -|   0|  0|   7|           1|           4|
    |col_fu_853_p2               |         -|   0|  0|   7|           1|           4|
    |offset_h_20_fu_893_p2       |         -|   0|  0|  12|           5|           5|
    |offset_h_21_fu_1000_p2      |         -|   0|  0|  12|           5|           5|
    |offset_h_22_fu_1107_p2      |         -|   0|  0|  12|           5|           5|
    |offset_h_23_fu_1261_p2      |         -|   0|  0|  12|           5|           5|
    |offset_h_24_fu_1372_p2      |         -|   0|  0|  12|           5|           5|
    |offset_h_25_fu_1473_p2      |         -|   0|  0|  12|           5|           5|
    |offset_h_26_fu_1574_p2      |         -|   0|  0|  12|           5|           5|
    |offset_h_27_fu_1725_p2      |         -|   0|  0|  12|           5|           5|
    |offset_h_28_fu_1826_p2      |         -|   0|  0|  12|           5|           5|
    |offset_h_29_fu_1937_p2      |         -|   0|  0|  12|           5|           5|
    |offset_h_30_fu_2038_p2      |         -|   0|  0|  12|           5|           5|
    |offset_h_31_fu_2189_p2      |         -|   0|  0|  12|           5|           5|
    |offset_h_32_fu_2290_p2      |         -|   0|  0|  12|           5|           5|
    |offset_h_33_fu_2391_p2      |         -|   0|  0|  12|           5|           5|
    |offset_h_34_fu_2502_p2      |         -|   0|  0|  12|           5|           5|
    |offset_h_35_fu_2653_p2      |         -|   0|  0|  12|           5|           5|
    |offset_h_36_fu_2754_p2      |         -|   0|  0|  12|           5|           5|
    |offset_h_37_fu_2855_p2      |         -|   0|  0|  12|           5|           5|
    |offset_h_38_fu_2956_p2      |         -|   0|  0|  12|           5|           5|
    |offset_h_fu_783_p2          |         -|   0|  0|  12|           5|           5|
    |offset_w_20_fu_906_p2       |         -|   0|  0|  12|           5|           5|
    |offset_w_21_fu_1013_p2      |         -|   0|  0|  12|           5|           5|
    |offset_w_22_fu_1120_p2      |         -|   0|  0|  12|           5|           5|
    |offset_w_23_fu_1271_p2      |         -|   0|  0|  12|           5|           5|
    |offset_w_24_fu_1382_p2      |         -|   0|  0|  12|           5|           5|
    |offset_w_25_fu_1483_p2      |         -|   0|  0|  12|           5|           5|
    |offset_w_26_fu_1584_p2      |         -|   0|  0|  12|           5|           5|
    |offset_w_27_fu_1735_p2      |         -|   0|  0|  12|           5|           5|
    |offset_w_28_fu_1836_p2      |         -|   0|  0|  12|           5|           5|
    |offset_w_29_fu_1947_p2      |         -|   0|  0|  12|           5|           5|
    |offset_w_30_fu_2048_p2      |         -|   0|  0|  12|           5|           5|
    |offset_w_31_fu_2199_p2      |         -|   0|  0|  12|           5|           5|
    |offset_w_32_fu_2300_p2      |         -|   0|  0|  12|           5|           5|
    |offset_w_33_fu_2401_p2      |         -|   0|  0|  12|           5|           5|
    |offset_w_34_fu_2512_p2      |         -|   0|  0|  12|           5|           5|
    |offset_w_35_fu_2663_p2      |         -|   0|  0|  12|           5|           5|
    |offset_w_36_fu_2764_p2      |         -|   0|  0|  12|           5|           5|
    |offset_w_37_fu_2865_p2      |         -|   0|  0|  12|           5|           5|
    |offset_w_38_fu_2966_p2      |         -|   0|  0|  12|           5|           5|
    |offset_w_fu_799_p2          |         -|   0|  0|  12|           5|           5|
    |row_20_fu_950_p2            |         -|   0|  0|  12|           1|           4|
    |row_21_fu_1057_p2           |         -|   0|  0|  12|           1|           4|
    |row_22_fu_1164_p2           |         -|   0|  0|  12|           1|           4|
    |row_23_fu_1315_p2           |         -|   0|  0|  12|           1|           4|
    |row_24_fu_1426_p2           |         -|   0|  0|  12|           1|           4|
    |row_25_fu_1527_p2           |         -|   0|  0|  12|           1|           4|
    |row_26_fu_1628_p2           |         -|   0|  0|  12|           1|           4|
    |row_27_fu_1779_p2           |         -|   0|  0|  12|           1|           4|
    |row_28_fu_1880_p2           |         -|   0|  0|  12|           1|           4|
    |row_29_fu_1991_p2           |         -|   0|  0|  12|           1|           4|
    |row_30_fu_2092_p2           |         -|   0|  0|  12|           1|           4|
    |row_31_fu_2243_p2           |         -|   0|  0|  12|           1|           4|
    |row_32_fu_2344_p2           |         -|   0|  0|  12|           1|           4|
    |row_33_fu_2445_p2           |         -|   0|  0|  12|           1|           4|
    |row_34_fu_2556_p2           |         -|   0|  0|  12|           1|           4|
    |row_35_fu_2707_p2           |         -|   0|  0|  12|           1|           4|
    |row_36_fu_2808_p2           |         -|   0|  0|  12|           1|           4|
    |row_37_fu_2909_p2           |         -|   0|  0|  12|           1|           4|
    |row_38_fu_3010_p2           |         -|   0|  0|  12|           1|           4|
    |row_fu_843_p2               |         -|   0|  0|  12|           1|           4|
    |sub_ln138_10_fu_2013_p2     |         -|   0|  0|  12|           4|           4|
    |sub_ln138_11_fu_2114_p2     |         -|   0|  0|  12|           4|           4|
    |sub_ln138_12_fu_2265_p2     |         -|   0|  0|  12|           4|           4|
    |sub_ln138_13_fu_2366_p2     |         -|   0|  0|  12|           4|           4|
    |sub_ln138_14_fu_2467_p2     |         -|   0|  0|  12|           4|           4|
    |sub_ln138_15_fu_2578_p2     |         -|   0|  0|  12|           4|           4|
    |sub_ln138_16_fu_2729_p2     |         -|   0|  0|  12|           4|           4|
    |sub_ln138_17_fu_2830_p2     |         -|   0|  0|  12|           4|           4|
    |sub_ln138_18_fu_2931_p2     |         -|   0|  0|  12|           4|           4|
    |sub_ln138_19_fu_3032_p2     |         -|   0|  0|  12|           4|           4|
    |sub_ln138_1_fu_972_p2       |         -|   0|  0|  12|           4|           4|
    |sub_ln138_2_fu_1079_p2      |         -|   0|  0|  12|           4|           4|
    |sub_ln138_3_fu_1186_p2      |         -|   0|  0|  12|           4|           4|
    |sub_ln138_4_fu_1337_p2      |         -|   0|  0|  12|           4|           4|
    |sub_ln138_5_fu_1448_p2      |         -|   0|  0|  12|           4|           4|
    |sub_ln138_6_fu_1549_p2      |         -|   0|  0|  12|           4|           4|
    |sub_ln138_7_fu_1650_p2      |         -|   0|  0|  12|           4|           4|
    |sub_ln138_8_fu_1801_p2      |         -|   0|  0|  12|           4|           4|
    |sub_ln138_9_fu_1902_p2      |         -|   0|  0|  12|           4|           4|
    |sub_ln138_fu_865_p2         |         -|   0|  0|  12|           4|           4|
    |icmp_ln134_40_fu_827_p2     |      icmp|   0|  0|  13|           6|           2|
    |icmp_ln134_41_fu_922_p2     |      icmp|   0|  0|  13|           6|           2|
    |icmp_ln134_42_fu_934_p2     |      icmp|   0|  0|  13|           6|           2|
    |icmp_ln134_43_fu_1029_p2    |      icmp|   0|  0|  13|           6|           2|
    |icmp_ln134_44_fu_1041_p2    |      icmp|   0|  0|  13|           6|           2|
    |icmp_ln134_45_fu_1136_p2    |      icmp|   0|  0|  13|           6|           2|
    |icmp_ln134_46_fu_1148_p2    |      icmp|   0|  0|  13|           6|           2|
    |icmp_ln134_47_fu_1287_p2    |      icmp|   0|  0|  13|           6|           2|
    |icmp_ln134_48_fu_1299_p2    |      icmp|   0|  0|  13|           6|           2|
    |icmp_ln134_49_fu_1398_p2    |      icmp|   0|  0|  13|           6|           2|
    |icmp_ln134_50_fu_1410_p2    |      icmp|   0|  0|  13|           6|           2|
    |icmp_ln134_51_fu_1499_p2    |      icmp|   0|  0|  13|           6|           2|
    |icmp_ln134_52_fu_1511_p2    |      icmp|   0|  0|  13|           6|           2|
    |icmp_ln134_53_fu_1600_p2    |      icmp|   0|  0|  13|           6|           2|
    |icmp_ln134_54_fu_1612_p2    |      icmp|   0|  0|  13|           6|           2|
    |icmp_ln134_55_fu_1751_p2    |      icmp|   0|  0|  13|           6|           2|
    |icmp_ln134_56_fu_1763_p2    |      icmp|   0|  0|  13|           6|           2|
    |icmp_ln134_57_fu_1852_p2    |      icmp|   0|  0|  13|           6|           2|
    |icmp_ln134_58_fu_1864_p2    |      icmp|   0|  0|  13|           6|           2|
    |icmp_ln134_59_fu_1963_p2    |      icmp|   0|  0|  13|           6|           2|
    |icmp_ln134_60_fu_1975_p2    |      icmp|   0|  0|  13|           6|           2|
    |icmp_ln134_61_fu_2064_p2    |      icmp|   0|  0|  13|           6|           2|
    |icmp_ln134_62_fu_2076_p2    |      icmp|   0|  0|  13|           6|           2|
    |icmp_ln134_63_fu_2215_p2    |      icmp|   0|  0|  13|           6|           2|
    |icmp_ln134_64_fu_2227_p2    |      icmp|   0|  0|  13|           6|           2|
    |icmp_ln134_65_fu_2316_p2    |      icmp|   0|  0|  13|           6|           2|
    |icmp_ln134_66_fu_2328_p2    |      icmp|   0|  0|  13|           6|           2|
    |icmp_ln134_67_fu_2417_p2    |      icmp|   0|  0|  13|           6|           2|
    |icmp_ln134_68_fu_2429_p2    |      icmp|   0|  0|  13|           6|           2|
    |icmp_ln134_69_fu_2528_p2    |      icmp|   0|  0|  13|           6|           2|
    |icmp_ln134_70_fu_2540_p2    |      icmp|   0|  0|  13|           6|           2|
    |icmp_ln134_71_fu_2679_p2    |      icmp|   0|  0|  13|           6|           2|
    |icmp_ln134_72_fu_2691_p2    |      icmp|   0|  0|  13|           6|           2|
    |icmp_ln134_73_fu_2780_p2    |      icmp|   0|  0|  13|           6|           2|
    |icmp_ln134_74_fu_2792_p2    |      icmp|   0|  0|  13|           6|           2|
    |icmp_ln134_75_fu_2881_p2    |      icmp|   0|  0|  13|           6|           2|
    |icmp_ln134_76_fu_2893_p2    |      icmp|   0|  0|  13|           6|           2|
    |icmp_ln134_77_fu_2982_p2    |      icmp|   0|  0|  13|           6|           2|
    |icmp_ln134_78_fu_2994_p2    |      icmp|   0|  0|  13|           6|           2|
    |icmp_ln134_fu_815_p2        |      icmp|   0|  0|  13|           6|           2|
    |icmp_ln198_10_fu_4646_p2    |      icmp|   0|  0|  15|           8|           1|
    |icmp_ln198_11_fu_4682_p2    |      icmp|   0|  0|  15|           8|           1|
    |icmp_ln198_12_fu_4718_p2    |      icmp|   0|  0|  15|           8|           1|
    |icmp_ln198_13_fu_4754_p2    |      icmp|   0|  0|  15|           8|           1|
    |icmp_ln198_5_fu_4466_p2     |      icmp|   0|  0|  15|           8|           1|
    |icmp_ln198_6_fu_4502_p2     |      icmp|   0|  0|  15|           8|           1|
    |icmp_ln198_7_fu_4538_p2     |      icmp|   0|  0|  15|           8|           1|
    |icmp_ln198_8_fu_4574_p2     |      icmp|   0|  0|  15|           8|           1|
    |icmp_ln198_9_fu_4610_p2     |      icmp|   0|  0|  15|           8|           1|
    |icmp_ln198_fu_4430_p2       |      icmp|   0|  0|  15|           8|           1|
    |nonzero_5_fu_1255_p2        |      icmp|   0|  0|  15|           8|           1|
    |nonzero_6_fu_1719_p2        |      icmp|   0|  0|  15|           8|           1|
    |nonzero_7_fu_2183_p2        |      icmp|   0|  0|  15|           8|           1|
    |nonzero_8_fu_2647_p2        |      icmp|   0|  0|  15|           8|           1|
    |nonzero_fu_761_p2           |      icmp|   0|  0|  15|           8|           1|
    |ap_block_state1             |        or|   0|  0|   2|           1|           1|
    |or_ln134_20_fu_940_p2       |        or|   0|  0|   2|           1|           1|
    |or_ln134_21_fu_1047_p2      |        or|   0|  0|   2|           1|           1|
    |or_ln134_22_fu_1154_p2      |        or|   0|  0|   2|           1|           1|
    |or_ln134_23_fu_1305_p2      |        or|   0|  0|   2|           1|           1|
    |or_ln134_24_fu_1416_p2      |        or|   0|  0|   2|           1|           1|
    |or_ln134_25_fu_1517_p2      |        or|   0|  0|   2|           1|           1|
    |or_ln134_26_fu_1618_p2      |        or|   0|  0|   2|           1|           1|
    |or_ln134_27_fu_1769_p2      |        or|   0|  0|   2|           1|           1|
    |or_ln134_28_fu_1870_p2      |        or|   0|  0|   2|           1|           1|
    |or_ln134_29_fu_1981_p2      |        or|   0|  0|   2|           1|           1|
    |or_ln134_30_fu_2082_p2      |        or|   0|  0|   2|           1|           1|
    |or_ln134_31_fu_2233_p2      |        or|   0|  0|   2|           1|           1|
    |or_ln134_32_fu_2334_p2      |        or|   0|  0|   2|           1|           1|
    |or_ln134_33_fu_2435_p2      |        or|   0|  0|   2|           1|           1|
    |or_ln134_34_fu_2546_p2      |        or|   0|  0|   2|           1|           1|
    |or_ln134_35_fu_2697_p2      |        or|   0|  0|   2|           1|           1|
    |or_ln134_36_fu_2798_p2      |        or|   0|  0|   2|           1|           1|
    |or_ln134_37_fu_2899_p2      |        or|   0|  0|   2|           1|           1|
    |or_ln134_38_fu_3000_p2      |        or|   0|  0|   2|           1|           1|
    |or_ln134_fu_833_p2          |        or|   0|  0|   2|           1|           1|
    |w_idx_23_fu_1211_p2         |        or|   0|  0|   5|           5|           1|
    |w_idx_24_fu_1222_p2         |        or|   0|  0|   5|           5|           1|
    |w_idx_25_fu_1233_p2         |        or|   0|  0|   5|           5|           1|
    |w_idx_26_fu_1244_p2         |        or|   0|  0|   5|           5|           1|
    |w_idx_31_fu_1675_p2         |        or|   0|  0|   5|           5|           1|
    |w_idx_32_fu_1686_p2         |        or|   0|  0|   5|           5|           1|
    |w_idx_33_fu_1697_p2         |        or|   0|  0|   5|           5|           1|
    |w_idx_34_fu_1708_p2         |        or|   0|  0|   5|           5|           1|
    |w_idx_39_fu_2139_p2         |        or|   0|  0|   5|           5|           1|
    |w_idx_40_fu_2150_p2         |        or|   0|  0|   5|           5|           1|
    |w_idx_41_fu_2161_p2         |        or|   0|  0|   5|           5|           1|
    |w_idx_42_fu_2172_p2         |        or|   0|  0|   5|           5|           1|
    |w_idx_47_fu_2603_p2         |        or|   0|  0|   5|           5|           1|
    |w_idx_48_fu_2614_p2         |        or|   0|  0|   5|           5|           1|
    |w_idx_49_fu_2625_p2         |        or|   0|  0|   5|           5|           1|
    |w_idx_50_fu_2636_p2         |        or|   0|  0|   5|           5|           1|
    |w_idx_55_fu_3067_p2         |        or|   0|  0|   5|           5|           1|
    |w_idx_56_fu_3078_p2         |        or|   0|  0|   5|           5|           1|
    |w_idx_57_fu_3089_p2         |        or|   0|  0|   5|           5|           1|
    |w_idx_58_fu_3100_p2         |        or|   0|  0|   5|           5|           1|
    |acc_100_fu_4594_p3          |    select|   0|  0|   8|           1|           8|
    |acc_102_fu_3787_p3          |    select|   0|  0|   8|           1|           1|
    |acc_109_fu_4622_p3          |    select|   0|  0|   8|           1|           1|
    |acc_110_fu_4630_p3          |    select|   0|  0|   8|           1|           8|
    |acc_112_fu_3923_p3          |    select|   0|  0|   8|           1|           1|
    |acc_119_fu_4658_p3          |    select|   0|  0|   8|           1|           1|
    |acc_120_fu_4666_p3          |    select|   0|  0|   8|           1|           8|
    |acc_122_fu_4046_p3          |    select|   0|  0|   8|           1|           1|
    |acc_129_fu_4694_p3          |    select|   0|  0|   8|           1|           1|
    |acc_130_fu_4702_p3          |    select|   0|  0|   8|           1|           8|
    |acc_132_fu_4182_p3          |    select|   0|  0|   8|           1|           1|
    |acc_139_fu_4730_p3          |    select|   0|  0|   8|           1|           1|
    |acc_140_fu_4738_p3          |    select|   0|  0|   8|           1|           8|
    |acc_142_fu_4305_p3          |    select|   0|  0|   8|           1|           1|
    |acc_149_fu_4766_p3          |    select|   0|  0|   8|           1|           1|
    |acc_150_fu_4774_p3          |    select|   0|  0|   8|           1|           8|
    |acc_60_fu_4442_p3           |    select|   0|  0|   8|           1|           1|
    |acc_61_fu_4450_p3           |    select|   0|  0|   8|           1|           8|
    |acc_69_fu_4478_p3           |    select|   0|  0|   8|           1|           1|
    |acc_70_fu_4486_p3           |    select|   0|  0|   8|           1|           8|
    |acc_72_fu_3405_p3           |    select|   0|  0|   8|           1|           1|
    |acc_79_fu_4514_p3           |    select|   0|  0|   8|           1|           1|
    |acc_80_fu_4522_p3           |    select|   0|  0|   8|           1|           8|
    |acc_82_fu_3528_p3           |    select|   0|  0|   8|           1|           1|
    |acc_89_fu_4550_p3           |    select|   0|  0|   8|           1|           1|
    |acc_90_fu_4558_p3           |    select|   0|  0|   8|           1|           8|
    |acc_92_fu_3664_p3           |    select|   0|  0|   8|           1|           1|
    |acc_99_fu_4586_p3           |    select|   0|  0|   8|           1|           1|
    |select_ln134_20_fu_3167_p3  |    select|   0|  0|   8|           1|           1|
    |select_ln134_21_fu_3197_p3  |    select|   0|  0|   8|           1|           1|
    |select_ln134_22_fu_3227_p3  |    select|   0|  0|   8|           1|           1|
    |select_ln134_23_fu_3285_p3  |    select|   0|  0|   8|           1|           1|
    |select_ln134_24_fu_3312_p3  |    select|   0|  0|   8|           1|           1|
    |select_ln134_25_fu_3339_p3  |    select|   0|  0|   8|           1|           1|
    |select_ln134_26_fu_3366_p3  |    select|   0|  0|   8|           1|           1|
    |select_ln134_28_fu_3435_p3  |    select|   0|  0|   8|           1|           1|
    |select_ln134_29_fu_3462_p3  |    select|   0|  0|   8|           1|           1|
    |select_ln134_30_fu_3489_p3  |    select|   0|  0|   8|           1|           1|
    |select_ln134_32_fu_3571_p3  |    select|   0|  0|   8|           1|           1|
    |select_ln134_33_fu_3598_p3  |    select|   0|  0|   8|           1|           1|
    |select_ln134_34_fu_3625_p3  |    select|   0|  0|   8|           1|           1|
    |select_ln134_36_fu_3691_p3  |    select|   0|  0|   8|           1|           1|
    |select_ln134_37_fu_3721_p3  |    select|   0|  0|   8|           1|           1|
    |select_ln134_38_fu_3748_p3  |    select|   0|  0|   8|           1|           1|
    |select_ln134_40_fu_3814_p3  |    select|   0|  0|   8|           1|           1|
    |select_ln134_41_fu_3857_p3  |    select|   0|  0|   8|           1|           1|
    |select_ln134_42_fu_3884_p3  |    select|   0|  0|   8|           1|           1|
    |select_ln134_44_fu_3950_p3  |    select|   0|  0|   8|           1|           1|
    |select_ln134_45_fu_3977_p3  |    select|   0|  0|   8|           1|           1|
    |select_ln134_46_fu_4007_p3  |    select|   0|  0|   8|           1|           1|
    |select_ln134_48_fu_4073_p3  |    select|   0|  0|   8|           1|           1|
    |select_ln134_49_fu_4100_p3  |    select|   0|  0|   8|           1|           1|
    |select_ln134_50_fu_4143_p3  |    select|   0|  0|   8|           1|           1|
    |select_ln134_52_fu_4209_p3  |    select|   0|  0|   8|           1|           1|
    |select_ln134_53_fu_4236_p3  |    select|   0|  0|   8|           1|           1|
    |select_ln134_54_fu_4263_p3  |    select|   0|  0|   8|           1|           1|
    |select_ln134_56_fu_4332_p3  |    select|   0|  0|   8|           1|           1|
    |select_ln134_57_fu_4359_p3  |    select|   0|  0|   8|           1|           1|
    |select_ln134_58_fu_4386_p3  |    select|   0|  0|   8|           1|           1|
    |select_ln134_fu_3137_p3     |    select|   0|  0|   8|           1|           1|
    +----------------------------+----------+----+---+----+------------+------------+
    |Total                       |          |   0|  0|4037|        1581|        1216|
    +----------------------------+----------+----+---+----+------------+------------+

    * Multiplexer: 
    +--------------------------------------+----+-----------+-----+-----------+
    |                 Name                 | LUT| Input Size| Bits| Total Bits|
    +--------------------------------------+----+-----------+-----+-----------+
    |ap_NS_fsm                             |  26|          5|    1|          5|
    |ap_done                               |   9|          2|    1|          2|
    |sparse_arr_hash_reduce_out_1_c_blk_n  |   9|          2|    1|          2|
    |sparse_arr_hash_reduce_out_2_c_blk_n  |   9|          2|    1|          2|
    |sparse_arr_hash_reduce_out_3_c_blk_n  |   9|          2|    1|          2|
    |sparse_arr_hash_reduce_out_4_c_blk_n  |   9|          2|    1|          2|
    |sparse_arr_hash_reduce_out_5_c_blk_n  |   9|          2|    1|          2|
    |sparse_arr_hash_reduce_out_6_c_blk_n  |   9|          2|    1|          2|
    |sparse_arr_hash_reduce_out_7_c_blk_n  |   9|          2|    1|          2|
    |sparse_arr_hash_reduce_out_8_c_blk_n  |   9|          2|    1|          2|
    |sparse_arr_hash_reduce_out_9_c_blk_n  |   9|          2|    1|          2|
    |sparse_arr_hash_reduce_out_c_blk_n    |   9|          2|    1|          2|
    +--------------------------------------+----+-----------+-----+-----------+
    |Total                                 | 125|         27|   12|         27|
    +--------------------------------------+----+-----------+-----+-----------+

    * Register: 
    +--------------------------+---+----+-----+-----------+
    |           Name           | FF| LUT| Bits| Const Bits|
    +--------------------------+---+----+-----+-----------+
    |acc_115_reg_5180          |  2|   0|    2|          0|
    |acc_136_reg_5266          |  2|   0|    2|          0|
    |acc_73_reg_5008           |  2|   0|    2|          0|
    |acc_94_reg_5094           |  2|   0|    2|          0|
    |acc_reg_4922              |  2|   0|    2|          0|
    |add_ln194_21_reg_5301     |  8|   0|    8|          0|
    |add_ln194_25_reg_5316     |  8|   0|    8|          0|
    |add_ln194_29_reg_5331     |  8|   0|    8|          0|
    |add_ln194_33_reg_5346     |  8|   0|    8|          0|
    |add_ln194_37_reg_5361     |  8|   0|    8|          0|
    |add_ln194_41_reg_5376     |  8|   0|    8|          0|
    |add_ln194_45_reg_5391     |  8|   0|    8|          0|
    |add_ln194_49_reg_5406     |  8|   0|    8|          0|
    |add_ln194_53_reg_5421     |  8|   0|    8|          0|
    |add_ln194_57_reg_5436     |  8|   0|    8|          0|
    |ap_CS_fsm                 |  4|   0|    4|          0|
    |ap_done_reg               |  1|   0|    1|          0|
    |nonzero_5_reg_4991        |  1|   0|    1|          0|
    |nonzero_6_reg_5066        |  1|   0|    1|          0|
    |nonzero_7_reg_5141        |  1|   0|    1|          0|
    |nonzero_8_reg_5216        |  1|   0|    1|          0|
    |nonzero_reg_4916          |  1|   0|    1|          0|
    |or_ln134_20_reg_4938      |  1|   0|    1|          0|
    |or_ln134_21_reg_4949      |  1|   0|    1|          0|
    |or_ln134_22_reg_4960      |  1|   0|    1|          0|
    |or_ln134_23_reg_4997      |  1|   0|    1|          0|
    |or_ln134_24_reg_5013      |  1|   0|    1|          0|
    |or_ln134_25_reg_5024      |  1|   0|    1|          0|
    |or_ln134_26_reg_5035      |  1|   0|    1|          0|
    |or_ln134_27_reg_5072      |  1|   0|    1|          0|
    |or_ln134_28_reg_5083      |  1|   0|    1|          0|
    |or_ln134_29_reg_5099      |  1|   0|    1|          0|
    |or_ln134_30_reg_5110      |  1|   0|    1|          0|
    |or_ln134_31_reg_5147      |  1|   0|    1|          0|
    |or_ln134_32_reg_5158      |  1|   0|    1|          0|
    |or_ln134_33_reg_5169      |  1|   0|    1|          0|
    |or_ln134_34_reg_5185      |  1|   0|    1|          0|
    |or_ln134_35_reg_5222      |  1|   0|    1|          0|
    |or_ln134_36_reg_5233      |  1|   0|    1|          0|
    |or_ln134_37_reg_5244      |  1|   0|    1|          0|
    |or_ln134_38_reg_5255      |  1|   0|    1|          0|
    |or_ln134_reg_4927         |  1|   0|    1|          0|
    |select_ln134_20_reg_5291  |  8|   0|    8|          0|
    |select_ln134_21_reg_5296  |  8|   0|    8|          0|
    |select_ln134_24_reg_5306  |  8|   0|    8|          0|
    |select_ln134_25_reg_5311  |  8|   0|    8|          0|
    |select_ln134_28_reg_5321  |  8|   0|    8|          0|
    |select_ln134_29_reg_5326  |  8|   0|    8|          0|
    |select_ln134_32_reg_5336  |  8|   0|    8|          0|
    |select_ln134_33_reg_5341  |  8|   0|    8|          0|
    |select_ln134_36_reg_5351  |  8|   0|    8|          0|
    |select_ln134_37_reg_5356  |  8|   0|    8|          0|
    |select_ln134_40_reg_5366  |  8|   0|    8|          0|
    |select_ln134_41_reg_5371  |  8|   0|    8|          0|
    |select_ln134_44_reg_5381  |  8|   0|    8|          0|
    |select_ln134_45_reg_5386  |  8|   0|    8|          0|
    |select_ln134_48_reg_5396  |  8|   0|    8|          0|
    |select_ln134_49_reg_5401  |  8|   0|    8|          0|
    |select_ln134_52_reg_5411  |  8|   0|    8|          0|
    |select_ln134_53_reg_5416  |  8|   0|    8|          0|
    |select_ln134_56_reg_5426  |  8|   0|    8|          0|
    |select_ln134_57_reg_5431  |  8|   0|    8|          0|
    +--------------------------+---+----+-----+-----------+
    |Total                     |280|   0|  280|          0|
    +--------------------------+---+----+-----+-----------+



================================================================
== Interface
================================================================
* Summary: 
+-----------------------------------------------+-----+-----+------------+------------------------------------------------------------------+--------------+
|                   RTL Ports                   | Dir | Bits|  Protocol  |                           Source Object                          |    C Type    |
+-----------------------------------------------+-----+-----+------------+------------------------------------------------------------------+--------------+
|ap_clk                                         |   in|    1|  ap_ctrl_hs|  sparse_conv<ap_fixed,ap_fixed,ap_uint,ap_fixed,ap_fixed,5,1,2,3>|  return value|
|ap_rst                                         |   in|    1|  ap_ctrl_hs|  sparse_conv<ap_fixed,ap_fixed,ap_uint,ap_fixed,ap_fixed,5,1,2,3>|  return value|
|ap_start                                       |   in|    1|  ap_ctrl_hs|  sparse_conv<ap_fixed,ap_fixed,ap_uint,ap_fixed,ap_fixed,5,1,2,3>|  return value|
|ap_done                                        |  out|    1|  ap_ctrl_hs|  sparse_conv<ap_fixed,ap_fixed,ap_uint,ap_fixed,ap_fixed,5,1,2,3>|  return value|
|ap_continue                                    |   in|    1|  ap_ctrl_hs|  sparse_conv<ap_fixed,ap_fixed,ap_uint,ap_fixed,ap_fixed,5,1,2,3>|  return value|
|ap_idle                                        |  out|    1|  ap_ctrl_hs|  sparse_conv<ap_fixed,ap_fixed,ap_uint,ap_fixed,ap_fixed,5,1,2,3>|  return value|
|ap_ready                                       |  out|    1|  ap_ctrl_hs|  sparse_conv<ap_fixed,ap_fixed,ap_uint,ap_fixed,ap_fixed,5,1,2,3>|  return value|
|ap_return_0                                    |  out|    8|  ap_ctrl_hs|  sparse_conv<ap_fixed,ap_fixed,ap_uint,ap_fixed,ap_fixed,5,1,2,3>|  return value|
|ap_return_1                                    |  out|    8|  ap_ctrl_hs|  sparse_conv<ap_fixed,ap_fixed,ap_uint,ap_fixed,ap_fixed,5,1,2,3>|  return value|
|ap_return_2                                    |  out|    8|  ap_ctrl_hs|  sparse_conv<ap_fixed,ap_fixed,ap_uint,ap_fixed,ap_fixed,5,1,2,3>|  return value|
|ap_return_3                                    |  out|    8|  ap_ctrl_hs|  sparse_conv<ap_fixed,ap_fixed,ap_uint,ap_fixed,ap_fixed,5,1,2,3>|  return value|
|ap_return_4                                    |  out|    8|  ap_ctrl_hs|  sparse_conv<ap_fixed,ap_fixed,ap_uint,ap_fixed,ap_fixed,5,1,2,3>|  return value|
|ap_return_5                                    |  out|    8|  ap_ctrl_hs|  sparse_conv<ap_fixed,ap_fixed,ap_uint,ap_fixed,ap_fixed,5,1,2,3>|  return value|
|ap_return_6                                    |  out|    8|  ap_ctrl_hs|  sparse_conv<ap_fixed,ap_fixed,ap_uint,ap_fixed,ap_fixed,5,1,2,3>|  return value|
|ap_return_7                                    |  out|    8|  ap_ctrl_hs|  sparse_conv<ap_fixed,ap_fixed,ap_uint,ap_fixed,ap_fixed,5,1,2,3>|  return value|
|ap_return_8                                    |  out|    8|  ap_ctrl_hs|  sparse_conv<ap_fixed,ap_fixed,ap_uint,ap_fixed,ap_fixed,5,1,2,3>|  return value|
|ap_return_9                                    |  out|    8|  ap_ctrl_hs|  sparse_conv<ap_fixed,ap_fixed,ap_uint,ap_fixed,ap_fixed,5,1,2,3>|  return value|
|p_read                                         |   in|    8|     ap_none|                                                            p_read|        scalar|
|p_read1                                        |   in|    8|     ap_none|                                                           p_read1|        scalar|
|p_read2                                        |   in|    8|     ap_none|                                                           p_read2|        scalar|
|p_read3                                        |   in|    8|     ap_none|                                                           p_read3|        scalar|
|p_read4                                        |   in|    8|     ap_none|                                                           p_read4|        scalar|
|p_read33                                       |   in|    4|     ap_none|                                                          p_read33|        scalar|
|p_read34                                       |   in|    4|     ap_none|                                                          p_read34|        scalar|
|p_read35                                       |   in|    4|     ap_none|                                                          p_read35|        scalar|
|p_read36                                       |   in|    4|     ap_none|                                                          p_read36|        scalar|
|p_read37                                       |   in|    4|     ap_none|                                                          p_read37|        scalar|
|p_read38                                       |   in|    4|     ap_none|                                                          p_read38|        scalar|
|p_read39                                       |   in|    4|     ap_none|                                                          p_read39|        scalar|
|p_read40                                       |   in|    4|     ap_none|                                                          p_read40|        scalar|
|p_read41                                       |   in|    4|     ap_none|                                                          p_read41|        scalar|
|p_read42                                       |   in|    4|     ap_none|                                                          p_read42|        scalar|
|sparse_arr_hash_reduce_out_c_din               |  out|    4|     ap_fifo|                                      sparse_arr_hash_reduce_out_c|       pointer|
|sparse_arr_hash_reduce_out_c_num_data_valid    |   in|    2|     ap_fifo|                                      sparse_arr_hash_reduce_out_c|       pointer|
|sparse_arr_hash_reduce_out_c_fifo_cap          |   in|    2|     ap_fifo|                                      sparse_arr_hash_reduce_out_c|       pointer|
|sparse_arr_hash_reduce_out_c_full_n            |   in|    1|     ap_fifo|                                      sparse_arr_hash_reduce_out_c|       pointer|
|sparse_arr_hash_reduce_out_c_write             |  out|    1|     ap_fifo|                                      sparse_arr_hash_reduce_out_c|       pointer|
|sparse_arr_hash_reduce_out_1_c_din             |  out|    4|     ap_fifo|                                    sparse_arr_hash_reduce_out_1_c|       pointer|
|sparse_arr_hash_reduce_out_1_c_num_data_valid  |   in|    2|     ap_fifo|                                    sparse_arr_hash_reduce_out_1_c|       pointer|
|sparse_arr_hash_reduce_out_1_c_fifo_cap        |   in|    2|     ap_fifo|                                    sparse_arr_hash_reduce_out_1_c|       pointer|
|sparse_arr_hash_reduce_out_1_c_full_n          |   in|    1|     ap_fifo|                                    sparse_arr_hash_reduce_out_1_c|       pointer|
|sparse_arr_hash_reduce_out_1_c_write           |  out|    1|     ap_fifo|                                    sparse_arr_hash_reduce_out_1_c|       pointer|
|sparse_arr_hash_reduce_out_2_c_din             |  out|    4|     ap_fifo|                                    sparse_arr_hash_reduce_out_2_c|       pointer|
|sparse_arr_hash_reduce_out_2_c_num_data_valid  |   in|    2|     ap_fifo|                                    sparse_arr_hash_reduce_out_2_c|       pointer|
|sparse_arr_hash_reduce_out_2_c_fifo_cap        |   in|    2|     ap_fifo|                                    sparse_arr_hash_reduce_out_2_c|       pointer|
|sparse_arr_hash_reduce_out_2_c_full_n          |   in|    1|     ap_fifo|                                    sparse_arr_hash_reduce_out_2_c|       pointer|
|sparse_arr_hash_reduce_out_2_c_write           |  out|    1|     ap_fifo|                                    sparse_arr_hash_reduce_out_2_c|       pointer|
|sparse_arr_hash_reduce_out_3_c_din             |  out|    4|     ap_fifo|                                    sparse_arr_hash_reduce_out_3_c|       pointer|
|sparse_arr_hash_reduce_out_3_c_num_data_valid  |   in|    2|     ap_fifo|                                    sparse_arr_hash_reduce_out_3_c|       pointer|
|sparse_arr_hash_reduce_out_3_c_fifo_cap        |   in|    2|     ap_fifo|                                    sparse_arr_hash_reduce_out_3_c|       pointer|
|sparse_arr_hash_reduce_out_3_c_full_n          |   in|    1|     ap_fifo|                                    sparse_arr_hash_reduce_out_3_c|       pointer|
|sparse_arr_hash_reduce_out_3_c_write           |  out|    1|     ap_fifo|                                    sparse_arr_hash_reduce_out_3_c|       pointer|
|sparse_arr_hash_reduce_out_4_c_din             |  out|    4|     ap_fifo|                                    sparse_arr_hash_reduce_out_4_c|       pointer|
|sparse_arr_hash_reduce_out_4_c_num_data_valid  |   in|    2|     ap_fifo|                                    sparse_arr_hash_reduce_out_4_c|       pointer|
|sparse_arr_hash_reduce_out_4_c_fifo_cap        |   in|    2|     ap_fifo|                                    sparse_arr_hash_reduce_out_4_c|       pointer|
|sparse_arr_hash_reduce_out_4_c_full_n          |   in|    1|     ap_fifo|                                    sparse_arr_hash_reduce_out_4_c|       pointer|
|sparse_arr_hash_reduce_out_4_c_write           |  out|    1|     ap_fifo|                                    sparse_arr_hash_reduce_out_4_c|       pointer|
|sparse_arr_hash_reduce_out_5_c_din             |  out|    4|     ap_fifo|                                    sparse_arr_hash_reduce_out_5_c|       pointer|
|sparse_arr_hash_reduce_out_5_c_num_data_valid  |   in|    2|     ap_fifo|                                    sparse_arr_hash_reduce_out_5_c|       pointer|
|sparse_arr_hash_reduce_out_5_c_fifo_cap        |   in|    2|     ap_fifo|                                    sparse_arr_hash_reduce_out_5_c|       pointer|
|sparse_arr_hash_reduce_out_5_c_full_n          |   in|    1|     ap_fifo|                                    sparse_arr_hash_reduce_out_5_c|       pointer|
|sparse_arr_hash_reduce_out_5_c_write           |  out|    1|     ap_fifo|                                    sparse_arr_hash_reduce_out_5_c|       pointer|
|sparse_arr_hash_reduce_out_6_c_din             |  out|    4|     ap_fifo|                                    sparse_arr_hash_reduce_out_6_c|       pointer|
|sparse_arr_hash_reduce_out_6_c_num_data_valid  |   in|    2|     ap_fifo|                                    sparse_arr_hash_reduce_out_6_c|       pointer|
|sparse_arr_hash_reduce_out_6_c_fifo_cap        |   in|    2|     ap_fifo|                                    sparse_arr_hash_reduce_out_6_c|       pointer|
|sparse_arr_hash_reduce_out_6_c_full_n          |   in|    1|     ap_fifo|                                    sparse_arr_hash_reduce_out_6_c|       pointer|
|sparse_arr_hash_reduce_out_6_c_write           |  out|    1|     ap_fifo|                                    sparse_arr_hash_reduce_out_6_c|       pointer|
|sparse_arr_hash_reduce_out_7_c_din             |  out|    4|     ap_fifo|                                    sparse_arr_hash_reduce_out_7_c|       pointer|
|sparse_arr_hash_reduce_out_7_c_num_data_valid  |   in|    2|     ap_fifo|                                    sparse_arr_hash_reduce_out_7_c|       pointer|
|sparse_arr_hash_reduce_out_7_c_fifo_cap        |   in|    2|     ap_fifo|                                    sparse_arr_hash_reduce_out_7_c|       pointer|
|sparse_arr_hash_reduce_out_7_c_full_n          |   in|    1|     ap_fifo|                                    sparse_arr_hash_reduce_out_7_c|       pointer|
|sparse_arr_hash_reduce_out_7_c_write           |  out|    1|     ap_fifo|                                    sparse_arr_hash_reduce_out_7_c|       pointer|
|sparse_arr_hash_reduce_out_8_c_din             |  out|    4|     ap_fifo|                                    sparse_arr_hash_reduce_out_8_c|       pointer|
|sparse_arr_hash_reduce_out_8_c_num_data_valid  |   in|    2|     ap_fifo|                                    sparse_arr_hash_reduce_out_8_c|       pointer|
|sparse_arr_hash_reduce_out_8_c_fifo_cap        |   in|    2|     ap_fifo|                                    sparse_arr_hash_reduce_out_8_c|       pointer|
|sparse_arr_hash_reduce_out_8_c_full_n          |   in|    1|     ap_fifo|                                    sparse_arr_hash_reduce_out_8_c|       pointer|
|sparse_arr_hash_reduce_out_8_c_write           |  out|    1|     ap_fifo|                                    sparse_arr_hash_reduce_out_8_c|       pointer|
|sparse_arr_hash_reduce_out_9_c_din             |  out|    4|     ap_fifo|                                    sparse_arr_hash_reduce_out_9_c|       pointer|
|sparse_arr_hash_reduce_out_9_c_num_data_valid  |   in|    2|     ap_fifo|                                    sparse_arr_hash_reduce_out_9_c|       pointer|
|sparse_arr_hash_reduce_out_9_c_fifo_cap        |   in|    2|     ap_fifo|                                    sparse_arr_hash_reduce_out_9_c|       pointer|
|sparse_arr_hash_reduce_out_9_c_full_n          |   in|    1|     ap_fifo|                                    sparse_arr_hash_reduce_out_9_c|       pointer|
|sparse_arr_hash_reduce_out_9_c_write           |  out|    1|     ap_fifo|                                    sparse_arr_hash_reduce_out_9_c|       pointer|
+-----------------------------------------------+-----+-----+------------+------------------------------------------------------------------+--------------+

