Copyright 1986-2022 Xilinx, Inc. All Rights Reserved. Copyright 2022-2023 Advanced Micro Devices, Inc. All Rights Reserved.
---------------------------------------------------------------------------------------------------------------------------------------------
| Tool Version : Vivado v.2023.1 (lin64) Build 3865809 Sun May  7 15:04:56 MDT 2023
| Date         : Mon Jul 21 04:28:31 2025
| Host         : coder-hftsoi-hls3 running 64-bit Ubuntu 20.04.6 LTS
| Command      : report_utilization -file vivado_synth.rpt -hierarchical -hierarchical_depth 1
| Design       : hls_dummy
| Device       : xcu250-figd2104-2L-e
| Speed File   : -2L
| Design State : Optimized
---------------------------------------------------------------------------------------------------------------------------------------------

Utilization Design Information

Table of Contents
-----------------
1. Utilization by Hierarchy

1. Utilization by Hierarchy
---------------------------

+-----------------------------------------------------------------------+------------------------------------------------------------------------------+------------+------------+---------+------+------+--------+--------+------+------------+
|                                Instance                               |                                    Module                                    | Total LUTs | Logic LUTs | LUTRAMs | SRLs |  FFs | RAMB36 | RAMB18 | URAM | DSP Blocks |
+-----------------------------------------------------------------------+------------------------------------------------------------------------------+------------+------------+---------+------+------+--------+--------+------+------------+
| hls_dummy                                                             |                                                                        (top) |      43997 |      43997 |       0 |    0 | 9849 |      0 |      0 |    0 |        280 |
|   (hls_dummy)                                                         |                                                                        (top) |          0 |          0 |       0 |    0 |   80 |      0 |      0 |    0 |          0 |
|   Block_entry28_proc_U0                                               |                                                 hls_dummy_Block_entry28_proc |        256 |        256 |       0 |    0 |  240 |      0 |      0 |    0 |          0 |
|   sparse_arr_feat_conv1_out_10_U                                      |                                                       hls_dummy_fifo_w8_d2_S |        831 |        831 |       0 |    0 |   20 |      0 |      0 |    0 |          0 |
|   sparse_arr_feat_conv1_out_11_U                                      |                                                     hls_dummy_fifo_w8_d2_S_0 |         92 |         92 |       0 |    0 |   20 |      0 |      0 |    0 |          0 |
|   sparse_arr_feat_conv1_out_12_U                                      |                                                     hls_dummy_fifo_w8_d2_S_1 |        723 |        723 |       0 |    0 |   20 |      0 |      0 |    0 |          0 |
|   sparse_arr_feat_conv1_out_13_U                                      |                                                     hls_dummy_fifo_w8_d2_S_2 |         93 |         93 |       0 |    0 |   20 |      0 |      0 |    0 |          0 |
|   sparse_arr_feat_conv1_out_14_U                                      |                                                     hls_dummy_fifo_w8_d2_S_3 |        675 |        675 |       0 |    0 |   20 |      0 |      0 |    0 |          0 |
|   sparse_arr_feat_conv1_out_15_U                                      |                                                     hls_dummy_fifo_w8_d2_S_4 |        106 |        106 |       0 |    0 |   20 |      0 |      0 |    0 |          0 |
|   sparse_arr_feat_conv1_out_16_U                                      |                                                     hls_dummy_fifo_w8_d2_S_5 |        630 |        630 |       0 |    0 |   20 |      0 |      0 |    0 |          0 |
|   sparse_arr_feat_conv1_out_17_U                                      |                                                     hls_dummy_fifo_w8_d2_S_6 |        107 |        107 |       0 |    0 |   20 |      0 |      0 |    0 |          0 |
|   sparse_arr_feat_conv1_out_18_U                                      |                                                     hls_dummy_fifo_w8_d2_S_7 |        585 |        585 |       0 |    0 |   20 |      0 |      0 |    0 |          0 |
|   sparse_arr_feat_conv1_out_19_U                                      |                                                     hls_dummy_fifo_w8_d2_S_8 |        105 |        105 |       0 |    0 |   20 |      0 |      0 |    0 |          0 |
|   sparse_arr_feat_conv1_out_1_U                                       |                                                     hls_dummy_fifo_w8_d2_S_9 |         77 |         77 |       0 |    0 |   20 |      0 |      0 |    0 |          0 |
|   sparse_arr_feat_conv1_out_2_U                                       |                                                    hls_dummy_fifo_w8_d2_S_10 |        947 |        947 |       0 |    0 |   20 |      0 |      0 |    0 |          0 |
|   sparse_arr_feat_conv1_out_3_U                                       |                                                    hls_dummy_fifo_w8_d2_S_11 |         79 |         79 |       0 |    0 |   20 |      0 |      0 |    0 |          0 |
|   sparse_arr_feat_conv1_out_4_U                                       |                                                    hls_dummy_fifo_w8_d2_S_12 |        901 |        901 |       0 |    0 |   20 |      0 |      0 |    0 |          0 |
|   sparse_arr_feat_conv1_out_5_U                                       |                                                    hls_dummy_fifo_w8_d2_S_13 |         82 |         82 |       0 |    0 |   20 |      0 |      0 |    0 |          0 |
|   sparse_arr_feat_conv1_out_6_U                                       |                                                    hls_dummy_fifo_w8_d2_S_14 |        855 |        855 |       0 |    0 |   20 |      0 |      0 |    0 |          0 |
|   sparse_arr_feat_conv1_out_7_U                                       |                                                    hls_dummy_fifo_w8_d2_S_15 |         84 |         84 |       0 |    0 |   20 |      0 |      0 |    0 |          0 |
|   sparse_arr_feat_conv1_out_8_U                                       |                                                    hls_dummy_fifo_w8_d2_S_16 |        875 |        875 |       0 |    0 |   20 |      0 |      0 |    0 |          0 |
|   sparse_arr_feat_conv1_out_9_U                                       |                                                    hls_dummy_fifo_w8_d2_S_17 |         95 |         95 |       0 |    0 |   20 |      0 |      0 |    0 |          0 |
|   sparse_arr_feat_conv1_out_U                                         |                                                    hls_dummy_fifo_w8_d2_S_18 |       1055 |       1055 |       0 |    0 |   20 |      0 |      0 |    0 |          0 |
|   sparse_arr_feat_conv2_out_10_U                                      |                                                    hls_dummy_fifo_w8_d2_S_19 |         23 |         23 |       0 |    0 |   20 |      0 |      0 |    0 |          0 |
|   sparse_arr_feat_conv2_out_11_U                                      |                                                    hls_dummy_fifo_w8_d2_S_20 |         20 |         20 |       0 |    0 |   20 |      0 |      0 |    0 |          0 |
|   sparse_arr_feat_conv2_out_12_U                                      |                                                    hls_dummy_fifo_w8_d2_S_21 |         21 |         21 |       0 |    0 |   20 |      0 |      0 |    0 |          0 |
|   sparse_arr_feat_conv2_out_13_U                                      |                                                    hls_dummy_fifo_w8_d2_S_22 |         20 |         20 |       0 |    0 |   20 |      0 |      0 |    0 |          0 |
|   sparse_arr_feat_conv2_out_14_U                                      |                                                    hls_dummy_fifo_w8_d2_S_23 |          8 |          8 |       0 |    0 |   20 |      0 |      0 |    0 |          0 |
|   sparse_arr_feat_conv2_out_15_U                                      |                                                    hls_dummy_fifo_w8_d2_S_24 |          7 |          7 |       0 |    0 |   20 |      0 |      0 |    0 |          0 |
|   sparse_arr_feat_conv2_out_16_U                                      |                                                    hls_dummy_fifo_w8_d2_S_25 |         10 |         10 |       0 |    0 |   20 |      0 |      0 |    0 |          0 |
|   sparse_arr_feat_conv2_out_17_U                                      |                                                    hls_dummy_fifo_w8_d2_S_26 |          7 |          7 |       0 |    0 |   20 |      0 |      0 |    0 |          0 |
|   sparse_arr_feat_conv2_out_18_U                                      |                                                    hls_dummy_fifo_w8_d2_S_27 |          7 |          7 |       0 |    0 |   20 |      0 |      0 |    0 |          0 |
|   sparse_arr_feat_conv2_out_19_U                                      |                                                    hls_dummy_fifo_w8_d2_S_28 |          7 |          7 |       0 |    0 |   20 |      0 |      0 |    0 |          0 |
|   sparse_arr_feat_conv2_out_1_U                                       |                                                    hls_dummy_fifo_w8_d2_S_29 |         20 |         20 |       0 |    0 |   20 |      0 |      0 |    0 |          0 |
|   sparse_arr_feat_conv2_out_20_U                                      |                                                    hls_dummy_fifo_w8_d2_S_30 |          7 |          7 |       0 |    0 |   20 |      0 |      0 |    0 |          0 |
|   sparse_arr_feat_conv2_out_21_U                                      |                                                    hls_dummy_fifo_w8_d2_S_31 |          8 |          8 |       0 |    0 |   20 |      0 |      0 |    0 |          0 |
|   sparse_arr_feat_conv2_out_22_U                                      |                                                    hls_dummy_fifo_w8_d2_S_32 |          7 |          7 |       0 |    0 |   20 |      0 |      0 |    0 |          0 |
|   sparse_arr_feat_conv2_out_23_U                                      |                                                    hls_dummy_fifo_w8_d2_S_33 |          8 |          8 |       0 |    0 |   20 |      0 |      0 |    0 |          0 |
|   sparse_arr_feat_conv2_out_24_U                                      |                                                    hls_dummy_fifo_w8_d2_S_34 |          8 |          8 |       0 |    0 |   20 |      0 |      0 |    0 |          0 |
|   sparse_arr_feat_conv2_out_25_U                                      |                                                    hls_dummy_fifo_w8_d2_S_35 |          8 |          8 |       0 |    0 |   20 |      0 |      0 |    0 |          0 |
|   sparse_arr_feat_conv2_out_26_U                                      |                                                    hls_dummy_fifo_w8_d2_S_36 |          8 |          8 |       0 |    0 |   20 |      0 |      0 |    0 |          0 |
|   sparse_arr_feat_conv2_out_27_U                                      |                                                    hls_dummy_fifo_w8_d2_S_37 |          7 |          7 |       0 |    0 |   20 |      0 |      0 |    0 |          0 |
|   sparse_arr_feat_conv2_out_28_U                                      |                                                    hls_dummy_fifo_w8_d2_S_38 |          7 |          7 |       0 |    0 |   20 |      0 |      0 |    0 |          0 |
|   sparse_arr_feat_conv2_out_29_U                                      |                                                    hls_dummy_fifo_w8_d2_S_39 |          9 |          9 |       0 |    0 |   20 |      0 |      0 |    0 |          0 |
|   sparse_arr_feat_conv2_out_2_U                                       |                                                    hls_dummy_fifo_w8_d2_S_40 |         22 |         22 |       0 |    0 |   20 |      0 |      0 |    0 |          0 |
|   sparse_arr_feat_conv2_out_3_U                                       |                                                    hls_dummy_fifo_w8_d2_S_41 |         20 |         20 |       0 |    0 |   20 |      0 |      0 |    0 |          0 |
|   sparse_arr_feat_conv2_out_4_U                                       |                                                    hls_dummy_fifo_w8_d2_S_42 |         20 |         20 |       0 |    0 |   20 |      0 |      0 |    0 |          0 |
|   sparse_arr_feat_conv2_out_5_U                                       |                                                    hls_dummy_fifo_w8_d2_S_43 |         26 |         26 |       0 |    0 |   20 |      0 |      0 |    0 |          0 |
|   sparse_arr_feat_conv2_out_6_U                                       |                                                    hls_dummy_fifo_w8_d2_S_44 |         22 |         22 |       0 |    0 |   20 |      0 |      0 |    0 |          0 |
|   sparse_arr_feat_conv2_out_7_U                                       |                                                    hls_dummy_fifo_w8_d2_S_45 |         21 |         21 |       0 |    0 |   20 |      0 |      0 |    0 |          0 |
|   sparse_arr_feat_conv2_out_8_U                                       |                                                    hls_dummy_fifo_w8_d2_S_46 |         20 |         20 |       0 |    0 |   20 |      0 |      0 |    0 |          0 |
|   sparse_arr_feat_conv2_out_9_U                                       |                                                    hls_dummy_fifo_w8_d2_S_47 |         20 |         20 |       0 |    0 |   20 |      0 |      0 |    0 |          0 |
|   sparse_arr_feat_conv2_out_U                                         |                                                    hls_dummy_fifo_w8_d2_S_48 |         22 |         22 |       0 |    0 |   20 |      0 |      0 |    0 |          0 |
|   sparse_arr_feat_reduce_out_1_U                                      |                                                    hls_dummy_fifo_w8_d2_S_49 |        707 |        707 |       0 |    0 |   18 |      0 |      0 |    0 |          0 |
|   sparse_arr_feat_reduce_out_2_U                                      |                                                    hls_dummy_fifo_w8_d2_S_50 |        666 |        666 |       0 |    0 |   18 |      0 |      0 |    0 |          0 |
|   sparse_arr_feat_reduce_out_3_U                                      |                                                    hls_dummy_fifo_w8_d2_S_51 |        621 |        621 |       0 |    0 |   18 |      0 |      0 |    0 |          0 |
|   sparse_arr_feat_reduce_out_4_U                                      |                                                    hls_dummy_fifo_w8_d2_S_52 |        574 |        574 |       0 |    0 |   18 |      0 |      0 |    0 |          0 |
|   sparse_arr_feat_reduce_out_5_U                                      |                                                    hls_dummy_fifo_w8_d2_S_53 |        536 |        536 |       0 |    0 |   18 |      0 |      0 |    0 |          0 |
|   sparse_arr_feat_reduce_out_6_U                                      |                                                    hls_dummy_fifo_w8_d2_S_54 |        489 |        489 |       0 |    0 |   18 |      0 |      0 |    0 |          0 |
|   sparse_arr_feat_reduce_out_7_U                                      |                                                    hls_dummy_fifo_w8_d2_S_55 |        449 |        449 |       0 |    0 |   18 |      0 |      0 |    0 |          0 |
|   sparse_arr_feat_reduce_out_8_U                                      |                                                    hls_dummy_fifo_w8_d2_S_56 |        405 |        405 |       0 |    0 |   18 |      0 |      0 |    0 |          0 |
|   sparse_arr_feat_reduce_out_9_U                                      |                                                    hls_dummy_fifo_w8_d2_S_57 |        364 |        364 |       0 |    0 |   18 |      0 |      0 |    0 |          0 |
|   sparse_arr_feat_reduce_out_U                                        |                                                    hls_dummy_fifo_w8_d2_S_58 |        742 |        742 |       0 |    0 |   18 |      0 |      0 |    0 |          0 |
|   sparse_arr_hash_reduce_out_10_c22_channel_U                         |                                                       hls_dummy_fifo_w4_d2_S |         74 |         74 |       0 |    0 |   12 |      0 |      0 |    0 |          0 |
|   sparse_arr_hash_reduce_out_10_c_U                                   |                                                    hls_dummy_fifo_w4_d2_S_59 |         54 |         54 |       0 |    0 |   12 |      0 |      0 |    0 |          0 |
|   sparse_arr_hash_reduce_out_11_c23_channel_U                         |                                                    hls_dummy_fifo_w4_d2_S_60 |         59 |         59 |       0 |    0 |   12 |      0 |      0 |    0 |          0 |
|   sparse_arr_hash_reduce_out_11_c_U                                   |                                                    hls_dummy_fifo_w4_d2_S_61 |         54 |         54 |       0 |    0 |   12 |      0 |      0 |    0 |          0 |
|   sparse_arr_hash_reduce_out_12_c24_channel_U                         |                                                    hls_dummy_fifo_w4_d2_S_62 |         68 |         68 |       0 |    0 |   12 |      0 |      0 |    0 |          0 |
|   sparse_arr_hash_reduce_out_12_c_U                                   |                                                    hls_dummy_fifo_w4_d2_S_63 |         65 |         65 |       0 |    0 |   12 |      0 |      0 |    0 |          0 |
|   sparse_arr_hash_reduce_out_13_c25_channel_U                         |                                                    hls_dummy_fifo_w4_d2_S_64 |         62 |         62 |       0 |    0 |   12 |      0 |      0 |    0 |          0 |
|   sparse_arr_hash_reduce_out_13_c_U                                   |                                                    hls_dummy_fifo_w4_d2_S_65 |         68 |         68 |       0 |    0 |   12 |      0 |      0 |    0 |          0 |
|   sparse_arr_hash_reduce_out_14_c26_channel_U                         |                                                    hls_dummy_fifo_w4_d2_S_66 |         94 |         94 |       0 |    0 |   12 |      0 |      0 |    0 |          0 |
|   sparse_arr_hash_reduce_out_14_c_U                                   |                                                    hls_dummy_fifo_w4_d2_S_67 |         71 |         71 |       0 |    0 |   12 |      0 |      0 |    0 |          0 |
|   sparse_arr_hash_reduce_out_15_c27_channel_U                         |                                                    hls_dummy_fifo_w4_d2_S_68 |         51 |         51 |       0 |    0 |   12 |      0 |      0 |    0 |          0 |
|   sparse_arr_hash_reduce_out_15_c_U                                   |                                                    hls_dummy_fifo_w4_d2_S_69 |         77 |         77 |       0 |    0 |   12 |      0 |      0 |    0 |          0 |
|   sparse_arr_hash_reduce_out_16_c28_channel_U                         |                                                    hls_dummy_fifo_w4_d2_S_70 |         89 |         89 |       0 |    0 |   12 |      0 |      0 |    0 |          0 |
|   sparse_arr_hash_reduce_out_16_c_U                                   |                                                    hls_dummy_fifo_w4_d2_S_71 |         74 |         74 |       0 |    0 |   12 |      0 |      0 |    0 |          0 |
|   sparse_arr_hash_reduce_out_17_c29_channel_U                         |                                                    hls_dummy_fifo_w4_d2_S_72 |         53 |         53 |       0 |    0 |   12 |      0 |      0 |    0 |          0 |
|   sparse_arr_hash_reduce_out_17_c_U                                   |                                                    hls_dummy_fifo_w4_d2_S_73 |         74 |         74 |       0 |    0 |   12 |      0 |      0 |    0 |          0 |
|   sparse_arr_hash_reduce_out_18_c30_channel_U                         |                                                    hls_dummy_fifo_w4_d2_S_74 |         47 |         47 |       0 |    0 |   12 |      0 |      0 |    0 |          0 |
|   sparse_arr_hash_reduce_out_18_c_U                                   |                                                    hls_dummy_fifo_w4_d2_S_75 |         84 |         84 |       0 |    0 |   12 |      0 |      0 |    0 |          0 |
|   sparse_arr_hash_reduce_out_19_c31_channel_U                         |                                                    hls_dummy_fifo_w4_d2_S_76 |         58 |         58 |       0 |    0 |   12 |      0 |      0 |    0 |          0 |
|   sparse_arr_hash_reduce_out_19_c_U                                   |                                                    hls_dummy_fifo_w4_d2_S_77 |         79 |         79 |       0 |    0 |   12 |      0 |      0 |    0 |          0 |
|   sparse_arr_hash_reduce_out_1_c13_channel_U                          |                                                    hls_dummy_fifo_w4_d2_S_78 |         74 |         74 |       0 |    0 |   12 |      0 |      0 |    0 |          0 |
|   sparse_arr_hash_reduce_out_1_c_U                                    |                                                    hls_dummy_fifo_w4_d2_S_79 |         29 |         29 |       0 |    0 |   12 |      0 |      0 |    0 |          0 |
|   sparse_arr_hash_reduce_out_2_c14_channel_U                          |                                                    hls_dummy_fifo_w4_d2_S_80 |        103 |        103 |       0 |    0 |   12 |      0 |      0 |    0 |          0 |
|   sparse_arr_hash_reduce_out_2_c_U                                    |                                                    hls_dummy_fifo_w4_d2_S_81 |         46 |         46 |       0 |    0 |   12 |      0 |      0 |    0 |          0 |
|   sparse_arr_hash_reduce_out_3_c15_channel_U                          |                                                    hls_dummy_fifo_w4_d2_S_82 |         72 |         72 |       0 |    0 |   12 |      0 |      0 |    0 |          0 |
|   sparse_arr_hash_reduce_out_3_c_U                                    |                                                    hls_dummy_fifo_w4_d2_S_83 |         39 |         39 |       0 |    0 |   12 |      0 |      0 |    0 |          0 |
|   sparse_arr_hash_reduce_out_4_c16_channel_U                          |                                                    hls_dummy_fifo_w4_d2_S_84 |        104 |        104 |       0 |    0 |   12 |      0 |      0 |    0 |          0 |
|   sparse_arr_hash_reduce_out_4_c_U                                    |                                                    hls_dummy_fifo_w4_d2_S_85 |         48 |         48 |       0 |    0 |   12 |      0 |      0 |    0 |          0 |
|   sparse_arr_hash_reduce_out_5_c17_channel_U                          |                                                    hls_dummy_fifo_w4_d2_S_86 |         63 |         63 |       0 |    0 |   12 |      0 |      0 |    0 |          0 |
|   sparse_arr_hash_reduce_out_5_c_U                                    |                                                    hls_dummy_fifo_w4_d2_S_87 |         53 |         53 |       0 |    0 |   12 |      0 |      0 |    0 |          0 |
|   sparse_arr_hash_reduce_out_6_c18_channel_U                          |                                                    hls_dummy_fifo_w4_d2_S_88 |         77 |         77 |       0 |    0 |   12 |      0 |      0 |    0 |          0 |
|   sparse_arr_hash_reduce_out_6_c_U                                    |                                                    hls_dummy_fifo_w4_d2_S_89 |         42 |         42 |       0 |    0 |   12 |      0 |      0 |    0 |          0 |
|   sparse_arr_hash_reduce_out_7_c19_channel_U                          |                                                    hls_dummy_fifo_w4_d2_S_90 |         77 |         77 |       0 |    0 |   12 |      0 |      0 |    0 |          0 |
|   sparse_arr_hash_reduce_out_7_c_U                                    |                                                    hls_dummy_fifo_w4_d2_S_91 |         52 |         52 |       0 |    0 |   12 |      0 |      0 |    0 |          0 |
|   sparse_arr_hash_reduce_out_8_c20_channel_U                          |                                                    hls_dummy_fifo_w4_d2_S_92 |         83 |         83 |       0 |    0 |   12 |      0 |      0 |    0 |          0 |
|   sparse_arr_hash_reduce_out_8_c_U                                    |                                                    hls_dummy_fifo_w4_d2_S_93 |         49 |         49 |       0 |    0 |   12 |      0 |      0 |    0 |          0 |
|   sparse_arr_hash_reduce_out_9_c21_channel_U                          |                                                    hls_dummy_fifo_w4_d2_S_94 |         59 |         59 |       0 |    0 |   12 |      0 |      0 |    0 |          0 |
|   sparse_arr_hash_reduce_out_9_c_U                                    |                                                    hls_dummy_fifo_w4_d2_S_95 |         63 |         63 |       0 |    0 |   12 |      0 |      0 |    0 |          0 |
|   sparse_arr_hash_reduce_out_c12_channel_U                            |                                                    hls_dummy_fifo_w4_d2_S_96 |        113 |        113 |       0 |    0 |   12 |      0 |      0 |    0 |          0 |
|   sparse_arr_hash_reduce_out_c_U                                      |                                                    hls_dummy_fifo_w4_d2_S_97 |         29 |         29 |       0 |    0 |   12 |      0 |      0 |    0 |          0 |
|   sparse_conv_ap_fixed_ap_fixed_ap_uint_ap_fixed_ap_fixed_10_1_2_3_U0 | hls_dummy_sparse_conv_ap_fixed_ap_fixed_ap_uint_ap_fixed_ap_fixed_10_1_2_3_s |       8834 |       8834 |       0 |    0 | 2310 |      0 |      0 |    0 |          0 |
|   sparse_conv_ap_fixed_ap_fixed_ap_uint_ap_fixed_ap_fixed_10_2_3_3_U0 | hls_dummy_sparse_conv_ap_fixed_ap_fixed_ap_uint_ap_fixed_ap_fixed_10_2_3_3_s |      17654 |      17654 |       0 |    0 | 4301 |      0 |      0 |    0 |        280 |
|   sparse_input_reduce_ap_fixed_8_2_5_3_0_ap_uint_10_10_10_1_10_4_U0   |     hls_dummy_sparse_input_reduce_ap_fixed_8_2_5_3_0_ap_uint_10_10_10_1_10_4 |       2263 |       2263 |       0 |    0 | 1258 |      0 |      0 |    0 |          0 |
+-----------------------------------------------------------------------+------------------------------------------------------------------------------+------------+------------+---------+------+------+--------+--------+------+------------+


