Copyright 1986-2022 Xilinx, Inc. All Rights Reserved. Copyright 2022-2023 Advanced Micro Devices, Inc. All Rights Reserved.
---------------------------------------------------------------------------------------------------------------------------------------------
| Tool Version : Vivado v.2023.1 (lin64) Build 3865809 Sun May  7 15:04:56 MDT 2023
| Date         : Mon Jul  7 04:00:49 2025
| Host         : coder-hftsoi-hls running 64-bit Ubuntu 20.04.6 LTS
| Command      : report_utilization -file vivado_synth.rpt -hierarchical -hierarchical_depth 1
| Design       : hls_dummy
| Device       : xcu250-figd2104-2L-e
| Speed File   : -2L
| Design State : Optimized
---------------------------------------------------------------------------------------------------------------------------------------------

Utilization Design Information

Table of Contents
-----------------
1. Utilization by Hierarchy

1. Utilization by Hierarchy
---------------------------

+---------------------------------------------------------------------+---------------------------------------------------------------------------+------------+------------+---------+------+------+--------+--------+------+------------+
|                               Instance                              |                                   Module                                  | Total LUTs | Logic LUTs | LUTRAMs | SRLs |  FFs | RAMB36 | RAMB18 | URAM | DSP Blocks |
+---------------------------------------------------------------------+---------------------------------------------------------------------------+------------+------------+---------+------+------+--------+--------+------+------------+
| hls_dummy                                                           |                                                                     (top) |       5792 |       5792 |       0 |    0 | 2097 |      0 |      0 |    0 |          0 |
|   (hls_dummy)                                                       |                                                                     (top) |          0 |          0 |       0 |    0 |   20 |      0 |      0 |    0 |          0 |
|   Block_entry26_proc_U0                                             |                                              hls_dummy_Block_entry26_proc |          0 |          0 |       0 |    0 |   50 |      0 |      0 |    0 |          0 |
|   sparse_arr_feat_conv1_out_1_U                                     |                                                   hls_dummy_fifo_w10_d2_S |         23 |         23 |       0 |    0 |   24 |      0 |      0 |    0 |          0 |
|   sparse_arr_feat_conv1_out_2_U                                     |                                                 hls_dummy_fifo_w10_d2_S_0 |         23 |         23 |       0 |    0 |   24 |      0 |      0 |    0 |          0 |
|   sparse_arr_feat_conv1_out_3_U                                     |                                                 hls_dummy_fifo_w10_d2_S_1 |         26 |         26 |       0 |    0 |   24 |      0 |      0 |    0 |          0 |
|   sparse_arr_feat_conv1_out_4_U                                     |                                                 hls_dummy_fifo_w10_d2_S_2 |         23 |         23 |       0 |    0 |   24 |      0 |      0 |    0 |          0 |
|   sparse_arr_feat_conv1_out_U                                       |                                                 hls_dummy_fifo_w10_d2_S_3 |         23 |         23 |       0 |    0 |   24 |      0 |      0 |    0 |          0 |
|   sparse_arr_feat_reduce_out_1_U                                    |                                                 hls_dummy_fifo_w10_d2_S_4 |        359 |        359 |       0 |    0 |   22 |      0 |      0 |    0 |          0 |
|   sparse_arr_feat_reduce_out_2_U                                    |                                                 hls_dummy_fifo_w10_d2_S_5 |        359 |        359 |       0 |    0 |   22 |      0 |      0 |    0 |          0 |
|   sparse_arr_feat_reduce_out_3_U                                    |                                                 hls_dummy_fifo_w10_d2_S_6 |        361 |        361 |       0 |    0 |   22 |      0 |      0 |    0 |          0 |
|   sparse_arr_feat_reduce_out_4_U                                    |                                                 hls_dummy_fifo_w10_d2_S_7 |        365 |        365 |       0 |    0 |   22 |      0 |      0 |    0 |          0 |
|   sparse_arr_feat_reduce_out_U                                      |                                                 hls_dummy_fifo_w10_d2_S_8 |        404 |        404 |       0 |    0 |   22 |      0 |      0 |    0 |          0 |
|   sparse_arr_hash_reduce_out_1_U                                    |                                                    hls_dummy_fifo_w4_d2_S |         38 |         38 |       0 |    0 |   12 |      0 |      0 |    0 |          0 |
|   sparse_arr_hash_reduce_out_2_U                                    |                                                  hls_dummy_fifo_w4_d2_S_9 |         32 |         32 |       0 |    0 |   12 |      0 |      0 |    0 |          0 |
|   sparse_arr_hash_reduce_out_3_U                                    |                                                 hls_dummy_fifo_w4_d2_S_10 |         40 |         40 |       0 |    0 |   12 |      0 |      0 |    0 |          0 |
|   sparse_arr_hash_reduce_out_4_U                                    |                                                 hls_dummy_fifo_w4_d2_S_11 |         20 |         20 |       0 |    0 |   12 |      0 |      0 |    0 |          0 |
|   sparse_arr_hash_reduce_out_5_U                                    |                                                 hls_dummy_fifo_w4_d2_S_12 |         33 |         33 |       0 |    0 |   12 |      0 |      0 |    0 |          0 |
|   sparse_arr_hash_reduce_out_6_U                                    |                                                 hls_dummy_fifo_w4_d2_S_13 |         13 |         13 |       0 |    0 |   12 |      0 |      0 |    0 |          0 |
|   sparse_arr_hash_reduce_out_7_U                                    |                                                 hls_dummy_fifo_w4_d2_S_14 |         25 |         25 |       0 |    0 |   12 |      0 |      0 |    0 |          0 |
|   sparse_arr_hash_reduce_out_8_U                                    |                                                 hls_dummy_fifo_w4_d2_S_15 |         32 |         32 |       0 |    0 |   12 |      0 |      0 |    0 |          0 |
|   sparse_arr_hash_reduce_out_9_U                                    |                                                 hls_dummy_fifo_w4_d2_S_16 |         28 |         28 |       0 |    0 |   12 |      0 |      0 |    0 |          0 |
|   sparse_arr_hash_reduce_out_U                                      |                                                 hls_dummy_fifo_w4_d2_S_17 |         24 |         24 |       0 |    0 |   12 |      0 |      0 |    0 |          0 |
|   sparse_conv_ap_fixed_ap_fixed_ap_uint_ap_fixed_ap_fixed_5_1_1_U0  | hls_dummy_sparse_conv_ap_fixed_ap_fixed_ap_uint_ap_fixed_ap_fixed_5_1_1_s |        949 |        949 |       0 |    0 |  234 |      0 |      0 |    0 |          0 |
|   sparse_input_reduce_ap_fixed_10_2_5_3_0_ap_uint_10_10_10_1_5_4_U0 |  hls_dummy_sparse_input_reduce_ap_fixed_10_2_5_3_0_ap_uint_10_10_10_1_5_4 |       2634 |       2634 |       0 |    0 | 1443 |      0 |      0 |    0 |          0 |
+---------------------------------------------------------------------+---------------------------------------------------------------------------+------------+------------+---------+------+------+--------+--------+------+------------+


