

================================================================
== Vitis HLS Report for 'sparse_input_reduce_ap_fixed_8_2_5_3_0_ap_uint_10_10_10_1_20_4'
================================================================
* Date:           Tue Jul 22 20:56:21 2025

* Version:        2023.1 (Build 3854077 on May  4 2023)
* Project:        hls_dummy_prj
* Solution:       solution1 (Vivado IP Flow Target)
* Product family: virtexuplus
* Target device:  xcu250-figd2104-2L-e


================================================================
== Performance Estimates
================================================================
+ Timing: 
    * Summary: 
    +--------+---------+----------+------------+
    |  Clock |  Target | Estimated| Uncertainty|
    +--------+---------+----------+------------+
    |ap_clk  |  5.00 ns|  3.039 ns|     1.35 ns|
    +--------+---------+----------+------------+

+ Latency: 
    * Summary: 
    +---------+---------+----------+----------+-----+-----+---------+
    |  Latency (cycles) |  Latency (absolute) |  Interval | Pipeline|
    |   min   |   max   |    min   |    max   | min | max |   Type  |
    +---------+---------+----------+----------+-----+-----+---------+
    |       43|       43|  0.215 us|  0.215 us|   43|   43|       no|
    +---------+---------+----------+----------+-----+-----+---------+

    + Detail: 
        * Instance: 
        +-------------------------------+------------+---------+---------+----------+----------+-----+-----+---------+
        |                               |            |  Latency (cycles) |  Latency (absolute) |  Interval | Pipeline|
        |            Instance           |   Module   |   min   |   max   |    min   |    max   | min | max |   Type  |
        +-------------------------------+------------+---------+---------+----------+----------+-----+-----+---------+
        |grp_operator_s_fu_1778         |operator_s  |        0|        0|      0 ns|      0 ns|    1|    1|      yes|
        |grp_operator_s_fu_1788         |operator_s  |        0|        0|      0 ns|      0 ns|    1|    1|      yes|
        |grp_operator_s_fu_1798         |operator_s  |        0|        0|      0 ns|      0 ns|    1|    1|      yes|
        |grp_operator_s_fu_1806         |operator_s  |        0|        0|      0 ns|      0 ns|    1|    1|      yes|
        |grp_operator_s_fu_1816         |operator_s  |        0|        0|      0 ns|      0 ns|    1|    1|      yes|
        |grp_operator_s_fu_1826         |operator_s  |        0|        0|      0 ns|      0 ns|    1|    1|      yes|
        |grp_operator_s_fu_1834         |operator_s  |        0|        0|      0 ns|      0 ns|    1|    1|      yes|
        |grp_operator_s_fu_1844         |operator_s  |        0|        0|      0 ns|      0 ns|    1|    1|      yes|
        |grp_operator_s_fu_1854         |operator_s  |        0|        0|      0 ns|      0 ns|    1|    1|      yes|
        |grp_operator_s_fu_1862         |operator_s  |        0|        0|      0 ns|      0 ns|    1|    1|      yes|
        |grp_operator_s_fu_1872         |operator_s  |        0|        0|      0 ns|      0 ns|    1|    1|      yes|
        |grp_operator_s_fu_1882         |operator_s  |        0|        0|      0 ns|      0 ns|    1|    1|      yes|
        |grp_operator_s_fu_1890         |operator_s  |        0|        0|      0 ns|      0 ns|    1|    1|      yes|
        |grp_operator_s_fu_1900         |operator_s  |        0|        0|      0 ns|      0 ns|    1|    1|      yes|
        |grp_operator_s_fu_1910         |operator_s  |        0|        0|      0 ns|      0 ns|    1|    1|      yes|
        |grp_operator_s_fu_1918         |operator_s  |        0|        0|      0 ns|      0 ns|    1|    1|      yes|
        |grp_operator_s_fu_1928         |operator_s  |        0|        0|      0 ns|      0 ns|    1|    1|      yes|
        |grp_operator_s_fu_1938         |operator_s  |        0|        0|      0 ns|      0 ns|    1|    1|      yes|
        |grp_operator_s_fu_1946         |operator_s  |        0|        0|      0 ns|      0 ns|    1|    1|      yes|
        |grp_operator_s_fu_1956         |operator_s  |        0|        0|      0 ns|      0 ns|    1|    1|      yes|
        |grp_operator_s_fu_1966         |operator_s  |        0|        0|      0 ns|      0 ns|    1|    1|      yes|
        |grp_operator_s_fu_1974         |operator_s  |        0|        0|      0 ns|      0 ns|    1|    1|      yes|
        |grp_operator_s_fu_1984         |operator_s  |        0|        0|      0 ns|      0 ns|    1|    1|      yes|
        |grp_operator_s_fu_1994         |operator_s  |        0|        0|      0 ns|      0 ns|    1|    1|      yes|
        |call_ret32_operator_s_fu_2002  |operator_s  |        0|        0|      0 ns|      0 ns|    1|    1|      yes|
        |call_ret33_operator_s_fu_2012  |operator_s  |        0|        0|      0 ns|      0 ns|    1|    1|      yes|
        |call_ret34_operator_s_fu_2022  |operator_s  |        0|        0|      0 ns|      0 ns|    1|    1|      yes|
        |call_ret35_operator_s_fu_2030  |operator_s  |        0|        0|      0 ns|      0 ns|    1|    1|      yes|
        |call_ret36_operator_s_fu_2040  |operator_s  |        0|        0|      0 ns|      0 ns|    1|    1|      yes|
        |call_ret37_operator_s_fu_2050  |operator_s  |        0|        0|      0 ns|      0 ns|    1|    1|      yes|
        |call_ret39_operator_s_fu_2058  |operator_s  |        0|        0|      0 ns|      0 ns|    1|    1|      yes|
        |call_ret40_operator_s_fu_2068  |operator_s  |        0|        0|      0 ns|      0 ns|    1|    1|      yes|
        |call_ret41_operator_s_fu_2078  |operator_s  |        0|        0|      0 ns|      0 ns|    1|    1|      yes|
        |call_ret42_operator_s_fu_2086  |operator_s  |        0|        0|      0 ns|      0 ns|    1|    1|      yes|
        |call_ret43_operator_s_fu_2096  |operator_s  |        0|        0|      0 ns|      0 ns|    1|    1|      yes|
        |call_ret44_operator_s_fu_2106  |operator_s  |        0|        0|      0 ns|      0 ns|    1|    1|      yes|
        |call_ret47_operator_s_fu_2114  |operator_s  |        0|        0|      0 ns|      0 ns|    1|    1|      yes|
        |call_ret48_operator_s_fu_2124  |operator_s  |        0|        0|      0 ns|      0 ns|    1|    1|      yes|
        |call_ret49_operator_s_fu_2134  |operator_s  |        0|        0|      0 ns|      0 ns|    1|    1|      yes|
        |call_ret50_operator_s_fu_2142  |operator_s  |        0|        0|      0 ns|      0 ns|    1|    1|      yes|
        |call_ret51_operator_s_fu_2152  |operator_s  |        0|        0|      0 ns|      0 ns|    1|    1|      yes|
        |call_ret52_operator_s_fu_2162  |operator_s  |        0|        0|      0 ns|      0 ns|    1|    1|      yes|
        |call_ret54_operator_s_fu_2170  |operator_s  |        0|        0|      0 ns|      0 ns|    1|    1|      yes|
        |call_ret55_operator_s_fu_2180  |operator_s  |        0|        0|      0 ns|      0 ns|    1|    1|      yes|
        |call_ret56_operator_s_fu_2190  |operator_s  |        0|        0|      0 ns|      0 ns|    1|    1|      yes|
        |call_ret57_operator_s_fu_2198  |operator_s  |        0|        0|      0 ns|      0 ns|    1|    1|      yes|
        |call_ret58_operator_s_fu_2208  |operator_s  |        0|        0|      0 ns|      0 ns|    1|    1|      yes|
        |call_ret59_operator_s_fu_2218  |operator_s  |        0|        0|      0 ns|      0 ns|    1|    1|      yes|
        |call_ret64_operator_s_fu_2226  |operator_s  |        0|        0|      0 ns|      0 ns|    1|    1|      yes|
        |call_ret65_operator_s_fu_2236  |operator_s  |        0|        0|      0 ns|      0 ns|    1|    1|      yes|
        |call_ret66_operator_s_fu_2246  |operator_s  |        0|        0|      0 ns|      0 ns|    1|    1|      yes|
        |call_ret67_operator_s_fu_2254  |operator_s  |        0|        0|      0 ns|      0 ns|    1|    1|      yes|
        |call_ret68_operator_s_fu_2264  |operator_s  |        0|        0|      0 ns|      0 ns|    1|    1|      yes|
        |call_ret69_operator_s_fu_2274  |operator_s  |        0|        0|      0 ns|      0 ns|    1|    1|      yes|
        |call_ret71_operator_s_fu_2282  |operator_s  |        0|        0|      0 ns|      0 ns|    1|    1|      yes|
        |call_ret72_operator_s_fu_2292  |operator_s  |        0|        0|      0 ns|      0 ns|    1|    1|      yes|
        |call_ret73_operator_s_fu_2302  |operator_s  |        0|        0|      0 ns|      0 ns|    1|    1|      yes|
        |call_ret74_operator_s_fu_2310  |operator_s  |        0|        0|      0 ns|      0 ns|    1|    1|      yes|
        |call_ret75_operator_s_fu_2320  |operator_s  |        0|        0|      0 ns|      0 ns|    1|    1|      yes|
        |call_ret76_operator_s_fu_2330  |operator_s  |        0|        0|      0 ns|      0 ns|    1|    1|      yes|
        |call_ret79_operator_s_fu_2338  |operator_s  |        0|        0|      0 ns|      0 ns|    1|    1|      yes|
        |call_ret80_operator_s_fu_2348  |operator_s  |        0|        0|      0 ns|      0 ns|    1|    1|      yes|
        |call_ret81_operator_s_fu_2358  |operator_s  |        0|        0|      0 ns|      0 ns|    1|    1|      yes|
        |call_ret82_operator_s_fu_2366  |operator_s  |        0|        0|      0 ns|      0 ns|    1|    1|      yes|
        |call_ret83_operator_s_fu_2376  |operator_s  |        0|        0|      0 ns|      0 ns|    1|    1|      yes|
        |call_ret84_operator_s_fu_2386  |operator_s  |        0|        0|      0 ns|      0 ns|    1|    1|      yes|
        |call_ret86_operator_s_fu_2394  |operator_s  |        0|        0|      0 ns|      0 ns|    1|    1|      yes|
        |call_ret87_operator_s_fu_2404  |operator_s  |        0|        0|      0 ns|      0 ns|    1|    1|      yes|
        |call_ret88_operator_s_fu_2414  |operator_s  |        0|        0|      0 ns|      0 ns|    1|    1|      yes|
        |call_ret89_operator_s_fu_2422  |operator_s  |        0|        0|      0 ns|      0 ns|    1|    1|      yes|
        |call_ret90_operator_s_fu_2432  |operator_s  |        0|        0|      0 ns|      0 ns|    1|    1|      yes|
        |call_ret91_operator_s_fu_2442  |operator_s  |        0|        0|      0 ns|      0 ns|    1|    1|      yes|
        |call_ret63_operator_s_fu_2454  |operator_s  |        0|        0|      0 ns|      0 ns|    1|    1|      yes|
        |call_ret98_operator_s_fu_2462  |operator_s  |        0|        0|      0 ns|      0 ns|    1|    1|      yes|
        |call_ret_operator_s_fu_2470    |operator_s  |        0|        0|      0 ns|      0 ns|    1|    1|      yes|
        +-------------------------------+------------+---------+---------+----------+----------+-----+-----+---------+

        * Loop: 
        +-----------------+---------+---------+----------+-----------+-----------+------+----------+
        |                 |  Latency (cycles) | Iteration|  Initiation Interval  | Trip |          |
        |    Loop Name    |   min   |   max   |  Latency |  achieved |   target  | Count| Pipelined|
        +-----------------+---------+---------+----------+-----------+-----------+------+----------+
        |- MaxPixelsLoop  |       41|       41|         3|          2|          1|    20|       yes|
        +-----------------+---------+---------+----------+-----------+-----------+------+----------+



================================================================
== Utilization Estimates
================================================================
* Summary: 
+---------------------+---------+-------+---------+---------+------+
|         Name        | BRAM_18K|  DSP  |    FF   |   LUT   | URAM |
+---------------------+---------+-------+---------+---------+------+
|DSP                  |        -|      -|        -|        -|     -|
|Expression           |        -|      -|        0|       34|     -|
|FIFO                 |        -|      -|        -|        -|     -|
|Instance             |        -|      -|        0|     6098|     -|
|Memory               |        -|      -|        -|        -|     -|
|Multiplexer          |        -|      -|        -|     2979|     -|
|Register             |        -|      -|     1658|        -|     -|
+---------------------+---------+-------+---------+---------+------+
|Total                |        0|      0|     1658|     9111|     0|
+---------------------+---------+-------+---------+---------+------+
|Available SLR        |     1344|   3072|   864000|   432000|   320|
+---------------------+---------+-------+---------+---------+------+
|Utilization SLR (%)  |        0|      0|       ~0|        2|     0|
+---------------------+---------+-------+---------+---------+------+
|Available            |     5376|  12288|  3456000|  1728000|  1280|
+---------------------+---------+-------+---------+---------+------+
|Utilization (%)      |        0|      0|       ~0|       ~0|     0|
+---------------------+---------+-------+---------+---------+------+

+ Detail: 
    * Instance: 
    +-------------------------------+-----------------+---------+----+---+-----+-----+
    |            Instance           |      Module     | BRAM_18K| DSP| FF| LUT | URAM|
    +-------------------------------+-----------------+---------+----+---+-----+-----+
    |mux_100_7_4_1_1_U5             |mux_100_7_4_1_1  |        0|   0|  0|  499|    0|
    |mux_100_7_4_1_1_U6             |mux_100_7_4_1_1  |        0|   0|  0|  499|    0|
    |grp_operator_s_fu_1778         |operator_s       |        0|   0|  0|   68|    0|
    |grp_operator_s_fu_1788         |operator_s       |        0|   0|  0|   68|    0|
    |grp_operator_s_fu_1798         |operator_s       |        0|   0|  0|   68|    0|
    |grp_operator_s_fu_1806         |operator_s       |        0|   0|  0|   68|    0|
    |grp_operator_s_fu_1816         |operator_s       |        0|   0|  0|   68|    0|
    |grp_operator_s_fu_1826         |operator_s       |        0|   0|  0|   68|    0|
    |grp_operator_s_fu_1834         |operator_s       |        0|   0|  0|   68|    0|
    |grp_operator_s_fu_1844         |operator_s       |        0|   0|  0|   68|    0|
    |grp_operator_s_fu_1854         |operator_s       |        0|   0|  0|   68|    0|
    |grp_operator_s_fu_1862         |operator_s       |        0|   0|  0|   68|    0|
    |grp_operator_s_fu_1872         |operator_s       |        0|   0|  0|   68|    0|
    |grp_operator_s_fu_1882         |operator_s       |        0|   0|  0|   68|    0|
    |grp_operator_s_fu_1890         |operator_s       |        0|   0|  0|   68|    0|
    |grp_operator_s_fu_1900         |operator_s       |        0|   0|  0|   68|    0|
    |grp_operator_s_fu_1910         |operator_s       |        0|   0|  0|   68|    0|
    |grp_operator_s_fu_1918         |operator_s       |        0|   0|  0|   68|    0|
    |grp_operator_s_fu_1928         |operator_s       |        0|   0|  0|   68|    0|
    |grp_operator_s_fu_1938         |operator_s       |        0|   0|  0|   68|    0|
    |grp_operator_s_fu_1946         |operator_s       |        0|   0|  0|   68|    0|
    |grp_operator_s_fu_1956         |operator_s       |        0|   0|  0|   68|    0|
    |grp_operator_s_fu_1966         |operator_s       |        0|   0|  0|   68|    0|
    |grp_operator_s_fu_1974         |operator_s       |        0|   0|  0|   68|    0|
    |grp_operator_s_fu_1984         |operator_s       |        0|   0|  0|   68|    0|
    |grp_operator_s_fu_1994         |operator_s       |        0|   0|  0|   68|    0|
    |call_ret32_operator_s_fu_2002  |operator_s       |        0|   0|  0|   68|    0|
    |call_ret33_operator_s_fu_2012  |operator_s       |        0|   0|  0|   68|    0|
    |call_ret34_operator_s_fu_2022  |operator_s       |        0|   0|  0|   68|    0|
    |call_ret35_operator_s_fu_2030  |operator_s       |        0|   0|  0|   68|    0|
    |call_ret36_operator_s_fu_2040  |operator_s       |        0|   0|  0|   68|    0|
    |call_ret37_operator_s_fu_2050  |operator_s       |        0|   0|  0|   68|    0|
    |call_ret39_operator_s_fu_2058  |operator_s       |        0|   0|  0|   68|    0|
    |call_ret40_operator_s_fu_2068  |operator_s       |        0|   0|  0|   68|    0|
    |call_ret41_operator_s_fu_2078  |operator_s       |        0|   0|  0|   68|    0|
    |call_ret42_operator_s_fu_2086  |operator_s       |        0|   0|  0|   68|    0|
    |call_ret43_operator_s_fu_2096  |operator_s       |        0|   0|  0|   68|    0|
    |call_ret44_operator_s_fu_2106  |operator_s       |        0|   0|  0|   68|    0|
    |call_ret47_operator_s_fu_2114  |operator_s       |        0|   0|  0|   68|    0|
    |call_ret48_operator_s_fu_2124  |operator_s       |        0|   0|  0|   68|    0|
    |call_ret49_operator_s_fu_2134  |operator_s       |        0|   0|  0|   68|    0|
    |call_ret50_operator_s_fu_2142  |operator_s       |        0|   0|  0|   68|    0|
    |call_ret51_operator_s_fu_2152  |operator_s       |        0|   0|  0|   68|    0|
    |call_ret52_operator_s_fu_2162  |operator_s       |        0|   0|  0|   68|    0|
    |call_ret54_operator_s_fu_2170  |operator_s       |        0|   0|  0|   68|    0|
    |call_ret55_operator_s_fu_2180  |operator_s       |        0|   0|  0|   68|    0|
    |call_ret56_operator_s_fu_2190  |operator_s       |        0|   0|  0|   68|    0|
    |call_ret57_operator_s_fu_2198  |operator_s       |        0|   0|  0|   68|    0|
    |call_ret58_operator_s_fu_2208  |operator_s       |        0|   0|  0|   68|    0|
    |call_ret59_operator_s_fu_2218  |operator_s       |        0|   0|  0|   68|    0|
    |call_ret64_operator_s_fu_2226  |operator_s       |        0|   0|  0|   68|    0|
    |call_ret65_operator_s_fu_2236  |operator_s       |        0|   0|  0|   68|    0|
    |call_ret66_operator_s_fu_2246  |operator_s       |        0|   0|  0|   68|    0|
    |call_ret67_operator_s_fu_2254  |operator_s       |        0|   0|  0|   68|    0|
    |call_ret68_operator_s_fu_2264  |operator_s       |        0|   0|  0|   68|    0|
    |call_ret69_operator_s_fu_2274  |operator_s       |        0|   0|  0|   68|    0|
    |call_ret71_operator_s_fu_2282  |operator_s       |        0|   0|  0|   68|    0|
    |call_ret72_operator_s_fu_2292  |operator_s       |        0|   0|  0|   68|    0|
    |call_ret73_operator_s_fu_2302  |operator_s       |        0|   0|  0|   68|    0|
    |call_ret74_operator_s_fu_2310  |operator_s       |        0|   0|  0|   68|    0|
    |call_ret75_operator_s_fu_2320  |operator_s       |        0|   0|  0|   68|    0|
    |call_ret76_operator_s_fu_2330  |operator_s       |        0|   0|  0|   68|    0|
    |call_ret79_operator_s_fu_2338  |operator_s       |        0|   0|  0|   68|    0|
    |call_ret80_operator_s_fu_2348  |operator_s       |        0|   0|  0|   68|    0|
    |call_ret81_operator_s_fu_2358  |operator_s       |        0|   0|  0|   68|    0|
    |call_ret82_operator_s_fu_2366  |operator_s       |        0|   0|  0|   68|    0|
    |call_ret83_operator_s_fu_2376  |operator_s       |        0|   0|  0|   68|    0|
    |call_ret84_operator_s_fu_2386  |operator_s       |        0|   0|  0|   68|    0|
    |call_ret86_operator_s_fu_2394  |operator_s       |        0|   0|  0|   68|    0|
    |call_ret87_operator_s_fu_2404  |operator_s       |        0|   0|  0|   68|    0|
    |call_ret88_operator_s_fu_2414  |operator_s       |        0|   0|  0|   68|    0|
    |call_ret89_operator_s_fu_2422  |operator_s       |        0|   0|  0|   68|    0|
    |call_ret90_operator_s_fu_2432  |operator_s       |        0|   0|  0|   68|    0|
    |call_ret91_operator_s_fu_2442  |operator_s       |        0|   0|  0|   68|    0|
    |call_ret63_operator_s_fu_2454  |operator_s       |        0|   0|  0|   68|    0|
    |call_ret98_operator_s_fu_2462  |operator_s       |        0|   0|  0|   68|    0|
    |call_ret_operator_s_fu_2470    |operator_s       |        0|   0|  0|   68|    0|
    +-------------------------------+-----------------+---------+----+---+-----+-----+
    |Total                          |                 |        0|   0|  0| 6098|    0|
    +-------------------------------+-----------------+---------+----+---+-----+-----+

    * DSP: 
    N/A

    * Memory: 
    N/A

    * FIFO: 
    N/A

    * Expression: 
    +-------------------------+----------+----+---+----+------------+------------+
    |      Variable Name      | Operation| DSP| FF| LUT| Bitwidth P0| Bitwidth P1|
    +-------------------------+----------+----+---+----+------------+------------+
    |add_ln94_fu_5092_p2      |         +|   0|  0|  12|           5|           1|
    |ap_condition_11273       |       and|   0|  0|   2|           1|           1|
    |ap_condition_11277       |       and|   0|  0|   2|           1|           1|
    |icmp_ln94_fu_4254_p2     |      icmp|   0|  0|  12|           5|           5|
    |ap_block_state1          |        or|   0|  0|   2|           1|           1|
    |ap_enable_pp0            |       xor|   0|  0|   2|           1|           2|
    |ap_enable_reg_pp0_iter1  |       xor|   0|  0|   2|           2|           1|
    +-------------------------+----------+----+---+----+------------+------------+
    |Total                    |          |   0|  0|  34|          16|          12|
    +-------------------------+----------+----+---+----+------------+------------+

    * Multiplexer: 
    +-----------------------------------------+----+-----------+-----+-----------+
    |                   Name                  | LUT| Input Size| Bits| Total Bits|
    +-----------------------------------------+----+-----------+-----+-----------+
    |ap_NS_fsm                                |  26|          5|    1|          5|
    |ap_done                                  |   9|          2|    1|          2|
    |ap_enable_reg_pp0_iter1                  |  14|          3|    1|          3|
    |ap_sig_allocacmp_pair_arr_value_10_load  |   9|          2|    8|         16|
    |ap_sig_allocacmp_pair_arr_value_11_load  |   9|          2|    8|         16|
    |ap_sig_allocacmp_pair_arr_value_12_load  |   9|          2|    8|         16|
    |ap_sig_allocacmp_pair_arr_value_13_load  |   9|          2|    8|         16|
    |ap_sig_allocacmp_pair_arr_value_14_load  |   9|          2|    8|         16|
    |ap_sig_allocacmp_pair_arr_value_15_load  |   9|          2|    8|         16|
    |ap_sig_allocacmp_pair_arr_value_16_load  |   9|          2|    8|         16|
    |ap_sig_allocacmp_pair_arr_value_17_load  |   9|          2|    8|         16|
    |ap_sig_allocacmp_pair_arr_value_18_load  |   9|          2|    8|         16|
    |ap_sig_allocacmp_pair_arr_value_19_load  |   9|          2|    8|         16|
    |ap_sig_allocacmp_pair_arr_value_1_load   |   9|          2|    8|         16|
    |ap_sig_allocacmp_pair_arr_value_20_load  |   9|          2|    8|         16|
    |ap_sig_allocacmp_pair_arr_value_21_load  |   9|          2|    8|         16|
    |ap_sig_allocacmp_pair_arr_value_22_load  |   9|          2|    8|         16|
    |ap_sig_allocacmp_pair_arr_value_23_load  |   9|          2|    8|         16|
    |ap_sig_allocacmp_pair_arr_value_24_load  |   9|          2|    8|         16|
    |ap_sig_allocacmp_pair_arr_value_25_load  |   9|          2|    8|         16|
    |ap_sig_allocacmp_pair_arr_value_26_load  |   9|          2|    8|         16|
    |ap_sig_allocacmp_pair_arr_value_27_load  |   9|          2|    8|         16|
    |ap_sig_allocacmp_pair_arr_value_28_load  |   9|          2|    8|         16|
    |ap_sig_allocacmp_pair_arr_value_29_load  |   9|          2|    8|         16|
    |ap_sig_allocacmp_pair_arr_value_2_load   |   9|          2|    8|         16|
    |ap_sig_allocacmp_pair_arr_value_30_load  |   9|          2|    8|         16|
    |ap_sig_allocacmp_pair_arr_value_31_load  |   9|          2|    8|         16|
    |ap_sig_allocacmp_pair_arr_value_32_load  |   9|          2|    8|         16|
    |ap_sig_allocacmp_pair_arr_value_33_load  |   9|          2|    8|         16|
    |ap_sig_allocacmp_pair_arr_value_34_load  |   9|          2|    8|         16|
    |ap_sig_allocacmp_pair_arr_value_35_load  |   9|          2|    8|         16|
    |ap_sig_allocacmp_pair_arr_value_36_load  |   9|          2|    8|         16|
    |ap_sig_allocacmp_pair_arr_value_37_load  |   9|          2|    8|         16|
    |ap_sig_allocacmp_pair_arr_value_38_load  |   9|          2|    8|         16|
    |ap_sig_allocacmp_pair_arr_value_39_load  |   9|          2|    8|         16|
    |ap_sig_allocacmp_pair_arr_value_3_load   |   9|          2|    8|         16|
    |ap_sig_allocacmp_pair_arr_value_40_load  |   9|          2|    8|         16|
    |ap_sig_allocacmp_pair_arr_value_41_load  |   9|          2|    8|         16|
    |ap_sig_allocacmp_pair_arr_value_42_load  |   9|          2|    8|         16|
    |ap_sig_allocacmp_pair_arr_value_43_load  |   9|          2|    8|         16|
    |ap_sig_allocacmp_pair_arr_value_44_load  |   9|          2|    8|         16|
    |ap_sig_allocacmp_pair_arr_value_45_load  |   9|          2|    8|         16|
    |ap_sig_allocacmp_pair_arr_value_46_load  |   9|          2|    8|         16|
    |ap_sig_allocacmp_pair_arr_value_47_load  |   9|          2|    8|         16|
    |ap_sig_allocacmp_pair_arr_value_48_load  |   9|          2|    8|         16|
    |ap_sig_allocacmp_pair_arr_value_49_load  |   9|          2|    8|         16|
    |ap_sig_allocacmp_pair_arr_value_4_load   |   9|          2|    8|         16|
    |ap_sig_allocacmp_pair_arr_value_50_load  |   9|          2|    8|         16|
    |ap_sig_allocacmp_pair_arr_value_51_load  |   9|          2|    8|         16|
    |ap_sig_allocacmp_pair_arr_value_52_load  |   9|          2|    8|         16|
    |ap_sig_allocacmp_pair_arr_value_53_load  |   9|          2|    8|         16|
    |ap_sig_allocacmp_pair_arr_value_54_load  |   9|          2|    8|         16|
    |ap_sig_allocacmp_pair_arr_value_55_load  |   9|          2|    8|         16|
    |ap_sig_allocacmp_pair_arr_value_56_load  |   9|          2|    8|         16|
    |ap_sig_allocacmp_pair_arr_value_57_load  |   9|          2|    8|         16|
    |ap_sig_allocacmp_pair_arr_value_58_load  |   9|          2|    8|         16|
    |ap_sig_allocacmp_pair_arr_value_59_load  |   9|          2|    8|         16|
    |ap_sig_allocacmp_pair_arr_value_5_load   |   9|          2|    8|         16|
    |ap_sig_allocacmp_pair_arr_value_60_load  |   9|          2|    8|         16|
    |ap_sig_allocacmp_pair_arr_value_61_load  |   9|          2|    8|         16|
    |ap_sig_allocacmp_pair_arr_value_62_load  |   9|          2|    8|         16|
    |ap_sig_allocacmp_pair_arr_value_63_load  |   9|          2|    8|         16|
    |ap_sig_allocacmp_pair_arr_value_64_load  |   9|          2|    8|         16|
    |ap_sig_allocacmp_pair_arr_value_65_load  |   9|          2|    8|         16|
    |ap_sig_allocacmp_pair_arr_value_66_load  |   9|          2|    8|         16|
    |ap_sig_allocacmp_pair_arr_value_67_load  |   9|          2|    8|         16|
    |ap_sig_allocacmp_pair_arr_value_68_load  |   9|          2|    8|         16|
    |ap_sig_allocacmp_pair_arr_value_69_load  |   9|          2|    8|         16|
    |ap_sig_allocacmp_pair_arr_value_6_load   |   9|          2|    8|         16|
    |ap_sig_allocacmp_pair_arr_value_70_load  |   9|          2|    8|         16|
    |ap_sig_allocacmp_pair_arr_value_71_load  |   9|          2|    8|         16|
    |ap_sig_allocacmp_pair_arr_value_72_load  |   9|          2|    8|         16|
    |ap_sig_allocacmp_pair_arr_value_73_load  |   9|          2|    8|         16|
    |ap_sig_allocacmp_pair_arr_value_74_load  |   9|          2|    8|         16|
    |ap_sig_allocacmp_pair_arr_value_75_load  |   9|          2|    8|         16|
    |ap_sig_allocacmp_pair_arr_value_76_load  |   9|          2|    8|         16|
    |ap_sig_allocacmp_pair_arr_value_77_load  |   9|          2|    8|         16|
    |ap_sig_allocacmp_pair_arr_value_78_load  |   9|          2|    8|         16|
    |ap_sig_allocacmp_pair_arr_value_79_load  |   9|          2|    8|         16|
    |ap_sig_allocacmp_pair_arr_value_7_load   |   9|          2|    8|         16|
    |ap_sig_allocacmp_pair_arr_value_80_load  |   9|          2|    8|         16|
    |ap_sig_allocacmp_pair_arr_value_81_load  |   9|          2|    8|         16|
    |ap_sig_allocacmp_pair_arr_value_82_load  |   9|          2|    8|         16|
    |ap_sig_allocacmp_pair_arr_value_83_load  |   9|          2|    8|         16|
    |ap_sig_allocacmp_pair_arr_value_84_load  |   9|          2|    8|         16|
    |ap_sig_allocacmp_pair_arr_value_85_load  |   9|          2|    8|         16|
    |ap_sig_allocacmp_pair_arr_value_86_load  |   9|          2|    8|         16|
    |ap_sig_allocacmp_pair_arr_value_87_load  |   9|          2|    8|         16|
    |ap_sig_allocacmp_pair_arr_value_88_load  |   9|          2|    8|         16|
    |ap_sig_allocacmp_pair_arr_value_89_load  |   9|          2|    8|         16|
    |ap_sig_allocacmp_pair_arr_value_8_load   |   9|          2|    8|         16|
    |ap_sig_allocacmp_pair_arr_value_90_load  |   9|          2|    8|         16|
    |ap_sig_allocacmp_pair_arr_value_91_load  |   9|          2|    8|         16|
    |ap_sig_allocacmp_pair_arr_value_92_load  |   9|          2|    8|         16|
    |ap_sig_allocacmp_pair_arr_value_93_load  |   9|          2|    8|         16|
    |ap_sig_allocacmp_pair_arr_value_94_load  |   9|          2|    8|         16|
    |ap_sig_allocacmp_pair_arr_value_95_load  |   9|          2|    8|         16|
    |ap_sig_allocacmp_pair_arr_value_9_load   |   9|          2|    8|         16|
    |ap_sig_allocacmp_pair_arr_value_load     |   9|          2|    8|         16|
    |grp_operator_s_fu_1778_a_0_val           |  14|          3|    8|         24|
    |grp_operator_s_fu_1778_a_1_val           |  14|          3|   12|         36|
    |grp_operator_s_fu_1778_b_0_val           |  14|          3|    8|         24|
    |grp_operator_s_fu_1778_b_1_val           |  14|          3|   12|         36|
    |grp_operator_s_fu_1788_a_0_val           |  14|          3|    8|         24|
    |grp_operator_s_fu_1788_a_1_val           |  14|          3|   12|         36|
    |grp_operator_s_fu_1788_b_0_val           |  14|          3|    8|         24|
    |grp_operator_s_fu_1788_b_1_val           |  14|          3|   12|         36|
    |grp_operator_s_fu_1806_a_0_val           |  14|          3|    8|         24|
    |grp_operator_s_fu_1806_a_1_val           |  14|          3|   12|         36|
    |grp_operator_s_fu_1806_b_0_val           |  14|          3|    8|         24|
    |grp_operator_s_fu_1806_b_1_val           |  14|          3|   12|         36|
    |grp_operator_s_fu_1816_a_0_val           |  14|          3|    8|         24|
    |grp_operator_s_fu_1816_a_1_val           |  14|          3|   12|         36|
    |grp_operator_s_fu_1816_b_0_val           |  14|          3|    8|         24|
    |grp_operator_s_fu_1816_b_1_val           |  14|          3|   12|         36|
    |grp_operator_s_fu_1834_a_0_val           |  14|          3|    8|         24|
    |grp_operator_s_fu_1834_a_1_val           |  14|          3|   12|         36|
    |grp_operator_s_fu_1834_b_0_val           |  14|          3|    8|         24|
    |grp_operator_s_fu_1834_b_1_val           |  14|          3|   12|         36|
    |grp_operator_s_fu_1844_a_0_val           |  14|          3|    8|         24|
    |grp_operator_s_fu_1844_a_1_val           |  14|          3|   12|         36|
    |grp_operator_s_fu_1844_b_0_val           |  14|          3|    8|         24|
    |grp_operator_s_fu_1844_b_1_val           |  14|          3|   12|         36|
    |grp_operator_s_fu_1854_a_0_val           |  14|          3|    8|         24|
    |grp_operator_s_fu_1854_a_1_val           |  14|          3|   12|         36|
    |grp_operator_s_fu_1854_b_0_val           |  14|          3|    8|         24|
    |grp_operator_s_fu_1854_b_1_val           |  14|          3|   12|         36|
    |grp_operator_s_fu_1862_a_0_val           |  14|          3|    8|         24|
    |grp_operator_s_fu_1862_a_1_val           |  14|          3|   12|         36|
    |grp_operator_s_fu_1862_b_0_val           |  14|          3|    8|         24|
    |grp_operator_s_fu_1862_b_1_val           |  14|          3|   12|         36|
    |grp_operator_s_fu_1872_a_0_val           |  14|          3|    8|         24|
    |grp_operator_s_fu_1872_a_1_val           |  14|          3|   12|         36|
    |grp_operator_s_fu_1872_b_0_val           |  14|          3|    8|         24|
    |grp_operator_s_fu_1872_b_1_val           |  14|          3|   12|         36|
    |grp_operator_s_fu_1882_a_0_val           |  14|          3|    8|         24|
    |grp_operator_s_fu_1882_a_1_val           |  14|          3|   12|         36|
    |grp_operator_s_fu_1882_b_0_val           |  14|          3|    8|         24|
    |grp_operator_s_fu_1882_b_1_val           |  14|          3|   12|         36|
    |grp_operator_s_fu_1890_a_0_val           |  14|          3|    8|         24|
    |grp_operator_s_fu_1890_a_1_val           |  14|          3|   12|         36|
    |grp_operator_s_fu_1890_b_0_val           |  14|          3|    8|         24|
    |grp_operator_s_fu_1890_b_1_val           |  14|          3|   12|         36|
    |grp_operator_s_fu_1900_a_0_val           |  14|          3|    8|         24|
    |grp_operator_s_fu_1900_a_1_val           |  14|          3|   12|         36|
    |grp_operator_s_fu_1900_b_0_val           |  14|          3|    8|         24|
    |grp_operator_s_fu_1900_b_1_val           |  14|          3|   12|         36|
    |grp_operator_s_fu_1910_a_0_val           |  14|          3|    8|         24|
    |grp_operator_s_fu_1910_a_1_val           |  14|          3|   12|         36|
    |grp_operator_s_fu_1910_b_0_val           |  14|          3|    8|         24|
    |grp_operator_s_fu_1910_b_1_val           |  14|          3|   12|         36|
    |grp_operator_s_fu_1918_a_0_val           |  14|          3|    8|         24|
    |grp_operator_s_fu_1918_a_1_val           |  14|          3|   12|         36|
    |grp_operator_s_fu_1918_b_0_val           |  14|          3|    8|         24|
    |grp_operator_s_fu_1918_b_1_val           |  14|          3|   12|         36|
    |grp_operator_s_fu_1928_a_0_val           |  14|          3|    8|         24|
    |grp_operator_s_fu_1928_a_1_val           |  14|          3|   12|         36|
    |grp_operator_s_fu_1928_b_0_val           |  14|          3|    8|         24|
    |grp_operator_s_fu_1928_b_1_val           |  14|          3|   12|         36|
    |grp_operator_s_fu_1938_a_0_val           |  14|          3|    8|         24|
    |grp_operator_s_fu_1938_a_1_val           |  14|          3|   12|         36|
    |grp_operator_s_fu_1938_b_0_val           |  14|          3|    8|         24|
    |grp_operator_s_fu_1938_b_1_val           |  14|          3|   12|         36|
    |grp_operator_s_fu_1946_a_0_val           |  14|          3|    8|         24|
    |grp_operator_s_fu_1946_a_1_val           |  14|          3|   12|         36|
    |grp_operator_s_fu_1946_b_0_val           |  14|          3|    8|         24|
    |grp_operator_s_fu_1946_b_1_val           |  14|          3|   12|         36|
    |grp_operator_s_fu_1956_a_0_val           |  14|          3|    8|         24|
    |grp_operator_s_fu_1956_a_1_val           |  14|          3|   12|         36|
    |grp_operator_s_fu_1956_b_0_val           |  14|          3|    8|         24|
    |grp_operator_s_fu_1956_b_1_val           |  14|          3|   12|         36|
    |grp_operator_s_fu_1966_a_0_val           |  14|          3|    8|         24|
    |grp_operator_s_fu_1966_a_1_val           |  14|          3|   12|         36|
    |grp_operator_s_fu_1974_a_0_val           |  14|          3|    8|         24|
    |grp_operator_s_fu_1974_a_1_val           |  14|          3|   12|         36|
    |grp_operator_s_fu_1974_b_0_val           |  14|          3|    8|         24|
    |grp_operator_s_fu_1974_b_1_val           |  14|          3|   12|         36|
    |grp_operator_s_fu_1984_a_0_val           |  14|          3|    8|         24|
    |grp_operator_s_fu_1984_a_1_val           |  14|          3|   12|         36|
    |grp_operator_s_fu_1984_b_0_val           |  14|          3|    8|         24|
    |grp_operator_s_fu_1984_b_1_val           |  14|          3|   12|         36|
    |i_fu_888                                 |   9|          2|    5|         10|
    |pair_arr_value_10_fu_932                 |   9|          2|    8|         16|
    |pair_arr_value_11_fu_936                 |   9|          2|    8|         16|
    |pair_arr_value_12_fu_940                 |   9|          2|    8|         16|
    |pair_arr_value_13_fu_944                 |   9|          2|    8|         16|
    |pair_arr_value_14_fu_948                 |   9|          2|    8|         16|
    |pair_arr_value_15_fu_952                 |   9|          2|    8|         16|
    |pair_arr_value_16_fu_956                 |   9|          2|    8|         16|
    |pair_arr_value_17_fu_960                 |   9|          2|    8|         16|
    |pair_arr_value_18_fu_964                 |   9|          2|    8|         16|
    |pair_arr_value_19_fu_968                 |   9|          2|    8|         16|
    |pair_arr_value_1_fu_896                  |   9|          2|    8|         16|
    |pair_arr_value_20_fu_972                 |   9|          2|    8|         16|
    |pair_arr_value_21_fu_976                 |   9|          2|    8|         16|
    |pair_arr_value_22_fu_980                 |   9|          2|    8|         16|
    |pair_arr_value_23_fu_984                 |   9|          2|    8|         16|
    |pair_arr_value_24_fu_988                 |   9|          2|    8|         16|
    |pair_arr_value_25_fu_992                 |   9|          2|    8|         16|
    |pair_arr_value_26_fu_996                 |   9|          2|    8|         16|
    |pair_arr_value_27_fu_1000                |   9|          2|    8|         16|
    |pair_arr_value_28_fu_1004                |   9|          2|    8|         16|
    |pair_arr_value_29_fu_1008                |   9|          2|    8|         16|
    |pair_arr_value_2_fu_900                  |   9|          2|    8|         16|
    |pair_arr_value_30_fu_1012                |   9|          2|    8|         16|
    |pair_arr_value_31_fu_1016                |   9|          2|    8|         16|
    |pair_arr_value_32_fu_1020                |   9|          2|    8|         16|
    |pair_arr_value_33_fu_1024                |   9|          2|    8|         16|
    |pair_arr_value_34_fu_1028                |   9|          2|    8|         16|
    |pair_arr_value_35_fu_1032                |   9|          2|    8|         16|
    |pair_arr_value_36_fu_1036                |   9|          2|    8|         16|
    |pair_arr_value_37_fu_1040                |   9|          2|    8|         16|
    |pair_arr_value_38_fu_1044                |   9|          2|    8|         16|
    |pair_arr_value_39_fu_1048                |   9|          2|    8|         16|
    |pair_arr_value_3_fu_904                  |   9|          2|    8|         16|
    |pair_arr_value_40_fu_1052                |   9|          2|    8|         16|
    |pair_arr_value_41_fu_1056                |   9|          2|    8|         16|
    |pair_arr_value_42_fu_1060                |   9|          2|    8|         16|
    |pair_arr_value_43_fu_1064                |   9|          2|    8|         16|
    |pair_arr_value_44_fu_1068                |   9|          2|    8|         16|
    |pair_arr_value_45_fu_1072                |   9|          2|    8|         16|
    |pair_arr_value_46_fu_1076                |   9|          2|    8|         16|
    |pair_arr_value_47_fu_1080                |   9|          2|    8|         16|
    |pair_arr_value_48_fu_1084                |   9|          2|    8|         16|
    |pair_arr_value_49_fu_1088                |   9|          2|    8|         16|
    |pair_arr_value_4_fu_908                  |   9|          2|    8|         16|
    |pair_arr_value_50_fu_1092                |   9|          2|    8|         16|
    |pair_arr_value_51_fu_1096                |   9|          2|    8|         16|
    |pair_arr_value_52_fu_1100                |   9|          2|    8|         16|
    |pair_arr_value_53_fu_1104                |   9|          2|    8|         16|
    |pair_arr_value_54_fu_1108                |   9|          2|    8|         16|
    |pair_arr_value_55_fu_1112                |   9|          2|    8|         16|
    |pair_arr_value_56_fu_1116                |   9|          2|    8|         16|
    |pair_arr_value_57_fu_1120                |   9|          2|    8|         16|
    |pair_arr_value_58_fu_1124                |   9|          2|    8|         16|
    |pair_arr_value_59_fu_1128                |   9|          2|    8|         16|
    |pair_arr_value_5_fu_912                  |   9|          2|    8|         16|
    |pair_arr_value_60_fu_1132                |   9|          2|    8|         16|
    |pair_arr_value_61_fu_1136                |   9|          2|    8|         16|
    |pair_arr_value_62_fu_1140                |   9|          2|    8|         16|
    |pair_arr_value_63_fu_1144                |   9|          2|    8|         16|
    |pair_arr_value_64_fu_1148                |   9|          2|    8|         16|
    |pair_arr_value_65_fu_1152                |   9|          2|    8|         16|
    |pair_arr_value_66_fu_1156                |   9|          2|    8|         16|
    |pair_arr_value_67_fu_1160                |   9|          2|    8|         16|
    |pair_arr_value_68_fu_1164                |   9|          2|    8|         16|
    |pair_arr_value_69_fu_1168                |   9|          2|    8|         16|
    |pair_arr_value_6_fu_916                  |   9|          2|    8|         16|
    |pair_arr_value_70_fu_1172                |   9|          2|    8|         16|
    |pair_arr_value_71_fu_1176                |   9|          2|    8|         16|
    |pair_arr_value_72_fu_1180                |   9|          2|    8|         16|
    |pair_arr_value_73_fu_1184                |   9|          2|    8|         16|
    |pair_arr_value_74_fu_1188                |   9|          2|    8|         16|
    |pair_arr_value_75_fu_1192                |   9|          2|    8|         16|
    |pair_arr_value_76_fu_1196                |   9|          2|    8|         16|
    |pair_arr_value_77_fu_1200                |   9|          2|    8|         16|
    |pair_arr_value_78_fu_1204                |   9|          2|    8|         16|
    |pair_arr_value_79_fu_1208                |   9|          2|    8|         16|
    |pair_arr_value_7_fu_920                  |   9|          2|    8|         16|
    |pair_arr_value_80_fu_1212                |   9|          2|    8|         16|
    |pair_arr_value_81_fu_1216                |   9|          2|    8|         16|
    |pair_arr_value_82_fu_1220                |   9|          2|    8|         16|
    |pair_arr_value_83_fu_1224                |   9|          2|    8|         16|
    |pair_arr_value_84_fu_1228                |   9|          2|    8|         16|
    |pair_arr_value_85_fu_1232                |   9|          2|    8|         16|
    |pair_arr_value_86_fu_1236                |   9|          2|    8|         16|
    |pair_arr_value_87_fu_1240                |   9|          2|    8|         16|
    |pair_arr_value_88_fu_1244                |   9|          2|    8|         16|
    |pair_arr_value_89_fu_1248                |   9|          2|    8|         16|
    |pair_arr_value_8_fu_924                  |   9|          2|    8|         16|
    |pair_arr_value_90_fu_1252                |   9|          2|    8|         16|
    |pair_arr_value_91_fu_1256                |   9|          2|    8|         16|
    |pair_arr_value_92_fu_1260                |   9|          2|    8|         16|
    |pair_arr_value_93_fu_1264                |   9|          2|    8|         16|
    |pair_arr_value_94_fu_1268                |   9|          2|    8|         16|
    |pair_arr_value_95_fu_1272                |   9|          2|    8|         16|
    |pair_arr_value_96_fu_1276                |   9|          2|    8|         16|
    |pair_arr_value_97_fu_1280                |   9|          2|    8|         16|
    |pair_arr_value_98_fu_1284                |   9|          2|    8|         16|
    |pair_arr_value_99_fu_1288                |   9|          2|    8|         16|
    |pair_arr_value_9_fu_928                  |   9|          2|    8|         16|
    |pair_arr_value_fu_892                    |   9|          2|    8|         16|
    |x_in_blk_n                               |   9|          2|    1|          2|
    +-----------------------------------------+----+-----------+-----+-----------+
    |Total                                    |2979|        652| 2397|       5618|
    +-----------------------------------------+----+-----------+-----+-----------+

    * Register: 
    +-------------------------------------+----+----+-----+-----------+
    |                 Name                | FF | LUT| Bits| Const Bits|
    +-------------------------------------+----+----+-----+-----------+
    |agg_tmp3_i33_i33_i33_i_i_1_reg_8713  |  12|   0|   12|          0|
    |agg_tmp3_i33_i33_i33_i_i_reg_8708    |   8|   0|    8|          0|
    |agg_tmp3_i33_i33_i_i34_i_1_reg_8793  |  12|   0|   12|          0|
    |agg_tmp3_i33_i33_i_i34_i_reg_8788    |   8|   0|    8|          0|
    |agg_tmp3_i33_i_i107_i_i_1_reg_8673   |  12|   0|   12|          0|
    |agg_tmp3_i33_i_i107_i_i_reg_8668     |   8|   0|    8|          0|
    |agg_tmp3_i33_i_i_i108_i_1_reg_8753   |  12|   0|   12|          0|
    |agg_tmp3_i33_i_i_i108_i_reg_8748     |   8|   0|    8|          0|
    |agg_tmp3_i33_i_i_i_i_1_reg_8613      |  12|   0|   12|          0|
    |agg_tmp3_i33_i_i_i_i_reg_8608        |   8|   0|    8|          0|
    |agg_tmp3_i_i67_i67_i_i_1_reg_8693    |  12|   0|   12|          0|
    |agg_tmp3_i_i67_i67_i_i_reg_8688      |   8|   0|    8|          0|
    |agg_tmp3_i_i67_i_i68_i_1_reg_8773    |  12|   0|   12|          0|
    |agg_tmp3_i_i67_i_i68_i_reg_8768      |   8|   0|    8|          0|
    |agg_tmp3_i_i67_i_i_i_1_reg_8633      |  12|   0|   12|          0|
    |agg_tmp3_i_i67_i_i_i_reg_8628        |   8|   0|    8|          0|
    |agg_tmp3_i_i_1_reg_8813              |  12|   0|   12|          0|
    |agg_tmp3_i_i_i141_i_i_1_reg_8653     |  12|   0|   12|          0|
    |agg_tmp3_i_i_i141_i_i_reg_8648       |   8|   0|    8|          0|
    |agg_tmp3_i_i_i_i142_i_1_reg_8733     |  12|   0|   12|          0|
    |agg_tmp3_i_i_i_i142_i_reg_8728       |   8|   0|    8|          0|
    |agg_tmp3_i_i_i_i_i_1_reg_8593        |  12|   0|   12|          0|
    |agg_tmp3_i_i_i_i_i_reg_8588          |   8|   0|    8|          0|
    |agg_tmp3_i_i_reg_8808                |   8|   0|    8|          0|
    |agg_tmp_i31_i31_i31_i_i_1_reg_8703   |  12|   0|   12|          0|
    |agg_tmp_i31_i31_i31_i_i_reg_8698     |   8|   0|    8|          0|
    |agg_tmp_i31_i31_i_i32_i_1_reg_8783   |  12|   0|   12|          0|
    |agg_tmp_i31_i31_i_i32_i_reg_8778     |   8|   0|    8|          0|
    |agg_tmp_i31_i_i105_i_i_1_reg_8663    |  12|   0|   12|          0|
    |agg_tmp_i31_i_i105_i_i_reg_8658      |   8|   0|    8|          0|
    |agg_tmp_i31_i_i_i106_i_1_reg_8743    |  12|   0|   12|          0|
    |agg_tmp_i31_i_i_i106_i_reg_8738      |   8|   0|    8|          0|
    |agg_tmp_i31_i_i_i_i_1_reg_8603       |  12|   0|   12|          0|
    |agg_tmp_i31_i_i_i_i_reg_8598         |   8|   0|    8|          0|
    |agg_tmp_i_i65_i65_i_i_1_reg_8683     |  12|   0|   12|          0|
    |agg_tmp_i_i65_i65_i_i_reg_8678       |   8|   0|    8|          0|
    |agg_tmp_i_i65_i_i66_i_1_reg_8763     |  12|   0|   12|          0|
    |agg_tmp_i_i65_i_i66_i_reg_8758       |   8|   0|    8|          0|
    |agg_tmp_i_i65_i_i_i_1_reg_8623       |  12|   0|   12|          0|
    |agg_tmp_i_i65_i_i_i_reg_8618         |   8|   0|    8|          0|
    |agg_tmp_i_i_1_reg_8803               |  12|   0|   12|          0|
    |agg_tmp_i_i_i139_i_i_1_reg_8643      |  12|   0|   12|          0|
    |agg_tmp_i_i_i139_i_i_reg_8638        |   8|   0|    8|          0|
    |agg_tmp_i_i_i_i140_i_1_reg_8723      |  12|   0|   12|          0|
    |agg_tmp_i_i_i_i140_i_reg_8718        |   8|   0|    8|          0|
    |agg_tmp_i_i_i_i_i_1_reg_8583         |  12|   0|   12|          0|
    |agg_tmp_i_i_i_i_i_reg_8578           |   8|   0|    8|          0|
    |agg_tmp_i_i_reg_8798                 |   8|   0|    8|          0|
    |ap_CS_fsm                            |   4|   0|    4|          0|
    |ap_done_reg                          |   1|   0|    1|          0|
    |ap_enable_reg_pp0_iter0              |   1|   0|    1|          0|
    |ap_enable_reg_pp0_iter1              |   1|   0|    1|          0|
    |i_1_reg_8569                         |   5|   0|    5|          0|
    |i_fu_888                             |   5|   0|    5|          0|
    |icmp_ln94_reg_8574                   |   1|   0|    1|          0|
    |pair_arr_value_10_fu_932             |   8|   0|    8|          0|
    |pair_arr_value_11_fu_936             |   8|   0|    8|          0|
    |pair_arr_value_12_fu_940             |   8|   0|    8|          0|
    |pair_arr_value_13_fu_944             |   8|   0|    8|          0|
    |pair_arr_value_14_fu_948             |   8|   0|    8|          0|
    |pair_arr_value_15_fu_952             |   8|   0|    8|          0|
    |pair_arr_value_16_fu_956             |   8|   0|    8|          0|
    |pair_arr_value_17_fu_960             |   8|   0|    8|          0|
    |pair_arr_value_18_fu_964             |   8|   0|    8|          0|
    |pair_arr_value_19_fu_968             |   8|   0|    8|          0|
    |pair_arr_value_1_fu_896              |   8|   0|    8|          0|
    |pair_arr_value_20_fu_972             |   8|   0|    8|          0|
    |pair_arr_value_21_fu_976             |   8|   0|    8|          0|
    |pair_arr_value_22_fu_980             |   8|   0|    8|          0|
    |pair_arr_value_23_fu_984             |   8|   0|    8|          0|
    |pair_arr_value_24_fu_988             |   8|   0|    8|          0|
    |pair_arr_value_25_fu_992             |   8|   0|    8|          0|
    |pair_arr_value_26_fu_996             |   8|   0|    8|          0|
    |pair_arr_value_27_fu_1000            |   8|   0|    8|          0|
    |pair_arr_value_28_fu_1004            |   8|   0|    8|          0|
    |pair_arr_value_29_fu_1008            |   8|   0|    8|          0|
    |pair_arr_value_2_fu_900              |   8|   0|    8|          0|
    |pair_arr_value_30_fu_1012            |   8|   0|    8|          0|
    |pair_arr_value_31_fu_1016            |   8|   0|    8|          0|
    |pair_arr_value_32_fu_1020            |   8|   0|    8|          0|
    |pair_arr_value_33_fu_1024            |   8|   0|    8|          0|
    |pair_arr_value_34_fu_1028            |   8|   0|    8|          0|
    |pair_arr_value_35_fu_1032            |   8|   0|    8|          0|
    |pair_arr_value_36_fu_1036            |   8|   0|    8|          0|
    |pair_arr_value_37_fu_1040            |   8|   0|    8|          0|
    |pair_arr_value_38_fu_1044            |   8|   0|    8|          0|
    |pair_arr_value_39_fu_1048            |   8|   0|    8|          0|
    |pair_arr_value_3_fu_904              |   8|   0|    8|          0|
    |pair_arr_value_40_fu_1052            |   8|   0|    8|          0|
    |pair_arr_value_41_fu_1056            |   8|   0|    8|          0|
    |pair_arr_value_42_fu_1060            |   8|   0|    8|          0|
    |pair_arr_value_43_fu_1064            |   8|   0|    8|          0|
    |pair_arr_value_44_fu_1068            |   8|   0|    8|          0|
    |pair_arr_value_45_fu_1072            |   8|   0|    8|          0|
    |pair_arr_value_46_fu_1076            |   8|   0|    8|          0|
    |pair_arr_value_47_fu_1080            |   8|   0|    8|          0|
    |pair_arr_value_48_fu_1084            |   8|   0|    8|          0|
    |pair_arr_value_49_fu_1088            |   8|   0|    8|          0|
    |pair_arr_value_4_fu_908              |   8|   0|    8|          0|
    |pair_arr_value_50_fu_1092            |   8|   0|    8|          0|
    |pair_arr_value_51_fu_1096            |   8|   0|    8|          0|
    |pair_arr_value_52_fu_1100            |   8|   0|    8|          0|
    |pair_arr_value_53_fu_1104            |   8|   0|    8|          0|
    |pair_arr_value_54_fu_1108            |   8|   0|    8|          0|
    |pair_arr_value_55_fu_1112            |   8|   0|    8|          0|
    |pair_arr_value_56_fu_1116            |   8|   0|    8|          0|
    |pair_arr_value_57_fu_1120            |   8|   0|    8|          0|
    |pair_arr_value_58_fu_1124            |   8|   0|    8|          0|
    |pair_arr_value_59_fu_1128            |   8|   0|    8|          0|
    |pair_arr_value_5_fu_912              |   8|   0|    8|          0|
    |pair_arr_value_60_fu_1132            |   8|   0|    8|          0|
    |pair_arr_value_61_fu_1136            |   8|   0|    8|          0|
    |pair_arr_value_62_fu_1140            |   8|   0|    8|          0|
    |pair_arr_value_63_fu_1144            |   8|   0|    8|          0|
    |pair_arr_value_64_fu_1148            |   8|   0|    8|          0|
    |pair_arr_value_65_fu_1152            |   8|   0|    8|          0|
    |pair_arr_value_66_fu_1156            |   8|   0|    8|          0|
    |pair_arr_value_67_fu_1160            |   8|   0|    8|          0|
    |pair_arr_value_68_fu_1164            |   8|   0|    8|          0|
    |pair_arr_value_69_fu_1168            |   8|   0|    8|          0|
    |pair_arr_value_6_fu_916              |   8|   0|    8|          0|
    |pair_arr_value_70_fu_1172            |   8|   0|    8|          0|
    |pair_arr_value_71_fu_1176            |   8|   0|    8|          0|
    |pair_arr_value_72_fu_1180            |   8|   0|    8|          0|
    |pair_arr_value_73_fu_1184            |   8|   0|    8|          0|
    |pair_arr_value_74_fu_1188            |   8|   0|    8|          0|
    |pair_arr_value_75_fu_1192            |   8|   0|    8|          0|
    |pair_arr_value_76_fu_1196            |   8|   0|    8|          0|
    |pair_arr_value_77_fu_1200            |   8|   0|    8|          0|
    |pair_arr_value_78_fu_1204            |   8|   0|    8|          0|
    |pair_arr_value_79_fu_1208            |   8|   0|    8|          0|
    |pair_arr_value_7_fu_920              |   8|   0|    8|          0|
    |pair_arr_value_80_fu_1212            |   8|   0|    8|          0|
    |pair_arr_value_81_fu_1216            |   8|   0|    8|          0|
    |pair_arr_value_82_fu_1220            |   8|   0|    8|          0|
    |pair_arr_value_83_fu_1224            |   8|   0|    8|          0|
    |pair_arr_value_84_fu_1228            |   8|   0|    8|          0|
    |pair_arr_value_85_fu_1232            |   8|   0|    8|          0|
    |pair_arr_value_86_fu_1236            |   8|   0|    8|          0|
    |pair_arr_value_87_fu_1240            |   8|   0|    8|          0|
    |pair_arr_value_88_fu_1244            |   8|   0|    8|          0|
    |pair_arr_value_89_fu_1248            |   8|   0|    8|          0|
    |pair_arr_value_8_fu_924              |   8|   0|    8|          0|
    |pair_arr_value_90_fu_1252            |   8|   0|    8|          0|
    |pair_arr_value_91_fu_1256            |   8|   0|    8|          0|
    |pair_arr_value_92_fu_1260            |   8|   0|    8|          0|
    |pair_arr_value_93_fu_1264            |   8|   0|    8|          0|
    |pair_arr_value_94_fu_1268            |   8|   0|    8|          0|
    |pair_arr_value_95_fu_1272            |   8|   0|    8|          0|
    |pair_arr_value_96_fu_1276            |   8|   0|    8|          0|
    |pair_arr_value_97_fu_1280            |   8|   0|    8|          0|
    |pair_arr_value_98_fu_1284            |   8|   0|    8|          0|
    |pair_arr_value_99_fu_1288            |   8|   0|    8|          0|
    |pair_arr_value_9_fu_928              |   8|   0|    8|          0|
    |pair_arr_value_fu_892                |   8|   0|    8|          0|
    |pair_value_10_fu_1328                |   8|   0|    8|          0|
    |pair_value_11_fu_1332                |   8|   0|    8|          0|
    |pair_value_12_fu_1336                |   8|   0|    8|          0|
    |pair_value_13_fu_1340                |   8|   0|    8|          0|
    |pair_value_14_fu_1344                |   8|   0|    8|          0|
    |pair_value_15_fu_1348                |   8|   0|    8|          0|
    |pair_value_16_fu_1352                |   8|   0|    8|          0|
    |pair_value_17_fu_1356                |   8|   0|    8|          0|
    |pair_value_18_fu_1360                |   8|   0|    8|          0|
    |pair_value_19_fu_1364                |   8|   0|    8|          0|
    |pair_value_1_fu_1292                 |   8|   0|    8|          0|
    |pair_value_20_fu_1368                |   8|   0|    8|          0|
    |pair_value_2_fu_1296                 |   8|   0|    8|          0|
    |pair_value_3_fu_1300                 |   8|   0|    8|          0|
    |pair_value_4_fu_1304                 |   8|   0|    8|          0|
    |pair_value_5_fu_1308                 |   8|   0|    8|          0|
    |pair_value_6_fu_1312                 |   8|   0|    8|          0|
    |pair_value_7_fu_1316                 |   8|   0|    8|          0|
    |pair_value_8_fu_1320                 |   8|   0|    8|          0|
    |pair_value_9_fu_1324                 |   8|   0|    8|          0|
    |reg_2728                             |   8|   0|    8|          0|
    |reg_2734                             |  12|   0|   12|          0|
    |reg_2740                             |   8|   0|    8|          0|
    |reg_2746                             |  12|   0|   12|          0|
    |sparse_arr_hash_0_out_0_fu_1372      |   4|   0|    4|          0|
    |sparse_arr_hash_10_out_0_fu_1412     |   4|   0|    4|          0|
    |sparse_arr_hash_11_out_0_fu_1416     |   4|   0|    4|          0|
    |sparse_arr_hash_12_out_0_fu_1420     |   4|   0|    4|          0|
    |sparse_arr_hash_13_out_0_fu_1424     |   4|   0|    4|          0|
    |sparse_arr_hash_14_out_0_fu_1428     |   4|   0|    4|          0|
    |sparse_arr_hash_15_out_0_fu_1432     |   4|   0|    4|          0|
    |sparse_arr_hash_16_out_0_fu_1436     |   4|   0|    4|          0|
    |sparse_arr_hash_17_out_0_fu_1440     |   4|   0|    4|          0|
    |sparse_arr_hash_18_out_0_fu_1444     |   4|   0|    4|          0|
    |sparse_arr_hash_19_out_0_fu_1448     |   4|   0|    4|          0|
    |sparse_arr_hash_1_out_0_fu_1376      |   4|   0|    4|          0|
    |sparse_arr_hash_20_out_0_fu_1452     |   4|   0|    4|          0|
    |sparse_arr_hash_21_out_0_fu_1456     |   4|   0|    4|          0|
    |sparse_arr_hash_22_out_0_fu_1460     |   4|   0|    4|          0|
    |sparse_arr_hash_23_out_0_fu_1464     |   4|   0|    4|          0|
    |sparse_arr_hash_24_out_0_fu_1468     |   4|   0|    4|          0|
    |sparse_arr_hash_25_out_0_fu_1472     |   4|   0|    4|          0|
    |sparse_arr_hash_26_out_0_fu_1476     |   4|   0|    4|          0|
    |sparse_arr_hash_27_out_0_fu_1480     |   4|   0|    4|          0|
    |sparse_arr_hash_28_out_0_fu_1484     |   4|   0|    4|          0|
    |sparse_arr_hash_29_out_0_fu_1488     |   4|   0|    4|          0|
    |sparse_arr_hash_2_out_0_fu_1380      |   4|   0|    4|          0|
    |sparse_arr_hash_30_out_0_fu_1492     |   4|   0|    4|          0|
    |sparse_arr_hash_31_out_0_fu_1496     |   4|   0|    4|          0|
    |sparse_arr_hash_32_out_0_fu_1500     |   4|   0|    4|          0|
    |sparse_arr_hash_33_out_0_fu_1504     |   4|   0|    4|          0|
    |sparse_arr_hash_34_out_0_fu_1508     |   4|   0|    4|          0|
    |sparse_arr_hash_35_out_0_fu_1512     |   4|   0|    4|          0|
    |sparse_arr_hash_36_out_0_fu_1516     |   4|   0|    4|          0|
    |sparse_arr_hash_37_out_0_fu_1520     |   4|   0|    4|          0|
    |sparse_arr_hash_38_out_0_fu_1524     |   4|   0|    4|          0|
    |sparse_arr_hash_39_out_0_fu_1528     |   4|   0|    4|          0|
    |sparse_arr_hash_3_out_0_fu_1384      |   4|   0|    4|          0|
    |sparse_arr_hash_4_out_0_fu_1388      |   4|   0|    4|          0|
    |sparse_arr_hash_5_out_0_fu_1392      |   4|   0|    4|          0|
    |sparse_arr_hash_6_out_0_fu_1396      |   4|   0|    4|          0|
    |sparse_arr_hash_7_out_0_fu_1400      |   4|   0|    4|          0|
    |sparse_arr_hash_8_out_0_fu_1404      |   4|   0|    4|          0|
    |sparse_arr_hash_9_out_0_fu_1408      |   4|   0|    4|          0|
    +-------------------------------------+----+----+-----+-----------+
    |Total                                |1658|   0| 1658|          0|
    +-------------------------------------+----+----+-----+-----------+



================================================================
== Interface
================================================================
* Summary: 
+--------------+-----+-----+------------+---------------------------------------------------------------------------+--------------+
|   RTL Ports  | Dir | Bits|  Protocol  |                               Source Object                               |    C Type    |
+--------------+-----+-----+------------+---------------------------------------------------------------------------+--------------+
|ap_clk        |   in|    1|  ap_ctrl_hs|  sparse_input_reduce<ap_fixed<8, 2, 5, 3, 0>, ap_uint<10>, 10, 10, 1, 20>4|  return value|
|ap_rst        |   in|    1|  ap_ctrl_hs|  sparse_input_reduce<ap_fixed<8, 2, 5, 3, 0>, ap_uint<10>, 10, 10, 1, 20>4|  return value|
|ap_start      |   in|    1|  ap_ctrl_hs|  sparse_input_reduce<ap_fixed<8, 2, 5, 3, 0>, ap_uint<10>, 10, 10, 1, 20>4|  return value|
|ap_done       |  out|    1|  ap_ctrl_hs|  sparse_input_reduce<ap_fixed<8, 2, 5, 3, 0>, ap_uint<10>, 10, 10, 1, 20>4|  return value|
|ap_continue   |   in|    1|  ap_ctrl_hs|  sparse_input_reduce<ap_fixed<8, 2, 5, 3, 0>, ap_uint<10>, 10, 10, 1, 20>4|  return value|
|ap_idle       |  out|    1|  ap_ctrl_hs|  sparse_input_reduce<ap_fixed<8, 2, 5, 3, 0>, ap_uint<10>, 10, 10, 1, 20>4|  return value|
|ap_ready      |  out|    1|  ap_ctrl_hs|  sparse_input_reduce<ap_fixed<8, 2, 5, 3, 0>, ap_uint<10>, 10, 10, 1, 20>4|  return value|
|ap_return_0   |  out|    8|  ap_ctrl_hs|  sparse_input_reduce<ap_fixed<8, 2, 5, 3, 0>, ap_uint<10>, 10, 10, 1, 20>4|  return value|
|ap_return_1   |  out|    8|  ap_ctrl_hs|  sparse_input_reduce<ap_fixed<8, 2, 5, 3, 0>, ap_uint<10>, 10, 10, 1, 20>4|  return value|
|ap_return_2   |  out|    8|  ap_ctrl_hs|  sparse_input_reduce<ap_fixed<8, 2, 5, 3, 0>, ap_uint<10>, 10, 10, 1, 20>4|  return value|
|ap_return_3   |  out|    8|  ap_ctrl_hs|  sparse_input_reduce<ap_fixed<8, 2, 5, 3, 0>, ap_uint<10>, 10, 10, 1, 20>4|  return value|
|ap_return_4   |  out|    8|  ap_ctrl_hs|  sparse_input_reduce<ap_fixed<8, 2, 5, 3, 0>, ap_uint<10>, 10, 10, 1, 20>4|  return value|
|ap_return_5   |  out|    8|  ap_ctrl_hs|  sparse_input_reduce<ap_fixed<8, 2, 5, 3, 0>, ap_uint<10>, 10, 10, 1, 20>4|  return value|
|ap_return_6   |  out|    8|  ap_ctrl_hs|  sparse_input_reduce<ap_fixed<8, 2, 5, 3, 0>, ap_uint<10>, 10, 10, 1, 20>4|  return value|
|ap_return_7   |  out|    8|  ap_ctrl_hs|  sparse_input_reduce<ap_fixed<8, 2, 5, 3, 0>, ap_uint<10>, 10, 10, 1, 20>4|  return value|
|ap_return_8   |  out|    8|  ap_ctrl_hs|  sparse_input_reduce<ap_fixed<8, 2, 5, 3, 0>, ap_uint<10>, 10, 10, 1, 20>4|  return value|
|ap_return_9   |  out|    8|  ap_ctrl_hs|  sparse_input_reduce<ap_fixed<8, 2, 5, 3, 0>, ap_uint<10>, 10, 10, 1, 20>4|  return value|
|ap_return_10  |  out|    8|  ap_ctrl_hs|  sparse_input_reduce<ap_fixed<8, 2, 5, 3, 0>, ap_uint<10>, 10, 10, 1, 20>4|  return value|
|ap_return_11  |  out|    8|  ap_ctrl_hs|  sparse_input_reduce<ap_fixed<8, 2, 5, 3, 0>, ap_uint<10>, 10, 10, 1, 20>4|  return value|
|ap_return_12  |  out|    8|  ap_ctrl_hs|  sparse_input_reduce<ap_fixed<8, 2, 5, 3, 0>, ap_uint<10>, 10, 10, 1, 20>4|  return value|
|ap_return_13  |  out|    8|  ap_ctrl_hs|  sparse_input_reduce<ap_fixed<8, 2, 5, 3, 0>, ap_uint<10>, 10, 10, 1, 20>4|  return value|
|ap_return_14  |  out|    8|  ap_ctrl_hs|  sparse_input_reduce<ap_fixed<8, 2, 5, 3, 0>, ap_uint<10>, 10, 10, 1, 20>4|  return value|
|ap_return_15  |  out|    8|  ap_ctrl_hs|  sparse_input_reduce<ap_fixed<8, 2, 5, 3, 0>, ap_uint<10>, 10, 10, 1, 20>4|  return value|
|ap_return_16  |  out|    8|  ap_ctrl_hs|  sparse_input_reduce<ap_fixed<8, 2, 5, 3, 0>, ap_uint<10>, 10, 10, 1, 20>4|  return value|
|ap_return_17  |  out|    8|  ap_ctrl_hs|  sparse_input_reduce<ap_fixed<8, 2, 5, 3, 0>, ap_uint<10>, 10, 10, 1, 20>4|  return value|
|ap_return_18  |  out|    8|  ap_ctrl_hs|  sparse_input_reduce<ap_fixed<8, 2, 5, 3, 0>, ap_uint<10>, 10, 10, 1, 20>4|  return value|
|ap_return_19  |  out|    8|  ap_ctrl_hs|  sparse_input_reduce<ap_fixed<8, 2, 5, 3, 0>, ap_uint<10>, 10, 10, 1, 20>4|  return value|
|ap_return_20  |  out|    4|  ap_ctrl_hs|  sparse_input_reduce<ap_fixed<8, 2, 5, 3, 0>, ap_uint<10>, 10, 10, 1, 20>4|  return value|
|ap_return_21  |  out|    4|  ap_ctrl_hs|  sparse_input_reduce<ap_fixed<8, 2, 5, 3, 0>, ap_uint<10>, 10, 10, 1, 20>4|  return value|
|ap_return_22  |  out|    4|  ap_ctrl_hs|  sparse_input_reduce<ap_fixed<8, 2, 5, 3, 0>, ap_uint<10>, 10, 10, 1, 20>4|  return value|
|ap_return_23  |  out|    4|  ap_ctrl_hs|  sparse_input_reduce<ap_fixed<8, 2, 5, 3, 0>, ap_uint<10>, 10, 10, 1, 20>4|  return value|
|ap_return_24  |  out|    4|  ap_ctrl_hs|  sparse_input_reduce<ap_fixed<8, 2, 5, 3, 0>, ap_uint<10>, 10, 10, 1, 20>4|  return value|
|ap_return_25  |  out|    4|  ap_ctrl_hs|  sparse_input_reduce<ap_fixed<8, 2, 5, 3, 0>, ap_uint<10>, 10, 10, 1, 20>4|  return value|
|ap_return_26  |  out|    4|  ap_ctrl_hs|  sparse_input_reduce<ap_fixed<8, 2, 5, 3, 0>, ap_uint<10>, 10, 10, 1, 20>4|  return value|
|ap_return_27  |  out|    4|  ap_ctrl_hs|  sparse_input_reduce<ap_fixed<8, 2, 5, 3, 0>, ap_uint<10>, 10, 10, 1, 20>4|  return value|
|ap_return_28  |  out|    4|  ap_ctrl_hs|  sparse_input_reduce<ap_fixed<8, 2, 5, 3, 0>, ap_uint<10>, 10, 10, 1, 20>4|  return value|
|ap_return_29  |  out|    4|  ap_ctrl_hs|  sparse_input_reduce<ap_fixed<8, 2, 5, 3, 0>, ap_uint<10>, 10, 10, 1, 20>4|  return value|
|ap_return_30  |  out|    4|  ap_ctrl_hs|  sparse_input_reduce<ap_fixed<8, 2, 5, 3, 0>, ap_uint<10>, 10, 10, 1, 20>4|  return value|
|ap_return_31  |  out|    4|  ap_ctrl_hs|  sparse_input_reduce<ap_fixed<8, 2, 5, 3, 0>, ap_uint<10>, 10, 10, 1, 20>4|  return value|
|ap_return_32  |  out|    4|  ap_ctrl_hs|  sparse_input_reduce<ap_fixed<8, 2, 5, 3, 0>, ap_uint<10>, 10, 10, 1, 20>4|  return value|
|ap_return_33  |  out|    4|  ap_ctrl_hs|  sparse_input_reduce<ap_fixed<8, 2, 5, 3, 0>, ap_uint<10>, 10, 10, 1, 20>4|  return value|
|ap_return_34  |  out|    4|  ap_ctrl_hs|  sparse_input_reduce<ap_fixed<8, 2, 5, 3, 0>, ap_uint<10>, 10, 10, 1, 20>4|  return value|
|ap_return_35  |  out|    4|  ap_ctrl_hs|  sparse_input_reduce<ap_fixed<8, 2, 5, 3, 0>, ap_uint<10>, 10, 10, 1, 20>4|  return value|
|ap_return_36  |  out|    4|  ap_ctrl_hs|  sparse_input_reduce<ap_fixed<8, 2, 5, 3, 0>, ap_uint<10>, 10, 10, 1, 20>4|  return value|
|ap_return_37  |  out|    4|  ap_ctrl_hs|  sparse_input_reduce<ap_fixed<8, 2, 5, 3, 0>, ap_uint<10>, 10, 10, 1, 20>4|  return value|
|ap_return_38  |  out|    4|  ap_ctrl_hs|  sparse_input_reduce<ap_fixed<8, 2, 5, 3, 0>, ap_uint<10>, 10, 10, 1, 20>4|  return value|
|ap_return_39  |  out|    4|  ap_ctrl_hs|  sparse_input_reduce<ap_fixed<8, 2, 5, 3, 0>, ap_uint<10>, 10, 10, 1, 20>4|  return value|
|ap_return_40  |  out|    4|  ap_ctrl_hs|  sparse_input_reduce<ap_fixed<8, 2, 5, 3, 0>, ap_uint<10>, 10, 10, 1, 20>4|  return value|
|ap_return_41  |  out|    4|  ap_ctrl_hs|  sparse_input_reduce<ap_fixed<8, 2, 5, 3, 0>, ap_uint<10>, 10, 10, 1, 20>4|  return value|
|ap_return_42  |  out|    4|  ap_ctrl_hs|  sparse_input_reduce<ap_fixed<8, 2, 5, 3, 0>, ap_uint<10>, 10, 10, 1, 20>4|  return value|
|ap_return_43  |  out|    4|  ap_ctrl_hs|  sparse_input_reduce<ap_fixed<8, 2, 5, 3, 0>, ap_uint<10>, 10, 10, 1, 20>4|  return value|
|ap_return_44  |  out|    4|  ap_ctrl_hs|  sparse_input_reduce<ap_fixed<8, 2, 5, 3, 0>, ap_uint<10>, 10, 10, 1, 20>4|  return value|
|ap_return_45  |  out|    4|  ap_ctrl_hs|  sparse_input_reduce<ap_fixed<8, 2, 5, 3, 0>, ap_uint<10>, 10, 10, 1, 20>4|  return value|
|ap_return_46  |  out|    4|  ap_ctrl_hs|  sparse_input_reduce<ap_fixed<8, 2, 5, 3, 0>, ap_uint<10>, 10, 10, 1, 20>4|  return value|
|ap_return_47  |  out|    4|  ap_ctrl_hs|  sparse_input_reduce<ap_fixed<8, 2, 5, 3, 0>, ap_uint<10>, 10, 10, 1, 20>4|  return value|
|ap_return_48  |  out|    4|  ap_ctrl_hs|  sparse_input_reduce<ap_fixed<8, 2, 5, 3, 0>, ap_uint<10>, 10, 10, 1, 20>4|  return value|
|ap_return_49  |  out|    4|  ap_ctrl_hs|  sparse_input_reduce<ap_fixed<8, 2, 5, 3, 0>, ap_uint<10>, 10, 10, 1, 20>4|  return value|
|ap_return_50  |  out|    4|  ap_ctrl_hs|  sparse_input_reduce<ap_fixed<8, 2, 5, 3, 0>, ap_uint<10>, 10, 10, 1, 20>4|  return value|
|ap_return_51  |  out|    4|  ap_ctrl_hs|  sparse_input_reduce<ap_fixed<8, 2, 5, 3, 0>, ap_uint<10>, 10, 10, 1, 20>4|  return value|
|ap_return_52  |  out|    4|  ap_ctrl_hs|  sparse_input_reduce<ap_fixed<8, 2, 5, 3, 0>, ap_uint<10>, 10, 10, 1, 20>4|  return value|
|ap_return_53  |  out|    4|  ap_ctrl_hs|  sparse_input_reduce<ap_fixed<8, 2, 5, 3, 0>, ap_uint<10>, 10, 10, 1, 20>4|  return value|
|ap_return_54  |  out|    4|  ap_ctrl_hs|  sparse_input_reduce<ap_fixed<8, 2, 5, 3, 0>, ap_uint<10>, 10, 10, 1, 20>4|  return value|
|ap_return_55  |  out|    4|  ap_ctrl_hs|  sparse_input_reduce<ap_fixed<8, 2, 5, 3, 0>, ap_uint<10>, 10, 10, 1, 20>4|  return value|
|ap_return_56  |  out|    4|  ap_ctrl_hs|  sparse_input_reduce<ap_fixed<8, 2, 5, 3, 0>, ap_uint<10>, 10, 10, 1, 20>4|  return value|
|ap_return_57  |  out|    4|  ap_ctrl_hs|  sparse_input_reduce<ap_fixed<8, 2, 5, 3, 0>, ap_uint<10>, 10, 10, 1, 20>4|  return value|
|ap_return_58  |  out|    4|  ap_ctrl_hs|  sparse_input_reduce<ap_fixed<8, 2, 5, 3, 0>, ap_uint<10>, 10, 10, 1, 20>4|  return value|
|ap_return_59  |  out|    4|  ap_ctrl_hs|  sparse_input_reduce<ap_fixed<8, 2, 5, 3, 0>, ap_uint<10>, 10, 10, 1, 20>4|  return value|
|x_in          |   in|  800|      ap_vld|                                                                       x_in|       pointer|
|x_in_ap_vld   |   in|    1|      ap_vld|                                                                       x_in|       pointer|
+--------------+-----+-----+------------+---------------------------------------------------------------------------+--------------+

