

================================================================
== Vitis HLS Report for 'sparse_pooling_avg_ap_fixed_ap_fixed_8_2_5_3_0_ap_uint_10_5_2_2_s'
================================================================
* Date:           Wed Jul 23 19:51:09 2025

* Version:        2023.1 (Build 3854077 on May  4 2023)
* Project:        hls_dummy_prj
* Solution:       solution1 (Vivado IP Flow Target)
* Product family: virtexuplus
* Target device:  xcu250-figd2104-2L-e


================================================================
== Performance Estimates
================================================================
+ Timing: 
    * Summary: 
    +--------+---------+----------+------------+
    |  Clock |  Target | Estimated| Uncertainty|
    +--------+---------+----------+------------+
    |ap_clk  |  5.00 ns|  3.590 ns|     1.35 ns|
    +--------+---------+----------+------------+

+ Latency: 
    * Summary: 
    +---------+---------+-----------+-----------+-----+-----+---------+
    |  Latency (cycles) |   Latency (absolute)  |  Interval | Pipeline|
    |   min   |   max   |    min    |    max    | min | max |   Type  |
    +---------+---------+-----------+-----------+-----+-----+---------+
    |        2|        2|  10.000 ns|  10.000 ns|    2|    2|       no|
    +---------+---------+-----------+-----------+-----+-----+---------+

    + Detail: 
        * Instance: 
        N/A

        * Loop: 
        N/A



================================================================
== Utilization Estimates
================================================================
* Summary: 
+---------------------+---------+-------+---------+---------+------+
|         Name        | BRAM_18K|  DSP  |    FF   |   LUT   | URAM |
+---------------------+---------+-------+---------+---------+------+
|DSP                  |        -|      -|        -|        -|     -|
|Expression           |        -|      -|        0|     2362|     -|
|FIFO                 |        -|      -|        -|        -|     -|
|Instance             |        -|      -|        -|        -|     -|
|Memory               |        -|      -|        -|        -|     -|
|Multiplexer          |        -|      -|        -|      209|     -|
|Register             |        -|      -|      273|        -|     -|
+---------------------+---------+-------+---------+---------+------+
|Total                |        0|      0|      273|     2571|     0|
+---------------------+---------+-------+---------+---------+------+
|Available SLR        |     1344|   3072|   864000|   432000|   320|
+---------------------+---------+-------+---------+---------+------+
|Utilization SLR (%)  |        0|      0|       ~0|       ~0|     0|
+---------------------+---------+-------+---------+---------+------+
|Available            |     5376|  12288|  3456000|  1728000|  1280|
+---------------------+---------+-------+---------+---------+------+
|Utilization (%)      |        0|      0|       ~0|       ~0|     0|
+---------------------+---------+-------+---------+---------+------+

+ Detail: 
    * Instance: 
    N/A

    * DSP: 
    N/A

    * Memory: 
    N/A

    * FIFO: 
    N/A

    * Expression: 
    +----------------------------+----------+----+---+----+------------+------------+
    |        Variable Name       | Operation| DSP| FF| LUT| Bitwidth P0| Bitwidth P1|
    +----------------------------+----------+----+---+----+------------+------------+
    |acc_11_fu_1440_p2           |         +|   0|  0|  15|           8|           8|
    |acc_13_fu_1450_p2           |         +|   0|  0|  15|           8|           8|
    |acc_15_fu_1228_p2           |         +|   0|  0|  15|           8|           8|
    |acc_17_fu_1510_p2           |         +|   0|  0|  15|           8|           8|
    |acc_19_fu_1520_p2           |         +|   0|  0|  15|           8|           8|
    |acc_21_fu_1290_p2           |         +|   0|  0|  15|           8|           8|
    |acc_23_fu_1582_p2           |         +|   0|  0|  15|           8|           8|
    |acc_25_fu_1592_p2           |         +|   0|  0|  15|           8|           8|
    |acc_27_fu_1654_p2           |         +|   0|  0|  15|           8|           8|
    |acc_29_fu_1670_p2           |         +|   0|  0|  15|           8|           8|
    |acc_2_fu_1100_p2            |         +|   0|  0|  15|           8|           8|
    |acc_31_fu_1732_p2           |         +|   0|  0|  15|           8|           8|
    |acc_33_fu_1748_p2           |         +|   0|  0|  15|           8|           8|
    |acc_35_fu_1810_p2           |         +|   0|  0|  15|           8|           8|
    |acc_37_fu_1816_p2           |         +|   0|  0|  15|           8|           8|
    |acc_4_fu_1370_p2            |         +|   0|  0|  15|           8|           8|
    |acc_6_fu_1380_p2            |         +|   0|  0|  15|           8|           8|
    |acc_7_fu_1162_p2            |         +|   0|  0|  15|           8|           8|
    |acc_9_fu_1184_p2            |         +|   0|  0|  15|           8|           8|
    |acc_fu_1064_p2              |         +|   0|  0|  15|           8|           8|
    |add_ln246_2_fu_388_p2       |         +|   0|  0|  12|           5|           2|
    |add_ln246_4_fu_556_p2       |         +|   0|  0|  12|           5|           2|
    |add_ln246_6_fu_760_p2       |         +|   0|  0|  12|           5|           2|
    |add_ln246_8_fu_887_p2       |         +|   0|  0|  12|           5|           2|
    |add_ln246_fu_220_p2         |         +|   0|  0|  12|           5|           2|
    |add_ln247_2_fu_472_p2       |         +|   0|  0|  12|           5|           2|
    |add_ln247_4_fu_640_p2       |         +|   0|  0|  12|           5|           2|
    |add_ln247_6_fu_822_p2       |         +|   0|  0|  12|           5|           2|
    |add_ln247_8_fu_970_p2       |         +|   0|  0|  12|           5|           2|
    |add_ln247_fu_304_p2         |         +|   0|  0|  12|           5|           2|
    |h_in_5_fu_630_p2            |         +|   0|  0|  20|          13|           1|
    |h_in_6_fu_816_p2            |         +|   0|  0|  20|          13|           1|
    |h_in_7_fu_961_p2            |         +|   0|  0|  20|          13|           1|
    |h_in_fu_462_p2              |         +|   0|  0|  20|          13|           1|
    |h_out_4_fu_294_p2           |         +|   0|  0|  20|          13|           1|
    |w_in_5_fu_714_p2            |         +|   0|  0|  20|          13|           1|
    |w_in_6_fu_878_p2            |         +|   0|  0|  20|          13|           1|
    |w_in_7_fu_1044_p2           |         +|   0|  0|  20|          13|           1|
    |w_in_fu_546_p2              |         +|   0|  0|  20|          13|           1|
    |w_out_4_fu_378_p2           |         +|   0|  0|  20|          13|           1|
    |sub_ln246_1_fu_258_p2       |         -|   0|  0|  19|           1|          12|
    |sub_ln246_2_fu_402_p2       |         -|   0|  0|  12|           1|           5|
    |sub_ln246_3_fu_426_p2       |         -|   0|  0|  19|           1|          12|
    |sub_ln246_4_fu_570_p2       |         -|   0|  0|  12|           1|           5|
    |sub_ln246_5_fu_594_p2       |         -|   0|  0|  19|           1|          12|
    |sub_ln246_6_fu_724_p2       |         -|   0|  0|  12|           1|           5|
    |sub_ln246_7_fu_780_p2       |         -|   0|  0|  19|           1|          12|
    |sub_ln246_8_fu_901_p2       |         -|   0|  0|  12|           1|           5|
    |sub_ln246_9_fu_925_p2       |         -|   0|  0|  19|           1|          12|
    |sub_ln246_fu_234_p2         |         -|   0|  0|  12|           1|           5|
    |sub_ln247_1_fu_342_p2       |         -|   0|  0|  19|           1|          12|
    |sub_ln247_2_fu_486_p2       |         -|   0|  0|  12|           1|           5|
    |sub_ln247_3_fu_510_p2       |         -|   0|  0|  19|           1|          12|
    |sub_ln247_4_fu_654_p2       |         -|   0|  0|  12|           1|           5|
    |sub_ln247_5_fu_678_p2       |         -|   0|  0|  19|           1|          12|
    |sub_ln247_6_fu_744_p2       |         -|   0|  0|  12|           1|           5|
    |sub_ln247_7_fu_842_p2       |         -|   0|  0|  19|           1|          12|
    |sub_ln247_8_fu_984_p2       |         -|   0|  0|  12|           1|           5|
    |sub_ln247_9_fu_1008_p2      |         -|   0|  0|  19|           1|          12|
    |sub_ln247_fu_318_p2         |         -|   0|  0|  12|           1|           5|
    |sub_ln291_10_fu_1776_p2     |         -|   0|  0|  24|           1|          17|
    |sub_ln291_11_fu_1790_p2     |         -|   0|  0|  33|           1|          26|
    |sub_ln291_12_fu_1837_p2     |         -|   0|  0|  24|           1|          17|
    |sub_ln291_13_fu_1851_p2     |         -|   0|  0|  33|           1|          26|
    |sub_ln291_14_fu_1886_p2     |         -|   0|  0|  24|           1|          17|
    |sub_ln291_15_fu_1900_p2     |         -|   0|  0|  33|           1|          26|
    |sub_ln291_16_fu_1935_p2     |         -|   0|  0|  24|           1|          17|
    |sub_ln291_17_fu_1949_p2     |         -|   0|  0|  33|           1|          26|
    |sub_ln291_18_fu_1984_p2     |         -|   0|  0|  24|           1|          17|
    |sub_ln291_19_fu_1998_p2     |         -|   0|  0|  33|           1|          26|
    |sub_ln291_1_fu_1420_p2      |         -|   0|  0|  33|           1|          26|
    |sub_ln291_2_fu_1476_p2      |         -|   0|  0|  24|           1|          17|
    |sub_ln291_3_fu_1490_p2      |         -|   0|  0|  33|           1|          26|
    |sub_ln291_4_fu_1548_p2      |         -|   0|  0|  24|           1|          17|
    |sub_ln291_5_fu_1562_p2      |         -|   0|  0|  33|           1|          26|
    |sub_ln291_6_fu_1620_p2      |         -|   0|  0|  24|           1|          17|
    |sub_ln291_7_fu_1634_p2      |         -|   0|  0|  33|           1|          26|
    |sub_ln291_8_fu_1698_p2      |         -|   0|  0|  24|           1|          17|
    |sub_ln291_9_fu_1712_p2      |         -|   0|  0|  33|           1|          26|
    |sub_ln291_fu_1406_p2        |         -|   0|  0|  24|           1|          17|
    |and_ln284_1_fu_1094_p2      |       and|   0|  0|   2|           1|           1|
    |and_ln284_2_fu_1132_p2      |       and|   0|  0|   2|           1|           1|
    |and_ln284_3_fu_1156_p2      |       and|   0|  0|   2|           1|           1|
    |and_ln284_4_fu_1222_p2      |       and|   0|  0|   2|           1|           1|
    |and_ln284_5_fu_1260_p2      |       and|   0|  0|   2|           1|           1|
    |and_ln284_6_fu_1284_p2      |       and|   0|  0|   2|           1|           1|
    |and_ln284_7_fu_1330_p2      |       and|   0|  0|   2|           1|           1|
    |and_ln284_8_fu_1346_p2      |       and|   0|  0|   2|           1|           1|
    |and_ln284_9_fu_1364_p2      |       and|   0|  0|   2|           1|           1|
    |and_ln284_fu_1058_p2        |       and|   0|  0|   2|           1|           1|
    |icmp_ln284_10_fu_1250_p2    |      icmp|   0|  0|  20|          13|          13|
    |icmp_ln284_11_fu_1255_p2    |      icmp|   0|  0|  20|          13|          13|
    |icmp_ln284_12_fu_1274_p2    |      icmp|   0|  0|  20|          13|          13|
    |icmp_ln284_13_fu_1279_p2    |      icmp|   0|  0|  20|          13|          13|
    |icmp_ln284_14_fu_1320_p2    |      icmp|   0|  0|  20|          13|          13|
    |icmp_ln284_15_fu_1325_p2    |      icmp|   0|  0|  20|          13|          13|
    |icmp_ln284_16_fu_1336_p2    |      icmp|   0|  0|  20|          13|          13|
    |icmp_ln284_17_fu_1341_p2    |      icmp|   0|  0|  20|          13|          13|
    |icmp_ln284_18_fu_1352_p2    |      icmp|   0|  0|  20|          13|          13|
    |icmp_ln284_19_fu_1358_p2    |      icmp|   0|  0|  20|          13|          13|
    |icmp_ln284_1_fu_1054_p2     |      icmp|   0|  0|  20|          13|          13|
    |icmp_ln284_2_fu_1086_p2     |      icmp|   0|  0|  20|          13|          13|
    |icmp_ln284_3_fu_1090_p2     |      icmp|   0|  0|  20|          13|          13|
    |icmp_ln284_4_fu_1122_p2     |      icmp|   0|  0|  20|          13|          13|
    |icmp_ln284_5_fu_1127_p2     |      icmp|   0|  0|  20|          13|          13|
    |icmp_ln284_6_fu_1146_p2     |      icmp|   0|  0|  20|          13|          13|
    |icmp_ln284_7_fu_1151_p2     |      icmp|   0|  0|  20|          13|          13|
    |icmp_ln284_8_fu_1214_p2     |      icmp|   0|  0|  20|          13|          13|
    |icmp_ln284_9_fu_1218_p2     |      icmp|   0|  0|  20|          13|          13|
    |icmp_ln284_fu_1050_p2       |      icmp|   0|  0|  20|          13|          13|
    |ap_block_state1             |        or|   0|  0|   2|           1|           1|
    |acc_10_fu_1198_p3           |    select|   0|  0|   8|           1|           8|
    |acc_12_fu_1444_p3           |    select|   0|  0|   8|           1|           8|
    |acc_16_fu_1242_p3           |    select|   0|  0|   8|           1|           8|
    |acc_18_fu_1514_p3           |    select|   0|  0|   8|           1|           8|
    |acc_1_fu_1078_p3            |    select|   0|  0|   8|           1|           8|
    |acc_22_fu_1304_p3           |    select|   0|  0|   8|           1|           8|
    |acc_24_fu_1586_p3           |    select|   0|  0|   8|           1|           8|
    |acc_28_fu_1664_p3           |    select|   0|  0|   8|           1|           8|
    |acc_32_fu_1742_p3           |    select|   0|  0|   8|           1|           8|
    |acc_3_fu_1114_p3            |    select|   0|  0|   8|           1|           8|
    |acc_5_fu_1374_p3            |    select|   0|  0|   8|           1|           8|
    |acc_8_fu_1176_p3            |    select|   0|  0|   8|           1|           8|
    |data_10_fu_1312_p3          |    select|   0|  0|   8|           1|           1|
    |data_11_fu_1598_p3          |    select|   0|  0|   8|           1|           1|
    |data_12_fu_1266_p3          |    select|   0|  0|   8|           1|           1|
    |data_14_fu_1676_p3          |    select|   0|  0|   8|           1|           1|
    |data_16_fu_1754_p3          |    select|   0|  0|   8|           1|           1|
    |data_18_fu_1070_p3          |    select|   0|  0|   8|           1|           1|
    |data_19_fu_1234_p3          |    select|   0|  0|   8|           1|           1|
    |data_20_fu_1168_p3          |    select|   0|  0|   8|           1|           1|
    |data_21_fu_1658_p3          |    select|   0|  0|   8|           1|           1|
    |data_22_fu_1296_p3          |    select|   0|  0|   8|           1|           1|
    |data_23_fu_1736_p3          |    select|   0|  0|   8|           1|           1|
    |data_2_fu_1385_p3           |    select|   0|  0|   8|           1|           1|
    |data_3_fu_1190_p3           |    select|   0|  0|   8|           1|           1|
    |data_4_fu_1455_p3           |    select|   0|  0|   8|           1|           1|
    |data_5_fu_1106_p3           |    select|   0|  0|   8|           1|           1|
    |data_7_fu_1526_p3           |    select|   0|  0|   8|           1|           1|
    |data_9_fu_1206_p3           |    select|   0|  0|   8|           1|           1|
    |data_fu_1138_p3             |    select|   0|  0|   8|           1|           1|
    |select_ln246_1_fu_450_p3    |    select|   0|  0|  12|           1|          12|
    |select_ln246_2_fu_618_p3    |    select|   0|  0|  12|           1|          12|
    |select_ln246_3_fu_804_p3    |    select|   0|  0|  12|           1|          12|
    |select_ln246_4_fu_949_p3    |    select|   0|  0|  12|           1|          12|
    |select_ln246_fu_282_p3      |    select|   0|  0|  12|           1|          12|
    |select_ln247_1_fu_534_p3    |    select|   0|  0|  12|           1|          12|
    |select_ln247_2_fu_702_p3    |    select|   0|  0|  12|           1|          12|
    |select_ln247_3_fu_866_p3    |    select|   0|  0|  12|           1|          12|
    |select_ln247_4_fu_1032_p3   |    select|   0|  0|  12|           1|          12|
    |select_ln247_fu_366_p3      |    select|   0|  0|  12|           1|          12|
    |select_ln284_13_fu_1461_p3  |    select|   0|  0|   8|           1|           8|
    |select_ln284_16_fu_1533_p3  |    select|   0|  0|   8|           1|           8|
    |select_ln284_22_fu_1605_p3  |    select|   0|  0|   8|           1|           8|
    |select_ln284_26_fu_1761_p3  |    select|   0|  0|   8|           1|           8|
    |select_ln284_27_fu_1822_p3  |    select|   0|  0|   8|           1|           8|
    |select_ln284_28_fu_1871_p3  |    select|   0|  0|   8|           1|           8|
    |select_ln284_29_fu_1920_p3  |    select|   0|  0|   8|           1|           1|
    |select_ln284_30_fu_1969_p3  |    select|   0|  0|   8|           1|           1|
    |select_ln284_5_fu_1391_p3   |    select|   0|  0|   8|           1|           8|
    |select_ln284_fu_1683_p3     |    select|   0|  0|   8|           1|           8|
    +----------------------------+----------+----+---+----+------------+------------+
    |Total                       |          |   0|  0|2362|         701|        1361|
    +----------------------------+----------+----+---+----+------------+------------+

    * Multiplexer: 
    +----------------------------+----+-----------+-----+-----------+
    |            Name            | LUT| Input Size| Bits| Total Bits|
    +----------------------------+----+-----------+-----+-----------+
    |ap_NS_fsm                   |  20|          4|    1|          4|
    |ap_done                     |   9|          2|    1|          2|
    |ap_return_0                 |   9|          2|    8|         16|
    |ap_return_1                 |   9|          2|    8|         16|
    |ap_return_2                 |   9|          2|    8|         16|
    |ap_return_3                 |   9|          2|    8|         16|
    |ap_return_4                 |   9|          2|    8|         16|
    |ap_return_5                 |   9|          2|    8|         16|
    |ap_return_6                 |   9|          2|    8|         16|
    |ap_return_7                 |   9|          2|    8|         16|
    |ap_return_8                 |   9|          2|    8|         16|
    |ap_return_9                 |   9|          2|    8|         16|
    |sparse_arr_hash_in_0_blk_n  |   9|          2|    1|          2|
    |sparse_arr_hash_in_1_blk_n  |   9|          2|    1|          2|
    |sparse_arr_hash_in_2_blk_n  |   9|          2|    1|          2|
    |sparse_arr_hash_in_3_blk_n  |   9|          2|    1|          2|
    |sparse_arr_hash_in_4_blk_n  |   9|          2|    1|          2|
    |sparse_arr_hash_in_5_blk_n  |   9|          2|    1|          2|
    |sparse_arr_hash_in_6_blk_n  |   9|          2|    1|          2|
    |sparse_arr_hash_in_7_blk_n  |   9|          2|    1|          2|
    |sparse_arr_hash_in_8_blk_n  |   9|          2|    1|          2|
    |sparse_arr_hash_in_9_blk_n  |   9|          2|    1|          2|
    +----------------------------+----+-----------+-----+-----------+
    |Total                       | 209|         46|   92|        186|
    +----------------------------+----+-----------+-----+-----------+

    * Register: 
    +------------------------------------+----+----+-----+-----------+
    |                Name                | FF | LUT| Bits| Const Bits|
    +------------------------------------+----+----+-----+-----------+
    |acc_10_reg_2203                     |   8|   0|    8|          0|
    |acc_16_reg_2220                     |   8|   0|    8|          0|
    |acc_22_reg_2252                     |   8|   0|    8|          0|
    |acc_3_reg_2178                      |   8|   0|    8|          0|
    |and_ln284_2_reg_2184                |   1|   0|    1|          0|
    |and_ln284_3_reg_2195                |   1|   0|    1|          0|
    |and_ln284_5_reg_2226                |   1|   0|    1|          0|
    |and_ln284_6_reg_2238                |   1|   0|    1|          0|
    |and_ln284_7_reg_2264                |   1|   0|    1|          0|
    |and_ln284_8_reg_2272                |   1|   0|    1|          0|
    |and_ln284_9_reg_2280                |   1|   0|    1|          0|
    |ap_CS_fsm                           |   3|   0|    3|          0|
    |ap_done_reg                         |   1|   0|    1|          0|
    |ap_return_0_preg                    |   8|   0|    8|          0|
    |ap_return_1_preg                    |   8|   0|    8|          0|
    |ap_return_2_preg                    |   8|   0|    8|          0|
    |ap_return_3_preg                    |   8|   0|    8|          0|
    |ap_return_4_preg                    |   8|   0|    8|          0|
    |ap_return_5_preg                    |   8|   0|    8|          0|
    |ap_return_6_preg                    |   8|   0|    8|          0|
    |ap_return_7_preg                    |   8|   0|    8|          0|
    |ap_return_8_preg                    |   8|   0|    8|          0|
    |ap_return_9_preg                    |   8|   0|    8|          0|
    |data_10_reg_2258                    |   8|   0|    8|          0|
    |data_12_reg_2232                    |   8|   0|    8|          0|
    |data_19_reg_2214                    |   8|   0|    8|          0|
    |data_22_reg_2246                    |   8|   0|    8|          0|
    |data_9_reg_2209                     |   8|   0|    8|          0|
    |data_reg_2190                       |   8|   0|    8|          0|
    |h_in_5_reg_2120                     |  13|   0|   13|          0|
    |h_in_reg_2104                       |  13|   0|   13|          0|
    |h_out_4_reg_2088                    |  13|   0|   13|          0|
    |sparse_arr_hash_in_8_read_reg_2083  |   4|   0|    4|          0|
    |sparse_arr_hash_in_9_read_reg_2078  |   4|   0|    4|          0|
    |trunc_ln246_s_reg_2141              |   4|   0|    4|          0|
    |trunc_ln247_s_reg_2151              |   4|   0|    4|          0|
    |w_in_5_reg_2128                     |  13|   0|   13|          0|
    |w_in_reg_2112                       |  13|   0|   13|          0|
    |w_out_4_reg_2096                    |  13|   0|   13|          0|
    |zext_ln246_3_reg_2136               |   4|   0|    5|          1|
    |zext_ln247_3_reg_2146               |   4|   0|    5|          1|
    +------------------------------------+----+----+-----+-----------+
    |Total                               | 273|   0|  275|          2|
    +------------------------------------+----+----+-----+-----------+



================================================================
== Interface
================================================================
* Summary: 
+-------------------------------------+-----+-----+------------+--------------------------------------------------------------------+--------------+
|              RTL Ports              | Dir | Bits|  Protocol  |                            Source Object                           |    C Type    |
+-------------------------------------+-----+-----+------------+--------------------------------------------------------------------+--------------+
|ap_clk                               |   in|    1|  ap_ctrl_hs|  sparse_pooling_avg<ap_fixed,ap_fixed<8,2,5,3,0>,ap_uint<10>,5,2,2>|  return value|
|ap_rst                               |   in|    1|  ap_ctrl_hs|  sparse_pooling_avg<ap_fixed,ap_fixed<8,2,5,3,0>,ap_uint<10>,5,2,2>|  return value|
|ap_start                             |   in|    1|  ap_ctrl_hs|  sparse_pooling_avg<ap_fixed,ap_fixed<8,2,5,3,0>,ap_uint<10>,5,2,2>|  return value|
|ap_done                              |  out|    1|  ap_ctrl_hs|  sparse_pooling_avg<ap_fixed,ap_fixed<8,2,5,3,0>,ap_uint<10>,5,2,2>|  return value|
|ap_continue                          |   in|    1|  ap_ctrl_hs|  sparse_pooling_avg<ap_fixed,ap_fixed<8,2,5,3,0>,ap_uint<10>,5,2,2>|  return value|
|ap_idle                              |  out|    1|  ap_ctrl_hs|  sparse_pooling_avg<ap_fixed,ap_fixed<8,2,5,3,0>,ap_uint<10>,5,2,2>|  return value|
|ap_ready                             |  out|    1|  ap_ctrl_hs|  sparse_pooling_avg<ap_fixed,ap_fixed<8,2,5,3,0>,ap_uint<10>,5,2,2>|  return value|
|ap_return_0                          |  out|    8|  ap_ctrl_hs|  sparse_pooling_avg<ap_fixed,ap_fixed<8,2,5,3,0>,ap_uint<10>,5,2,2>|  return value|
|ap_return_1                          |  out|    8|  ap_ctrl_hs|  sparse_pooling_avg<ap_fixed,ap_fixed<8,2,5,3,0>,ap_uint<10>,5,2,2>|  return value|
|ap_return_2                          |  out|    8|  ap_ctrl_hs|  sparse_pooling_avg<ap_fixed,ap_fixed<8,2,5,3,0>,ap_uint<10>,5,2,2>|  return value|
|ap_return_3                          |  out|    8|  ap_ctrl_hs|  sparse_pooling_avg<ap_fixed,ap_fixed<8,2,5,3,0>,ap_uint<10>,5,2,2>|  return value|
|ap_return_4                          |  out|    8|  ap_ctrl_hs|  sparse_pooling_avg<ap_fixed,ap_fixed<8,2,5,3,0>,ap_uint<10>,5,2,2>|  return value|
|ap_return_5                          |  out|    8|  ap_ctrl_hs|  sparse_pooling_avg<ap_fixed,ap_fixed<8,2,5,3,0>,ap_uint<10>,5,2,2>|  return value|
|ap_return_6                          |  out|    8|  ap_ctrl_hs|  sparse_pooling_avg<ap_fixed,ap_fixed<8,2,5,3,0>,ap_uint<10>,5,2,2>|  return value|
|ap_return_7                          |  out|    8|  ap_ctrl_hs|  sparse_pooling_avg<ap_fixed,ap_fixed<8,2,5,3,0>,ap_uint<10>,5,2,2>|  return value|
|ap_return_8                          |  out|    8|  ap_ctrl_hs|  sparse_pooling_avg<ap_fixed,ap_fixed<8,2,5,3,0>,ap_uint<10>,5,2,2>|  return value|
|ap_return_9                          |  out|    8|  ap_ctrl_hs|  sparse_pooling_avg<ap_fixed,ap_fixed<8,2,5,3,0>,ap_uint<10>,5,2,2>|  return value|
|p_read                               |   in|    8|     ap_none|                                                              p_read|        scalar|
|p_read1                              |   in|    8|     ap_none|                                                             p_read1|        scalar|
|p_read2                              |   in|    8|     ap_none|                                                             p_read2|        scalar|
|p_read3                              |   in|    8|     ap_none|                                                             p_read3|        scalar|
|p_read4                              |   in|    8|     ap_none|                                                             p_read4|        scalar|
|p_read5                              |   in|    8|     ap_none|                                                             p_read5|        scalar|
|p_read6                              |   in|    8|     ap_none|                                                             p_read6|        scalar|
|p_read7                              |   in|    8|     ap_none|                                                             p_read7|        scalar|
|p_read8                              |   in|    8|     ap_none|                                                             p_read8|        scalar|
|p_read9                              |   in|    8|     ap_none|                                                             p_read9|        scalar|
|sparse_arr_hash_in_0_dout            |   in|    4|     ap_fifo|                                                sparse_arr_hash_in_0|       pointer|
|sparse_arr_hash_in_0_num_data_valid  |   in|    2|     ap_fifo|                                                sparse_arr_hash_in_0|       pointer|
|sparse_arr_hash_in_0_fifo_cap        |   in|    2|     ap_fifo|                                                sparse_arr_hash_in_0|       pointer|
|sparse_arr_hash_in_0_empty_n         |   in|    1|     ap_fifo|                                                sparse_arr_hash_in_0|       pointer|
|sparse_arr_hash_in_0_read            |  out|    1|     ap_fifo|                                                sparse_arr_hash_in_0|       pointer|
|sparse_arr_hash_in_1_dout            |   in|    4|     ap_fifo|                                                sparse_arr_hash_in_1|       pointer|
|sparse_arr_hash_in_1_num_data_valid  |   in|    2|     ap_fifo|                                                sparse_arr_hash_in_1|       pointer|
|sparse_arr_hash_in_1_fifo_cap        |   in|    2|     ap_fifo|                                                sparse_arr_hash_in_1|       pointer|
|sparse_arr_hash_in_1_empty_n         |   in|    1|     ap_fifo|                                                sparse_arr_hash_in_1|       pointer|
|sparse_arr_hash_in_1_read            |  out|    1|     ap_fifo|                                                sparse_arr_hash_in_1|       pointer|
|sparse_arr_hash_in_2_dout            |   in|    4|     ap_fifo|                                                sparse_arr_hash_in_2|       pointer|
|sparse_arr_hash_in_2_num_data_valid  |   in|    2|     ap_fifo|                                                sparse_arr_hash_in_2|       pointer|
|sparse_arr_hash_in_2_fifo_cap        |   in|    2|     ap_fifo|                                                sparse_arr_hash_in_2|       pointer|
|sparse_arr_hash_in_2_empty_n         |   in|    1|     ap_fifo|                                                sparse_arr_hash_in_2|       pointer|
|sparse_arr_hash_in_2_read            |  out|    1|     ap_fifo|                                                sparse_arr_hash_in_2|       pointer|
|sparse_arr_hash_in_3_dout            |   in|    4|     ap_fifo|                                                sparse_arr_hash_in_3|       pointer|
|sparse_arr_hash_in_3_num_data_valid  |   in|    2|     ap_fifo|                                                sparse_arr_hash_in_3|       pointer|
|sparse_arr_hash_in_3_fifo_cap        |   in|    2|     ap_fifo|                                                sparse_arr_hash_in_3|       pointer|
|sparse_arr_hash_in_3_empty_n         |   in|    1|     ap_fifo|                                                sparse_arr_hash_in_3|       pointer|
|sparse_arr_hash_in_3_read            |  out|    1|     ap_fifo|                                                sparse_arr_hash_in_3|       pointer|
|sparse_arr_hash_in_4_dout            |   in|    4|     ap_fifo|                                                sparse_arr_hash_in_4|       pointer|
|sparse_arr_hash_in_4_num_data_valid  |   in|    2|     ap_fifo|                                                sparse_arr_hash_in_4|       pointer|
|sparse_arr_hash_in_4_fifo_cap        |   in|    2|     ap_fifo|                                                sparse_arr_hash_in_4|       pointer|
|sparse_arr_hash_in_4_empty_n         |   in|    1|     ap_fifo|                                                sparse_arr_hash_in_4|       pointer|
|sparse_arr_hash_in_4_read            |  out|    1|     ap_fifo|                                                sparse_arr_hash_in_4|       pointer|
|sparse_arr_hash_in_5_dout            |   in|    4|     ap_fifo|                                                sparse_arr_hash_in_5|       pointer|
|sparse_arr_hash_in_5_num_data_valid  |   in|    2|     ap_fifo|                                                sparse_arr_hash_in_5|       pointer|
|sparse_arr_hash_in_5_fifo_cap        |   in|    2|     ap_fifo|                                                sparse_arr_hash_in_5|       pointer|
|sparse_arr_hash_in_5_empty_n         |   in|    1|     ap_fifo|                                                sparse_arr_hash_in_5|       pointer|
|sparse_arr_hash_in_5_read            |  out|    1|     ap_fifo|                                                sparse_arr_hash_in_5|       pointer|
|sparse_arr_hash_in_6_dout            |   in|    4|     ap_fifo|                                                sparse_arr_hash_in_6|       pointer|
|sparse_arr_hash_in_6_num_data_valid  |   in|    2|     ap_fifo|                                                sparse_arr_hash_in_6|       pointer|
|sparse_arr_hash_in_6_fifo_cap        |   in|    2|     ap_fifo|                                                sparse_arr_hash_in_6|       pointer|
|sparse_arr_hash_in_6_empty_n         |   in|    1|     ap_fifo|                                                sparse_arr_hash_in_6|       pointer|
|sparse_arr_hash_in_6_read            |  out|    1|     ap_fifo|                                                sparse_arr_hash_in_6|       pointer|
|sparse_arr_hash_in_7_dout            |   in|    4|     ap_fifo|                                                sparse_arr_hash_in_7|       pointer|
|sparse_arr_hash_in_7_num_data_valid  |   in|    2|     ap_fifo|                                                sparse_arr_hash_in_7|       pointer|
|sparse_arr_hash_in_7_fifo_cap        |   in|    2|     ap_fifo|                                                sparse_arr_hash_in_7|       pointer|
|sparse_arr_hash_in_7_empty_n         |   in|    1|     ap_fifo|                                                sparse_arr_hash_in_7|       pointer|
|sparse_arr_hash_in_7_read            |  out|    1|     ap_fifo|                                                sparse_arr_hash_in_7|       pointer|
|sparse_arr_hash_in_8_dout            |   in|    4|     ap_fifo|                                                sparse_arr_hash_in_8|       pointer|
|sparse_arr_hash_in_8_num_data_valid  |   in|    2|     ap_fifo|                                                sparse_arr_hash_in_8|       pointer|
|sparse_arr_hash_in_8_fifo_cap        |   in|    2|     ap_fifo|                                                sparse_arr_hash_in_8|       pointer|
|sparse_arr_hash_in_8_empty_n         |   in|    1|     ap_fifo|                                                sparse_arr_hash_in_8|       pointer|
|sparse_arr_hash_in_8_read            |  out|    1|     ap_fifo|                                                sparse_arr_hash_in_8|       pointer|
|sparse_arr_hash_in_9_dout            |   in|    4|     ap_fifo|                                                sparse_arr_hash_in_9|       pointer|
|sparse_arr_hash_in_9_num_data_valid  |   in|    2|     ap_fifo|                                                sparse_arr_hash_in_9|       pointer|
|sparse_arr_hash_in_9_fifo_cap        |   in|    2|     ap_fifo|                                                sparse_arr_hash_in_9|       pointer|
|sparse_arr_hash_in_9_empty_n         |   in|    1|     ap_fifo|                                                sparse_arr_hash_in_9|       pointer|
|sparse_arr_hash_in_9_read            |  out|    1|     ap_fifo|                                                sparse_arr_hash_in_9|       pointer|
+-------------------------------------+-----+-----+------------+--------------------------------------------------------------------+--------------+

