

================================================================
== Vitis HLS Report for 'shift_line_buffer_array_ap_ufixed_8_0_4_0_0_3u_config9_s'
================================================================
* Date:           Fri Jul 18 02:22:16 2025

* Version:        2023.2 (Build 4023990 on Oct 11 2023)
* Project:        myhls_prj
* Solution:       solution1 (Vivado IP Flow Target)
* Product family: virtexuplus
* Target device:  xcu250-figd2104-2L-e


================================================================
== Performance Estimates
================================================================
+ Timing: 
    * Summary: 
    +--------+---------+----------+------------+
    |  Clock |  Target | Estimated| Uncertainty|
    +--------+---------+----------+------------+
    |ap_clk  |  5.00 ns|  0.611 ns|     1.35 ns|
    +--------+---------+----------+------------+

+ Latency: 
    * Summary: 
    +---------+---------+----------+----------+-----+-----+---------+
    |  Latency (cycles) |  Latency (absolute) |  Interval | Pipeline|
    |   min   |   max   |    min   |    max   | min | max |   Type  |
    +---------+---------+----------+----------+-----+-----+---------+
    |        0|        0|      0 ns|      0 ns|    1|    1|      yes|
    +---------+---------+----------+----------+-----+-----+---------+

    + Detail: 
        * Instance: 
        N/A

        * Loop: 
        N/A



================================================================
== Utilization Estimates
================================================================
* Summary: 
+---------------------+---------+-------+---------+---------+------+
|         Name        | BRAM_18K|  DSP  |    FF   |   LUT   | URAM |
+---------------------+---------+-------+---------+---------+------+
|DSP                  |        -|      -|        -|        -|     -|
|Expression           |        -|      -|        -|        -|     -|
|FIFO                 |        -|      -|        -|        -|     -|
|Instance             |        -|      -|        -|        -|     -|
|Memory               |        -|      -|      192|       96|     -|
|Multiplexer          |        -|      -|        -|       54|     -|
|Register             |        -|      -|        1|        -|     -|
+---------------------+---------+-------+---------+---------+------+
|Total                |        0|      0|      193|      150|     0|
+---------------------+---------+-------+---------+---------+------+
|Available SLR        |     1344|   3072|   864000|   432000|   320|
+---------------------+---------+-------+---------+---------+------+
|Utilization SLR (%)  |        0|      0|       ~0|       ~0|     0|
+---------------------+---------+-------+---------+---------+------+
|Available            |     5376|  12288|  3456000|  1728000|  1280|
+---------------------+---------+-------+---------+---------+------+
|Utilization (%)      |        0|      0|       ~0|       ~0|     0|
+---------------------+---------+-------+---------+---------+------+

+ Detail: 
    * Instance: 
    N/A

    * DSP: 
    N/A

    * Memory: 
    +----------------------------------------------------------------------+----------------------------------------------------------------------------------+---------+----+----+-----+------+-----+------+-------------+
    |                                Memory                                |                                      Module                                      | BRAM_18K| FF | LUT| URAM| Words| Bits| Banks| W*Bits*Banks|
    +----------------------------------------------------------------------+----------------------------------------------------------------------------------+---------+----+----+-----+------+-----+------+-------------+
    |void_pooling2d_cl_stream_stream_array_ap_ufixed_3u_0_line_buffer_2_U  |shift_line_buffer_array_ap_ufixed_8_0_4_0_0_3u_config9_s_void_pooling2d_cl_stibs  |        0|  64|  32|    0|    10|    8|     1|           80|
    |void_pooling2d_cl_stream_stream_array_ap_ufixed_3u_0_line_buffer_1_U  |shift_line_buffer_array_ap_ufixed_8_0_4_0_0_3u_config9_s_void_pooling2d_cl_stibs  |        0|  64|  32|    0|    10|    8|     1|           80|
    |void_pooling2d_cl_stream_stream_array_ap_ufixed_3u_0_line_buffer_U    |shift_line_buffer_array_ap_ufixed_8_0_4_0_0_3u_config9_s_void_pooling2d_cl_stibs  |        0|  64|  32|    0|    10|    8|     1|           80|
    +----------------------------------------------------------------------+----------------------------------------------------------------------------------+---------+----+----+-----+------+-----+------+-------------+
    |Total                                                                 |                                                                                  |        0| 192|  96|    0|    30|   24|     3|          240|
    +----------------------------------------------------------------------+----------------------------------------------------------------------------------+---------+----+----+-----+------+-----+------+-------------+

    * FIFO: 
    N/A

    * Expression: 
    N/A

    * Multiplexer: 
    +---------------------------------------------------------------------------------------+----+-----------+-----+-----------+
    |                                          Name                                         | LUT| Input Size| Bits| Total Bits|
    +---------------------------------------------------------------------------------------+----+-----------+-----+-----------+
    |p_ZZN4nnet22compute_pool_buffer_2dINS_5arrayI9ap_ufixedILi8ELi0EL9ap_q_mode4EL9ap_1_o  |   9|          2|    8|         16|
    |p_ZZN4nnet22compute_pool_buffer_2dINS_5arrayI9ap_ufixedILi8ELi0EL9ap_q_mode4EL9ap_o    |   9|          2|    8|         16|
    |void_compute_pool_buffer_2d_array_const_ap_shift_reg_n_filt_stream_kernel_2_o          |   9|          2|    8|         16|
    |void_compute_pool_buffer_2d_array_const_ap_shift_reg_n_filt_stream_kernel_3_o          |   9|          2|    8|         16|
    |void_compute_pool_buffer_2d_array_const_ap_shift_reg_n_filt_stream_kernel_4_o          |   9|          2|    8|         16|
    |void_compute_pool_buffer_2d_array_const_ap_shift_reg_n_filt_stream_kernel_7_o          |   9|          2|    8|         16|
    +---------------------------------------------------------------------------------------+----+-----------+-----+-----------+
    |Total                                                                                  |  54|         12|   48|         96|
    +---------------------------------------------------------------------------------------+----+-----------+-----+-----------+

    * Register: 
    +-----------+---+----+-----+-----------+
    |    Name   | FF| LUT| Bits| Const Bits|
    +-----------+---+----+-----+-----------+
    |ap_CS_fsm  |  1|   0|    1|          0|
    +-----------+---+----+-----+-----------+
    |Total      |  1|   0|    1|          0|
    +-----------+---+----+-----+-----------+



================================================================
== Interface
================================================================
* Summary: 
+----------------------------------------------------------------------------------------------+-----+-----+------------+-------------------------------------------------------------------------------------+--------------+
|                                           RTL Ports                                          | Dir | Bits|  Protocol  |                                    Source Object                                    |    C Type    |
+----------------------------------------------------------------------------------------------+-----+-----+------------+-------------------------------------------------------------------------------------+--------------+
|ap_clk                                                                                        |   in|    1|  ap_ctrl_hs|                      shift_line_buffer<array<ap_ufixed<8, 0, 4, 0, 0>, 3u>, config9>|  return value|
|ap_rst                                                                                        |   in|    1|  ap_ctrl_hs|                      shift_line_buffer<array<ap_ufixed<8, 0, 4, 0, 0>, 3u>, config9>|  return value|
|ap_start                                                                                      |   in|    1|  ap_ctrl_hs|                      shift_line_buffer<array<ap_ufixed<8, 0, 4, 0, 0>, 3u>, config9>|  return value|
|ap_done                                                                                       |  out|    1|  ap_ctrl_hs|                      shift_line_buffer<array<ap_ufixed<8, 0, 4, 0, 0>, 3u>, config9>|  return value|
|ap_idle                                                                                       |  out|    1|  ap_ctrl_hs|                      shift_line_buffer<array<ap_ufixed<8, 0, 4, 0, 0>, 3u>, config9>|  return value|
|ap_ready                                                                                      |  out|    1|  ap_ctrl_hs|                      shift_line_buffer<array<ap_ufixed<8, 0, 4, 0, 0>, 3u>, config9>|  return value|
|ap_ce                                                                                         |   in|    1|  ap_ctrl_hs|                      shift_line_buffer<array<ap_ufixed<8, 0, 4, 0, 0>, 3u>, config9>|  return value|
|in_elem_0_0_0_0_0_val                                                                         |   in|    8|     ap_none|                                                                in_elem_0_0_0_0_0_val|        scalar|
|in_elem_0_1_0_0_0_val                                                                         |   in|    8|     ap_none|                                                                in_elem_0_1_0_0_0_val|        scalar|
|in_elem_0_2_0_0_0_val                                                                         |   in|    8|     ap_none|                                                                in_elem_0_2_0_0_0_val|        scalar|
|void_compute_pool_buffer_2d_array_const_ap_shift_reg_n_filt_stream_kernel_4_i                 |   in|    8|     ap_ovld|          void_compute_pool_buffer_2d_array_const_ap_shift_reg_n_filt_stream_kernel_4|       pointer|
|void_compute_pool_buffer_2d_array_const_ap_shift_reg_n_filt_stream_kernel_4_o                 |  out|    8|     ap_ovld|          void_compute_pool_buffer_2d_array_const_ap_shift_reg_n_filt_stream_kernel_4|       pointer|
|void_compute_pool_buffer_2d_array_const_ap_shift_reg_n_filt_stream_kernel_4_o_ap_vld          |  out|    1|     ap_ovld|          void_compute_pool_buffer_2d_array_const_ap_shift_reg_n_filt_stream_kernel_4|       pointer|
|void_compute_pool_buffer_2d_array_const_ap_shift_reg_n_filt_stream_kernel_9                   |  out|    8|      ap_vld|          void_compute_pool_buffer_2d_array_const_ap_shift_reg_n_filt_stream_kernel_9|       pointer|
|void_compute_pool_buffer_2d_array_const_ap_shift_reg_n_filt_stream_kernel_9_ap_vld            |  out|    1|      ap_vld|          void_compute_pool_buffer_2d_array_const_ap_shift_reg_n_filt_stream_kernel_9|       pointer|
|void_compute_pool_buffer_2d_array_const_ap_shift_reg_n_filt_stream_kernel_3_i                 |   in|    8|     ap_ovld|          void_compute_pool_buffer_2d_array_const_ap_shift_reg_n_filt_stream_kernel_3|       pointer|
|void_compute_pool_buffer_2d_array_const_ap_shift_reg_n_filt_stream_kernel_3_o                 |  out|    8|     ap_ovld|          void_compute_pool_buffer_2d_array_const_ap_shift_reg_n_filt_stream_kernel_3|       pointer|
|void_compute_pool_buffer_2d_array_const_ap_shift_reg_n_filt_stream_kernel_3_o_ap_vld          |  out|    1|     ap_ovld|          void_compute_pool_buffer_2d_array_const_ap_shift_reg_n_filt_stream_kernel_3|       pointer|
|void_compute_pool_buffer_2d_array_const_ap_shift_reg_n_filt_stream_kernel_6                   |  out|    8|      ap_vld|          void_compute_pool_buffer_2d_array_const_ap_shift_reg_n_filt_stream_kernel_6|       pointer|
|void_compute_pool_buffer_2d_array_const_ap_shift_reg_n_filt_stream_kernel_6_ap_vld            |  out|    1|      ap_vld|          void_compute_pool_buffer_2d_array_const_ap_shift_reg_n_filt_stream_kernel_6|       pointer|
|void_compute_pool_buffer_2d_array_const_ap_shift_reg_n_filt_stream_kernel_2_i                 |   in|    8|     ap_ovld|          void_compute_pool_buffer_2d_array_const_ap_shift_reg_n_filt_stream_kernel_2|       pointer|
|void_compute_pool_buffer_2d_array_const_ap_shift_reg_n_filt_stream_kernel_2_o                 |  out|    8|     ap_ovld|          void_compute_pool_buffer_2d_array_const_ap_shift_reg_n_filt_stream_kernel_2|       pointer|
|void_compute_pool_buffer_2d_array_const_ap_shift_reg_n_filt_stream_kernel_2_o_ap_vld          |  out|    1|     ap_ovld|          void_compute_pool_buffer_2d_array_const_ap_shift_reg_n_filt_stream_kernel_2|       pointer|
|void_compute_pool_buffer_2d_array_const_ap_shift_reg_n_filt_stream_kernel_5                   |  out|    8|      ap_vld|          void_compute_pool_buffer_2d_array_const_ap_shift_reg_n_filt_stream_kernel_5|       pointer|
|void_compute_pool_buffer_2d_array_const_ap_shift_reg_n_filt_stream_kernel_5_ap_vld            |  out|    1|      ap_vld|          void_compute_pool_buffer_2d_array_const_ap_shift_reg_n_filt_stream_kernel_5|       pointer|
|void_compute_pool_buffer_2d_array_const_ap_shift_reg_n_filt_stream_kernel_7_i                 |   in|    8|     ap_ovld|          void_compute_pool_buffer_2d_array_const_ap_shift_reg_n_filt_stream_kernel_7|       pointer|
|void_compute_pool_buffer_2d_array_const_ap_shift_reg_n_filt_stream_kernel_7_o                 |  out|    8|     ap_ovld|          void_compute_pool_buffer_2d_array_const_ap_shift_reg_n_filt_stream_kernel_7|       pointer|
|void_compute_pool_buffer_2d_array_const_ap_shift_reg_n_filt_stream_kernel_7_o_ap_vld          |  out|    1|     ap_ovld|          void_compute_pool_buffer_2d_array_const_ap_shift_reg_n_filt_stream_kernel_7|       pointer|
|void_compute_pool_buffer_2d_array_const_ap_shift_reg_n_filt_stream_kernel_1                   |  out|    8|      ap_vld|          void_compute_pool_buffer_2d_array_const_ap_shift_reg_n_filt_stream_kernel_1|       pointer|
|void_compute_pool_buffer_2d_array_const_ap_shift_reg_n_filt_stream_kernel_1_ap_vld            |  out|    1|      ap_vld|          void_compute_pool_buffer_2d_array_const_ap_shift_reg_n_filt_stream_kernel_1|       pointer|
|p_ZZN4nnet22compute_pool_buffer_2dINS_5arrayI9ap_ufixedILi8ELi0EL9ap_q_mode4EL9ap_1_i         |   in|    8|     ap_ovld|  p_ZZN4nnet22compute_pool_buffer_2dINS_5arrayI9ap_ufixedILi8ELi0EL9ap_q_mode4EL9ap_1|       pointer|
|p_ZZN4nnet22compute_pool_buffer_2dINS_5arrayI9ap_ufixedILi8ELi0EL9ap_q_mode4EL9ap_1_o         |  out|    8|     ap_ovld|  p_ZZN4nnet22compute_pool_buffer_2dINS_5arrayI9ap_ufixedILi8ELi0EL9ap_q_mode4EL9ap_1|       pointer|
|p_ZZN4nnet22compute_pool_buffer_2dINS_5arrayI9ap_ufixedILi8ELi0EL9ap_q_mode4EL9ap_1_o_ap_vld  |  out|    1|     ap_ovld|  p_ZZN4nnet22compute_pool_buffer_2dINS_5arrayI9ap_ufixedILi8ELi0EL9ap_q_mode4EL9ap_1|       pointer|
|void_compute_pool_buffer_2d_array_const_ap_shift_reg_n_filt_stream_kernel                     |  out|    8|      ap_vld|            void_compute_pool_buffer_2d_array_const_ap_shift_reg_n_filt_stream_kernel|       pointer|
|void_compute_pool_buffer_2d_array_const_ap_shift_reg_n_filt_stream_kernel_ap_vld              |  out|    1|      ap_vld|            void_compute_pool_buffer_2d_array_const_ap_shift_reg_n_filt_stream_kernel|       pointer|
|p_ZZN4nnet22compute_pool_buffer_2dINS_5arrayI9ap_ufixedILi8ELi0EL9ap_q_mode4EL9ap_i           |   in|    8|     ap_ovld|    p_ZZN4nnet22compute_pool_buffer_2dINS_5arrayI9ap_ufixedILi8ELi0EL9ap_q_mode4EL9ap|       pointer|
|p_ZZN4nnet22compute_pool_buffer_2dINS_5arrayI9ap_ufixedILi8ELi0EL9ap_q_mode4EL9ap_o           |  out|    8|     ap_ovld|    p_ZZN4nnet22compute_pool_buffer_2dINS_5arrayI9ap_ufixedILi8ELi0EL9ap_q_mode4EL9ap|       pointer|
|p_ZZN4nnet22compute_pool_buffer_2dINS_5arrayI9ap_ufixedILi8ELi0EL9ap_q_mode4EL9ap_o_ap_vld    |  out|    1|     ap_ovld|    p_ZZN4nnet22compute_pool_buffer_2dINS_5arrayI9ap_ufixedILi8ELi0EL9ap_q_mode4EL9ap|       pointer|
|void_compute_pool_buffer_2d_array_const_ap_shift_reg_n_filt_stream_kernel_8                   |  out|    8|      ap_vld|          void_compute_pool_buffer_2d_array_const_ap_shift_reg_n_filt_stream_kernel_8|       pointer|
|void_compute_pool_buffer_2d_array_const_ap_shift_reg_n_filt_stream_kernel_8_ap_vld            |  out|    1|      ap_vld|          void_compute_pool_buffer_2d_array_const_ap_shift_reg_n_filt_stream_kernel_8|       pointer|
+----------------------------------------------------------------------------------------------+-----+-----+------------+-------------------------------------------------------------------------------------+--------------+

